ARM GAS  /tmp/cc8ILLLh.s 			page 1


   1              		.syntax unified
   2              		.cpu cortex-m3
   3              		.fpu softvfp
   4              		.eabi_attribute 20, 1
   5              		.eabi_attribute 21, 1
   6              		.eabi_attribute 23, 3
   7              		.eabi_attribute 24, 1
   8              		.eabi_attribute 25, 1
   9              		.eabi_attribute 26, 1
  10              		.eabi_attribute 30, 4
  11              		.eabi_attribute 18, 4
  12              		.thumb
  13              		.file	"board.c"
  14              		.section	.debug_abbrev,"",%progbits
  15              	.Ldebug_abbrev0:
  16              		.section	.debug_info,"",%progbits
  17              	.Ldebug_info0:
  18              		.section	.debug_line,"",%progbits
  19              	.Ldebug_line0:
  20 0000 3E010000 		.text
  20      02001701 
  20      00000201 
  20      FB0E0D00 
  20      01010101 
  21              	.Ltext0:
  22              		.cfi_sections	.debug_frame
  23              		.section	.text.__early_init,"ax",%progbits
  24              		.align	1
  25              		.global	__early_init
  26              		.thumb
  27              		.thumb_func
  28              		.type	__early_init, %function
  29              	__early_init:
  30              	.LFB55:
  31              		.file 1 "./BOARD/board.c"
  32              		.loc 1 52 0
  33              		.cfi_startproc
  34              		@ args = 0, pretend = 0, frame = 0
  35              		@ frame_needed = 0, uses_anonymous_args = 0
  36              		@ link register save eliminated.
  37              		.loc 1 55 0
  38              		.loc 1 54 0
  39 0000 FFF7FEBF 		b	stm32_clock_init
  40              		.cfi_endproc
  41              	.LFE55:
  42              		.size	__early_init, .-__early_init
  43              		.section	.text.boardInit,"ax",%progbits
  44              		.align	1
  45              		.global	boardInit
  46              		.thumb
  47              		.thumb_func
  48              		.type	boardInit, %function
  49              	boardInit:
  50              	.LFB56:
  51              		.loc 1 60 0
  52              		.cfi_startproc
  53              		@ args = 0, pretend = 0, frame = 0
ARM GAS  /tmp/cc8ILLLh.s 			page 2


  54              		@ frame_needed = 0, uses_anonymous_args = 0
  55              		@ link register save eliminated.
  56              		.loc 1 61 0
  57 0000 7047     		bx	lr
  58              		.cfi_endproc
  59              	.LFE56:
  60              		.size	boardInit, .-boardInit
  61              		.global	pal_default_config
  62              		.section	.rodata.pal_default_config,"a",%progbits
  63              		.align	2
  64              		.type	pal_default_config, %object
  65              		.size	pal_default_config, 60
  66              	pal_default_config:
  67 0000 FFFFFFFF 		.word	-1
  68 0004 844B8888 		.word	-2004333692
  69 0008 88888888 		.word	-2004318072
  70 000c FFFFFFFF 		.word	-1
  71 0010 88888888 		.word	-2004318072
  72 0014 8888B8B4 		.word	-1262974840
  73 0018 FFFFFFFF 		.word	-1
  74 001c 88888444 		.word	1149536392
  75 0020 88338388 		.word	-2004667512
  76 0024 FFFFFFFF 		.word	-1
  77 0028 44888888 		.word	-2004318140
  78 002c 88888888 		.word	-2004318072
  79 0030 FFFFFFFF 		.word	-1
  80 0034 88888888 		.word	-2004318072
  81 0038 88888888 		.word	-2004318072
  82              		.text
  83              	.Letext0:
  84              		.file 2 "/home/z80/programs/code-sourcery/2011.03-42/bin/../lib/gcc/arm-none-eabi/4.5.2/../../../.
  85              		.file 3 "../chibios/os/hal/platforms/STM32/GPIOv1/pal_lld.h"
  86              		.file 4 "../chibios/os/ports/common/ARMCMx/CMSIS/include/core_cm3.h"
  87              		.section	.debug_info
  88 0000 81010000 		.4byte	0x181
  89 0004 0200     		.2byte	0x2
  90 0006 00000000 		.4byte	.Ldebug_abbrev0
  91 000a 04       		.byte	0x4
  92 000b 01       		.uleb128 0x1
  93 000c 15000000 		.4byte	.LASF23
  94 0010 01       		.byte	0x1
  95 0011 49010000 		.4byte	.LASF24
  96 0015 37000000 		.4byte	.LASF25
  97 0019 00000000 		.4byte	0x0
  98 001d 00000000 		.4byte	0x0
  99 0021 00000000 		.4byte	.Ldebug_ranges0+0x0
 100 0025 00000000 		.4byte	.Ldebug_line0
 101 0029 02       		.uleb128 0x2
 102 002a 04       		.byte	0x4
 103 002b 05       		.byte	0x5
 104 002c 696E7400 		.ascii	"int\000"
 105 0030 03       		.uleb128 0x3
 106 0031 04       		.byte	0x4
 107 0032 07       		.byte	0x7
 108 0033 21000000 		.4byte	.LASF0
 109 0037 03       		.uleb128 0x3
 110 0038 01       		.byte	0x1
ARM GAS  /tmp/cc8ILLLh.s 			page 3


 111 0039 06       		.byte	0x6
 112 003a 1D010000 		.4byte	.LASF1
 113 003e 03       		.uleb128 0x3
 114 003f 01       		.byte	0x1
 115 0040 08       		.byte	0x8
 116 0041 C7000000 		.4byte	.LASF2
 117 0045 03       		.uleb128 0x3
 118 0046 02       		.byte	0x2
 119 0047 05       		.byte	0x5
 120 0048 37010000 		.4byte	.LASF3
 121 004c 03       		.uleb128 0x3
 122 004d 02       		.byte	0x2
 123 004e 07       		.byte	0x7
 124 004f B4000000 		.4byte	.LASF4
 125 0053 04       		.uleb128 0x4
 126 0054 41010000 		.4byte	.LASF6
 127 0058 02       		.byte	0x2
 128 0059 4F       		.byte	0x4f
 129 005a 5E000000 		.4byte	0x5e
 130 005e 03       		.uleb128 0x3
 131 005f 04       		.byte	0x4
 132 0060 05       		.byte	0x5
 133 0061 E1000000 		.4byte	.LASF5
 134 0065 04       		.uleb128 0x4
 135 0066 2E000000 		.4byte	.LASF7
 136 006a 02       		.byte	0x2
 137 006b 50       		.byte	0x50
 138 006c 70000000 		.4byte	0x70
 139 0070 03       		.uleb128 0x3
 140 0071 04       		.byte	0x4
 141 0072 07       		.byte	0x7
 142 0073 84000000 		.4byte	.LASF8
 143 0077 03       		.uleb128 0x3
 144 0078 08       		.byte	0x8
 145 0079 05       		.byte	0x5
 146 007a 00000000 		.4byte	.LASF9
 147 007e 03       		.uleb128 0x3
 148 007f 08       		.byte	0x8
 149 0080 07       		.byte	0x7
 150 0081 9D000000 		.4byte	.LASF10
 151 0085 03       		.uleb128 0x3
 152 0086 01       		.byte	0x1
 153 0087 08       		.byte	0x8
 154 0088 D5000000 		.4byte	.LASF11
 155 008c 05       		.uleb128 0x5
 156 008d 53000000 		.4byte	0x53
 157 0091 06       		.uleb128 0x6
 158 0092 0C       		.byte	0xc
 159 0093 03       		.byte	0x3
 160 0094 43       		.byte	0x43
 161 0095 C4000000 		.4byte	0xc4
 162 0099 07       		.uleb128 0x7
 163 009a 6F647200 		.ascii	"odr\000"
 164 009e 03       		.byte	0x3
 165 009f 45       		.byte	0x45
 166 00a0 65000000 		.4byte	0x65
 167 00a4 02       		.byte	0x2
ARM GAS  /tmp/cc8ILLLh.s 			page 4


 168 00a5 23       		.byte	0x23
 169 00a6 00       		.uleb128 0x0
 170 00a7 07       		.uleb128 0x7
 171 00a8 63726C00 		.ascii	"crl\000"
 172 00ac 03       		.byte	0x3
 173 00ad 47       		.byte	0x47
 174 00ae 65000000 		.4byte	0x65
 175 00b2 02       		.byte	0x2
 176 00b3 23       		.byte	0x23
 177 00b4 04       		.uleb128 0x4
 178 00b5 07       		.uleb128 0x7
 179 00b6 63726800 		.ascii	"crh\000"
 180 00ba 03       		.byte	0x3
 181 00bb 49       		.byte	0x49
 182 00bc 65000000 		.4byte	0x65
 183 00c0 02       		.byte	0x2
 184 00c1 23       		.byte	0x23
 185 00c2 08       		.uleb128 0x8
 186 00c3 00       		.byte	0x0
 187 00c4 04       		.uleb128 0x4
 188 00c5 FD000000 		.4byte	.LASF12
 189 00c9 03       		.byte	0x3
 190 00ca 4A       		.byte	0x4a
 191 00cb 91000000 		.4byte	0x91
 192 00cf 06       		.uleb128 0x6
 193 00d0 3C       		.byte	0x3c
 194 00d1 03       		.byte	0x3
 195 00d2 53       		.byte	0x53
 196 00d3 1E010000 		.4byte	0x11e
 197 00d7 08       		.uleb128 0x8
 198 00d8 29010000 		.4byte	.LASF13
 199 00dc 03       		.byte	0x3
 200 00dd 55       		.byte	0x55
 201 00de C4000000 		.4byte	0xc4
 202 00e2 02       		.byte	0x2
 203 00e3 23       		.byte	0x23
 204 00e4 00       		.uleb128 0x0
 205 00e5 08       		.uleb128 0x8
 206 00e6 96000000 		.4byte	.LASF14
 207 00ea 03       		.byte	0x3
 208 00eb 57       		.byte	0x57
 209 00ec C4000000 		.4byte	0xc4
 210 00f0 02       		.byte	0x2
 211 00f1 23       		.byte	0x23
 212 00f2 0C       		.uleb128 0xc
 213 00f3 08       		.uleb128 0x8
 214 00f4 DA000000 		.4byte	.LASF15
 215 00f8 03       		.byte	0x3
 216 00f9 59       		.byte	0x59
 217 00fa C4000000 		.4byte	0xc4
 218 00fe 02       		.byte	0x2
 219 00ff 23       		.byte	0x23
 220 0100 18       		.uleb128 0x18
 221 0101 08       		.uleb128 0x8
 222 0102 30010000 		.4byte	.LASF16
 223 0106 03       		.byte	0x3
 224 0107 5B       		.byte	0x5b
ARM GAS  /tmp/cc8ILLLh.s 			page 5


 225 0108 C4000000 		.4byte	0xc4
 226 010c 02       		.byte	0x2
 227 010d 23       		.byte	0x23
 228 010e 24       		.uleb128 0x24
 229 010f 08       		.uleb128 0x8
 230 0110 0E000000 		.4byte	.LASF17
 231 0114 03       		.byte	0x3
 232 0115 5E       		.byte	0x5e
 233 0116 C4000000 		.4byte	0xc4
 234 011a 02       		.byte	0x2
 235 011b 23       		.byte	0x23
 236 011c 30       		.uleb128 0x30
 237 011d 00       		.byte	0x0
 238 011e 04       		.uleb128 0x4
 239 011f 59010000 		.4byte	.LASF18
 240 0123 03       		.byte	0x3
 241 0124 68       		.byte	0x68
 242 0125 CF000000 		.4byte	0xcf
 243 0129 09       		.uleb128 0x9
 244 012a 01       		.byte	0x1
 245 012b 6D000000 		.4byte	.LASF19
 246 012f 01       		.byte	0x1
 247 0130 34       		.byte	0x34
 248 0131 01       		.byte	0x1
 249 0132 00000000 		.4byte	.LFB55
 250 0136 04000000 		.4byte	.LFE55
 251 013a 02       		.byte	0x2
 252 013b 7D       		.byte	0x7d
 253 013c 00       		.sleb128 0
 254 013d 09       		.uleb128 0x9
 255 013e 01       		.byte	0x1
 256 013f 7A000000 		.4byte	.LASF20
 257 0143 01       		.byte	0x1
 258 0144 3C       		.byte	0x3c
 259 0145 01       		.byte	0x1
 260 0146 00000000 		.4byte	.LFB56
 261 014a 02000000 		.4byte	.LFE56
 262 014e 02       		.byte	0x2
 263 014f 7D       		.byte	0x7d
 264 0150 00       		.sleb128 0
 265 0151 0A       		.uleb128 0xa
 266 0152 10010000 		.4byte	.LASF21
 267 0156 04       		.byte	0x4
 268 0157 9404     		.2byte	0x494
 269 0159 8C000000 		.4byte	0x8c
 270 015d 01       		.byte	0x1
 271 015e 01       		.byte	0x1
 272 015f 0A       		.uleb128 0xa
 273 0160 10010000 		.4byte	.LASF21
 274 0164 04       		.byte	0x4
 275 0165 9404     		.2byte	0x494
 276 0167 8C000000 		.4byte	0x8c
 277 016b 01       		.byte	0x1
 278 016c 01       		.byte	0x1
 279 016d 0B       		.uleb128 0xb
 280 016e EA000000 		.4byte	.LASF22
 281 0172 01       		.byte	0x1
ARM GAS  /tmp/cc8ILLLh.s 			page 6


 282 0173 25       		.byte	0x25
 283 0174 7F010000 		.4byte	0x17f
 284 0178 01       		.byte	0x1
 285 0179 05       		.byte	0x5
 286 017a 03       		.byte	0x3
 287 017b 00000000 		.4byte	pal_default_config
 288 017f 0C       		.uleb128 0xc
 289 0180 1E010000 		.4byte	0x11e
 290 0184 00       		.byte	0x0
 291              		.section	.debug_abbrev
 292 0000 01       		.uleb128 0x1
 293 0001 11       		.uleb128 0x11
 294 0002 01       		.byte	0x1
 295 0003 25       		.uleb128 0x25
 296 0004 0E       		.uleb128 0xe
 297 0005 13       		.uleb128 0x13
 298 0006 0B       		.uleb128 0xb
 299 0007 03       		.uleb128 0x3
 300 0008 0E       		.uleb128 0xe
 301 0009 1B       		.uleb128 0x1b
 302 000a 0E       		.uleb128 0xe
 303 000b 11       		.uleb128 0x11
 304 000c 01       		.uleb128 0x1
 305 000d 52       		.uleb128 0x52
 306 000e 01       		.uleb128 0x1
 307 000f 55       		.uleb128 0x55
 308 0010 06       		.uleb128 0x6
 309 0011 10       		.uleb128 0x10
 310 0012 06       		.uleb128 0x6
 311 0013 00       		.byte	0x0
 312 0014 00       		.byte	0x0
 313 0015 02       		.uleb128 0x2
 314 0016 24       		.uleb128 0x24
 315 0017 00       		.byte	0x0
 316 0018 0B       		.uleb128 0xb
 317 0019 0B       		.uleb128 0xb
 318 001a 3E       		.uleb128 0x3e
 319 001b 0B       		.uleb128 0xb
 320 001c 03       		.uleb128 0x3
 321 001d 08       		.uleb128 0x8
 322 001e 00       		.byte	0x0
 323 001f 00       		.byte	0x0
 324 0020 03       		.uleb128 0x3
 325 0021 24       		.uleb128 0x24
 326 0022 00       		.byte	0x0
 327 0023 0B       		.uleb128 0xb
 328 0024 0B       		.uleb128 0xb
 329 0025 3E       		.uleb128 0x3e
 330 0026 0B       		.uleb128 0xb
 331 0027 03       		.uleb128 0x3
 332 0028 0E       		.uleb128 0xe
 333 0029 00       		.byte	0x0
 334 002a 00       		.byte	0x0
 335 002b 04       		.uleb128 0x4
 336 002c 16       		.uleb128 0x16
 337 002d 00       		.byte	0x0
 338 002e 03       		.uleb128 0x3
ARM GAS  /tmp/cc8ILLLh.s 			page 7


 339 002f 0E       		.uleb128 0xe
 340 0030 3A       		.uleb128 0x3a
 341 0031 0B       		.uleb128 0xb
 342 0032 3B       		.uleb128 0x3b
 343 0033 0B       		.uleb128 0xb
 344 0034 49       		.uleb128 0x49
 345 0035 13       		.uleb128 0x13
 346 0036 00       		.byte	0x0
 347 0037 00       		.byte	0x0
 348 0038 05       		.uleb128 0x5
 349 0039 35       		.uleb128 0x35
 350 003a 00       		.byte	0x0
 351 003b 49       		.uleb128 0x49
 352 003c 13       		.uleb128 0x13
 353 003d 00       		.byte	0x0
 354 003e 00       		.byte	0x0
 355 003f 06       		.uleb128 0x6
 356 0040 13       		.uleb128 0x13
 357 0041 01       		.byte	0x1
 358 0042 0B       		.uleb128 0xb
 359 0043 0B       		.uleb128 0xb
 360 0044 3A       		.uleb128 0x3a
 361 0045 0B       		.uleb128 0xb
 362 0046 3B       		.uleb128 0x3b
 363 0047 0B       		.uleb128 0xb
 364 0048 01       		.uleb128 0x1
 365 0049 13       		.uleb128 0x13
 366 004a 00       		.byte	0x0
 367 004b 00       		.byte	0x0
 368 004c 07       		.uleb128 0x7
 369 004d 0D       		.uleb128 0xd
 370 004e 00       		.byte	0x0
 371 004f 03       		.uleb128 0x3
 372 0050 08       		.uleb128 0x8
 373 0051 3A       		.uleb128 0x3a
 374 0052 0B       		.uleb128 0xb
 375 0053 3B       		.uleb128 0x3b
 376 0054 0B       		.uleb128 0xb
 377 0055 49       		.uleb128 0x49
 378 0056 13       		.uleb128 0x13
 379 0057 38       		.uleb128 0x38
 380 0058 0A       		.uleb128 0xa
 381 0059 00       		.byte	0x0
 382 005a 00       		.byte	0x0
 383 005b 08       		.uleb128 0x8
 384 005c 0D       		.uleb128 0xd
 385 005d 00       		.byte	0x0
 386 005e 03       		.uleb128 0x3
 387 005f 0E       		.uleb128 0xe
 388 0060 3A       		.uleb128 0x3a
 389 0061 0B       		.uleb128 0xb
 390 0062 3B       		.uleb128 0x3b
 391 0063 0B       		.uleb128 0xb
 392 0064 49       		.uleb128 0x49
 393 0065 13       		.uleb128 0x13
 394 0066 38       		.uleb128 0x38
 395 0067 0A       		.uleb128 0xa
ARM GAS  /tmp/cc8ILLLh.s 			page 8


 396 0068 00       		.byte	0x0
 397 0069 00       		.byte	0x0
 398 006a 09       		.uleb128 0x9
 399 006b 2E       		.uleb128 0x2e
 400 006c 00       		.byte	0x0
 401 006d 3F       		.uleb128 0x3f
 402 006e 0C       		.uleb128 0xc
 403 006f 03       		.uleb128 0x3
 404 0070 0E       		.uleb128 0xe
 405 0071 3A       		.uleb128 0x3a
 406 0072 0B       		.uleb128 0xb
 407 0073 3B       		.uleb128 0x3b
 408 0074 0B       		.uleb128 0xb
 409 0075 27       		.uleb128 0x27
 410 0076 0C       		.uleb128 0xc
 411 0077 11       		.uleb128 0x11
 412 0078 01       		.uleb128 0x1
 413 0079 12       		.uleb128 0x12
 414 007a 01       		.uleb128 0x1
 415 007b 40       		.uleb128 0x40
 416 007c 0A       		.uleb128 0xa
 417 007d 00       		.byte	0x0
 418 007e 00       		.byte	0x0
 419 007f 0A       		.uleb128 0xa
 420 0080 34       		.uleb128 0x34
 421 0081 00       		.byte	0x0
 422 0082 03       		.uleb128 0x3
 423 0083 0E       		.uleb128 0xe
 424 0084 3A       		.uleb128 0x3a
 425 0085 0B       		.uleb128 0xb
 426 0086 3B       		.uleb128 0x3b
 427 0087 05       		.uleb128 0x5
 428 0088 49       		.uleb128 0x49
 429 0089 13       		.uleb128 0x13
 430 008a 3F       		.uleb128 0x3f
 431 008b 0C       		.uleb128 0xc
 432 008c 3C       		.uleb128 0x3c
 433 008d 0C       		.uleb128 0xc
 434 008e 00       		.byte	0x0
 435 008f 00       		.byte	0x0
 436 0090 0B       		.uleb128 0xb
 437 0091 34       		.uleb128 0x34
 438 0092 00       		.byte	0x0
 439 0093 03       		.uleb128 0x3
 440 0094 0E       		.uleb128 0xe
 441 0095 3A       		.uleb128 0x3a
 442 0096 0B       		.uleb128 0xb
 443 0097 3B       		.uleb128 0x3b
 444 0098 0B       		.uleb128 0xb
 445 0099 49       		.uleb128 0x49
 446 009a 13       		.uleb128 0x13
 447 009b 3F       		.uleb128 0x3f
 448 009c 0C       		.uleb128 0xc
 449 009d 02       		.uleb128 0x2
 450 009e 0A       		.uleb128 0xa
 451 009f 00       		.byte	0x0
 452 00a0 00       		.byte	0x0
ARM GAS  /tmp/cc8ILLLh.s 			page 9


 453 00a1 0C       		.uleb128 0xc
 454 00a2 26       		.uleb128 0x26
 455 00a3 00       		.byte	0x0
 456 00a4 49       		.uleb128 0x49
 457 00a5 13       		.uleb128 0x13
 458 00a6 00       		.byte	0x0
 459 00a7 00       		.byte	0x0
 460 00a8 00       		.byte	0x0
 461              		.section	.debug_pubnames,"",%progbits
 462 0000 44000000 		.4byte	0x44
 463 0004 0200     		.2byte	0x2
 464 0006 00000000 		.4byte	.Ldebug_info0
 465 000a 85010000 		.4byte	0x185
 466 000e 29010000 		.4byte	0x129
 467 0012 5F5F6561 		.ascii	"__early_init\000"
 467      726C795F 
 467      696E6974 
 467      00
 468 001f 3D010000 		.4byte	0x13d
 469 0023 626F6172 		.ascii	"boardInit\000"
 469      64496E69 
 469      7400
 470 002d 6D010000 		.4byte	0x16d
 471 0031 70616C5F 		.ascii	"pal_default_config\000"
 471      64656661 
 471      756C745F 
 471      636F6E66 
 471      696700
 472 0044 00000000 		.4byte	0x0
 473              		.section	.debug_pubtypes,"",%progbits
 474 0000 4C000000 		.4byte	0x4c
 475 0004 0200     		.2byte	0x2
 476 0006 00000000 		.4byte	.Ldebug_info0
 477 000a 85010000 		.4byte	0x185
 478 000e 53000000 		.4byte	0x53
 479 0012 696E7433 		.ascii	"int32_t\000"
 479      325F7400 
 480 001a 65000000 		.4byte	0x65
 481 001e 75696E74 		.ascii	"uint32_t\000"
 481      33325F74 
 481      00
 482 0027 C4000000 		.4byte	0xc4
 483 002b 73746D33 		.ascii	"stm32_gpio_setup_t\000"
 483      325F6770 
 483      696F5F73 
 483      65747570 
 483      5F7400
 484 003e 1E010000 		.4byte	0x11e
 485 0042 50414C43 		.ascii	"PALConfig\000"
 485      6F6E6669 
 485      6700
 486 004c 00000000 		.4byte	0x0
 487              		.section	.debug_aranges,"",%progbits
 488 0000 24000000 		.4byte	0x24
 489 0004 0200     		.2byte	0x2
 490 0006 00000000 		.4byte	.Ldebug_info0
 491 000a 04       		.byte	0x4
ARM GAS  /tmp/cc8ILLLh.s 			page 10


 492 000b 00       		.byte	0x0
 493 000c 0000     		.2byte	0x0
 494 000e 0000     		.2byte	0x0
 495 0010 00000000 		.4byte	.LFB55
 496 0014 04000000 		.4byte	.LFE55-.LFB55
 497 0018 00000000 		.4byte	.LFB56
 498 001c 02000000 		.4byte	.LFE56-.LFB56
 499 0020 00000000 		.4byte	0x0
 500 0024 00000000 		.4byte	0x0
 501              		.section	.debug_ranges,"",%progbits
 502              	.Ldebug_ranges0:
 503 0000 00000000 		.4byte	.LFB55
 504 0004 04000000 		.4byte	.LFE55
 505 0008 00000000 		.4byte	.LFB56
 506 000c 02000000 		.4byte	.LFE56
 507 0010 00000000 		.4byte	0x0
 508 0014 00000000 		.4byte	0x0
 509              		.section	.debug_str,"MS",%progbits,1
 510              	.LASF9:
 511 0000 6C6F6E67 		.ascii	"long long int\000"
 511      206C6F6E 
 511      6720696E 
 511      7400
 512              	.LASF17:
 513 000e 50454461 		.ascii	"PEData\000"
 513      746100
 514              	.LASF23:
 515 0015 474E5520 		.ascii	"GNU C 4.5.2\000"
 515      4320342E 
 515      352E3200 
 516              	.LASF0:
 517 0021 756E7369 		.ascii	"unsigned int\000"
 517      676E6564 
 517      20696E74 
 517      00
 518              	.LASF7:
 519 002e 75696E74 		.ascii	"uint32_t\000"
 519      33325F74 
 519      00
 520              	.LASF25:
 521 0037 2F686F6D 		.ascii	"/home/z80/projects/dfu.git/firmware-pawn-dev/firmwa"
 521      652F7A38 
 521      302F7072 
 521      6F6A6563 
 521      74732F64 
 522 006a 726500   		.ascii	"re\000"
 523              	.LASF19:
 524 006d 5F5F6561 		.ascii	"__early_init\000"
 524      726C795F 
 524      696E6974 
 524      00
 525              	.LASF20:
 526 007a 626F6172 		.ascii	"boardInit\000"
 526      64496E69 
 526      7400
 527              	.LASF8:
 528 0084 6C6F6E67 		.ascii	"long unsigned int\000"
ARM GAS  /tmp/cc8ILLLh.s 			page 11


 528      20756E73 
 528      69676E65 
 528      6420696E 
 528      7400
 529              	.LASF14:
 530 0096 50424461 		.ascii	"PBData\000"
 530      746100
 531              	.LASF10:
 532 009d 6C6F6E67 		.ascii	"long long unsigned int\000"
 532      206C6F6E 
 532      6720756E 
 532      7369676E 
 532      65642069 
 533              	.LASF4:
 534 00b4 73686F72 		.ascii	"short unsigned int\000"
 534      7420756E 
 534      7369676E 
 534      65642069 
 534      6E7400
 535              	.LASF2:
 536 00c7 756E7369 		.ascii	"unsigned char\000"
 536      676E6564 
 536      20636861 
 536      7200
 537              	.LASF11:
 538 00d5 63686172 		.ascii	"char\000"
 538      00
 539              	.LASF15:
 540 00da 50434461 		.ascii	"PCData\000"
 540      746100
 541              	.LASF5:
 542 00e1 6C6F6E67 		.ascii	"long int\000"
 542      20696E74 
 542      00
 543              	.LASF22:
 544 00ea 70616C5F 		.ascii	"pal_default_config\000"
 544      64656661 
 544      756C745F 
 544      636F6E66 
 544      696700
 545              	.LASF12:
 546 00fd 73746D33 		.ascii	"stm32_gpio_setup_t\000"
 546      325F6770 
 546      696F5F73 
 546      65747570 
 546      5F7400
 547              	.LASF21:
 548 0110 49544D5F 		.ascii	"ITM_RxBuffer\000"
 548      52784275 
 548      66666572 
 548      00
 549              	.LASF1:
 550 011d 7369676E 		.ascii	"signed char\000"
 550      65642063 
 550      68617200 
 551              	.LASF13:
 552 0129 50414461 		.ascii	"PAData\000"
ARM GAS  /tmp/cc8ILLLh.s 			page 12


 552      746100
 553              	.LASF16:
 554 0130 50444461 		.ascii	"PDData\000"
 554      746100
 555              	.LASF3:
 556 0137 73686F72 		.ascii	"short int\000"
 556      7420696E 
 556      7400
 557              	.LASF6:
 558 0141 696E7433 		.ascii	"int32_t\000"
 558      325F7400 
 559              	.LASF24:
 560 0149 2E2F424F 		.ascii	"./BOARD/board.c\000"
 560      4152442F 
 560      626F6172 
 560      642E6300 
 561              	.LASF18:
 562 0159 50414C43 		.ascii	"PALConfig\000"
 562      6F6E6669 
 562      6700
 563              		.ident	"GCC: (Sourcery G++ Lite 2011.03-42) 4.5.2"
ARM GAS  /tmp/cc8ILLLh.s 			page 13


DEFINED SYMBOLS
                            *ABS*:00000000 board.c
     /tmp/cc8ILLLh.s:24     .text.__early_init:00000000 $t
     /tmp/cc8ILLLh.s:29     .text.__early_init:00000000 __early_init
     /tmp/cc8ILLLh.s:44     .text.boardInit:00000000 $t
     /tmp/cc8ILLLh.s:49     .text.boardInit:00000000 boardInit
     /tmp/cc8ILLLh.s:66     .rodata.pal_default_config:00000000 pal_default_config
     /tmp/cc8ILLLh.s:63     .rodata.pal_default_config:00000000 $d
                     .debug_frame:00000010 $d

UNDEFINED SYMBOLS
stm32_clock_init
