ARM GAS  /tmp/ccDwwoLY.s 			page 1


   1              		.syntax unified
   2              		.cpu cortex-m3
   3              		.fpu softvfp
   4              		.eabi_attribute 20, 1
   5              		.eabi_attribute 21, 1
   6              		.eabi_attribute 23, 3
   7              		.eabi_attribute 24, 1
   8              		.eabi_attribute 25, 1
   9              		.eabi_attribute 26, 1
  10              		.eabi_attribute 30, 4
  11              		.eabi_attribute 18, 4
  12              		.thumb
  13              		.file	"chcond.c"
  14              		.section	.debug_abbrev,"",%progbits
  15              	.Ldebug_abbrev0:
  16              		.section	.debug_info,"",%progbits
  17              	.Ldebug_info0:
  18              		.section	.debug_line,"",%progbits
  19              	.Ldebug_line0:
  20 0000 66020000 		.text
  20      02004D01 
  20      00000201 
  20      FB0E0D00 
  20      01010101 
  21              	.Ltext0:
  22              		.cfi_sections	.debug_frame
  23              		.section	.text.chCondInit,"ax",%progbits
  24              		.align	1
  25              		.global	chCondInit
  26              		.thumb
  27              		.thumb_func
  28              		.type	chCondInit, %function
  29              	chCondInit:
  30              	.LFB0:
  31              		.file 1 "../chibios/os/kernel/src/chcond.c"
  32              		.loc 1 59 0
  33              		.cfi_startproc
  34              		@ args = 0, pretend = 0, frame = 0
  35              		@ frame_needed = 0, uses_anonymous_args = 0
  36              	.LVL0:
  37 0000 10B5     		push	{r4, lr}
  38              	.LCFI0:
  39              		.cfi_def_cfa_offset 8
  40              		.loc 1 61 0
  41 0002 0446     		mov	r4, r0
  42              		.cfi_offset 14, -4
  43              		.cfi_offset 4, -8
  44 0004 10B9     		cbnz	r0, .L2
  45              		.loc 1 61 0 is_stmt 0 discriminator 1
  46 0006 0348     		ldr	r0, .L3
  47              	.LVL1:
  48 0008 FFF7FEFF 		bl	chDbgPanic
  49              	.L2:
  50              		.loc 1 63 0 is_stmt 1
  51 000c 6460     		str	r4, [r4, #4]
  52 000e 2460     		str	r4, [r4, #0]
  53              		.loc 1 64 0
ARM GAS  /tmp/ccDwwoLY.s 			page 2


  54 0010 10BD     		pop	{r4, pc}
  55              	.L4:
  56 0012 00BF     		.align	2
  57              	.L3:
  58 0014 00000000 		.word	.LC0
  59              		.cfi_endproc
  60              	.LFE0:
  61              		.size	chCondInit, .-chCondInit
  62              		.section	.text.chCondSignal,"ax",%progbits
  63              		.align	1
  64              		.global	chCondSignal
  65              		.thumb
  66              		.thumb_func
  67              		.type	chCondSignal, %function
  68              	chCondSignal:
  69              	.LFB1:
  70              		.loc 1 73 0
  71              		.cfi_startproc
  72              		@ args = 0, pretend = 0, frame = 0
  73              		@ frame_needed = 0, uses_anonymous_args = 0
  74              	.LVL2:
  75 0000 10B5     		push	{r4, lr}
  76              	.LCFI1:
  77              		.cfi_def_cfa_offset 8
  78              		.loc 1 75 0
  79 0002 0446     		mov	r4, r0
  80              		.cfi_offset 14, -4
  81              		.cfi_offset 4, -8
  82 0004 10B9     		cbnz	r0, .L6
  83              		.loc 1 75 0 is_stmt 0 discriminator 1
  84 0006 0A48     		ldr	r0, .L8
  85              	.LVL3:
  86 0008 FFF7FEFF 		bl	chDbgPanic
  87              	.L6:
  88              		.loc 1 77 0 is_stmt 1
  89              	@ 77 "../chibios/os/kernel/src/chcond.c" 1
  90 000c FFF7FEFF 		bl      _port_lock
  91              	@ 0 "" 2
  92              		.thumb
  93 0010 FFF7FEFF 		bl	dbg_check_lock
  94              		.loc 1 78 0
  95 0014 2368     		ldr	r3, [r4, #0]
  96 0016 A342     		cmp	r3, r4
  97 0018 05D0     		beq	.L7
  98              		.loc 1 79 0
  99 001a 2046     		mov	r0, r4
 100 001c FFF7FEFF 		bl	fifo_remove
 101 0020 0021     		movs	r1, #0
 102 0022 FFF7FEFF 		bl	chSchWakeupS
 103              	.L7:
 104              		.loc 1 80 0
 105 0026 FFF7FEFF 		bl	dbg_check_unlock
 106              	@ 80 "../chibios/os/kernel/src/chcond.c" 1
 107 002a FFF7FEFF 		bl      _port_unlock
 108              	@ 0 "" 2
 109              		.loc 1 81 0
 110              		.thumb
ARM GAS  /tmp/ccDwwoLY.s 			page 3


 111 002e 10BD     		pop	{r4, pc}
 112              	.L9:
 113              		.align	2
 114              	.L8:
 115 0030 0F000000 		.word	.LC1
 116              		.cfi_endproc
 117              	.LFE1:
 118              		.size	chCondSignal, .-chCondSignal
 119              		.section	.text.chCondSignalI,"ax",%progbits
 120              		.align	1
 121              		.global	chCondSignalI
 122              		.thumb
 123              		.thumb_func
 124              		.type	chCondSignalI, %function
 125              	chCondSignalI:
 126              	.LFB2:
 127              		.loc 1 94 0
 128              		.cfi_startproc
 129              		@ args = 0, pretend = 0, frame = 0
 130              		@ frame_needed = 0, uses_anonymous_args = 0
 131              	.LVL4:
 132 0000 10B5     		push	{r4, lr}
 133              	.LCFI2:
 134              		.cfi_def_cfa_offset 8
 135              		.loc 1 94 0
 136 0002 0446     		mov	r4, r0
 137              		.cfi_offset 14, -4
 138              		.cfi_offset 4, -8
 139              		.loc 1 96 0
 140 0004 FFF7FEFF 		bl	chDbgCheckClassI
 141              	.LVL5:
 142              		.loc 1 97 0
 143 0008 14B9     		cbnz	r4, .L11
 144              		.loc 1 97 0 is_stmt 0 discriminator 1
 145 000a 0748     		ldr	r0, .L13
 146 000c FFF7FEFF 		bl	chDbgPanic
 147              	.L11:
 148              		.loc 1 99 0 is_stmt 1
 149 0010 2368     		ldr	r3, [r4, #0]
 150 0012 A342     		cmp	r3, r4
 151 0014 06D0     		beq	.L10
 152              		.loc 1 100 0
 153 0016 2046     		mov	r0, r4
 154 0018 FFF7FEFF 		bl	fifo_remove
 155 001c FFF7FEFF 		bl	chSchReadyI
 156 0020 0023     		movs	r3, #0
 157 0022 8362     		str	r3, [r0, #40]
 158              	.L10:
 159 0024 10BD     		pop	{r4, pc}
 160              	.L14:
 161 0026 00BF     		.align	2
 162              	.L13:
 163 0028 20000000 		.word	.LC2
 164              		.cfi_endproc
 165              	.LFE2:
 166              		.size	chCondSignalI, .-chCondSignalI
 167              		.section	.text.chCondBroadcastI,"ax",%progbits
ARM GAS  /tmp/ccDwwoLY.s 			page 4


 168              		.align	1
 169              		.global	chCondBroadcastI
 170              		.thumb
 171              		.thumb_func
 172              		.type	chCondBroadcastI, %function
 173              	chCondBroadcastI:
 174              	.LFB4:
 175              		.loc 1 129 0
 176              		.cfi_startproc
 177              		@ args = 0, pretend = 0, frame = 0
 178              		@ frame_needed = 0, uses_anonymous_args = 0
 179              	.LVL6:
 180 0000 10B5     		push	{r4, lr}
 181              	.LCFI3:
 182              		.cfi_def_cfa_offset 8
 183              		.loc 1 129 0
 184 0002 0446     		mov	r4, r0
 185              		.cfi_offset 14, -4
 186              		.cfi_offset 4, -8
 187              		.loc 1 131 0
 188 0004 FFF7FEFF 		bl	chDbgCheckClassI
 189              	.LVL7:
 190              		.loc 1 132 0
 191 0008 5CB9     		cbnz	r4, .L17
 192              		.loc 1 132 0 is_stmt 0 discriminator 1
 193 000a 0848     		ldr	r0, .L19
 194 000c FFF7FEFF 		bl	chDbgPanic
 195 0010 07E0     		b	.L17
 196              	.L18:
 197              		.loc 1 138 0 is_stmt 1
 198 0012 2046     		mov	r0, r4
 199 0014 FFF7FEFF 		bl	fifo_remove
 200 0018 FFF7FEFF 		bl	chSchReadyI
 201 001c 6FF00103 		mvn	r3, #1
 202 0020 8362     		str	r3, [r0, #40]
 203              	.L17:
 204              		.loc 1 137 0 discriminator 1
 205 0022 2368     		ldr	r3, [r4, #0]
 206 0024 A342     		cmp	r3, r4
 207 0026 F4D1     		bne	.L18
 208              		.loc 1 139 0
 209 0028 10BD     		pop	{r4, pc}
 210              	.L20:
 211 002a 00BF     		.align	2
 212              	.L19:
 213 002c 32000000 		.word	.LC3
 214              		.cfi_endproc
 215              	.LFE4:
 216              		.size	chCondBroadcastI, .-chCondBroadcastI
 217              		.section	.text.chCondBroadcast,"ax",%progbits
 218              		.align	1
 219              		.global	chCondBroadcast
 220              		.thumb
 221              		.thumb_func
 222              		.type	chCondBroadcast, %function
 223              	chCondBroadcast:
 224              	.LFB3:
ARM GAS  /tmp/ccDwwoLY.s 			page 5


 225              		.loc 1 110 0
 226              		.cfi_startproc
 227              		@ args = 0, pretend = 0, frame = 0
 228              		@ frame_needed = 0, uses_anonymous_args = 0
 229              	.LVL8:
 230 0000 10B5     		push	{r4, lr}
 231              	.LCFI4:
 232              		.cfi_def_cfa_offset 8
 233              		.loc 1 110 0
 234 0002 0446     		mov	r4, r0
 235              		.cfi_offset 14, -4
 236              		.cfi_offset 4, -8
 237              		.loc 1 112 0
 238              	@ 112 "../chibios/os/kernel/src/chcond.c" 1
 239 0004 FFF7FEFF 		bl      _port_lock
 240              	@ 0 "" 2
 241              		.thumb
 242 0008 FFF7FEFF 		bl	dbg_check_lock
 243              	.LVL9:
 244              		.loc 1 113 0
 245 000c 2046     		mov	r0, r4
 246 000e FFF7FEFF 		bl	chCondBroadcastI
 247              		.loc 1 114 0
 248 0012 FFF7FEFF 		bl	chSchRescheduleS
 249              		.loc 1 115 0
 250 0016 FFF7FEFF 		bl	dbg_check_unlock
 251              	@ 115 "../chibios/os/kernel/src/chcond.c" 1
 252 001a FFF7FEFF 		bl      _port_unlock
 253              	@ 0 "" 2
 254              		.loc 1 116 0
 255              		.thumb
 256 001e 10BD     		pop	{r4, pc}
 257              		.cfi_endproc
 258              	.LFE3:
 259              		.size	chCondBroadcast, .-chCondBroadcast
 260              		.section	.text.chCondWaitS,"ax",%progbits
 261              		.align	1
 262              		.global	chCondWaitS
 263              		.thumb
 264              		.thumb_func
 265              		.type	chCondWaitS, %function
 266              	chCondWaitS:
 267              	.LFB6:
 268              		.loc 1 184 0
 269              		.cfi_startproc
 270              		@ args = 0, pretend = 0, frame = 0
 271              		@ frame_needed = 0, uses_anonymous_args = 0
 272              	.LVL10:
 273              		.loc 1 185 0
 274 0000 0F4B     		ldr	r3, .L25
 275              		.loc 1 184 0
 276 0002 70B5     		push	{r4, r5, r6, lr}
 277              	.LCFI5:
 278              		.cfi_def_cfa_offset 16
 279              		.loc 1 184 0
 280 0004 0646     		mov	r6, r0
 281              		.cfi_offset 14, -4
ARM GAS  /tmp/ccDwwoLY.s 			page 6


 282              		.cfi_offset 6, -8
 283              		.cfi_offset 5, -12
 284              		.cfi_offset 4, -16
 285              		.loc 1 185 0
 286 0006 DC69     		ldr	r4, [r3, #28]
 287              	.LVL11:
 288              		.loc 1 189 0
 289 0008 FFF7FEFF 		bl	chDbgCheckClassS
 290              	.LVL12:
 291              		.loc 1 190 0
 292 000c 16B9     		cbnz	r6, .L23
 293              		.loc 1 190 0 is_stmt 0 discriminator 1
 294 000e 0D48     		ldr	r0, .L25+4
 295 0010 FFF7FEFF 		bl	chDbgPanic
 296              	.L23:
 297              		.loc 1 191 0 is_stmt 1
 298 0014 236C     		ldr	r3, [r4, #64]
 299 0016 13B9     		cbnz	r3, .L24
 300              		.loc 1 191 0 is_stmt 0 discriminator 1
 301 0018 0B48     		ldr	r0, .L25+8
 302 001a FFF7FEFF 		bl	chDbgPanic
 303              	.L24:
 304              		.loc 1 195 0 is_stmt 1
 305 001e FFF7FEFF 		bl	chMtxUnlockS
 306              		.loc 1 197 0
 307 0022 3146     		mov	r1, r6
 308              		.loc 1 195 0
 309 0024 0546     		mov	r5, r0
 310              	.LVL13:
 311              		.loc 1 196 0
 312 0026 A662     		str	r6, [r4, #40]
 313              		.loc 1 197 0
 314 0028 2046     		mov	r0, r4
 315              	.LVL14:
 316 002a FFF7FEFF 		bl	prio_insert
 317              		.loc 1 198 0
 318 002e 0520     		movs	r0, #5
 319 0030 FFF7FEFF 		bl	chSchGoSleepS
 320              		.loc 1 199 0
 321 0034 A46A     		ldr	r4, [r4, #40]
 322              	.LVL15:
 323              		.loc 1 200 0
 324 0036 2846     		mov	r0, r5
 325 0038 FFF7FEFF 		bl	chMtxLockS
 326              		.loc 1 202 0
 327 003c 2046     		mov	r0, r4
 328 003e 70BD     		pop	{r4, r5, r6, pc}
 329              	.L26:
 330              		.align	2
 331              	.L25:
 332 0040 00000000 		.word	rlist
 333 0044 47000000 		.word	.LC4
 334 0048 57000000 		.word	.LC5
 335              		.cfi_endproc
 336              	.LFE6:
 337              		.size	chCondWaitS, .-chCondWaitS
 338              		.section	.text.chCondWait,"ax",%progbits
ARM GAS  /tmp/ccDwwoLY.s 			page 7


 339              		.align	1
 340              		.global	chCondWait
 341              		.thumb
 342              		.thumb_func
 343              		.type	chCondWait, %function
 344              	chCondWait:
 345              	.LFB5:
 346              		.loc 1 158 0
 347              		.cfi_startproc
 348              		@ args = 0, pretend = 0, frame = 0
 349              		@ frame_needed = 0, uses_anonymous_args = 0
 350              	.LVL16:
 351 0000 10B5     		push	{r4, lr}
 352              	.LCFI6:
 353              		.cfi_def_cfa_offset 8
 354              		.loc 1 158 0
 355 0002 0446     		mov	r4, r0
 356              		.cfi_offset 14, -4
 357              		.cfi_offset 4, -8
 358              		.loc 1 161 0
 359              	@ 161 "../chibios/os/kernel/src/chcond.c" 1
 360 0004 FFF7FEFF 		bl      _port_lock
 361              	@ 0 "" 2
 362              		.thumb
 363 0008 FFF7FEFF 		bl	dbg_check_lock
 364              	.LVL17:
 365              		.loc 1 162 0
 366 000c 2046     		mov	r0, r4
 367 000e FFF7FEFF 		bl	chCondWaitS
 368 0012 0446     		mov	r4, r0
 369              	.LVL18:
 370              		.loc 1 163 0
 371 0014 FFF7FEFF 		bl	dbg_check_unlock
 372              	.LVL19:
 373              	@ 163 "../chibios/os/kernel/src/chcond.c" 1
 374 0018 FFF7FEFF 		bl      _port_unlock
 375              	@ 0 "" 2
 376              		.loc 1 165 0
 377              		.thumb
 378 001c 2046     		mov	r0, r4
 379 001e 10BD     		pop	{r4, pc}
 380              		.cfi_endproc
 381              	.LFE5:
 382              		.size	chCondWait, .-chCondWait
 383              		.section	.text.chCondWaitTimeoutS,"ax",%progbits
 384              		.align	1
 385              		.global	chCondWaitTimeoutS
 386              		.thumb
 387              		.thumb_func
 388              		.type	chCondWaitTimeoutS, %function
 389              	chCondWaitTimeoutS:
 390              	.LFB8:
 391              		.loc 1 270 0
 392              		.cfi_startproc
 393              		@ args = 0, pretend = 0, frame = 0
 394              		@ frame_needed = 0, uses_anonymous_args = 0
 395              	.LVL20:
ARM GAS  /tmp/ccDwwoLY.s 			page 8


 396 0000 F8B5     		push	{r3, r4, r5, r6, r7, lr}
 397              	.LCFI7:
 398              		.cfi_def_cfa_offset 24
 399              		.loc 1 270 0
 400 0002 0446     		mov	r4, r0
 401              		.cfi_offset 14, -4
 402              		.cfi_offset 7, -8
 403              		.cfi_offset 6, -12
 404              		.cfi_offset 5, -16
 405              		.cfi_offset 4, -20
 406              		.cfi_offset 3, -24
 407 0004 0D46     		mov	r5, r1
 408              		.loc 1 274 0
 409 0006 FFF7FEFF 		bl	chDbgCheckClassS
 410              	.LVL21:
 411              		.loc 1 275 0
 412 000a 04B1     		cbz	r4, .L29
 413              		.loc 1 275 0 is_stmt 0 discriminator 2
 414 000c 15B9     		cbnz	r5, .L30
 415              	.L29:
 416              		.loc 1 275 0 discriminator 1
 417 000e 0F48     		ldr	r0, .L33
 418 0010 FFF7FEFF 		bl	chDbgPanic
 419              	.L30:
 420              		.loc 1 276 0 is_stmt 1
 421 0014 0E4F     		ldr	r7, .L33+4
 422 0016 FB69     		ldr	r3, [r7, #28]
 423 0018 1B6C     		ldr	r3, [r3, #64]
 424 001a 13B9     		cbnz	r3, .L31
 425              		.loc 1 276 0 is_stmt 0 discriminator 1
 426 001c 0D48     		ldr	r0, .L33+8
 427 001e FFF7FEFF 		bl	chDbgPanic
 428              	.L31:
 429              		.loc 1 280 0 is_stmt 1
 430 0022 FFF7FEFF 		bl	chMtxUnlockS
 431 0026 0646     		mov	r6, r0
 432              	.LVL22:
 433              		.loc 1 281 0
 434 0028 F869     		ldr	r0, [r7, #28]
 435              	.LVL23:
 436              		.loc 1 282 0
 437 002a 2146     		mov	r1, r4
 438              		.loc 1 281 0
 439 002c 8462     		str	r4, [r0, #40]
 440              		.loc 1 282 0
 441 002e FFF7FEFF 		bl	prio_insert
 442              		.loc 1 283 0
 443 0032 0520     		movs	r0, #5
 444 0034 2946     		mov	r1, r5
 445 0036 FFF7FEFF 		bl	chSchGoSleepTimeoutS
 446              		.loc 1 284 0
 447 003a B0F1FF3F 		cmp	r0, #-1
 448              		.loc 1 283 0
 449 003e 0446     		mov	r4, r0
 450              	.LVL24:
 451              		.loc 1 284 0
 452 0040 02D0     		beq	.L32
ARM GAS  /tmp/ccDwwoLY.s 			page 9


 453              		.loc 1 285 0
 454 0042 3046     		mov	r0, r6
 455              	.LVL25:
 456 0044 FFF7FEFF 		bl	chMtxLockS
 457              	.L32:
 458              		.loc 1 287 0
 459 0048 2046     		mov	r0, r4
 460 004a F8BD     		pop	{r3, r4, r5, r6, r7, pc}
 461              	.L34:
 462              		.align	2
 463              	.L33:
 464 004c 69000000 		.word	.LC6
 465 0050 00000000 		.word	rlist
 466 0054 80000000 		.word	.LC7
 467              		.cfi_endproc
 468              	.LFE8:
 469              		.size	chCondWaitTimeoutS, .-chCondWaitTimeoutS
 470              		.section	.text.chCondWaitTimeout,"ax",%progbits
 471              		.align	1
 472              		.global	chCondWaitTimeout
 473              		.thumb
 474              		.thumb_func
 475              		.type	chCondWaitTimeout, %function
 476              	chCondWaitTimeout:
 477              	.LFB7:
 478              		.loc 1 233 0
 479              		.cfi_startproc
 480              		@ args = 0, pretend = 0, frame = 0
 481              		@ frame_needed = 0, uses_anonymous_args = 0
 482              	.LVL26:
 483 0000 38B5     		push	{r3, r4, r5, lr}
 484              	.LCFI8:
 485              		.cfi_def_cfa_offset 16
 486              		.loc 1 233 0
 487 0002 0546     		mov	r5, r0
 488              		.cfi_offset 14, -4
 489              		.cfi_offset 5, -8
 490              		.cfi_offset 4, -12
 491              		.cfi_offset 3, -16
 492 0004 0C46     		mov	r4, r1
 493              		.loc 1 236 0
 494              	@ 236 "../chibios/os/kernel/src/chcond.c" 1
 495 0006 FFF7FEFF 		bl      _port_lock
 496              	@ 0 "" 2
 497              		.thumb
 498 000a FFF7FEFF 		bl	dbg_check_lock
 499              	.LVL27:
 500              		.loc 1 237 0
 501 000e 2146     		mov	r1, r4
 502 0010 2846     		mov	r0, r5
 503 0012 FFF7FEFF 		bl	chCondWaitTimeoutS
 504 0016 0446     		mov	r4, r0
 505              	.LVL28:
 506              		.loc 1 238 0
 507 0018 FFF7FEFF 		bl	dbg_check_unlock
 508              	.LVL29:
 509              	@ 238 "../chibios/os/kernel/src/chcond.c" 1
ARM GAS  /tmp/ccDwwoLY.s 			page 10


 510 001c FFF7FEFF 		bl      _port_unlock
 511              	@ 0 "" 2
 512              		.loc 1 240 0
 513              		.thumb
 514 0020 2046     		mov	r0, r4
 515 0022 38BD     		pop	{r3, r4, r5, pc}
 516              		.cfi_endproc
 517              	.LFE7:
 518              		.size	chCondWaitTimeout, .-chCondWaitTimeout
 519              		.section	.rodata.str1.1,"aMS",%progbits,1
 520              	.LC0:
 521 0000 22636843 		.ascii	"\"chCondInit\"()\000"
 521      6F6E6449 
 521      6E697422 
 521      282900
 522              	.LC1:
 523 000f 22636843 		.ascii	"\"chCondSignal\"()\000"
 523      6F6E6453 
 523      69676E61 
 523      6C222829 
 523      00
 524              	.LC2:
 525 0020 22636843 		.ascii	"\"chCondSignalI\"()\000"
 525      6F6E6453 
 525      69676E61 
 525      6C492228 
 525      2900
 526              	.LC3:
 527 0032 22636843 		.ascii	"\"chCondBroadcastI\"()\000"
 527      6F6E6442 
 527      726F6164 
 527      63617374 
 527      49222829 
 528              	.LC4:
 529 0047 22636843 		.ascii	"\"chCondWaitS\"()\000"
 529      6F6E6457 
 529      61697453 
 529      22282900 
 530              	.LC5:
 531 0057 6368436F 		.ascii	"chCondWaitS(), #1\000"
 531      6E645761 
 531      69745328 
 531      292C2023 
 531      3100
 532              	.LC6:
 533 0069 22636843 		.ascii	"\"chCondWaitTimeoutS\"()\000"
 533      6F6E6457 
 533      61697454 
 533      696D656F 
 533      75745322 
 534              	.LC7:
 535 0080 6368436F 		.ascii	"chCondWaitTimeoutS(), #1\000"
 535      6E645761 
 535      69745469 
 535      6D656F75 
 535      74532829 
 536              		.text
ARM GAS  /tmp/ccDwwoLY.s 			page 11


 537              	.Letext0:
 538              		.section	.debug_loc,"",%progbits
 539              	.Ldebug_loc0:
 540              	.LLST0:
 541 0000 00000000 		.4byte	.LFB0
 542 0004 02000000 		.4byte	.LCFI0
 543 0008 0200     		.2byte	0x2
 544 000a 7D       		.byte	0x7d
 545 000b 00       		.sleb128 0
 546 000c 02000000 		.4byte	.LCFI0
 547 0010 18000000 		.4byte	.LFE0
 548 0014 0200     		.2byte	0x2
 549 0016 7D       		.byte	0x7d
 550 0017 08       		.sleb128 8
 551 0018 00000000 		.4byte	0x0
 552 001c 00000000 		.4byte	0x0
 553              	.LLST1:
 554 0020 00000000 		.4byte	.LVL0
 555 0024 08000000 		.4byte	.LVL1
 556 0028 0100     		.2byte	0x1
 557 002a 50       		.byte	0x50
 558 002b 08000000 		.4byte	.LVL1
 559 002f 18000000 		.4byte	.LFE0
 560 0033 0100     		.2byte	0x1
 561 0035 54       		.byte	0x54
 562 0036 00000000 		.4byte	0x0
 563 003a 00000000 		.4byte	0x0
 564              	.LLST2:
 565 003e 00000000 		.4byte	.LFB1
 566 0042 02000000 		.4byte	.LCFI1
 567 0046 0200     		.2byte	0x2
 568 0048 7D       		.byte	0x7d
 569 0049 00       		.sleb128 0
 570 004a 02000000 		.4byte	.LCFI1
 571 004e 34000000 		.4byte	.LFE1
 572 0052 0200     		.2byte	0x2
 573 0054 7D       		.byte	0x7d
 574 0055 08       		.sleb128 8
 575 0056 00000000 		.4byte	0x0
 576 005a 00000000 		.4byte	0x0
 577              	.LLST3:
 578 005e 00000000 		.4byte	.LVL2
 579 0062 08000000 		.4byte	.LVL3
 580 0066 0100     		.2byte	0x1
 581 0068 50       		.byte	0x50
 582 0069 08000000 		.4byte	.LVL3
 583 006d 34000000 		.4byte	.LFE1
 584 0071 0100     		.2byte	0x1
 585 0073 54       		.byte	0x54
 586 0074 00000000 		.4byte	0x0
 587 0078 00000000 		.4byte	0x0
 588              	.LLST4:
 589 007c 00000000 		.4byte	.LFB2
 590 0080 02000000 		.4byte	.LCFI2
 591 0084 0200     		.2byte	0x2
 592 0086 7D       		.byte	0x7d
 593 0087 00       		.sleb128 0
ARM GAS  /tmp/ccDwwoLY.s 			page 12


 594 0088 02000000 		.4byte	.LCFI2
 595 008c 2C000000 		.4byte	.LFE2
 596 0090 0200     		.2byte	0x2
 597 0092 7D       		.byte	0x7d
 598 0093 08       		.sleb128 8
 599 0094 00000000 		.4byte	0x0
 600 0098 00000000 		.4byte	0x0
 601              	.LLST5:
 602 009c 00000000 		.4byte	.LVL4
 603 00a0 07000000 		.4byte	.LVL5-1
 604 00a4 0100     		.2byte	0x1
 605 00a6 50       		.byte	0x50
 606 00a7 07000000 		.4byte	.LVL5-1
 607 00ab 2C000000 		.4byte	.LFE2
 608 00af 0100     		.2byte	0x1
 609 00b1 54       		.byte	0x54
 610 00b2 00000000 		.4byte	0x0
 611 00b6 00000000 		.4byte	0x0
 612              	.LLST6:
 613 00ba 00000000 		.4byte	.LFB4
 614 00be 02000000 		.4byte	.LCFI3
 615 00c2 0200     		.2byte	0x2
 616 00c4 7D       		.byte	0x7d
 617 00c5 00       		.sleb128 0
 618 00c6 02000000 		.4byte	.LCFI3
 619 00ca 30000000 		.4byte	.LFE4
 620 00ce 0200     		.2byte	0x2
 621 00d0 7D       		.byte	0x7d
 622 00d1 08       		.sleb128 8
 623 00d2 00000000 		.4byte	0x0
 624 00d6 00000000 		.4byte	0x0
 625              	.LLST7:
 626 00da 00000000 		.4byte	.LVL6
 627 00de 07000000 		.4byte	.LVL7-1
 628 00e2 0100     		.2byte	0x1
 629 00e4 50       		.byte	0x50
 630 00e5 07000000 		.4byte	.LVL7-1
 631 00e9 30000000 		.4byte	.LFE4
 632 00ed 0100     		.2byte	0x1
 633 00ef 54       		.byte	0x54
 634 00f0 00000000 		.4byte	0x0
 635 00f4 00000000 		.4byte	0x0
 636              	.LLST8:
 637 00f8 00000000 		.4byte	.LFB3
 638 00fc 02000000 		.4byte	.LCFI4
 639 0100 0200     		.2byte	0x2
 640 0102 7D       		.byte	0x7d
 641 0103 00       		.sleb128 0
 642 0104 02000000 		.4byte	.LCFI4
 643 0108 20000000 		.4byte	.LFE3
 644 010c 0200     		.2byte	0x2
 645 010e 7D       		.byte	0x7d
 646 010f 08       		.sleb128 8
 647 0110 00000000 		.4byte	0x0
 648 0114 00000000 		.4byte	0x0
 649              	.LLST9:
 650 0118 00000000 		.4byte	.LVL8
ARM GAS  /tmp/ccDwwoLY.s 			page 13


 651 011c 0B000000 		.4byte	.LVL9-1
 652 0120 0100     		.2byte	0x1
 653 0122 50       		.byte	0x50
 654 0123 0B000000 		.4byte	.LVL9-1
 655 0127 20000000 		.4byte	.LFE3
 656 012b 0100     		.2byte	0x1
 657 012d 54       		.byte	0x54
 658 012e 00000000 		.4byte	0x0
 659 0132 00000000 		.4byte	0x0
 660              	.LLST10:
 661 0136 00000000 		.4byte	.LFB6
 662 013a 04000000 		.4byte	.LCFI5
 663 013e 0200     		.2byte	0x2
 664 0140 7D       		.byte	0x7d
 665 0141 00       		.sleb128 0
 666 0142 04000000 		.4byte	.LCFI5
 667 0146 4C000000 		.4byte	.LFE6
 668 014a 0200     		.2byte	0x2
 669 014c 7D       		.byte	0x7d
 670 014d 10       		.sleb128 16
 671 014e 00000000 		.4byte	0x0
 672 0152 00000000 		.4byte	0x0
 673              	.LLST11:
 674 0156 00000000 		.4byte	.LVL10
 675 015a 0B000000 		.4byte	.LVL12-1
 676 015e 0100     		.2byte	0x1
 677 0160 50       		.byte	0x50
 678 0161 0B000000 		.4byte	.LVL12-1
 679 0165 4C000000 		.4byte	.LFE6
 680 0169 0100     		.2byte	0x1
 681 016b 56       		.byte	0x56
 682 016c 00000000 		.4byte	0x0
 683 0170 00000000 		.4byte	0x0
 684              	.LLST12:
 685 0174 08000000 		.4byte	.LVL11
 686 0178 0B000000 		.4byte	.LVL12-1
 687 017c 0200     		.2byte	0x2
 688 017e 73       		.byte	0x73
 689 017f 1C       		.sleb128 28
 690 0180 0B000000 		.4byte	.LVL12-1
 691 0184 36000000 		.4byte	.LVL15
 692 0188 0100     		.2byte	0x1
 693 018a 54       		.byte	0x54
 694 018b 00000000 		.4byte	0x0
 695 018f 00000000 		.4byte	0x0
 696              	.LLST13:
 697 0193 26000000 		.4byte	.LVL13
 698 0197 2A000000 		.4byte	.LVL14
 699 019b 0100     		.2byte	0x1
 700 019d 50       		.byte	0x50
 701 019e 2A000000 		.4byte	.LVL14
 702 01a2 4C000000 		.4byte	.LFE6
 703 01a6 0100     		.2byte	0x1
 704 01a8 55       		.byte	0x55
 705 01a9 00000000 		.4byte	0x0
 706 01ad 00000000 		.4byte	0x0
 707              	.LLST14:
ARM GAS  /tmp/ccDwwoLY.s 			page 14


 708 01b1 00000000 		.4byte	.LFB5
 709 01b5 02000000 		.4byte	.LCFI6
 710 01b9 0200     		.2byte	0x2
 711 01bb 7D       		.byte	0x7d
 712 01bc 00       		.sleb128 0
 713 01bd 02000000 		.4byte	.LCFI6
 714 01c1 20000000 		.4byte	.LFE5
 715 01c5 0200     		.2byte	0x2
 716 01c7 7D       		.byte	0x7d
 717 01c8 08       		.sleb128 8
 718 01c9 00000000 		.4byte	0x0
 719 01cd 00000000 		.4byte	0x0
 720              	.LLST15:
 721 01d1 00000000 		.4byte	.LVL16
 722 01d5 0B000000 		.4byte	.LVL17-1
 723 01d9 0100     		.2byte	0x1
 724 01db 50       		.byte	0x50
 725 01dc 0B000000 		.4byte	.LVL17-1
 726 01e0 14000000 		.4byte	.LVL18
 727 01e4 0100     		.2byte	0x1
 728 01e6 54       		.byte	0x54
 729 01e7 00000000 		.4byte	0x0
 730 01eb 00000000 		.4byte	0x0
 731              	.LLST16:
 732 01ef 14000000 		.4byte	.LVL18
 733 01f3 17000000 		.4byte	.LVL19-1
 734 01f7 0100     		.2byte	0x1
 735 01f9 50       		.byte	0x50
 736 01fa 17000000 		.4byte	.LVL19-1
 737 01fe 20000000 		.4byte	.LFE5
 738 0202 0100     		.2byte	0x1
 739 0204 54       		.byte	0x54
 740 0205 00000000 		.4byte	0x0
 741 0209 00000000 		.4byte	0x0
 742              	.LLST17:
 743 020d 00000000 		.4byte	.LFB8
 744 0211 02000000 		.4byte	.LCFI7
 745 0215 0200     		.2byte	0x2
 746 0217 7D       		.byte	0x7d
 747 0218 00       		.sleb128 0
 748 0219 02000000 		.4byte	.LCFI7
 749 021d 58000000 		.4byte	.LFE8
 750 0221 0200     		.2byte	0x2
 751 0223 7D       		.byte	0x7d
 752 0224 18       		.sleb128 24
 753 0225 00000000 		.4byte	0x0
 754 0229 00000000 		.4byte	0x0
 755              	.LLST18:
 756 022d 00000000 		.4byte	.LVL20
 757 0231 09000000 		.4byte	.LVL21-1
 758 0235 0100     		.2byte	0x1
 759 0237 50       		.byte	0x50
 760 0238 09000000 		.4byte	.LVL21-1
 761 023c 40000000 		.4byte	.LVL24
 762 0240 0100     		.2byte	0x1
 763 0242 54       		.byte	0x54
 764 0243 00000000 		.4byte	0x0
ARM GAS  /tmp/ccDwwoLY.s 			page 15


 765 0247 00000000 		.4byte	0x0
 766              	.LLST19:
 767 024b 00000000 		.4byte	.LVL20
 768 024f 09000000 		.4byte	.LVL21-1
 769 0253 0100     		.2byte	0x1
 770 0255 51       		.byte	0x51
 771 0256 09000000 		.4byte	.LVL21-1
 772 025a 58000000 		.4byte	.LFE8
 773 025e 0100     		.2byte	0x1
 774 0260 55       		.byte	0x55
 775 0261 00000000 		.4byte	0x0
 776 0265 00000000 		.4byte	0x0
 777              	.LLST20:
 778 0269 28000000 		.4byte	.LVL22
 779 026d 2A000000 		.4byte	.LVL23
 780 0271 0100     		.2byte	0x1
 781 0273 50       		.byte	0x50
 782 0274 2A000000 		.4byte	.LVL23
 783 0278 58000000 		.4byte	.LFE8
 784 027c 0100     		.2byte	0x1
 785 027e 56       		.byte	0x56
 786 027f 00000000 		.4byte	0x0
 787 0283 00000000 		.4byte	0x0
 788              	.LLST21:
 789 0287 40000000 		.4byte	.LVL24
 790 028b 44000000 		.4byte	.LVL25
 791 028f 0100     		.2byte	0x1
 792 0291 50       		.byte	0x50
 793 0292 44000000 		.4byte	.LVL25
 794 0296 58000000 		.4byte	.LFE8
 795 029a 0100     		.2byte	0x1
 796 029c 54       		.byte	0x54
 797 029d 00000000 		.4byte	0x0
 798 02a1 00000000 		.4byte	0x0
 799              	.LLST22:
 800 02a5 00000000 		.4byte	.LFB7
 801 02a9 02000000 		.4byte	.LCFI8
 802 02ad 0200     		.2byte	0x2
 803 02af 7D       		.byte	0x7d
 804 02b0 00       		.sleb128 0
 805 02b1 02000000 		.4byte	.LCFI8
 806 02b5 24000000 		.4byte	.LFE7
 807 02b9 0200     		.2byte	0x2
 808 02bb 7D       		.byte	0x7d
 809 02bc 10       		.sleb128 16
 810 02bd 00000000 		.4byte	0x0
 811 02c1 00000000 		.4byte	0x0
 812              	.LLST23:
 813 02c5 00000000 		.4byte	.LVL26
 814 02c9 0D000000 		.4byte	.LVL27-1
 815 02cd 0100     		.2byte	0x1
 816 02cf 50       		.byte	0x50
 817 02d0 0D000000 		.4byte	.LVL27-1
 818 02d4 24000000 		.4byte	.LFE7
 819 02d8 0100     		.2byte	0x1
 820 02da 55       		.byte	0x55
 821 02db 00000000 		.4byte	0x0
ARM GAS  /tmp/ccDwwoLY.s 			page 16


 822 02df 00000000 		.4byte	0x0
 823              	.LLST24:
 824 02e3 00000000 		.4byte	.LVL26
 825 02e7 0D000000 		.4byte	.LVL27-1
 826 02eb 0100     		.2byte	0x1
 827 02ed 51       		.byte	0x51
 828 02ee 0D000000 		.4byte	.LVL27-1
 829 02f2 18000000 		.4byte	.LVL28
 830 02f6 0100     		.2byte	0x1
 831 02f8 54       		.byte	0x54
 832 02f9 00000000 		.4byte	0x0
 833 02fd 00000000 		.4byte	0x0
 834              	.LLST25:
 835 0301 18000000 		.4byte	.LVL28
 836 0305 1B000000 		.4byte	.LVL29-1
 837 0309 0100     		.2byte	0x1
 838 030b 50       		.byte	0x50
 839 030c 1B000000 		.4byte	.LVL29-1
 840 0310 24000000 		.4byte	.LFE7
 841 0314 0100     		.2byte	0x1
 842 0316 54       		.byte	0x54
 843 0317 00000000 		.4byte	0x0
 844 031b 00000000 		.4byte	0x0
 845              		.file 2 "/home/z80/programs/code-sourcery/2011.03-42/bin/../lib/gcc/arm-none-eabi/4.5.2/../../../.
 846              		.file 3 "../chibios/os/ports/GCC/ARMCMx/chtypes.h"
 847              		.file 4 "../chibios/os/kernel/include/chlists.h"
 848              		.file 5 "../chibios/os/kernel/include/chthreads.h"
 849              		.file 6 "../chibios/os/ports/GCC/ARMCMx/chcore_v7m.h"
 850              		.file 7 "../chibios/os/kernel/include/chschd.h"
 851              		.file 8 "../chibios/os/kernel/include/chmtx.h"
 852              		.file 9 "../chibios/os/kernel/include/chcond.h"
 853              		.section	.debug_info
 854 0000 9C060000 		.4byte	0x69c
 855 0004 0200     		.2byte	0x2
 856 0006 00000000 		.4byte	.Ldebug_abbrev0
 857 000a 04       		.byte	0x4
 858 000b 01       		.uleb128 0x1
 859 000c 08030000 		.4byte	.LASF77
 860 0010 01       		.byte	0x1
 861 0011 D7020000 		.4byte	.LASF78
 862 0015 08010000 		.4byte	.LASF79
 863 0019 00000000 		.4byte	0x0
 864 001d 00000000 		.4byte	0x0
 865 0021 00000000 		.4byte	.Ldebug_ranges0+0x0
 866 0025 00000000 		.4byte	.Ldebug_line0
 867 0029 02       		.uleb128 0x2
 868 002a 04       		.byte	0x4
 869 002b 05       		.byte	0x5
 870 002c 696E7400 		.ascii	"int\000"
 871 0030 03       		.uleb128 0x3
 872 0031 04       		.byte	0x4
 873 0032 07       		.byte	0x7
 874 0033 E1000000 		.4byte	.LASF0
 875 0037 03       		.uleb128 0x3
 876 0038 01       		.byte	0x1
 877 0039 06       		.byte	0x6
 878 003a 6D000000 		.4byte	.LASF1
ARM GAS  /tmp/ccDwwoLY.s 			page 17


 879 003e 04       		.uleb128 0x4
 880 003f F9020000 		.4byte	.LASF5
 881 0043 02       		.byte	0x2
 882 0044 2A       		.byte	0x2a
 883 0045 49000000 		.4byte	0x49
 884 0049 03       		.uleb128 0x3
 885 004a 01       		.byte	0x1
 886 004b 08       		.byte	0x8
 887 004c F7010000 		.4byte	.LASF2
 888 0050 03       		.uleb128 0x3
 889 0051 02       		.byte	0x2
 890 0052 05       		.byte	0x5
 891 0053 0F020000 		.4byte	.LASF3
 892 0057 03       		.uleb128 0x3
 893 0058 02       		.byte	0x2
 894 0059 07       		.byte	0x7
 895 005a A1020000 		.4byte	.LASF4
 896 005e 04       		.uleb128 0x4
 897 005f EF010000 		.4byte	.LASF6
 898 0063 02       		.byte	0x2
 899 0064 4F       		.byte	0x4f
 900 0065 69000000 		.4byte	0x69
 901 0069 03       		.uleb128 0x3
 902 006a 04       		.byte	0x4
 903 006b 05       		.byte	0x5
 904 006c 98000000 		.4byte	.LASF7
 905 0070 04       		.uleb128 0x4
 906 0071 58020000 		.4byte	.LASF8
 907 0075 02       		.byte	0x2
 908 0076 50       		.byte	0x50
 909 0077 7B000000 		.4byte	0x7b
 910 007b 03       		.uleb128 0x3
 911 007c 04       		.byte	0x4
 912 007d 07       		.byte	0x7
 913 007e EE000000 		.4byte	.LASF9
 914 0082 03       		.uleb128 0x3
 915 0083 08       		.byte	0x8
 916 0084 05       		.byte	0x5
 917 0085 5F000000 		.4byte	.LASF10
 918 0089 04       		.uleb128 0x4
 919 008a 1E000000 		.4byte	.LASF11
 920 008e 02       		.byte	0x2
 921 008f 78       		.byte	0x78
 922 0090 94000000 		.4byte	0x94
 923 0094 03       		.uleb128 0x3
 924 0095 08       		.byte	0x8
 925 0096 07       		.byte	0x7
 926 0097 27000000 		.4byte	.LASF12
 927 009b 04       		.uleb128 0x4
 928 009c 44010000 		.4byte	.LASF13
 929 00a0 03       		.byte	0x3
 930 00a1 2F       		.byte	0x2f
 931 00a2 3E000000 		.4byte	0x3e
 932 00a6 04       		.uleb128 0x4
 933 00a7 A1000000 		.4byte	.LASF14
 934 00ab 03       		.byte	0x3
 935 00ac 30       		.byte	0x30
ARM GAS  /tmp/ccDwwoLY.s 			page 18


 936 00ad 3E000000 		.4byte	0x3e
 937 00b1 04       		.uleb128 0x4
 938 00b2 CA010000 		.4byte	.LASF15
 939 00b6 03       		.byte	0x3
 940 00b7 31       		.byte	0x31
 941 00b8 3E000000 		.4byte	0x3e
 942 00bc 04       		.uleb128 0x4
 943 00bd D9010000 		.4byte	.LASF16
 944 00c1 03       		.byte	0x3
 945 00c2 32       		.byte	0x32
 946 00c3 70000000 		.4byte	0x70
 947 00c7 04       		.uleb128 0x4
 948 00c8 3E010000 		.4byte	.LASF17
 949 00cc 03       		.byte	0x3
 950 00cd 33       		.byte	0x33
 951 00ce 5E000000 		.4byte	0x5e
 952 00d2 04       		.uleb128 0x4
 953 00d3 58010000 		.4byte	.LASF18
 954 00d7 03       		.byte	0x3
 955 00d8 35       		.byte	0x35
 956 00d9 70000000 		.4byte	0x70
 957 00dd 04       		.uleb128 0x4
 958 00de 81020000 		.4byte	.LASF19
 959 00e2 03       		.byte	0x3
 960 00e3 36       		.byte	0x36
 961 00e4 70000000 		.4byte	0x70
 962 00e8 04       		.uleb128 0x4
 963 00e9 D0000000 		.4byte	.LASF20
 964 00ed 03       		.byte	0x3
 965 00ee 37       		.byte	0x37
 966 00ef 5E000000 		.4byte	0x5e
 967 00f3 04       		.uleb128 0x4
 968 00f4 3E020000 		.4byte	.LASF21
 969 00f8 04       		.byte	0x4
 970 00f9 2A       		.byte	0x2a
 971 00fa FE000000 		.4byte	0xfe
 972 00fe 05       		.uleb128 0x5
 973 00ff 3E020000 		.4byte	.LASF21
 974 0103 4C       		.byte	0x4c
 975 0104 05       		.byte	0x5
 976 0105 5E       		.byte	0x5e
 977 0106 23020000 		.4byte	0x223
 978 010a 06       		.uleb128 0x6
 979 010b 2F020000 		.4byte	.LASF22
 980 010f 05       		.byte	0x5
 981 0110 5F       		.byte	0x5f
 982 0111 48020000 		.4byte	0x248
 983 0115 02       		.byte	0x2
 984 0116 23       		.byte	0x23
 985 0117 00       		.uleb128 0x0
 986 0118 06       		.uleb128 0x6
 987 0119 D2010000 		.4byte	.LASF23
 988 011d 05       		.byte	0x5
 989 011e 61       		.byte	0x61
 990 011f 48020000 		.4byte	0x248
 991 0123 02       		.byte	0x2
 992 0124 23       		.byte	0x23
ARM GAS  /tmp/ccDwwoLY.s 			page 19


 993 0125 04       		.uleb128 0x4
 994 0126 06       		.uleb128 0x6
 995 0127 58000000 		.4byte	.LASF24
 996 012b 05       		.byte	0x5
 997 012c 63       		.byte	0x63
 998 012d BC000000 		.4byte	0xbc
 999 0131 02       		.byte	0x2
 1000 0132 23       		.byte	0x23
 1001 0133 08       		.uleb128 0x8
 1002 0134 06       		.uleb128 0x6
 1003 0135 3F030000 		.4byte	.LASF25
 1004 0139 05       		.byte	0x5
 1005 013a 64       		.byte	0x64
 1006 013b 20030000 		.4byte	0x320
 1007 013f 02       		.byte	0x2
 1008 0140 23       		.byte	0x23
 1009 0141 0C       		.uleb128 0xc
 1010 0142 06       		.uleb128 0x6
 1011 0143 AA000000 		.4byte	.LASF26
 1012 0147 05       		.byte	0x5
 1013 0148 66       		.byte	0x66
 1014 0149 48020000 		.4byte	0x248
 1015 014d 02       		.byte	0x2
 1016 014e 23       		.byte	0x23
 1017 014f 10       		.uleb128 0x10
 1018 0150 06       		.uleb128 0x6
 1019 0151 88010000 		.4byte	.LASF27
 1020 0155 05       		.byte	0x5
 1021 0156 67       		.byte	0x67
 1022 0157 48020000 		.4byte	0x248
 1023 015b 02       		.byte	0x2
 1024 015c 23       		.byte	0x23
 1025 015d 14       		.uleb128 0x14
 1026 015e 06       		.uleb128 0x6
 1027 015f 14030000 		.4byte	.LASF28
 1028 0163 05       		.byte	0x5
 1029 0164 6E       		.byte	0x6e
 1030 0165 61040000 		.4byte	0x461
 1031 0169 02       		.byte	0x2
 1032 016a 23       		.byte	0x23
 1033 016b 18       		.uleb128 0x18
 1034 016c 06       		.uleb128 0x6
 1035 016d D6000000 		.4byte	.LASF29
 1036 0171 05       		.byte	0x5
 1037 0172 74       		.byte	0x74
 1038 0173 73040000 		.4byte	0x473
 1039 0177 02       		.byte	0x2
 1040 0178 23       		.byte	0x23
 1041 0179 1C       		.uleb128 0x1c
 1042 017a 06       		.uleb128 0x6
 1043 017b 19020000 		.4byte	.LASF30
 1044 017f 05       		.byte	0x5
 1045 0180 79       		.byte	0x79
 1046 0181 A6000000 		.4byte	0xa6
 1047 0185 02       		.byte	0x2
 1048 0186 23       		.byte	0x23
 1049 0187 20       		.uleb128 0x20
ARM GAS  /tmp/ccDwwoLY.s 			page 20


 1050 0188 06       		.uleb128 0x6
 1051 0189 36020000 		.4byte	.LASF31
 1052 018d 05       		.byte	0x5
 1053 018e 7D       		.byte	0x7d
 1054 018f 9B000000 		.4byte	0x9b
 1055 0193 02       		.byte	0x2
 1056 0194 23       		.byte	0x23
 1057 0195 21       		.uleb128 0x21
 1058 0196 06       		.uleb128 0x6
 1059 0197 C6020000 		.4byte	.LASF32
 1060 019b 05       		.byte	0x5
 1061 019c 82       		.byte	0x82
 1062 019d B1000000 		.4byte	0xb1
 1063 01a1 02       		.byte	0x2
 1064 01a2 23       		.byte	0x23
 1065 01a3 22       		.uleb128 0x22
 1066 01a4 06       		.uleb128 0x6
 1067 01a5 01030000 		.4byte	.LASF33
 1068 01a9 05       		.byte	0x5
 1069 01aa 89       		.byte	0x89
 1070 01ab 43030000 		.4byte	0x343
 1071 01af 02       		.byte	0x2
 1072 01b0 23       		.byte	0x23
 1073 01b1 24       		.uleb128 0x24
 1074 01b2 07       		.uleb128 0x7
 1075 01b3 705F7500 		.ascii	"p_u\000"
 1076 01b7 05       		.byte	0x5
 1077 01b8 AE       		.byte	0xae
 1078 01b9 2C040000 		.4byte	0x42c
 1079 01bd 02       		.byte	0x2
 1080 01be 23       		.byte	0x23
 1081 01bf 28       		.uleb128 0x28
 1082 01c0 06       		.uleb128 0x6
 1083 01c1 45030000 		.4byte	.LASF34
 1084 01c5 05       		.byte	0x5
 1085 01c6 B3       		.byte	0xb3
 1086 01c7 70020000 		.4byte	0x270
 1087 01cb 02       		.byte	0x2
 1088 01cc 23       		.byte	0x23
 1089 01cd 2C       		.uleb128 0x2c
 1090 01ce 06       		.uleb128 0x6
 1091 01cf BB020000 		.4byte	.LASF35
 1092 01d3 05       		.byte	0x5
 1093 01d4 B9       		.byte	0xb9
 1094 01d5 4E020000 		.4byte	0x24e
 1095 01d9 02       		.byte	0x2
 1096 01da 23       		.byte	0x23
 1097 01db 30       		.uleb128 0x30
 1098 01dc 06       		.uleb128 0x6
 1099 01dd 00000000 		.4byte	.LASF36
 1100 01e1 05       		.byte	0x5
 1101 01e2 BD       		.byte	0xbd
 1102 01e3 C7000000 		.4byte	0xc7
 1103 01e7 02       		.byte	0x2
 1104 01e8 23       		.byte	0x23
 1105 01e9 38       		.uleb128 0x38
 1106 01ea 06       		.uleb128 0x6
ARM GAS  /tmp/ccDwwoLY.s 			page 21


 1107 01eb 4D020000 		.4byte	.LASF37
 1108 01ef 05       		.byte	0x5
 1109 01f0 C3       		.byte	0xc3
 1110 01f1 D2000000 		.4byte	0xd2
 1111 01f5 02       		.byte	0x2
 1112 01f6 23       		.byte	0x23
 1113 01f7 3C       		.uleb128 0x3c
 1114 01f8 06       		.uleb128 0x6
 1115 01f9 05020000 		.4byte	.LASF38
 1116 01fd 05       		.byte	0x5
 1117 01fe CA       		.byte	0xca
 1118 01ff 79040000 		.4byte	0x479
 1119 0203 02       		.byte	0x2
 1120 0204 23       		.byte	0x23
 1121 0205 40       		.uleb128 0x40
 1122 0206 06       		.uleb128 0x6
 1123 0207 8B020000 		.4byte	.LASF39
 1124 020b 05       		.byte	0x5
 1125 020c CE       		.byte	0xce
 1126 020d BC000000 		.4byte	0xbc
 1127 0211 02       		.byte	0x2
 1128 0212 23       		.byte	0x23
 1129 0213 44       		.uleb128 0x44
 1130 0214 06       		.uleb128 0x6
 1131 0215 79000000 		.4byte	.LASF40
 1132 0219 05       		.byte	0x5
 1133 021a D4       		.byte	0xd4
 1134 021b 86020000 		.4byte	0x286
 1135 021f 02       		.byte	0x2
 1136 0220 23       		.byte	0x23
 1137 0221 48       		.uleb128 0x48
 1138 0222 00       		.byte	0x0
 1139 0223 08       		.uleb128 0x8
 1140 0224 08       		.byte	0x8
 1141 0225 04       		.byte	0x4
 1142 0226 61       		.byte	0x61
 1143 0227 48020000 		.4byte	0x248
 1144 022b 06       		.uleb128 0x6
 1145 022c 2F020000 		.4byte	.LASF22
 1146 0230 04       		.byte	0x4
 1147 0231 62       		.byte	0x62
 1148 0232 48020000 		.4byte	0x248
 1149 0236 02       		.byte	0x2
 1150 0237 23       		.byte	0x23
 1151 0238 00       		.uleb128 0x0
 1152 0239 06       		.uleb128 0x6
 1153 023a D2010000 		.4byte	.LASF23
 1154 023e 04       		.byte	0x4
 1155 023f 64       		.byte	0x64
 1156 0240 48020000 		.4byte	0x248
 1157 0244 02       		.byte	0x2
 1158 0245 23       		.byte	0x23
 1159 0246 04       		.uleb128 0x4
 1160 0247 00       		.byte	0x0
 1161 0248 09       		.uleb128 0x9
 1162 0249 04       		.byte	0x4
 1163 024a F3000000 		.4byte	0xf3
ARM GAS  /tmp/ccDwwoLY.s 			page 22


 1164 024e 04       		.uleb128 0x4
 1165 024f 96010000 		.4byte	.LASF41
 1166 0253 04       		.byte	0x4
 1167 0254 66       		.byte	0x66
 1168 0255 23020000 		.4byte	0x223
 1169 0259 08       		.uleb128 0x8
 1170 025a 04       		.byte	0x4
 1171 025b 04       		.byte	0x4
 1172 025c 6B       		.byte	0x6b
 1173 025d 70020000 		.4byte	0x270
 1174 0261 06       		.uleb128 0x6
 1175 0262 2F020000 		.4byte	.LASF22
 1176 0266 04       		.byte	0x4
 1177 0267 6D       		.byte	0x6d
 1178 0268 48020000 		.4byte	0x248
 1179 026c 02       		.byte	0x2
 1180 026d 23       		.byte	0x23
 1181 026e 00       		.uleb128 0x0
 1182 026f 00       		.byte	0x0
 1183 0270 04       		.uleb128 0x4
 1184 0271 4C010000 		.4byte	.LASF42
 1185 0275 04       		.byte	0x4
 1186 0276 70       		.byte	0x70
 1187 0277 59020000 		.4byte	0x259
 1188 027b 04       		.uleb128 0x4
 1189 027c BA000000 		.4byte	.LASF43
 1190 0280 06       		.byte	0x6
 1191 0281 D7       		.byte	0xd7
 1192 0282 86020000 		.4byte	0x286
 1193 0286 0A       		.uleb128 0xa
 1194 0287 04       		.byte	0x4
 1195 0288 04       		.uleb128 0x4
 1196 0289 6A010000 		.4byte	.LASF44
 1197 028d 06       		.byte	0x6
 1198 028e DD       		.byte	0xdd
 1199 028f 89000000 		.4byte	0x89
 1200 0293 05       		.uleb128 0x5
 1201 0294 B4020000 		.4byte	.LASF45
 1202 0298 24       		.byte	0x24
 1203 0299 06       		.byte	0x6
 1204 029a FE       		.byte	0xfe
 1205 029b 20030000 		.4byte	0x320
 1206 029f 0B       		.uleb128 0xb
 1207 02a0 723400   		.ascii	"r4\000"
 1208 02a3 06       		.byte	0x6
 1209 02a4 1101     		.2byte	0x111
 1210 02a6 7B020000 		.4byte	0x27b
 1211 02aa 02       		.byte	0x2
 1212 02ab 23       		.byte	0x23
 1213 02ac 00       		.uleb128 0x0
 1214 02ad 0B       		.uleb128 0xb
 1215 02ae 723500   		.ascii	"r5\000"
 1216 02b1 06       		.byte	0x6
 1217 02b2 1201     		.2byte	0x112
 1218 02b4 7B020000 		.4byte	0x27b
 1219 02b8 02       		.byte	0x2
 1220 02b9 23       		.byte	0x23
ARM GAS  /tmp/ccDwwoLY.s 			page 23


 1221 02ba 04       		.uleb128 0x4
 1222 02bb 0B       		.uleb128 0xb
 1223 02bc 723600   		.ascii	"r6\000"
 1224 02bf 06       		.byte	0x6
 1225 02c0 1301     		.2byte	0x113
 1226 02c2 7B020000 		.4byte	0x27b
 1227 02c6 02       		.byte	0x2
 1228 02c7 23       		.byte	0x23
 1229 02c8 08       		.uleb128 0x8
 1230 02c9 0B       		.uleb128 0xb
 1231 02ca 723700   		.ascii	"r7\000"
 1232 02cd 06       		.byte	0x6
 1233 02ce 1401     		.2byte	0x114
 1234 02d0 7B020000 		.4byte	0x27b
 1235 02d4 02       		.byte	0x2
 1236 02d5 23       		.byte	0x23
 1237 02d6 0C       		.uleb128 0xc
 1238 02d7 0B       		.uleb128 0xb
 1239 02d8 723800   		.ascii	"r8\000"
 1240 02db 06       		.byte	0x6
 1241 02dc 1501     		.2byte	0x115
 1242 02de 7B020000 		.4byte	0x27b
 1243 02e2 02       		.byte	0x2
 1244 02e3 23       		.byte	0x23
 1245 02e4 10       		.uleb128 0x10
 1246 02e5 0B       		.uleb128 0xb
 1247 02e6 723900   		.ascii	"r9\000"
 1248 02e9 06       		.byte	0x6
 1249 02ea 1601     		.2byte	0x116
 1250 02ec 7B020000 		.4byte	0x27b
 1251 02f0 02       		.byte	0x2
 1252 02f1 23       		.byte	0x23
 1253 02f2 14       		.uleb128 0x14
 1254 02f3 0B       		.uleb128 0xb
 1255 02f4 72313000 		.ascii	"r10\000"
 1256 02f8 06       		.byte	0x6
 1257 02f9 1701     		.2byte	0x117
 1258 02fb 7B020000 		.4byte	0x27b
 1259 02ff 02       		.byte	0x2
 1260 0300 23       		.byte	0x23
 1261 0301 18       		.uleb128 0x18
 1262 0302 0B       		.uleb128 0xb
 1263 0303 72313100 		.ascii	"r11\000"
 1264 0307 06       		.byte	0x6
 1265 0308 1801     		.2byte	0x118
 1266 030a 7B020000 		.4byte	0x27b
 1267 030e 02       		.byte	0x2
 1268 030f 23       		.byte	0x23
 1269 0310 1C       		.uleb128 0x1c
 1270 0311 0B       		.uleb128 0xb
 1271 0312 6C7200   		.ascii	"lr\000"
 1272 0315 06       		.byte	0x6
 1273 0316 1901     		.2byte	0x119
 1274 0318 7B020000 		.4byte	0x27b
 1275 031c 02       		.byte	0x2
 1276 031d 23       		.byte	0x23
 1277 031e 20       		.uleb128 0x20
ARM GAS  /tmp/ccDwwoLY.s 			page 24


 1278 031f 00       		.byte	0x0
 1279 0320 0C       		.uleb128 0xc
 1280 0321 00010000 		.4byte	.LASF46
 1281 0325 04       		.byte	0x4
 1282 0326 06       		.byte	0x6
 1283 0327 2301     		.2byte	0x123
 1284 0329 3D030000 		.4byte	0x33d
 1285 032d 0B       		.uleb128 0xb
 1286 032e 72313300 		.ascii	"r13\000"
 1287 0332 06       		.byte	0x6
 1288 0333 2401     		.2byte	0x124
 1289 0335 3D030000 		.4byte	0x33d
 1290 0339 02       		.byte	0x2
 1291 033a 23       		.byte	0x23
 1292 033b 00       		.uleb128 0x0
 1293 033c 00       		.byte	0x0
 1294 033d 09       		.uleb128 0x9
 1295 033e 04       		.byte	0x4
 1296 033f 93020000 		.4byte	0x293
 1297 0343 0D       		.uleb128 0xd
 1298 0344 DD000000 		.4byte	0xdd
 1299 0348 08       		.uleb128 0x8
 1300 0349 20       		.byte	0x20
 1301 034a 07       		.byte	0x7
 1302 034b 5E       		.byte	0x5e
 1303 034c B3030000 		.4byte	0x3b3
 1304 0350 06       		.uleb128 0x6
 1305 0351 61020000 		.4byte	.LASF47
 1306 0355 07       		.byte	0x7
 1307 0356 5F       		.byte	0x5f
 1308 0357 4E020000 		.4byte	0x24e
 1309 035b 02       		.byte	0x2
 1310 035c 23       		.byte	0x23
 1311 035d 00       		.uleb128 0x0
 1312 035e 06       		.uleb128 0x6
 1313 035f 21020000 		.4byte	.LASF48
 1314 0363 07       		.byte	0x7
 1315 0364 60       		.byte	0x60
 1316 0365 BC000000 		.4byte	0xbc
 1317 0369 02       		.byte	0x2
 1318 036a 23       		.byte	0x23
 1319 036b 08       		.uleb128 0x8
 1320 036c 06       		.uleb128 0x6
 1321 036d 90010000 		.4byte	.LASF49
 1322 0371 07       		.byte	0x7
 1323 0372 62       		.byte	0x62
 1324 0373 20030000 		.4byte	0x320
 1325 0377 02       		.byte	0x2
 1326 0378 23       		.byte	0x23
 1327 0379 0C       		.uleb128 0xc
 1328 037a 06       		.uleb128 0x6
 1329 037b B2000000 		.4byte	.LASF50
 1330 037f 07       		.byte	0x7
 1331 0380 65       		.byte	0x65
 1332 0381 48020000 		.4byte	0x248
 1333 0385 02       		.byte	0x2
 1334 0386 23       		.byte	0x23
ARM GAS  /tmp/ccDwwoLY.s 			page 25


 1335 0387 10       		.uleb128 0x10
 1336 0388 06       		.uleb128 0x6
 1337 0389 B2010000 		.4byte	.LASF51
 1338 038d 07       		.byte	0x7
 1339 038e 66       		.byte	0x66
 1340 038f 48020000 		.4byte	0x248
 1341 0393 02       		.byte	0x2
 1342 0394 23       		.byte	0x23
 1343 0395 14       		.uleb128 0x14
 1344 0396 06       		.uleb128 0x6
 1345 0397 2D030000 		.4byte	.LASF52
 1346 039b 07       		.byte	0x7
 1347 039c 6A       		.byte	0x6a
 1348 039d E8000000 		.4byte	0xe8
 1349 03a1 02       		.byte	0x2
 1350 03a2 23       		.byte	0x23
 1351 03a3 18       		.uleb128 0x18
 1352 03a4 06       		.uleb128 0x6
 1353 03a5 A8010000 		.4byte	.LASF53
 1354 03a9 07       		.byte	0x7
 1355 03aa 6C       		.byte	0x6c
 1356 03ab 48020000 		.4byte	0x248
 1357 03af 02       		.byte	0x2
 1358 03b0 23       		.byte	0x23
 1359 03b1 1C       		.uleb128 0x1c
 1360 03b2 00       		.byte	0x0
 1361 03b3 04       		.uleb128 0x4
 1362 03b4 CD020000 		.4byte	.LASF54
 1363 03b8 07       		.byte	0x7
 1364 03b9 6E       		.byte	0x6e
 1365 03ba 48030000 		.4byte	0x348
 1366 03be 05       		.uleb128 0x5
 1367 03bf 64010000 		.4byte	.LASF55
 1368 03c3 10       		.byte	0x10
 1369 03c4 08       		.byte	0x8
 1370 03c5 2C       		.byte	0x2c
 1371 03c6 F5030000 		.4byte	0x3f5
 1372 03ca 06       		.uleb128 0x6
 1373 03cb 81000000 		.4byte	.LASF56
 1374 03cf 08       		.byte	0x8
 1375 03d0 2D       		.byte	0x2d
 1376 03d1 4E020000 		.4byte	0x24e
 1377 03d5 02       		.byte	0x2
 1378 03d6 23       		.byte	0x23
 1379 03d7 00       		.uleb128 0x0
 1380 03d8 06       		.uleb128 0x6
 1381 03d9 37030000 		.4byte	.LASF57
 1382 03dd 08       		.byte	0x8
 1383 03de 2F       		.byte	0x2f
 1384 03df 48020000 		.4byte	0x248
 1385 03e3 02       		.byte	0x2
 1386 03e4 23       		.byte	0x23
 1387 03e5 08       		.uleb128 0x8
 1388 03e6 06       		.uleb128 0x6
 1389 03e7 7A020000 		.4byte	.LASF58
 1390 03eb 08       		.byte	0x8
 1391 03ec 31       		.byte	0x31
ARM GAS  /tmp/ccDwwoLY.s 			page 26


 1392 03ed F5030000 		.4byte	0x3f5
 1393 03f1 02       		.byte	0x2
 1394 03f2 23       		.byte	0x23
 1395 03f3 0C       		.uleb128 0xc
 1396 03f4 00       		.byte	0x0
 1397 03f5 09       		.uleb128 0x9
 1398 03f6 04       		.byte	0x4
 1399 03f7 BE030000 		.4byte	0x3be
 1400 03fb 04       		.uleb128 0x4
 1401 03fc 64010000 		.4byte	.LASF55
 1402 0400 08       		.byte	0x8
 1403 0401 33       		.byte	0x33
 1404 0402 BE030000 		.4byte	0x3be
 1405 0406 05       		.uleb128 0x5
 1406 0407 90000000 		.4byte	.LASF59
 1407 040b 08       		.byte	0x8
 1408 040c 09       		.byte	0x9
 1409 040d 36       		.byte	0x36
 1410 040e 21040000 		.4byte	0x421
 1411 0412 06       		.uleb128 0x6
 1412 0413 45020000 		.4byte	.LASF60
 1413 0417 09       		.byte	0x9
 1414 0418 37       		.byte	0x37
 1415 0419 4E020000 		.4byte	0x24e
 1416 041d 02       		.byte	0x2
 1417 041e 23       		.byte	0x23
 1418 041f 00       		.uleb128 0x0
 1419 0420 00       		.byte	0x0
 1420 0421 04       		.uleb128 0x4
 1421 0422 90000000 		.4byte	.LASF59
 1422 0426 09       		.byte	0x9
 1423 0427 38       		.byte	0x38
 1424 0428 06040000 		.4byte	0x406
 1425 042c 0E       		.uleb128 0xe
 1426 042d 04       		.byte	0x4
 1427 042e 05       		.byte	0x5
 1428 042f 90       		.byte	0x90
 1429 0430 61040000 		.4byte	0x461
 1430 0434 0F       		.uleb128 0xf
 1431 0435 17000000 		.4byte	.LASF61
 1432 0439 05       		.byte	0x5
 1433 043a 97       		.byte	0x97
 1434 043b C7000000 		.4byte	0xc7
 1435 043f 0F       		.uleb128 0xf
 1436 0440 3E000000 		.4byte	.LASF62
 1437 0444 05       		.byte	0x5
 1438 0445 9E       		.byte	0x9e
 1439 0446 C7000000 		.4byte	0xc7
 1440 044a 0F       		.uleb128 0xf
 1441 044b 89000000 		.4byte	.LASF63
 1442 044f 05       		.byte	0x5
 1443 0450 A5       		.byte	0xa5
 1444 0451 86020000 		.4byte	0x286
 1445 0455 0F       		.uleb128 0xf
 1446 0456 28020000 		.4byte	.LASF64
 1447 045a 05       		.byte	0x5
 1448 045b AC       		.byte	0xac
ARM GAS  /tmp/ccDwwoLY.s 			page 27


 1449 045c D2000000 		.4byte	0xd2
 1450 0460 00       		.byte	0x0
 1451 0461 09       		.uleb128 0x9
 1452 0462 04       		.byte	0x4
 1453 0463 67040000 		.4byte	0x467
 1454 0467 10       		.uleb128 0x10
 1455 0468 6C040000 		.4byte	0x46c
 1456 046c 03       		.uleb128 0x3
 1457 046d 01       		.byte	0x1
 1458 046e 08       		.byte	0x8
 1459 046f 69020000 		.4byte	.LASF65
 1460 0473 09       		.uleb128 0x9
 1461 0474 04       		.byte	0x4
 1462 0475 88020000 		.4byte	0x288
 1463 0479 09       		.uleb128 0x9
 1464 047a 04       		.byte	0x4
 1465 047b FB030000 		.4byte	0x3fb
 1466 047f 11       		.uleb128 0x11
 1467 0480 01       		.byte	0x1
 1468 0481 0C000000 		.4byte	.LASF66
 1469 0485 01       		.byte	0x1
 1470 0486 3B       		.byte	0x3b
 1471 0487 01       		.byte	0x1
 1472 0488 00000000 		.4byte	.LFB0
 1473 048c 18000000 		.4byte	.LFE0
 1474 0490 00000000 		.4byte	.LLST0
 1475 0494 A7040000 		.4byte	0x4a7
 1476 0498 12       		.uleb128 0x12
 1477 0499 637000   		.ascii	"cp\000"
 1478 049c 01       		.byte	0x1
 1479 049d 3B       		.byte	0x3b
 1480 049e A7040000 		.4byte	0x4a7
 1481 04a2 20000000 		.4byte	.LLST1
 1482 04a6 00       		.byte	0x0
 1483 04a7 09       		.uleb128 0x9
 1484 04a8 04       		.byte	0x4
 1485 04a9 21040000 		.4byte	0x421
 1486 04ad 11       		.uleb128 0x11
 1487 04ae 01       		.byte	0x1
 1488 04af C3000000 		.4byte	.LASF67
 1489 04b3 01       		.byte	0x1
 1490 04b4 49       		.byte	0x49
 1491 04b5 01       		.byte	0x1
 1492 04b6 00000000 		.4byte	.LFB1
 1493 04ba 34000000 		.4byte	.LFE1
 1494 04be 3E000000 		.4byte	.LLST2
 1495 04c2 D5040000 		.4byte	0x4d5
 1496 04c6 12       		.uleb128 0x12
 1497 04c7 637000   		.ascii	"cp\000"
 1498 04ca 01       		.byte	0x1
 1499 04cb 49       		.byte	0x49
 1500 04cc A7040000 		.4byte	0x4a7
 1501 04d0 5E000000 		.4byte	.LLST3
 1502 04d4 00       		.byte	0x0
 1503 04d5 11       		.uleb128 0x11
 1504 04d6 01       		.byte	0x1
 1505 04d7 E1010000 		.4byte	.LASF68
ARM GAS  /tmp/ccDwwoLY.s 			page 28


 1506 04db 01       		.byte	0x1
 1507 04dc 5E       		.byte	0x5e
 1508 04dd 01       		.byte	0x1
 1509 04de 00000000 		.4byte	.LFB2
 1510 04e2 2C000000 		.4byte	.LFE2
 1511 04e6 7C000000 		.4byte	.LLST4
 1512 04ea FD040000 		.4byte	0x4fd
 1513 04ee 12       		.uleb128 0x12
 1514 04ef 637000   		.ascii	"cp\000"
 1515 04f2 01       		.byte	0x1
 1516 04f3 5E       		.byte	0x5e
 1517 04f4 A7040000 		.4byte	0x4a7
 1518 04f8 9C000000 		.4byte	.LLST5
 1519 04fc 00       		.byte	0x0
 1520 04fd 11       		.uleb128 0x11
 1521 04fe 01       		.byte	0x1
 1522 04ff 47000000 		.4byte	.LASF69
 1523 0503 01       		.byte	0x1
 1524 0504 81       		.byte	0x81
 1525 0505 01       		.byte	0x1
 1526 0506 00000000 		.4byte	.LFB4
 1527 050a 30000000 		.4byte	.LFE4
 1528 050e BA000000 		.4byte	.LLST6
 1529 0512 25050000 		.4byte	0x525
 1530 0516 12       		.uleb128 0x12
 1531 0517 637000   		.ascii	"cp\000"
 1532 051a 01       		.byte	0x1
 1533 051b 81       		.byte	0x81
 1534 051c A7040000 		.4byte	0x4a7
 1535 0520 DA000000 		.4byte	.LLST7
 1536 0524 00       		.byte	0x0
 1537 0525 11       		.uleb128 0x11
 1538 0526 01       		.byte	0x1
 1539 0527 BA010000 		.4byte	.LASF70
 1540 052b 01       		.byte	0x1
 1541 052c 6E       		.byte	0x6e
 1542 052d 01       		.byte	0x1
 1543 052e 00000000 		.4byte	.LFB3
 1544 0532 20000000 		.4byte	.LFE3
 1545 0536 F8000000 		.4byte	.LLST8
 1546 053a 4D050000 		.4byte	0x54d
 1547 053e 12       		.uleb128 0x12
 1548 053f 637000   		.ascii	"cp\000"
 1549 0542 01       		.byte	0x1
 1550 0543 6E       		.byte	0x6e
 1551 0544 A7040000 		.4byte	0x4a7
 1552 0548 18010000 		.4byte	.LLST9
 1553 054c 00       		.byte	0x0
 1554 054d 13       		.uleb128 0x13
 1555 054e 01       		.byte	0x1
 1556 054f 6E020000 		.4byte	.LASF71
 1557 0553 01       		.byte	0x1
 1558 0554 B8       		.byte	0xb8
 1559 0555 01       		.byte	0x1
 1560 0556 C7000000 		.4byte	0xc7
 1561 055a 00000000 		.4byte	.LFB6
 1562 055e 4C000000 		.4byte	.LFE6
ARM GAS  /tmp/ccDwwoLY.s 			page 29


 1563 0562 36010000 		.4byte	.LLST10
 1564 0566 A3050000 		.4byte	0x5a3
 1565 056a 12       		.uleb128 0x12
 1566 056b 637000   		.ascii	"cp\000"
 1567 056e 01       		.byte	0x1
 1568 056f B8       		.byte	0xb8
 1569 0570 A7040000 		.4byte	0x4a7
 1570 0574 56010000 		.4byte	.LLST11
 1571 0578 14       		.uleb128 0x14
 1572 0579 63747000 		.ascii	"ctp\000"
 1573 057d 01       		.byte	0x1
 1574 057e B9       		.byte	0xb9
 1575 057f 48020000 		.4byte	0x248
 1576 0583 74010000 		.4byte	.LLST12
 1577 0587 14       		.uleb128 0x14
 1578 0588 6D7000   		.ascii	"mp\000"
 1579 058b 01       		.byte	0x1
 1580 058c BA       		.byte	0xba
 1581 058d 79040000 		.4byte	0x479
 1582 0591 93010000 		.4byte	.LLST13
 1583 0595 15       		.uleb128 0x15
 1584 0596 6D736700 		.ascii	"msg\000"
 1585 059a 01       		.byte	0x1
 1586 059b BB       		.byte	0xbb
 1587 059c C7000000 		.4byte	0xc7
 1588 05a0 01       		.byte	0x1
 1589 05a1 54       		.byte	0x54
 1590 05a2 00       		.byte	0x0
 1591 05a3 13       		.uleb128 0x13
 1592 05a4 01       		.byte	0x1
 1593 05a5 96020000 		.4byte	.LASF72
 1594 05a9 01       		.byte	0x1
 1595 05aa 9E       		.byte	0x9e
 1596 05ab 01       		.byte	0x1
 1597 05ac C7000000 		.4byte	0xc7
 1598 05b0 00000000 		.4byte	.LFB5
 1599 05b4 20000000 		.4byte	.LFE5
 1600 05b8 B1010000 		.4byte	.LLST14
 1601 05bc DE050000 		.4byte	0x5de
 1602 05c0 12       		.uleb128 0x12
 1603 05c1 637000   		.ascii	"cp\000"
 1604 05c4 01       		.byte	0x1
 1605 05c5 9E       		.byte	0x9e
 1606 05c6 A7040000 		.4byte	0x4a7
 1607 05ca D1010000 		.4byte	.LLST15
 1608 05ce 14       		.uleb128 0x14
 1609 05cf 6D736700 		.ascii	"msg\000"
 1610 05d3 01       		.byte	0x1
 1611 05d4 9F       		.byte	0x9f
 1612 05d5 C7000000 		.4byte	0xc7
 1613 05d9 EF010000 		.4byte	.LLST16
 1614 05dd 00       		.byte	0x0
 1615 05de 16       		.uleb128 0x16
 1616 05df 01       		.byte	0x1
 1617 05e0 75010000 		.4byte	.LASF73
 1618 05e4 01       		.byte	0x1
 1619 05e5 0E01     		.2byte	0x10e
ARM GAS  /tmp/ccDwwoLY.s 			page 30


 1620 05e7 01       		.byte	0x1
 1621 05e8 C7000000 		.4byte	0xc7
 1622 05ec 00000000 		.4byte	.LFB8
 1623 05f0 58000000 		.4byte	.LFE8
 1624 05f4 0D020000 		.4byte	.LLST17
 1625 05f8 3B060000 		.4byte	0x63b
 1626 05fc 17       		.uleb128 0x17
 1627 05fd 637000   		.ascii	"cp\000"
 1628 0600 01       		.byte	0x1
 1629 0601 0E01     		.2byte	0x10e
 1630 0603 A7040000 		.4byte	0x4a7
 1631 0607 2D020000 		.4byte	.LLST18
 1632 060b 18       		.uleb128 0x18
 1633 060c A3010000 		.4byte	.LASF74
 1634 0610 01       		.byte	0x1
 1635 0611 0E01     		.2byte	0x10e
 1636 0613 DD000000 		.4byte	0xdd
 1637 0617 4B020000 		.4byte	.LLST19
 1638 061b 19       		.uleb128 0x19
 1639 061c 6D7000   		.ascii	"mp\000"
 1640 061f 01       		.byte	0x1
 1641 0620 0F01     		.2byte	0x10f
 1642 0622 79040000 		.4byte	0x479
 1643 0626 69020000 		.4byte	.LLST20
 1644 062a 19       		.uleb128 0x19
 1645 062b 6D736700 		.ascii	"msg\000"
 1646 062f 01       		.byte	0x1
 1647 0630 1001     		.2byte	0x110
 1648 0632 C7000000 		.4byte	0xc7
 1649 0636 87020000 		.4byte	.LLST21
 1650 063a 00       		.byte	0x0
 1651 063b 13       		.uleb128 0x13
 1652 063c 01       		.byte	0x1
 1653 063d 1B030000 		.4byte	.LASF75
 1654 0641 01       		.byte	0x1
 1655 0642 E9       		.byte	0xe9
 1656 0643 01       		.byte	0x1
 1657 0644 C7000000 		.4byte	0xc7
 1658 0648 00000000 		.4byte	.LFB7
 1659 064c 24000000 		.4byte	.LFE7
 1660 0650 A5020000 		.4byte	.LLST22
 1661 0654 85060000 		.4byte	0x685
 1662 0658 12       		.uleb128 0x12
 1663 0659 637000   		.ascii	"cp\000"
 1664 065c 01       		.byte	0x1
 1665 065d E9       		.byte	0xe9
 1666 065e A7040000 		.4byte	0x4a7
 1667 0662 C5020000 		.4byte	.LLST23
 1668 0666 1A       		.uleb128 0x1a
 1669 0667 A3010000 		.4byte	.LASF74
 1670 066b 01       		.byte	0x1
 1671 066c E9       		.byte	0xe9
 1672 066d DD000000 		.4byte	0xdd
 1673 0671 E3020000 		.4byte	.LLST24
 1674 0675 14       		.uleb128 0x14
 1675 0676 6D736700 		.ascii	"msg\000"
 1676 067a 01       		.byte	0x1
ARM GAS  /tmp/ccDwwoLY.s 			page 31


 1677 067b EA       		.byte	0xea
 1678 067c C7000000 		.4byte	0xc7
 1679 0680 01030000 		.4byte	.LLST25
 1680 0684 00       		.byte	0x0
 1681 0685 1B       		.uleb128 0x1b
 1682 0686 06000000 		.4byte	.LASF76
 1683 068a 07       		.byte	0x7
 1684 068b 72       		.byte	0x72
 1685 068c B3030000 		.4byte	0x3b3
 1686 0690 01       		.byte	0x1
 1687 0691 01       		.byte	0x1
 1688 0692 1B       		.uleb128 0x1b
 1689 0693 06000000 		.4byte	.LASF76
 1690 0697 07       		.byte	0x7
 1691 0698 72       		.byte	0x72
 1692 0699 B3030000 		.4byte	0x3b3
 1693 069d 01       		.byte	0x1
 1694 069e 01       		.byte	0x1
 1695 069f 00       		.byte	0x0
 1696              		.section	.debug_abbrev
 1697 0000 01       		.uleb128 0x1
 1698 0001 11       		.uleb128 0x11
 1699 0002 01       		.byte	0x1
 1700 0003 25       		.uleb128 0x25
 1701 0004 0E       		.uleb128 0xe
 1702 0005 13       		.uleb128 0x13
 1703 0006 0B       		.uleb128 0xb
 1704 0007 03       		.uleb128 0x3
 1705 0008 0E       		.uleb128 0xe
 1706 0009 1B       		.uleb128 0x1b
 1707 000a 0E       		.uleb128 0xe
 1708 000b 11       		.uleb128 0x11
 1709 000c 01       		.uleb128 0x1
 1710 000d 52       		.uleb128 0x52
 1711 000e 01       		.uleb128 0x1
 1712 000f 55       		.uleb128 0x55
 1713 0010 06       		.uleb128 0x6
 1714 0011 10       		.uleb128 0x10
 1715 0012 06       		.uleb128 0x6
 1716 0013 00       		.byte	0x0
 1717 0014 00       		.byte	0x0
 1718 0015 02       		.uleb128 0x2
 1719 0016 24       		.uleb128 0x24
 1720 0017 00       		.byte	0x0
 1721 0018 0B       		.uleb128 0xb
 1722 0019 0B       		.uleb128 0xb
 1723 001a 3E       		.uleb128 0x3e
 1724 001b 0B       		.uleb128 0xb
 1725 001c 03       		.uleb128 0x3
 1726 001d 08       		.uleb128 0x8
 1727 001e 00       		.byte	0x0
 1728 001f 00       		.byte	0x0
 1729 0020 03       		.uleb128 0x3
 1730 0021 24       		.uleb128 0x24
 1731 0022 00       		.byte	0x0
 1732 0023 0B       		.uleb128 0xb
 1733 0024 0B       		.uleb128 0xb
ARM GAS  /tmp/ccDwwoLY.s 			page 32


 1734 0025 3E       		.uleb128 0x3e
 1735 0026 0B       		.uleb128 0xb
 1736 0027 03       		.uleb128 0x3
 1737 0028 0E       		.uleb128 0xe
 1738 0029 00       		.byte	0x0
 1739 002a 00       		.byte	0x0
 1740 002b 04       		.uleb128 0x4
 1741 002c 16       		.uleb128 0x16
 1742 002d 00       		.byte	0x0
 1743 002e 03       		.uleb128 0x3
 1744 002f 0E       		.uleb128 0xe
 1745 0030 3A       		.uleb128 0x3a
 1746 0031 0B       		.uleb128 0xb
 1747 0032 3B       		.uleb128 0x3b
 1748 0033 0B       		.uleb128 0xb
 1749 0034 49       		.uleb128 0x49
 1750 0035 13       		.uleb128 0x13
 1751 0036 00       		.byte	0x0
 1752 0037 00       		.byte	0x0
 1753 0038 05       		.uleb128 0x5
 1754 0039 13       		.uleb128 0x13
 1755 003a 01       		.byte	0x1
 1756 003b 03       		.uleb128 0x3
 1757 003c 0E       		.uleb128 0xe
 1758 003d 0B       		.uleb128 0xb
 1759 003e 0B       		.uleb128 0xb
 1760 003f 3A       		.uleb128 0x3a
 1761 0040 0B       		.uleb128 0xb
 1762 0041 3B       		.uleb128 0x3b
 1763 0042 0B       		.uleb128 0xb
 1764 0043 01       		.uleb128 0x1
 1765 0044 13       		.uleb128 0x13
 1766 0045 00       		.byte	0x0
 1767 0046 00       		.byte	0x0
 1768 0047 06       		.uleb128 0x6
 1769 0048 0D       		.uleb128 0xd
 1770 0049 00       		.byte	0x0
 1771 004a 03       		.uleb128 0x3
 1772 004b 0E       		.uleb128 0xe
 1773 004c 3A       		.uleb128 0x3a
 1774 004d 0B       		.uleb128 0xb
 1775 004e 3B       		.uleb128 0x3b
 1776 004f 0B       		.uleb128 0xb
 1777 0050 49       		.uleb128 0x49
 1778 0051 13       		.uleb128 0x13
 1779 0052 38       		.uleb128 0x38
 1780 0053 0A       		.uleb128 0xa
 1781 0054 00       		.byte	0x0
 1782 0055 00       		.byte	0x0
 1783 0056 07       		.uleb128 0x7
 1784 0057 0D       		.uleb128 0xd
 1785 0058 00       		.byte	0x0
 1786 0059 03       		.uleb128 0x3
 1787 005a 08       		.uleb128 0x8
 1788 005b 3A       		.uleb128 0x3a
 1789 005c 0B       		.uleb128 0xb
 1790 005d 3B       		.uleb128 0x3b
ARM GAS  /tmp/ccDwwoLY.s 			page 33


 1791 005e 0B       		.uleb128 0xb
 1792 005f 49       		.uleb128 0x49
 1793 0060 13       		.uleb128 0x13
 1794 0061 38       		.uleb128 0x38
 1795 0062 0A       		.uleb128 0xa
 1796 0063 00       		.byte	0x0
 1797 0064 00       		.byte	0x0
 1798 0065 08       		.uleb128 0x8
 1799 0066 13       		.uleb128 0x13
 1800 0067 01       		.byte	0x1
 1801 0068 0B       		.uleb128 0xb
 1802 0069 0B       		.uleb128 0xb
 1803 006a 3A       		.uleb128 0x3a
 1804 006b 0B       		.uleb128 0xb
 1805 006c 3B       		.uleb128 0x3b
 1806 006d 0B       		.uleb128 0xb
 1807 006e 01       		.uleb128 0x1
 1808 006f 13       		.uleb128 0x13
 1809 0070 00       		.byte	0x0
 1810 0071 00       		.byte	0x0
 1811 0072 09       		.uleb128 0x9
 1812 0073 0F       		.uleb128 0xf
 1813 0074 00       		.byte	0x0
 1814 0075 0B       		.uleb128 0xb
 1815 0076 0B       		.uleb128 0xb
 1816 0077 49       		.uleb128 0x49
 1817 0078 13       		.uleb128 0x13
 1818 0079 00       		.byte	0x0
 1819 007a 00       		.byte	0x0
 1820 007b 0A       		.uleb128 0xa
 1821 007c 0F       		.uleb128 0xf
 1822 007d 00       		.byte	0x0
 1823 007e 0B       		.uleb128 0xb
 1824 007f 0B       		.uleb128 0xb
 1825 0080 00       		.byte	0x0
 1826 0081 00       		.byte	0x0
 1827 0082 0B       		.uleb128 0xb
 1828 0083 0D       		.uleb128 0xd
 1829 0084 00       		.byte	0x0
 1830 0085 03       		.uleb128 0x3
 1831 0086 08       		.uleb128 0x8
 1832 0087 3A       		.uleb128 0x3a
 1833 0088 0B       		.uleb128 0xb
 1834 0089 3B       		.uleb128 0x3b
 1835 008a 05       		.uleb128 0x5
 1836 008b 49       		.uleb128 0x49
 1837 008c 13       		.uleb128 0x13
 1838 008d 38       		.uleb128 0x38
 1839 008e 0A       		.uleb128 0xa
 1840 008f 00       		.byte	0x0
 1841 0090 00       		.byte	0x0
 1842 0091 0C       		.uleb128 0xc
 1843 0092 13       		.uleb128 0x13
 1844 0093 01       		.byte	0x1
 1845 0094 03       		.uleb128 0x3
 1846 0095 0E       		.uleb128 0xe
 1847 0096 0B       		.uleb128 0xb
ARM GAS  /tmp/ccDwwoLY.s 			page 34


 1848 0097 0B       		.uleb128 0xb
 1849 0098 3A       		.uleb128 0x3a
 1850 0099 0B       		.uleb128 0xb
 1851 009a 3B       		.uleb128 0x3b
 1852 009b 05       		.uleb128 0x5
 1853 009c 01       		.uleb128 0x1
 1854 009d 13       		.uleb128 0x13
 1855 009e 00       		.byte	0x0
 1856 009f 00       		.byte	0x0
 1857 00a0 0D       		.uleb128 0xd
 1858 00a1 35       		.uleb128 0x35
 1859 00a2 00       		.byte	0x0
 1860 00a3 49       		.uleb128 0x49
 1861 00a4 13       		.uleb128 0x13
 1862 00a5 00       		.byte	0x0
 1863 00a6 00       		.byte	0x0
 1864 00a7 0E       		.uleb128 0xe
 1865 00a8 17       		.uleb128 0x17
 1866 00a9 01       		.byte	0x1
 1867 00aa 0B       		.uleb128 0xb
 1868 00ab 0B       		.uleb128 0xb
 1869 00ac 3A       		.uleb128 0x3a
 1870 00ad 0B       		.uleb128 0xb
 1871 00ae 3B       		.uleb128 0x3b
 1872 00af 0B       		.uleb128 0xb
 1873 00b0 01       		.uleb128 0x1
 1874 00b1 13       		.uleb128 0x13
 1875 00b2 00       		.byte	0x0
 1876 00b3 00       		.byte	0x0
 1877 00b4 0F       		.uleb128 0xf
 1878 00b5 0D       		.uleb128 0xd
 1879 00b6 00       		.byte	0x0
 1880 00b7 03       		.uleb128 0x3
 1881 00b8 0E       		.uleb128 0xe
 1882 00b9 3A       		.uleb128 0x3a
 1883 00ba 0B       		.uleb128 0xb
 1884 00bb 3B       		.uleb128 0x3b
 1885 00bc 0B       		.uleb128 0xb
 1886 00bd 49       		.uleb128 0x49
 1887 00be 13       		.uleb128 0x13
 1888 00bf 00       		.byte	0x0
 1889 00c0 00       		.byte	0x0
 1890 00c1 10       		.uleb128 0x10
 1891 00c2 26       		.uleb128 0x26
 1892 00c3 00       		.byte	0x0
 1893 00c4 49       		.uleb128 0x49
 1894 00c5 13       		.uleb128 0x13
 1895 00c6 00       		.byte	0x0
 1896 00c7 00       		.byte	0x0
 1897 00c8 11       		.uleb128 0x11
 1898 00c9 2E       		.uleb128 0x2e
 1899 00ca 01       		.byte	0x1
 1900 00cb 3F       		.uleb128 0x3f
 1901 00cc 0C       		.uleb128 0xc
 1902 00cd 03       		.uleb128 0x3
 1903 00ce 0E       		.uleb128 0xe
 1904 00cf 3A       		.uleb128 0x3a
ARM GAS  /tmp/ccDwwoLY.s 			page 35


 1905 00d0 0B       		.uleb128 0xb
 1906 00d1 3B       		.uleb128 0x3b
 1907 00d2 0B       		.uleb128 0xb
 1908 00d3 27       		.uleb128 0x27
 1909 00d4 0C       		.uleb128 0xc
 1910 00d5 11       		.uleb128 0x11
 1911 00d6 01       		.uleb128 0x1
 1912 00d7 12       		.uleb128 0x12
 1913 00d8 01       		.uleb128 0x1
 1914 00d9 40       		.uleb128 0x40
 1915 00da 06       		.uleb128 0x6
 1916 00db 01       		.uleb128 0x1
 1917 00dc 13       		.uleb128 0x13
 1918 00dd 00       		.byte	0x0
 1919 00de 00       		.byte	0x0
 1920 00df 12       		.uleb128 0x12
 1921 00e0 05       		.uleb128 0x5
 1922 00e1 00       		.byte	0x0
 1923 00e2 03       		.uleb128 0x3
 1924 00e3 08       		.uleb128 0x8
 1925 00e4 3A       		.uleb128 0x3a
 1926 00e5 0B       		.uleb128 0xb
 1927 00e6 3B       		.uleb128 0x3b
 1928 00e7 0B       		.uleb128 0xb
 1929 00e8 49       		.uleb128 0x49
 1930 00e9 13       		.uleb128 0x13
 1931 00ea 02       		.uleb128 0x2
 1932 00eb 06       		.uleb128 0x6
 1933 00ec 00       		.byte	0x0
 1934 00ed 00       		.byte	0x0
 1935 00ee 13       		.uleb128 0x13
 1936 00ef 2E       		.uleb128 0x2e
 1937 00f0 01       		.byte	0x1
 1938 00f1 3F       		.uleb128 0x3f
 1939 00f2 0C       		.uleb128 0xc
 1940 00f3 03       		.uleb128 0x3
 1941 00f4 0E       		.uleb128 0xe
 1942 00f5 3A       		.uleb128 0x3a
 1943 00f6 0B       		.uleb128 0xb
 1944 00f7 3B       		.uleb128 0x3b
 1945 00f8 0B       		.uleb128 0xb
 1946 00f9 27       		.uleb128 0x27
 1947 00fa 0C       		.uleb128 0xc
 1948 00fb 49       		.uleb128 0x49
 1949 00fc 13       		.uleb128 0x13
 1950 00fd 11       		.uleb128 0x11
 1951 00fe 01       		.uleb128 0x1
 1952 00ff 12       		.uleb128 0x12
 1953 0100 01       		.uleb128 0x1
 1954 0101 40       		.uleb128 0x40
 1955 0102 06       		.uleb128 0x6
 1956 0103 01       		.uleb128 0x1
 1957 0104 13       		.uleb128 0x13
 1958 0105 00       		.byte	0x0
 1959 0106 00       		.byte	0x0
 1960 0107 14       		.uleb128 0x14
 1961 0108 34       		.uleb128 0x34
ARM GAS  /tmp/ccDwwoLY.s 			page 36


 1962 0109 00       		.byte	0x0
 1963 010a 03       		.uleb128 0x3
 1964 010b 08       		.uleb128 0x8
 1965 010c 3A       		.uleb128 0x3a
 1966 010d 0B       		.uleb128 0xb
 1967 010e 3B       		.uleb128 0x3b
 1968 010f 0B       		.uleb128 0xb
 1969 0110 49       		.uleb128 0x49
 1970 0111 13       		.uleb128 0x13
 1971 0112 02       		.uleb128 0x2
 1972 0113 06       		.uleb128 0x6
 1973 0114 00       		.byte	0x0
 1974 0115 00       		.byte	0x0
 1975 0116 15       		.uleb128 0x15
 1976 0117 34       		.uleb128 0x34
 1977 0118 00       		.byte	0x0
 1978 0119 03       		.uleb128 0x3
 1979 011a 08       		.uleb128 0x8
 1980 011b 3A       		.uleb128 0x3a
 1981 011c 0B       		.uleb128 0xb
 1982 011d 3B       		.uleb128 0x3b
 1983 011e 0B       		.uleb128 0xb
 1984 011f 49       		.uleb128 0x49
 1985 0120 13       		.uleb128 0x13
 1986 0121 02       		.uleb128 0x2
 1987 0122 0A       		.uleb128 0xa
 1988 0123 00       		.byte	0x0
 1989 0124 00       		.byte	0x0
 1990 0125 16       		.uleb128 0x16
 1991 0126 2E       		.uleb128 0x2e
 1992 0127 01       		.byte	0x1
 1993 0128 3F       		.uleb128 0x3f
 1994 0129 0C       		.uleb128 0xc
 1995 012a 03       		.uleb128 0x3
 1996 012b 0E       		.uleb128 0xe
 1997 012c 3A       		.uleb128 0x3a
 1998 012d 0B       		.uleb128 0xb
 1999 012e 3B       		.uleb128 0x3b
 2000 012f 05       		.uleb128 0x5
 2001 0130 27       		.uleb128 0x27
 2002 0131 0C       		.uleb128 0xc
 2003 0132 49       		.uleb128 0x49
 2004 0133 13       		.uleb128 0x13
 2005 0134 11       		.uleb128 0x11
 2006 0135 01       		.uleb128 0x1
 2007 0136 12       		.uleb128 0x12
 2008 0137 01       		.uleb128 0x1
 2009 0138 40       		.uleb128 0x40
 2010 0139 06       		.uleb128 0x6
 2011 013a 01       		.uleb128 0x1
 2012 013b 13       		.uleb128 0x13
 2013 013c 00       		.byte	0x0
 2014 013d 00       		.byte	0x0
 2015 013e 17       		.uleb128 0x17
 2016 013f 05       		.uleb128 0x5
 2017 0140 00       		.byte	0x0
 2018 0141 03       		.uleb128 0x3
ARM GAS  /tmp/ccDwwoLY.s 			page 37


 2019 0142 08       		.uleb128 0x8
 2020 0143 3A       		.uleb128 0x3a
 2021 0144 0B       		.uleb128 0xb
 2022 0145 3B       		.uleb128 0x3b
 2023 0146 05       		.uleb128 0x5
 2024 0147 49       		.uleb128 0x49
 2025 0148 13       		.uleb128 0x13
 2026 0149 02       		.uleb128 0x2
 2027 014a 06       		.uleb128 0x6
 2028 014b 00       		.byte	0x0
 2029 014c 00       		.byte	0x0
 2030 014d 18       		.uleb128 0x18
 2031 014e 05       		.uleb128 0x5
 2032 014f 00       		.byte	0x0
 2033 0150 03       		.uleb128 0x3
 2034 0151 0E       		.uleb128 0xe
 2035 0152 3A       		.uleb128 0x3a
 2036 0153 0B       		.uleb128 0xb
 2037 0154 3B       		.uleb128 0x3b
 2038 0155 05       		.uleb128 0x5
 2039 0156 49       		.uleb128 0x49
 2040 0157 13       		.uleb128 0x13
 2041 0158 02       		.uleb128 0x2
 2042 0159 06       		.uleb128 0x6
 2043 015a 00       		.byte	0x0
 2044 015b 00       		.byte	0x0
 2045 015c 19       		.uleb128 0x19
 2046 015d 34       		.uleb128 0x34
 2047 015e 00       		.byte	0x0
 2048 015f 03       		.uleb128 0x3
 2049 0160 08       		.uleb128 0x8
 2050 0161 3A       		.uleb128 0x3a
 2051 0162 0B       		.uleb128 0xb
 2052 0163 3B       		.uleb128 0x3b
 2053 0164 05       		.uleb128 0x5
 2054 0165 49       		.uleb128 0x49
 2055 0166 13       		.uleb128 0x13
 2056 0167 02       		.uleb128 0x2
 2057 0168 06       		.uleb128 0x6
 2058 0169 00       		.byte	0x0
 2059 016a 00       		.byte	0x0
 2060 016b 1A       		.uleb128 0x1a
 2061 016c 05       		.uleb128 0x5
 2062 016d 00       		.byte	0x0
 2063 016e 03       		.uleb128 0x3
 2064 016f 0E       		.uleb128 0xe
 2065 0170 3A       		.uleb128 0x3a
 2066 0171 0B       		.uleb128 0xb
 2067 0172 3B       		.uleb128 0x3b
 2068 0173 0B       		.uleb128 0xb
 2069 0174 49       		.uleb128 0x49
 2070 0175 13       		.uleb128 0x13
 2071 0176 02       		.uleb128 0x2
 2072 0177 06       		.uleb128 0x6
 2073 0178 00       		.byte	0x0
 2074 0179 00       		.byte	0x0
 2075 017a 1B       		.uleb128 0x1b
ARM GAS  /tmp/ccDwwoLY.s 			page 38


 2076 017b 34       		.uleb128 0x34
 2077 017c 00       		.byte	0x0
 2078 017d 03       		.uleb128 0x3
 2079 017e 0E       		.uleb128 0xe
 2080 017f 3A       		.uleb128 0x3a
 2081 0180 0B       		.uleb128 0xb
 2082 0181 3B       		.uleb128 0x3b
 2083 0182 0B       		.uleb128 0xb
 2084 0183 49       		.uleb128 0x49
 2085 0184 13       		.uleb128 0x13
 2086 0185 3F       		.uleb128 0x3f
 2087 0186 0C       		.uleb128 0xc
 2088 0187 3C       		.uleb128 0x3c
 2089 0188 0C       		.uleb128 0xc
 2090 0189 00       		.byte	0x0
 2091 018a 00       		.byte	0x0
 2092 018b 00       		.byte	0x0
 2093              		.section	.debug_pubnames,"",%progbits
 2094 0000 B5000000 		.4byte	0xb5
 2095 0004 0200     		.2byte	0x2
 2096 0006 00000000 		.4byte	.Ldebug_info0
 2097 000a A0060000 		.4byte	0x6a0
 2098 000e 7F040000 		.4byte	0x47f
 2099 0012 6368436F 		.ascii	"chCondInit\000"
 2099      6E64496E 
 2099      697400
 2100 001d AD040000 		.4byte	0x4ad
 2101 0021 6368436F 		.ascii	"chCondSignal\000"
 2101      6E645369 
 2101      676E616C 
 2101      00
 2102 002e D5040000 		.4byte	0x4d5
 2103 0032 6368436F 		.ascii	"chCondSignalI\000"
 2103      6E645369 
 2103      676E616C 
 2103      4900
 2104 0040 FD040000 		.4byte	0x4fd
 2105 0044 6368436F 		.ascii	"chCondBroadcastI\000"
 2105      6E644272 
 2105      6F616463 
 2105      61737449 
 2105      00
 2106 0055 25050000 		.4byte	0x525
 2107 0059 6368436F 		.ascii	"chCondBroadcast\000"
 2107      6E644272 
 2107      6F616463 
 2107      61737400 
 2108 0069 4D050000 		.4byte	0x54d
 2109 006d 6368436F 		.ascii	"chCondWaitS\000"
 2109      6E645761 
 2109      69745300 
 2110 0079 A3050000 		.4byte	0x5a3
 2111 007d 6368436F 		.ascii	"chCondWait\000"
 2111      6E645761 
 2111      697400
 2112 0088 DE050000 		.4byte	0x5de
 2113 008c 6368436F 		.ascii	"chCondWaitTimeoutS\000"
ARM GAS  /tmp/ccDwwoLY.s 			page 39


 2113      6E645761 
 2113      69745469 
 2113      6D656F75 
 2113      745300
 2114 009f 3B060000 		.4byte	0x63b
 2115 00a3 6368436F 		.ascii	"chCondWaitTimeout\000"
 2115      6E645761 
 2115      69745469 
 2115      6D656F75 
 2115      7400
 2116 00b5 00000000 		.4byte	0x0
 2117              		.section	.debug_pubtypes,"",%progbits
 2118 0000 47010000 		.4byte	0x147
 2119 0004 0200     		.2byte	0x2
 2120 0006 00000000 		.4byte	.Ldebug_info0
 2121 000a A0060000 		.4byte	0x6a0
 2122 000e 3E000000 		.4byte	0x3e
 2123 0012 75696E74 		.ascii	"uint8_t\000"
 2123      385F7400 
 2124 001a 5E000000 		.4byte	0x5e
 2125 001e 696E7433 		.ascii	"int32_t\000"
 2125      325F7400 
 2126 0026 70000000 		.4byte	0x70
 2127 002a 75696E74 		.ascii	"uint32_t\000"
 2127      33325F74 
 2127      00
 2128 0033 89000000 		.4byte	0x89
 2129 0037 75696E74 		.ascii	"uint64_t\000"
 2129      36345F74 
 2129      00
 2130 0040 9B000000 		.4byte	0x9b
 2131 0044 746D6F64 		.ascii	"tmode_t\000"
 2131      655F7400 
 2132 004c A6000000 		.4byte	0xa6
 2133 0050 74737461 		.ascii	"tstate_t\000"
 2133      74655F74 
 2133      00
 2134 0059 B1000000 		.4byte	0xb1
 2135 005d 74726566 		.ascii	"trefs_t\000"
 2135      735F7400 
 2136 0065 BC000000 		.4byte	0xbc
 2137 0069 74707269 		.ascii	"tprio_t\000"
 2137      6F5F7400 
 2138 0071 C7000000 		.4byte	0xc7
 2139 0075 6D73675F 		.ascii	"msg_t\000"
 2139      7400
 2140 007b D2000000 		.4byte	0xd2
 2141 007f 6576656E 		.ascii	"eventmask_t\000"
 2141      746D6173 
 2141      6B5F7400 
 2142 008b DD000000 		.4byte	0xdd
 2143 008f 73797374 		.ascii	"systime_t\000"
 2143      696D655F 
 2143      7400
 2144 0099 E8000000 		.4byte	0xe8
 2145 009d 636E745F 		.ascii	"cnt_t\000"
 2145      7400
ARM GAS  /tmp/ccDwwoLY.s 			page 40


 2146 00a3 F3000000 		.4byte	0xf3
 2147 00a7 54687265 		.ascii	"Thread\000"
 2147      616400
 2148 00ae 4E020000 		.4byte	0x24e
 2149 00b2 54687265 		.ascii	"ThreadsQueue\000"
 2149      61647351 
 2149      75657565 
 2149      00
 2150 00bf 70020000 		.4byte	0x270
 2151 00c3 54687265 		.ascii	"ThreadsList\000"
 2151      6164734C 
 2151      69737400 
 2152 00cf 7B020000 		.4byte	0x27b
 2153 00d3 72656761 		.ascii	"regarm_t\000"
 2153      726D5F74 
 2153      00
 2154 00dc 88020000 		.4byte	0x288
 2155 00e0 73746B61 		.ascii	"stkalign_t\000"
 2155      6C69676E 
 2155      5F7400
 2156 00eb 93020000 		.4byte	0x293
 2157 00ef 696E7463 		.ascii	"intctx\000"
 2157      747800
 2158 00f6 20030000 		.4byte	0x320
 2159 00fa 636F6E74 		.ascii	"context\000"
 2159      65787400 
 2160 0102 B3030000 		.4byte	0x3b3
 2161 0106 52656164 		.ascii	"ReadyList\000"
 2161      794C6973 
 2161      7400
 2162 0110 BE030000 		.4byte	0x3be
 2163 0114 4D757465 		.ascii	"Mutex\000"
 2163      7800
 2164 011a FB030000 		.4byte	0x3fb
 2165 011e 4D757465 		.ascii	"Mutex\000"
 2165      7800
 2166 0124 06040000 		.4byte	0x406
 2167 0128 436F6E64 		.ascii	"CondVar\000"
 2167      56617200 
 2168 0130 21040000 		.4byte	0x421
 2169 0134 436F6E64 		.ascii	"CondVar\000"
 2169      56617200 
 2170 013c FE000000 		.4byte	0xfe
 2171 0140 54687265 		.ascii	"Thread\000"
 2171      616400
 2172 0147 00000000 		.4byte	0x0
 2173              		.section	.debug_aranges,"",%progbits
 2174 0000 5C000000 		.4byte	0x5c
 2175 0004 0200     		.2byte	0x2
 2176 0006 00000000 		.4byte	.Ldebug_info0
 2177 000a 04       		.byte	0x4
 2178 000b 00       		.byte	0x0
 2179 000c 0000     		.2byte	0x0
 2180 000e 0000     		.2byte	0x0
 2181 0010 00000000 		.4byte	.LFB0
 2182 0014 18000000 		.4byte	.LFE0-.LFB0
 2183 0018 00000000 		.4byte	.LFB1
ARM GAS  /tmp/ccDwwoLY.s 			page 41


 2184 001c 34000000 		.4byte	.LFE1-.LFB1
 2185 0020 00000000 		.4byte	.LFB2
 2186 0024 2C000000 		.4byte	.LFE2-.LFB2
 2187 0028 00000000 		.4byte	.LFB4
 2188 002c 30000000 		.4byte	.LFE4-.LFB4
 2189 0030 00000000 		.4byte	.LFB3
 2190 0034 20000000 		.4byte	.LFE3-.LFB3
 2191 0038 00000000 		.4byte	.LFB6
 2192 003c 4C000000 		.4byte	.LFE6-.LFB6
 2193 0040 00000000 		.4byte	.LFB5
 2194 0044 20000000 		.4byte	.LFE5-.LFB5
 2195 0048 00000000 		.4byte	.LFB8
 2196 004c 58000000 		.4byte	.LFE8-.LFB8
 2197 0050 00000000 		.4byte	.LFB7
 2198 0054 24000000 		.4byte	.LFE7-.LFB7
 2199 0058 00000000 		.4byte	0x0
 2200 005c 00000000 		.4byte	0x0
 2201              		.section	.debug_ranges,"",%progbits
 2202              	.Ldebug_ranges0:
 2203 0000 00000000 		.4byte	.LFB0
 2204 0004 18000000 		.4byte	.LFE0
 2205 0008 00000000 		.4byte	.LFB1
 2206 000c 34000000 		.4byte	.LFE1
 2207 0010 00000000 		.4byte	.LFB2
 2208 0014 2C000000 		.4byte	.LFE2
 2209 0018 00000000 		.4byte	.LFB4
 2210 001c 30000000 		.4byte	.LFE4
 2211 0020 00000000 		.4byte	.LFB3
 2212 0024 20000000 		.4byte	.LFE3
 2213 0028 00000000 		.4byte	.LFB6
 2214 002c 4C000000 		.4byte	.LFE6
 2215 0030 00000000 		.4byte	.LFB5
 2216 0034 20000000 		.4byte	.LFE5
 2217 0038 00000000 		.4byte	.LFB8
 2218 003c 58000000 		.4byte	.LFE8
 2219 0040 00000000 		.4byte	.LFB7
 2220 0044 24000000 		.4byte	.LFE7
 2221 0048 00000000 		.4byte	0x0
 2222 004c 00000000 		.4byte	0x0
 2223              		.section	.debug_str,"MS",%progbits,1
 2224              	.LASF36:
 2225 0000 705F6D73 		.ascii	"p_msg\000"
 2225      6700
 2226              	.LASF76:
 2227 0006 726C6973 		.ascii	"rlist\000"
 2227      7400
 2228              	.LASF66:
 2229 000c 6368436F 		.ascii	"chCondInit\000"
 2229      6E64496E 
 2229      697400
 2230              	.LASF61:
 2231 0017 7264796D 		.ascii	"rdymsg\000"
 2231      736700
 2232              	.LASF11:
 2233 001e 75696E74 		.ascii	"uint64_t\000"
 2233      36345F74 
 2233      00
ARM GAS  /tmp/ccDwwoLY.s 			page 42


 2234              	.LASF12:
 2235 0027 6C6F6E67 		.ascii	"long long unsigned int\000"
 2235      206C6F6E 
 2235      6720756E 
 2235      7369676E 
 2235      65642069 
 2236              	.LASF62:
 2237 003e 65786974 		.ascii	"exitcode\000"
 2237      636F6465 
 2237      00
 2238              	.LASF69:
 2239 0047 6368436F 		.ascii	"chCondBroadcastI\000"
 2239      6E644272 
 2239      6F616463 
 2239      61737449 
 2239      00
 2240              	.LASF24:
 2241 0058 705F7072 		.ascii	"p_prio\000"
 2241      696F00
 2242              	.LASF10:
 2243 005f 6C6F6E67 		.ascii	"long long int\000"
 2243      206C6F6E 
 2243      6720696E 
 2243      7400
 2244              	.LASF1:
 2245 006d 7369676E 		.ascii	"signed char\000"
 2245      65642063 
 2245      68617200 
 2246              	.LASF40:
 2247 0079 705F6D70 		.ascii	"p_mpool\000"
 2247      6F6F6C00 
 2248              	.LASF56:
 2249 0081 6D5F7175 		.ascii	"m_queue\000"
 2249      65756500 
 2250              	.LASF63:
 2251 0089 77746F62 		.ascii	"wtobjp\000"
 2251      6A7000
 2252              	.LASF59:
 2253 0090 436F6E64 		.ascii	"CondVar\000"
 2253      56617200 
 2254              	.LASF7:
 2255 0098 6C6F6E67 		.ascii	"long int\000"
 2255      20696E74 
 2255      00
 2256              	.LASF14:
 2257 00a1 74737461 		.ascii	"tstate_t\000"
 2257      74655F74 
 2257      00
 2258              	.LASF26:
 2259 00aa 705F6E65 		.ascii	"p_newer\000"
 2259      77657200 
 2260              	.LASF50:
 2261 00b2 725F6E65 		.ascii	"r_newer\000"
 2261      77657200 
 2262              	.LASF43:
 2263 00ba 72656761 		.ascii	"regarm_t\000"
 2263      726D5F74 
ARM GAS  /tmp/ccDwwoLY.s 			page 43


 2263      00
 2264              	.LASF67:
 2265 00c3 6368436F 		.ascii	"chCondSignal\000"
 2265      6E645369 
 2265      676E616C 
 2265      00
 2266              	.LASF20:
 2267 00d0 636E745F 		.ascii	"cnt_t\000"
 2267      7400
 2268              	.LASF29:
 2269 00d6 705F7374 		.ascii	"p_stklimit\000"
 2269      6B6C696D 
 2269      697400
 2270              	.LASF0:
 2271 00e1 756E7369 		.ascii	"unsigned int\000"
 2271      676E6564 
 2271      20696E74 
 2271      00
 2272              	.LASF9:
 2273 00ee 6C6F6E67 		.ascii	"long unsigned int\000"
 2273      20756E73 
 2273      69676E65 
 2273      6420696E 
 2273      7400
 2274              	.LASF46:
 2275 0100 636F6E74 		.ascii	"context\000"
 2275      65787400 
 2276              	.LASF79:
 2277 0108 2F686F6D 		.ascii	"/home/z80/projects/dfu.git/firmware-pawn-dev/firmwa"
 2277      652F7A38 
 2277      302F7072 
 2277      6F6A6563 
 2277      74732F64 
 2278 013b 726500   		.ascii	"re\000"
 2279              	.LASF17:
 2280 013e 6D73675F 		.ascii	"msg_t\000"
 2280      7400
 2281              	.LASF13:
 2282 0144 746D6F64 		.ascii	"tmode_t\000"
 2282      655F7400 
 2283              	.LASF42:
 2284 014c 54687265 		.ascii	"ThreadsList\000"
 2284      6164734C 
 2284      69737400 
 2285              	.LASF18:
 2286 0158 6576656E 		.ascii	"eventmask_t\000"
 2286      746D6173 
 2286      6B5F7400 
 2287              	.LASF55:
 2288 0164 4D757465 		.ascii	"Mutex\000"
 2288      7800
 2289              	.LASF44:
 2290 016a 73746B61 		.ascii	"stkalign_t\000"
 2290      6C69676E 
 2290      5F7400
 2291              	.LASF73:
 2292 0175 6368436F 		.ascii	"chCondWaitTimeoutS\000"
ARM GAS  /tmp/ccDwwoLY.s 			page 44


 2292      6E645761 
 2292      69745469 
 2292      6D656F75 
 2292      745300
 2293              	.LASF27:
 2294 0188 705F6F6C 		.ascii	"p_older\000"
 2294      64657200 
 2295              	.LASF49:
 2296 0190 725F6374 		.ascii	"r_ctx\000"
 2296      7800
 2297              	.LASF41:
 2298 0196 54687265 		.ascii	"ThreadsQueue\000"
 2298      61647351 
 2298      75657565 
 2298      00
 2299              	.LASF74:
 2300 01a3 74696D65 		.ascii	"time\000"
 2300      00
 2301              	.LASF53:
 2302 01a8 725F6375 		.ascii	"r_current\000"
 2302      7272656E 
 2302      7400
 2303              	.LASF51:
 2304 01b2 725F6F6C 		.ascii	"r_older\000"
 2304      64657200 
 2305              	.LASF70:
 2306 01ba 6368436F 		.ascii	"chCondBroadcast\000"
 2306      6E644272 
 2306      6F616463 
 2306      61737400 
 2307              	.LASF15:
 2308 01ca 74726566 		.ascii	"trefs_t\000"
 2308      735F7400 
 2309              	.LASF23:
 2310 01d2 705F7072 		.ascii	"p_prev\000"
 2310      657600
 2311              	.LASF16:
 2312 01d9 74707269 		.ascii	"tprio_t\000"
 2312      6F5F7400 
 2313              	.LASF68:
 2314 01e1 6368436F 		.ascii	"chCondSignalI\000"
 2314      6E645369 
 2314      676E616C 
 2314      4900
 2315              	.LASF6:
 2316 01ef 696E7433 		.ascii	"int32_t\000"
 2316      325F7400 
 2317              	.LASF2:
 2318 01f7 756E7369 		.ascii	"unsigned char\000"
 2318      676E6564 
 2318      20636861 
 2318      7200
 2319              	.LASF38:
 2320 0205 705F6D74 		.ascii	"p_mtxlist\000"
 2320      786C6973 
 2320      7400
 2321              	.LASF3:
ARM GAS  /tmp/ccDwwoLY.s 			page 45


 2322 020f 73686F72 		.ascii	"short int\000"
 2322      7420696E 
 2322      7400
 2323              	.LASF30:
 2324 0219 705F7374 		.ascii	"p_state\000"
 2324      61746500 
 2325              	.LASF48:
 2326 0221 725F7072 		.ascii	"r_prio\000"
 2326      696F00
 2327              	.LASF64:
 2328 0228 65776D61 		.ascii	"ewmask\000"
 2328      736B00
 2329              	.LASF22:
 2330 022f 705F6E65 		.ascii	"p_next\000"
 2330      787400
 2331              	.LASF31:
 2332 0236 705F666C 		.ascii	"p_flags\000"
 2332      61677300 
 2333              	.LASF21:
 2334 023e 54687265 		.ascii	"Thread\000"
 2334      616400
 2335              	.LASF60:
 2336 0245 635F7175 		.ascii	"c_queue\000"
 2336      65756500 
 2337              	.LASF37:
 2338 024d 705F6570 		.ascii	"p_epending\000"
 2338      656E6469 
 2338      6E6700
 2339              	.LASF8:
 2340 0258 75696E74 		.ascii	"uint32_t\000"
 2340      33325F74 
 2340      00
 2341              	.LASF47:
 2342 0261 725F7175 		.ascii	"r_queue\000"
 2342      65756500 
 2343              	.LASF65:
 2344 0269 63686172 		.ascii	"char\000"
 2344      00
 2345              	.LASF71:
 2346 026e 6368436F 		.ascii	"chCondWaitS\000"
 2346      6E645761 
 2346      69745300 
 2347              	.LASF58:
 2348 027a 6D5F6E65 		.ascii	"m_next\000"
 2348      787400
 2349              	.LASF19:
 2350 0281 73797374 		.ascii	"systime_t\000"
 2350      696D655F 
 2350      7400
 2351              	.LASF39:
 2352 028b 705F7265 		.ascii	"p_realprio\000"
 2352      616C7072 
 2352      696F00
 2353              	.LASF72:
 2354 0296 6368436F 		.ascii	"chCondWait\000"
 2354      6E645761 
 2354      697400
ARM GAS  /tmp/ccDwwoLY.s 			page 46


 2355              	.LASF4:
 2356 02a1 73686F72 		.ascii	"short unsigned int\000"
 2356      7420756E 
 2356      7369676E 
 2356      65642069 
 2356      6E7400
 2357              	.LASF45:
 2358 02b4 696E7463 		.ascii	"intctx\000"
 2358      747800
 2359              	.LASF35:
 2360 02bb 705F6D73 		.ascii	"p_msgqueue\000"
 2360      67717565 
 2360      756500
 2361              	.LASF32:
 2362 02c6 705F7265 		.ascii	"p_refs\000"
 2362      667300
 2363              	.LASF54:
 2364 02cd 52656164 		.ascii	"ReadyList\000"
 2364      794C6973 
 2364      7400
 2365              	.LASF78:
 2366 02d7 2E2E2F63 		.ascii	"../chibios/os/kernel/src/chcond.c\000"
 2366      68696269 
 2366      6F732F6F 
 2366      732F6B65 
 2366      726E656C 
 2367              	.LASF5:
 2368 02f9 75696E74 		.ascii	"uint8_t\000"
 2368      385F7400 
 2369              	.LASF33:
 2370 0301 705F7469 		.ascii	"p_time\000"
 2370      6D6500
 2371              	.LASF77:
 2372 0308 474E5520 		.ascii	"GNU C 4.5.2\000"
 2372      4320342E 
 2372      352E3200 
 2373              	.LASF28:
 2374 0314 705F6E61 		.ascii	"p_name\000"
 2374      6D6500
 2375              	.LASF75:
 2376 031b 6368436F 		.ascii	"chCondWaitTimeout\000"
 2376      6E645761 
 2376      69745469 
 2376      6D656F75 
 2376      7400
 2377              	.LASF52:
 2378 032d 725F7072 		.ascii	"r_preempt\000"
 2378      65656D70 
 2378      7400
 2379              	.LASF57:
 2380 0337 6D5F6F77 		.ascii	"m_owner\000"
 2380      6E657200 
 2381              	.LASF25:
 2382 033f 705F6374 		.ascii	"p_ctx\000"
 2382      7800
 2383              	.LASF34:
 2384 0345 705F7761 		.ascii	"p_waiting\000"
ARM GAS  /tmp/ccDwwoLY.s 			page 47


 2384      6974696E 
 2384      6700
 2385              		.ident	"GCC: (Sourcery G++ Lite 2011.03-42) 4.5.2"
ARM GAS  /tmp/ccDwwoLY.s 			page 48


DEFINED SYMBOLS
                            *ABS*:00000000 chcond.c
     /tmp/ccDwwoLY.s:24     .text.chCondInit:00000000 $t
     /tmp/ccDwwoLY.s:29     .text.chCondInit:00000000 chCondInit
     /tmp/ccDwwoLY.s:58     .text.chCondInit:00000014 $d
     /tmp/ccDwwoLY.s:63     .text.chCondSignal:00000000 $t
     /tmp/ccDwwoLY.s:68     .text.chCondSignal:00000000 chCondSignal
     /tmp/ccDwwoLY.s:115    .text.chCondSignal:00000030 $d
     /tmp/ccDwwoLY.s:120    .text.chCondSignalI:00000000 $t
     /tmp/ccDwwoLY.s:125    .text.chCondSignalI:00000000 chCondSignalI
     /tmp/ccDwwoLY.s:163    .text.chCondSignalI:00000028 $d
     /tmp/ccDwwoLY.s:168    .text.chCondBroadcastI:00000000 $t
     /tmp/ccDwwoLY.s:173    .text.chCondBroadcastI:00000000 chCondBroadcastI
     /tmp/ccDwwoLY.s:213    .text.chCondBroadcastI:0000002c $d
     /tmp/ccDwwoLY.s:218    .text.chCondBroadcast:00000000 $t
     /tmp/ccDwwoLY.s:223    .text.chCondBroadcast:00000000 chCondBroadcast
     /tmp/ccDwwoLY.s:261    .text.chCondWaitS:00000000 $t
     /tmp/ccDwwoLY.s:266    .text.chCondWaitS:00000000 chCondWaitS
     /tmp/ccDwwoLY.s:332    .text.chCondWaitS:00000040 $d
     /tmp/ccDwwoLY.s:339    .text.chCondWait:00000000 $t
     /tmp/ccDwwoLY.s:344    .text.chCondWait:00000000 chCondWait
     /tmp/ccDwwoLY.s:384    .text.chCondWaitTimeoutS:00000000 $t
     /tmp/ccDwwoLY.s:389    .text.chCondWaitTimeoutS:00000000 chCondWaitTimeoutS
     /tmp/ccDwwoLY.s:464    .text.chCondWaitTimeoutS:0000004c $d
     /tmp/ccDwwoLY.s:471    .text.chCondWaitTimeout:00000000 $t
     /tmp/ccDwwoLY.s:476    .text.chCondWaitTimeout:00000000 chCondWaitTimeout
                     .debug_frame:00000010 $d

UNDEFINED SYMBOLS
chDbgPanic
_port_lock
dbg_check_lock
fifo_remove
chSchWakeupS
dbg_check_unlock
_port_unlock
chDbgCheckClassI
chSchReadyI
chSchRescheduleS
chDbgCheckClassS
chMtxUnlockS
prio_insert
chSchGoSleepS
chMtxLockS
rlist
chSchGoSleepTimeoutS
