ARM GAS  /tmp/ccqq3qY7.s 			page 1


   1              		.syntax unified
   2              		.cpu cortex-m3
   3              		.fpu softvfp
   4              		.eabi_attribute 20, 1
   5              		.eabi_attribute 21, 1
   6              		.eabi_attribute 23, 3
   7              		.eabi_attribute 24, 1
   8              		.eabi_attribute 25, 1
   9              		.eabi_attribute 26, 1
  10              		.eabi_attribute 30, 4
  11              		.eabi_attribute 18, 4
  12              		.thumb
  13              		.file	"chcore.c"
  14              		.section	.debug_abbrev,"",%progbits
  15              	.Ldebug_abbrev0:
  16              		.section	.debug_info,"",%progbits
  17              	.Ldebug_info0:
  18              		.section	.debug_line,"",%progbits
  19              	.Ldebug_line0:
  20 0000 54000000 		.text
  20      02003E00 
  20      00000201 
  20      FB0E0D00 
  20      01010101 
  21              	.Ltext0:
  22              		.cfi_sections	.debug_frame
  23              		.section	.text.port_halt,"ax",%progbits
  24              		.align	1
  25              		.weak	port_halt
  26              		.thumb
  27              		.thumb_func
  28              		.type	port_halt, %function
  29              	port_halt:
  30              	.LFB0:
  31              		.file 1 "../chibios/os/ports/GCC/ARMCMx/chcore.c"
  32              		.loc 1 46 0
  33              		.cfi_startproc
  34              		@ args = 0, pretend = 0, frame = 0
  35              		@ frame_needed = 0, uses_anonymous_args = 0
  36              		@ link register save eliminated.
  37              		.loc 1 48 0
  38              	@ 48 "../chibios/os/ports/GCC/ARMCMx/chcore.c" 1
  39 0000 72B6     		cpsid   i
  40              	@ 0 "" 2
  41              		.thumb
  42              	.L2:
  43 0002 FEE7     		b	.L2
  44              		.cfi_endproc
  45              	.LFE0:
  46              		.size	port_halt, .-port_halt
  47              		.text
  48              	.Letext0:
  49              		.section	.debug_info
  50 0000 87000000 		.4byte	0x87
  51 0004 0200     		.2byte	0x2
  52 0006 00000000 		.4byte	.Ldebug_abbrev0
  53 000a 04       		.byte	0x4
ARM GAS  /tmp/ccqq3qY7.s 			page 2


  54 000b 01       		.uleb128 0x1
  55 000c CB000000 		.4byte	.LASF10
  56 0010 01       		.byte	0x1
  57 0011 A3000000 		.4byte	.LASF11
  58 0015 35000000 		.4byte	.LASF12
  59 0019 00000000 		.4byte	0x0
  60 001d 00000000 		.4byte	0x0
  61 0021 00000000 		.4byte	.Ldebug_ranges0+0x0
  62 0025 00000000 		.4byte	.Ldebug_line0
  63 0029 02       		.uleb128 0x2
  64 002a 04       		.byte	0x4
  65 002b 05       		.byte	0x5
  66 002c 696E7400 		.ascii	"int\000"
  67 0030 03       		.uleb128 0x3
  68 0031 04       		.byte	0x4
  69 0032 07       		.byte	0x7
  70 0033 00000000 		.4byte	.LASF0
  71 0037 03       		.uleb128 0x3
  72 0038 01       		.byte	0x1
  73 0039 06       		.byte	0x6
  74 003a 1F000000 		.4byte	.LASF1
  75 003e 03       		.uleb128 0x3
  76 003f 01       		.byte	0x1
  77 0040 08       		.byte	0x8
  78 0041 8C000000 		.4byte	.LASF2
  79 0045 03       		.uleb128 0x3
  80 0046 02       		.byte	0x2
  81 0047 05       		.byte	0x5
  82 0048 6B000000 		.4byte	.LASF3
  83 004c 03       		.uleb128 0x3
  84 004d 02       		.byte	0x2
  85 004e 07       		.byte	0x7
  86 004f DC000000 		.4byte	.LASF4
  87 0053 03       		.uleb128 0x3
  88 0054 04       		.byte	0x4
  89 0055 05       		.byte	0x5
  90 0056 9A000000 		.4byte	.LASF5
  91 005a 03       		.uleb128 0x3
  92 005b 04       		.byte	0x4
  93 005c 07       		.byte	0x7
  94 005d 0D000000 		.4byte	.LASF6
  95 0061 03       		.uleb128 0x3
  96 0062 08       		.byte	0x8
  97 0063 05       		.byte	0x5
  98 0064 EF000000 		.4byte	.LASF7
  99 0068 03       		.uleb128 0x3
 100 0069 08       		.byte	0x8
 101 006a 07       		.byte	0x7
 102 006b 75000000 		.4byte	.LASF8
 103 006f 03       		.uleb128 0x3
 104 0070 01       		.byte	0x1
 105 0071 08       		.byte	0x8
 106 0072 D7000000 		.4byte	.LASF9
 107 0076 04       		.uleb128 0x4
 108 0077 01       		.byte	0x1
 109 0078 2B000000 		.4byte	.LASF13
 110 007c 01       		.byte	0x1
ARM GAS  /tmp/ccqq3qY7.s 			page 3


 111 007d 2E       		.byte	0x2e
 112 007e 01       		.byte	0x1
 113 007f 00000000 		.4byte	.LFB0
 114 0083 04000000 		.4byte	.LFE0
 115 0087 02       		.byte	0x2
 116 0088 7D       		.byte	0x7d
 117 0089 00       		.sleb128 0
 118 008a 00       		.byte	0x0
 119              		.section	.debug_abbrev
 120 0000 01       		.uleb128 0x1
 121 0001 11       		.uleb128 0x11
 122 0002 01       		.byte	0x1
 123 0003 25       		.uleb128 0x25
 124 0004 0E       		.uleb128 0xe
 125 0005 13       		.uleb128 0x13
 126 0006 0B       		.uleb128 0xb
 127 0007 03       		.uleb128 0x3
 128 0008 0E       		.uleb128 0xe
 129 0009 1B       		.uleb128 0x1b
 130 000a 0E       		.uleb128 0xe
 131 000b 11       		.uleb128 0x11
 132 000c 01       		.uleb128 0x1
 133 000d 52       		.uleb128 0x52
 134 000e 01       		.uleb128 0x1
 135 000f 55       		.uleb128 0x55
 136 0010 06       		.uleb128 0x6
 137 0011 10       		.uleb128 0x10
 138 0012 06       		.uleb128 0x6
 139 0013 00       		.byte	0x0
 140 0014 00       		.byte	0x0
 141 0015 02       		.uleb128 0x2
 142 0016 24       		.uleb128 0x24
 143 0017 00       		.byte	0x0
 144 0018 0B       		.uleb128 0xb
 145 0019 0B       		.uleb128 0xb
 146 001a 3E       		.uleb128 0x3e
 147 001b 0B       		.uleb128 0xb
 148 001c 03       		.uleb128 0x3
 149 001d 08       		.uleb128 0x8
 150 001e 00       		.byte	0x0
 151 001f 00       		.byte	0x0
 152 0020 03       		.uleb128 0x3
 153 0021 24       		.uleb128 0x24
 154 0022 00       		.byte	0x0
 155 0023 0B       		.uleb128 0xb
 156 0024 0B       		.uleb128 0xb
 157 0025 3E       		.uleb128 0x3e
 158 0026 0B       		.uleb128 0xb
 159 0027 03       		.uleb128 0x3
 160 0028 0E       		.uleb128 0xe
 161 0029 00       		.byte	0x0
 162 002a 00       		.byte	0x0
 163 002b 04       		.uleb128 0x4
 164 002c 2E       		.uleb128 0x2e
 165 002d 00       		.byte	0x0
 166 002e 3F       		.uleb128 0x3f
 167 002f 0C       		.uleb128 0xc
ARM GAS  /tmp/ccqq3qY7.s 			page 4


 168 0030 03       		.uleb128 0x3
 169 0031 0E       		.uleb128 0xe
 170 0032 3A       		.uleb128 0x3a
 171 0033 0B       		.uleb128 0xb
 172 0034 3B       		.uleb128 0x3b
 173 0035 0B       		.uleb128 0xb
 174 0036 27       		.uleb128 0x27
 175 0037 0C       		.uleb128 0xc
 176 0038 11       		.uleb128 0x11
 177 0039 01       		.uleb128 0x1
 178 003a 12       		.uleb128 0x12
 179 003b 01       		.uleb128 0x1
 180 003c 40       		.uleb128 0x40
 181 003d 0A       		.uleb128 0xa
 182 003e 00       		.byte	0x0
 183 003f 00       		.byte	0x0
 184 0040 00       		.byte	0x0
 185              		.section	.debug_pubnames,"",%progbits
 186 0000 1C000000 		.4byte	0x1c
 187 0004 0200     		.2byte	0x2
 188 0006 00000000 		.4byte	.Ldebug_info0
 189 000a 8B000000 		.4byte	0x8b
 190 000e 76000000 		.4byte	0x76
 191 0012 706F7274 		.ascii	"port_halt\000"
 191      5F68616C 
 191      7400
 192 001c 00000000 		.4byte	0x0
 193              		.section	.debug_pubtypes,"",%progbits
 194 0000 0E000000 		.4byte	0xe
 195 0004 0200     		.2byte	0x2
 196 0006 00000000 		.4byte	.Ldebug_info0
 197 000a 8B000000 		.4byte	0x8b
 198 000e 00000000 		.4byte	0x0
 199              		.section	.debug_aranges,"",%progbits
 200 0000 1C000000 		.4byte	0x1c
 201 0004 0200     		.2byte	0x2
 202 0006 00000000 		.4byte	.Ldebug_info0
 203 000a 04       		.byte	0x4
 204 000b 00       		.byte	0x0
 205 000c 0000     		.2byte	0x0
 206 000e 0000     		.2byte	0x0
 207 0010 00000000 		.4byte	.LFB0
 208 0014 04000000 		.4byte	.LFE0-.LFB0
 209 0018 00000000 		.4byte	0x0
 210 001c 00000000 		.4byte	0x0
 211              		.section	.debug_ranges,"",%progbits
 212              	.Ldebug_ranges0:
 213 0000 00000000 		.4byte	.LFB0
 214 0004 04000000 		.4byte	.LFE0
 215 0008 00000000 		.4byte	0x0
 216 000c 00000000 		.4byte	0x0
 217              		.section	.debug_str,"MS",%progbits,1
 218              	.LASF0:
 219 0000 756E7369 		.ascii	"unsigned int\000"
 219      676E6564 
 219      20696E74 
 219      00
ARM GAS  /tmp/ccqq3qY7.s 			page 5


 220              	.LASF6:
 221 000d 6C6F6E67 		.ascii	"long unsigned int\000"
 221      20756E73 
 221      69676E65 
 221      6420696E 
 221      7400
 222              	.LASF1:
 223 001f 7369676E 		.ascii	"signed char\000"
 223      65642063 
 223      68617200 
 224              	.LASF13:
 225 002b 706F7274 		.ascii	"port_halt\000"
 225      5F68616C 
 225      7400
 226              	.LASF12:
 227 0035 2F686F6D 		.ascii	"/home/z80/projects/dfu.git/firmware-pawn-dev/firmwa"
 227      652F7A38 
 227      302F7072 
 227      6F6A6563 
 227      74732F64 
 228 0068 726500   		.ascii	"re\000"
 229              	.LASF3:
 230 006b 73686F72 		.ascii	"short int\000"
 230      7420696E 
 230      7400
 231              	.LASF8:
 232 0075 6C6F6E67 		.ascii	"long long unsigned int\000"
 232      206C6F6E 
 232      6720756E 
 232      7369676E 
 232      65642069 
 233              	.LASF2:
 234 008c 756E7369 		.ascii	"unsigned char\000"
 234      676E6564 
 234      20636861 
 234      7200
 235              	.LASF5:
 236 009a 6C6F6E67 		.ascii	"long int\000"
 236      20696E74 
 236      00
 237              	.LASF11:
 238 00a3 2E2E2F63 		.ascii	"../chibios/os/ports/GCC/ARMCMx/chcore.c\000"
 238      68696269 
 238      6F732F6F 
 238      732F706F 
 238      7274732F 
 239              	.LASF10:
 240 00cb 474E5520 		.ascii	"GNU C 4.5.2\000"
 240      4320342E 
 240      352E3200 
 241              	.LASF9:
 242 00d7 63686172 		.ascii	"char\000"
 242      00
 243              	.LASF4:
 244 00dc 73686F72 		.ascii	"short unsigned int\000"
 244      7420756E 
 244      7369676E 
ARM GAS  /tmp/ccqq3qY7.s 			page 6


 244      65642069 
 244      6E7400
 245              	.LASF7:
 246 00ef 6C6F6E67 		.ascii	"long long int\000"
 246      206C6F6E 
 246      6720696E 
 246      7400
 247              		.ident	"GCC: (Sourcery G++ Lite 2011.03-42) 4.5.2"
ARM GAS  /tmp/ccqq3qY7.s 			page 7


DEFINED SYMBOLS
                            *ABS*:00000000 chcore.c
     /tmp/ccqq3qY7.s:24     .text.port_halt:00000000 $t
     /tmp/ccqq3qY7.s:29     .text.port_halt:00000000 port_halt
                     .debug_frame:00000010 $d

NO UNDEFINED SYMBOLS
