ARM GAS  /tmp/ccT2bPPA.s 			page 1


   1              		.syntax unified
   2              		.cpu cortex-m3
   3              		.fpu softvfp
   4              		.eabi_attribute 20, 1
   5              		.eabi_attribute 21, 1
   6              		.eabi_attribute 23, 3
   7              		.eabi_attribute 24, 1
   8              		.eabi_attribute 25, 1
   9              		.eabi_attribute 26, 1
  10              		.eabi_attribute 30, 4
  11              		.eabi_attribute 18, 4
  12              		.thumb
  13              		.file	"chdynamic.c"
  14              		.section	.debug_abbrev,"",%progbits
  15              	.Ldebug_abbrev0:
  16              		.section	.debug_info,"",%progbits
  17              	.Ldebug_info0:
  18              		.section	.debug_line,"",%progbits
  19              	.Ldebug_line0:
  20 0000 60020000 		.text
  20      0200C601 
  20      00000201 
  20      FB0E0D00 
  20      01010101 
  21              	.Ltext0:
  22              		.cfi_sections	.debug_frame
  23              		.section	.text.chThdAddRef,"ax",%progbits
  24              		.align	1
  25              		.global	chThdAddRef
  26              		.thumb
  27              		.thumb_func
  28              		.type	chThdAddRef, %function
  29              	chThdAddRef:
  30              	.LFB0:
  31              		.file 1 "../chibios/os/kernel/src/chdynamic.c"
  32              		.loc 1 52 0
  33              		.cfi_startproc
  34              		@ args = 0, pretend = 0, frame = 0
  35              		@ frame_needed = 0, uses_anonymous_args = 0
  36              	.LVL0:
  37 0000 10B5     		push	{r4, lr}
  38              	.LCFI0:
  39              		.cfi_def_cfa_offset 8
  40              		.loc 1 52 0
  41 0002 0446     		mov	r4, r0
  42              		.cfi_offset 14, -4
  43              		.cfi_offset 4, -8
  44              		.loc 1 54 0
  45              	@ 54 "../chibios/os/kernel/src/chdynamic.c" 1
  46 0004 FFF7FEFF 		bl      _port_lock
  47              	@ 0 "" 2
  48              		.thumb
  49 0008 FFF7FEFF 		bl	dbg_check_lock
  50              	.LVL1:
  51              		.loc 1 55 0
  52 000c 94F82230 		ldrb	r3, [r4, #34]	@ zero_extendqisi2
  53 0010 FF2B     		cmp	r3, #255
ARM GAS  /tmp/ccT2bPPA.s 			page 2


  54 0012 02D1     		bne	.L2
  55              		.loc 1 55 0 is_stmt 0 discriminator 1
  56 0014 0648     		ldr	r0, .L3
  57 0016 FFF7FEFF 		bl	chDbgPanic
  58              	.L2:
  59              		.loc 1 56 0 is_stmt 1
  60 001a 94F82230 		ldrb	r3, [r4, #34]	@ zero_extendqisi2
  61 001e 0133     		adds	r3, r3, #1
  62 0020 84F82230 		strb	r3, [r4, #34]
  63              		.loc 1 57 0
  64 0024 FFF7FEFF 		bl	dbg_check_unlock
  65              	@ 57 "../chibios/os/kernel/src/chdynamic.c" 1
  66 0028 FFF7FEFF 		bl      _port_unlock
  67              	@ 0 "" 2
  68              		.loc 1 59 0
  69              		.thumb
  70 002c 2046     		mov	r0, r4
  71 002e 10BD     		pop	{r4, pc}
  72              	.L4:
  73              		.align	2
  74              	.L3:
  75 0030 00000000 		.word	.LC0
  76              		.cfi_endproc
  77              	.LFE0:
  78              		.size	chThdAddRef, .-chThdAddRef
  79              		.section	.text.chThdRelease,"ax",%progbits
  80              		.align	1
  81              		.global	chThdRelease
  82              		.thumb
  83              		.thumb_func
  84              		.type	chThdRelease, %function
  85              	chThdRelease:
  86              	.LFB1:
  87              		.loc 1 74 0
  88              		.cfi_startproc
  89              		@ args = 0, pretend = 0, frame = 0
  90              		@ frame_needed = 0, uses_anonymous_args = 0
  91              	.LVL2:
  92 0000 70B5     		push	{r4, r5, r6, lr}
  93              	.LCFI1:
  94              		.cfi_def_cfa_offset 16
  95              		.loc 1 74 0
  96 0002 0446     		mov	r4, r0
  97              		.cfi_offset 14, -4
  98              		.cfi_offset 6, -8
  99              		.cfi_offset 5, -12
 100              		.cfi_offset 4, -16
 101              		.loc 1 77 0
 102              	@ 77 "../chibios/os/kernel/src/chdynamic.c" 1
 103 0004 FFF7FEFF 		bl      _port_lock
 104              	@ 0 "" 2
 105              		.thumb
 106 0008 FFF7FEFF 		bl	dbg_check_lock
 107              	.LVL3:
 108              		.loc 1 78 0
 109 000c 94F82230 		ldrb	r3, [r4, #34]	@ zero_extendqisi2
 110 0010 13B9     		cbnz	r3, .L6
ARM GAS  /tmp/ccT2bPPA.s 			page 3


 111              		.loc 1 78 0 is_stmt 0 discriminator 1
 112 0012 1948     		ldr	r0, .L11
 113 0014 FFF7FEFF 		bl	chDbgPanic
 114              	.L6:
 115              		.loc 1 79 0 is_stmt 1
 116 0018 94F82250 		ldrb	r5, [r4, #34]	@ zero_extendqisi2
 117 001c 013D     		subs	r5, r5, #1
 118 001e EDB2     		uxtb	r5, r5
 119 0020 84F82250 		strb	r5, [r4, #34]
 120              	.LVL4:
 121              		.loc 1 80 0
 122 0024 FFF7FEFF 		bl	dbg_check_unlock
 123              	@ 80 "../chibios/os/kernel/src/chdynamic.c" 1
 124 0028 FFF7FEFF 		bl      _port_unlock
 125              	@ 0 "" 2
 126              		.loc 1 85 0
 127              		.thumb
 128 002c 002D     		cmp	r5, #0
 129 002e 21D1     		bne	.L5
 130              		.loc 1 85 0 is_stmt 0 discriminator 1
 131 0030 94F82030 		ldrb	r3, [r4, #32]	@ zero_extendqisi2
 132 0034 0E2B     		cmp	r3, #14
 133 0036 1DD1     		bne	.L5
 134              		.loc 1 86 0 is_stmt 1
 135 0038 94F82130 		ldrb	r3, [r4, #33]	@ zero_extendqisi2
 136 003c 03F00303 		and	r3, r3, #3
 137 0040 012B     		cmp	r3, #1
 138 0042 02D0     		beq	.L8
 139 0044 022B     		cmp	r3, #2
 140 0046 15D1     		bne	.L5
 141 0048 09E0     		b	.L10
 142              	.L8:
 143              		.loc 1 90 0
 144 004a 6369     		ldr	r3, [r4, #20]
 145 004c 2269     		ldr	r2, [r4, #16]
 146              		.loc 1 92 0
 147 004e 2046     		mov	r0, r4
 148              		.loc 1 90 0
 149 0050 1A61     		str	r2, [r3, #16]
 150 0052 2269     		ldr	r2, [r4, #16]
 151 0054 5361     		str	r3, [r2, #20]
 152              		.loc 1 105 0
 153 0056 BDE87040 		pop	{r4, r5, r6, lr}
 154              		.loc 1 92 0
 155 005a FFF7FEBF 		b	chHeapFree
 156              	.L10:
 157              		.loc 1 98 0
 158 005e 6369     		ldr	r3, [r4, #20]
 159 0060 2269     		ldr	r2, [r4, #16]
 160              		.loc 1 100 0
 161 0062 A06C     		ldr	r0, [r4, #72]
 162              		.loc 1 98 0
 163 0064 1A61     		str	r2, [r3, #16]
 164 0066 2269     		ldr	r2, [r4, #16]
 165              		.loc 1 100 0
 166 0068 2146     		mov	r1, r4
 167              		.loc 1 98 0
ARM GAS  /tmp/ccT2bPPA.s 			page 4


 168 006a 5361     		str	r3, [r2, #20]
 169              		.loc 1 105 0
 170 006c BDE87040 		pop	{r4, r5, r6, lr}
 171              		.loc 1 100 0
 172 0070 FFF7FEBF 		b	chPoolFree
 173              	.L5:
 174 0074 70BD     		pop	{r4, r5, r6, pc}
 175              	.L12:
 176 0076 00BF     		.align	2
 177              	.L11:
 178 0078 12000000 		.word	.LC1
 179              		.cfi_endproc
 180              	.LFE1:
 181              		.size	chThdRelease, .-chThdRelease
 182              		.section	.text.chThdCreateFromHeap,"ax",%progbits
 183              		.align	1
 184              		.global	chThdCreateFromHeap
 185              		.thumb
 186              		.thumb_func
 187              		.type	chThdCreateFromHeap, %function
 188              	chThdCreateFromHeap:
 189              	.LFB2:
 190              		.loc 1 131 0
 191              		.cfi_startproc
 192              		@ args = 4, pretend = 0, frame = 0
 193              		@ frame_needed = 0, uses_anonymous_args = 0
 194              	.LVL5:
 195 0000 2DE9F341 		push	{r0, r1, r4, r5, r6, r7, r8, lr}
 196              	.LCFI2:
 197              		.cfi_def_cfa_offset 32
 198              		.loc 1 131 0
 199 0004 0D46     		mov	r5, r1
 200              		.cfi_offset 14, -4
 201              		.cfi_offset 8, -8
 202              		.cfi_offset 7, -12
 203              		.cfi_offset 6, -16
 204              		.cfi_offset 5, -20
 205              		.cfi_offset 4, -24
 206              		.cfi_offset 1, -28
 207              		.cfi_offset 0, -32
 208 0006 1746     		mov	r7, r2
 209 0008 1E46     		mov	r6, r3
 210              		.loc 1 135 0
 211 000a FFF7FEFF 		bl	chHeapAlloc
 212              	.LVL6:
 213              		.loc 1 136 0
 214 000e 0446     		mov	r4, r0
 215 0010 08B3     		cbz	r0, .L14
 216              		.loc 1 140 0
 217 0012 00F14C08 		add	r8, r0, #76
 218 0016 4146     		mov	r1, r8
 219 0018 FF22     		movs	r2, #255
 220 001a FFF7FEFF 		bl	_thread_memfill
 221              	.LVL7:
 222              		.loc 1 143 0
 223 001e 4046     		mov	r0, r8
 224 0020 6119     		adds	r1, r4, r5
ARM GAS  /tmp/ccT2bPPA.s 			page 5


 225 0022 5522     		movs	r2, #85
 226 0024 FFF7FEFF 		bl	_thread_memfill
 227              		.loc 1 148 0
 228              	@ 148 "../chibios/os/kernel/src/chdynamic.c" 1
 229 0028 FFF7FEFF 		bl      _port_lock
 230              	@ 0 "" 2
 231              		.thumb
 232 002c FFF7FEFF 		bl	dbg_check_lock
 233              		.loc 1 149 0
 234 0030 089B     		ldr	r3, [sp, #32]
 235 0032 3A46     		mov	r2, r7
 236 0034 0093     		str	r3, [sp, #0]
 237 0036 2946     		mov	r1, r5
 238 0038 3346     		mov	r3, r6
 239 003a 2046     		mov	r0, r4
 240 003c FFF7FEFF 		bl	chThdCreateI
 241              		.loc 1 150 0
 242 0040 0123     		movs	r3, #1
 243 0042 80F82130 		strb	r3, [r0, #33]
 244              		.loc 1 151 0
 245 0046 0021     		movs	r1, #0
 246              		.loc 1 149 0
 247 0048 0446     		mov	r4, r0
 248              	.LVL8:
 249              		.loc 1 151 0
 250 004a FFF7FEFF 		bl	chSchWakeupS
 251              	.LVL9:
 252              		.loc 1 152 0
 253 004e FFF7FEFF 		bl	dbg_check_unlock
 254              	@ 152 "../chibios/os/kernel/src/chdynamic.c" 1
 255 0052 FFF7FEFF 		bl      _port_unlock
 256              	@ 0 "" 2
 257              	.LVL10:
 258              		.thumb
 259              	.L14:
 260              		.loc 1 154 0
 261 0056 2046     		mov	r0, r4
 262 0058 BDE8FC81 		pop	{r2, r3, r4, r5, r6, r7, r8, pc}
 263              		.cfi_endproc
 264              	.LFE2:
 265              		.size	chThdCreateFromHeap, .-chThdCreateFromHeap
 266              		.section	.text.chThdCreateFromMemoryPool,"ax",%progbits
 267              		.align	1
 268              		.global	chThdCreateFromMemoryPool
 269              		.thumb
 270              		.thumb_func
 271              		.type	chThdCreateFromMemoryPool, %function
 272              	chThdCreateFromMemoryPool:
 273              	.LFB3:
 274              		.loc 1 180 0
 275              		.cfi_startproc
 276              		@ args = 0, pretend = 0, frame = 0
 277              		@ frame_needed = 0, uses_anonymous_args = 0
 278              	.LVL11:
 279 0000 2DE9F743 		push	{r0, r1, r2, r4, r5, r6, r7, r8, r9, lr}
 280              	.LCFI3:
 281              		.cfi_def_cfa_offset 40
ARM GAS  /tmp/ccT2bPPA.s 			page 6


 282              		.loc 1 180 0
 283 0004 0E46     		mov	r6, r1
 284              		.cfi_offset 14, -4
 285              		.cfi_offset 9, -8
 286              		.cfi_offset 8, -12
 287              		.cfi_offset 7, -16
 288              		.cfi_offset 6, -20
 289              		.cfi_offset 5, -24
 290              		.cfi_offset 4, -28
 291              		.cfi_offset 2, -32
 292              		.cfi_offset 1, -36
 293              		.cfi_offset 0, -40
 294 0006 9046     		mov	r8, r2
 295 0008 1F46     		mov	r7, r3
 296              		.loc 1 184 0
 297 000a 0446     		mov	r4, r0
 298 000c 10B9     		cbnz	r0, .L17
 299              		.loc 1 184 0 is_stmt 0 discriminator 1
 300 000e 1748     		ldr	r0, .L20
 301              	.LVL12:
 302 0010 FFF7FEFF 		bl	chDbgPanic
 303              	.LVL13:
 304              	.L17:
 305              		.loc 1 186 0 is_stmt 1
 306 0014 2046     		mov	r0, r4
 307 0016 FFF7FEFF 		bl	chPoolAlloc
 308              	.LVL14:
 309              		.loc 1 187 0
 310 001a 0546     		mov	r5, r0
 311 001c 10B3     		cbz	r0, .L18
 312              		.loc 1 191 0
 313 001e 00F14C09 		add	r9, r0, #76
 314 0022 4946     		mov	r1, r9
 315 0024 FF22     		movs	r2, #255
 316 0026 FFF7FEFF 		bl	_thread_memfill
 317              	.LVL15:
 318              		.loc 1 194 0
 319 002a 6168     		ldr	r1, [r4, #4]
 320 002c 4846     		mov	r0, r9
 321 002e 6918     		adds	r1, r5, r1
 322 0030 5522     		movs	r2, #85
 323 0032 FFF7FEFF 		bl	_thread_memfill
 324              		.loc 1 199 0
 325              	@ 199 "../chibios/os/kernel/src/chdynamic.c" 1
 326 0036 FFF7FEFF 		bl      _port_lock
 327              	@ 0 "" 2
 328              		.thumb
 329 003a FFF7FEFF 		bl	dbg_check_lock
 330              		.loc 1 200 0
 331 003e 0097     		str	r7, [sp, #0]
 332 0040 3246     		mov	r2, r6
 333 0042 6168     		ldr	r1, [r4, #4]
 334 0044 4346     		mov	r3, r8
 335 0046 2846     		mov	r0, r5
 336 0048 FFF7FEFF 		bl	chThdCreateI
 337              		.loc 1 201 0
 338 004c 0223     		movs	r3, #2
ARM GAS  /tmp/ccT2bPPA.s 			page 7


 339 004e 80F82130 		strb	r3, [r0, #33]
 340              		.loc 1 202 0
 341 0052 8464     		str	r4, [r0, #72]
 342              		.loc 1 203 0
 343 0054 0021     		movs	r1, #0
 344              		.loc 1 200 0
 345 0056 0546     		mov	r5, r0
 346              	.LVL16:
 347              		.loc 1 203 0
 348 0058 FFF7FEFF 		bl	chSchWakeupS
 349              	.LVL17:
 350              		.loc 1 204 0
 351 005c FFF7FEFF 		bl	dbg_check_unlock
 352              	@ 204 "../chibios/os/kernel/src/chdynamic.c" 1
 353 0060 FFF7FEFF 		bl      _port_unlock
 354              	@ 0 "" 2
 355              	.LVL18:
 356              		.thumb
 357              	.L18:
 358              		.loc 1 206 0
 359 0064 2846     		mov	r0, r5
 360 0066 BDE8FE83 		pop	{r1, r2, r3, r4, r5, r6, r7, r8, r9, pc}
 361              	.L21:
 362 006a 00BF     		.align	2
 363              	.L20:
 364 006c 25000000 		.word	.LC2
 365              		.cfi_endproc
 366              	.LFE3:
 367              		.size	chThdCreateFromMemoryPool, .-chThdCreateFromMemoryPool
 368              		.section	.rodata.str1.1,"aMS",%progbits,1
 369              	.LC0:
 370 0000 63685468 		.ascii	"chThdAddRef(), #1\000"
 370      64416464 
 370      52656628 
 370      292C2023 
 370      3100
 371              	.LC1:
 372 0012 63685468 		.ascii	"chThdRelease(), #1\000"
 372      6452656C 
 372      65617365 
 372      28292C20 
 372      233100
 373              	.LC2:
 374 0025 22636854 		.ascii	"\"chThdCreateFromMemoryPool\"()\000"
 374      68644372 
 374      65617465 
 374      46726F6D 
 374      4D656D6F 
 375              		.text
 376              	.Letext0:
 377              		.section	.debug_loc,"",%progbits
 378              	.Ldebug_loc0:
 379              	.LLST0:
 380 0000 00000000 		.4byte	.LFB0
 381 0004 02000000 		.4byte	.LCFI0
 382 0008 0200     		.2byte	0x2
 383 000a 7D       		.byte	0x7d
ARM GAS  /tmp/ccT2bPPA.s 			page 8


 384 000b 00       		.sleb128 0
 385 000c 02000000 		.4byte	.LCFI0
 386 0010 34000000 		.4byte	.LFE0
 387 0014 0200     		.2byte	0x2
 388 0016 7D       		.byte	0x7d
 389 0017 08       		.sleb128 8
 390 0018 00000000 		.4byte	0x0
 391 001c 00000000 		.4byte	0x0
 392              	.LLST1:
 393 0020 00000000 		.4byte	.LVL0
 394 0024 0B000000 		.4byte	.LVL1-1
 395 0028 0100     		.2byte	0x1
 396 002a 50       		.byte	0x50
 397 002b 0B000000 		.4byte	.LVL1-1
 398 002f 34000000 		.4byte	.LFE0
 399 0033 0100     		.2byte	0x1
 400 0035 54       		.byte	0x54
 401 0036 00000000 		.4byte	0x0
 402 003a 00000000 		.4byte	0x0
 403              	.LLST2:
 404 003e 00000000 		.4byte	.LFB1
 405 0042 02000000 		.4byte	.LCFI1
 406 0046 0200     		.2byte	0x2
 407 0048 7D       		.byte	0x7d
 408 0049 00       		.sleb128 0
 409 004a 02000000 		.4byte	.LCFI1
 410 004e 7C000000 		.4byte	.LFE1
 411 0052 0200     		.2byte	0x2
 412 0054 7D       		.byte	0x7d
 413 0055 10       		.sleb128 16
 414 0056 00000000 		.4byte	0x0
 415 005a 00000000 		.4byte	0x0
 416              	.LLST3:
 417 005e 00000000 		.4byte	.LVL2
 418 0062 0B000000 		.4byte	.LVL3-1
 419 0066 0100     		.2byte	0x1
 420 0068 50       		.byte	0x50
 421 0069 0B000000 		.4byte	.LVL3-1
 422 006d 7C000000 		.4byte	.LFE1
 423 0071 0100     		.2byte	0x1
 424 0073 54       		.byte	0x54
 425 0074 00000000 		.4byte	0x0
 426 0078 00000000 		.4byte	0x0
 427              	.LLST4:
 428 007c 00000000 		.4byte	.LFB2
 429 0080 04000000 		.4byte	.LCFI2
 430 0084 0200     		.2byte	0x2
 431 0086 7D       		.byte	0x7d
 432 0087 00       		.sleb128 0
 433 0088 04000000 		.4byte	.LCFI2
 434 008c 5C000000 		.4byte	.LFE2
 435 0090 0200     		.2byte	0x2
 436 0092 7D       		.byte	0x7d
 437 0093 20       		.sleb128 32
 438 0094 00000000 		.4byte	0x0
 439 0098 00000000 		.4byte	0x0
 440              	.LLST5:
ARM GAS  /tmp/ccT2bPPA.s 			page 9


 441 009c 00000000 		.4byte	.LVL5
 442 00a0 0D000000 		.4byte	.LVL6-1
 443 00a4 0100     		.2byte	0x1
 444 00a6 50       		.byte	0x50
 445 00a7 00000000 		.4byte	0x0
 446 00ab 00000000 		.4byte	0x0
 447              	.LLST6:
 448 00af 00000000 		.4byte	.LVL5
 449 00b3 0D000000 		.4byte	.LVL6-1
 450 00b7 0100     		.2byte	0x1
 451 00b9 51       		.byte	0x51
 452 00ba 0D000000 		.4byte	.LVL6-1
 453 00be 5C000000 		.4byte	.LFE2
 454 00c2 0100     		.2byte	0x1
 455 00c4 55       		.byte	0x55
 456 00c5 00000000 		.4byte	0x0
 457 00c9 00000000 		.4byte	0x0
 458              	.LLST7:
 459 00cd 00000000 		.4byte	.LVL5
 460 00d1 0D000000 		.4byte	.LVL6-1
 461 00d5 0100     		.2byte	0x1
 462 00d7 52       		.byte	0x52
 463 00d8 0D000000 		.4byte	.LVL6-1
 464 00dc 5C000000 		.4byte	.LFE2
 465 00e0 0100     		.2byte	0x1
 466 00e2 57       		.byte	0x57
 467 00e3 00000000 		.4byte	0x0
 468 00e7 00000000 		.4byte	0x0
 469              	.LLST8:
 470 00eb 00000000 		.4byte	.LVL5
 471 00ef 0D000000 		.4byte	.LVL6-1
 472 00f3 0100     		.2byte	0x1
 473 00f5 53       		.byte	0x53
 474 00f6 0D000000 		.4byte	.LVL6-1
 475 00fa 5C000000 		.4byte	.LFE2
 476 00fe 0100     		.2byte	0x1
 477 0100 56       		.byte	0x56
 478 0101 00000000 		.4byte	0x0
 479 0105 00000000 		.4byte	0x0
 480              	.LLST9:
 481 0109 0E000000 		.4byte	.LVL6
 482 010d 1D000000 		.4byte	.LVL7-1
 483 0111 0100     		.2byte	0x1
 484 0113 50       		.byte	0x50
 485 0114 1D000000 		.4byte	.LVL7-1
 486 0118 4A000000 		.4byte	.LVL8
 487 011c 0100     		.2byte	0x1
 488 011e 54       		.byte	0x54
 489 011f 4A000000 		.4byte	.LVL8
 490 0123 56000000 		.4byte	.LVL10
 491 0127 0400     		.2byte	0x4
 492 0129 78       		.byte	0x78
 493 012a B47F     		.sleb128 -76
 494 012c 9F       		.byte	0x9f
 495 012d 00000000 		.4byte	0x0
 496 0131 00000000 		.4byte	0x0
 497              	.LLST10:
ARM GAS  /tmp/ccT2bPPA.s 			page 10


 498 0135 4A000000 		.4byte	.LVL8
 499 0139 4D000000 		.4byte	.LVL9-1
 500 013d 0100     		.2byte	0x1
 501 013f 50       		.byte	0x50
 502 0140 4D000000 		.4byte	.LVL9-1
 503 0144 56000000 		.4byte	.LVL10
 504 0148 0100     		.2byte	0x1
 505 014a 54       		.byte	0x54
 506 014b 00000000 		.4byte	0x0
 507 014f 00000000 		.4byte	0x0
 508              	.LLST11:
 509 0153 00000000 		.4byte	.LFB3
 510 0157 04000000 		.4byte	.LCFI3
 511 015b 0200     		.2byte	0x2
 512 015d 7D       		.byte	0x7d
 513 015e 00       		.sleb128 0
 514 015f 04000000 		.4byte	.LCFI3
 515 0163 70000000 		.4byte	.LFE3
 516 0167 0200     		.2byte	0x2
 517 0169 7D       		.byte	0x7d
 518 016a 28       		.sleb128 40
 519 016b 00000000 		.4byte	0x0
 520 016f 00000000 		.4byte	0x0
 521              	.LLST12:
 522 0173 00000000 		.4byte	.LVL11
 523 0177 10000000 		.4byte	.LVL12
 524 017b 0100     		.2byte	0x1
 525 017d 50       		.byte	0x50
 526 017e 10000000 		.4byte	.LVL12
 527 0182 70000000 		.4byte	.LFE3
 528 0186 0100     		.2byte	0x1
 529 0188 54       		.byte	0x54
 530 0189 00000000 		.4byte	0x0
 531 018d 00000000 		.4byte	0x0
 532              	.LLST13:
 533 0191 00000000 		.4byte	.LVL11
 534 0195 13000000 		.4byte	.LVL13-1
 535 0199 0100     		.2byte	0x1
 536 019b 51       		.byte	0x51
 537 019c 13000000 		.4byte	.LVL13-1
 538 01a0 70000000 		.4byte	.LFE3
 539 01a4 0100     		.2byte	0x1
 540 01a6 56       		.byte	0x56
 541 01a7 00000000 		.4byte	0x0
 542 01ab 00000000 		.4byte	0x0
 543              	.LLST14:
 544 01af 00000000 		.4byte	.LVL11
 545 01b3 13000000 		.4byte	.LVL13-1
 546 01b7 0100     		.2byte	0x1
 547 01b9 52       		.byte	0x52
 548 01ba 13000000 		.4byte	.LVL13-1
 549 01be 70000000 		.4byte	.LFE3
 550 01c2 0100     		.2byte	0x1
 551 01c4 58       		.byte	0x58
 552 01c5 00000000 		.4byte	0x0
 553 01c9 00000000 		.4byte	0x0
 554              	.LLST15:
ARM GAS  /tmp/ccT2bPPA.s 			page 11


 555 01cd 00000000 		.4byte	.LVL11
 556 01d1 13000000 		.4byte	.LVL13-1
 557 01d5 0100     		.2byte	0x1
 558 01d7 53       		.byte	0x53
 559 01d8 13000000 		.4byte	.LVL13-1
 560 01dc 70000000 		.4byte	.LFE3
 561 01e0 0100     		.2byte	0x1
 562 01e2 57       		.byte	0x57
 563 01e3 00000000 		.4byte	0x0
 564 01e7 00000000 		.4byte	0x0
 565              	.LLST16:
 566 01eb 1A000000 		.4byte	.LVL14
 567 01ef 29000000 		.4byte	.LVL15-1
 568 01f3 0100     		.2byte	0x1
 569 01f5 50       		.byte	0x50
 570 01f6 29000000 		.4byte	.LVL15-1
 571 01fa 58000000 		.4byte	.LVL16
 572 01fe 0100     		.2byte	0x1
 573 0200 55       		.byte	0x55
 574 0201 58000000 		.4byte	.LVL16
 575 0205 64000000 		.4byte	.LVL18
 576 0209 0400     		.2byte	0x4
 577 020b 79       		.byte	0x79
 578 020c B47F     		.sleb128 -76
 579 020e 9F       		.byte	0x9f
 580 020f 00000000 		.4byte	0x0
 581 0213 00000000 		.4byte	0x0
 582              	.LLST17:
 583 0217 58000000 		.4byte	.LVL16
 584 021b 5B000000 		.4byte	.LVL17-1
 585 021f 0100     		.2byte	0x1
 586 0221 50       		.byte	0x50
 587 0222 5B000000 		.4byte	.LVL17-1
 588 0226 64000000 		.4byte	.LVL18
 589 022a 0100     		.2byte	0x1
 590 022c 55       		.byte	0x55
 591 022d 00000000 		.4byte	0x0
 592 0231 00000000 		.4byte	0x0
 593              		.file 2 "/home/z80/programs/code-sourcery/2011.03-42/bin/../lib/gcc/arm-none-eabi/4.5.2/include/st
 594              		.file 3 "/home/z80/programs/code-sourcery/2011.03-42/bin/../lib/gcc/arm-none-eabi/4.5.2/../../../.
 595              		.file 4 "../chibios/os/ports/GCC/ARMCMx/chtypes.h"
 596              		.file 5 "../chibios/os/kernel/include/chlists.h"
 597              		.file 6 "../chibios/os/kernel/include/chthreads.h"
 598              		.file 7 "../chibios/os/ports/GCC/ARMCMx/chcore_v7m.h"
 599              		.file 8 "../chibios/os/kernel/include/chmtx.h"
 600              		.file 9 "../chibios/os/kernel/include/chmemcore.h"
 601              		.file 10 "../chibios/os/kernel/include/chheap.h"
 602              		.file 11 "../chibios/os/kernel/include/chmempools.h"
 603              		.section	.debug_info
 604 0000 92060000 		.4byte	0x692
 605 0004 0200     		.2byte	0x2
 606 0006 00000000 		.4byte	.Ldebug_abbrev0
 607 000a 04       		.byte	0x4
 608 000b 01       		.uleb128 0x1
 609 000c 39030000 		.4byte	.LASF79
 610 0010 01       		.byte	0x1
 611 0011 C8010000 		.4byte	.LASF80
ARM GAS  /tmp/ccT2bPPA.s 			page 12


 612 0015 4F010000 		.4byte	.LASF81
 613 0019 00000000 		.4byte	0x0
 614 001d 00000000 		.4byte	0x0
 615 0021 00000000 		.4byte	.Ldebug_ranges0+0x0
 616 0025 00000000 		.4byte	.Ldebug_line0
 617 0029 02       		.uleb128 0x2
 618 002a 04       		.byte	0x4
 619 002b 05       		.byte	0x5
 620 002c 696E7400 		.ascii	"int\000"
 621 0030 03       		.uleb128 0x3
 622 0031 0E000000 		.4byte	.LASF2
 623 0035 02       		.byte	0x2
 624 0036 D3       		.byte	0xd3
 625 0037 3B000000 		.4byte	0x3b
 626 003b 04       		.uleb128 0x4
 627 003c 04       		.byte	0x4
 628 003d 07       		.byte	0x7
 629 003e 23010000 		.4byte	.LASF0
 630 0042 04       		.uleb128 0x4
 631 0043 01       		.byte	0x1
 632 0044 06       		.byte	0x6
 633 0045 84000000 		.4byte	.LASF1
 634 0049 03       		.uleb128 0x3
 635 004a 2A030000 		.4byte	.LASF3
 636 004e 03       		.byte	0x3
 637 004f 2A       		.byte	0x2a
 638 0050 54000000 		.4byte	0x54
 639 0054 04       		.uleb128 0x4
 640 0055 01       		.byte	0x1
 641 0056 08       		.byte	0x8
 642 0057 4D020000 		.4byte	.LASF4
 643 005b 04       		.uleb128 0x4
 644 005c 02       		.byte	0x2
 645 005d 05       		.byte	0x5
 646 005e 70020000 		.4byte	.LASF5
 647 0062 04       		.uleb128 0x4
 648 0063 02       		.byte	0x2
 649 0064 07       		.byte	0x7
 650 0065 F2020000 		.4byte	.LASF6
 651 0069 03       		.uleb128 0x3
 652 006a 45020000 		.4byte	.LASF7
 653 006e 03       		.byte	0x3
 654 006f 4F       		.byte	0x4f
 655 0070 74000000 		.4byte	0x74
 656 0074 04       		.uleb128 0x4
 657 0075 04       		.byte	0x4
 658 0076 05       		.byte	0x5
 659 0077 AD000000 		.4byte	.LASF8
 660 007b 03       		.uleb128 0x3
 661 007c C3020000 		.4byte	.LASF9
 662 0080 03       		.byte	0x3
 663 0081 50       		.byte	0x50
 664 0082 86000000 		.4byte	0x86
 665 0086 04       		.uleb128 0x4
 666 0087 04       		.byte	0x4
 667 0088 07       		.byte	0x7
 668 0089 30010000 		.4byte	.LASF10
ARM GAS  /tmp/ccT2bPPA.s 			page 13


 669 008d 04       		.uleb128 0x4
 670 008e 08       		.byte	0x8
 671 008f 05       		.byte	0x5
 672 0090 76000000 		.4byte	.LASF11
 673 0094 03       		.uleb128 0x3
 674 0095 1C000000 		.4byte	.LASF12
 675 0099 03       		.byte	0x3
 676 009a 78       		.byte	0x78
 677 009b 9F000000 		.4byte	0x9f
 678 009f 04       		.uleb128 0x4
 679 00a0 08       		.byte	0x8
 680 00a1 07       		.byte	0x7
 681 00a2 3D000000 		.4byte	.LASF13
 682 00a6 03       		.uleb128 0x3
 683 00a7 8B010000 		.4byte	.LASF14
 684 00ab 04       		.byte	0x4
 685 00ac 2F       		.byte	0x2f
 686 00ad 49000000 		.4byte	0x49
 687 00b1 03       		.uleb128 0x3
 688 00b2 CA000000 		.4byte	.LASF15
 689 00b6 04       		.byte	0x4
 690 00b7 30       		.byte	0x30
 691 00b8 49000000 		.4byte	0x49
 692 00bc 03       		.uleb128 0x3
 693 00bd 29020000 		.4byte	.LASF16
 694 00c1 04       		.byte	0x4
 695 00c2 31       		.byte	0x31
 696 00c3 49000000 		.4byte	0x49
 697 00c7 03       		.uleb128 0x3
 698 00c8 3D020000 		.4byte	.LASF17
 699 00cc 04       		.byte	0x4
 700 00cd 32       		.byte	0x32
 701 00ce 7B000000 		.4byte	0x7b
 702 00d2 03       		.uleb128 0x3
 703 00d3 85010000 		.4byte	.LASF18
 704 00d7 04       		.byte	0x4
 705 00d8 33       		.byte	0x33
 706 00d9 69000000 		.4byte	0x69
 707 00dd 03       		.uleb128 0x3
 708 00de 9F010000 		.4byte	.LASF19
 709 00e2 04       		.byte	0x4
 710 00e3 35       		.byte	0x35
 711 00e4 7B000000 		.4byte	0x7b
 712 00e8 03       		.uleb128 0x3
 713 00e9 DD020000 		.4byte	.LASF20
 714 00ed 04       		.byte	0x4
 715 00ee 36       		.byte	0x36
 716 00ef 7B000000 		.4byte	0x7b
 717 00f3 03       		.uleb128 0x3
 718 00f4 B1020000 		.4byte	.LASF21
 719 00f8 05       		.byte	0x5
 720 00f9 2A       		.byte	0x2a
 721 00fa FE000000 		.4byte	0xfe
 722 00fe 05       		.uleb128 0x5
 723 00ff B1020000 		.4byte	.LASF21
 724 0103 4C       		.byte	0x4c
 725 0104 06       		.byte	0x6
ARM GAS  /tmp/ccT2bPPA.s 			page 14


 726 0105 5E       		.byte	0x5e
 727 0106 23020000 		.4byte	0x223
 728 010a 06       		.uleb128 0x6
 729 010b 95020000 		.4byte	.LASF22
 730 010f 06       		.byte	0x6
 731 0110 5F       		.byte	0x5f
 732 0111 48020000 		.4byte	0x248
 733 0115 02       		.byte	0x2
 734 0116 23       		.byte	0x23
 735 0117 00       		.uleb128 0x0
 736 0118 06       		.uleb128 0x6
 737 0119 36020000 		.4byte	.LASF23
 738 011d 06       		.byte	0x6
 739 011e 61       		.byte	0x61
 740 011f 48020000 		.4byte	0x248
 741 0123 02       		.byte	0x2
 742 0124 23       		.byte	0x23
 743 0125 04       		.uleb128 0x4
 744 0126 06       		.uleb128 0x6
 745 0127 6F000000 		.4byte	.LASF24
 746 012b 06       		.byte	0x6
 747 012c 63       		.byte	0x63
 748 012d C7000000 		.4byte	0xc7
 749 0131 02       		.byte	0x2
 750 0132 23       		.byte	0x23
 751 0133 08       		.uleb128 0x8
 752 0134 06       		.uleb128 0x6
 753 0135 54030000 		.4byte	.LASF25
 754 0139 06       		.byte	0x6
 755 013a 64       		.byte	0x64
 756 013b 20030000 		.4byte	0x320
 757 013f 02       		.byte	0x2
 758 0140 23       		.byte	0x23
 759 0141 0C       		.uleb128 0xc
 760 0142 06       		.uleb128 0x6
 761 0143 DB000000 		.4byte	.LASF26
 762 0147 06       		.byte	0x6
 763 0148 66       		.byte	0x66
 764 0149 48020000 		.4byte	0x248
 765 014d 02       		.byte	0x2
 766 014e 23       		.byte	0x23
 767 014f 10       		.uleb128 0x10
 768 0150 06       		.uleb128 0x6
 769 0151 ED010000 		.4byte	.LASF27
 770 0155 06       		.byte	0x6
 771 0156 67       		.byte	0x67
 772 0157 48020000 		.4byte	0x248
 773 015b 02       		.byte	0x2
 774 015c 23       		.byte	0x23
 775 015d 14       		.uleb128 0x14
 776 015e 06       		.uleb128 0x6
 777 015f 45030000 		.4byte	.LASF28
 778 0163 06       		.byte	0x6
 779 0164 6E       		.byte	0x6e
 780 0165 F6040000 		.4byte	0x4f6
 781 0169 02       		.byte	0x2
 782 016a 23       		.byte	0x23
ARM GAS  /tmp/ccT2bPPA.s 			page 15


 783 016b 18       		.uleb128 0x18
 784 016c 06       		.uleb128 0x6
 785 016d 18010000 		.4byte	.LASF29
 786 0171 06       		.byte	0x6
 787 0172 74       		.byte	0x74
 788 0173 08050000 		.4byte	0x508
 789 0177 02       		.byte	0x2
 790 0178 23       		.byte	0x23
 791 0179 1C       		.uleb128 0x1c
 792 017a 06       		.uleb128 0x6
 793 017b 7A020000 		.4byte	.LASF30
 794 017f 06       		.byte	0x6
 795 0180 79       		.byte	0x79
 796 0181 B1000000 		.4byte	0xb1
 797 0185 02       		.byte	0x2
 798 0186 23       		.byte	0x23
 799 0187 20       		.uleb128 0x20
 800 0188 06       		.uleb128 0x6
 801 0189 9C020000 		.4byte	.LASF31
 802 018d 06       		.byte	0x6
 803 018e 7D       		.byte	0x7d
 804 018f A6000000 		.4byte	0xa6
 805 0193 02       		.byte	0x2
 806 0194 23       		.byte	0x23
 807 0195 21       		.uleb128 0x21
 808 0196 06       		.uleb128 0x6
 809 0197 23030000 		.4byte	.LASF32
 810 019b 06       		.byte	0x6
 811 019c 82       		.byte	0x82
 812 019d BC000000 		.4byte	0xbc
 813 01a1 02       		.byte	0x2
 814 01a2 23       		.byte	0x23
 815 01a3 22       		.uleb128 0x22
 816 01a4 06       		.uleb128 0x6
 817 01a5 32030000 		.4byte	.LASF33
 818 01a9 06       		.byte	0x6
 819 01aa 89       		.byte	0x89
 820 01ab 43030000 		.4byte	0x343
 821 01af 02       		.byte	0x2
 822 01b0 23       		.byte	0x23
 823 01b1 24       		.uleb128 0x24
 824 01b2 07       		.uleb128 0x7
 825 01b3 705F7500 		.ascii	"p_u\000"
 826 01b7 06       		.byte	0x6
 827 01b8 AE       		.byte	0xae
 828 01b9 C1040000 		.4byte	0x4c1
 829 01bd 02       		.byte	0x2
 830 01be 23       		.byte	0x23
 831 01bf 28       		.uleb128 0x28
 832 01c0 06       		.uleb128 0x6
 833 01c1 5A030000 		.4byte	.LASF34
 834 01c5 06       		.byte	0x6
 835 01c6 B3       		.byte	0xb3
 836 01c7 70020000 		.4byte	0x270
 837 01cb 02       		.byte	0x2
 838 01cc 23       		.byte	0x23
 839 01cd 2C       		.uleb128 0x2c
ARM GAS  /tmp/ccT2bPPA.s 			page 16


 840 01ce 06       		.uleb128 0x6
 841 01cf 0C030000 		.4byte	.LASF35
 842 01d3 06       		.byte	0x6
 843 01d4 B9       		.byte	0xb9
 844 01d5 4E020000 		.4byte	0x24e
 845 01d9 02       		.byte	0x2
 846 01da 23       		.byte	0x23
 847 01db 30       		.uleb128 0x30
 848 01dc 06       		.uleb128 0x6
 849 01dd 08000000 		.4byte	.LASF36
 850 01e1 06       		.byte	0x6
 851 01e2 BD       		.byte	0xbd
 852 01e3 D2000000 		.4byte	0xd2
 853 01e7 02       		.byte	0x2
 854 01e8 23       		.byte	0x23
 855 01e9 38       		.uleb128 0x38
 856 01ea 06       		.uleb128 0x6
 857 01eb B8020000 		.4byte	.LASF37
 858 01ef 06       		.byte	0x6
 859 01f0 C3       		.byte	0xc3
 860 01f1 DD000000 		.4byte	0xdd
 861 01f5 02       		.byte	0x2
 862 01f6 23       		.byte	0x23
 863 01f7 3C       		.uleb128 0x3c
 864 01f8 06       		.uleb128 0x6
 865 01f9 66020000 		.4byte	.LASF38
 866 01fd 06       		.byte	0x6
 867 01fe CA       		.byte	0xca
 868 01ff 0E050000 		.4byte	0x50e
 869 0203 02       		.byte	0x2
 870 0204 23       		.byte	0x23
 871 0205 40       		.uleb128 0x40
 872 0206 06       		.uleb128 0x6
 873 0207 E7020000 		.4byte	.LASF39
 874 020b 06       		.byte	0x6
 875 020c CE       		.byte	0xce
 876 020d C7000000 		.4byte	0xc7
 877 0211 02       		.byte	0x2
 878 0212 23       		.byte	0x23
 879 0213 44       		.uleb128 0x44
 880 0214 06       		.uleb128 0x6
 881 0215 96000000 		.4byte	.LASF40
 882 0219 06       		.byte	0x6
 883 021a D4       		.byte	0xd4
 884 021b 86020000 		.4byte	0x286
 885 021f 02       		.byte	0x2
 886 0220 23       		.byte	0x23
 887 0221 48       		.uleb128 0x48
 888 0222 00       		.byte	0x0
 889 0223 08       		.uleb128 0x8
 890 0224 08       		.byte	0x8
 891 0225 05       		.byte	0x5
 892 0226 61       		.byte	0x61
 893 0227 48020000 		.4byte	0x248
 894 022b 06       		.uleb128 0x6
 895 022c 95020000 		.4byte	.LASF22
 896 0230 05       		.byte	0x5
ARM GAS  /tmp/ccT2bPPA.s 			page 17


 897 0231 62       		.byte	0x62
 898 0232 48020000 		.4byte	0x248
 899 0236 02       		.byte	0x2
 900 0237 23       		.byte	0x23
 901 0238 00       		.uleb128 0x0
 902 0239 06       		.uleb128 0x6
 903 023a 36020000 		.4byte	.LASF23
 904 023e 05       		.byte	0x5
 905 023f 64       		.byte	0x64
 906 0240 48020000 		.4byte	0x248
 907 0244 02       		.byte	0x2
 908 0245 23       		.byte	0x23
 909 0246 04       		.uleb128 0x4
 910 0247 00       		.byte	0x0
 911 0248 09       		.uleb128 0x9
 912 0249 04       		.byte	0x4
 913 024a F3000000 		.4byte	0xf3
 914 024e 03       		.uleb128 0x3
 915 024f F5010000 		.4byte	.LASF41
 916 0253 05       		.byte	0x5
 917 0254 66       		.byte	0x66
 918 0255 23020000 		.4byte	0x223
 919 0259 08       		.uleb128 0x8
 920 025a 04       		.byte	0x4
 921 025b 05       		.byte	0x5
 922 025c 6B       		.byte	0x6b
 923 025d 70020000 		.4byte	0x270
 924 0261 06       		.uleb128 0x6
 925 0262 95020000 		.4byte	.LASF22
 926 0266 05       		.byte	0x5
 927 0267 6D       		.byte	0x6d
 928 0268 48020000 		.4byte	0x248
 929 026c 02       		.byte	0x2
 930 026d 23       		.byte	0x23
 931 026e 00       		.uleb128 0x0
 932 026f 00       		.byte	0x0
 933 0270 03       		.uleb128 0x3
 934 0271 93010000 		.4byte	.LASF42
 935 0275 05       		.byte	0x5
 936 0276 70       		.byte	0x70
 937 0277 59020000 		.4byte	0x259
 938 027b 03       		.uleb128 0x3
 939 027c 09010000 		.4byte	.LASF43
 940 0280 07       		.byte	0x7
 941 0281 D7       		.byte	0xd7
 942 0282 86020000 		.4byte	0x286
 943 0286 0A       		.uleb128 0xa
 944 0287 04       		.byte	0x4
 945 0288 03       		.uleb128 0x3
 946 0289 BD010000 		.4byte	.LASF44
 947 028d 07       		.byte	0x7
 948 028e DD       		.byte	0xdd
 949 028f 94000000 		.4byte	0x94
 950 0293 05       		.uleb128 0x5
 951 0294 05030000 		.4byte	.LASF45
 952 0298 24       		.byte	0x24
 953 0299 07       		.byte	0x7
ARM GAS  /tmp/ccT2bPPA.s 			page 18


 954 029a FE       		.byte	0xfe
 955 029b 20030000 		.4byte	0x320
 956 029f 0B       		.uleb128 0xb
 957 02a0 723400   		.ascii	"r4\000"
 958 02a3 07       		.byte	0x7
 959 02a4 1101     		.2byte	0x111
 960 02a6 7B020000 		.4byte	0x27b
 961 02aa 02       		.byte	0x2
 962 02ab 23       		.byte	0x23
 963 02ac 00       		.uleb128 0x0
 964 02ad 0B       		.uleb128 0xb
 965 02ae 723500   		.ascii	"r5\000"
 966 02b1 07       		.byte	0x7
 967 02b2 1201     		.2byte	0x112
 968 02b4 7B020000 		.4byte	0x27b
 969 02b8 02       		.byte	0x2
 970 02b9 23       		.byte	0x23
 971 02ba 04       		.uleb128 0x4
 972 02bb 0B       		.uleb128 0xb
 973 02bc 723600   		.ascii	"r6\000"
 974 02bf 07       		.byte	0x7
 975 02c0 1301     		.2byte	0x113
 976 02c2 7B020000 		.4byte	0x27b
 977 02c6 02       		.byte	0x2
 978 02c7 23       		.byte	0x23
 979 02c8 08       		.uleb128 0x8
 980 02c9 0B       		.uleb128 0xb
 981 02ca 723700   		.ascii	"r7\000"
 982 02cd 07       		.byte	0x7
 983 02ce 1401     		.2byte	0x114
 984 02d0 7B020000 		.4byte	0x27b
 985 02d4 02       		.byte	0x2
 986 02d5 23       		.byte	0x23
 987 02d6 0C       		.uleb128 0xc
 988 02d7 0B       		.uleb128 0xb
 989 02d8 723800   		.ascii	"r8\000"
 990 02db 07       		.byte	0x7
 991 02dc 1501     		.2byte	0x115
 992 02de 7B020000 		.4byte	0x27b
 993 02e2 02       		.byte	0x2
 994 02e3 23       		.byte	0x23
 995 02e4 10       		.uleb128 0x10
 996 02e5 0B       		.uleb128 0xb
 997 02e6 723900   		.ascii	"r9\000"
 998 02e9 07       		.byte	0x7
 999 02ea 1601     		.2byte	0x116
 1000 02ec 7B020000 		.4byte	0x27b
 1001 02f0 02       		.byte	0x2
 1002 02f1 23       		.byte	0x23
 1003 02f2 14       		.uleb128 0x14
 1004 02f3 0B       		.uleb128 0xb
 1005 02f4 72313000 		.ascii	"r10\000"
 1006 02f8 07       		.byte	0x7
 1007 02f9 1701     		.2byte	0x117
 1008 02fb 7B020000 		.4byte	0x27b
 1009 02ff 02       		.byte	0x2
 1010 0300 23       		.byte	0x23
ARM GAS  /tmp/ccT2bPPA.s 			page 19


 1011 0301 18       		.uleb128 0x18
 1012 0302 0B       		.uleb128 0xb
 1013 0303 72313100 		.ascii	"r11\000"
 1014 0307 07       		.byte	0x7
 1015 0308 1801     		.2byte	0x118
 1016 030a 7B020000 		.4byte	0x27b
 1017 030e 02       		.byte	0x2
 1018 030f 23       		.byte	0x23
 1019 0310 1C       		.uleb128 0x1c
 1020 0311 0B       		.uleb128 0xb
 1021 0312 6C7200   		.ascii	"lr\000"
 1022 0315 07       		.byte	0x7
 1023 0316 1901     		.2byte	0x119
 1024 0318 7B020000 		.4byte	0x27b
 1025 031c 02       		.byte	0x2
 1026 031d 23       		.byte	0x23
 1027 031e 20       		.uleb128 0x20
 1028 031f 00       		.byte	0x0
 1029 0320 0C       		.uleb128 0xc
 1030 0321 42010000 		.4byte	.LASF46
 1031 0325 04       		.byte	0x4
 1032 0326 07       		.byte	0x7
 1033 0327 2301     		.2byte	0x123
 1034 0329 3D030000 		.4byte	0x33d
 1035 032d 0B       		.uleb128 0xb
 1036 032e 72313300 		.ascii	"r13\000"
 1037 0332 07       		.byte	0x7
 1038 0333 2401     		.2byte	0x124
 1039 0335 3D030000 		.4byte	0x33d
 1040 0339 02       		.byte	0x2
 1041 033a 23       		.byte	0x23
 1042 033b 00       		.uleb128 0x0
 1043 033c 00       		.byte	0x0
 1044 033d 09       		.uleb128 0x9
 1045 033e 04       		.byte	0x4
 1046 033f 93020000 		.4byte	0x293
 1047 0343 0D       		.uleb128 0xd
 1048 0344 E8000000 		.4byte	0xe8
 1049 0348 05       		.uleb128 0x5
 1050 0349 AB010000 		.4byte	.LASF47
 1051 034d 10       		.byte	0x10
 1052 034e 08       		.byte	0x8
 1053 034f 2C       		.byte	0x2c
 1054 0350 7F030000 		.4byte	0x37f
 1055 0354 06       		.uleb128 0x6
 1056 0355 9E000000 		.4byte	.LASF48
 1057 0359 08       		.byte	0x8
 1058 035a 2D       		.byte	0x2d
 1059 035b 4E020000 		.4byte	0x24e
 1060 035f 02       		.byte	0x2
 1061 0360 23       		.byte	0x23
 1062 0361 00       		.uleb128 0x0
 1063 0362 06       		.uleb128 0x6
 1064 0363 4C030000 		.4byte	.LASF49
 1065 0367 08       		.byte	0x8
 1066 0368 2F       		.byte	0x2f
 1067 0369 48020000 		.4byte	0x248
ARM GAS  /tmp/ccT2bPPA.s 			page 20


 1068 036d 02       		.byte	0x2
 1069 036e 23       		.byte	0x23
 1070 036f 08       		.uleb128 0x8
 1071 0370 06       		.uleb128 0x6
 1072 0371 D6020000 		.4byte	.LASF50
 1073 0375 08       		.byte	0x8
 1074 0376 31       		.byte	0x31
 1075 0377 7F030000 		.4byte	0x37f
 1076 037b 02       		.byte	0x2
 1077 037c 23       		.byte	0x23
 1078 037d 0C       		.uleb128 0xc
 1079 037e 00       		.byte	0x0
 1080 037f 09       		.uleb128 0x9
 1081 0380 04       		.byte	0x4
 1082 0381 48030000 		.4byte	0x348
 1083 0385 03       		.uleb128 0x3
 1084 0386 AB010000 		.4byte	.LASF47
 1085 038a 08       		.byte	0x8
 1086 038b 33       		.byte	0x33
 1087 038c 48030000 		.4byte	0x348
 1088 0390 03       		.uleb128 0x3
 1089 0391 30000000 		.4byte	.LASF51
 1090 0395 09       		.byte	0x9
 1091 0396 2C       		.byte	0x2c
 1092 0397 9B030000 		.4byte	0x39b
 1093 039b 09       		.uleb128 0x9
 1094 039c 04       		.byte	0x4
 1095 039d A1030000 		.4byte	0x3a1
 1096 03a1 0E       		.uleb128 0xe
 1097 03a2 01       		.byte	0x1
 1098 03a3 86020000 		.4byte	0x286
 1099 03a7 B1030000 		.4byte	0x3b1
 1100 03ab 0F       		.uleb128 0xf
 1101 03ac 30000000 		.4byte	0x30
 1102 03b0 00       		.byte	0x0
 1103 03b1 03       		.uleb128 0x3
 1104 03b2 16020000 		.4byte	.LASF52
 1105 03b6 0A       		.byte	0xa
 1106 03b7 34       		.byte	0x34
 1107 03b8 BC030000 		.4byte	0x3bc
 1108 03bc 05       		.uleb128 0x5
 1109 03bd 64030000 		.4byte	.LASF53
 1110 03c1 20       		.byte	0x20
 1111 03c2 0A       		.byte	0xa
 1112 03c3 47       		.byte	0x47
 1113 03c4 F3030000 		.4byte	0x3f3
 1114 03c8 06       		.uleb128 0x6
 1115 03c9 5B020000 		.4byte	.LASF54
 1116 03cd 0A       		.byte	0xa
 1117 03ce 48       		.byte	0x48
 1118 03cf 90030000 		.4byte	0x390
 1119 03d3 02       		.byte	0x2
 1120 03d4 23       		.byte	0x23
 1121 03d5 00       		.uleb128 0x0
 1122 03d6 06       		.uleb128 0x6
 1123 03d7 5D000000 		.4byte	.LASF55
 1124 03db 0A       		.byte	0xa
ARM GAS  /tmp/ccT2bPPA.s 			page 21


 1125 03dc 4A       		.byte	0x4a
 1126 03dd 12040000 		.4byte	0x412
 1127 03e1 02       		.byte	0x2
 1128 03e2 23       		.byte	0x23
 1129 03e3 08       		.uleb128 0x8
 1130 03e4 06       		.uleb128 0x6
 1131 03e5 90000000 		.4byte	.LASF56
 1132 03e9 0A       		.byte	0xa
 1133 03ea 4C       		.byte	0x4c
 1134 03eb 85030000 		.4byte	0x385
 1135 03ef 02       		.byte	0x2
 1136 03f0 23       		.byte	0x23
 1137 03f1 10       		.uleb128 0x10
 1138 03f2 00       		.byte	0x0
 1139 03f3 10       		.uleb128 0x10
 1140 03f4 04       		.byte	0x4
 1141 03f5 0A       		.byte	0xa
 1142 03f6 3C       		.byte	0x3c
 1143 03f7 12040000 		.4byte	0x412
 1144 03fb 11       		.uleb128 0x11
 1145 03fc 6A000000 		.4byte	.LASF57
 1146 0400 0A       		.byte	0xa
 1147 0401 3D       		.byte	0x3d
 1148 0402 33040000 		.4byte	0x433
 1149 0406 11       		.uleb128 0x11
 1150 0407 CC020000 		.4byte	.LASF58
 1151 040b 0A       		.byte	0xa
 1152 040c 3E       		.byte	0x3e
 1153 040d 39040000 		.4byte	0x439
 1154 0411 00       		.byte	0x0
 1155 0412 12       		.uleb128 0x12
 1156 0413 82020000 		.4byte	.LASF82
 1157 0417 08       		.byte	0x8
 1158 0418 0A       		.byte	0xa
 1159 0419 39       		.byte	0x39
 1160 041a 33040000 		.4byte	0x433
 1161 041e 11       		.uleb128 0x11
 1162 041f 12010000 		.4byte	.LASF59
 1163 0423 0A       		.byte	0xa
 1164 0424 3A       		.byte	0x3a
 1165 0425 88020000 		.4byte	0x288
 1166 0429 13       		.uleb128 0x13
 1167 042a 6800     		.ascii	"h\000"
 1168 042c 0A       		.byte	0xa
 1169 042d 41       		.byte	0x41
 1170 042e 3F040000 		.4byte	0x43f
 1171 0432 00       		.byte	0x0
 1172 0433 09       		.uleb128 0x9
 1173 0434 04       		.byte	0x4
 1174 0435 12040000 		.4byte	0x412
 1175 0439 09       		.uleb128 0x9
 1176 043a 04       		.byte	0x4
 1177 043b B1030000 		.4byte	0x3b1
 1178 043f 08       		.uleb128 0x8
 1179 0440 08       		.byte	0x8
 1180 0441 0A       		.byte	0xa
 1181 0442 3B       		.byte	0x3b
ARM GAS  /tmp/ccT2bPPA.s 			page 22


 1182 0443 62040000 		.4byte	0x462
 1183 0447 07       		.uleb128 0x7
 1184 0448 7500     		.ascii	"u\000"
 1185 044a 0A       		.byte	0xa
 1186 044b 3F       		.byte	0x3f
 1187 044c F3030000 		.4byte	0x3f3
 1188 0450 02       		.byte	0x2
 1189 0451 23       		.byte	0x23
 1190 0452 00       		.uleb128 0x0
 1191 0453 06       		.uleb128 0x6
 1192 0454 4A010000 		.4byte	.LASF60
 1193 0458 0A       		.byte	0xa
 1194 0459 40       		.byte	0x40
 1195 045a 30000000 		.4byte	0x30
 1196 045e 02       		.byte	0x2
 1197 045f 23       		.byte	0x23
 1198 0460 04       		.uleb128 0x4
 1199 0461 00       		.byte	0x0
 1200 0462 05       		.uleb128 0x5
 1201 0463 17030000 		.4byte	.LASF61
 1202 0467 04       		.byte	0x4
 1203 0468 0B       		.byte	0xb
 1204 0469 2C       		.byte	0x2c
 1205 046a 7D040000 		.4byte	0x47d
 1206 046e 06       		.uleb128 0x6
 1207 046f 21020000 		.4byte	.LASF62
 1208 0473 0B       		.byte	0xb
 1209 0474 2D       		.byte	0x2d
 1210 0475 7D040000 		.4byte	0x47d
 1211 0479 02       		.byte	0x2
 1212 047a 23       		.byte	0x23
 1213 047b 00       		.uleb128 0x0
 1214 047c 00       		.byte	0x0
 1215 047d 09       		.uleb128 0x9
 1216 047e 04       		.byte	0x4
 1217 047f 62040000 		.4byte	0x462
 1218 0483 08       		.uleb128 0x8
 1219 0484 0C       		.byte	0xc
 1220 0485 0B       		.byte	0xb
 1221 0486 34       		.byte	0x34
 1222 0487 B6040000 		.4byte	0x4b6
 1223 048b 06       		.uleb128 0x6
 1224 048c D3000000 		.4byte	.LASF63
 1225 0490 0B       		.byte	0xb
 1226 0491 35       		.byte	0x35
 1227 0492 7D040000 		.4byte	0x47d
 1228 0496 02       		.byte	0x2
 1229 0497 23       		.byte	0x23
 1230 0498 00       		.uleb128 0x0
 1231 0499 06       		.uleb128 0x6
 1232 049a 02020000 		.4byte	.LASF64
 1233 049e 0B       		.byte	0xb
 1234 049f 36       		.byte	0x36
 1235 04a0 30000000 		.4byte	0x30
 1236 04a4 02       		.byte	0x2
 1237 04a5 23       		.byte	0x23
 1238 04a6 04       		.uleb128 0x4
ARM GAS  /tmp/ccT2bPPA.s 			page 23


 1239 04a7 06       		.uleb128 0x6
 1240 04a8 FD000000 		.4byte	.LASF65
 1241 04ac 0B       		.byte	0xb
 1242 04ad 38       		.byte	0x38
 1243 04ae 90030000 		.4byte	0x390
 1244 04b2 02       		.byte	0x2
 1245 04b3 23       		.byte	0x23
 1246 04b4 08       		.uleb128 0x8
 1247 04b5 00       		.byte	0x0
 1248 04b6 03       		.uleb128 0x3
 1249 04b7 25000000 		.4byte	.LASF66
 1250 04bb 0B       		.byte	0xb
 1251 04bc 3A       		.byte	0x3a
 1252 04bd 83040000 		.4byte	0x483
 1253 04c1 10       		.uleb128 0x10
 1254 04c2 04       		.byte	0x4
 1255 04c3 06       		.byte	0x6
 1256 04c4 90       		.byte	0x90
 1257 04c5 F6040000 		.4byte	0x4f6
 1258 04c9 11       		.uleb128 0x11
 1259 04ca 15000000 		.4byte	.LASF67
 1260 04ce 06       		.byte	0x6
 1261 04cf 97       		.byte	0x97
 1262 04d0 D2000000 		.4byte	0xd2
 1263 04d4 11       		.uleb128 0x11
 1264 04d5 54000000 		.4byte	.LASF68
 1265 04d9 06       		.byte	0x6
 1266 04da 9E       		.byte	0x9e
 1267 04db D2000000 		.4byte	0xd2
 1268 04df 11       		.uleb128 0x11
 1269 04e0 A6000000 		.4byte	.LASF69
 1270 04e4 06       		.byte	0x6
 1271 04e5 A5       		.byte	0xa5
 1272 04e6 86020000 		.4byte	0x286
 1273 04ea 11       		.uleb128 0x11
 1274 04eb 8E020000 		.4byte	.LASF70
 1275 04ef 06       		.byte	0x6
 1276 04f0 AC       		.byte	0xac
 1277 04f1 DD000000 		.4byte	0xdd
 1278 04f5 00       		.byte	0x0
 1279 04f6 09       		.uleb128 0x9
 1280 04f7 04       		.byte	0x4
 1281 04f8 FC040000 		.4byte	0x4fc
 1282 04fc 14       		.uleb128 0x14
 1283 04fd 01050000 		.4byte	0x501
 1284 0501 04       		.uleb128 0x4
 1285 0502 01       		.byte	0x1
 1286 0503 08       		.byte	0x8
 1287 0504 D1020000 		.4byte	.LASF71
 1288 0508 09       		.uleb128 0x9
 1289 0509 04       		.byte	0x4
 1290 050a 88020000 		.4byte	0x288
 1291 050e 09       		.uleb128 0x9
 1292 050f 04       		.byte	0x4
 1293 0510 85030000 		.4byte	0x385
 1294 0514 03       		.uleb128 0x3
 1295 0515 00000000 		.4byte	.LASF72
ARM GAS  /tmp/ccT2bPPA.s 			page 24


 1296 0519 06       		.byte	0x6
 1297 051a DF       		.byte	0xdf
 1298 051b 1F050000 		.4byte	0x51f
 1299 051f 09       		.uleb128 0x9
 1300 0520 04       		.byte	0x4
 1301 0521 25050000 		.4byte	0x525
 1302 0525 0E       		.uleb128 0xe
 1303 0526 01       		.byte	0x1
 1304 0527 D2000000 		.4byte	0xd2
 1305 052b 35050000 		.4byte	0x535
 1306 052f 0F       		.uleb128 0xf
 1307 0530 86020000 		.4byte	0x286
 1308 0534 00       		.byte	0x0
 1309 0535 15       		.uleb128 0x15
 1310 0536 01       		.byte	0x1
 1311 0537 B1010000 		.4byte	.LASF73
 1312 053b 01       		.byte	0x1
 1313 053c 34       		.byte	0x34
 1314 053d 01       		.byte	0x1
 1315 053e 48020000 		.4byte	0x248
 1316 0542 00000000 		.4byte	.LFB0
 1317 0546 34000000 		.4byte	.LFE0
 1318 054a 00000000 		.4byte	.LLST0
 1319 054e 61050000 		.4byte	0x561
 1320 0552 16       		.uleb128 0x16
 1321 0553 747000   		.ascii	"tp\000"
 1322 0556 01       		.byte	0x1
 1323 0557 34       		.byte	0x34
 1324 0558 48020000 		.4byte	0x248
 1325 055c 20000000 		.4byte	.LLST1
 1326 0560 00       		.byte	0x0
 1327 0561 17       		.uleb128 0x17
 1328 0562 01       		.byte	0x1
 1329 0563 A4020000 		.4byte	.LASF83
 1330 0567 01       		.byte	0x1
 1331 0568 4A       		.byte	0x4a
 1332 0569 01       		.byte	0x1
 1333 056a 00000000 		.4byte	.LFB1
 1334 056e 7C000000 		.4byte	.LFE1
 1335 0572 3E000000 		.4byte	.LLST2
 1336 0576 96050000 		.4byte	0x596
 1337 057a 16       		.uleb128 0x16
 1338 057b 747000   		.ascii	"tp\000"
 1339 057e 01       		.byte	0x1
 1340 057f 4A       		.byte	0x4a
 1341 0580 48020000 		.4byte	0x248
 1342 0584 5E000000 		.4byte	.LLST3
 1343 0588 18       		.uleb128 0x18
 1344 0589 31020000 		.4byte	.LASF77
 1345 058d 01       		.byte	0x1
 1346 058e 4B       		.byte	0x4b
 1347 058f BC000000 		.4byte	0xbc
 1348 0593 01       		.byte	0x1
 1349 0594 55       		.byte	0x55
 1350 0595 00       		.byte	0x0
 1351 0596 15       		.uleb128 0x15
 1352 0597 01       		.byte	0x1
ARM GAS  /tmp/ccT2bPPA.s 			page 25


 1353 0598 B6000000 		.4byte	.LASF74
 1354 059c 01       		.byte	0x1
 1355 059d 82       		.byte	0x82
 1356 059e 01       		.byte	0x1
 1357 059f 48020000 		.4byte	0x248
 1358 05a3 00000000 		.4byte	.LFB2
 1359 05a7 5C000000 		.4byte	.LFE2
 1360 05ab 7C000000 		.4byte	.LLST4
 1361 05af 1A060000 		.4byte	0x61a
 1362 05b3 19       		.uleb128 0x19
 1363 05b4 64000000 		.4byte	.LASF75
 1364 05b8 01       		.byte	0x1
 1365 05b9 82       		.byte	0x82
 1366 05ba 39040000 		.4byte	0x439
 1367 05be 9C000000 		.4byte	.LLST5
 1368 05c2 19       		.uleb128 0x19
 1369 05c3 4A010000 		.4byte	.LASF60
 1370 05c7 01       		.byte	0x1
 1371 05c8 82       		.byte	0x82
 1372 05c9 30000000 		.4byte	0x30
 1373 05cd AF000000 		.4byte	.LLST6
 1374 05d1 19       		.uleb128 0x19
 1375 05d2 11020000 		.4byte	.LASF76
 1376 05d6 01       		.byte	0x1
 1377 05d7 83       		.byte	0x83
 1378 05d8 C7000000 		.4byte	0xc7
 1379 05dc CD000000 		.4byte	.LLST7
 1380 05e0 16       		.uleb128 0x16
 1381 05e1 706600   		.ascii	"pf\000"
 1382 05e4 01       		.byte	0x1
 1383 05e5 83       		.byte	0x83
 1384 05e6 14050000 		.4byte	0x514
 1385 05ea EB000000 		.4byte	.LLST8
 1386 05ee 1A       		.uleb128 0x1a
 1387 05ef 61726700 		.ascii	"arg\000"
 1388 05f3 01       		.byte	0x1
 1389 05f4 83       		.byte	0x83
 1390 05f5 86020000 		.4byte	0x286
 1391 05f9 02       		.byte	0x2
 1392 05fa 91       		.byte	0x91
 1393 05fb 00       		.sleb128 0
 1394 05fc 1B       		.uleb128 0x1b
 1395 05fd 77737000 		.ascii	"wsp\000"
 1396 0601 01       		.byte	0x1
 1397 0602 84       		.byte	0x84
 1398 0603 86020000 		.4byte	0x286
 1399 0607 09010000 		.4byte	.LLST9
 1400 060b 1B       		.uleb128 0x1b
 1401 060c 747000   		.ascii	"tp\000"
 1402 060f 01       		.byte	0x1
 1403 0610 85       		.byte	0x85
 1404 0611 48020000 		.4byte	0x248
 1405 0615 35010000 		.4byte	.LLST10
 1406 0619 00       		.byte	0x0
 1407 061a 15       		.uleb128 0x15
 1408 061b 01       		.byte	0x1
 1409 061c E3000000 		.4byte	.LASF78
ARM GAS  /tmp/ccT2bPPA.s 			page 26


 1410 0620 01       		.byte	0x1
 1411 0621 B3       		.byte	0xb3
 1412 0622 01       		.byte	0x1
 1413 0623 48020000 		.4byte	0x248
 1414 0627 00000000 		.4byte	.LFB3
 1415 062b 70000000 		.4byte	.LFE3
 1416 062f 53010000 		.4byte	.LLST11
 1417 0633 8F060000 		.4byte	0x68f
 1418 0637 16       		.uleb128 0x16
 1419 0638 6D7000   		.ascii	"mp\000"
 1420 063b 01       		.byte	0x1
 1421 063c B3       		.byte	0xb3
 1422 063d 8F060000 		.4byte	0x68f
 1423 0641 73010000 		.4byte	.LLST12
 1424 0645 19       		.uleb128 0x19
 1425 0646 11020000 		.4byte	.LASF76
 1426 064a 01       		.byte	0x1
 1427 064b B3       		.byte	0xb3
 1428 064c C7000000 		.4byte	0xc7
 1429 0650 91010000 		.4byte	.LLST13
 1430 0654 16       		.uleb128 0x16
 1431 0655 706600   		.ascii	"pf\000"
 1432 0658 01       		.byte	0x1
 1433 0659 B4       		.byte	0xb4
 1434 065a 14050000 		.4byte	0x514
 1435 065e AF010000 		.4byte	.LLST14
 1436 0662 16       		.uleb128 0x16
 1437 0663 61726700 		.ascii	"arg\000"
 1438 0667 01       		.byte	0x1
 1439 0668 B4       		.byte	0xb4
 1440 0669 86020000 		.4byte	0x286
 1441 066d CD010000 		.4byte	.LLST15
 1442 0671 1B       		.uleb128 0x1b
 1443 0672 77737000 		.ascii	"wsp\000"
 1444 0676 01       		.byte	0x1
 1445 0677 B5       		.byte	0xb5
 1446 0678 86020000 		.4byte	0x286
 1447 067c EB010000 		.4byte	.LLST16
 1448 0680 1B       		.uleb128 0x1b
 1449 0681 747000   		.ascii	"tp\000"
 1450 0684 01       		.byte	0x1
 1451 0685 B6       		.byte	0xb6
 1452 0686 48020000 		.4byte	0x248
 1453 068a 17020000 		.4byte	.LLST17
 1454 068e 00       		.byte	0x0
 1455 068f 09       		.uleb128 0x9
 1456 0690 04       		.byte	0x4
 1457 0691 B6040000 		.4byte	0x4b6
 1458 0695 00       		.byte	0x0
 1459              		.section	.debug_abbrev
 1460 0000 01       		.uleb128 0x1
 1461 0001 11       		.uleb128 0x11
 1462 0002 01       		.byte	0x1
 1463 0003 25       		.uleb128 0x25
 1464 0004 0E       		.uleb128 0xe
 1465 0005 13       		.uleb128 0x13
 1466 0006 0B       		.uleb128 0xb
ARM GAS  /tmp/ccT2bPPA.s 			page 27


 1467 0007 03       		.uleb128 0x3
 1468 0008 0E       		.uleb128 0xe
 1469 0009 1B       		.uleb128 0x1b
 1470 000a 0E       		.uleb128 0xe
 1471 000b 11       		.uleb128 0x11
 1472 000c 01       		.uleb128 0x1
 1473 000d 52       		.uleb128 0x52
 1474 000e 01       		.uleb128 0x1
 1475 000f 55       		.uleb128 0x55
 1476 0010 06       		.uleb128 0x6
 1477 0011 10       		.uleb128 0x10
 1478 0012 06       		.uleb128 0x6
 1479 0013 00       		.byte	0x0
 1480 0014 00       		.byte	0x0
 1481 0015 02       		.uleb128 0x2
 1482 0016 24       		.uleb128 0x24
 1483 0017 00       		.byte	0x0
 1484 0018 0B       		.uleb128 0xb
 1485 0019 0B       		.uleb128 0xb
 1486 001a 3E       		.uleb128 0x3e
 1487 001b 0B       		.uleb128 0xb
 1488 001c 03       		.uleb128 0x3
 1489 001d 08       		.uleb128 0x8
 1490 001e 00       		.byte	0x0
 1491 001f 00       		.byte	0x0
 1492 0020 03       		.uleb128 0x3
 1493 0021 16       		.uleb128 0x16
 1494 0022 00       		.byte	0x0
 1495 0023 03       		.uleb128 0x3
 1496 0024 0E       		.uleb128 0xe
 1497 0025 3A       		.uleb128 0x3a
 1498 0026 0B       		.uleb128 0xb
 1499 0027 3B       		.uleb128 0x3b
 1500 0028 0B       		.uleb128 0xb
 1501 0029 49       		.uleb128 0x49
 1502 002a 13       		.uleb128 0x13
 1503 002b 00       		.byte	0x0
 1504 002c 00       		.byte	0x0
 1505 002d 04       		.uleb128 0x4
 1506 002e 24       		.uleb128 0x24
 1507 002f 00       		.byte	0x0
 1508 0030 0B       		.uleb128 0xb
 1509 0031 0B       		.uleb128 0xb
 1510 0032 3E       		.uleb128 0x3e
 1511 0033 0B       		.uleb128 0xb
 1512 0034 03       		.uleb128 0x3
 1513 0035 0E       		.uleb128 0xe
 1514 0036 00       		.byte	0x0
 1515 0037 00       		.byte	0x0
 1516 0038 05       		.uleb128 0x5
 1517 0039 13       		.uleb128 0x13
 1518 003a 01       		.byte	0x1
 1519 003b 03       		.uleb128 0x3
 1520 003c 0E       		.uleb128 0xe
 1521 003d 0B       		.uleb128 0xb
 1522 003e 0B       		.uleb128 0xb
 1523 003f 3A       		.uleb128 0x3a
ARM GAS  /tmp/ccT2bPPA.s 			page 28


 1524 0040 0B       		.uleb128 0xb
 1525 0041 3B       		.uleb128 0x3b
 1526 0042 0B       		.uleb128 0xb
 1527 0043 01       		.uleb128 0x1
 1528 0044 13       		.uleb128 0x13
 1529 0045 00       		.byte	0x0
 1530 0046 00       		.byte	0x0
 1531 0047 06       		.uleb128 0x6
 1532 0048 0D       		.uleb128 0xd
 1533 0049 00       		.byte	0x0
 1534 004a 03       		.uleb128 0x3
 1535 004b 0E       		.uleb128 0xe
 1536 004c 3A       		.uleb128 0x3a
 1537 004d 0B       		.uleb128 0xb
 1538 004e 3B       		.uleb128 0x3b
 1539 004f 0B       		.uleb128 0xb
 1540 0050 49       		.uleb128 0x49
 1541 0051 13       		.uleb128 0x13
 1542 0052 38       		.uleb128 0x38
 1543 0053 0A       		.uleb128 0xa
 1544 0054 00       		.byte	0x0
 1545 0055 00       		.byte	0x0
 1546 0056 07       		.uleb128 0x7
 1547 0057 0D       		.uleb128 0xd
 1548 0058 00       		.byte	0x0
 1549 0059 03       		.uleb128 0x3
 1550 005a 08       		.uleb128 0x8
 1551 005b 3A       		.uleb128 0x3a
 1552 005c 0B       		.uleb128 0xb
 1553 005d 3B       		.uleb128 0x3b
 1554 005e 0B       		.uleb128 0xb
 1555 005f 49       		.uleb128 0x49
 1556 0060 13       		.uleb128 0x13
 1557 0061 38       		.uleb128 0x38
 1558 0062 0A       		.uleb128 0xa
 1559 0063 00       		.byte	0x0
 1560 0064 00       		.byte	0x0
 1561 0065 08       		.uleb128 0x8
 1562 0066 13       		.uleb128 0x13
 1563 0067 01       		.byte	0x1
 1564 0068 0B       		.uleb128 0xb
 1565 0069 0B       		.uleb128 0xb
 1566 006a 3A       		.uleb128 0x3a
 1567 006b 0B       		.uleb128 0xb
 1568 006c 3B       		.uleb128 0x3b
 1569 006d 0B       		.uleb128 0xb
 1570 006e 01       		.uleb128 0x1
 1571 006f 13       		.uleb128 0x13
 1572 0070 00       		.byte	0x0
 1573 0071 00       		.byte	0x0
 1574 0072 09       		.uleb128 0x9
 1575 0073 0F       		.uleb128 0xf
 1576 0074 00       		.byte	0x0
 1577 0075 0B       		.uleb128 0xb
 1578 0076 0B       		.uleb128 0xb
 1579 0077 49       		.uleb128 0x49
 1580 0078 13       		.uleb128 0x13
ARM GAS  /tmp/ccT2bPPA.s 			page 29


 1581 0079 00       		.byte	0x0
 1582 007a 00       		.byte	0x0
 1583 007b 0A       		.uleb128 0xa
 1584 007c 0F       		.uleb128 0xf
 1585 007d 00       		.byte	0x0
 1586 007e 0B       		.uleb128 0xb
 1587 007f 0B       		.uleb128 0xb
 1588 0080 00       		.byte	0x0
 1589 0081 00       		.byte	0x0
 1590 0082 0B       		.uleb128 0xb
 1591 0083 0D       		.uleb128 0xd
 1592 0084 00       		.byte	0x0
 1593 0085 03       		.uleb128 0x3
 1594 0086 08       		.uleb128 0x8
 1595 0087 3A       		.uleb128 0x3a
 1596 0088 0B       		.uleb128 0xb
 1597 0089 3B       		.uleb128 0x3b
 1598 008a 05       		.uleb128 0x5
 1599 008b 49       		.uleb128 0x49
 1600 008c 13       		.uleb128 0x13
 1601 008d 38       		.uleb128 0x38
 1602 008e 0A       		.uleb128 0xa
 1603 008f 00       		.byte	0x0
 1604 0090 00       		.byte	0x0
 1605 0091 0C       		.uleb128 0xc
 1606 0092 13       		.uleb128 0x13
 1607 0093 01       		.byte	0x1
 1608 0094 03       		.uleb128 0x3
 1609 0095 0E       		.uleb128 0xe
 1610 0096 0B       		.uleb128 0xb
 1611 0097 0B       		.uleb128 0xb
 1612 0098 3A       		.uleb128 0x3a
 1613 0099 0B       		.uleb128 0xb
 1614 009a 3B       		.uleb128 0x3b
 1615 009b 05       		.uleb128 0x5
 1616 009c 01       		.uleb128 0x1
 1617 009d 13       		.uleb128 0x13
 1618 009e 00       		.byte	0x0
 1619 009f 00       		.byte	0x0
 1620 00a0 0D       		.uleb128 0xd
 1621 00a1 35       		.uleb128 0x35
 1622 00a2 00       		.byte	0x0
 1623 00a3 49       		.uleb128 0x49
 1624 00a4 13       		.uleb128 0x13
 1625 00a5 00       		.byte	0x0
 1626 00a6 00       		.byte	0x0
 1627 00a7 0E       		.uleb128 0xe
 1628 00a8 15       		.uleb128 0x15
 1629 00a9 01       		.byte	0x1
 1630 00aa 27       		.uleb128 0x27
 1631 00ab 0C       		.uleb128 0xc
 1632 00ac 49       		.uleb128 0x49
 1633 00ad 13       		.uleb128 0x13
 1634 00ae 01       		.uleb128 0x1
 1635 00af 13       		.uleb128 0x13
 1636 00b0 00       		.byte	0x0
 1637 00b1 00       		.byte	0x0
ARM GAS  /tmp/ccT2bPPA.s 			page 30


 1638 00b2 0F       		.uleb128 0xf
 1639 00b3 05       		.uleb128 0x5
 1640 00b4 00       		.byte	0x0
 1641 00b5 49       		.uleb128 0x49
 1642 00b6 13       		.uleb128 0x13
 1643 00b7 00       		.byte	0x0
 1644 00b8 00       		.byte	0x0
 1645 00b9 10       		.uleb128 0x10
 1646 00ba 17       		.uleb128 0x17
 1647 00bb 01       		.byte	0x1
 1648 00bc 0B       		.uleb128 0xb
 1649 00bd 0B       		.uleb128 0xb
 1650 00be 3A       		.uleb128 0x3a
 1651 00bf 0B       		.uleb128 0xb
 1652 00c0 3B       		.uleb128 0x3b
 1653 00c1 0B       		.uleb128 0xb
 1654 00c2 01       		.uleb128 0x1
 1655 00c3 13       		.uleb128 0x13
 1656 00c4 00       		.byte	0x0
 1657 00c5 00       		.byte	0x0
 1658 00c6 11       		.uleb128 0x11
 1659 00c7 0D       		.uleb128 0xd
 1660 00c8 00       		.byte	0x0
 1661 00c9 03       		.uleb128 0x3
 1662 00ca 0E       		.uleb128 0xe
 1663 00cb 3A       		.uleb128 0x3a
 1664 00cc 0B       		.uleb128 0xb
 1665 00cd 3B       		.uleb128 0x3b
 1666 00ce 0B       		.uleb128 0xb
 1667 00cf 49       		.uleb128 0x49
 1668 00d0 13       		.uleb128 0x13
 1669 00d1 00       		.byte	0x0
 1670 00d2 00       		.byte	0x0
 1671 00d3 12       		.uleb128 0x12
 1672 00d4 17       		.uleb128 0x17
 1673 00d5 01       		.byte	0x1
 1674 00d6 03       		.uleb128 0x3
 1675 00d7 0E       		.uleb128 0xe
 1676 00d8 0B       		.uleb128 0xb
 1677 00d9 0B       		.uleb128 0xb
 1678 00da 3A       		.uleb128 0x3a
 1679 00db 0B       		.uleb128 0xb
 1680 00dc 3B       		.uleb128 0x3b
 1681 00dd 0B       		.uleb128 0xb
 1682 00de 01       		.uleb128 0x1
 1683 00df 13       		.uleb128 0x13
 1684 00e0 00       		.byte	0x0
 1685 00e1 00       		.byte	0x0
 1686 00e2 13       		.uleb128 0x13
 1687 00e3 0D       		.uleb128 0xd
 1688 00e4 00       		.byte	0x0
 1689 00e5 03       		.uleb128 0x3
 1690 00e6 08       		.uleb128 0x8
 1691 00e7 3A       		.uleb128 0x3a
 1692 00e8 0B       		.uleb128 0xb
 1693 00e9 3B       		.uleb128 0x3b
 1694 00ea 0B       		.uleb128 0xb
ARM GAS  /tmp/ccT2bPPA.s 			page 31


 1695 00eb 49       		.uleb128 0x49
 1696 00ec 13       		.uleb128 0x13
 1697 00ed 00       		.byte	0x0
 1698 00ee 00       		.byte	0x0
 1699 00ef 14       		.uleb128 0x14
 1700 00f0 26       		.uleb128 0x26
 1701 00f1 00       		.byte	0x0
 1702 00f2 49       		.uleb128 0x49
 1703 00f3 13       		.uleb128 0x13
 1704 00f4 00       		.byte	0x0
 1705 00f5 00       		.byte	0x0
 1706 00f6 15       		.uleb128 0x15
 1707 00f7 2E       		.uleb128 0x2e
 1708 00f8 01       		.byte	0x1
 1709 00f9 3F       		.uleb128 0x3f
 1710 00fa 0C       		.uleb128 0xc
 1711 00fb 03       		.uleb128 0x3
 1712 00fc 0E       		.uleb128 0xe
 1713 00fd 3A       		.uleb128 0x3a
 1714 00fe 0B       		.uleb128 0xb
 1715 00ff 3B       		.uleb128 0x3b
 1716 0100 0B       		.uleb128 0xb
 1717 0101 27       		.uleb128 0x27
 1718 0102 0C       		.uleb128 0xc
 1719 0103 49       		.uleb128 0x49
 1720 0104 13       		.uleb128 0x13
 1721 0105 11       		.uleb128 0x11
 1722 0106 01       		.uleb128 0x1
 1723 0107 12       		.uleb128 0x12
 1724 0108 01       		.uleb128 0x1
 1725 0109 40       		.uleb128 0x40
 1726 010a 06       		.uleb128 0x6
 1727 010b 01       		.uleb128 0x1
 1728 010c 13       		.uleb128 0x13
 1729 010d 00       		.byte	0x0
 1730 010e 00       		.byte	0x0
 1731 010f 16       		.uleb128 0x16
 1732 0110 05       		.uleb128 0x5
 1733 0111 00       		.byte	0x0
 1734 0112 03       		.uleb128 0x3
 1735 0113 08       		.uleb128 0x8
 1736 0114 3A       		.uleb128 0x3a
 1737 0115 0B       		.uleb128 0xb
 1738 0116 3B       		.uleb128 0x3b
 1739 0117 0B       		.uleb128 0xb
 1740 0118 49       		.uleb128 0x49
 1741 0119 13       		.uleb128 0x13
 1742 011a 02       		.uleb128 0x2
 1743 011b 06       		.uleb128 0x6
 1744 011c 00       		.byte	0x0
 1745 011d 00       		.byte	0x0
 1746 011e 17       		.uleb128 0x17
 1747 011f 2E       		.uleb128 0x2e
 1748 0120 01       		.byte	0x1
 1749 0121 3F       		.uleb128 0x3f
 1750 0122 0C       		.uleb128 0xc
 1751 0123 03       		.uleb128 0x3
ARM GAS  /tmp/ccT2bPPA.s 			page 32


 1752 0124 0E       		.uleb128 0xe
 1753 0125 3A       		.uleb128 0x3a
 1754 0126 0B       		.uleb128 0xb
 1755 0127 3B       		.uleb128 0x3b
 1756 0128 0B       		.uleb128 0xb
 1757 0129 27       		.uleb128 0x27
 1758 012a 0C       		.uleb128 0xc
 1759 012b 11       		.uleb128 0x11
 1760 012c 01       		.uleb128 0x1
 1761 012d 12       		.uleb128 0x12
 1762 012e 01       		.uleb128 0x1
 1763 012f 40       		.uleb128 0x40
 1764 0130 06       		.uleb128 0x6
 1765 0131 01       		.uleb128 0x1
 1766 0132 13       		.uleb128 0x13
 1767 0133 00       		.byte	0x0
 1768 0134 00       		.byte	0x0
 1769 0135 18       		.uleb128 0x18
 1770 0136 34       		.uleb128 0x34
 1771 0137 00       		.byte	0x0
 1772 0138 03       		.uleb128 0x3
 1773 0139 0E       		.uleb128 0xe
 1774 013a 3A       		.uleb128 0x3a
 1775 013b 0B       		.uleb128 0xb
 1776 013c 3B       		.uleb128 0x3b
 1777 013d 0B       		.uleb128 0xb
 1778 013e 49       		.uleb128 0x49
 1779 013f 13       		.uleb128 0x13
 1780 0140 02       		.uleb128 0x2
 1781 0141 0A       		.uleb128 0xa
 1782 0142 00       		.byte	0x0
 1783 0143 00       		.byte	0x0
 1784 0144 19       		.uleb128 0x19
 1785 0145 05       		.uleb128 0x5
 1786 0146 00       		.byte	0x0
 1787 0147 03       		.uleb128 0x3
 1788 0148 0E       		.uleb128 0xe
 1789 0149 3A       		.uleb128 0x3a
 1790 014a 0B       		.uleb128 0xb
 1791 014b 3B       		.uleb128 0x3b
 1792 014c 0B       		.uleb128 0xb
 1793 014d 49       		.uleb128 0x49
 1794 014e 13       		.uleb128 0x13
 1795 014f 02       		.uleb128 0x2
 1796 0150 06       		.uleb128 0x6
 1797 0151 00       		.byte	0x0
 1798 0152 00       		.byte	0x0
 1799 0153 1A       		.uleb128 0x1a
 1800 0154 05       		.uleb128 0x5
 1801 0155 00       		.byte	0x0
 1802 0156 03       		.uleb128 0x3
 1803 0157 08       		.uleb128 0x8
 1804 0158 3A       		.uleb128 0x3a
 1805 0159 0B       		.uleb128 0xb
 1806 015a 3B       		.uleb128 0x3b
 1807 015b 0B       		.uleb128 0xb
 1808 015c 49       		.uleb128 0x49
ARM GAS  /tmp/ccT2bPPA.s 			page 33


 1809 015d 13       		.uleb128 0x13
 1810 015e 02       		.uleb128 0x2
 1811 015f 0A       		.uleb128 0xa
 1812 0160 00       		.byte	0x0
 1813 0161 00       		.byte	0x0
 1814 0162 1B       		.uleb128 0x1b
 1815 0163 34       		.uleb128 0x34
 1816 0164 00       		.byte	0x0
 1817 0165 03       		.uleb128 0x3
 1818 0166 08       		.uleb128 0x8
 1819 0167 3A       		.uleb128 0x3a
 1820 0168 0B       		.uleb128 0xb
 1821 0169 3B       		.uleb128 0x3b
 1822 016a 0B       		.uleb128 0xb
 1823 016b 49       		.uleb128 0x49
 1824 016c 13       		.uleb128 0x13
 1825 016d 02       		.uleb128 0x2
 1826 016e 06       		.uleb128 0x6
 1827 016f 00       		.byte	0x0
 1828 0170 00       		.byte	0x0
 1829 0171 00       		.byte	0x0
 1830              		.section	.debug_pubnames,"",%progbits
 1831 0000 65000000 		.4byte	0x65
 1832 0004 0200     		.2byte	0x2
 1833 0006 00000000 		.4byte	.Ldebug_info0
 1834 000a 96060000 		.4byte	0x696
 1835 000e 35050000 		.4byte	0x535
 1836 0012 63685468 		.ascii	"chThdAddRef\000"
 1836      64416464 
 1836      52656600 
 1837 001e 61050000 		.4byte	0x561
 1838 0022 63685468 		.ascii	"chThdRelease\000"
 1838      6452656C 
 1838      65617365 
 1838      00
 1839 002f 96050000 		.4byte	0x596
 1840 0033 63685468 		.ascii	"chThdCreateFromHeap\000"
 1840      64437265 
 1840      61746546 
 1840      726F6D48 
 1840      65617000 
 1841 0047 1A060000 		.4byte	0x61a
 1842 004b 63685468 		.ascii	"chThdCreateFromMemoryPool\000"
 1842      64437265 
 1842      61746546 
 1842      726F6D4D 
 1842      656D6F72 
 1843 0065 00000000 		.4byte	0x0
 1844              		.section	.debug_pubtypes,"",%progbits
 1845 0000 8D010000 		.4byte	0x18d
 1846 0004 0200     		.2byte	0x2
 1847 0006 00000000 		.4byte	.Ldebug_info0
 1848 000a 96060000 		.4byte	0x696
 1849 000e 30000000 		.4byte	0x30
 1850 0012 73697A65 		.ascii	"size_t\000"
 1850      5F7400
 1851 0019 49000000 		.4byte	0x49
ARM GAS  /tmp/ccT2bPPA.s 			page 34


 1852 001d 75696E74 		.ascii	"uint8_t\000"
 1852      385F7400 
 1853 0025 69000000 		.4byte	0x69
 1854 0029 696E7433 		.ascii	"int32_t\000"
 1854      325F7400 
 1855 0031 7B000000 		.4byte	0x7b
 1856 0035 75696E74 		.ascii	"uint32_t\000"
 1856      33325F74 
 1856      00
 1857 003e 94000000 		.4byte	0x94
 1858 0042 75696E74 		.ascii	"uint64_t\000"
 1858      36345F74 
 1858      00
 1859 004b A6000000 		.4byte	0xa6
 1860 004f 746D6F64 		.ascii	"tmode_t\000"
 1860      655F7400 
 1861 0057 B1000000 		.4byte	0xb1
 1862 005b 74737461 		.ascii	"tstate_t\000"
 1862      74655F74 
 1862      00
 1863 0064 BC000000 		.4byte	0xbc
 1864 0068 74726566 		.ascii	"trefs_t\000"
 1864      735F7400 
 1865 0070 C7000000 		.4byte	0xc7
 1866 0074 74707269 		.ascii	"tprio_t\000"
 1866      6F5F7400 
 1867 007c D2000000 		.4byte	0xd2
 1868 0080 6D73675F 		.ascii	"msg_t\000"
 1868      7400
 1869 0086 DD000000 		.4byte	0xdd
 1870 008a 6576656E 		.ascii	"eventmask_t\000"
 1870      746D6173 
 1870      6B5F7400 
 1871 0096 E8000000 		.4byte	0xe8
 1872 009a 73797374 		.ascii	"systime_t\000"
 1872      696D655F 
 1872      7400
 1873 00a4 F3000000 		.4byte	0xf3
 1874 00a8 54687265 		.ascii	"Thread\000"
 1874      616400
 1875 00af 4E020000 		.4byte	0x24e
 1876 00b3 54687265 		.ascii	"ThreadsQueue\000"
 1876      61647351 
 1876      75657565 
 1876      00
 1877 00c0 70020000 		.4byte	0x270
 1878 00c4 54687265 		.ascii	"ThreadsList\000"
 1878      6164734C 
 1878      69737400 
 1879 00d0 7B020000 		.4byte	0x27b
 1880 00d4 72656761 		.ascii	"regarm_t\000"
 1880      726D5F74 
 1880      00
 1881 00dd 88020000 		.4byte	0x288
 1882 00e1 73746B61 		.ascii	"stkalign_t\000"
 1882      6C69676E 
 1882      5F7400
ARM GAS  /tmp/ccT2bPPA.s 			page 35


 1883 00ec 93020000 		.4byte	0x293
 1884 00f0 696E7463 		.ascii	"intctx\000"
 1884      747800
 1885 00f7 20030000 		.4byte	0x320
 1886 00fb 636F6E74 		.ascii	"context\000"
 1886      65787400 
 1887 0103 48030000 		.4byte	0x348
 1888 0107 4D757465 		.ascii	"Mutex\000"
 1888      7800
 1889 010d 85030000 		.4byte	0x385
 1890 0111 4D757465 		.ascii	"Mutex\000"
 1890      7800
 1891 0117 90030000 		.4byte	0x390
 1892 011b 6D656D67 		.ascii	"memgetfunc_t\000"
 1892      65746675 
 1892      6E635F74 
 1892      00
 1893 0128 B1030000 		.4byte	0x3b1
 1894 012c 4D656D6F 		.ascii	"MemoryHeap\000"
 1894      72794865 
 1894      617000
 1895 0137 12040000 		.4byte	0x412
 1896 013b 68656170 		.ascii	"heap_header\000"
 1896      5F686561 
 1896      64657200 
 1897 0147 BC030000 		.4byte	0x3bc
 1898 014b 6D656D6F 		.ascii	"memory_heap\000"
 1898      72795F68 
 1898      65617000 
 1899 0157 62040000 		.4byte	0x462
 1900 015b 706F6F6C 		.ascii	"pool_header\000"
 1900      5F686561 
 1900      64657200 
 1901 0167 B6040000 		.4byte	0x4b6
 1902 016b 4D656D6F 		.ascii	"MemoryPool\000"
 1902      7279506F 
 1902      6F6C00
 1903 0176 FE000000 		.4byte	0xfe
 1904 017a 54687265 		.ascii	"Thread\000"
 1904      616400
 1905 0181 14050000 		.4byte	0x514
 1906 0185 7466756E 		.ascii	"tfunc_t\000"
 1906      635F7400 
 1907 018d 00000000 		.4byte	0x0
 1908              		.section	.debug_aranges,"",%progbits
 1909 0000 34000000 		.4byte	0x34
 1910 0004 0200     		.2byte	0x2
 1911 0006 00000000 		.4byte	.Ldebug_info0
 1912 000a 04       		.byte	0x4
 1913 000b 00       		.byte	0x0
 1914 000c 0000     		.2byte	0x0
 1915 000e 0000     		.2byte	0x0
 1916 0010 00000000 		.4byte	.LFB0
 1917 0014 34000000 		.4byte	.LFE0-.LFB0
 1918 0018 00000000 		.4byte	.LFB1
 1919 001c 7C000000 		.4byte	.LFE1-.LFB1
 1920 0020 00000000 		.4byte	.LFB2
ARM GAS  /tmp/ccT2bPPA.s 			page 36


 1921 0024 5C000000 		.4byte	.LFE2-.LFB2
 1922 0028 00000000 		.4byte	.LFB3
 1923 002c 70000000 		.4byte	.LFE3-.LFB3
 1924 0030 00000000 		.4byte	0x0
 1925 0034 00000000 		.4byte	0x0
 1926              		.section	.debug_ranges,"",%progbits
 1927              	.Ldebug_ranges0:
 1928 0000 00000000 		.4byte	.LFB0
 1929 0004 34000000 		.4byte	.LFE0
 1930 0008 00000000 		.4byte	.LFB1
 1931 000c 7C000000 		.4byte	.LFE1
 1932 0010 00000000 		.4byte	.LFB2
 1933 0014 5C000000 		.4byte	.LFE2
 1934 0018 00000000 		.4byte	.LFB3
 1935 001c 70000000 		.4byte	.LFE3
 1936 0020 00000000 		.4byte	0x0
 1937 0024 00000000 		.4byte	0x0
 1938              		.section	.debug_str,"MS",%progbits,1
 1939              	.LASF72:
 1940 0000 7466756E 		.ascii	"tfunc_t\000"
 1940      635F7400 
 1941              	.LASF36:
 1942 0008 705F6D73 		.ascii	"p_msg\000"
 1942      6700
 1943              	.LASF2:
 1944 000e 73697A65 		.ascii	"size_t\000"
 1944      5F7400
 1945              	.LASF67:
 1946 0015 7264796D 		.ascii	"rdymsg\000"
 1946      736700
 1947              	.LASF12:
 1948 001c 75696E74 		.ascii	"uint64_t\000"
 1948      36345F74 
 1948      00
 1949              	.LASF66:
 1950 0025 4D656D6F 		.ascii	"MemoryPool\000"
 1950      7279506F 
 1950      6F6C00
 1951              	.LASF51:
 1952 0030 6D656D67 		.ascii	"memgetfunc_t\000"
 1952      65746675 
 1952      6E635F74 
 1952      00
 1953              	.LASF13:
 1954 003d 6C6F6E67 		.ascii	"long long unsigned int\000"
 1954      206C6F6E 
 1954      6720756E 
 1954      7369676E 
 1954      65642069 
 1955              	.LASF68:
 1956 0054 65786974 		.ascii	"exitcode\000"
 1956      636F6465 
 1956      00
 1957              	.LASF55:
 1958 005d 685F6672 		.ascii	"h_free\000"
 1958      656500
 1959              	.LASF75:
ARM GAS  /tmp/ccT2bPPA.s 			page 37


 1960 0064 68656170 		.ascii	"heapp\000"
 1960      7000
 1961              	.LASF57:
 1962 006a 6E657874 		.ascii	"next\000"
 1962      00
 1963              	.LASF24:
 1964 006f 705F7072 		.ascii	"p_prio\000"
 1964      696F00
 1965              	.LASF11:
 1966 0076 6C6F6E67 		.ascii	"long long int\000"
 1966      206C6F6E 
 1966      6720696E 
 1966      7400
 1967              	.LASF1:
 1968 0084 7369676E 		.ascii	"signed char\000"
 1968      65642063 
 1968      68617200 
 1969              	.LASF56:
 1970 0090 685F6D74 		.ascii	"h_mtx\000"
 1970      7800
 1971              	.LASF40:
 1972 0096 705F6D70 		.ascii	"p_mpool\000"
 1972      6F6F6C00 
 1973              	.LASF48:
 1974 009e 6D5F7175 		.ascii	"m_queue\000"
 1974      65756500 
 1975              	.LASF69:
 1976 00a6 77746F62 		.ascii	"wtobjp\000"
 1976      6A7000
 1977              	.LASF8:
 1978 00ad 6C6F6E67 		.ascii	"long int\000"
 1978      20696E74 
 1978      00
 1979              	.LASF74:
 1980 00b6 63685468 		.ascii	"chThdCreateFromHeap\000"
 1980      64437265 
 1980      61746546 
 1980      726F6D48 
 1980      65617000 
 1981              	.LASF15:
 1982 00ca 74737461 		.ascii	"tstate_t\000"
 1982      74655F74 
 1982      00
 1983              	.LASF63:
 1984 00d3 6D705F6E 		.ascii	"mp_next\000"
 1984      65787400 
 1985              	.LASF26:
 1986 00db 705F6E65 		.ascii	"p_newer\000"
 1986      77657200 
 1987              	.LASF78:
 1988 00e3 63685468 		.ascii	"chThdCreateFromMemoryPool\000"
 1988      64437265 
 1988      61746546 
 1988      726F6D4D 
 1988      656D6F72 
 1989              	.LASF65:
 1990 00fd 6D705F70 		.ascii	"mp_provider\000"
ARM GAS  /tmp/ccT2bPPA.s 			page 38


 1990      726F7669 
 1990      64657200 
 1991              	.LASF43:
 1992 0109 72656761 		.ascii	"regarm_t\000"
 1992      726D5F74 
 1992      00
 1993              	.LASF59:
 1994 0112 616C6967 		.ascii	"align\000"
 1994      6E00
 1995              	.LASF29:
 1996 0118 705F7374 		.ascii	"p_stklimit\000"
 1996      6B6C696D 
 1996      697400
 1997              	.LASF0:
 1998 0123 756E7369 		.ascii	"unsigned int\000"
 1998      676E6564 
 1998      20696E74 
 1998      00
 1999              	.LASF10:
 2000 0130 6C6F6E67 		.ascii	"long unsigned int\000"
 2000      20756E73 
 2000      69676E65 
 2000      6420696E 
 2000      7400
 2001              	.LASF46:
 2002 0142 636F6E74 		.ascii	"context\000"
 2002      65787400 
 2003              	.LASF60:
 2004 014a 73697A65 		.ascii	"size\000"
 2004      00
 2005              	.LASF81:
 2006 014f 2F686F6D 		.ascii	"/home/z80/projects/dfu.git/firmware-pawn-dev/firmwa"
 2006      652F7A38 
 2006      302F7072 
 2006      6F6A6563 
 2006      74732F64 
 2007 0182 726500   		.ascii	"re\000"
 2008              	.LASF18:
 2009 0185 6D73675F 		.ascii	"msg_t\000"
 2009      7400
 2010              	.LASF14:
 2011 018b 746D6F64 		.ascii	"tmode_t\000"
 2011      655F7400 
 2012              	.LASF42:
 2013 0193 54687265 		.ascii	"ThreadsList\000"
 2013      6164734C 
 2013      69737400 
 2014              	.LASF19:
 2015 019f 6576656E 		.ascii	"eventmask_t\000"
 2015      746D6173 
 2015      6B5F7400 
 2016              	.LASF47:
 2017 01ab 4D757465 		.ascii	"Mutex\000"
 2017      7800
 2018              	.LASF73:
 2019 01b1 63685468 		.ascii	"chThdAddRef\000"
 2019      64416464 
ARM GAS  /tmp/ccT2bPPA.s 			page 39


 2019      52656600 
 2020              	.LASF44:
 2021 01bd 73746B61 		.ascii	"stkalign_t\000"
 2021      6C69676E 
 2021      5F7400
 2022              	.LASF80:
 2023 01c8 2E2E2F63 		.ascii	"../chibios/os/kernel/src/chdynamic.c\000"
 2023      68696269 
 2023      6F732F6F 
 2023      732F6B65 
 2023      726E656C 
 2024              	.LASF27:
 2025 01ed 705F6F6C 		.ascii	"p_older\000"
 2025      64657200 
 2026              	.LASF41:
 2027 01f5 54687265 		.ascii	"ThreadsQueue\000"
 2027      61647351 
 2027      75657565 
 2027      00
 2028              	.LASF64:
 2029 0202 6D705F6F 		.ascii	"mp_object_size\000"
 2029      626A6563 
 2029      745F7369 
 2029      7A6500
 2030              	.LASF76:
 2031 0211 7072696F 		.ascii	"prio\000"
 2031      00
 2032              	.LASF52:
 2033 0216 4D656D6F 		.ascii	"MemoryHeap\000"
 2033      72794865 
 2033      617000
 2034              	.LASF62:
 2035 0221 70685F6E 		.ascii	"ph_next\000"
 2035      65787400 
 2036              	.LASF16:
 2037 0229 74726566 		.ascii	"trefs_t\000"
 2037      735F7400 
 2038              	.LASF77:
 2039 0231 72656673 		.ascii	"refs\000"
 2039      00
 2040              	.LASF23:
 2041 0236 705F7072 		.ascii	"p_prev\000"
 2041      657600
 2042              	.LASF17:
 2043 023d 74707269 		.ascii	"tprio_t\000"
 2043      6F5F7400 
 2044              	.LASF7:
 2045 0245 696E7433 		.ascii	"int32_t\000"
 2045      325F7400 
 2046              	.LASF4:
 2047 024d 756E7369 		.ascii	"unsigned char\000"
 2047      676E6564 
 2047      20636861 
 2047      7200
 2048              	.LASF54:
 2049 025b 685F7072 		.ascii	"h_provider\000"
 2049      6F766964 
ARM GAS  /tmp/ccT2bPPA.s 			page 40


 2049      657200
 2050              	.LASF38:
 2051 0266 705F6D74 		.ascii	"p_mtxlist\000"
 2051      786C6973 
 2051      7400
 2052              	.LASF5:
 2053 0270 73686F72 		.ascii	"short int\000"
 2053      7420696E 
 2053      7400
 2054              	.LASF30:
 2055 027a 705F7374 		.ascii	"p_state\000"
 2055      61746500 
 2056              	.LASF82:
 2057 0282 68656170 		.ascii	"heap_header\000"
 2057      5F686561 
 2057      64657200 
 2058              	.LASF70:
 2059 028e 65776D61 		.ascii	"ewmask\000"
 2059      736B00
 2060              	.LASF22:
 2061 0295 705F6E65 		.ascii	"p_next\000"
 2061      787400
 2062              	.LASF31:
 2063 029c 705F666C 		.ascii	"p_flags\000"
 2063      61677300 
 2064              	.LASF83:
 2065 02a4 63685468 		.ascii	"chThdRelease\000"
 2065      6452656C 
 2065      65617365 
 2065      00
 2066              	.LASF21:
 2067 02b1 54687265 		.ascii	"Thread\000"
 2067      616400
 2068              	.LASF37:
 2069 02b8 705F6570 		.ascii	"p_epending\000"
 2069      656E6469 
 2069      6E6700
 2070              	.LASF9:
 2071 02c3 75696E74 		.ascii	"uint32_t\000"
 2071      33325F74 
 2071      00
 2072              	.LASF58:
 2073 02cc 68656170 		.ascii	"heap\000"
 2073      00
 2074              	.LASF71:
 2075 02d1 63686172 		.ascii	"char\000"
 2075      00
 2076              	.LASF50:
 2077 02d6 6D5F6E65 		.ascii	"m_next\000"
 2077      787400
 2078              	.LASF20:
 2079 02dd 73797374 		.ascii	"systime_t\000"
 2079      696D655F 
 2079      7400
 2080              	.LASF39:
 2081 02e7 705F7265 		.ascii	"p_realprio\000"
 2081      616C7072 
ARM GAS  /tmp/ccT2bPPA.s 			page 41


 2081      696F00
 2082              	.LASF6:
 2083 02f2 73686F72 		.ascii	"short unsigned int\000"
 2083      7420756E 
 2083      7369676E 
 2083      65642069 
 2083      6E7400
 2084              	.LASF45:
 2085 0305 696E7463 		.ascii	"intctx\000"
 2085      747800
 2086              	.LASF35:
 2087 030c 705F6D73 		.ascii	"p_msgqueue\000"
 2087      67717565 
 2087      756500
 2088              	.LASF61:
 2089 0317 706F6F6C 		.ascii	"pool_header\000"
 2089      5F686561 
 2089      64657200 
 2090              	.LASF32:
 2091 0323 705F7265 		.ascii	"p_refs\000"
 2091      667300
 2092              	.LASF3:
 2093 032a 75696E74 		.ascii	"uint8_t\000"
 2093      385F7400 
 2094              	.LASF33:
 2095 0332 705F7469 		.ascii	"p_time\000"
 2095      6D6500
 2096              	.LASF79:
 2097 0339 474E5520 		.ascii	"GNU C 4.5.2\000"
 2097      4320342E 
 2097      352E3200 
 2098              	.LASF28:
 2099 0345 705F6E61 		.ascii	"p_name\000"
 2099      6D6500
 2100              	.LASF49:
 2101 034c 6D5F6F77 		.ascii	"m_owner\000"
 2101      6E657200 
 2102              	.LASF25:
 2103 0354 705F6374 		.ascii	"p_ctx\000"
 2103      7800
 2104              	.LASF34:
 2105 035a 705F7761 		.ascii	"p_waiting\000"
 2105      6974696E 
 2105      6700
 2106              	.LASF53:
 2107 0364 6D656D6F 		.ascii	"memory_heap\000"
 2107      72795F68 
 2107      65617000 
 2108              		.ident	"GCC: (Sourcery G++ Lite 2011.03-42) 4.5.2"
ARM GAS  /tmp/ccT2bPPA.s 			page 42


DEFINED SYMBOLS
                            *ABS*:00000000 chdynamic.c
     /tmp/ccT2bPPA.s:24     .text.chThdAddRef:00000000 $t
     /tmp/ccT2bPPA.s:29     .text.chThdAddRef:00000000 chThdAddRef
     /tmp/ccT2bPPA.s:75     .text.chThdAddRef:00000030 $d
     /tmp/ccT2bPPA.s:80     .text.chThdRelease:00000000 $t
     /tmp/ccT2bPPA.s:85     .text.chThdRelease:00000000 chThdRelease
     /tmp/ccT2bPPA.s:178    .text.chThdRelease:00000078 $d
     /tmp/ccT2bPPA.s:183    .text.chThdCreateFromHeap:00000000 $t
     /tmp/ccT2bPPA.s:188    .text.chThdCreateFromHeap:00000000 chThdCreateFromHeap
     /tmp/ccT2bPPA.s:267    .text.chThdCreateFromMemoryPool:00000000 $t
     /tmp/ccT2bPPA.s:272    .text.chThdCreateFromMemoryPool:00000000 chThdCreateFromMemoryPool
     /tmp/ccT2bPPA.s:364    .text.chThdCreateFromMemoryPool:0000006c $d
                     .debug_frame:00000010 $d

UNDEFINED SYMBOLS
_port_lock
dbg_check_lock
chDbgPanic
dbg_check_unlock
_port_unlock
chHeapFree
chPoolFree
chHeapAlloc
_thread_memfill
chThdCreateI
chSchWakeupS
chPoolAlloc
