ARM GAS  /tmp/ccSPojxo.s 			page 1


   1              		.syntax unified
   2              		.cpu cortex-m3
   3              		.fpu softvfp
   4              		.eabi_attribute 20, 1
   5              		.eabi_attribute 21, 1
   6              		.eabi_attribute 23, 3
   7              		.eabi_attribute 24, 1
   8              		.eabi_attribute 25, 1
   9              		.eabi_attribute 26, 1
  10              		.eabi_attribute 30, 4
  11              		.eabi_attribute 18, 4
  12              		.thumb
  13              		.file	"chheap.c"
  14              		.section	.debug_abbrev,"",%progbits
  15              	.Ldebug_abbrev0:
  16              		.section	.debug_info,"",%progbits
  17              	.Ldebug_info0:
  18              		.section	.debug_line,"",%progbits
  19              	.Ldebug_line0:
  20 0000 AC020000 		.text
  20      0200B301 
  20      00000201 
  20      FB0E0D00 
  20      01010101 
  21              	.Ltext0:
  22              		.cfi_sections	.debug_frame
  23              		.section	.text._heap_init,"ax",%progbits
  24              		.align	1
  25              		.global	_heap_init
  26              		.thumb
  27              		.thumb_func
  28              		.type	_heap_init, %function
  29              	_heap_init:
  30              	.LFB0:
  31              		.file 1 "../chibios/os/kernel/src/chheap.c"
  32              		.loc 1 75 0
  33              		.cfi_startproc
  34              		@ args = 0, pretend = 0, frame = 0
  35              		@ frame_needed = 0, uses_anonymous_args = 0
  36              		@ link register save eliminated.
  37              		.loc 1 76 0
  38 0000 0448     		ldr	r0, .L2
  39 0002 054B     		ldr	r3, .L2+4
  40 0004 0360     		str	r3, [r0, #0]
  41              		.loc 1 77 0
  42 0006 0023     		movs	r3, #0
  43 0008 8360     		str	r3, [r0, #8]
  44              		.loc 1 78 0
  45 000a C360     		str	r3, [r0, #12]
  46              		.loc 1 80 0
  47 000c 1030     		adds	r0, r0, #16
  48              		.loc 1 84 0
  49              		.loc 1 80 0
  50 000e FFF7FEBF 		b	chMtxInit
  51              	.L3:
  52 0012 00BF     		.align	2
  53              	.L2:
ARM GAS  /tmp/ccSPojxo.s 			page 2


  54 0014 00000000 		.word	.LANCHOR0
  55 0018 00000000 		.word	chCoreAlloc
  56              		.cfi_endproc
  57              	.LFE0:
  58              		.size	_heap_init, .-_heap_init
  59              		.section	.text.chHeapInit,"ax",%progbits
  60              		.align	1
  61              		.global	chHeapInit
  62              		.thumb
  63              		.thumb_func
  64              		.type	chHeapInit, %function
  65              	chHeapInit:
  66              	.LFB1:
  67              		.loc 1 99 0
  68              		.cfi_startproc
  69              		@ args = 0, pretend = 0, frame = 0
  70              		@ frame_needed = 0, uses_anonymous_args = 0
  71              	.LVL0:
  72              		.loc 1 102 0
  73 0000 11F0070F 		tst	r1, #7
  74              		.loc 1 99 0
  75 0004 70B5     		push	{r4, r5, r6, lr}
  76              	.LCFI0:
  77              		.cfi_def_cfa_offset 16
  78              		.loc 1 99 0
  79 0006 0446     		mov	r4, r0
  80              		.cfi_offset 14, -4
  81              		.cfi_offset 6, -8
  82              		.cfi_offset 5, -12
  83              		.cfi_offset 4, -16
  84 0008 0D46     		mov	r5, r1
  85 000a 1646     		mov	r6, r2
  86              		.loc 1 102 0
  87 000c 02D1     		bne	.L5
  88              		.loc 1 102 0 is_stmt 0 discriminator 2
  89 000e 12F0070F 		tst	r2, #7
  90 0012 02D0     		beq	.L6
  91              	.L5:
  92              		.loc 1 102 0 discriminator 1
  93 0014 0748     		ldr	r0, .L7
  94              	.LVL1:
  95 0016 FFF7FEFF 		bl	chDbgPanic
  96              	.LVL2:
  97              	.L6:
  98              		.loc 1 104 0 is_stmt 1
  99 001a 0023     		movs	r3, #0
 100              		.loc 1 108 0
 101 001c 083E     		subs	r6, r6, #8
 102              	.LVL3:
 103              		.loc 1 110 0
 104 001e 04F11000 		add	r0, r4, #16
 105              		.loc 1 104 0
 106 0022 2360     		str	r3, [r4, #0]
 107              	.LVL4:
 108              		.loc 1 105 0
 109 0024 A560     		str	r5, [r4, #8]
 110              		.loc 1 106 0
ARM GAS  /tmp/ccSPojxo.s 			page 3


 111 0026 E360     		str	r3, [r4, #12]
 112              		.loc 1 107 0
 113 0028 2B60     		str	r3, [r5, #0]
 114              		.loc 1 108 0
 115 002a 6E60     		str	r6, [r5, #4]
 116              		.loc 1 114 0
 117 002c BDE87040 		pop	{r4, r5, r6, lr}
 118              		.loc 1 110 0
 119 0030 FFF7FEBF 		b	chMtxInit
 120              	.L8:
 121              		.align	2
 122              	.L7:
 123 0034 00000000 		.word	.LC0
 124              		.cfi_endproc
 125              	.LFE1:
 126              		.size	chHeapInit, .-chHeapInit
 127              		.section	.text.chHeapAlloc,"ax",%progbits
 128              		.align	1
 129              		.global	chHeapAlloc
 130              		.thumb
 131              		.thumb_func
 132              		.type	chHeapAlloc, %function
 133              	chHeapAlloc:
 134              	.LFB2:
 135              		.loc 1 132 0
 136              		.cfi_startproc
 137              		@ args = 0, pretend = 0, frame = 0
 138              		@ frame_needed = 0, uses_anonymous_args = 0
 139              	.LVL5:
 140 0000 F8B5     		push	{r3, r4, r5, r6, r7, lr}
 141              	.LCFI1:
 142              		.cfi_def_cfa_offset 24
 143              		.loc 1 136 0
 144 0002 1D4C     		ldr	r4, .L20
 145              		.cfi_offset 14, -4
 146              		.cfi_offset 7, -8
 147              		.cfi_offset 6, -12
 148              		.cfi_offset 5, -16
 149              		.cfi_offset 4, -20
 150              		.cfi_offset 3, -24
 151              		.loc 1 138 0
 152 0004 0731     		adds	r1, r1, #7
 153              	.LVL6:
 154              		.loc 1 136 0
 155 0006 0028     		cmp	r0, #0
 156 0008 18BF     		it	ne
 157 000a 0446     		movne	r4, r0
 158              	.LVL7:
 159              		.loc 1 140 0
 160 000c 04F11000 		add	r0, r4, #16
 161              		.loc 1 138 0
 162 0010 21F00706 		bic	r6, r1, #7
 163              	.LVL8:
 164              		.loc 1 139 0
 165 0014 04F10807 		add	r7, r4, #8
 166              	.LVL9:
 167              		.loc 1 140 0
ARM GAS  /tmp/ccSPojxo.s 			page 4


 168 0018 FFF7FEFF 		bl	chMtxLock
 169              		.loc 1 142 0
 170 001c 18E0     		b	.L11
 171              	.L15:
 172              	.LVL10:
 173              		.loc 1 144 0
 174 001e 6B68     		ldr	r3, [r5, #4]
 175 0020 B342     		cmp	r3, r6
 176 0022 14D3     		bcc	.L17
 177              		.loc 1 145 0
 178 0024 06F10802 		add	r2, r6, #8
 179 0028 9342     		cmp	r3, r2
 180 002a 2868     		ldr	r0, [r5, #0]
 181 002c 01D2     		bcs	.L12
 182              		.loc 1 149 0
 183 002e 3860     		str	r0, [r7, #0]
 184 0030 08E0     		b	.L13
 185              	.L12:
 186              		.loc 1 153 0
 187 0032 A918     		adds	r1, r5, r2
 188              	.LVL11:
 189              		.loc 1 154 0
 190 0034 A850     		str	r0, [r5, r2]
 191              		.loc 1 155 0
 192 0036 6FF00702 		mvn	r2, #7
 193 003a 921B     		subs	r2, r2, r6
 194 003c D318     		adds	r3, r2, r3
 195 003e 4B60     		str	r3, [r1, #4]
 196              		.loc 1 156 0
 197 0040 3960     		str	r1, [r7, #0]
 198              		.loc 1 157 0
 199 0042 6E60     		str	r6, [r5, #4]
 200              	.LVL12:
 201              	.L13:
 202              		.loc 1 159 0
 203 0044 45F8084B 		str	r4, [r5], #8
 204              	.LVL13:
 205              		.loc 1 161 0
 206 0048 FFF7FEFF 		bl	chMtxUnlock
 207              	.LVL14:
 208              		.loc 1 162 0
 209 004c 11E0     		b	.L14
 210              	.LVL15:
 211              	.L17:
 212              		.loc 1 144 0
 213 004e 2F46     		mov	r7, r5
 214              	.LVL16:
 215              	.L11:
 216              		.loc 1 142 0 discriminator 1
 217 0050 3D68     		ldr	r5, [r7, #0]
 218 0052 002D     		cmp	r5, #0
 219 0054 E3D1     		bne	.L15
 220              		.loc 1 167 0
 221 0056 FFF7FEFF 		bl	chMtxUnlock
 222              		.loc 1 171 0
 223 005a 2568     		ldr	r5, [r4, #0]
 224 005c 4DB1     		cbz	r5, .L14
ARM GAS  /tmp/ccSPojxo.s 			page 5


 225              		.loc 1 172 0
 226 005e 06F10800 		add	r0, r6, #8
 227 0062 A847     		blx	r5
 228              	.LVL17:
 229              		.loc 1 173 0
 230 0064 20B1     		cbz	r0, .L19
 231              		.loc 1 174 0
 232 0066 0460     		str	r4, [r0, #0]
 233              		.loc 1 175 0
 234 0068 4660     		str	r6, [r0, #4]
 235              		.loc 1 176 0
 236 006a 00F10805 		add	r5, r0, #8
 237              	.LVL18:
 238              		.loc 1 177 0
 239 006e 00E0     		b	.L14
 240              	.LVL19:
 241              	.L19:
 242              		.loc 1 180 0
 243 0070 0546     		mov	r5, r0
 244              	.LVL20:
 245              	.L14:
 246              		.loc 1 181 0
 247 0072 2846     		mov	r0, r5
 248 0074 F8BD     		pop	{r3, r4, r5, r6, r7, pc}
 249              	.L21:
 250 0076 00BF     		.align	2
 251              	.L20:
 252 0078 00000000 		.word	.LANCHOR0
 253              		.cfi_endproc
 254              	.LFE2:
 255              		.size	chHeapAlloc, .-chHeapAlloc
 256              		.section	.text.chHeapFree,"ax",%progbits
 257              		.align	1
 258              		.global	chHeapFree
 259              		.thumb
 260              		.thumb_func
 261              		.type	chHeapFree, %function
 262              	chHeapFree:
 263              	.LFB3:
 264              		.loc 1 194 0
 265              		.cfi_startproc
 266              		@ args = 0, pretend = 0, frame = 0
 267              		@ frame_needed = 0, uses_anonymous_args = 0
 268              	.LVL21:
 269 0000 2DE9F041 		push	{r4, r5, r6, r7, r8, lr}
 270              	.LCFI2:
 271              		.cfi_def_cfa_offset 24
 272              		.loc 1 198 0
 273 0004 0646     		mov	r6, r0
 274              		.cfi_offset 14, -4
 275              		.cfi_offset 8, -8
 276              		.cfi_offset 7, -12
 277              		.cfi_offset 6, -16
 278              		.cfi_offset 5, -20
 279              		.cfi_offset 4, -24
 280 0006 10B9     		cbnz	r0, .L23
 281              		.loc 1 198 0 is_stmt 0 discriminator 1
ARM GAS  /tmp/ccSPojxo.s 			page 6


 282 0008 2248     		ldr	r0, .L31
 283              	.LVL22:
 284 000a FFF7FEFF 		bl	chDbgPanic
 285              	.L23:
 286              		.loc 1 201 0 is_stmt 1
 287 000e 56F8080C 		ldr	r0, [r6, #-8]
 288              		.loc 1 200 0
 289 0012 A6F10805 		sub	r5, r6, #8
 290              	.LVL23:
 291              		.loc 1 202 0
 292 0016 00F10807 		add	r7, r0, #8
 293              	.LVL24:
 294              		.loc 1 203 0
 295 001a 1030     		adds	r0, r0, #16
 296 001c FFF7FEFF 		bl	chMtxLock
 297              	.LVL25:
 298              		.loc 1 202 0
 299 0020 3C46     		mov	r4, r7
 300              	.LVL26:
 301              	.L30:
 302              		.loc 1 206 0
 303 0022 A542     		cmp	r5, r4
 304 0024 07D3     		bcc	.L24
 305              		.loc 1 206 0 is_stmt 0 discriminator 1
 306 0026 6368     		ldr	r3, [r4, #4]
 307 0028 0833     		adds	r3, r3, #8
 308 002a E318     		adds	r3, r4, r3
 309 002c 9D42     		cmp	r5, r3
 310 002e 02D2     		bcs	.L24
 311              		.loc 1 206 0 discriminator 2
 312 0030 1948     		ldr	r0, .L31+4
 313 0032 FFF7FEFF 		bl	chDbgPanic
 314              	.L24:
 315              		.loc 1 210 0 is_stmt 1
 316 0036 BC42     		cmp	r4, r7
 317 0038 01D0     		beq	.L25
 318              		.loc 1 210 0 is_stmt 0 discriminator 2
 319 003a A542     		cmp	r5, r4
 320 003c 23D9     		bls	.L26
 321              	.L25:
 322              		.loc 1 211 0 is_stmt 1 discriminator 1
 323 003e 2368     		ldr	r3, [r4, #0]
 324              		.loc 1 210 0 discriminator 1
 325 0040 0BB1     		cbz	r3, .L27
 326              		.loc 1 211 0
 327 0042 9D42     		cmp	r5, r3
 328 0044 1FD2     		bcs	.L26
 329              	.L27:
 330              		.loc 1 216 0
 331 0046 6A68     		ldr	r2, [r5, #4]
 332              		.loc 1 213 0
 333 0048 46F8083C 		str	r3, [r6, #-8]
 334              		.loc 1 214 0
 335 004c 2560     		str	r5, [r4, #0]
 336              		.loc 1 216 0
 337 004e 02F10803 		add	r3, r2, #8
 338 0052 56F8080C 		ldr	r0, [r6, #-8]
ARM GAS  /tmp/ccSPojxo.s 			page 7


 339 0056 E918     		adds	r1, r5, r3
 340 0058 8142     		cmp	r1, r0
 341 005a 06D1     		bne	.L28
 342              		.loc 1 218 0
 343 005c 4968     		ldr	r1, [r1, #4]
 344              		.loc 1 219 0
 345 005e EB58     		ldr	r3, [r5, r3]
 346              		.loc 1 218 0
 347 0060 5218     		adds	r2, r2, r1
 348 0062 0832     		adds	r2, r2, #8
 349 0064 6A60     		str	r2, [r5, #4]
 350              		.loc 1 219 0
 351 0066 46F8083C 		str	r3, [r6, #-8]
 352              	.L28:
 353              		.loc 1 221 0
 354 006a 6368     		ldr	r3, [r4, #4]
 355 006c 03F10802 		add	r2, r3, #8
 356 0070 A218     		adds	r2, r4, r2
 357 0072 AA42     		cmp	r2, r5
 358 0074 09D1     		bne	.L29
 359              		.loc 1 223 0
 360 0076 6A68     		ldr	r2, [r5, #4]
 361 0078 9B18     		adds	r3, r3, r2
 362 007a 0833     		adds	r3, r3, #8
 363 007c 6360     		str	r3, [r4, #4]
 364              		.loc 1 224 0
 365 007e 56F8083C 		ldr	r3, [r6, #-8]
 366 0082 2360     		str	r3, [r4, #0]
 367 0084 01E0     		b	.L29
 368              	.L26:
 369              		.loc 1 228 0
 370 0086 2468     		ldr	r4, [r4, #0]
 371              	.LVL27:
 372              		.loc 1 229 0
 373 0088 CBE7     		b	.L30
 374              	.L29:
 375              		.loc 1 233 0
 376 008a BDE8F041 		pop	{r4, r5, r6, r7, r8, lr}
 377              		.loc 1 231 0
 378 008e FFF7FEBF 		b	chMtxUnlock
 379              	.L32:
 380 0092 00BF     		.align	2
 381              	.L31:
 382 0094 0F000000 		.word	.LC1
 383 0098 1E000000 		.word	.LC2
 384              		.cfi_endproc
 385              	.LFE3:
 386              		.size	chHeapFree, .-chHeapFree
 387              		.section	.text.chHeapStatus,"ax",%progbits
 388              		.align	1
 389              		.global	chHeapStatus
 390              		.thumb
 391              		.thumb_func
 392              		.type	chHeapStatus, %function
 393              	chHeapStatus:
 394              	.LFB4:
 395              		.loc 1 250 0
ARM GAS  /tmp/ccSPojxo.s 			page 8


 396              		.cfi_startproc
 397              		@ args = 0, pretend = 0, frame = 0
 398              		@ frame_needed = 0, uses_anonymous_args = 0
 399              	.LVL28:
 400 0000 38B5     		push	{r3, r4, r5, lr}
 401              	.LCFI3:
 402              		.cfi_def_cfa_offset 16
 403              		.loc 1 255 0
 404 0002 0D4C     		ldr	r4, .L39
 405              		.cfi_offset 14, -4
 406              		.cfi_offset 5, -8
 407              		.cfi_offset 4, -12
 408              		.cfi_offset 3, -16
 409              		.loc 1 250 0
 410 0004 0D46     		mov	r5, r1
 411              		.loc 1 255 0
 412 0006 0028     		cmp	r0, #0
 413 0008 18BF     		it	ne
 414 000a 0446     		movne	r4, r0
 415              	.LVL29:
 416              		.loc 1 257 0
 417 000c 04F11000 		add	r0, r4, #16
 418 0010 FFF7FEFF 		bl	chMtxLock
 419              	.LVL30:
 420              		.loc 1 259 0
 421 0014 0023     		movs	r3, #0
 422              		.loc 1 260 0
 423 0016 04F10802 		add	r2, r4, #8
 424              	.LVL31:
 425 001a 1C46     		mov	r4, r3
 426              	.LVL32:
 427 001c 02E0     		b	.L35
 428              	.LVL33:
 429              	.L36:
 430              		.loc 1 261 0 discriminator 2
 431 001e 5168     		ldr	r1, [r2, #4]
 432              		.loc 1 260 0 discriminator 2
 433 0020 0134     		adds	r4, r4, #1
 434              	.LVL34:
 435              		.loc 1 261 0 discriminator 2
 436 0022 5B18     		adds	r3, r3, r1
 437              	.LVL35:
 438              	.L35:
 439              		.loc 1 260 0 discriminator 1
 440 0024 1268     		ldr	r2, [r2, #0]
 441              	.LVL36:
 442 0026 002A     		cmp	r2, #0
 443 0028 F9D1     		bne	.L36
 444              		.loc 1 262 0
 445 002a 05B1     		cbz	r5, .L37
 446              		.loc 1 263 0
 447 002c 2B60     		str	r3, [r5, #0]
 448              	.L37:
 449              		.loc 1 265 0
 450 002e FFF7FEFF 		bl	chMtxUnlock
 451              	.LVL37:
 452              		.loc 1 267 0
ARM GAS  /tmp/ccSPojxo.s 			page 9


 453 0032 2046     		mov	r0, r4
 454 0034 38BD     		pop	{r3, r4, r5, pc}
 455              	.L40:
 456 0036 00BF     		.align	2
 457              	.L39:
 458 0038 00000000 		.word	.LANCHOR0
 459              		.cfi_endproc
 460              	.LFE4:
 461              		.size	chHeapStatus, .-chHeapStatus
 462              		.section	.rodata.str1.1,"aMS",%progbits,1
 463              	.LC0:
 464 0000 22636848 		.ascii	"\"chHeapInit\"()\000"
 464      65617049 
 464      6E697422 
 464      282900
 465              	.LC1:
 466 000f 22636848 		.ascii	"\"chHeapFree\"()\000"
 466      65617046 
 466      72656522 
 466      282900
 467              	.LC2:
 468 001e 63684865 		.ascii	"chHeapFree(), #1\000"
 468      61704672 
 468      65652829 
 468      2C202331 
 468      00
 469              		.section	.bss.default_heap,"aw",%nobits
 470              		.align	3
 471              		.set	.LANCHOR0,. + 0
 472              		.type	default_heap, %object
 473              		.size	default_heap, 32
 474              	default_heap:
 475 0000 00000000 		.space	32
 475      00000000 
 475      00000000 
 475      00000000 
 475      00000000 
 476              		.text
 477              	.Letext0:
 478              		.section	.debug_loc,"",%progbits
 479              	.Ldebug_loc0:
 480              	.LLST0:
 481 0000 00000000 		.4byte	.LFB1
 482 0004 06000000 		.4byte	.LCFI0
 483 0008 0200     		.2byte	0x2
 484 000a 7D       		.byte	0x7d
 485 000b 00       		.sleb128 0
 486 000c 06000000 		.4byte	.LCFI0
 487 0010 38000000 		.4byte	.LFE1
 488 0014 0200     		.2byte	0x2
 489 0016 7D       		.byte	0x7d
 490 0017 10       		.sleb128 16
 491 0018 00000000 		.4byte	0x0
 492 001c 00000000 		.4byte	0x0
 493              	.LLST1:
 494 0020 00000000 		.4byte	.LVL0
 495 0024 16000000 		.4byte	.LVL1
ARM GAS  /tmp/ccSPojxo.s 			page 10


 496 0028 0100     		.2byte	0x1
 497 002a 50       		.byte	0x50
 498 002b 16000000 		.4byte	.LVL1
 499 002f 38000000 		.4byte	.LFE1
 500 0033 0100     		.2byte	0x1
 501 0035 54       		.byte	0x54
 502 0036 00000000 		.4byte	0x0
 503 003a 00000000 		.4byte	0x0
 504              	.LLST2:
 505 003e 00000000 		.4byte	.LVL0
 506 0042 19000000 		.4byte	.LVL2-1
 507 0046 0100     		.2byte	0x1
 508 0048 51       		.byte	0x51
 509 0049 19000000 		.4byte	.LVL2-1
 510 004d 38000000 		.4byte	.LFE1
 511 0051 0100     		.2byte	0x1
 512 0053 55       		.byte	0x55
 513 0054 00000000 		.4byte	0x0
 514 0058 00000000 		.4byte	0x0
 515              	.LLST3:
 516 005c 00000000 		.4byte	.LVL0
 517 0060 19000000 		.4byte	.LVL2-1
 518 0064 0100     		.2byte	0x1
 519 0066 52       		.byte	0x52
 520 0067 19000000 		.4byte	.LVL2-1
 521 006b 1E000000 		.4byte	.LVL3
 522 006f 0100     		.2byte	0x1
 523 0071 56       		.byte	0x56
 524 0072 1E000000 		.4byte	.LVL3
 525 0076 38000000 		.4byte	.LFE1
 526 007a 0300     		.2byte	0x3
 527 007c 76       		.byte	0x76
 528 007d 08       		.sleb128 8
 529 007e 9F       		.byte	0x9f
 530 007f 00000000 		.4byte	0x0
 531 0083 00000000 		.4byte	0x0
 532              	.LLST4:
 533 0087 00000000 		.4byte	.LFB2
 534 008b 02000000 		.4byte	.LCFI1
 535 008f 0200     		.2byte	0x2
 536 0091 7D       		.byte	0x7d
 537 0092 00       		.sleb128 0
 538 0093 02000000 		.4byte	.LCFI1
 539 0097 7C000000 		.4byte	.LFE2
 540 009b 0200     		.2byte	0x2
 541 009d 7D       		.byte	0x7d
 542 009e 18       		.sleb128 24
 543 009f 00000000 		.4byte	0x0
 544 00a3 00000000 		.4byte	0x0
 545              	.LLST5:
 546 00a7 00000000 		.4byte	.LVL5
 547 00ab 0C000000 		.4byte	.LVL7
 548 00af 0100     		.2byte	0x1
 549 00b1 50       		.byte	0x50
 550 00b2 0C000000 		.4byte	.LVL7
 551 00b6 7C000000 		.4byte	.LFE2
 552 00ba 0100     		.2byte	0x1
ARM GAS  /tmp/ccSPojxo.s 			page 11


 553 00bc 54       		.byte	0x54
 554 00bd 00000000 		.4byte	0x0
 555 00c1 00000000 		.4byte	0x0
 556              	.LLST6:
 557 00c5 00000000 		.4byte	.LVL5
 558 00c9 06000000 		.4byte	.LVL6
 559 00cd 0100     		.2byte	0x1
 560 00cf 51       		.byte	0x51
 561 00d0 06000000 		.4byte	.LVL6
 562 00d4 14000000 		.4byte	.LVL8
 563 00d8 0300     		.2byte	0x3
 564 00da 71       		.byte	0x71
 565 00db 79       		.sleb128 -7
 566 00dc 9F       		.byte	0x9f
 567 00dd 14000000 		.4byte	.LVL8
 568 00e1 7C000000 		.4byte	.LFE2
 569 00e5 0100     		.2byte	0x1
 570 00e7 56       		.byte	0x56
 571 00e8 00000000 		.4byte	0x0
 572 00ec 00000000 		.4byte	0x0
 573              	.LLST7:
 574 00f0 18000000 		.4byte	.LVL9
 575 00f4 50000000 		.4byte	.LVL16
 576 00f8 0100     		.2byte	0x1
 577 00fa 57       		.byte	0x57
 578 00fb 50000000 		.4byte	.LVL16
 579 00ff 7C000000 		.4byte	.LFE2
 580 0103 0100     		.2byte	0x1
 581 0105 57       		.byte	0x57
 582 0106 00000000 		.4byte	0x0
 583 010a 00000000 		.4byte	0x0
 584              	.LLST8:
 585 010e 1E000000 		.4byte	.LVL10
 586 0112 48000000 		.4byte	.LVL13
 587 0116 0100     		.2byte	0x1
 588 0118 55       		.byte	0x55
 589 0119 48000000 		.4byte	.LVL13
 590 011d 4B000000 		.4byte	.LVL14-1
 591 0121 0200     		.2byte	0x2
 592 0123 77       		.byte	0x77
 593 0124 00       		.sleb128 0
 594 0125 4B000000 		.4byte	.LVL14-1
 595 0129 4E000000 		.4byte	.LVL15
 596 012d 0300     		.2byte	0x3
 597 012f 75       		.byte	0x75
 598 0130 78       		.sleb128 -8
 599 0131 9F       		.byte	0x9f
 600 0132 4E000000 		.4byte	.LVL15
 601 0136 50000000 		.4byte	.LVL16
 602 013a 0100     		.2byte	0x1
 603 013c 55       		.byte	0x55
 604 013d 64000000 		.4byte	.LVL17
 605 0141 6E000000 		.4byte	.LVL18
 606 0145 0100     		.2byte	0x1
 607 0147 50       		.byte	0x50
 608 0148 70000000 		.4byte	.LVL19
 609 014c 72000000 		.4byte	.LVL20
ARM GAS  /tmp/ccSPojxo.s 			page 12


 610 0150 0100     		.2byte	0x1
 611 0152 50       		.byte	0x50
 612 0153 00000000 		.4byte	0x0
 613 0157 00000000 		.4byte	0x0
 614              	.LLST9:
 615 015b 34000000 		.4byte	.LVL11
 616 015f 44000000 		.4byte	.LVL12
 617 0163 0100     		.2byte	0x1
 618 0165 51       		.byte	0x51
 619 0166 00000000 		.4byte	0x0
 620 016a 00000000 		.4byte	0x0
 621              	.LLST10:
 622 016e 00000000 		.4byte	.LFB3
 623 0172 04000000 		.4byte	.LCFI2
 624 0176 0200     		.2byte	0x2
 625 0178 7D       		.byte	0x7d
 626 0179 00       		.sleb128 0
 627 017a 04000000 		.4byte	.LCFI2
 628 017e 9C000000 		.4byte	.LFE3
 629 0182 0200     		.2byte	0x2
 630 0184 7D       		.byte	0x7d
 631 0185 18       		.sleb128 24
 632 0186 00000000 		.4byte	0x0
 633 018a 00000000 		.4byte	0x0
 634              	.LLST11:
 635 018e 00000000 		.4byte	.LVL21
 636 0192 0A000000 		.4byte	.LVL22
 637 0196 0100     		.2byte	0x1
 638 0198 50       		.byte	0x50
 639 0199 0A000000 		.4byte	.LVL22
 640 019d 9C000000 		.4byte	.LFE3
 641 01a1 0100     		.2byte	0x1
 642 01a3 56       		.byte	0x56
 643 01a4 00000000 		.4byte	0x0
 644 01a8 00000000 		.4byte	0x0
 645              	.LLST12:
 646 01ac 1A000000 		.4byte	.LVL24
 647 01b0 22000000 		.4byte	.LVL26
 648 01b4 0100     		.2byte	0x1
 649 01b6 57       		.byte	0x57
 650 01b7 22000000 		.4byte	.LVL26
 651 01bb 88000000 		.4byte	.LVL27
 652 01bf 0100     		.2byte	0x1
 653 01c1 54       		.byte	0x54
 654 01c2 88000000 		.4byte	.LVL27
 655 01c6 9C000000 		.4byte	.LFE3
 656 01ca 0100     		.2byte	0x1
 657 01cc 54       		.byte	0x54
 658 01cd 00000000 		.4byte	0x0
 659 01d1 00000000 		.4byte	0x0
 660              	.LLST13:
 661 01d5 16000000 		.4byte	.LVL23
 662 01d9 1F000000 		.4byte	.LVL25-1
 663 01dd 0200     		.2byte	0x2
 664 01df 76       		.byte	0x76
 665 01e0 78       		.sleb128 -8
 666 01e1 1F000000 		.4byte	.LVL25-1
ARM GAS  /tmp/ccSPojxo.s 			page 13


 667 01e5 9C000000 		.4byte	.LFE3
 668 01e9 0300     		.2byte	0x3
 669 01eb 77       		.byte	0x77
 670 01ec 78       		.sleb128 -8
 671 01ed 9F       		.byte	0x9f
 672 01ee 00000000 		.4byte	0x0
 673 01f2 00000000 		.4byte	0x0
 674              	.LLST14:
 675 01f6 00000000 		.4byte	.LFB4
 676 01fa 02000000 		.4byte	.LCFI3
 677 01fe 0200     		.2byte	0x2
 678 0200 7D       		.byte	0x7d
 679 0201 00       		.sleb128 0
 680 0202 02000000 		.4byte	.LCFI3
 681 0206 3C000000 		.4byte	.LFE4
 682 020a 0200     		.2byte	0x2
 683 020c 7D       		.byte	0x7d
 684 020d 10       		.sleb128 16
 685 020e 00000000 		.4byte	0x0
 686 0212 00000000 		.4byte	0x0
 687              	.LLST15:
 688 0216 00000000 		.4byte	.LVL28
 689 021a 0C000000 		.4byte	.LVL29
 690 021e 0100     		.2byte	0x1
 691 0220 50       		.byte	0x50
 692 0221 0C000000 		.4byte	.LVL29
 693 0225 1C000000 		.4byte	.LVL32
 694 0229 0100     		.2byte	0x1
 695 022b 54       		.byte	0x54
 696 022c 1C000000 		.4byte	.LVL32
 697 0230 1E000000 		.4byte	.LVL33
 698 0234 0300     		.2byte	0x3
 699 0236 72       		.byte	0x72
 700 0237 78       		.sleb128 -8
 701 0238 9F       		.byte	0x9f
 702 0239 00000000 		.4byte	0x0
 703 023d 00000000 		.4byte	0x0
 704              	.LLST16:
 705 0241 00000000 		.4byte	.LVL28
 706 0245 13000000 		.4byte	.LVL30-1
 707 0249 0100     		.2byte	0x1
 708 024b 51       		.byte	0x51
 709 024c 13000000 		.4byte	.LVL30-1
 710 0250 3C000000 		.4byte	.LFE4
 711 0254 0100     		.2byte	0x1
 712 0256 55       		.byte	0x55
 713 0257 00000000 		.4byte	0x0
 714 025b 00000000 		.4byte	0x0
 715              	.LLST17:
 716 025f 1A000000 		.4byte	.LVL31
 717 0263 1E000000 		.4byte	.LVL33
 718 0267 0100     		.2byte	0x1
 719 0269 52       		.byte	0x52
 720 026a 24000000 		.4byte	.LVL35
 721 026e 26000000 		.4byte	.LVL36
 722 0272 0100     		.2byte	0x1
 723 0274 52       		.byte	0x52
ARM GAS  /tmp/ccSPojxo.s 			page 14


 724 0275 00000000 		.4byte	0x0
 725 0279 00000000 		.4byte	0x0
 726              	.LLST18:
 727 027d 14000000 		.4byte	.LVL30
 728 0281 1E000000 		.4byte	.LVL33
 729 0285 0200     		.2byte	0x2
 730 0287 30       		.byte	0x30
 731 0288 9F       		.byte	0x9f
 732 0289 1E000000 		.4byte	.LVL33
 733 028d 22000000 		.4byte	.LVL34
 734 0291 0100     		.2byte	0x1
 735 0293 54       		.byte	0x54
 736 0294 22000000 		.4byte	.LVL34
 737 0298 24000000 		.4byte	.LVL35
 738 029c 0300     		.2byte	0x3
 739 029e 74       		.byte	0x74
 740 029f 7F       		.sleb128 -1
 741 02a0 9F       		.byte	0x9f
 742 02a1 24000000 		.4byte	.LVL35
 743 02a5 3C000000 		.4byte	.LFE4
 744 02a9 0100     		.2byte	0x1
 745 02ab 54       		.byte	0x54
 746 02ac 00000000 		.4byte	0x0
 747 02b0 00000000 		.4byte	0x0
 748              	.LLST19:
 749 02b4 14000000 		.4byte	.LVL30
 750 02b8 1E000000 		.4byte	.LVL33
 751 02bc 0200     		.2byte	0x2
 752 02be 30       		.byte	0x30
 753 02bf 9F       		.byte	0x9f
 754 02c0 1E000000 		.4byte	.LVL33
 755 02c4 24000000 		.4byte	.LVL35
 756 02c8 0100     		.2byte	0x1
 757 02ca 53       		.byte	0x53
 758 02cb 24000000 		.4byte	.LVL35
 759 02cf 31000000 		.4byte	.LVL37-1
 760 02d3 0100     		.2byte	0x1
 761 02d5 53       		.byte	0x53
 762 02d6 00000000 		.4byte	0x0
 763 02da 00000000 		.4byte	0x0
 764              		.file 2 "/home/z80/programs/code-sourcery/2011.03-42/bin/../lib/gcc/arm-none-eabi/4.5.2/include/st
 765              		.file 3 "/home/z80/programs/code-sourcery/2011.03-42/bin/../lib/gcc/arm-none-eabi/4.5.2/../../../.
 766              		.file 4 "../chibios/os/ports/GCC/ARMCMx/chtypes.h"
 767              		.file 5 "../chibios/os/kernel/include/chlists.h"
 768              		.file 6 "../chibios/os/kernel/include/chthreads.h"
 769              		.file 7 "../chibios/os/ports/GCC/ARMCMx/chcore_v7m.h"
 770              		.file 8 "../chibios/os/kernel/include/chmtx.h"
 771              		.file 9 "../chibios/os/kernel/include/chmemcore.h"
 772              		.file 10 "../chibios/os/kernel/include/chheap.h"
 773              		.section	.debug_info
 774 0000 4D060000 		.4byte	0x64d
 775 0004 0200     		.2byte	0x2
 776 0006 00000000 		.4byte	.Ldebug_abbrev0
 777 000a 04       		.byte	0x4
 778 000b 01       		.uleb128 0x1
 779 000c DD020000 		.4byte	.LASF73
 780 0010 01       		.byte	0x1
ARM GAS  /tmp/ccSPojxo.s 			page 15


 781 0011 51020000 		.4byte	.LASF74
 782 0015 10010000 		.4byte	.LASF75
 783 0019 00000000 		.4byte	0x0
 784 001d 00000000 		.4byte	0x0
 785 0021 00000000 		.4byte	.Ldebug_ranges0+0x0
 786 0025 00000000 		.4byte	.Ldebug_line0
 787 0029 02       		.uleb128 0x2
 788 002a 04       		.byte	0x4
 789 002b 05       		.byte	0x5
 790 002c 696E7400 		.ascii	"int\000"
 791 0030 03       		.uleb128 0x3
 792 0031 06000000 		.4byte	.LASF2
 793 0035 02       		.byte	0x2
 794 0036 D3       		.byte	0xd3
 795 0037 3B000000 		.4byte	0x3b
 796 003b 04       		.uleb128 0x4
 797 003c 04       		.byte	0x4
 798 003d 07       		.byte	0x7
 799 003e E4000000 		.4byte	.LASF0
 800 0042 04       		.uleb128 0x4
 801 0043 01       		.byte	0x1
 802 0044 06       		.byte	0x6
 803 0045 7C000000 		.4byte	.LASF1
 804 0049 03       		.uleb128 0x3
 805 004a CE020000 		.4byte	.LASF3
 806 004e 03       		.byte	0x3
 807 004f 2A       		.byte	0x2a
 808 0050 54000000 		.4byte	0x54
 809 0054 04       		.uleb128 0x4
 810 0055 01       		.byte	0x1
 811 0056 08       		.byte	0x8
 812 0057 BC010000 		.4byte	.LASF4
 813 005b 04       		.uleb128 0x4
 814 005c 02       		.byte	0x2
 815 005d 05       		.byte	0x5
 816 005e DF010000 		.4byte	.LASF5
 817 0062 04       		.uleb128 0x4
 818 0063 02       		.byte	0x2
 819 0064 07       		.byte	0x7
 820 0065 9C020000 		.4byte	.LASF6
 821 0069 03       		.uleb128 0x3
 822 006a B4010000 		.4byte	.LASF7
 823 006e 03       		.byte	0x3
 824 006f 4F       		.byte	0x4f
 825 0070 74000000 		.4byte	0x74
 826 0074 04       		.uleb128 0x4
 827 0075 04       		.byte	0x4
 828 0076 05       		.byte	0x5
 829 0077 B0000000 		.4byte	.LASF8
 830 007b 03       		.uleb128 0x3
 831 007c 31020000 		.4byte	.LASF9
 832 0080 03       		.byte	0x3
 833 0081 50       		.byte	0x50
 834 0082 86000000 		.4byte	0x86
 835 0086 04       		.uleb128 0x4
 836 0087 04       		.byte	0x4
 837 0088 07       		.byte	0x7
ARM GAS  /tmp/ccSPojxo.s 			page 16


 838 0089 F1000000 		.4byte	.LASF10
 839 008d 04       		.uleb128 0x4
 840 008e 08       		.byte	0x8
 841 008f 05       		.byte	0x5
 842 0090 6E000000 		.4byte	.LASF11
 843 0094 03       		.uleb128 0x3
 844 0095 14000000 		.4byte	.LASF12
 845 0099 03       		.byte	0x3
 846 009a 78       		.byte	0x78
 847 009b 9F000000 		.4byte	0x9f
 848 009f 04       		.uleb128 0x4
 849 00a0 08       		.byte	0x8
 850 00a1 07       		.byte	0x7
 851 00a2 2A000000 		.4byte	.LASF13
 852 00a6 03       		.uleb128 0x3
 853 00a7 4C010000 		.4byte	.LASF14
 854 00ab 04       		.byte	0x4
 855 00ac 2F       		.byte	0x2f
 856 00ad 49000000 		.4byte	0x49
 857 00b1 03       		.uleb128 0x3
 858 00b2 B9000000 		.4byte	.LASF15
 859 00b6 04       		.byte	0x4
 860 00b7 30       		.byte	0x30
 861 00b8 49000000 		.4byte	0x49
 862 00bc 03       		.uleb128 0x3
 863 00bd 9D010000 		.4byte	.LASF16
 864 00c1 04       		.byte	0x4
 865 00c2 31       		.byte	0x31
 866 00c3 49000000 		.4byte	0x49
 867 00c7 03       		.uleb128 0x3
 868 00c8 AC010000 		.4byte	.LASF17
 869 00cc 04       		.byte	0x4
 870 00cd 32       		.byte	0x32
 871 00ce 7B000000 		.4byte	0x7b
 872 00d2 03       		.uleb128 0x3
 873 00d3 46010000 		.4byte	.LASF18
 874 00d7 04       		.byte	0x4
 875 00d8 33       		.byte	0x33
 876 00d9 69000000 		.4byte	0x69
 877 00dd 03       		.uleb128 0x3
 878 00de 60010000 		.4byte	.LASF19
 879 00e2 04       		.byte	0x4
 880 00e3 35       		.byte	0x35
 881 00e4 7B000000 		.4byte	0x7b
 882 00e8 03       		.uleb128 0x3
 883 00e9 87020000 		.4byte	.LASF20
 884 00ed 04       		.byte	0x4
 885 00ee 36       		.byte	0x36
 886 00ef 7B000000 		.4byte	0x7b
 887 00f3 03       		.uleb128 0x3
 888 00f4 13020000 		.4byte	.LASF21
 889 00f8 05       		.byte	0x5
 890 00f9 2A       		.byte	0x2a
 891 00fa FE000000 		.4byte	0xfe
 892 00fe 05       		.uleb128 0x5
 893 00ff 13020000 		.4byte	.LASF21
 894 0103 4C       		.byte	0x4c
ARM GAS  /tmp/ccSPojxo.s 			page 17


 895 0104 06       		.byte	0x6
 896 0105 5E       		.byte	0x5e
 897 0106 23020000 		.4byte	0x223
 898 010a 06       		.uleb128 0x6
 899 010b 04020000 		.4byte	.LASF22
 900 010f 06       		.byte	0x6
 901 0110 5F       		.byte	0x5f
 902 0111 48020000 		.4byte	0x248
 903 0115 02       		.byte	0x2
 904 0116 23       		.byte	0x23
 905 0117 00       		.uleb128 0x0
 906 0118 06       		.uleb128 0x6
 907 0119 A5010000 		.4byte	.LASF23
 908 011d 06       		.byte	0x6
 909 011e 61       		.byte	0x61
 910 011f 48020000 		.4byte	0x248
 911 0123 02       		.byte	0x2
 912 0124 23       		.byte	0x23
 913 0125 04       		.uleb128 0x4
 914 0126 06       		.uleb128 0x6
 915 0127 67000000 		.4byte	.LASF24
 916 012b 06       		.byte	0x6
 917 012c 63       		.byte	0x63
 918 012d C7000000 		.4byte	0xc7
 919 0131 02       		.byte	0x2
 920 0132 23       		.byte	0x23
 921 0133 08       		.uleb128 0x8
 922 0134 06       		.uleb128 0x6
 923 0135 03030000 		.4byte	.LASF25
 924 0139 06       		.byte	0x6
 925 013a 64       		.byte	0x64
 926 013b 20030000 		.4byte	0x320
 927 013f 02       		.byte	0x2
 928 0140 23       		.byte	0x23
 929 0141 0C       		.uleb128 0xc
 930 0142 06       		.uleb128 0x6
 931 0143 C2000000 		.4byte	.LASF26
 932 0147 06       		.byte	0x6
 933 0148 66       		.byte	0x66
 934 0149 48020000 		.4byte	0x248
 935 014d 02       		.byte	0x2
 936 014e 23       		.byte	0x23
 937 014f 10       		.uleb128 0x10
 938 0150 06       		.uleb128 0x6
 939 0151 7D010000 		.4byte	.LASF27
 940 0155 06       		.byte	0x6
 941 0156 67       		.byte	0x67
 942 0157 48020000 		.4byte	0x248
 943 015b 02       		.byte	0x2
 944 015c 23       		.byte	0x23
 945 015d 14       		.uleb128 0x14
 946 015e 06       		.uleb128 0x6
 947 015f E9020000 		.4byte	.LASF28
 948 0163 06       		.byte	0x6
 949 0164 6E       		.byte	0x6e
 950 0165 97040000 		.4byte	0x497
 951 0169 02       		.byte	0x2
ARM GAS  /tmp/ccSPojxo.s 			page 18


 952 016a 23       		.byte	0x23
 953 016b 18       		.uleb128 0x18
 954 016c 06       		.uleb128 0x6
 955 016d D9000000 		.4byte	.LASF29
 956 0171 06       		.byte	0x6
 957 0172 74       		.byte	0x74
 958 0173 A9040000 		.4byte	0x4a9
 959 0177 02       		.byte	0x2
 960 0178 23       		.byte	0x23
 961 0179 1C       		.uleb128 0x1c
 962 017a 06       		.uleb128 0x6
 963 017b E9010000 		.4byte	.LASF30
 964 017f 06       		.byte	0x6
 965 0180 79       		.byte	0x79
 966 0181 B1000000 		.4byte	0xb1
 967 0185 02       		.byte	0x2
 968 0186 23       		.byte	0x23
 969 0187 20       		.uleb128 0x20
 970 0188 06       		.uleb128 0x6
 971 0189 0B020000 		.4byte	.LASF31
 972 018d 06       		.byte	0x6
 973 018e 7D       		.byte	0x7d
 974 018f A6000000 		.4byte	0xa6
 975 0193 02       		.byte	0x2
 976 0194 23       		.byte	0x23
 977 0195 21       		.uleb128 0x21
 978 0196 06       		.uleb128 0x6
 979 0197 C7020000 		.4byte	.LASF32
 980 019b 06       		.byte	0x6
 981 019c 82       		.byte	0x82
 982 019d BC000000 		.4byte	0xbc
 983 01a1 02       		.byte	0x2
 984 01a2 23       		.byte	0x23
 985 01a3 22       		.uleb128 0x22
 986 01a4 06       		.uleb128 0x6
 987 01a5 D6020000 		.4byte	.LASF33
 988 01a9 06       		.byte	0x6
 989 01aa 89       		.byte	0x89
 990 01ab 43030000 		.4byte	0x343
 991 01af 02       		.byte	0x2
 992 01b0 23       		.byte	0x23
 993 01b1 24       		.uleb128 0x24
 994 01b2 07       		.uleb128 0x7
 995 01b3 705F7500 		.ascii	"p_u\000"
 996 01b7 06       		.byte	0x6
 997 01b8 AE       		.byte	0xae
 998 01b9 62040000 		.4byte	0x462
 999 01bd 02       		.byte	0x2
 1000 01be 23       		.byte	0x23
 1001 01bf 28       		.uleb128 0x28
 1002 01c0 06       		.uleb128 0x6
 1003 01c1 09030000 		.4byte	.LASF34
 1004 01c5 06       		.byte	0x6
 1005 01c6 B3       		.byte	0xb3
 1006 01c7 70020000 		.4byte	0x270
 1007 01cb 02       		.byte	0x2
 1008 01cc 23       		.byte	0x23
ARM GAS  /tmp/ccSPojxo.s 			page 19


 1009 01cd 2C       		.uleb128 0x2c
 1010 01ce 06       		.uleb128 0x6
 1011 01cf B6020000 		.4byte	.LASF35
 1012 01d3 06       		.byte	0x6
 1013 01d4 B9       		.byte	0xb9
 1014 01d5 4E020000 		.4byte	0x24e
 1015 01d9 02       		.byte	0x2
 1016 01da 23       		.byte	0x23
 1017 01db 30       		.uleb128 0x30
 1018 01dc 06       		.uleb128 0x6
 1019 01dd 00000000 		.4byte	.LASF36
 1020 01e1 06       		.byte	0x6
 1021 01e2 BD       		.byte	0xbd
 1022 01e3 D2000000 		.4byte	0xd2
 1023 01e7 02       		.byte	0x2
 1024 01e8 23       		.byte	0x23
 1025 01e9 38       		.uleb128 0x38
 1026 01ea 06       		.uleb128 0x6
 1027 01eb 26020000 		.4byte	.LASF37
 1028 01ef 06       		.byte	0x6
 1029 01f0 C3       		.byte	0xc3
 1030 01f1 DD000000 		.4byte	0xdd
 1031 01f5 02       		.byte	0x2
 1032 01f6 23       		.byte	0x23
 1033 01f7 3C       		.uleb128 0x3c
 1034 01f8 06       		.uleb128 0x6
 1035 01f9 D5010000 		.4byte	.LASF38
 1036 01fd 06       		.byte	0x6
 1037 01fe CA       		.byte	0xca
 1038 01ff AF040000 		.4byte	0x4af
 1039 0203 02       		.byte	0x2
 1040 0204 23       		.byte	0x23
 1041 0205 40       		.uleb128 0x40
 1042 0206 06       		.uleb128 0x6
 1043 0207 91020000 		.4byte	.LASF39
 1044 020b 06       		.byte	0x6
 1045 020c CE       		.byte	0xce
 1046 020d C7000000 		.4byte	0xc7
 1047 0211 02       		.byte	0x2
 1048 0212 23       		.byte	0x23
 1049 0213 44       		.uleb128 0x44
 1050 0214 06       		.uleb128 0x6
 1051 0215 8E000000 		.4byte	.LASF40
 1052 0219 06       		.byte	0x6
 1053 021a D4       		.byte	0xd4
 1054 021b 86020000 		.4byte	0x286
 1055 021f 02       		.byte	0x2
 1056 0220 23       		.byte	0x23
 1057 0221 48       		.uleb128 0x48
 1058 0222 00       		.byte	0x0
 1059 0223 08       		.uleb128 0x8
 1060 0224 08       		.byte	0x8
 1061 0225 05       		.byte	0x5
 1062 0226 61       		.byte	0x61
 1063 0227 48020000 		.4byte	0x248
 1064 022b 06       		.uleb128 0x6
 1065 022c 04020000 		.4byte	.LASF22
ARM GAS  /tmp/ccSPojxo.s 			page 20


 1066 0230 05       		.byte	0x5
 1067 0231 62       		.byte	0x62
 1068 0232 48020000 		.4byte	0x248
 1069 0236 02       		.byte	0x2
 1070 0237 23       		.byte	0x23
 1071 0238 00       		.uleb128 0x0
 1072 0239 06       		.uleb128 0x6
 1073 023a A5010000 		.4byte	.LASF23
 1074 023e 05       		.byte	0x5
 1075 023f 64       		.byte	0x64
 1076 0240 48020000 		.4byte	0x248
 1077 0244 02       		.byte	0x2
 1078 0245 23       		.byte	0x23
 1079 0246 04       		.uleb128 0x4
 1080 0247 00       		.byte	0x0
 1081 0248 09       		.uleb128 0x9
 1082 0249 04       		.byte	0x4
 1083 024a F3000000 		.4byte	0xf3
 1084 024e 03       		.uleb128 0x3
 1085 024f 85010000 		.4byte	.LASF41
 1086 0253 05       		.byte	0x5
 1087 0254 66       		.byte	0x66
 1088 0255 23020000 		.4byte	0x223
 1089 0259 08       		.uleb128 0x8
 1090 025a 04       		.byte	0x4
 1091 025b 05       		.byte	0x5
 1092 025c 6B       		.byte	0x6b
 1093 025d 70020000 		.4byte	0x270
 1094 0261 06       		.uleb128 0x6
 1095 0262 04020000 		.4byte	.LASF22
 1096 0266 05       		.byte	0x5
 1097 0267 6D       		.byte	0x6d
 1098 0268 48020000 		.4byte	0x248
 1099 026c 02       		.byte	0x2
 1100 026d 23       		.byte	0x23
 1101 026e 00       		.uleb128 0x0
 1102 026f 00       		.byte	0x0
 1103 0270 03       		.uleb128 0x3
 1104 0271 54010000 		.4byte	.LASF42
 1105 0275 05       		.byte	0x5
 1106 0276 70       		.byte	0x70
 1107 0277 59020000 		.4byte	0x259
 1108 027b 03       		.uleb128 0x3
 1109 027c CA000000 		.4byte	.LASF43
 1110 0280 07       		.byte	0x7
 1111 0281 D7       		.byte	0xd7
 1112 0282 86020000 		.4byte	0x286
 1113 0286 0A       		.uleb128 0xa
 1114 0287 04       		.byte	0x4
 1115 0288 03       		.uleb128 0x3
 1116 0289 72010000 		.4byte	.LASF44
 1117 028d 07       		.byte	0x7
 1118 028e DD       		.byte	0xdd
 1119 028f 94000000 		.4byte	0x94
 1120 0293 05       		.uleb128 0x5
 1121 0294 AF020000 		.4byte	.LASF45
 1122 0298 24       		.byte	0x24
ARM GAS  /tmp/ccSPojxo.s 			page 21


 1123 0299 07       		.byte	0x7
 1124 029a FE       		.byte	0xfe
 1125 029b 20030000 		.4byte	0x320
 1126 029f 0B       		.uleb128 0xb
 1127 02a0 723400   		.ascii	"r4\000"
 1128 02a3 07       		.byte	0x7
 1129 02a4 1101     		.2byte	0x111
 1130 02a6 7B020000 		.4byte	0x27b
 1131 02aa 02       		.byte	0x2
 1132 02ab 23       		.byte	0x23
 1133 02ac 00       		.uleb128 0x0
 1134 02ad 0B       		.uleb128 0xb
 1135 02ae 723500   		.ascii	"r5\000"
 1136 02b1 07       		.byte	0x7
 1137 02b2 1201     		.2byte	0x112
 1138 02b4 7B020000 		.4byte	0x27b
 1139 02b8 02       		.byte	0x2
 1140 02b9 23       		.byte	0x23
 1141 02ba 04       		.uleb128 0x4
 1142 02bb 0B       		.uleb128 0xb
 1143 02bc 723600   		.ascii	"r6\000"
 1144 02bf 07       		.byte	0x7
 1145 02c0 1301     		.2byte	0x113
 1146 02c2 7B020000 		.4byte	0x27b
 1147 02c6 02       		.byte	0x2
 1148 02c7 23       		.byte	0x23
 1149 02c8 08       		.uleb128 0x8
 1150 02c9 0B       		.uleb128 0xb
 1151 02ca 723700   		.ascii	"r7\000"
 1152 02cd 07       		.byte	0x7
 1153 02ce 1401     		.2byte	0x114
 1154 02d0 7B020000 		.4byte	0x27b
 1155 02d4 02       		.byte	0x2
 1156 02d5 23       		.byte	0x23
 1157 02d6 0C       		.uleb128 0xc
 1158 02d7 0B       		.uleb128 0xb
 1159 02d8 723800   		.ascii	"r8\000"
 1160 02db 07       		.byte	0x7
 1161 02dc 1501     		.2byte	0x115
 1162 02de 7B020000 		.4byte	0x27b
 1163 02e2 02       		.byte	0x2
 1164 02e3 23       		.byte	0x23
 1165 02e4 10       		.uleb128 0x10
 1166 02e5 0B       		.uleb128 0xb
 1167 02e6 723900   		.ascii	"r9\000"
 1168 02e9 07       		.byte	0x7
 1169 02ea 1601     		.2byte	0x116
 1170 02ec 7B020000 		.4byte	0x27b
 1171 02f0 02       		.byte	0x2
 1172 02f1 23       		.byte	0x23
 1173 02f2 14       		.uleb128 0x14
 1174 02f3 0B       		.uleb128 0xb
 1175 02f4 72313000 		.ascii	"r10\000"
 1176 02f8 07       		.byte	0x7
 1177 02f9 1701     		.2byte	0x117
 1178 02fb 7B020000 		.4byte	0x27b
 1179 02ff 02       		.byte	0x2
ARM GAS  /tmp/ccSPojxo.s 			page 22


 1180 0300 23       		.byte	0x23
 1181 0301 18       		.uleb128 0x18
 1182 0302 0B       		.uleb128 0xb
 1183 0303 72313100 		.ascii	"r11\000"
 1184 0307 07       		.byte	0x7
 1185 0308 1801     		.2byte	0x118
 1186 030a 7B020000 		.4byte	0x27b
 1187 030e 02       		.byte	0x2
 1188 030f 23       		.byte	0x23
 1189 0310 1C       		.uleb128 0x1c
 1190 0311 0B       		.uleb128 0xb
 1191 0312 6C7200   		.ascii	"lr\000"
 1192 0315 07       		.byte	0x7
 1193 0316 1901     		.2byte	0x119
 1194 0318 7B020000 		.4byte	0x27b
 1195 031c 02       		.byte	0x2
 1196 031d 23       		.byte	0x23
 1197 031e 20       		.uleb128 0x20
 1198 031f 00       		.byte	0x0
 1199 0320 0C       		.uleb128 0xc
 1200 0321 03010000 		.4byte	.LASF46
 1201 0325 04       		.byte	0x4
 1202 0326 07       		.byte	0x7
 1203 0327 2301     		.2byte	0x123
 1204 0329 3D030000 		.4byte	0x33d
 1205 032d 0B       		.uleb128 0xb
 1206 032e 72313300 		.ascii	"r13\000"
 1207 0332 07       		.byte	0x7
 1208 0333 2401     		.2byte	0x124
 1209 0335 3D030000 		.4byte	0x33d
 1210 0339 02       		.byte	0x2
 1211 033a 23       		.byte	0x23
 1212 033b 00       		.uleb128 0x0
 1213 033c 00       		.byte	0x0
 1214 033d 09       		.uleb128 0x9
 1215 033e 04       		.byte	0x4
 1216 033f 93020000 		.4byte	0x293
 1217 0343 0D       		.uleb128 0xd
 1218 0344 E8000000 		.4byte	0xe8
 1219 0348 05       		.uleb128 0x5
 1220 0349 6C010000 		.4byte	.LASF47
 1221 034d 10       		.byte	0x10
 1222 034e 08       		.byte	0x8
 1223 034f 2C       		.byte	0x2c
 1224 0350 7F030000 		.4byte	0x37f
 1225 0354 06       		.uleb128 0x6
 1226 0355 96000000 		.4byte	.LASF48
 1227 0359 08       		.byte	0x8
 1228 035a 2D       		.byte	0x2d
 1229 035b 4E020000 		.4byte	0x24e
 1230 035f 02       		.byte	0x2
 1231 0360 23       		.byte	0x23
 1232 0361 00       		.uleb128 0x0
 1233 0362 06       		.uleb128 0x6
 1234 0363 FB020000 		.4byte	.LASF49
 1235 0367 08       		.byte	0x8
 1236 0368 2F       		.byte	0x2f
ARM GAS  /tmp/ccSPojxo.s 			page 23


 1237 0369 48020000 		.4byte	0x248
 1238 036d 02       		.byte	0x2
 1239 036e 23       		.byte	0x23
 1240 036f 08       		.uleb128 0x8
 1241 0370 06       		.uleb128 0x6
 1242 0371 80020000 		.4byte	.LASF50
 1243 0375 08       		.byte	0x8
 1244 0376 31       		.byte	0x31
 1245 0377 7F030000 		.4byte	0x37f
 1246 037b 02       		.byte	0x2
 1247 037c 23       		.byte	0x23
 1248 037d 0C       		.uleb128 0xc
 1249 037e 00       		.byte	0x0
 1250 037f 09       		.uleb128 0x9
 1251 0380 04       		.byte	0x4
 1252 0381 48030000 		.4byte	0x348
 1253 0385 03       		.uleb128 0x3
 1254 0386 6C010000 		.4byte	.LASF47
 1255 038a 08       		.byte	0x8
 1256 038b 33       		.byte	0x33
 1257 038c 48030000 		.4byte	0x348
 1258 0390 03       		.uleb128 0x3
 1259 0391 1D000000 		.4byte	.LASF51
 1260 0395 09       		.byte	0x9
 1261 0396 2C       		.byte	0x2c
 1262 0397 9B030000 		.4byte	0x39b
 1263 039b 09       		.uleb128 0x9
 1264 039c 04       		.byte	0x4
 1265 039d A1030000 		.4byte	0x3a1
 1266 03a1 0E       		.uleb128 0xe
 1267 03a2 01       		.byte	0x1
 1268 03a3 86020000 		.4byte	0x286
 1269 03a7 B1030000 		.4byte	0x3b1
 1270 03ab 0F       		.uleb128 0xf
 1271 03ac 30000000 		.4byte	0x30
 1272 03b0 00       		.byte	0x0
 1273 03b1 03       		.uleb128 0x3
 1274 03b2 92010000 		.4byte	.LASF52
 1275 03b6 0A       		.byte	0xa
 1276 03b7 34       		.byte	0x34
 1277 03b8 BC030000 		.4byte	0x3bc
 1278 03bc 05       		.uleb128 0x5
 1279 03bd 13030000 		.4byte	.LASF53
 1280 03c1 20       		.byte	0x20
 1281 03c2 0A       		.byte	0xa
 1282 03c3 47       		.byte	0x47
 1283 03c4 F3030000 		.4byte	0x3f3
 1284 03c8 06       		.uleb128 0x6
 1285 03c9 CA010000 		.4byte	.LASF54
 1286 03cd 0A       		.byte	0xa
 1287 03ce 48       		.byte	0x48
 1288 03cf 90030000 		.4byte	0x390
 1289 03d3 02       		.byte	0x2
 1290 03d4 23       		.byte	0x23
 1291 03d5 00       		.uleb128 0x0
 1292 03d6 06       		.uleb128 0x6
 1293 03d7 4A000000 		.4byte	.LASF55
ARM GAS  /tmp/ccSPojxo.s 			page 24


 1294 03db 0A       		.byte	0xa
 1295 03dc 4A       		.byte	0x4a
 1296 03dd 12040000 		.4byte	0x412
 1297 03e1 02       		.byte	0x2
 1298 03e2 23       		.byte	0x23
 1299 03e3 08       		.uleb128 0x8
 1300 03e4 06       		.uleb128 0x6
 1301 03e5 88000000 		.4byte	.LASF56
 1302 03e9 0A       		.byte	0xa
 1303 03ea 4C       		.byte	0x4c
 1304 03eb 85030000 		.4byte	0x385
 1305 03ef 02       		.byte	0x2
 1306 03f0 23       		.byte	0x23
 1307 03f1 10       		.uleb128 0x10
 1308 03f2 00       		.byte	0x0
 1309 03f3 10       		.uleb128 0x10
 1310 03f4 04       		.byte	0x4
 1311 03f5 0A       		.byte	0xa
 1312 03f6 3C       		.byte	0x3c
 1313 03f7 12040000 		.4byte	0x412
 1314 03fb 11       		.uleb128 0x11
 1315 03fc 62000000 		.4byte	.LASF57
 1316 0400 0A       		.byte	0xa
 1317 0401 3D       		.byte	0x3d
 1318 0402 33040000 		.4byte	0x433
 1319 0406 11       		.uleb128 0x11
 1320 0407 3A020000 		.4byte	.LASF58
 1321 040b 0A       		.byte	0xa
 1322 040c 3E       		.byte	0x3e
 1323 040d 39040000 		.4byte	0x439
 1324 0411 00       		.byte	0x0
 1325 0412 12       		.uleb128 0x12
 1326 0413 F1010000 		.4byte	.LASF76
 1327 0417 08       		.byte	0x8
 1328 0418 0A       		.byte	0xa
 1329 0419 39       		.byte	0x39
 1330 041a 33040000 		.4byte	0x433
 1331 041e 11       		.uleb128 0x11
 1332 041f D3000000 		.4byte	.LASF59
 1333 0423 0A       		.byte	0xa
 1334 0424 3A       		.byte	0x3a
 1335 0425 88020000 		.4byte	0x288
 1336 0429 13       		.uleb128 0x13
 1337 042a 6800     		.ascii	"h\000"
 1338 042c 0A       		.byte	0xa
 1339 042d 41       		.byte	0x41
 1340 042e 3F040000 		.4byte	0x43f
 1341 0432 00       		.byte	0x0
 1342 0433 09       		.uleb128 0x9
 1343 0434 04       		.byte	0x4
 1344 0435 12040000 		.4byte	0x412
 1345 0439 09       		.uleb128 0x9
 1346 043a 04       		.byte	0x4
 1347 043b B1030000 		.4byte	0x3b1
 1348 043f 08       		.uleb128 0x8
 1349 0440 08       		.byte	0x8
 1350 0441 0A       		.byte	0xa
ARM GAS  /tmp/ccSPojxo.s 			page 25


 1351 0442 3B       		.byte	0x3b
 1352 0443 62040000 		.4byte	0x462
 1353 0447 07       		.uleb128 0x7
 1354 0448 7500     		.ascii	"u\000"
 1355 044a 0A       		.byte	0xa
 1356 044b 3F       		.byte	0x3f
 1357 044c F3030000 		.4byte	0x3f3
 1358 0450 02       		.byte	0x2
 1359 0451 23       		.byte	0x23
 1360 0452 00       		.uleb128 0x0
 1361 0453 06       		.uleb128 0x6
 1362 0454 0B010000 		.4byte	.LASF60
 1363 0458 0A       		.byte	0xa
 1364 0459 40       		.byte	0x40
 1365 045a 30000000 		.4byte	0x30
 1366 045e 02       		.byte	0x2
 1367 045f 23       		.byte	0x23
 1368 0460 04       		.uleb128 0x4
 1369 0461 00       		.byte	0x0
 1370 0462 10       		.uleb128 0x10
 1371 0463 04       		.byte	0x4
 1372 0464 06       		.byte	0x6
 1373 0465 90       		.byte	0x90
 1374 0466 97040000 		.4byte	0x497
 1375 046a 11       		.uleb128 0x11
 1376 046b 0D000000 		.4byte	.LASF61
 1377 046f 06       		.byte	0x6
 1378 0470 97       		.byte	0x97
 1379 0471 D2000000 		.4byte	0xd2
 1380 0475 11       		.uleb128 0x11
 1381 0476 41000000 		.4byte	.LASF62
 1382 047a 06       		.byte	0x6
 1383 047b 9E       		.byte	0x9e
 1384 047c D2000000 		.4byte	0xd2
 1385 0480 11       		.uleb128 0x11
 1386 0481 A9000000 		.4byte	.LASF63
 1387 0485 06       		.byte	0x6
 1388 0486 A5       		.byte	0xa5
 1389 0487 86020000 		.4byte	0x286
 1390 048b 11       		.uleb128 0x11
 1391 048c FD010000 		.4byte	.LASF64
 1392 0490 06       		.byte	0x6
 1393 0491 AC       		.byte	0xac
 1394 0492 DD000000 		.4byte	0xdd
 1395 0496 00       		.byte	0x0
 1396 0497 09       		.uleb128 0x9
 1397 0498 04       		.byte	0x4
 1398 0499 9D040000 		.4byte	0x49d
 1399 049d 14       		.uleb128 0x14
 1400 049e A2040000 		.4byte	0x4a2
 1401 04a2 04       		.uleb128 0x4
 1402 04a3 01       		.byte	0x1
 1403 04a4 08       		.byte	0x8
 1404 04a5 4C020000 		.4byte	.LASF65
 1405 04a9 09       		.uleb128 0x9
 1406 04aa 04       		.byte	0x4
 1407 04ab 88020000 		.4byte	0x288
ARM GAS  /tmp/ccSPojxo.s 			page 26


 1408 04af 09       		.uleb128 0x9
 1409 04b0 04       		.byte	0x4
 1410 04b1 85030000 		.4byte	0x385
 1411 04b5 15       		.uleb128 0x15
 1412 04b6 01       		.byte	0x1
 1413 04b7 F0020000 		.4byte	.LASF77
 1414 04bb 01       		.byte	0x1
 1415 04bc 4B       		.byte	0x4b
 1416 04bd 01       		.byte	0x1
 1417 04be 00000000 		.4byte	.LFB0
 1418 04c2 1C000000 		.4byte	.LFE0
 1419 04c6 02       		.byte	0x2
 1420 04c7 7D       		.byte	0x7d
 1421 04c8 00       		.sleb128 0
 1422 04c9 16       		.uleb128 0x16
 1423 04ca 01       		.byte	0x1
 1424 04cb 57000000 		.4byte	.LASF67
 1425 04cf 01       		.byte	0x1
 1426 04d0 63       		.byte	0x63
 1427 04d1 01       		.byte	0x1
 1428 04d2 00000000 		.4byte	.LFB1
 1429 04d6 38000000 		.4byte	.LFE1
 1430 04da 00000000 		.4byte	.LLST0
 1431 04de 1C050000 		.4byte	0x51c
 1432 04e2 17       		.uleb128 0x17
 1433 04e3 51000000 		.4byte	.LASF66
 1434 04e7 01       		.byte	0x1
 1435 04e8 63       		.byte	0x63
 1436 04e9 39040000 		.4byte	0x439
 1437 04ed 20000000 		.4byte	.LLST1
 1438 04f1 18       		.uleb128 0x18
 1439 04f2 62756600 		.ascii	"buf\000"
 1440 04f6 01       		.byte	0x1
 1441 04f7 63       		.byte	0x63
 1442 04f8 86020000 		.4byte	0x286
 1443 04fc 3E000000 		.4byte	.LLST2
 1444 0500 17       		.uleb128 0x17
 1445 0501 0B010000 		.4byte	.LASF60
 1446 0505 01       		.byte	0x1
 1447 0506 63       		.byte	0x63
 1448 0507 30000000 		.4byte	0x30
 1449 050b 5C000000 		.4byte	.LLST3
 1450 050f 19       		.uleb128 0x19
 1451 0510 687000   		.ascii	"hp\000"
 1452 0513 01       		.byte	0x1
 1453 0514 64       		.byte	0x64
 1454 0515 33040000 		.4byte	0x433
 1455 0519 01       		.byte	0x1
 1456 051a 55       		.byte	0x55
 1457 051b 00       		.byte	0x0
 1458 051c 1A       		.uleb128 0x1a
 1459 051d 01       		.byte	0x1
 1460 051e 1A020000 		.4byte	.LASF69
 1461 0522 01       		.byte	0x1
 1462 0523 84       		.byte	0x84
 1463 0524 01       		.byte	0x1
 1464 0525 86020000 		.4byte	0x286
ARM GAS  /tmp/ccSPojxo.s 			page 27


 1465 0529 00000000 		.4byte	.LFB2
 1466 052d 7C000000 		.4byte	.LFE2
 1467 0531 87000000 		.4byte	.LLST4
 1468 0535 82050000 		.4byte	0x582
 1469 0539 17       		.uleb128 0x17
 1470 053a 51000000 		.4byte	.LASF66
 1471 053e 01       		.byte	0x1
 1472 053f 84       		.byte	0x84
 1473 0540 39040000 		.4byte	0x439
 1474 0544 A7000000 		.4byte	.LLST5
 1475 0548 17       		.uleb128 0x17
 1476 0549 0B010000 		.4byte	.LASF60
 1477 054d 01       		.byte	0x1
 1478 054e 84       		.byte	0x84
 1479 054f 30000000 		.4byte	0x30
 1480 0553 C5000000 		.4byte	.LLST6
 1481 0557 1B       		.uleb128 0x1b
 1482 0558 717000   		.ascii	"qp\000"
 1483 055b 01       		.byte	0x1
 1484 055c 85       		.byte	0x85
 1485 055d 33040000 		.4byte	0x433
 1486 0561 F0000000 		.4byte	.LLST7
 1487 0565 1B       		.uleb128 0x1b
 1488 0566 687000   		.ascii	"hp\000"
 1489 0569 01       		.byte	0x1
 1490 056a 85       		.byte	0x85
 1491 056b 33040000 		.4byte	0x433
 1492 056f 0E010000 		.4byte	.LLST8
 1493 0573 1B       		.uleb128 0x1b
 1494 0574 667000   		.ascii	"fp\000"
 1495 0577 01       		.byte	0x1
 1496 0578 85       		.byte	0x85
 1497 0579 33040000 		.4byte	0x433
 1498 057d 5B010000 		.4byte	.LLST9
 1499 0581 00       		.byte	0x0
 1500 0582 16       		.uleb128 0x16
 1501 0583 01       		.byte	0x1
 1502 0584 9E000000 		.4byte	.LASF68
 1503 0588 01       		.byte	0x1
 1504 0589 C2       		.byte	0xc2
 1505 058a 01       		.byte	0x1
 1506 058b 00000000 		.4byte	.LFB3
 1507 058f 9C000000 		.4byte	.LFE3
 1508 0593 6E010000 		.4byte	.LLST10
 1509 0597 D4050000 		.4byte	0x5d4
 1510 059b 18       		.uleb128 0x18
 1511 059c 7000     		.ascii	"p\000"
 1512 059e 01       		.byte	0x1
 1513 059f C2       		.byte	0xc2
 1514 05a0 86020000 		.4byte	0x286
 1515 05a4 8E010000 		.4byte	.LLST11
 1516 05a8 1B       		.uleb128 0x1b
 1517 05a9 717000   		.ascii	"qp\000"
 1518 05ac 01       		.byte	0x1
 1519 05ad C3       		.byte	0xc3
 1520 05ae 33040000 		.4byte	0x433
 1521 05b2 AC010000 		.4byte	.LLST12
ARM GAS  /tmp/ccSPojxo.s 			page 28


 1522 05b6 19       		.uleb128 0x19
 1523 05b7 687000   		.ascii	"hp\000"
 1524 05ba 01       		.byte	0x1
 1525 05bb C3       		.byte	0xc3
 1526 05bc 33040000 		.4byte	0x433
 1527 05c0 03       		.byte	0x3
 1528 05c1 76       		.byte	0x76
 1529 05c2 78       		.sleb128 -8
 1530 05c3 9F       		.byte	0x9f
 1531 05c4 1C       		.uleb128 0x1c
 1532 05c5 51000000 		.4byte	.LASF66
 1533 05c9 01       		.byte	0x1
 1534 05ca C4       		.byte	0xc4
 1535 05cb 39040000 		.4byte	0x439
 1536 05cf D5010000 		.4byte	.LLST13
 1537 05d3 00       		.byte	0x0
 1538 05d4 1A       		.uleb128 0x1a
 1539 05d5 01       		.byte	0x1
 1540 05d6 73020000 		.4byte	.LASF70
 1541 05da 01       		.byte	0x1
 1542 05db FA       		.byte	0xfa
 1543 05dc 01       		.byte	0x1
 1544 05dd 30000000 		.4byte	0x30
 1545 05e1 00000000 		.4byte	.LFB4
 1546 05e5 3C000000 		.4byte	.LFE4
 1547 05e9 F6010000 		.4byte	.LLST14
 1548 05ed 39060000 		.4byte	0x639
 1549 05f1 17       		.uleb128 0x17
 1550 05f2 51000000 		.4byte	.LASF66
 1551 05f6 01       		.byte	0x1
 1552 05f7 FA       		.byte	0xfa
 1553 05f8 39040000 		.4byte	0x439
 1554 05fc 16020000 		.4byte	.LLST15
 1555 0600 17       		.uleb128 0x17
 1556 0601 C1020000 		.4byte	.LASF71
 1557 0605 01       		.byte	0x1
 1558 0606 FA       		.byte	0xfa
 1559 0607 39060000 		.4byte	0x639
 1560 060b 41020000 		.4byte	.LLST16
 1561 060f 1B       		.uleb128 0x1b
 1562 0610 717000   		.ascii	"qp\000"
 1563 0613 01       		.byte	0x1
 1564 0614 FB       		.byte	0xfb
 1565 0615 33040000 		.4byte	0x433
 1566 0619 5F020000 		.4byte	.LLST17
 1567 061d 1B       		.uleb128 0x1b
 1568 061e 6E00     		.ascii	"n\000"
 1569 0620 01       		.byte	0x1
 1570 0621 FC       		.byte	0xfc
 1571 0622 30000000 		.4byte	0x30
 1572 0626 7D020000 		.4byte	.LLST18
 1573 062a 1B       		.uleb128 0x1b
 1574 062b 737A00   		.ascii	"sz\000"
 1575 062e 01       		.byte	0x1
 1576 062f FC       		.byte	0xfc
 1577 0630 30000000 		.4byte	0x30
 1578 0634 B4020000 		.4byte	.LLST19
ARM GAS  /tmp/ccSPojxo.s 			page 29


 1579 0638 00       		.byte	0x0
 1580 0639 09       		.uleb128 0x9
 1581 063a 04       		.byte	0x4
 1582 063b 30000000 		.4byte	0x30
 1583 063f 1D       		.uleb128 0x1d
 1584 0640 3F020000 		.4byte	.LASF72
 1585 0644 01       		.byte	0x1
 1586 0645 44       		.byte	0x44
 1587 0646 B1030000 		.4byte	0x3b1
 1588 064a 05       		.byte	0x5
 1589 064b 03       		.byte	0x3
 1590 064c 00000000 		.4byte	default_heap
 1591 0650 00       		.byte	0x0
 1592              		.section	.debug_abbrev
 1593 0000 01       		.uleb128 0x1
 1594 0001 11       		.uleb128 0x11
 1595 0002 01       		.byte	0x1
 1596 0003 25       		.uleb128 0x25
 1597 0004 0E       		.uleb128 0xe
 1598 0005 13       		.uleb128 0x13
 1599 0006 0B       		.uleb128 0xb
 1600 0007 03       		.uleb128 0x3
 1601 0008 0E       		.uleb128 0xe
 1602 0009 1B       		.uleb128 0x1b
 1603 000a 0E       		.uleb128 0xe
 1604 000b 11       		.uleb128 0x11
 1605 000c 01       		.uleb128 0x1
 1606 000d 52       		.uleb128 0x52
 1607 000e 01       		.uleb128 0x1
 1608 000f 55       		.uleb128 0x55
 1609 0010 06       		.uleb128 0x6
 1610 0011 10       		.uleb128 0x10
 1611 0012 06       		.uleb128 0x6
 1612 0013 00       		.byte	0x0
 1613 0014 00       		.byte	0x0
 1614 0015 02       		.uleb128 0x2
 1615 0016 24       		.uleb128 0x24
 1616 0017 00       		.byte	0x0
 1617 0018 0B       		.uleb128 0xb
 1618 0019 0B       		.uleb128 0xb
 1619 001a 3E       		.uleb128 0x3e
 1620 001b 0B       		.uleb128 0xb
 1621 001c 03       		.uleb128 0x3
 1622 001d 08       		.uleb128 0x8
 1623 001e 00       		.byte	0x0
 1624 001f 00       		.byte	0x0
 1625 0020 03       		.uleb128 0x3
 1626 0021 16       		.uleb128 0x16
 1627 0022 00       		.byte	0x0
 1628 0023 03       		.uleb128 0x3
 1629 0024 0E       		.uleb128 0xe
 1630 0025 3A       		.uleb128 0x3a
 1631 0026 0B       		.uleb128 0xb
 1632 0027 3B       		.uleb128 0x3b
 1633 0028 0B       		.uleb128 0xb
 1634 0029 49       		.uleb128 0x49
 1635 002a 13       		.uleb128 0x13
ARM GAS  /tmp/ccSPojxo.s 			page 30


 1636 002b 00       		.byte	0x0
 1637 002c 00       		.byte	0x0
 1638 002d 04       		.uleb128 0x4
 1639 002e 24       		.uleb128 0x24
 1640 002f 00       		.byte	0x0
 1641 0030 0B       		.uleb128 0xb
 1642 0031 0B       		.uleb128 0xb
 1643 0032 3E       		.uleb128 0x3e
 1644 0033 0B       		.uleb128 0xb
 1645 0034 03       		.uleb128 0x3
 1646 0035 0E       		.uleb128 0xe
 1647 0036 00       		.byte	0x0
 1648 0037 00       		.byte	0x0
 1649 0038 05       		.uleb128 0x5
 1650 0039 13       		.uleb128 0x13
 1651 003a 01       		.byte	0x1
 1652 003b 03       		.uleb128 0x3
 1653 003c 0E       		.uleb128 0xe
 1654 003d 0B       		.uleb128 0xb
 1655 003e 0B       		.uleb128 0xb
 1656 003f 3A       		.uleb128 0x3a
 1657 0040 0B       		.uleb128 0xb
 1658 0041 3B       		.uleb128 0x3b
 1659 0042 0B       		.uleb128 0xb
 1660 0043 01       		.uleb128 0x1
 1661 0044 13       		.uleb128 0x13
 1662 0045 00       		.byte	0x0
 1663 0046 00       		.byte	0x0
 1664 0047 06       		.uleb128 0x6
 1665 0048 0D       		.uleb128 0xd
 1666 0049 00       		.byte	0x0
 1667 004a 03       		.uleb128 0x3
 1668 004b 0E       		.uleb128 0xe
 1669 004c 3A       		.uleb128 0x3a
 1670 004d 0B       		.uleb128 0xb
 1671 004e 3B       		.uleb128 0x3b
 1672 004f 0B       		.uleb128 0xb
 1673 0050 49       		.uleb128 0x49
 1674 0051 13       		.uleb128 0x13
 1675 0052 38       		.uleb128 0x38
 1676 0053 0A       		.uleb128 0xa
 1677 0054 00       		.byte	0x0
 1678 0055 00       		.byte	0x0
 1679 0056 07       		.uleb128 0x7
 1680 0057 0D       		.uleb128 0xd
 1681 0058 00       		.byte	0x0
 1682 0059 03       		.uleb128 0x3
 1683 005a 08       		.uleb128 0x8
 1684 005b 3A       		.uleb128 0x3a
 1685 005c 0B       		.uleb128 0xb
 1686 005d 3B       		.uleb128 0x3b
 1687 005e 0B       		.uleb128 0xb
 1688 005f 49       		.uleb128 0x49
 1689 0060 13       		.uleb128 0x13
 1690 0061 38       		.uleb128 0x38
 1691 0062 0A       		.uleb128 0xa
 1692 0063 00       		.byte	0x0
ARM GAS  /tmp/ccSPojxo.s 			page 31


 1693 0064 00       		.byte	0x0
 1694 0065 08       		.uleb128 0x8
 1695 0066 13       		.uleb128 0x13
 1696 0067 01       		.byte	0x1
 1697 0068 0B       		.uleb128 0xb
 1698 0069 0B       		.uleb128 0xb
 1699 006a 3A       		.uleb128 0x3a
 1700 006b 0B       		.uleb128 0xb
 1701 006c 3B       		.uleb128 0x3b
 1702 006d 0B       		.uleb128 0xb
 1703 006e 01       		.uleb128 0x1
 1704 006f 13       		.uleb128 0x13
 1705 0070 00       		.byte	0x0
 1706 0071 00       		.byte	0x0
 1707 0072 09       		.uleb128 0x9
 1708 0073 0F       		.uleb128 0xf
 1709 0074 00       		.byte	0x0
 1710 0075 0B       		.uleb128 0xb
 1711 0076 0B       		.uleb128 0xb
 1712 0077 49       		.uleb128 0x49
 1713 0078 13       		.uleb128 0x13
 1714 0079 00       		.byte	0x0
 1715 007a 00       		.byte	0x0
 1716 007b 0A       		.uleb128 0xa
 1717 007c 0F       		.uleb128 0xf
 1718 007d 00       		.byte	0x0
 1719 007e 0B       		.uleb128 0xb
 1720 007f 0B       		.uleb128 0xb
 1721 0080 00       		.byte	0x0
 1722 0081 00       		.byte	0x0
 1723 0082 0B       		.uleb128 0xb
 1724 0083 0D       		.uleb128 0xd
 1725 0084 00       		.byte	0x0
 1726 0085 03       		.uleb128 0x3
 1727 0086 08       		.uleb128 0x8
 1728 0087 3A       		.uleb128 0x3a
 1729 0088 0B       		.uleb128 0xb
 1730 0089 3B       		.uleb128 0x3b
 1731 008a 05       		.uleb128 0x5
 1732 008b 49       		.uleb128 0x49
 1733 008c 13       		.uleb128 0x13
 1734 008d 38       		.uleb128 0x38
 1735 008e 0A       		.uleb128 0xa
 1736 008f 00       		.byte	0x0
 1737 0090 00       		.byte	0x0
 1738 0091 0C       		.uleb128 0xc
 1739 0092 13       		.uleb128 0x13
 1740 0093 01       		.byte	0x1
 1741 0094 03       		.uleb128 0x3
 1742 0095 0E       		.uleb128 0xe
 1743 0096 0B       		.uleb128 0xb
 1744 0097 0B       		.uleb128 0xb
 1745 0098 3A       		.uleb128 0x3a
 1746 0099 0B       		.uleb128 0xb
 1747 009a 3B       		.uleb128 0x3b
 1748 009b 05       		.uleb128 0x5
 1749 009c 01       		.uleb128 0x1
ARM GAS  /tmp/ccSPojxo.s 			page 32


 1750 009d 13       		.uleb128 0x13
 1751 009e 00       		.byte	0x0
 1752 009f 00       		.byte	0x0
 1753 00a0 0D       		.uleb128 0xd
 1754 00a1 35       		.uleb128 0x35
 1755 00a2 00       		.byte	0x0
 1756 00a3 49       		.uleb128 0x49
 1757 00a4 13       		.uleb128 0x13
 1758 00a5 00       		.byte	0x0
 1759 00a6 00       		.byte	0x0
 1760 00a7 0E       		.uleb128 0xe
 1761 00a8 15       		.uleb128 0x15
 1762 00a9 01       		.byte	0x1
 1763 00aa 27       		.uleb128 0x27
 1764 00ab 0C       		.uleb128 0xc
 1765 00ac 49       		.uleb128 0x49
 1766 00ad 13       		.uleb128 0x13
 1767 00ae 01       		.uleb128 0x1
 1768 00af 13       		.uleb128 0x13
 1769 00b0 00       		.byte	0x0
 1770 00b1 00       		.byte	0x0
 1771 00b2 0F       		.uleb128 0xf
 1772 00b3 05       		.uleb128 0x5
 1773 00b4 00       		.byte	0x0
 1774 00b5 49       		.uleb128 0x49
 1775 00b6 13       		.uleb128 0x13
 1776 00b7 00       		.byte	0x0
 1777 00b8 00       		.byte	0x0
 1778 00b9 10       		.uleb128 0x10
 1779 00ba 17       		.uleb128 0x17
 1780 00bb 01       		.byte	0x1
 1781 00bc 0B       		.uleb128 0xb
 1782 00bd 0B       		.uleb128 0xb
 1783 00be 3A       		.uleb128 0x3a
 1784 00bf 0B       		.uleb128 0xb
 1785 00c0 3B       		.uleb128 0x3b
 1786 00c1 0B       		.uleb128 0xb
 1787 00c2 01       		.uleb128 0x1
 1788 00c3 13       		.uleb128 0x13
 1789 00c4 00       		.byte	0x0
 1790 00c5 00       		.byte	0x0
 1791 00c6 11       		.uleb128 0x11
 1792 00c7 0D       		.uleb128 0xd
 1793 00c8 00       		.byte	0x0
 1794 00c9 03       		.uleb128 0x3
 1795 00ca 0E       		.uleb128 0xe
 1796 00cb 3A       		.uleb128 0x3a
 1797 00cc 0B       		.uleb128 0xb
 1798 00cd 3B       		.uleb128 0x3b
 1799 00ce 0B       		.uleb128 0xb
 1800 00cf 49       		.uleb128 0x49
 1801 00d0 13       		.uleb128 0x13
 1802 00d1 00       		.byte	0x0
 1803 00d2 00       		.byte	0x0
 1804 00d3 12       		.uleb128 0x12
 1805 00d4 17       		.uleb128 0x17
 1806 00d5 01       		.byte	0x1
ARM GAS  /tmp/ccSPojxo.s 			page 33


 1807 00d6 03       		.uleb128 0x3
 1808 00d7 0E       		.uleb128 0xe
 1809 00d8 0B       		.uleb128 0xb
 1810 00d9 0B       		.uleb128 0xb
 1811 00da 3A       		.uleb128 0x3a
 1812 00db 0B       		.uleb128 0xb
 1813 00dc 3B       		.uleb128 0x3b
 1814 00dd 0B       		.uleb128 0xb
 1815 00de 01       		.uleb128 0x1
 1816 00df 13       		.uleb128 0x13
 1817 00e0 00       		.byte	0x0
 1818 00e1 00       		.byte	0x0
 1819 00e2 13       		.uleb128 0x13
 1820 00e3 0D       		.uleb128 0xd
 1821 00e4 00       		.byte	0x0
 1822 00e5 03       		.uleb128 0x3
 1823 00e6 08       		.uleb128 0x8
 1824 00e7 3A       		.uleb128 0x3a
 1825 00e8 0B       		.uleb128 0xb
 1826 00e9 3B       		.uleb128 0x3b
 1827 00ea 0B       		.uleb128 0xb
 1828 00eb 49       		.uleb128 0x49
 1829 00ec 13       		.uleb128 0x13
 1830 00ed 00       		.byte	0x0
 1831 00ee 00       		.byte	0x0
 1832 00ef 14       		.uleb128 0x14
 1833 00f0 26       		.uleb128 0x26
 1834 00f1 00       		.byte	0x0
 1835 00f2 49       		.uleb128 0x49
 1836 00f3 13       		.uleb128 0x13
 1837 00f4 00       		.byte	0x0
 1838 00f5 00       		.byte	0x0
 1839 00f6 15       		.uleb128 0x15
 1840 00f7 2E       		.uleb128 0x2e
 1841 00f8 00       		.byte	0x0
 1842 00f9 3F       		.uleb128 0x3f
 1843 00fa 0C       		.uleb128 0xc
 1844 00fb 03       		.uleb128 0x3
 1845 00fc 0E       		.uleb128 0xe
 1846 00fd 3A       		.uleb128 0x3a
 1847 00fe 0B       		.uleb128 0xb
 1848 00ff 3B       		.uleb128 0x3b
 1849 0100 0B       		.uleb128 0xb
 1850 0101 27       		.uleb128 0x27
 1851 0102 0C       		.uleb128 0xc
 1852 0103 11       		.uleb128 0x11
 1853 0104 01       		.uleb128 0x1
 1854 0105 12       		.uleb128 0x12
 1855 0106 01       		.uleb128 0x1
 1856 0107 40       		.uleb128 0x40
 1857 0108 0A       		.uleb128 0xa
 1858 0109 00       		.byte	0x0
 1859 010a 00       		.byte	0x0
 1860 010b 16       		.uleb128 0x16
 1861 010c 2E       		.uleb128 0x2e
 1862 010d 01       		.byte	0x1
 1863 010e 3F       		.uleb128 0x3f
ARM GAS  /tmp/ccSPojxo.s 			page 34


 1864 010f 0C       		.uleb128 0xc
 1865 0110 03       		.uleb128 0x3
 1866 0111 0E       		.uleb128 0xe
 1867 0112 3A       		.uleb128 0x3a
 1868 0113 0B       		.uleb128 0xb
 1869 0114 3B       		.uleb128 0x3b
 1870 0115 0B       		.uleb128 0xb
 1871 0116 27       		.uleb128 0x27
 1872 0117 0C       		.uleb128 0xc
 1873 0118 11       		.uleb128 0x11
 1874 0119 01       		.uleb128 0x1
 1875 011a 12       		.uleb128 0x12
 1876 011b 01       		.uleb128 0x1
 1877 011c 40       		.uleb128 0x40
 1878 011d 06       		.uleb128 0x6
 1879 011e 01       		.uleb128 0x1
 1880 011f 13       		.uleb128 0x13
 1881 0120 00       		.byte	0x0
 1882 0121 00       		.byte	0x0
 1883 0122 17       		.uleb128 0x17
 1884 0123 05       		.uleb128 0x5
 1885 0124 00       		.byte	0x0
 1886 0125 03       		.uleb128 0x3
 1887 0126 0E       		.uleb128 0xe
 1888 0127 3A       		.uleb128 0x3a
 1889 0128 0B       		.uleb128 0xb
 1890 0129 3B       		.uleb128 0x3b
 1891 012a 0B       		.uleb128 0xb
 1892 012b 49       		.uleb128 0x49
 1893 012c 13       		.uleb128 0x13
 1894 012d 02       		.uleb128 0x2
 1895 012e 06       		.uleb128 0x6
 1896 012f 00       		.byte	0x0
 1897 0130 00       		.byte	0x0
 1898 0131 18       		.uleb128 0x18
 1899 0132 05       		.uleb128 0x5
 1900 0133 00       		.byte	0x0
 1901 0134 03       		.uleb128 0x3
 1902 0135 08       		.uleb128 0x8
 1903 0136 3A       		.uleb128 0x3a
 1904 0137 0B       		.uleb128 0xb
 1905 0138 3B       		.uleb128 0x3b
 1906 0139 0B       		.uleb128 0xb
 1907 013a 49       		.uleb128 0x49
 1908 013b 13       		.uleb128 0x13
 1909 013c 02       		.uleb128 0x2
 1910 013d 06       		.uleb128 0x6
 1911 013e 00       		.byte	0x0
 1912 013f 00       		.byte	0x0
 1913 0140 19       		.uleb128 0x19
 1914 0141 34       		.uleb128 0x34
 1915 0142 00       		.byte	0x0
 1916 0143 03       		.uleb128 0x3
 1917 0144 08       		.uleb128 0x8
 1918 0145 3A       		.uleb128 0x3a
 1919 0146 0B       		.uleb128 0xb
 1920 0147 3B       		.uleb128 0x3b
ARM GAS  /tmp/ccSPojxo.s 			page 35


 1921 0148 0B       		.uleb128 0xb
 1922 0149 49       		.uleb128 0x49
 1923 014a 13       		.uleb128 0x13
 1924 014b 02       		.uleb128 0x2
 1925 014c 0A       		.uleb128 0xa
 1926 014d 00       		.byte	0x0
 1927 014e 00       		.byte	0x0
 1928 014f 1A       		.uleb128 0x1a
 1929 0150 2E       		.uleb128 0x2e
 1930 0151 01       		.byte	0x1
 1931 0152 3F       		.uleb128 0x3f
 1932 0153 0C       		.uleb128 0xc
 1933 0154 03       		.uleb128 0x3
 1934 0155 0E       		.uleb128 0xe
 1935 0156 3A       		.uleb128 0x3a
 1936 0157 0B       		.uleb128 0xb
 1937 0158 3B       		.uleb128 0x3b
 1938 0159 0B       		.uleb128 0xb
 1939 015a 27       		.uleb128 0x27
 1940 015b 0C       		.uleb128 0xc
 1941 015c 49       		.uleb128 0x49
 1942 015d 13       		.uleb128 0x13
 1943 015e 11       		.uleb128 0x11
 1944 015f 01       		.uleb128 0x1
 1945 0160 12       		.uleb128 0x12
 1946 0161 01       		.uleb128 0x1
 1947 0162 40       		.uleb128 0x40
 1948 0163 06       		.uleb128 0x6
 1949 0164 01       		.uleb128 0x1
 1950 0165 13       		.uleb128 0x13
 1951 0166 00       		.byte	0x0
 1952 0167 00       		.byte	0x0
 1953 0168 1B       		.uleb128 0x1b
 1954 0169 34       		.uleb128 0x34
 1955 016a 00       		.byte	0x0
 1956 016b 03       		.uleb128 0x3
 1957 016c 08       		.uleb128 0x8
 1958 016d 3A       		.uleb128 0x3a
 1959 016e 0B       		.uleb128 0xb
 1960 016f 3B       		.uleb128 0x3b
 1961 0170 0B       		.uleb128 0xb
 1962 0171 49       		.uleb128 0x49
 1963 0172 13       		.uleb128 0x13
 1964 0173 02       		.uleb128 0x2
 1965 0174 06       		.uleb128 0x6
 1966 0175 00       		.byte	0x0
 1967 0176 00       		.byte	0x0
 1968 0177 1C       		.uleb128 0x1c
 1969 0178 34       		.uleb128 0x34
 1970 0179 00       		.byte	0x0
 1971 017a 03       		.uleb128 0x3
 1972 017b 0E       		.uleb128 0xe
 1973 017c 3A       		.uleb128 0x3a
 1974 017d 0B       		.uleb128 0xb
 1975 017e 3B       		.uleb128 0x3b
 1976 017f 0B       		.uleb128 0xb
 1977 0180 49       		.uleb128 0x49
ARM GAS  /tmp/ccSPojxo.s 			page 36


 1978 0181 13       		.uleb128 0x13
 1979 0182 02       		.uleb128 0x2
 1980 0183 06       		.uleb128 0x6
 1981 0184 00       		.byte	0x0
 1982 0185 00       		.byte	0x0
 1983 0186 1D       		.uleb128 0x1d
 1984 0187 34       		.uleb128 0x34
 1985 0188 00       		.byte	0x0
 1986 0189 03       		.uleb128 0x3
 1987 018a 0E       		.uleb128 0xe
 1988 018b 3A       		.uleb128 0x3a
 1989 018c 0B       		.uleb128 0xb
 1990 018d 3B       		.uleb128 0x3b
 1991 018e 0B       		.uleb128 0xb
 1992 018f 49       		.uleb128 0x49
 1993 0190 13       		.uleb128 0x13
 1994 0191 02       		.uleb128 0x2
 1995 0192 0A       		.uleb128 0xa
 1996 0193 00       		.byte	0x0
 1997 0194 00       		.byte	0x0
 1998 0195 00       		.byte	0x0
 1999              		.section	.debug_pubnames,"",%progbits
 2000 0000 5C000000 		.4byte	0x5c
 2001 0004 0200     		.2byte	0x2
 2002 0006 00000000 		.4byte	.Ldebug_info0
 2003 000a 51060000 		.4byte	0x651
 2004 000e B5040000 		.4byte	0x4b5
 2005 0012 5F686561 		.ascii	"_heap_init\000"
 2005      705F696E 
 2005      697400
 2006 001d C9040000 		.4byte	0x4c9
 2007 0021 63684865 		.ascii	"chHeapInit\000"
 2007      6170496E 
 2007      697400
 2008 002c 1C050000 		.4byte	0x51c
 2009 0030 63684865 		.ascii	"chHeapAlloc\000"
 2009      6170416C 
 2009      6C6F6300 
 2010 003c 82050000 		.4byte	0x582
 2011 0040 63684865 		.ascii	"chHeapFree\000"
 2011      61704672 
 2011      656500
 2012 004b D4050000 		.4byte	0x5d4
 2013 004f 63684865 		.ascii	"chHeapStatus\000"
 2013      61705374 
 2013      61747573 
 2013      00
 2014 005c 00000000 		.4byte	0x0
 2015              		.section	.debug_pubtypes,"",%progbits
 2016 0000 62010000 		.4byte	0x162
 2017 0004 0200     		.2byte	0x2
 2018 0006 00000000 		.4byte	.Ldebug_info0
 2019 000a 51060000 		.4byte	0x651
 2020 000e 30000000 		.4byte	0x30
 2021 0012 73697A65 		.ascii	"size_t\000"
 2021      5F7400
 2022 0019 49000000 		.4byte	0x49
ARM GAS  /tmp/ccSPojxo.s 			page 37


 2023 001d 75696E74 		.ascii	"uint8_t\000"
 2023      385F7400 
 2024 0025 69000000 		.4byte	0x69
 2025 0029 696E7433 		.ascii	"int32_t\000"
 2025      325F7400 
 2026 0031 7B000000 		.4byte	0x7b
 2027 0035 75696E74 		.ascii	"uint32_t\000"
 2027      33325F74 
 2027      00
 2028 003e 94000000 		.4byte	0x94
 2029 0042 75696E74 		.ascii	"uint64_t\000"
 2029      36345F74 
 2029      00
 2030 004b A6000000 		.4byte	0xa6
 2031 004f 746D6F64 		.ascii	"tmode_t\000"
 2031      655F7400 
 2032 0057 B1000000 		.4byte	0xb1
 2033 005b 74737461 		.ascii	"tstate_t\000"
 2033      74655F74 
 2033      00
 2034 0064 BC000000 		.4byte	0xbc
 2035 0068 74726566 		.ascii	"trefs_t\000"
 2035      735F7400 
 2036 0070 C7000000 		.4byte	0xc7
 2037 0074 74707269 		.ascii	"tprio_t\000"
 2037      6F5F7400 
 2038 007c D2000000 		.4byte	0xd2
 2039 0080 6D73675F 		.ascii	"msg_t\000"
 2039      7400
 2040 0086 DD000000 		.4byte	0xdd
 2041 008a 6576656E 		.ascii	"eventmask_t\000"
 2041      746D6173 
 2041      6B5F7400 
 2042 0096 E8000000 		.4byte	0xe8
 2043 009a 73797374 		.ascii	"systime_t\000"
 2043      696D655F 
 2043      7400
 2044 00a4 F3000000 		.4byte	0xf3
 2045 00a8 54687265 		.ascii	"Thread\000"
 2045      616400
 2046 00af 4E020000 		.4byte	0x24e
 2047 00b3 54687265 		.ascii	"ThreadsQueue\000"
 2047      61647351 
 2047      75657565 
 2047      00
 2048 00c0 70020000 		.4byte	0x270
 2049 00c4 54687265 		.ascii	"ThreadsList\000"
 2049      6164734C 
 2049      69737400 
 2050 00d0 7B020000 		.4byte	0x27b
 2051 00d4 72656761 		.ascii	"regarm_t\000"
 2051      726D5F74 
 2051      00
 2052 00dd 88020000 		.4byte	0x288
 2053 00e1 73746B61 		.ascii	"stkalign_t\000"
 2053      6C69676E 
 2053      5F7400
ARM GAS  /tmp/ccSPojxo.s 			page 38


 2054 00ec 93020000 		.4byte	0x293
 2055 00f0 696E7463 		.ascii	"intctx\000"
 2055      747800
 2056 00f7 20030000 		.4byte	0x320
 2057 00fb 636F6E74 		.ascii	"context\000"
 2057      65787400 
 2058 0103 48030000 		.4byte	0x348
 2059 0107 4D757465 		.ascii	"Mutex\000"
 2059      7800
 2060 010d 85030000 		.4byte	0x385
 2061 0111 4D757465 		.ascii	"Mutex\000"
 2061      7800
 2062 0117 90030000 		.4byte	0x390
 2063 011b 6D656D67 		.ascii	"memgetfunc_t\000"
 2063      65746675 
 2063      6E635F74 
 2063      00
 2064 0128 B1030000 		.4byte	0x3b1
 2065 012c 4D656D6F 		.ascii	"MemoryHeap\000"
 2065      72794865 
 2065      617000
 2066 0137 12040000 		.4byte	0x412
 2067 013b 68656170 		.ascii	"heap_header\000"
 2067      5F686561 
 2067      64657200 
 2068 0147 BC030000 		.4byte	0x3bc
 2069 014b 6D656D6F 		.ascii	"memory_heap\000"
 2069      72795F68 
 2069      65617000 
 2070 0157 FE000000 		.4byte	0xfe
 2071 015b 54687265 		.ascii	"Thread\000"
 2071      616400
 2072 0162 00000000 		.4byte	0x0
 2073              		.section	.debug_aranges,"",%progbits
 2074 0000 3C000000 		.4byte	0x3c
 2075 0004 0200     		.2byte	0x2
 2076 0006 00000000 		.4byte	.Ldebug_info0
 2077 000a 04       		.byte	0x4
 2078 000b 00       		.byte	0x0
 2079 000c 0000     		.2byte	0x0
 2080 000e 0000     		.2byte	0x0
 2081 0010 00000000 		.4byte	.LFB0
 2082 0014 1C000000 		.4byte	.LFE0-.LFB0
 2083 0018 00000000 		.4byte	.LFB1
 2084 001c 38000000 		.4byte	.LFE1-.LFB1
 2085 0020 00000000 		.4byte	.LFB2
 2086 0024 7C000000 		.4byte	.LFE2-.LFB2
 2087 0028 00000000 		.4byte	.LFB3
 2088 002c 9C000000 		.4byte	.LFE3-.LFB3
 2089 0030 00000000 		.4byte	.LFB4
 2090 0034 3C000000 		.4byte	.LFE4-.LFB4
 2091 0038 00000000 		.4byte	0x0
 2092 003c 00000000 		.4byte	0x0
 2093              		.section	.debug_ranges,"",%progbits
 2094              	.Ldebug_ranges0:
 2095 0000 00000000 		.4byte	.LFB0
 2096 0004 1C000000 		.4byte	.LFE0
ARM GAS  /tmp/ccSPojxo.s 			page 39


 2097 0008 00000000 		.4byte	.LFB1
 2098 000c 38000000 		.4byte	.LFE1
 2099 0010 00000000 		.4byte	.LFB2
 2100 0014 7C000000 		.4byte	.LFE2
 2101 0018 00000000 		.4byte	.LFB3
 2102 001c 9C000000 		.4byte	.LFE3
 2103 0020 00000000 		.4byte	.LFB4
 2104 0024 3C000000 		.4byte	.LFE4
 2105 0028 00000000 		.4byte	0x0
 2106 002c 00000000 		.4byte	0x0
 2107              		.section	.debug_str,"MS",%progbits,1
 2108              	.LASF36:
 2109 0000 705F6D73 		.ascii	"p_msg\000"
 2109      6700
 2110              	.LASF2:
 2111 0006 73697A65 		.ascii	"size_t\000"
 2111      5F7400
 2112              	.LASF61:
 2113 000d 7264796D 		.ascii	"rdymsg\000"
 2113      736700
 2114              	.LASF12:
 2115 0014 75696E74 		.ascii	"uint64_t\000"
 2115      36345F74 
 2115      00
 2116              	.LASF51:
 2117 001d 6D656D67 		.ascii	"memgetfunc_t\000"
 2117      65746675 
 2117      6E635F74 
 2117      00
 2118              	.LASF13:
 2119 002a 6C6F6E67 		.ascii	"long long unsigned int\000"
 2119      206C6F6E 
 2119      6720756E 
 2119      7369676E 
 2119      65642069 
 2120              	.LASF62:
 2121 0041 65786974 		.ascii	"exitcode\000"
 2121      636F6465 
 2121      00
 2122              	.LASF55:
 2123 004a 685F6672 		.ascii	"h_free\000"
 2123      656500
 2124              	.LASF66:
 2125 0051 68656170 		.ascii	"heapp\000"
 2125      7000
 2126              	.LASF67:
 2127 0057 63684865 		.ascii	"chHeapInit\000"
 2127      6170496E 
 2127      697400
 2128              	.LASF57:
 2129 0062 6E657874 		.ascii	"next\000"
 2129      00
 2130              	.LASF24:
 2131 0067 705F7072 		.ascii	"p_prio\000"
 2131      696F00
 2132              	.LASF11:
 2133 006e 6C6F6E67 		.ascii	"long long int\000"
ARM GAS  /tmp/ccSPojxo.s 			page 40


 2133      206C6F6E 
 2133      6720696E 
 2133      7400
 2134              	.LASF1:
 2135 007c 7369676E 		.ascii	"signed char\000"
 2135      65642063 
 2135      68617200 
 2136              	.LASF56:
 2137 0088 685F6D74 		.ascii	"h_mtx\000"
 2137      7800
 2138              	.LASF40:
 2139 008e 705F6D70 		.ascii	"p_mpool\000"
 2139      6F6F6C00 
 2140              	.LASF48:
 2141 0096 6D5F7175 		.ascii	"m_queue\000"
 2141      65756500 
 2142              	.LASF68:
 2143 009e 63684865 		.ascii	"chHeapFree\000"
 2143      61704672 
 2143      656500
 2144              	.LASF63:
 2145 00a9 77746F62 		.ascii	"wtobjp\000"
 2145      6A7000
 2146              	.LASF8:
 2147 00b0 6C6F6E67 		.ascii	"long int\000"
 2147      20696E74 
 2147      00
 2148              	.LASF15:
 2149 00b9 74737461 		.ascii	"tstate_t\000"
 2149      74655F74 
 2149      00
 2150              	.LASF26:
 2151 00c2 705F6E65 		.ascii	"p_newer\000"
 2151      77657200 
 2152              	.LASF43:
 2153 00ca 72656761 		.ascii	"regarm_t\000"
 2153      726D5F74 
 2153      00
 2154              	.LASF59:
 2155 00d3 616C6967 		.ascii	"align\000"
 2155      6E00
 2156              	.LASF29:
 2157 00d9 705F7374 		.ascii	"p_stklimit\000"
 2157      6B6C696D 
 2157      697400
 2158              	.LASF0:
 2159 00e4 756E7369 		.ascii	"unsigned int\000"
 2159      676E6564 
 2159      20696E74 
 2159      00
 2160              	.LASF10:
 2161 00f1 6C6F6E67 		.ascii	"long unsigned int\000"
 2161      20756E73 
 2161      69676E65 
 2161      6420696E 
 2161      7400
 2162              	.LASF46:
ARM GAS  /tmp/ccSPojxo.s 			page 41


 2163 0103 636F6E74 		.ascii	"context\000"
 2163      65787400 
 2164              	.LASF60:
 2165 010b 73697A65 		.ascii	"size\000"
 2165      00
 2166              	.LASF75:
 2167 0110 2F686F6D 		.ascii	"/home/z80/projects/dfu.git/firmware-pawn-dev/firmwa"
 2167      652F7A38 
 2167      302F7072 
 2167      6F6A6563 
 2167      74732F64 
 2168 0143 726500   		.ascii	"re\000"
 2169              	.LASF18:
 2170 0146 6D73675F 		.ascii	"msg_t\000"
 2170      7400
 2171              	.LASF14:
 2172 014c 746D6F64 		.ascii	"tmode_t\000"
 2172      655F7400 
 2173              	.LASF42:
 2174 0154 54687265 		.ascii	"ThreadsList\000"
 2174      6164734C 
 2174      69737400 
 2175              	.LASF19:
 2176 0160 6576656E 		.ascii	"eventmask_t\000"
 2176      746D6173 
 2176      6B5F7400 
 2177              	.LASF47:
 2178 016c 4D757465 		.ascii	"Mutex\000"
 2178      7800
 2179              	.LASF44:
 2180 0172 73746B61 		.ascii	"stkalign_t\000"
 2180      6C69676E 
 2180      5F7400
 2181              	.LASF27:
 2182 017d 705F6F6C 		.ascii	"p_older\000"
 2182      64657200 
 2183              	.LASF41:
 2184 0185 54687265 		.ascii	"ThreadsQueue\000"
 2184      61647351 
 2184      75657565 
 2184      00
 2185              	.LASF52:
 2186 0192 4D656D6F 		.ascii	"MemoryHeap\000"
 2186      72794865 
 2186      617000
 2187              	.LASF16:
 2188 019d 74726566 		.ascii	"trefs_t\000"
 2188      735F7400 
 2189              	.LASF23:
 2190 01a5 705F7072 		.ascii	"p_prev\000"
 2190      657600
 2191              	.LASF17:
 2192 01ac 74707269 		.ascii	"tprio_t\000"
 2192      6F5F7400 
 2193              	.LASF7:
 2194 01b4 696E7433 		.ascii	"int32_t\000"
 2194      325F7400 
ARM GAS  /tmp/ccSPojxo.s 			page 42


 2195              	.LASF4:
 2196 01bc 756E7369 		.ascii	"unsigned char\000"
 2196      676E6564 
 2196      20636861 
 2196      7200
 2197              	.LASF54:
 2198 01ca 685F7072 		.ascii	"h_provider\000"
 2198      6F766964 
 2198      657200
 2199              	.LASF38:
 2200 01d5 705F6D74 		.ascii	"p_mtxlist\000"
 2200      786C6973 
 2200      7400
 2201              	.LASF5:
 2202 01df 73686F72 		.ascii	"short int\000"
 2202      7420696E 
 2202      7400
 2203              	.LASF30:
 2204 01e9 705F7374 		.ascii	"p_state\000"
 2204      61746500 
 2205              	.LASF76:
 2206 01f1 68656170 		.ascii	"heap_header\000"
 2206      5F686561 
 2206      64657200 
 2207              	.LASF64:
 2208 01fd 65776D61 		.ascii	"ewmask\000"
 2208      736B00
 2209              	.LASF22:
 2210 0204 705F6E65 		.ascii	"p_next\000"
 2210      787400
 2211              	.LASF31:
 2212 020b 705F666C 		.ascii	"p_flags\000"
 2212      61677300 
 2213              	.LASF21:
 2214 0213 54687265 		.ascii	"Thread\000"
 2214      616400
 2215              	.LASF69:
 2216 021a 63684865 		.ascii	"chHeapAlloc\000"
 2216      6170416C 
 2216      6C6F6300 
 2217              	.LASF37:
 2218 0226 705F6570 		.ascii	"p_epending\000"
 2218      656E6469 
 2218      6E6700
 2219              	.LASF9:
 2220 0231 75696E74 		.ascii	"uint32_t\000"
 2220      33325F74 
 2220      00
 2221              	.LASF58:
 2222 023a 68656170 		.ascii	"heap\000"
 2222      00
 2223              	.LASF72:
 2224 023f 64656661 		.ascii	"default_heap\000"
 2224      756C745F 
 2224      68656170 
 2224      00
 2225              	.LASF65:
ARM GAS  /tmp/ccSPojxo.s 			page 43


 2226 024c 63686172 		.ascii	"char\000"
 2226      00
 2227              	.LASF74:
 2228 0251 2E2E2F63 		.ascii	"../chibios/os/kernel/src/chheap.c\000"
 2228      68696269 
 2228      6F732F6F 
 2228      732F6B65 
 2228      726E656C 
 2229              	.LASF70:
 2230 0273 63684865 		.ascii	"chHeapStatus\000"
 2230      61705374 
 2230      61747573 
 2230      00
 2231              	.LASF50:
 2232 0280 6D5F6E65 		.ascii	"m_next\000"
 2232      787400
 2233              	.LASF20:
 2234 0287 73797374 		.ascii	"systime_t\000"
 2234      696D655F 
 2234      7400
 2235              	.LASF39:
 2236 0291 705F7265 		.ascii	"p_realprio\000"
 2236      616C7072 
 2236      696F00
 2237              	.LASF6:
 2238 029c 73686F72 		.ascii	"short unsigned int\000"
 2238      7420756E 
 2238      7369676E 
 2238      65642069 
 2238      6E7400
 2239              	.LASF45:
 2240 02af 696E7463 		.ascii	"intctx\000"
 2240      747800
 2241              	.LASF35:
 2242 02b6 705F6D73 		.ascii	"p_msgqueue\000"
 2242      67717565 
 2242      756500
 2243              	.LASF71:
 2244 02c1 73697A65 		.ascii	"sizep\000"
 2244      7000
 2245              	.LASF32:
 2246 02c7 705F7265 		.ascii	"p_refs\000"
 2246      667300
 2247              	.LASF3:
 2248 02ce 75696E74 		.ascii	"uint8_t\000"
 2248      385F7400 
 2249              	.LASF33:
 2250 02d6 705F7469 		.ascii	"p_time\000"
 2250      6D6500
 2251              	.LASF73:
 2252 02dd 474E5520 		.ascii	"GNU C 4.5.2\000"
 2252      4320342E 
 2252      352E3200 
 2253              	.LASF28:
 2254 02e9 705F6E61 		.ascii	"p_name\000"
 2254      6D6500
 2255              	.LASF77:
ARM GAS  /tmp/ccSPojxo.s 			page 44


 2256 02f0 5F686561 		.ascii	"_heap_init\000"
 2256      705F696E 
 2256      697400
 2257              	.LASF49:
 2258 02fb 6D5F6F77 		.ascii	"m_owner\000"
 2258      6E657200 
 2259              	.LASF25:
 2260 0303 705F6374 		.ascii	"p_ctx\000"
 2260      7800
 2261              	.LASF34:
 2262 0309 705F7761 		.ascii	"p_waiting\000"
 2262      6974696E 
 2262      6700
 2263              	.LASF53:
 2264 0313 6D656D6F 		.ascii	"memory_heap\000"
 2264      72795F68 
 2264      65617000 
 2265              		.ident	"GCC: (Sourcery G++ Lite 2011.03-42) 4.5.2"
ARM GAS  /tmp/ccSPojxo.s 			page 45


DEFINED SYMBOLS
                            *ABS*:00000000 chheap.c
     /tmp/ccSPojxo.s:24     .text._heap_init:00000000 $t
     /tmp/ccSPojxo.s:29     .text._heap_init:00000000 _heap_init
     /tmp/ccSPojxo.s:54     .text._heap_init:00000014 $d
     /tmp/ccSPojxo.s:60     .text.chHeapInit:00000000 $t
     /tmp/ccSPojxo.s:65     .text.chHeapInit:00000000 chHeapInit
     /tmp/ccSPojxo.s:123    .text.chHeapInit:00000034 $d
     /tmp/ccSPojxo.s:128    .text.chHeapAlloc:00000000 $t
     /tmp/ccSPojxo.s:133    .text.chHeapAlloc:00000000 chHeapAlloc
     /tmp/ccSPojxo.s:252    .text.chHeapAlloc:00000078 $d
     /tmp/ccSPojxo.s:257    .text.chHeapFree:00000000 $t
     /tmp/ccSPojxo.s:262    .text.chHeapFree:00000000 chHeapFree
     /tmp/ccSPojxo.s:382    .text.chHeapFree:00000094 $d
     /tmp/ccSPojxo.s:388    .text.chHeapStatus:00000000 $t
     /tmp/ccSPojxo.s:393    .text.chHeapStatus:00000000 chHeapStatus
     /tmp/ccSPojxo.s:458    .text.chHeapStatus:00000038 $d
     /tmp/ccSPojxo.s:470    .bss.default_heap:00000000 $d
     /tmp/ccSPojxo.s:474    .bss.default_heap:00000000 default_heap
                     .debug_frame:00000010 $d

UNDEFINED SYMBOLS
chMtxInit
chCoreAlloc
chDbgPanic
chMtxLock
chMtxUnlock
