ARM GAS  /tmp/ccDhpzpi.s 			page 1


   1              		.syntax unified
   2              		.cpu cortex-m3
   3              		.fpu softvfp
   4              		.eabi_attribute 20, 1
   5              		.eabi_attribute 21, 1
   6              		.eabi_attribute 23, 3
   7              		.eabi_attribute 24, 1
   8              		.eabi_attribute 25, 1
   9              		.eabi_attribute 26, 1
  10              		.eabi_attribute 30, 4
  11              		.eabi_attribute 18, 4
  12              		.thumb
  13              		.file	"chlists.c"
  14              		.section	.debug_abbrev,"",%progbits
  15              	.Ldebug_abbrev0:
  16              		.section	.debug_info,"",%progbits
  17              	.Ldebug_info0:
  18              		.section	.debug_line,"",%progbits
  19              	.Ldebug_line0:
  20 0000 D1010000 		.text
  20      02003601 
  20      00000201 
  20      FB0E0D00 
  20      01010101 
  21              	.Ltext0:
  22              		.cfi_sections	.debug_frame
  23              		.section	.text.prio_insert,"ax",%progbits
  24              		.align	1
  25              		.global	prio_insert
  26              		.thumb
  27              		.thumb_func
  28              		.type	prio_insert, %function
  29              	prio_insert:
  30              	.LFB0:
  31              		.file 1 "../chibios/os/kernel/src/chlists.c"
  32              		.loc 1 51 0
  33              		.cfi_startproc
  34              		@ args = 0, pretend = 0, frame = 0
  35              		@ frame_needed = 0, uses_anonymous_args = 0
  36              	.LVL0:
  37 0000 10B5     		push	{r4, lr}
  38              	.LCFI0:
  39              		.cfi_def_cfa_offset 8
  40              		.loc 1 54 0
  41 0002 0B46     		mov	r3, r1
  42              	.LVL1:
  43              	.L3:
  44              		.loc 1 57 0 discriminator 1
  45 0004 1B68     		ldr	r3, [r3, #0]
  46              	.LVL2:
  47              		.loc 1 59 0 discriminator 1
  48 0006 8B42     		cmp	r3, r1
  49 0008 03D0     		beq	.L2
  50              		.cfi_offset 14, -4
  51              		.cfi_offset 4, -8
  52 000a 9C68     		ldr	r4, [r3, #8]
  53 000c 8268     		ldr	r2, [r0, #8]
ARM GAS  /tmp/ccDhpzpi.s 			page 2


  54 000e 9442     		cmp	r4, r2
  55 0010 F8D2     		bcs	.L3
  56              	.L2:
  57              		.loc 1 62 0
  58 0012 5A68     		ldr	r2, [r3, #4]
  59              		.loc 1 61 0
  60 0014 0360     		str	r3, [r0, #0]
  61              		.loc 1 62 0
  62 0016 4260     		str	r2, [r0, #4]
  63              		.loc 1 63 0
  64 0018 1060     		str	r0, [r2, #0]
  65 001a 5860     		str	r0, [r3, #4]
  66              		.loc 1 64 0
  67 001c 10BD     		pop	{r4, pc}
  68              		.cfi_endproc
  69              	.LFE0:
  70              		.size	prio_insert, .-prio_insert
  71              		.section	.text.queue_insert,"ax",%progbits
  72              		.align	1
  73              		.global	queue_insert
  74              		.thumb
  75              		.thumb_func
  76              		.type	queue_insert, %function
  77              	queue_insert:
  78              	.LFB1:
  79              		.loc 1 74 0
  80              		.cfi_startproc
  81              		@ args = 0, pretend = 0, frame = 0
  82              		@ frame_needed = 0, uses_anonymous_args = 0
  83              		@ link register save eliminated.
  84              	.LVL3:
  85              		.loc 1 77 0
  86 0000 4B68     		ldr	r3, [r1, #4]
  87              		.loc 1 76 0
  88 0002 0160     		str	r1, [r0, #0]
  89              		.loc 1 77 0
  90 0004 4360     		str	r3, [r0, #4]
  91              		.loc 1 78 0
  92 0006 4860     		str	r0, [r1, #4]
  93 0008 1860     		str	r0, [r3, #0]
  94              		.loc 1 79 0
  95 000a 7047     		bx	lr
  96              		.cfi_endproc
  97              	.LFE1:
  98              		.size	queue_insert, .-queue_insert
  99              		.section	.text.fifo_remove,"ax",%progbits
 100              		.align	1
 101              		.global	fifo_remove
 102              		.thumb
 103              		.thumb_func
 104              		.type	fifo_remove, %function
 105              	fifo_remove:
 106              	.LFB2:
 107              		.loc 1 91 0
 108              		.cfi_startproc
 109              		@ args = 0, pretend = 0, frame = 0
 110              		@ frame_needed = 0, uses_anonymous_args = 0
ARM GAS  /tmp/ccDhpzpi.s 			page 3


 111              		@ link register save eliminated.
 112              	.LVL4:
 113              		.loc 1 91 0
 114 0000 0346     		mov	r3, r0
 115              		.loc 1 92 0
 116 0002 0068     		ldr	r0, [r0, #0]
 117              	.LVL5:
 118              		.loc 1 94 0
 119 0004 0268     		ldr	r2, [r0, #0]
 120 0006 1A60     		str	r2, [r3, #0]
 121 0008 5360     		str	r3, [r2, #4]
 122              		.loc 1 96 0
 123 000a 7047     		bx	lr
 124              		.cfi_endproc
 125              	.LFE2:
 126              		.size	fifo_remove, .-fifo_remove
 127              		.section	.text.lifo_remove,"ax",%progbits
 128              		.align	1
 129              		.global	lifo_remove
 130              		.thumb
 131              		.thumb_func
 132              		.type	lifo_remove, %function
 133              	lifo_remove:
 134              	.LFB3:
 135              		.loc 1 108 0
 136              		.cfi_startproc
 137              		@ args = 0, pretend = 0, frame = 0
 138              		@ frame_needed = 0, uses_anonymous_args = 0
 139              		@ link register save eliminated.
 140              	.LVL6:
 141              		.loc 1 108 0
 142 0000 0346     		mov	r3, r0
 143              		.loc 1 109 0
 144 0002 4068     		ldr	r0, [r0, #4]
 145              	.LVL7:
 146              		.loc 1 111 0
 147 0004 4268     		ldr	r2, [r0, #4]
 148 0006 5A60     		str	r2, [r3, #4]
 149 0008 1360     		str	r3, [r2, #0]
 150              		.loc 1 113 0
 151 000a 7047     		bx	lr
 152              		.cfi_endproc
 153              	.LFE3:
 154              		.size	lifo_remove, .-lifo_remove
 155              		.section	.text.dequeue,"ax",%progbits
 156              		.align	1
 157              		.global	dequeue
 158              		.thumb
 159              		.thumb_func
 160              		.type	dequeue, %function
 161              	dequeue:
 162              	.LFB4:
 163              		.loc 1 125 0
 164              		.cfi_startproc
 165              		@ args = 0, pretend = 0, frame = 0
 166              		@ frame_needed = 0, uses_anonymous_args = 0
 167              		@ link register save eliminated.
ARM GAS  /tmp/ccDhpzpi.s 			page 4


 168              	.LVL8:
 169              		.loc 1 127 0
 170 0000 4268     		ldr	r2, [r0, #4]
 171 0002 0168     		ldr	r1, [r0, #0]
 172 0004 1160     		str	r1, [r2, #0]
 173              		.loc 1 128 0
 174 0006 0368     		ldr	r3, [r0, #0]
 175 0008 5A60     		str	r2, [r3, #4]
 176              		.loc 1 130 0
 177 000a 7047     		bx	lr
 178              		.cfi_endproc
 179              	.LFE4:
 180              		.size	dequeue, .-dequeue
 181              		.section	.text.list_insert,"ax",%progbits
 182              		.align	1
 183              		.global	list_insert
 184              		.thumb
 185              		.thumb_func
 186              		.type	list_insert, %function
 187              	list_insert:
 188              	.LFB5:
 189              		.loc 1 140 0
 190              		.cfi_startproc
 191              		@ args = 0, pretend = 0, frame = 0
 192              		@ frame_needed = 0, uses_anonymous_args = 0
 193              		@ link register save eliminated.
 194              	.LVL9:
 195              		.loc 1 142 0
 196 0000 0B68     		ldr	r3, [r1, #0]
 197 0002 0360     		str	r3, [r0, #0]
 198              		.loc 1 143 0
 199 0004 0860     		str	r0, [r1, #0]
 200              		.loc 1 144 0
 201 0006 7047     		bx	lr
 202              		.cfi_endproc
 203              	.LFE5:
 204              		.size	list_insert, .-list_insert
 205              		.section	.text.list_remove,"ax",%progbits
 206              		.align	1
 207              		.global	list_remove
 208              		.thumb
 209              		.thumb_func
 210              		.type	list_remove, %function
 211              	list_remove:
 212              	.LFB6:
 213              		.loc 1 155 0
 214              		.cfi_startproc
 215              		@ args = 0, pretend = 0, frame = 0
 216              		@ frame_needed = 0, uses_anonymous_args = 0
 217              		@ link register save eliminated.
 218              	.LVL10:
 219              		.loc 1 157 0
 220 0000 0368     		ldr	r3, [r0, #0]
 221              	.LVL11:
 222              		.loc 1 158 0
 223 0002 1A68     		ldr	r2, [r3, #0]
 224 0004 0260     		str	r2, [r0, #0]
ARM GAS  /tmp/ccDhpzpi.s 			page 5


 225              		.loc 1 160 0
 226 0006 1846     		mov	r0, r3
 227              	.LVL12:
 228 0008 7047     		bx	lr
 229              		.cfi_endproc
 230              	.LFE6:
 231              		.size	list_remove, .-list_remove
 232              		.text
 233              	.Letext0:
 234              		.section	.debug_loc,"",%progbits
 235              	.Ldebug_loc0:
 236              	.LLST0:
 237 0000 00000000 		.4byte	.LFB0
 238 0004 02000000 		.4byte	.LCFI0
 239 0008 0200     		.2byte	0x2
 240 000a 7D       		.byte	0x7d
 241 000b 00       		.sleb128 0
 242 000c 02000000 		.4byte	.LCFI0
 243 0010 1E000000 		.4byte	.LFE0
 244 0014 0200     		.2byte	0x2
 245 0016 7D       		.byte	0x7d
 246 0017 08       		.sleb128 8
 247 0018 00000000 		.4byte	0x0
 248 001c 00000000 		.4byte	0x0
 249              	.LLST1:
 250 0020 00000000 		.4byte	.LVL0
 251 0024 04000000 		.4byte	.LVL1
 252 0028 0100     		.2byte	0x1
 253 002a 51       		.byte	0x51
 254 002b 04000000 		.4byte	.LVL1
 255 002f 06000000 		.4byte	.LVL2
 256 0033 0100     		.2byte	0x1
 257 0035 53       		.byte	0x53
 258 0036 06000000 		.4byte	.LVL2
 259 003a 1E000000 		.4byte	.LFE0
 260 003e 0100     		.2byte	0x1
 261 0040 53       		.byte	0x53
 262 0041 00000000 		.4byte	0x0
 263 0045 00000000 		.4byte	0x0
 264              	.LLST2:
 265 0049 00000000 		.4byte	.LVL4
 266 004d 04000000 		.4byte	.LVL5
 267 0051 0100     		.2byte	0x1
 268 0053 50       		.byte	0x50
 269 0054 04000000 		.4byte	.LVL5
 270 0058 0C000000 		.4byte	.LFE2
 271 005c 0100     		.2byte	0x1
 272 005e 53       		.byte	0x53
 273 005f 00000000 		.4byte	0x0
 274 0063 00000000 		.4byte	0x0
 275              	.LLST3:
 276 0067 00000000 		.4byte	.LVL6
 277 006b 04000000 		.4byte	.LVL7
 278 006f 0100     		.2byte	0x1
 279 0071 50       		.byte	0x50
 280 0072 04000000 		.4byte	.LVL7
 281 0076 0C000000 		.4byte	.LFE3
ARM GAS  /tmp/ccDhpzpi.s 			page 6


 282 007a 0100     		.2byte	0x1
 283 007c 53       		.byte	0x53
 284 007d 00000000 		.4byte	0x0
 285 0081 00000000 		.4byte	0x0
 286              	.LLST4:
 287 0085 00000000 		.4byte	.LVL10
 288 0089 08000000 		.4byte	.LVL12
 289 008d 0100     		.2byte	0x1
 290 008f 50       		.byte	0x50
 291 0090 00000000 		.4byte	0x0
 292 0094 00000000 		.4byte	0x0
 293              	.LLST5:
 294 0098 02000000 		.4byte	.LVL11
 295 009c 08000000 		.4byte	.LVL12
 296 00a0 0200     		.2byte	0x2
 297 00a2 70       		.byte	0x70
 298 00a3 00       		.sleb128 0
 299 00a4 08000000 		.4byte	.LVL12
 300 00a8 0A000000 		.4byte	.LFE6
 301 00ac 0100     		.2byte	0x1
 302 00ae 50       		.byte	0x50
 303 00af 00000000 		.4byte	0x0
 304 00b3 00000000 		.4byte	0x0
 305              		.file 2 "/home/z80/programs/code-sourcery/2011.03-42/bin/../lib/gcc/arm-none-eabi/4.5.2/../../../.
 306              		.file 3 "../chibios/os/ports/GCC/ARMCMx/chtypes.h"
 307              		.file 4 "../chibios/os/kernel/include/chlists.h"
 308              		.file 5 "../chibios/os/kernel/include/chthreads.h"
 309              		.file 6 "../chibios/os/ports/GCC/ARMCMx/chcore_v7m.h"
 310              		.file 7 "../chibios/os/kernel/include/chmtx.h"
 311              		.section	.debug_info
 312 0000 57050000 		.4byte	0x557
 313 0004 0200     		.2byte	0x2
 314 0006 00000000 		.4byte	.Ldebug_abbrev0
 315 000a 04       		.byte	0x4
 316 000b 01       		.uleb128 0x1
 317 000c 8F020000 		.4byte	.LASF62
 318 0010 01       		.byte	0x1
 319 0011 55010000 		.4byte	.LASF63
 320 0015 DC000000 		.4byte	.LASF64
 321 0019 00000000 		.4byte	0x0
 322 001d 00000000 		.4byte	0x0
 323 0021 00000000 		.4byte	.Ldebug_ranges0+0x0
 324 0025 00000000 		.4byte	.Ldebug_line0
 325 0029 02       		.uleb128 0x2
 326 002a 04       		.byte	0x4
 327 002b 05       		.byte	0x5
 328 002c 696E7400 		.ascii	"int\000"
 329 0030 03       		.uleb128 0x3
 330 0031 04       		.byte	0x4
 331 0032 07       		.byte	0x7
 332 0033 B5000000 		.4byte	.LASF0
 333 0037 03       		.uleb128 0x3
 334 0038 01       		.byte	0x1
 335 0039 06       		.byte	0x6
 336 003a 58000000 		.4byte	.LASF1
 337 003e 04       		.uleb128 0x4
 338 003f 80020000 		.4byte	.LASF5
ARM GAS  /tmp/ccDhpzpi.s 			page 7


 339 0043 02       		.byte	0x2
 340 0044 2A       		.byte	0x2a
 341 0045 49000000 		.4byte	0x49
 342 0049 03       		.uleb128 0x3
 343 004a 01       		.byte	0x1
 344 004b 08       		.byte	0x8
 345 004c C0010000 		.4byte	.LASF2
 346 0050 03       		.uleb128 0x3
 347 0051 02       		.byte	0x2
 348 0052 05       		.byte	0x5
 349 0053 D8010000 		.4byte	.LASF3
 350 0057 03       		.uleb128 0x3
 351 0058 02       		.byte	0x2
 352 0059 07       		.byte	0x7
 353 005a 48020000 		.4byte	.LASF4
 354 005e 04       		.uleb128 0x4
 355 005f B8010000 		.4byte	.LASF6
 356 0063 02       		.byte	0x2
 357 0064 4F       		.byte	0x4f
 358 0065 69000000 		.4byte	0x69
 359 0069 03       		.uleb128 0x3
 360 006a 04       		.byte	0x4
 361 006b 05       		.byte	0x5
 362 006c 7B000000 		.4byte	.LASF7
 363 0070 04       		.uleb128 0x4
 364 0071 12020000 		.4byte	.LASF8
 365 0075 02       		.byte	0x2
 366 0076 50       		.byte	0x50
 367 0077 7B000000 		.4byte	0x7b
 368 007b 03       		.uleb128 0x3
 369 007c 04       		.byte	0x4
 370 007d 07       		.byte	0x7
 371 007e C2000000 		.4byte	.LASF9
 372 0082 03       		.uleb128 0x3
 373 0083 08       		.byte	0x8
 374 0084 05       		.byte	0x5
 375 0085 4A000000 		.4byte	.LASF10
 376 0089 04       		.uleb128 0x4
 377 008a 1A000000 		.4byte	.LASF11
 378 008e 02       		.byte	0x2
 379 008f 78       		.byte	0x78
 380 0090 94000000 		.4byte	0x94
 381 0094 03       		.uleb128 0x3
 382 0095 08       		.byte	0x8
 383 0096 07       		.byte	0x7
 384 0097 23000000 		.4byte	.LASF12
 385 009b 04       		.uleb128 0x4
 386 009c 24010000 		.4byte	.LASF13
 387 00a0 03       		.byte	0x3
 388 00a1 2F       		.byte	0x2f
 389 00a2 3E000000 		.4byte	0x3e
 390 00a6 04       		.uleb128 0x4
 391 00a7 84000000 		.4byte	.LASF14
 392 00ab 03       		.byte	0x3
 393 00ac 30       		.byte	0x30
 394 00ad 3E000000 		.4byte	0x3e
 395 00b1 04       		.uleb128 0x4
ARM GAS  /tmp/ccDhpzpi.s 			page 8


 396 00b2 A1010000 		.4byte	.LASF15
 397 00b6 03       		.byte	0x3
 398 00b7 31       		.byte	0x31
 399 00b8 3E000000 		.4byte	0x3e
 400 00bc 04       		.uleb128 0x4
 401 00bd B0010000 		.4byte	.LASF16
 402 00c1 03       		.byte	0x3
 403 00c2 32       		.byte	0x32
 404 00c3 70000000 		.4byte	0x70
 405 00c7 04       		.uleb128 0x4
 406 00c8 12010000 		.4byte	.LASF17
 407 00cc 03       		.byte	0x3
 408 00cd 33       		.byte	0x33
 409 00ce 5E000000 		.4byte	0x5e
 410 00d2 04       		.uleb128 0x4
 411 00d3 38010000 		.4byte	.LASF18
 412 00d7 03       		.byte	0x3
 413 00d8 35       		.byte	0x35
 414 00d9 70000000 		.4byte	0x70
 415 00dd 04       		.uleb128 0x4
 416 00de 33020000 		.4byte	.LASF19
 417 00e2 03       		.byte	0x3
 418 00e3 36       		.byte	0x36
 419 00e4 70000000 		.4byte	0x70
 420 00e8 04       		.uleb128 0x4
 421 00e9 00020000 		.4byte	.LASF20
 422 00ed 04       		.byte	0x4
 423 00ee 2A       		.byte	0x2a
 424 00ef F3000000 		.4byte	0xf3
 425 00f3 05       		.uleb128 0x5
 426 00f4 00020000 		.4byte	.LASF20
 427 00f8 4C       		.byte	0x4c
 428 00f9 05       		.byte	0x5
 429 00fa 5E       		.byte	0x5e
 430 00fb 18020000 		.4byte	0x218
 431 00ff 06       		.uleb128 0x6
 432 0100 F1010000 		.4byte	.LASF21
 433 0104 05       		.byte	0x5
 434 0105 5F       		.byte	0x5f
 435 0106 3D020000 		.4byte	0x23d
 436 010a 02       		.byte	0x2
 437 010b 23       		.byte	0x23
 438 010c 00       		.uleb128 0x0
 439 010d 06       		.uleb128 0x6
 440 010e A9010000 		.4byte	.LASF22
 441 0112 05       		.byte	0x5
 442 0113 61       		.byte	0x61
 443 0114 3D020000 		.4byte	0x23d
 444 0118 02       		.byte	0x2
 445 0119 23       		.byte	0x23
 446 011a 04       		.uleb128 0x4
 447 011b 06       		.uleb128 0x6
 448 011c 43000000 		.4byte	.LASF23
 449 0120 05       		.byte	0x5
 450 0121 63       		.byte	0x63
 451 0122 BC000000 		.4byte	0xbc
 452 0126 02       		.byte	0x2
ARM GAS  /tmp/ccDhpzpi.s 			page 9


 453 0127 23       		.byte	0x23
 454 0128 08       		.uleb128 0x8
 455 0129 06       		.uleb128 0x6
 456 012a AA020000 		.4byte	.LASF24
 457 012e 05       		.byte	0x5
 458 012f 64       		.byte	0x64
 459 0130 15030000 		.4byte	0x315
 460 0134 02       		.byte	0x2
 461 0135 23       		.byte	0x23
 462 0136 0C       		.uleb128 0xc
 463 0137 06       		.uleb128 0x6
 464 0138 8D000000 		.4byte	.LASF25
 465 013c 05       		.byte	0x5
 466 013d 66       		.byte	0x66
 467 013e 3D020000 		.4byte	0x23d
 468 0142 02       		.byte	0x2
 469 0143 23       		.byte	0x23
 470 0144 10       		.uleb128 0x10
 471 0145 06       		.uleb128 0x6
 472 0146 78010000 		.4byte	.LASF26
 473 014a 05       		.byte	0x5
 474 014b 67       		.byte	0x67
 475 014c 3D020000 		.4byte	0x23d
 476 0150 02       		.byte	0x2
 477 0151 23       		.byte	0x23
 478 0152 14       		.uleb128 0x14
 479 0153 06       		.uleb128 0x6
 480 0154 9B020000 		.4byte	.LASF27
 481 0158 05       		.byte	0x5
 482 0159 6E       		.byte	0x6e
 483 015a BA030000 		.4byte	0x3ba
 484 015e 02       		.byte	0x2
 485 015f 23       		.byte	0x23
 486 0160 18       		.uleb128 0x18
 487 0161 06       		.uleb128 0x6
 488 0162 AA000000 		.4byte	.LASF28
 489 0166 05       		.byte	0x5
 490 0167 74       		.byte	0x74
 491 0168 CC030000 		.4byte	0x3cc
 492 016c 02       		.byte	0x2
 493 016d 23       		.byte	0x23
 494 016e 1C       		.uleb128 0x1c
 495 016f 06       		.uleb128 0x6
 496 0170 E2010000 		.4byte	.LASF29
 497 0174 05       		.byte	0x5
 498 0175 79       		.byte	0x79
 499 0176 A6000000 		.4byte	0xa6
 500 017a 02       		.byte	0x2
 501 017b 23       		.byte	0x23
 502 017c 20       		.uleb128 0x20
 503 017d 06       		.uleb128 0x6
 504 017e F8010000 		.4byte	.LASF30
 505 0182 05       		.byte	0x5
 506 0183 7D       		.byte	0x7d
 507 0184 9B000000 		.4byte	0x9b
 508 0188 02       		.byte	0x2
 509 0189 23       		.byte	0x23
ARM GAS  /tmp/ccDhpzpi.s 			page 10


 510 018a 21       		.uleb128 0x21
 511 018b 06       		.uleb128 0x6
 512 018c 79020000 		.4byte	.LASF31
 513 0190 05       		.byte	0x5
 514 0191 82       		.byte	0x82
 515 0192 B1000000 		.4byte	0xb1
 516 0196 02       		.byte	0x2
 517 0197 23       		.byte	0x23
 518 0198 22       		.uleb128 0x22
 519 0199 06       		.uleb128 0x6
 520 019a 88020000 		.4byte	.LASF32
 521 019e 05       		.byte	0x5
 522 019f 89       		.byte	0x89
 523 01a0 38030000 		.4byte	0x338
 524 01a4 02       		.byte	0x2
 525 01a5 23       		.byte	0x23
 526 01a6 24       		.uleb128 0x24
 527 01a7 07       		.uleb128 0x7
 528 01a8 705F7500 		.ascii	"p_u\000"
 529 01ac 05       		.byte	0x5
 530 01ad AE       		.byte	0xae
 531 01ae 85030000 		.4byte	0x385
 532 01b2 02       		.byte	0x2
 533 01b3 23       		.byte	0x23
 534 01b4 28       		.uleb128 0x28
 535 01b5 06       		.uleb128 0x6
 536 01b6 B0020000 		.4byte	.LASF33
 537 01ba 05       		.byte	0x5
 538 01bb B3       		.byte	0xb3
 539 01bc 65020000 		.4byte	0x265
 540 01c0 02       		.byte	0x2
 541 01c1 23       		.byte	0x23
 542 01c2 2C       		.uleb128 0x2c
 543 01c3 06       		.uleb128 0x6
 544 01c4 6E020000 		.4byte	.LASF34
 545 01c8 05       		.byte	0x5
 546 01c9 B9       		.byte	0xb9
 547 01ca 43020000 		.4byte	0x243
 548 01ce 02       		.byte	0x2
 549 01cf 23       		.byte	0x23
 550 01d0 30       		.uleb128 0x30
 551 01d1 06       		.uleb128 0x6
 552 01d2 00000000 		.4byte	.LASF35
 553 01d6 05       		.byte	0x5
 554 01d7 BD       		.byte	0xbd
 555 01d8 C7000000 		.4byte	0xc7
 556 01dc 02       		.byte	0x2
 557 01dd 23       		.byte	0x23
 558 01de 38       		.uleb128 0x38
 559 01df 06       		.uleb128 0x6
 560 01e0 07020000 		.4byte	.LASF36
 561 01e4 05       		.byte	0x5
 562 01e5 C3       		.byte	0xc3
 563 01e6 D2000000 		.4byte	0xd2
 564 01ea 02       		.byte	0x2
 565 01eb 23       		.byte	0x23
 566 01ec 3C       		.uleb128 0x3c
ARM GAS  /tmp/ccDhpzpi.s 			page 11


 567 01ed 06       		.uleb128 0x6
 568 01ee CE010000 		.4byte	.LASF37
 569 01f2 05       		.byte	0x5
 570 01f3 CA       		.byte	0xca
 571 01f4 D2030000 		.4byte	0x3d2
 572 01f8 02       		.byte	0x2
 573 01f9 23       		.byte	0x23
 574 01fa 40       		.uleb128 0x40
 575 01fb 06       		.uleb128 0x6
 576 01fc 3D020000 		.4byte	.LASF38
 577 0200 05       		.byte	0x5
 578 0201 CE       		.byte	0xce
 579 0202 BC000000 		.4byte	0xbc
 580 0206 02       		.byte	0x2
 581 0207 23       		.byte	0x23
 582 0208 44       		.uleb128 0x44
 583 0209 06       		.uleb128 0x6
 584 020a 64000000 		.4byte	.LASF39
 585 020e 05       		.byte	0x5
 586 020f D4       		.byte	0xd4
 587 0210 7B020000 		.4byte	0x27b
 588 0214 02       		.byte	0x2
 589 0215 23       		.byte	0x23
 590 0216 48       		.uleb128 0x48
 591 0217 00       		.byte	0x0
 592 0218 08       		.uleb128 0x8
 593 0219 08       		.byte	0x8
 594 021a 04       		.byte	0x4
 595 021b 61       		.byte	0x61
 596 021c 3D020000 		.4byte	0x23d
 597 0220 06       		.uleb128 0x6
 598 0221 F1010000 		.4byte	.LASF21
 599 0225 04       		.byte	0x4
 600 0226 62       		.byte	0x62
 601 0227 3D020000 		.4byte	0x23d
 602 022b 02       		.byte	0x2
 603 022c 23       		.byte	0x23
 604 022d 00       		.uleb128 0x0
 605 022e 06       		.uleb128 0x6
 606 022f A9010000 		.4byte	.LASF22
 607 0233 04       		.byte	0x4
 608 0234 64       		.byte	0x64
 609 0235 3D020000 		.4byte	0x23d
 610 0239 02       		.byte	0x2
 611 023a 23       		.byte	0x23
 612 023b 04       		.uleb128 0x4
 613 023c 00       		.byte	0x0
 614 023d 09       		.uleb128 0x9
 615 023e 04       		.byte	0x4
 616 023f E8000000 		.4byte	0xe8
 617 0243 04       		.uleb128 0x4
 618 0244 80010000 		.4byte	.LASF40
 619 0248 04       		.byte	0x4
 620 0249 66       		.byte	0x66
 621 024a 18020000 		.4byte	0x218
 622 024e 08       		.uleb128 0x8
 623 024f 04       		.byte	0x4
ARM GAS  /tmp/ccDhpzpi.s 			page 12


 624 0250 04       		.byte	0x4
 625 0251 6B       		.byte	0x6b
 626 0252 65020000 		.4byte	0x265
 627 0256 06       		.uleb128 0x6
 628 0257 F1010000 		.4byte	.LASF21
 629 025b 04       		.byte	0x4
 630 025c 6D       		.byte	0x6d
 631 025d 3D020000 		.4byte	0x23d
 632 0261 02       		.byte	0x2
 633 0262 23       		.byte	0x23
 634 0263 00       		.uleb128 0x0
 635 0264 00       		.byte	0x0
 636 0265 04       		.uleb128 0x4
 637 0266 2C010000 		.4byte	.LASF41
 638 026a 04       		.byte	0x4
 639 026b 70       		.byte	0x70
 640 026c 4E020000 		.4byte	0x24e
 641 0270 04       		.uleb128 0x4
 642 0271 A1000000 		.4byte	.LASF42
 643 0275 06       		.byte	0x6
 644 0276 D7       		.byte	0xd7
 645 0277 7B020000 		.4byte	0x27b
 646 027b 0A       		.uleb128 0xa
 647 027c 04       		.byte	0x4
 648 027d 04       		.uleb128 0x4
 649 027e 4A010000 		.4byte	.LASF43
 650 0282 06       		.byte	0x6
 651 0283 DD       		.byte	0xdd
 652 0284 89000000 		.4byte	0x89
 653 0288 05       		.uleb128 0x5
 654 0289 67020000 		.4byte	.LASF44
 655 028d 24       		.byte	0x24
 656 028e 06       		.byte	0x6
 657 028f FE       		.byte	0xfe
 658 0290 15030000 		.4byte	0x315
 659 0294 0B       		.uleb128 0xb
 660 0295 723400   		.ascii	"r4\000"
 661 0298 06       		.byte	0x6
 662 0299 1101     		.2byte	0x111
 663 029b 70020000 		.4byte	0x270
 664 029f 02       		.byte	0x2
 665 02a0 23       		.byte	0x23
 666 02a1 00       		.uleb128 0x0
 667 02a2 0B       		.uleb128 0xb
 668 02a3 723500   		.ascii	"r5\000"
 669 02a6 06       		.byte	0x6
 670 02a7 1201     		.2byte	0x112
 671 02a9 70020000 		.4byte	0x270
 672 02ad 02       		.byte	0x2
 673 02ae 23       		.byte	0x23
 674 02af 04       		.uleb128 0x4
 675 02b0 0B       		.uleb128 0xb
 676 02b1 723600   		.ascii	"r6\000"
 677 02b4 06       		.byte	0x6
 678 02b5 1301     		.2byte	0x113
 679 02b7 70020000 		.4byte	0x270
 680 02bb 02       		.byte	0x2
ARM GAS  /tmp/ccDhpzpi.s 			page 13


 681 02bc 23       		.byte	0x23
 682 02bd 08       		.uleb128 0x8
 683 02be 0B       		.uleb128 0xb
 684 02bf 723700   		.ascii	"r7\000"
 685 02c2 06       		.byte	0x6
 686 02c3 1401     		.2byte	0x114
 687 02c5 70020000 		.4byte	0x270
 688 02c9 02       		.byte	0x2
 689 02ca 23       		.byte	0x23
 690 02cb 0C       		.uleb128 0xc
 691 02cc 0B       		.uleb128 0xb
 692 02cd 723800   		.ascii	"r8\000"
 693 02d0 06       		.byte	0x6
 694 02d1 1501     		.2byte	0x115
 695 02d3 70020000 		.4byte	0x270
 696 02d7 02       		.byte	0x2
 697 02d8 23       		.byte	0x23
 698 02d9 10       		.uleb128 0x10
 699 02da 0B       		.uleb128 0xb
 700 02db 723900   		.ascii	"r9\000"
 701 02de 06       		.byte	0x6
 702 02df 1601     		.2byte	0x116
 703 02e1 70020000 		.4byte	0x270
 704 02e5 02       		.byte	0x2
 705 02e6 23       		.byte	0x23
 706 02e7 14       		.uleb128 0x14
 707 02e8 0B       		.uleb128 0xb
 708 02e9 72313000 		.ascii	"r10\000"
 709 02ed 06       		.byte	0x6
 710 02ee 1701     		.2byte	0x117
 711 02f0 70020000 		.4byte	0x270
 712 02f4 02       		.byte	0x2
 713 02f5 23       		.byte	0x23
 714 02f6 18       		.uleb128 0x18
 715 02f7 0B       		.uleb128 0xb
 716 02f8 72313100 		.ascii	"r11\000"
 717 02fc 06       		.byte	0x6
 718 02fd 1801     		.2byte	0x118
 719 02ff 70020000 		.4byte	0x270
 720 0303 02       		.byte	0x2
 721 0304 23       		.byte	0x23
 722 0305 1C       		.uleb128 0x1c
 723 0306 0B       		.uleb128 0xb
 724 0307 6C7200   		.ascii	"lr\000"
 725 030a 06       		.byte	0x6
 726 030b 1901     		.2byte	0x119
 727 030d 70020000 		.4byte	0x270
 728 0311 02       		.byte	0x2
 729 0312 23       		.byte	0x23
 730 0313 20       		.uleb128 0x20
 731 0314 00       		.byte	0x0
 732 0315 0C       		.uleb128 0xc
 733 0316 D4000000 		.4byte	.LASF45
 734 031a 04       		.byte	0x4
 735 031b 06       		.byte	0x6
 736 031c 2301     		.2byte	0x123
 737 031e 32030000 		.4byte	0x332
ARM GAS  /tmp/ccDhpzpi.s 			page 14


 738 0322 0B       		.uleb128 0xb
 739 0323 72313300 		.ascii	"r13\000"
 740 0327 06       		.byte	0x6
 741 0328 2401     		.2byte	0x124
 742 032a 32030000 		.4byte	0x332
 743 032e 02       		.byte	0x2
 744 032f 23       		.byte	0x23
 745 0330 00       		.uleb128 0x0
 746 0331 00       		.byte	0x0
 747 0332 09       		.uleb128 0x9
 748 0333 04       		.byte	0x4
 749 0334 88020000 		.4byte	0x288
 750 0338 0D       		.uleb128 0xd
 751 0339 DD000000 		.4byte	0xdd
 752 033d 05       		.uleb128 0x5
 753 033e 44010000 		.4byte	.LASF46
 754 0342 10       		.byte	0x10
 755 0343 07       		.byte	0x7
 756 0344 2C       		.byte	0x2c
 757 0345 74030000 		.4byte	0x374
 758 0349 06       		.uleb128 0x6
 759 034a 6C000000 		.4byte	.LASF47
 760 034e 07       		.byte	0x7
 761 034f 2D       		.byte	0x2d
 762 0350 43020000 		.4byte	0x243
 763 0354 02       		.byte	0x2
 764 0355 23       		.byte	0x23
 765 0356 00       		.uleb128 0x0
 766 0357 06       		.uleb128 0x6
 767 0358 A2020000 		.4byte	.LASF48
 768 035c 07       		.byte	0x7
 769 035d 2F       		.byte	0x2f
 770 035e 3D020000 		.4byte	0x23d
 771 0362 02       		.byte	0x2
 772 0363 23       		.byte	0x23
 773 0364 08       		.uleb128 0x8
 774 0365 06       		.uleb128 0x6
 775 0366 2C020000 		.4byte	.LASF49
 776 036a 07       		.byte	0x7
 777 036b 31       		.byte	0x31
 778 036c 74030000 		.4byte	0x374
 779 0370 02       		.byte	0x2
 780 0371 23       		.byte	0x23
 781 0372 0C       		.uleb128 0xc
 782 0373 00       		.byte	0x0
 783 0374 09       		.uleb128 0x9
 784 0375 04       		.byte	0x4
 785 0376 3D030000 		.4byte	0x33d
 786 037a 04       		.uleb128 0x4
 787 037b 44010000 		.4byte	.LASF46
 788 037f 07       		.byte	0x7
 789 0380 33       		.byte	0x33
 790 0381 3D030000 		.4byte	0x33d
 791 0385 0E       		.uleb128 0xe
 792 0386 04       		.byte	0x4
 793 0387 05       		.byte	0x5
 794 0388 90       		.byte	0x90
ARM GAS  /tmp/ccDhpzpi.s 			page 15


 795 0389 BA030000 		.4byte	0x3ba
 796 038d 0F       		.uleb128 0xf
 797 038e 13000000 		.4byte	.LASF50
 798 0392 05       		.byte	0x5
 799 0393 97       		.byte	0x97
 800 0394 C7000000 		.4byte	0xc7
 801 0398 0F       		.uleb128 0xf
 802 0399 3A000000 		.4byte	.LASF51
 803 039d 05       		.byte	0x5
 804 039e 9E       		.byte	0x9e
 805 039f C7000000 		.4byte	0xc7
 806 03a3 0F       		.uleb128 0xf
 807 03a4 74000000 		.4byte	.LASF52
 808 03a8 05       		.byte	0x5
 809 03a9 A5       		.byte	0xa5
 810 03aa 7B020000 		.4byte	0x27b
 811 03ae 0F       		.uleb128 0xf
 812 03af EA010000 		.4byte	.LASF53
 813 03b3 05       		.byte	0x5
 814 03b4 AC       		.byte	0xac
 815 03b5 D2000000 		.4byte	0xd2
 816 03b9 00       		.byte	0x0
 817 03ba 09       		.uleb128 0x9
 818 03bb 04       		.byte	0x4
 819 03bc C0030000 		.4byte	0x3c0
 820 03c0 10       		.uleb128 0x10
 821 03c1 C5030000 		.4byte	0x3c5
 822 03c5 03       		.uleb128 0x3
 823 03c6 01       		.byte	0x1
 824 03c7 08       		.byte	0x8
 825 03c8 1B020000 		.4byte	.LASF54
 826 03cc 09       		.uleb128 0x9
 827 03cd 04       		.byte	0x4
 828 03ce 7D020000 		.4byte	0x27d
 829 03d2 09       		.uleb128 0x9
 830 03d3 04       		.byte	0x4
 831 03d4 7A030000 		.4byte	0x37a
 832 03d8 11       		.uleb128 0x11
 833 03d9 01       		.byte	0x1
 834 03da 18010000 		.4byte	.LASF55
 835 03de 01       		.byte	0x1
 836 03df 33       		.byte	0x33
 837 03e0 01       		.byte	0x1
 838 03e1 00000000 		.4byte	.LFB0
 839 03e5 1E000000 		.4byte	.LFE0
 840 03e9 00000000 		.4byte	.LLST0
 841 03ed 19040000 		.4byte	0x419
 842 03f1 12       		.uleb128 0x12
 843 03f2 747000   		.ascii	"tp\000"
 844 03f5 01       		.byte	0x1
 845 03f6 33       		.byte	0x33
 846 03f7 3D020000 		.4byte	0x23d
 847 03fb 01       		.byte	0x1
 848 03fc 50       		.byte	0x50
 849 03fd 12       		.uleb128 0x12
 850 03fe 74717000 		.ascii	"tqp\000"
 851 0402 01       		.byte	0x1
ARM GAS  /tmp/ccDhpzpi.s 			page 16


 852 0403 33       		.byte	0x33
 853 0404 19040000 		.4byte	0x419
 854 0408 01       		.byte	0x1
 855 0409 51       		.byte	0x51
 856 040a 13       		.uleb128 0x13
 857 040b 637000   		.ascii	"cp\000"
 858 040e 01       		.byte	0x1
 859 040f 36       		.byte	0x36
 860 0410 3D020000 		.4byte	0x23d
 861 0414 20000000 		.4byte	.LLST1
 862 0418 00       		.byte	0x0
 863 0419 09       		.uleb128 0x9
 864 041a 04       		.byte	0x4
 865 041b 43020000 		.4byte	0x243
 866 041f 14       		.uleb128 0x14
 867 0420 01       		.byte	0x1
 868 0421 06000000 		.4byte	.LASF56
 869 0425 01       		.byte	0x1
 870 0426 4A       		.byte	0x4a
 871 0427 01       		.byte	0x1
 872 0428 00000000 		.4byte	.LFB1
 873 042c 0C000000 		.4byte	.LFE1
 874 0430 02       		.byte	0x2
 875 0431 7D       		.byte	0x7d
 876 0432 00       		.sleb128 0
 877 0433 51040000 		.4byte	0x451
 878 0437 12       		.uleb128 0x12
 879 0438 747000   		.ascii	"tp\000"
 880 043b 01       		.byte	0x1
 881 043c 4A       		.byte	0x4a
 882 043d 3D020000 		.4byte	0x23d
 883 0441 01       		.byte	0x1
 884 0442 50       		.byte	0x50
 885 0443 12       		.uleb128 0x12
 886 0444 74717000 		.ascii	"tqp\000"
 887 0448 01       		.byte	0x1
 888 0449 4A       		.byte	0x4a
 889 044a 19040000 		.4byte	0x419
 890 044e 01       		.byte	0x1
 891 044f 51       		.byte	0x51
 892 0450 00       		.byte	0x0
 893 0451 15       		.uleb128 0x15
 894 0452 01       		.byte	0x1
 895 0453 20020000 		.4byte	.LASF57
 896 0457 01       		.byte	0x1
 897 0458 5B       		.byte	0x5b
 898 0459 01       		.byte	0x1
 899 045a 3D020000 		.4byte	0x23d
 900 045e 00000000 		.4byte	.LFB2
 901 0462 0C000000 		.4byte	.LFE2
 902 0466 02       		.byte	0x2
 903 0467 7D       		.byte	0x7d
 904 0468 00       		.sleb128 0
 905 0469 8A040000 		.4byte	0x48a
 906 046d 16       		.uleb128 0x16
 907 046e 74717000 		.ascii	"tqp\000"
 908 0472 01       		.byte	0x1
ARM GAS  /tmp/ccDhpzpi.s 			page 17


 909 0473 5B       		.byte	0x5b
 910 0474 19040000 		.4byte	0x419
 911 0478 49000000 		.4byte	.LLST2
 912 047c 17       		.uleb128 0x17
 913 047d 747000   		.ascii	"tp\000"
 914 0480 01       		.byte	0x1
 915 0481 5C       		.byte	0x5c
 916 0482 3D020000 		.4byte	0x23d
 917 0486 02       		.byte	0x2
 918 0487 73       		.byte	0x73
 919 0488 00       		.sleb128 0
 920 0489 00       		.byte	0x0
 921 048a 15       		.uleb128 0x15
 922 048b 01       		.byte	0x1
 923 048c 5B020000 		.4byte	.LASF58
 924 0490 01       		.byte	0x1
 925 0491 6C       		.byte	0x6c
 926 0492 01       		.byte	0x1
 927 0493 3D020000 		.4byte	0x23d
 928 0497 00000000 		.4byte	.LFB3
 929 049b 0C000000 		.4byte	.LFE3
 930 049f 02       		.byte	0x2
 931 04a0 7D       		.byte	0x7d
 932 04a1 00       		.sleb128 0
 933 04a2 C3040000 		.4byte	0x4c3
 934 04a6 16       		.uleb128 0x16
 935 04a7 74717000 		.ascii	"tqp\000"
 936 04ab 01       		.byte	0x1
 937 04ac 6C       		.byte	0x6c
 938 04ad 19040000 		.4byte	0x419
 939 04b1 67000000 		.4byte	.LLST3
 940 04b5 17       		.uleb128 0x17
 941 04b6 747000   		.ascii	"tp\000"
 942 04b9 01       		.byte	0x1
 943 04ba 6D       		.byte	0x6d
 944 04bb 3D020000 		.4byte	0x23d
 945 04bf 02       		.byte	0x2
 946 04c0 73       		.byte	0x73
 947 04c1 04       		.sleb128 4
 948 04c2 00       		.byte	0x0
 949 04c3 15       		.uleb128 0x15
 950 04c4 01       		.byte	0x1
 951 04c5 8D010000 		.4byte	.LASF59
 952 04c9 01       		.byte	0x1
 953 04ca 7D       		.byte	0x7d
 954 04cb 01       		.byte	0x1
 955 04cc 3D020000 		.4byte	0x23d
 956 04d0 00000000 		.4byte	.LFB4
 957 04d4 0C000000 		.4byte	.LFE4
 958 04d8 02       		.byte	0x2
 959 04d9 7D       		.byte	0x7d
 960 04da 00       		.sleb128 0
 961 04db EC040000 		.4byte	0x4ec
 962 04df 12       		.uleb128 0x12
 963 04e0 747000   		.ascii	"tp\000"
 964 04e3 01       		.byte	0x1
 965 04e4 7D       		.byte	0x7d
ARM GAS  /tmp/ccDhpzpi.s 			page 18


 966 04e5 3D020000 		.4byte	0x23d
 967 04e9 01       		.byte	0x1
 968 04ea 50       		.byte	0x50
 969 04eb 00       		.byte	0x0
 970 04ec 14       		.uleb128 0x14
 971 04ed 01       		.byte	0x1
 972 04ee 95010000 		.4byte	.LASF60
 973 04f2 01       		.byte	0x1
 974 04f3 8C       		.byte	0x8c
 975 04f4 01       		.byte	0x1
 976 04f5 00000000 		.4byte	.LFB5
 977 04f9 08000000 		.4byte	.LFE5
 978 04fd 02       		.byte	0x2
 979 04fe 7D       		.byte	0x7d
 980 04ff 00       		.sleb128 0
 981 0500 1E050000 		.4byte	0x51e
 982 0504 12       		.uleb128 0x12
 983 0505 747000   		.ascii	"tp\000"
 984 0508 01       		.byte	0x1
 985 0509 8C       		.byte	0x8c
 986 050a 3D020000 		.4byte	0x23d
 987 050e 01       		.byte	0x1
 988 050f 50       		.byte	0x50
 989 0510 12       		.uleb128 0x12
 990 0511 746C7000 		.ascii	"tlp\000"
 991 0515 01       		.byte	0x1
 992 0516 8C       		.byte	0x8c
 993 0517 1E050000 		.4byte	0x51e
 994 051b 01       		.byte	0x1
 995 051c 51       		.byte	0x51
 996 051d 00       		.byte	0x0
 997 051e 09       		.uleb128 0x9
 998 051f 04       		.byte	0x4
 999 0520 65020000 		.4byte	0x265
 1000 0524 18       		.uleb128 0x18
 1001 0525 01       		.byte	0x1
 1002 0526 95000000 		.4byte	.LASF61
 1003 052a 01       		.byte	0x1
 1004 052b 9B       		.byte	0x9b
 1005 052c 01       		.byte	0x1
 1006 052d 3D020000 		.4byte	0x23d
 1007 0531 00000000 		.4byte	.LFB6
 1008 0535 0A000000 		.4byte	.LFE6
 1009 0539 02       		.byte	0x2
 1010 053a 7D       		.byte	0x7d
 1011 053b 00       		.sleb128 0
 1012 053c 16       		.uleb128 0x16
 1013 053d 746C7000 		.ascii	"tlp\000"
 1014 0541 01       		.byte	0x1
 1015 0542 9B       		.byte	0x9b
 1016 0543 1E050000 		.4byte	0x51e
 1017 0547 85000000 		.4byte	.LLST4
 1018 054b 13       		.uleb128 0x13
 1019 054c 747000   		.ascii	"tp\000"
 1020 054f 01       		.byte	0x1
 1021 0550 9D       		.byte	0x9d
 1022 0551 3D020000 		.4byte	0x23d
ARM GAS  /tmp/ccDhpzpi.s 			page 19


 1023 0555 98000000 		.4byte	.LLST5
 1024 0559 00       		.byte	0x0
 1025 055a 00       		.byte	0x0
 1026              		.section	.debug_abbrev
 1027 0000 01       		.uleb128 0x1
 1028 0001 11       		.uleb128 0x11
 1029 0002 01       		.byte	0x1
 1030 0003 25       		.uleb128 0x25
 1031 0004 0E       		.uleb128 0xe
 1032 0005 13       		.uleb128 0x13
 1033 0006 0B       		.uleb128 0xb
 1034 0007 03       		.uleb128 0x3
 1035 0008 0E       		.uleb128 0xe
 1036 0009 1B       		.uleb128 0x1b
 1037 000a 0E       		.uleb128 0xe
 1038 000b 11       		.uleb128 0x11
 1039 000c 01       		.uleb128 0x1
 1040 000d 52       		.uleb128 0x52
 1041 000e 01       		.uleb128 0x1
 1042 000f 55       		.uleb128 0x55
 1043 0010 06       		.uleb128 0x6
 1044 0011 10       		.uleb128 0x10
 1045 0012 06       		.uleb128 0x6
 1046 0013 00       		.byte	0x0
 1047 0014 00       		.byte	0x0
 1048 0015 02       		.uleb128 0x2
 1049 0016 24       		.uleb128 0x24
 1050 0017 00       		.byte	0x0
 1051 0018 0B       		.uleb128 0xb
 1052 0019 0B       		.uleb128 0xb
 1053 001a 3E       		.uleb128 0x3e
 1054 001b 0B       		.uleb128 0xb
 1055 001c 03       		.uleb128 0x3
 1056 001d 08       		.uleb128 0x8
 1057 001e 00       		.byte	0x0
 1058 001f 00       		.byte	0x0
 1059 0020 03       		.uleb128 0x3
 1060 0021 24       		.uleb128 0x24
 1061 0022 00       		.byte	0x0
 1062 0023 0B       		.uleb128 0xb
 1063 0024 0B       		.uleb128 0xb
 1064 0025 3E       		.uleb128 0x3e
 1065 0026 0B       		.uleb128 0xb
 1066 0027 03       		.uleb128 0x3
 1067 0028 0E       		.uleb128 0xe
 1068 0029 00       		.byte	0x0
 1069 002a 00       		.byte	0x0
 1070 002b 04       		.uleb128 0x4
 1071 002c 16       		.uleb128 0x16
 1072 002d 00       		.byte	0x0
 1073 002e 03       		.uleb128 0x3
 1074 002f 0E       		.uleb128 0xe
 1075 0030 3A       		.uleb128 0x3a
 1076 0031 0B       		.uleb128 0xb
 1077 0032 3B       		.uleb128 0x3b
 1078 0033 0B       		.uleb128 0xb
 1079 0034 49       		.uleb128 0x49
ARM GAS  /tmp/ccDhpzpi.s 			page 20


 1080 0035 13       		.uleb128 0x13
 1081 0036 00       		.byte	0x0
 1082 0037 00       		.byte	0x0
 1083 0038 05       		.uleb128 0x5
 1084 0039 13       		.uleb128 0x13
 1085 003a 01       		.byte	0x1
 1086 003b 03       		.uleb128 0x3
 1087 003c 0E       		.uleb128 0xe
 1088 003d 0B       		.uleb128 0xb
 1089 003e 0B       		.uleb128 0xb
 1090 003f 3A       		.uleb128 0x3a
 1091 0040 0B       		.uleb128 0xb
 1092 0041 3B       		.uleb128 0x3b
 1093 0042 0B       		.uleb128 0xb
 1094 0043 01       		.uleb128 0x1
 1095 0044 13       		.uleb128 0x13
 1096 0045 00       		.byte	0x0
 1097 0046 00       		.byte	0x0
 1098 0047 06       		.uleb128 0x6
 1099 0048 0D       		.uleb128 0xd
 1100 0049 00       		.byte	0x0
 1101 004a 03       		.uleb128 0x3
 1102 004b 0E       		.uleb128 0xe
 1103 004c 3A       		.uleb128 0x3a
 1104 004d 0B       		.uleb128 0xb
 1105 004e 3B       		.uleb128 0x3b
 1106 004f 0B       		.uleb128 0xb
 1107 0050 49       		.uleb128 0x49
 1108 0051 13       		.uleb128 0x13
 1109 0052 38       		.uleb128 0x38
 1110 0053 0A       		.uleb128 0xa
 1111 0054 00       		.byte	0x0
 1112 0055 00       		.byte	0x0
 1113 0056 07       		.uleb128 0x7
 1114 0057 0D       		.uleb128 0xd
 1115 0058 00       		.byte	0x0
 1116 0059 03       		.uleb128 0x3
 1117 005a 08       		.uleb128 0x8
 1118 005b 3A       		.uleb128 0x3a
 1119 005c 0B       		.uleb128 0xb
 1120 005d 3B       		.uleb128 0x3b
 1121 005e 0B       		.uleb128 0xb
 1122 005f 49       		.uleb128 0x49
 1123 0060 13       		.uleb128 0x13
 1124 0061 38       		.uleb128 0x38
 1125 0062 0A       		.uleb128 0xa
 1126 0063 00       		.byte	0x0
 1127 0064 00       		.byte	0x0
 1128 0065 08       		.uleb128 0x8
 1129 0066 13       		.uleb128 0x13
 1130 0067 01       		.byte	0x1
 1131 0068 0B       		.uleb128 0xb
 1132 0069 0B       		.uleb128 0xb
 1133 006a 3A       		.uleb128 0x3a
 1134 006b 0B       		.uleb128 0xb
 1135 006c 3B       		.uleb128 0x3b
 1136 006d 0B       		.uleb128 0xb
ARM GAS  /tmp/ccDhpzpi.s 			page 21


 1137 006e 01       		.uleb128 0x1
 1138 006f 13       		.uleb128 0x13
 1139 0070 00       		.byte	0x0
 1140 0071 00       		.byte	0x0
 1141 0072 09       		.uleb128 0x9
 1142 0073 0F       		.uleb128 0xf
 1143 0074 00       		.byte	0x0
 1144 0075 0B       		.uleb128 0xb
 1145 0076 0B       		.uleb128 0xb
 1146 0077 49       		.uleb128 0x49
 1147 0078 13       		.uleb128 0x13
 1148 0079 00       		.byte	0x0
 1149 007a 00       		.byte	0x0
 1150 007b 0A       		.uleb128 0xa
 1151 007c 0F       		.uleb128 0xf
 1152 007d 00       		.byte	0x0
 1153 007e 0B       		.uleb128 0xb
 1154 007f 0B       		.uleb128 0xb
 1155 0080 00       		.byte	0x0
 1156 0081 00       		.byte	0x0
 1157 0082 0B       		.uleb128 0xb
 1158 0083 0D       		.uleb128 0xd
 1159 0084 00       		.byte	0x0
 1160 0085 03       		.uleb128 0x3
 1161 0086 08       		.uleb128 0x8
 1162 0087 3A       		.uleb128 0x3a
 1163 0088 0B       		.uleb128 0xb
 1164 0089 3B       		.uleb128 0x3b
 1165 008a 05       		.uleb128 0x5
 1166 008b 49       		.uleb128 0x49
 1167 008c 13       		.uleb128 0x13
 1168 008d 38       		.uleb128 0x38
 1169 008e 0A       		.uleb128 0xa
 1170 008f 00       		.byte	0x0
 1171 0090 00       		.byte	0x0
 1172 0091 0C       		.uleb128 0xc
 1173 0092 13       		.uleb128 0x13
 1174 0093 01       		.byte	0x1
 1175 0094 03       		.uleb128 0x3
 1176 0095 0E       		.uleb128 0xe
 1177 0096 0B       		.uleb128 0xb
 1178 0097 0B       		.uleb128 0xb
 1179 0098 3A       		.uleb128 0x3a
 1180 0099 0B       		.uleb128 0xb
 1181 009a 3B       		.uleb128 0x3b
 1182 009b 05       		.uleb128 0x5
 1183 009c 01       		.uleb128 0x1
 1184 009d 13       		.uleb128 0x13
 1185 009e 00       		.byte	0x0
 1186 009f 00       		.byte	0x0
 1187 00a0 0D       		.uleb128 0xd
 1188 00a1 35       		.uleb128 0x35
 1189 00a2 00       		.byte	0x0
 1190 00a3 49       		.uleb128 0x49
 1191 00a4 13       		.uleb128 0x13
 1192 00a5 00       		.byte	0x0
 1193 00a6 00       		.byte	0x0
ARM GAS  /tmp/ccDhpzpi.s 			page 22


 1194 00a7 0E       		.uleb128 0xe
 1195 00a8 17       		.uleb128 0x17
 1196 00a9 01       		.byte	0x1
 1197 00aa 0B       		.uleb128 0xb
 1198 00ab 0B       		.uleb128 0xb
 1199 00ac 3A       		.uleb128 0x3a
 1200 00ad 0B       		.uleb128 0xb
 1201 00ae 3B       		.uleb128 0x3b
 1202 00af 0B       		.uleb128 0xb
 1203 00b0 01       		.uleb128 0x1
 1204 00b1 13       		.uleb128 0x13
 1205 00b2 00       		.byte	0x0
 1206 00b3 00       		.byte	0x0
 1207 00b4 0F       		.uleb128 0xf
 1208 00b5 0D       		.uleb128 0xd
 1209 00b6 00       		.byte	0x0
 1210 00b7 03       		.uleb128 0x3
 1211 00b8 0E       		.uleb128 0xe
 1212 00b9 3A       		.uleb128 0x3a
 1213 00ba 0B       		.uleb128 0xb
 1214 00bb 3B       		.uleb128 0x3b
 1215 00bc 0B       		.uleb128 0xb
 1216 00bd 49       		.uleb128 0x49
 1217 00be 13       		.uleb128 0x13
 1218 00bf 00       		.byte	0x0
 1219 00c0 00       		.byte	0x0
 1220 00c1 10       		.uleb128 0x10
 1221 00c2 26       		.uleb128 0x26
 1222 00c3 00       		.byte	0x0
 1223 00c4 49       		.uleb128 0x49
 1224 00c5 13       		.uleb128 0x13
 1225 00c6 00       		.byte	0x0
 1226 00c7 00       		.byte	0x0
 1227 00c8 11       		.uleb128 0x11
 1228 00c9 2E       		.uleb128 0x2e
 1229 00ca 01       		.byte	0x1
 1230 00cb 3F       		.uleb128 0x3f
 1231 00cc 0C       		.uleb128 0xc
 1232 00cd 03       		.uleb128 0x3
 1233 00ce 0E       		.uleb128 0xe
 1234 00cf 3A       		.uleb128 0x3a
 1235 00d0 0B       		.uleb128 0xb
 1236 00d1 3B       		.uleb128 0x3b
 1237 00d2 0B       		.uleb128 0xb
 1238 00d3 27       		.uleb128 0x27
 1239 00d4 0C       		.uleb128 0xc
 1240 00d5 11       		.uleb128 0x11
 1241 00d6 01       		.uleb128 0x1
 1242 00d7 12       		.uleb128 0x12
 1243 00d8 01       		.uleb128 0x1
 1244 00d9 40       		.uleb128 0x40
 1245 00da 06       		.uleb128 0x6
 1246 00db 01       		.uleb128 0x1
 1247 00dc 13       		.uleb128 0x13
 1248 00dd 00       		.byte	0x0
 1249 00de 00       		.byte	0x0
 1250 00df 12       		.uleb128 0x12
ARM GAS  /tmp/ccDhpzpi.s 			page 23


 1251 00e0 05       		.uleb128 0x5
 1252 00e1 00       		.byte	0x0
 1253 00e2 03       		.uleb128 0x3
 1254 00e3 08       		.uleb128 0x8
 1255 00e4 3A       		.uleb128 0x3a
 1256 00e5 0B       		.uleb128 0xb
 1257 00e6 3B       		.uleb128 0x3b
 1258 00e7 0B       		.uleb128 0xb
 1259 00e8 49       		.uleb128 0x49
 1260 00e9 13       		.uleb128 0x13
 1261 00ea 02       		.uleb128 0x2
 1262 00eb 0A       		.uleb128 0xa
 1263 00ec 00       		.byte	0x0
 1264 00ed 00       		.byte	0x0
 1265 00ee 13       		.uleb128 0x13
 1266 00ef 34       		.uleb128 0x34
 1267 00f0 00       		.byte	0x0
 1268 00f1 03       		.uleb128 0x3
 1269 00f2 08       		.uleb128 0x8
 1270 00f3 3A       		.uleb128 0x3a
 1271 00f4 0B       		.uleb128 0xb
 1272 00f5 3B       		.uleb128 0x3b
 1273 00f6 0B       		.uleb128 0xb
 1274 00f7 49       		.uleb128 0x49
 1275 00f8 13       		.uleb128 0x13
 1276 00f9 02       		.uleb128 0x2
 1277 00fa 06       		.uleb128 0x6
 1278 00fb 00       		.byte	0x0
 1279 00fc 00       		.byte	0x0
 1280 00fd 14       		.uleb128 0x14
 1281 00fe 2E       		.uleb128 0x2e
 1282 00ff 01       		.byte	0x1
 1283 0100 3F       		.uleb128 0x3f
 1284 0101 0C       		.uleb128 0xc
 1285 0102 03       		.uleb128 0x3
 1286 0103 0E       		.uleb128 0xe
 1287 0104 3A       		.uleb128 0x3a
 1288 0105 0B       		.uleb128 0xb
 1289 0106 3B       		.uleb128 0x3b
 1290 0107 0B       		.uleb128 0xb
 1291 0108 27       		.uleb128 0x27
 1292 0109 0C       		.uleb128 0xc
 1293 010a 11       		.uleb128 0x11
 1294 010b 01       		.uleb128 0x1
 1295 010c 12       		.uleb128 0x12
 1296 010d 01       		.uleb128 0x1
 1297 010e 40       		.uleb128 0x40
 1298 010f 0A       		.uleb128 0xa
 1299 0110 01       		.uleb128 0x1
 1300 0111 13       		.uleb128 0x13
 1301 0112 00       		.byte	0x0
 1302 0113 00       		.byte	0x0
 1303 0114 15       		.uleb128 0x15
 1304 0115 2E       		.uleb128 0x2e
 1305 0116 01       		.byte	0x1
 1306 0117 3F       		.uleb128 0x3f
 1307 0118 0C       		.uleb128 0xc
ARM GAS  /tmp/ccDhpzpi.s 			page 24


 1308 0119 03       		.uleb128 0x3
 1309 011a 0E       		.uleb128 0xe
 1310 011b 3A       		.uleb128 0x3a
 1311 011c 0B       		.uleb128 0xb
 1312 011d 3B       		.uleb128 0x3b
 1313 011e 0B       		.uleb128 0xb
 1314 011f 27       		.uleb128 0x27
 1315 0120 0C       		.uleb128 0xc
 1316 0121 49       		.uleb128 0x49
 1317 0122 13       		.uleb128 0x13
 1318 0123 11       		.uleb128 0x11
 1319 0124 01       		.uleb128 0x1
 1320 0125 12       		.uleb128 0x12
 1321 0126 01       		.uleb128 0x1
 1322 0127 40       		.uleb128 0x40
 1323 0128 0A       		.uleb128 0xa
 1324 0129 01       		.uleb128 0x1
 1325 012a 13       		.uleb128 0x13
 1326 012b 00       		.byte	0x0
 1327 012c 00       		.byte	0x0
 1328 012d 16       		.uleb128 0x16
 1329 012e 05       		.uleb128 0x5
 1330 012f 00       		.byte	0x0
 1331 0130 03       		.uleb128 0x3
 1332 0131 08       		.uleb128 0x8
 1333 0132 3A       		.uleb128 0x3a
 1334 0133 0B       		.uleb128 0xb
 1335 0134 3B       		.uleb128 0x3b
 1336 0135 0B       		.uleb128 0xb
 1337 0136 49       		.uleb128 0x49
 1338 0137 13       		.uleb128 0x13
 1339 0138 02       		.uleb128 0x2
 1340 0139 06       		.uleb128 0x6
 1341 013a 00       		.byte	0x0
 1342 013b 00       		.byte	0x0
 1343 013c 17       		.uleb128 0x17
 1344 013d 34       		.uleb128 0x34
 1345 013e 00       		.byte	0x0
 1346 013f 03       		.uleb128 0x3
 1347 0140 08       		.uleb128 0x8
 1348 0141 3A       		.uleb128 0x3a
 1349 0142 0B       		.uleb128 0xb
 1350 0143 3B       		.uleb128 0x3b
 1351 0144 0B       		.uleb128 0xb
 1352 0145 49       		.uleb128 0x49
 1353 0146 13       		.uleb128 0x13
 1354 0147 02       		.uleb128 0x2
 1355 0148 0A       		.uleb128 0xa
 1356 0149 00       		.byte	0x0
 1357 014a 00       		.byte	0x0
 1358 014b 18       		.uleb128 0x18
 1359 014c 2E       		.uleb128 0x2e
 1360 014d 01       		.byte	0x1
 1361 014e 3F       		.uleb128 0x3f
 1362 014f 0C       		.uleb128 0xc
 1363 0150 03       		.uleb128 0x3
 1364 0151 0E       		.uleb128 0xe
ARM GAS  /tmp/ccDhpzpi.s 			page 25


 1365 0152 3A       		.uleb128 0x3a
 1366 0153 0B       		.uleb128 0xb
 1367 0154 3B       		.uleb128 0x3b
 1368 0155 0B       		.uleb128 0xb
 1369 0156 27       		.uleb128 0x27
 1370 0157 0C       		.uleb128 0xc
 1371 0158 49       		.uleb128 0x49
 1372 0159 13       		.uleb128 0x13
 1373 015a 11       		.uleb128 0x11
 1374 015b 01       		.uleb128 0x1
 1375 015c 12       		.uleb128 0x12
 1376 015d 01       		.uleb128 0x1
 1377 015e 40       		.uleb128 0x40
 1378 015f 0A       		.uleb128 0xa
 1379 0160 00       		.byte	0x0
 1380 0161 00       		.byte	0x0
 1381 0162 00       		.byte	0x0
 1382              		.section	.debug_pubnames,"",%progbits
 1383 0000 7B000000 		.4byte	0x7b
 1384 0004 0200     		.2byte	0x2
 1385 0006 00000000 		.4byte	.Ldebug_info0
 1386 000a 5B050000 		.4byte	0x55b
 1387 000e D8030000 		.4byte	0x3d8
 1388 0012 7072696F 		.ascii	"prio_insert\000"
 1388      5F696E73 
 1388      65727400 
 1389 001e 1F040000 		.4byte	0x41f
 1390 0022 71756575 		.ascii	"queue_insert\000"
 1390      655F696E 
 1390      73657274 
 1390      00
 1391 002f 51040000 		.4byte	0x451
 1392 0033 6669666F 		.ascii	"fifo_remove\000"
 1392      5F72656D 
 1392      6F766500 
 1393 003f 8A040000 		.4byte	0x48a
 1394 0043 6C69666F 		.ascii	"lifo_remove\000"
 1394      5F72656D 
 1394      6F766500 
 1395 004f C3040000 		.4byte	0x4c3
 1396 0053 64657175 		.ascii	"dequeue\000"
 1396      65756500 
 1397 005b EC040000 		.4byte	0x4ec
 1398 005f 6C697374 		.ascii	"list_insert\000"
 1398      5F696E73 
 1398      65727400 
 1399 006b 24050000 		.4byte	0x524
 1400 006f 6C697374 		.ascii	"list_remove\000"
 1400      5F72656D 
 1400      6F766500 
 1401 007b 00000000 		.4byte	0x0
 1402              		.section	.debug_pubtypes,"",%progbits
 1403 0000 17010000 		.4byte	0x117
 1404 0004 0200     		.2byte	0x2
 1405 0006 00000000 		.4byte	.Ldebug_info0
 1406 000a 5B050000 		.4byte	0x55b
 1407 000e 3E000000 		.4byte	0x3e
ARM GAS  /tmp/ccDhpzpi.s 			page 26


 1408 0012 75696E74 		.ascii	"uint8_t\000"
 1408      385F7400 
 1409 001a 5E000000 		.4byte	0x5e
 1410 001e 696E7433 		.ascii	"int32_t\000"
 1410      325F7400 
 1411 0026 70000000 		.4byte	0x70
 1412 002a 75696E74 		.ascii	"uint32_t\000"
 1412      33325F74 
 1412      00
 1413 0033 89000000 		.4byte	0x89
 1414 0037 75696E74 		.ascii	"uint64_t\000"
 1414      36345F74 
 1414      00
 1415 0040 9B000000 		.4byte	0x9b
 1416 0044 746D6F64 		.ascii	"tmode_t\000"
 1416      655F7400 
 1417 004c A6000000 		.4byte	0xa6
 1418 0050 74737461 		.ascii	"tstate_t\000"
 1418      74655F74 
 1418      00
 1419 0059 B1000000 		.4byte	0xb1
 1420 005d 74726566 		.ascii	"trefs_t\000"
 1420      735F7400 
 1421 0065 BC000000 		.4byte	0xbc
 1422 0069 74707269 		.ascii	"tprio_t\000"
 1422      6F5F7400 
 1423 0071 C7000000 		.4byte	0xc7
 1424 0075 6D73675F 		.ascii	"msg_t\000"
 1424      7400
 1425 007b D2000000 		.4byte	0xd2
 1426 007f 6576656E 		.ascii	"eventmask_t\000"
 1426      746D6173 
 1426      6B5F7400 
 1427 008b DD000000 		.4byte	0xdd
 1428 008f 73797374 		.ascii	"systime_t\000"
 1428      696D655F 
 1428      7400
 1429 0099 E8000000 		.4byte	0xe8
 1430 009d 54687265 		.ascii	"Thread\000"
 1430      616400
 1431 00a4 43020000 		.4byte	0x243
 1432 00a8 54687265 		.ascii	"ThreadsQueue\000"
 1432      61647351 
 1432      75657565 
 1432      00
 1433 00b5 65020000 		.4byte	0x265
 1434 00b9 54687265 		.ascii	"ThreadsList\000"
 1434      6164734C 
 1434      69737400 
 1435 00c5 70020000 		.4byte	0x270
 1436 00c9 72656761 		.ascii	"regarm_t\000"
 1436      726D5F74 
 1436      00
 1437 00d2 7D020000 		.4byte	0x27d
 1438 00d6 73746B61 		.ascii	"stkalign_t\000"
 1438      6C69676E 
 1438      5F7400
ARM GAS  /tmp/ccDhpzpi.s 			page 27


 1439 00e1 88020000 		.4byte	0x288
 1440 00e5 696E7463 		.ascii	"intctx\000"
 1440      747800
 1441 00ec 15030000 		.4byte	0x315
 1442 00f0 636F6E74 		.ascii	"context\000"
 1442      65787400 
 1443 00f8 3D030000 		.4byte	0x33d
 1444 00fc 4D757465 		.ascii	"Mutex\000"
 1444      7800
 1445 0102 7A030000 		.4byte	0x37a
 1446 0106 4D757465 		.ascii	"Mutex\000"
 1446      7800
 1447 010c F3000000 		.4byte	0xf3
 1448 0110 54687265 		.ascii	"Thread\000"
 1448      616400
 1449 0117 00000000 		.4byte	0x0
 1450              		.section	.debug_aranges,"",%progbits
 1451 0000 4C000000 		.4byte	0x4c
 1452 0004 0200     		.2byte	0x2
 1453 0006 00000000 		.4byte	.Ldebug_info0
 1454 000a 04       		.byte	0x4
 1455 000b 00       		.byte	0x0
 1456 000c 0000     		.2byte	0x0
 1457 000e 0000     		.2byte	0x0
 1458 0010 00000000 		.4byte	.LFB0
 1459 0014 1E000000 		.4byte	.LFE0-.LFB0
 1460 0018 00000000 		.4byte	.LFB1
 1461 001c 0C000000 		.4byte	.LFE1-.LFB1
 1462 0020 00000000 		.4byte	.LFB2
 1463 0024 0C000000 		.4byte	.LFE2-.LFB2
 1464 0028 00000000 		.4byte	.LFB3
 1465 002c 0C000000 		.4byte	.LFE3-.LFB3
 1466 0030 00000000 		.4byte	.LFB4
 1467 0034 0C000000 		.4byte	.LFE4-.LFB4
 1468 0038 00000000 		.4byte	.LFB5
 1469 003c 08000000 		.4byte	.LFE5-.LFB5
 1470 0040 00000000 		.4byte	.LFB6
 1471 0044 0A000000 		.4byte	.LFE6-.LFB6
 1472 0048 00000000 		.4byte	0x0
 1473 004c 00000000 		.4byte	0x0
 1474              		.section	.debug_ranges,"",%progbits
 1475              	.Ldebug_ranges0:
 1476 0000 00000000 		.4byte	.LFB0
 1477 0004 1E000000 		.4byte	.LFE0
 1478 0008 00000000 		.4byte	.LFB1
 1479 000c 0C000000 		.4byte	.LFE1
 1480 0010 00000000 		.4byte	.LFB2
 1481 0014 0C000000 		.4byte	.LFE2
 1482 0018 00000000 		.4byte	.LFB3
 1483 001c 0C000000 		.4byte	.LFE3
 1484 0020 00000000 		.4byte	.LFB4
 1485 0024 0C000000 		.4byte	.LFE4
 1486 0028 00000000 		.4byte	.LFB5
 1487 002c 08000000 		.4byte	.LFE5
 1488 0030 00000000 		.4byte	.LFB6
 1489 0034 0A000000 		.4byte	.LFE6
 1490 0038 00000000 		.4byte	0x0
ARM GAS  /tmp/ccDhpzpi.s 			page 28


 1491 003c 00000000 		.4byte	0x0
 1492              		.section	.debug_str,"MS",%progbits,1
 1493              	.LASF35:
 1494 0000 705F6D73 		.ascii	"p_msg\000"
 1494      6700
 1495              	.LASF56:
 1496 0006 71756575 		.ascii	"queue_insert\000"
 1496      655F696E 
 1496      73657274 
 1496      00
 1497              	.LASF50:
 1498 0013 7264796D 		.ascii	"rdymsg\000"
 1498      736700
 1499              	.LASF11:
 1500 001a 75696E74 		.ascii	"uint64_t\000"
 1500      36345F74 
 1500      00
 1501              	.LASF12:
 1502 0023 6C6F6E67 		.ascii	"long long unsigned int\000"
 1502      206C6F6E 
 1502      6720756E 
 1502      7369676E 
 1502      65642069 
 1503              	.LASF51:
 1504 003a 65786974 		.ascii	"exitcode\000"
 1504      636F6465 
 1504      00
 1505              	.LASF23:
 1506 0043 705F7072 		.ascii	"p_prio\000"
 1506      696F00
 1507              	.LASF10:
 1508 004a 6C6F6E67 		.ascii	"long long int\000"
 1508      206C6F6E 
 1508      6720696E 
 1508      7400
 1509              	.LASF1:
 1510 0058 7369676E 		.ascii	"signed char\000"
 1510      65642063 
 1510      68617200 
 1511              	.LASF39:
 1512 0064 705F6D70 		.ascii	"p_mpool\000"
 1512      6F6F6C00 
 1513              	.LASF47:
 1514 006c 6D5F7175 		.ascii	"m_queue\000"
 1514      65756500 
 1515              	.LASF52:
 1516 0074 77746F62 		.ascii	"wtobjp\000"
 1516      6A7000
 1517              	.LASF7:
 1518 007b 6C6F6E67 		.ascii	"long int\000"
 1518      20696E74 
 1518      00
 1519              	.LASF14:
 1520 0084 74737461 		.ascii	"tstate_t\000"
 1520      74655F74 
 1520      00
 1521              	.LASF25:
ARM GAS  /tmp/ccDhpzpi.s 			page 29


 1522 008d 705F6E65 		.ascii	"p_newer\000"
 1522      77657200 
 1523              	.LASF61:
 1524 0095 6C697374 		.ascii	"list_remove\000"
 1524      5F72656D 
 1524      6F766500 
 1525              	.LASF42:
 1526 00a1 72656761 		.ascii	"regarm_t\000"
 1526      726D5F74 
 1526      00
 1527              	.LASF28:
 1528 00aa 705F7374 		.ascii	"p_stklimit\000"
 1528      6B6C696D 
 1528      697400
 1529              	.LASF0:
 1530 00b5 756E7369 		.ascii	"unsigned int\000"
 1530      676E6564 
 1530      20696E74 
 1530      00
 1531              	.LASF9:
 1532 00c2 6C6F6E67 		.ascii	"long unsigned int\000"
 1532      20756E73 
 1532      69676E65 
 1532      6420696E 
 1532      7400
 1533              	.LASF45:
 1534 00d4 636F6E74 		.ascii	"context\000"
 1534      65787400 
 1535              	.LASF64:
 1536 00dc 2F686F6D 		.ascii	"/home/z80/projects/dfu.git/firmware-pawn-dev/firmwa"
 1536      652F7A38 
 1536      302F7072 
 1536      6F6A6563 
 1536      74732F64 
 1537 010f 726500   		.ascii	"re\000"
 1538              	.LASF17:
 1539 0112 6D73675F 		.ascii	"msg_t\000"
 1539      7400
 1540              	.LASF55:
 1541 0118 7072696F 		.ascii	"prio_insert\000"
 1541      5F696E73 
 1541      65727400 
 1542              	.LASF13:
 1543 0124 746D6F64 		.ascii	"tmode_t\000"
 1543      655F7400 
 1544              	.LASF41:
 1545 012c 54687265 		.ascii	"ThreadsList\000"
 1545      6164734C 
 1545      69737400 
 1546              	.LASF18:
 1547 0138 6576656E 		.ascii	"eventmask_t\000"
 1547      746D6173 
 1547      6B5F7400 
 1548              	.LASF46:
 1549 0144 4D757465 		.ascii	"Mutex\000"
 1549      7800
 1550              	.LASF43:
ARM GAS  /tmp/ccDhpzpi.s 			page 30


 1551 014a 73746B61 		.ascii	"stkalign_t\000"
 1551      6C69676E 
 1551      5F7400
 1552              	.LASF63:
 1553 0155 2E2E2F63 		.ascii	"../chibios/os/kernel/src/chlists.c\000"
 1553      68696269 
 1553      6F732F6F 
 1553      732F6B65 
 1553      726E656C 
 1554              	.LASF26:
 1555 0178 705F6F6C 		.ascii	"p_older\000"
 1555      64657200 
 1556              	.LASF40:
 1557 0180 54687265 		.ascii	"ThreadsQueue\000"
 1557      61647351 
 1557      75657565 
 1557      00
 1558              	.LASF59:
 1559 018d 64657175 		.ascii	"dequeue\000"
 1559      65756500 
 1560              	.LASF60:
 1561 0195 6C697374 		.ascii	"list_insert\000"
 1561      5F696E73 
 1561      65727400 
 1562              	.LASF15:
 1563 01a1 74726566 		.ascii	"trefs_t\000"
 1563      735F7400 
 1564              	.LASF22:
 1565 01a9 705F7072 		.ascii	"p_prev\000"
 1565      657600
 1566              	.LASF16:
 1567 01b0 74707269 		.ascii	"tprio_t\000"
 1567      6F5F7400 
 1568              	.LASF6:
 1569 01b8 696E7433 		.ascii	"int32_t\000"
 1569      325F7400 
 1570              	.LASF2:
 1571 01c0 756E7369 		.ascii	"unsigned char\000"
 1571      676E6564 
 1571      20636861 
 1571      7200
 1572              	.LASF37:
 1573 01ce 705F6D74 		.ascii	"p_mtxlist\000"
 1573      786C6973 
 1573      7400
 1574              	.LASF3:
 1575 01d8 73686F72 		.ascii	"short int\000"
 1575      7420696E 
 1575      7400
 1576              	.LASF29:
 1577 01e2 705F7374 		.ascii	"p_state\000"
 1577      61746500 
 1578              	.LASF53:
 1579 01ea 65776D61 		.ascii	"ewmask\000"
 1579      736B00
 1580              	.LASF21:
 1581 01f1 705F6E65 		.ascii	"p_next\000"
ARM GAS  /tmp/ccDhpzpi.s 			page 31


 1581      787400
 1582              	.LASF30:
 1583 01f8 705F666C 		.ascii	"p_flags\000"
 1583      61677300 
 1584              	.LASF20:
 1585 0200 54687265 		.ascii	"Thread\000"
 1585      616400
 1586              	.LASF36:
 1587 0207 705F6570 		.ascii	"p_epending\000"
 1587      656E6469 
 1587      6E6700
 1588              	.LASF8:
 1589 0212 75696E74 		.ascii	"uint32_t\000"
 1589      33325F74 
 1589      00
 1590              	.LASF54:
 1591 021b 63686172 		.ascii	"char\000"
 1591      00
 1592              	.LASF57:
 1593 0220 6669666F 		.ascii	"fifo_remove\000"
 1593      5F72656D 
 1593      6F766500 
 1594              	.LASF49:
 1595 022c 6D5F6E65 		.ascii	"m_next\000"
 1595      787400
 1596              	.LASF19:
 1597 0233 73797374 		.ascii	"systime_t\000"
 1597      696D655F 
 1597      7400
 1598              	.LASF38:
 1599 023d 705F7265 		.ascii	"p_realprio\000"
 1599      616C7072 
 1599      696F00
 1600              	.LASF4:
 1601 0248 73686F72 		.ascii	"short unsigned int\000"
 1601      7420756E 
 1601      7369676E 
 1601      65642069 
 1601      6E7400
 1602              	.LASF58:
 1603 025b 6C69666F 		.ascii	"lifo_remove\000"
 1603      5F72656D 
 1603      6F766500 
 1604              	.LASF44:
 1605 0267 696E7463 		.ascii	"intctx\000"
 1605      747800
 1606              	.LASF34:
 1607 026e 705F6D73 		.ascii	"p_msgqueue\000"
 1607      67717565 
 1607      756500
 1608              	.LASF31:
 1609 0279 705F7265 		.ascii	"p_refs\000"
 1609      667300
 1610              	.LASF5:
 1611 0280 75696E74 		.ascii	"uint8_t\000"
 1611      385F7400 
 1612              	.LASF32:
ARM GAS  /tmp/ccDhpzpi.s 			page 32


 1613 0288 705F7469 		.ascii	"p_time\000"
 1613      6D6500
 1614              	.LASF62:
 1615 028f 474E5520 		.ascii	"GNU C 4.5.2\000"
 1615      4320342E 
 1615      352E3200 
 1616              	.LASF27:
 1617 029b 705F6E61 		.ascii	"p_name\000"
 1617      6D6500
 1618              	.LASF48:
 1619 02a2 6D5F6F77 		.ascii	"m_owner\000"
 1619      6E657200 
 1620              	.LASF24:
 1621 02aa 705F6374 		.ascii	"p_ctx\000"
 1621      7800
 1622              	.LASF33:
 1623 02b0 705F7761 		.ascii	"p_waiting\000"
 1623      6974696E 
 1623      6700
 1624              		.ident	"GCC: (Sourcery G++ Lite 2011.03-42) 4.5.2"
ARM GAS  /tmp/ccDhpzpi.s 			page 33


DEFINED SYMBOLS
                            *ABS*:00000000 chlists.c
     /tmp/ccDhpzpi.s:24     .text.prio_insert:00000000 $t
     /tmp/ccDhpzpi.s:29     .text.prio_insert:00000000 prio_insert
     /tmp/ccDhpzpi.s:72     .text.queue_insert:00000000 $t
     /tmp/ccDhpzpi.s:77     .text.queue_insert:00000000 queue_insert
     /tmp/ccDhpzpi.s:100    .text.fifo_remove:00000000 $t
     /tmp/ccDhpzpi.s:105    .text.fifo_remove:00000000 fifo_remove
     /tmp/ccDhpzpi.s:128    .text.lifo_remove:00000000 $t
     /tmp/ccDhpzpi.s:133    .text.lifo_remove:00000000 lifo_remove
     /tmp/ccDhpzpi.s:156    .text.dequeue:00000000 $t
     /tmp/ccDhpzpi.s:161    .text.dequeue:00000000 dequeue
     /tmp/ccDhpzpi.s:182    .text.list_insert:00000000 $t
     /tmp/ccDhpzpi.s:187    .text.list_insert:00000000 list_insert
     /tmp/ccDhpzpi.s:206    .text.list_remove:00000000 $t
     /tmp/ccDhpzpi.s:211    .text.list_remove:00000000 list_remove
                     .debug_frame:00000010 $d

NO UNDEFINED SYMBOLS
