ARM GAS  /tmp/ccSTBfIw.s 			page 1


   1              		.syntax unified
   2              		.cpu cortex-m3
   3              		.fpu softvfp
   4              		.eabi_attribute 20, 1
   5              		.eabi_attribute 21, 1
   6              		.eabi_attribute 23, 3
   7              		.eabi_attribute 24, 1
   8              		.eabi_attribute 25, 1
   9              		.eabi_attribute 26, 1
  10              		.eabi_attribute 30, 4
  11              		.eabi_attribute 18, 4
  12              		.thumb
  13              		.file	"chmempools.c"
  14              		.section	.debug_abbrev,"",%progbits
  15              	.Ldebug_abbrev0:
  16              		.section	.debug_info,"",%progbits
  17              	.Ldebug_info0:
  18              		.section	.debug_line,"",%progbits
  19              	.Ldebug_line0:
  20 0000 75010000 		.text
  20      0200DB00 
  20      00000201 
  20      FB0E0D00 
  20      01010101 
  21              	.Ltext0:
  22              		.cfi_sections	.debug_frame
  23              		.section	.text.chPoolInit,"ax",%progbits
  24              		.align	1
  25              		.global	chPoolInit
  26              		.thumb
  27              		.thumb_func
  28              		.type	chPoolInit, %function
  29              	chPoolInit:
  30              	.LFB0:
  31              		.file 1 "../chibios/os/kernel/src/chmempools.c"
  32              		.loc 1 61 0
  33              		.cfi_startproc
  34              		@ args = 0, pretend = 0, frame = 0
  35              		@ frame_needed = 0, uses_anonymous_args = 0
  36              	.LVL0:
  37 0000 70B5     		push	{r4, r5, r6, lr}
  38              	.LCFI0:
  39              		.cfi_def_cfa_offset 16
  40              		.loc 1 61 0
  41 0002 0C46     		mov	r4, r1
  42              		.cfi_offset 14, -4
  43              		.cfi_offset 6, -8
  44              		.cfi_offset 5, -12
  45              		.cfi_offset 4, -16
  46 0004 1646     		mov	r6, r2
  47              		.loc 1 63 0
  48 0006 0546     		mov	r5, r0
  49 0008 08B1     		cbz	r0, .L2
  50              		.loc 1 63 0 is_stmt 0 discriminator 2
  51 000a 0329     		cmp	r1, #3
  52 000c 02D8     		bhi	.L3
  53              	.L2:
ARM GAS  /tmp/ccSTBfIw.s 			page 2


  54              		.loc 1 63 0 discriminator 1
  55 000e 0548     		ldr	r0, .L4
  56              	.LVL1:
  57 0010 FFF7FEFF 		bl	chDbgPanic
  58              	.LVL2:
  59              	.L3:
  60              		.loc 1 66 0 is_stmt 1
  61 0014 0734     		adds	r4, r4, #7
  62              	.LVL3:
  63              		.loc 1 65 0
  64 0016 0023     		movs	r3, #0
  65              		.loc 1 66 0
  66 0018 24F00704 		bic	r4, r4, #7
  67              	.LVL4:
  68              		.loc 1 65 0
  69 001c 2B60     		str	r3, [r5, #0]
  70              		.loc 1 66 0
  71 001e 6C60     		str	r4, [r5, #4]
  72              		.loc 1 67 0
  73 0020 AE60     		str	r6, [r5, #8]
  74              		.loc 1 68 0
  75 0022 70BD     		pop	{r4, r5, r6, pc}
  76              	.L5:
  77              		.align	2
  78              	.L4:
  79 0024 00000000 		.word	.LC0
  80              		.cfi_endproc
  81              	.LFE0:
  82              		.size	chPoolInit, .-chPoolInit
  83              		.section	.text.chPoolAllocI,"ax",%progbits
  84              		.align	1
  85              		.global	chPoolAllocI
  86              		.thumb
  87              		.thumb_func
  88              		.type	chPoolAllocI, %function
  89              	chPoolAllocI:
  90              	.LFB1:
  91              		.loc 1 79 0
  92              		.cfi_startproc
  93              		@ args = 0, pretend = 0, frame = 0
  94              		@ frame_needed = 0, uses_anonymous_args = 0
  95              	.LVL5:
  96 0000 10B5     		push	{r4, lr}
  97              	.LCFI1:
  98              		.cfi_def_cfa_offset 8
  99              		.loc 1 79 0
 100 0002 0446     		mov	r4, r0
 101              		.cfi_offset 14, -4
 102              		.cfi_offset 4, -8
 103              		.loc 1 82 0
 104 0004 FFF7FEFF 		bl	chDbgCheckClassI
 105              	.LVL6:
 106              		.loc 1 83 0
 107 0008 14B9     		cbnz	r4, .L7
 108              		.loc 1 83 0 is_stmt 0 discriminator 1
 109 000a 0648     		ldr	r0, .L10
 110 000c FFF7FEFF 		bl	chDbgPanic
ARM GAS  /tmp/ccSTBfIw.s 			page 3


 111              	.L7:
 112              		.loc 1 85 0 is_stmt 1
 113 0010 2068     		ldr	r0, [r4, #0]
 114              	.LVL7:
 115 0012 10B1     		cbz	r0, .L8
 116              		.loc 1 86 0
 117 0014 0368     		ldr	r3, [r0, #0]
 118 0016 2360     		str	r3, [r4, #0]
 119 0018 10BD     		pop	{r4, pc}
 120              	.L8:
 121              		.loc 1 87 0
 122 001a A368     		ldr	r3, [r4, #8]
 123 001c 0BB1     		cbz	r3, .L9
 124              		.loc 1 88 0
 125 001e 6068     		ldr	r0, [r4, #4]
 126 0020 9847     		blx	r3
 127              	.LVL8:
 128              	.L9:
 129              		.loc 1 90 0
 130 0022 10BD     		pop	{r4, pc}
 131              	.L11:
 132              		.align	2
 133              	.L10:
 134 0024 0F000000 		.word	.LC1
 135              		.cfi_endproc
 136              	.LFE1:
 137              		.size	chPoolAllocI, .-chPoolAllocI
 138              		.section	.text.chPoolAlloc,"ax",%progbits
 139              		.align	1
 140              		.global	chPoolAlloc
 141              		.thumb
 142              		.thumb_func
 143              		.type	chPoolAlloc, %function
 144              	chPoolAlloc:
 145              	.LFB2:
 146              		.loc 1 101 0
 147              		.cfi_startproc
 148              		@ args = 0, pretend = 0, frame = 0
 149              		@ frame_needed = 0, uses_anonymous_args = 0
 150              	.LVL9:
 151 0000 10B5     		push	{r4, lr}
 152              	.LCFI2:
 153              		.cfi_def_cfa_offset 8
 154              		.loc 1 101 0
 155 0002 0446     		mov	r4, r0
 156              		.cfi_offset 14, -4
 157              		.cfi_offset 4, -8
 158              		.loc 1 104 0
 159              	@ 104 "../chibios/os/kernel/src/chmempools.c" 1
 160 0004 FFF7FEFF 		bl      _port_lock
 161              	@ 0 "" 2
 162              		.thumb
 163 0008 FFF7FEFF 		bl	dbg_check_lock
 164              	.LVL10:
 165              		.loc 1 105 0
 166 000c 2046     		mov	r0, r4
 167 000e FFF7FEFF 		bl	chPoolAllocI
ARM GAS  /tmp/ccSTBfIw.s 			page 4


 168 0012 0446     		mov	r4, r0
 169              	.LVL11:
 170              		.loc 1 106 0
 171 0014 FFF7FEFF 		bl	dbg_check_unlock
 172              	.LVL12:
 173              	@ 106 "../chibios/os/kernel/src/chmempools.c" 1
 174 0018 FFF7FEFF 		bl      _port_unlock
 175              	@ 0 "" 2
 176              		.loc 1 108 0
 177              		.thumb
 178 001c 2046     		mov	r0, r4
 179 001e 10BD     		pop	{r4, pc}
 180              		.cfi_endproc
 181              	.LFE2:
 182              		.size	chPoolAlloc, .-chPoolAlloc
 183              		.section	.text.chPoolFreeI,"ax",%progbits
 184              		.align	1
 185              		.global	chPoolFreeI
 186              		.thumb
 187              		.thumb_func
 188              		.type	chPoolFreeI, %function
 189              	chPoolFreeI:
 190              	.LFB3:
 191              		.loc 1 122 0
 192              		.cfi_startproc
 193              		@ args = 0, pretend = 0, frame = 0
 194              		@ frame_needed = 0, uses_anonymous_args = 0
 195              	.LVL13:
 196 0000 38B5     		push	{r3, r4, r5, lr}
 197              	.LCFI3:
 198              		.cfi_def_cfa_offset 16
 199              		.loc 1 122 0
 200 0002 0446     		mov	r4, r0
 201              		.cfi_offset 14, -4
 202              		.cfi_offset 5, -8
 203              		.cfi_offset 4, -12
 204              		.cfi_offset 3, -16
 205 0004 0D46     		mov	r5, r1
 206              	.LVL14:
 207              		.loc 1 125 0
 208 0006 FFF7FEFF 		bl	chDbgCheckClassI
 209              	.LVL15:
 210              		.loc 1 126 0
 211 000a 1CB1     		cbz	r4, .L14
 212              		.loc 1 126 0 is_stmt 0 discriminator 2
 213 000c 15B1     		cbz	r5, .L14
 214              		.loc 1 126 0 discriminator 3
 215 000e 15F0070F 		tst	r5, #7
 216 0012 02D0     		beq	.L15
 217              	.LVL16:
 218              	.L14:
 219              		.loc 1 126 0 discriminator 1
 220 0014 0348     		ldr	r0, .L16
 221 0016 FFF7FEFF 		bl	chDbgPanic
 222              	.L15:
 223              		.loc 1 129 0 is_stmt 1
 224 001a 2368     		ldr	r3, [r4, #0]
ARM GAS  /tmp/ccSTBfIw.s 			page 5


 225 001c 2B60     		str	r3, [r5, #0]
 226              		.loc 1 130 0
 227 001e 2560     		str	r5, [r4, #0]
 228              		.loc 1 131 0
 229 0020 38BD     		pop	{r3, r4, r5, pc}
 230              	.L17:
 231 0022 00BF     		.align	2
 232              	.L16:
 233 0024 20000000 		.word	.LC2
 234              		.cfi_endproc
 235              	.LFE3:
 236              		.size	chPoolFreeI, .-chPoolFreeI
 237              		.section	.text.chPoolFree,"ax",%progbits
 238              		.align	1
 239              		.global	chPoolFree
 240              		.thumb
 241              		.thumb_func
 242              		.type	chPoolFree, %function
 243              	chPoolFree:
 244              	.LFB4:
 245              		.loc 1 145 0
 246              		.cfi_startproc
 247              		@ args = 0, pretend = 0, frame = 0
 248              		@ frame_needed = 0, uses_anonymous_args = 0
 249              	.LVL17:
 250 0000 38B5     		push	{r3, r4, r5, lr}
 251              	.LCFI4:
 252              		.cfi_def_cfa_offset 16
 253              		.loc 1 145 0
 254 0002 0546     		mov	r5, r0
 255              		.cfi_offset 14, -4
 256              		.cfi_offset 5, -8
 257              		.cfi_offset 4, -12
 258              		.cfi_offset 3, -16
 259 0004 0C46     		mov	r4, r1
 260              		.loc 1 147 0
 261              	@ 147 "../chibios/os/kernel/src/chmempools.c" 1
 262 0006 FFF7FEFF 		bl      _port_lock
 263              	@ 0 "" 2
 264              		.thumb
 265 000a FFF7FEFF 		bl	dbg_check_lock
 266              	.LVL18:
 267              		.loc 1 148 0
 268 000e 2846     		mov	r0, r5
 269 0010 2146     		mov	r1, r4
 270 0012 FFF7FEFF 		bl	chPoolFreeI
 271              		.loc 1 149 0
 272 0016 FFF7FEFF 		bl	dbg_check_unlock
 273              	@ 149 "../chibios/os/kernel/src/chmempools.c" 1
 274 001a FFF7FEFF 		bl      _port_unlock
 275              	@ 0 "" 2
 276              		.loc 1 150 0
 277              		.thumb
 278 001e 38BD     		pop	{r3, r4, r5, pc}
 279              		.cfi_endproc
 280              	.LFE4:
 281              		.size	chPoolFree, .-chPoolFree
ARM GAS  /tmp/ccSTBfIw.s 			page 6


 282              		.section	.rodata.str1.1,"aMS",%progbits,1
 283              	.LC0:
 284 0000 22636850 		.ascii	"\"chPoolInit\"()\000"
 284      6F6F6C49 
 284      6E697422 
 284      282900
 285              	.LC1:
 286 000f 22636850 		.ascii	"\"chPoolAllocI\"()\000"
 286      6F6F6C41 
 286      6C6C6F63 
 286      49222829 
 286      00
 287              	.LC2:
 288 0020 22636850 		.ascii	"\"chPoolFreeI\"()\000"
 288      6F6F6C46 
 288      72656549 
 288      22282900 
 289              		.text
 290              	.Letext0:
 291              		.section	.debug_loc,"",%progbits
 292              	.Ldebug_loc0:
 293              	.LLST0:
 294 0000 00000000 		.4byte	.LFB0
 295 0004 02000000 		.4byte	.LCFI0
 296 0008 0200     		.2byte	0x2
 297 000a 7D       		.byte	0x7d
 298 000b 00       		.sleb128 0
 299 000c 02000000 		.4byte	.LCFI0
 300 0010 28000000 		.4byte	.LFE0
 301 0014 0200     		.2byte	0x2
 302 0016 7D       		.byte	0x7d
 303 0017 10       		.sleb128 16
 304 0018 00000000 		.4byte	0x0
 305 001c 00000000 		.4byte	0x0
 306              	.LLST1:
 307 0020 00000000 		.4byte	.LVL0
 308 0024 10000000 		.4byte	.LVL1
 309 0028 0100     		.2byte	0x1
 310 002a 50       		.byte	0x50
 311 002b 10000000 		.4byte	.LVL1
 312 002f 28000000 		.4byte	.LFE0
 313 0033 0100     		.2byte	0x1
 314 0035 55       		.byte	0x55
 315 0036 00000000 		.4byte	0x0
 316 003a 00000000 		.4byte	0x0
 317              	.LLST2:
 318 003e 00000000 		.4byte	.LVL0
 319 0042 13000000 		.4byte	.LVL2-1
 320 0046 0100     		.2byte	0x1
 321 0048 51       		.byte	0x51
 322 0049 13000000 		.4byte	.LVL2-1
 323 004d 16000000 		.4byte	.LVL3
 324 0051 0100     		.2byte	0x1
 325 0053 54       		.byte	0x54
 326 0054 16000000 		.4byte	.LVL3
 327 0058 1C000000 		.4byte	.LVL4
 328 005c 0300     		.2byte	0x3
ARM GAS  /tmp/ccSTBfIw.s 			page 7


 329 005e 74       		.byte	0x74
 330 005f 79       		.sleb128 -7
 331 0060 9F       		.byte	0x9f
 332 0061 00000000 		.4byte	0x0
 333 0065 00000000 		.4byte	0x0
 334              	.LLST3:
 335 0069 00000000 		.4byte	.LVL0
 336 006d 13000000 		.4byte	.LVL2-1
 337 0071 0100     		.2byte	0x1
 338 0073 52       		.byte	0x52
 339 0074 13000000 		.4byte	.LVL2-1
 340 0078 28000000 		.4byte	.LFE0
 341 007c 0100     		.2byte	0x1
 342 007e 56       		.byte	0x56
 343 007f 00000000 		.4byte	0x0
 344 0083 00000000 		.4byte	0x0
 345              	.LLST4:
 346 0087 00000000 		.4byte	.LFB1
 347 008b 02000000 		.4byte	.LCFI1
 348 008f 0200     		.2byte	0x2
 349 0091 7D       		.byte	0x7d
 350 0092 00       		.sleb128 0
 351 0093 02000000 		.4byte	.LCFI1
 352 0097 28000000 		.4byte	.LFE1
 353 009b 0200     		.2byte	0x2
 354 009d 7D       		.byte	0x7d
 355 009e 08       		.sleb128 8
 356 009f 00000000 		.4byte	0x0
 357 00a3 00000000 		.4byte	0x0
 358              	.LLST5:
 359 00a7 00000000 		.4byte	.LVL5
 360 00ab 07000000 		.4byte	.LVL6-1
 361 00af 0100     		.2byte	0x1
 362 00b1 50       		.byte	0x50
 363 00b2 07000000 		.4byte	.LVL6-1
 364 00b6 28000000 		.4byte	.LFE1
 365 00ba 0100     		.2byte	0x1
 366 00bc 54       		.byte	0x54
 367 00bd 00000000 		.4byte	0x0
 368 00c1 00000000 		.4byte	0x0
 369              	.LLST6:
 370 00c5 12000000 		.4byte	.LVL7
 371 00c9 21000000 		.4byte	.LVL8-1
 372 00cd 0200     		.2byte	0x2
 373 00cf 74       		.byte	0x74
 374 00d0 00       		.sleb128 0
 375 00d1 22000000 		.4byte	.LVL8
 376 00d5 28000000 		.4byte	.LFE1
 377 00d9 0100     		.2byte	0x1
 378 00db 50       		.byte	0x50
 379 00dc 00000000 		.4byte	0x0
 380 00e0 00000000 		.4byte	0x0
 381              	.LLST7:
 382 00e4 00000000 		.4byte	.LFB2
 383 00e8 02000000 		.4byte	.LCFI2
 384 00ec 0200     		.2byte	0x2
 385 00ee 7D       		.byte	0x7d
ARM GAS  /tmp/ccSTBfIw.s 			page 8


 386 00ef 00       		.sleb128 0
 387 00f0 02000000 		.4byte	.LCFI2
 388 00f4 20000000 		.4byte	.LFE2
 389 00f8 0200     		.2byte	0x2
 390 00fa 7D       		.byte	0x7d
 391 00fb 08       		.sleb128 8
 392 00fc 00000000 		.4byte	0x0
 393 0100 00000000 		.4byte	0x0
 394              	.LLST8:
 395 0104 00000000 		.4byte	.LVL9
 396 0108 0B000000 		.4byte	.LVL10-1
 397 010c 0100     		.2byte	0x1
 398 010e 50       		.byte	0x50
 399 010f 0B000000 		.4byte	.LVL10-1
 400 0113 14000000 		.4byte	.LVL11
 401 0117 0100     		.2byte	0x1
 402 0119 54       		.byte	0x54
 403 011a 00000000 		.4byte	0x0
 404 011e 00000000 		.4byte	0x0
 405              	.LLST9:
 406 0122 14000000 		.4byte	.LVL11
 407 0126 17000000 		.4byte	.LVL12-1
 408 012a 0100     		.2byte	0x1
 409 012c 50       		.byte	0x50
 410 012d 17000000 		.4byte	.LVL12-1
 411 0131 20000000 		.4byte	.LFE2
 412 0135 0100     		.2byte	0x1
 413 0137 54       		.byte	0x54
 414 0138 00000000 		.4byte	0x0
 415 013c 00000000 		.4byte	0x0
 416              	.LLST10:
 417 0140 00000000 		.4byte	.LFB3
 418 0144 02000000 		.4byte	.LCFI3
 419 0148 0200     		.2byte	0x2
 420 014a 7D       		.byte	0x7d
 421 014b 00       		.sleb128 0
 422 014c 02000000 		.4byte	.LCFI3
 423 0150 28000000 		.4byte	.LFE3
 424 0154 0200     		.2byte	0x2
 425 0156 7D       		.byte	0x7d
 426 0157 10       		.sleb128 16
 427 0158 00000000 		.4byte	0x0
 428 015c 00000000 		.4byte	0x0
 429              	.LLST11:
 430 0160 00000000 		.4byte	.LVL13
 431 0164 09000000 		.4byte	.LVL15-1
 432 0168 0100     		.2byte	0x1
 433 016a 50       		.byte	0x50
 434 016b 09000000 		.4byte	.LVL15-1
 435 016f 28000000 		.4byte	.LFE3
 436 0173 0100     		.2byte	0x1
 437 0175 54       		.byte	0x54
 438 0176 00000000 		.4byte	0x0
 439 017a 00000000 		.4byte	0x0
 440              	.LLST12:
 441 017e 00000000 		.4byte	.LVL13
 442 0182 09000000 		.4byte	.LVL15-1
ARM GAS  /tmp/ccSTBfIw.s 			page 9


 443 0186 0100     		.2byte	0x1
 444 0188 51       		.byte	0x51
 445 0189 14000000 		.4byte	.LVL16
 446 018d 28000000 		.4byte	.LFE3
 447 0191 0100     		.2byte	0x1
 448 0193 55       		.byte	0x55
 449 0194 00000000 		.4byte	0x0
 450 0198 00000000 		.4byte	0x0
 451              	.LLST13:
 452 019c 06000000 		.4byte	.LVL14
 453 01a0 09000000 		.4byte	.LVL15-1
 454 01a4 0100     		.2byte	0x1
 455 01a6 51       		.byte	0x51
 456 01a7 09000000 		.4byte	.LVL15-1
 457 01ab 28000000 		.4byte	.LFE3
 458 01af 0100     		.2byte	0x1
 459 01b1 55       		.byte	0x55
 460 01b2 00000000 		.4byte	0x0
 461 01b6 00000000 		.4byte	0x0
 462              	.LLST14:
 463 01ba 00000000 		.4byte	.LFB4
 464 01be 02000000 		.4byte	.LCFI4
 465 01c2 0200     		.2byte	0x2
 466 01c4 7D       		.byte	0x7d
 467 01c5 00       		.sleb128 0
 468 01c6 02000000 		.4byte	.LCFI4
 469 01ca 20000000 		.4byte	.LFE4
 470 01ce 0200     		.2byte	0x2
 471 01d0 7D       		.byte	0x7d
 472 01d1 10       		.sleb128 16
 473 01d2 00000000 		.4byte	0x0
 474 01d6 00000000 		.4byte	0x0
 475              	.LLST15:
 476 01da 00000000 		.4byte	.LVL17
 477 01de 0D000000 		.4byte	.LVL18-1
 478 01e2 0100     		.2byte	0x1
 479 01e4 50       		.byte	0x50
 480 01e5 0D000000 		.4byte	.LVL18-1
 481 01e9 20000000 		.4byte	.LFE4
 482 01ed 0100     		.2byte	0x1
 483 01ef 55       		.byte	0x55
 484 01f0 00000000 		.4byte	0x0
 485 01f4 00000000 		.4byte	0x0
 486              	.LLST16:
 487 01f8 00000000 		.4byte	.LVL17
 488 01fc 0D000000 		.4byte	.LVL18-1
 489 0200 0100     		.2byte	0x1
 490 0202 51       		.byte	0x51
 491 0203 0D000000 		.4byte	.LVL18-1
 492 0207 20000000 		.4byte	.LFE4
 493 020b 0100     		.2byte	0x1
 494 020d 54       		.byte	0x54
 495 020e 00000000 		.4byte	0x0
 496 0212 00000000 		.4byte	0x0
 497              		.file 2 "/home/z80/programs/code-sourcery/2011.03-42/bin/../lib/gcc/arm-none-eabi/4.5.2/include/st
 498              		.file 3 "../chibios/os/kernel/include/chmemcore.h"
 499              		.file 4 "../chibios/os/kernel/include/chmempools.h"
ARM GAS  /tmp/ccSTBfIw.s 			page 10


 500              		.section	.debug_info
 501 0000 3B020000 		.4byte	0x23b
 502 0004 0200     		.2byte	0x2
 503 0006 00000000 		.4byte	.Ldebug_abbrev0
 504 000a 04       		.byte	0x4
 505 000b 01       		.uleb128 0x1
 506 000c 2D000000 		.4byte	.LASF24
 507 0010 01       		.byte	0x1
 508 0011 07000000 		.4byte	.LASF25
 509 0015 40010000 		.4byte	.LASF26
 510 0019 00000000 		.4byte	0x0
 511 001d 00000000 		.4byte	0x0
 512 0021 00000000 		.4byte	.Ldebug_ranges0+0x0
 513 0025 00000000 		.4byte	.Ldebug_line0
 514 0029 02       		.uleb128 0x2
 515 002a 04       		.byte	0x4
 516 002b 05       		.byte	0x5
 517 002c 696E7400 		.ascii	"int\000"
 518 0030 03       		.uleb128 0x3
 519 0031 00000000 		.4byte	.LASF9
 520 0035 02       		.byte	0x2
 521 0036 D3       		.byte	0xd3
 522 0037 3B000000 		.4byte	0x3b
 523 003b 04       		.uleb128 0x4
 524 003c 04       		.byte	0x4
 525 003d 07       		.byte	0x7
 526 003e C9000000 		.4byte	.LASF0
 527 0042 04       		.uleb128 0x4
 528 0043 01       		.byte	0x1
 529 0044 06       		.byte	0x6
 530 0045 76010000 		.4byte	.LASF1
 531 0049 04       		.uleb128 0x4
 532 004a 01       		.byte	0x1
 533 004b 08       		.byte	0x8
 534 004c 93000000 		.4byte	.LASF2
 535 0050 04       		.uleb128 0x4
 536 0051 02       		.byte	0x2
 537 0052 05       		.byte	0x5
 538 0053 21010000 		.4byte	.LASF3
 539 0057 04       		.uleb128 0x4
 540 0058 02       		.byte	0x2
 541 0059 07       		.byte	0x7
 542 005a 6B000000 		.4byte	.LASF4
 543 005e 04       		.uleb128 0x4
 544 005f 04       		.byte	0x4
 545 0060 05       		.byte	0x5
 546 0061 37010000 		.4byte	.LASF5
 547 0065 04       		.uleb128 0x4
 548 0066 04       		.byte	0x4
 549 0067 07       		.byte	0x7
 550 0068 59000000 		.4byte	.LASF6
 551 006c 04       		.uleb128 0x4
 552 006d 08       		.byte	0x8
 553 006e 05       		.byte	0x5
 554 006f F5000000 		.4byte	.LASF7
 555 0073 04       		.uleb128 0x4
 556 0074 08       		.byte	0x8
ARM GAS  /tmp/ccSTBfIw.s 			page 11


 557 0075 07       		.byte	0x7
 558 0076 D6000000 		.4byte	.LASF8
 559 007a 05       		.uleb128 0x5
 560 007b 04       		.byte	0x4
 561 007c 03       		.uleb128 0x3
 562 007d 08010000 		.4byte	.LASF10
 563 0081 03       		.byte	0x3
 564 0082 2C       		.byte	0x2c
 565 0083 87000000 		.4byte	0x87
 566 0087 06       		.uleb128 0x6
 567 0088 04       		.byte	0x4
 568 0089 8D000000 		.4byte	0x8d
 569 008d 07       		.uleb128 0x7
 570 008e 01       		.byte	0x1
 571 008f 7A000000 		.4byte	0x7a
 572 0093 9D000000 		.4byte	0x9d
 573 0097 08       		.uleb128 0x8
 574 0098 30000000 		.4byte	0x30
 575 009c 00       		.byte	0x0
 576 009d 09       		.uleb128 0x9
 577 009e 48000000 		.4byte	.LASF27
 578 00a2 04       		.byte	0x4
 579 00a3 04       		.byte	0x4
 580 00a4 2C       		.byte	0x2c
 581 00a5 B8000000 		.4byte	0xb8
 582 00a9 0A       		.uleb128 0xa
 583 00aa ED000000 		.4byte	.LASF11
 584 00ae 04       		.byte	0x4
 585 00af 2D       		.byte	0x2d
 586 00b0 B8000000 		.4byte	0xb8
 587 00b4 02       		.byte	0x2
 588 00b5 23       		.byte	0x23
 589 00b6 00       		.uleb128 0x0
 590 00b7 00       		.byte	0x0
 591 00b8 06       		.uleb128 0x6
 592 00b9 04       		.byte	0x4
 593 00ba 9D000000 		.4byte	0x9d
 594 00be 0B       		.uleb128 0xb
 595 00bf 0C       		.byte	0xc
 596 00c0 04       		.byte	0x4
 597 00c1 34       		.byte	0x34
 598 00c2 F1000000 		.4byte	0xf1
 599 00c6 0A       		.uleb128 0xa
 600 00c7 82010000 		.4byte	.LASF12
 601 00cb 04       		.byte	0x4
 602 00cc 35       		.byte	0x35
 603 00cd B8000000 		.4byte	0xb8
 604 00d1 02       		.byte	0x2
 605 00d2 23       		.byte	0x23
 606 00d3 00       		.uleb128 0x0
 607 00d4 0A       		.uleb128 0xa
 608 00d5 39000000 		.4byte	.LASF13
 609 00d9 04       		.byte	0x4
 610 00da 36       		.byte	0x36
 611 00db 30000000 		.4byte	0x30
 612 00df 02       		.byte	0x2
 613 00e0 23       		.byte	0x23
ARM GAS  /tmp/ccSTBfIw.s 			page 12


 614 00e1 04       		.uleb128 0x4
 615 00e2 0A       		.uleb128 0xa
 616 00e3 15010000 		.4byte	.LASF14
 617 00e7 04       		.byte	0x4
 618 00e8 38       		.byte	0x38
 619 00e9 7C000000 		.4byte	0x7c
 620 00ed 02       		.byte	0x2
 621 00ee 23       		.byte	0x23
 622 00ef 08       		.uleb128 0x8
 623 00f0 00       		.byte	0x0
 624 00f1 03       		.uleb128 0x3
 625 00f2 AC000000 		.4byte	.LASF15
 626 00f6 04       		.byte	0x4
 627 00f7 3A       		.byte	0x3a
 628 00f8 BE000000 		.4byte	0xbe
 629 00fc 04       		.uleb128 0x4
 630 00fd 01       		.byte	0x1
 631 00fe 08       		.byte	0x8
 632 00ff 03010000 		.4byte	.LASF16
 633 0103 0C       		.uleb128 0xc
 634 0104 01       		.byte	0x1
 635 0105 8A010000 		.4byte	.LASF22
 636 0109 01       		.byte	0x1
 637 010a 3D       		.byte	0x3d
 638 010b 01       		.byte	0x1
 639 010c 00000000 		.4byte	.LFB0
 640 0110 28000000 		.4byte	.LFE0
 641 0114 00000000 		.4byte	.LLST0
 642 0118 49010000 		.4byte	0x149
 643 011c 0D       		.uleb128 0xd
 644 011d 6D7000   		.ascii	"mp\000"
 645 0120 01       		.byte	0x1
 646 0121 3D       		.byte	0x3d
 647 0122 49010000 		.4byte	0x149
 648 0126 20000000 		.4byte	.LLST1
 649 012a 0E       		.uleb128 0xe
 650 012b 54000000 		.4byte	.LASF17
 651 012f 01       		.byte	0x1
 652 0130 3D       		.byte	0x3d
 653 0131 30000000 		.4byte	0x30
 654 0135 3E000000 		.4byte	.LLST2
 655 0139 0E       		.uleb128 0xe
 656 013a 7E000000 		.4byte	.LASF18
 657 013e 01       		.byte	0x1
 658 013f 3D       		.byte	0x3d
 659 0140 7C000000 		.4byte	0x7c
 660 0144 69000000 		.4byte	.LLST3
 661 0148 00       		.byte	0x0
 662 0149 06       		.uleb128 0x6
 663 014a 04       		.byte	0x4
 664 014b F1000000 		.4byte	0xf1
 665 014f 0F       		.uleb128 0xf
 666 0150 01       		.byte	0x1
 667 0151 BC000000 		.4byte	.LASF19
 668 0155 01       		.byte	0x1
 669 0156 4F       		.byte	0x4f
 670 0157 01       		.byte	0x1
ARM GAS  /tmp/ccSTBfIw.s 			page 13


 671 0158 7A000000 		.4byte	0x7a
 672 015c 00000000 		.4byte	.LFB1
 673 0160 28000000 		.4byte	.LFE1
 674 0164 87000000 		.4byte	.LLST4
 675 0168 8A010000 		.4byte	0x18a
 676 016c 0D       		.uleb128 0xd
 677 016d 6D7000   		.ascii	"mp\000"
 678 0170 01       		.byte	0x1
 679 0171 4F       		.byte	0x4f
 680 0172 49010000 		.4byte	0x149
 681 0176 A7000000 		.4byte	.LLST5
 682 017a 10       		.uleb128 0x10
 683 017b B7000000 		.4byte	.LASF21
 684 017f 01       		.byte	0x1
 685 0180 50       		.byte	0x50
 686 0181 7A000000 		.4byte	0x7a
 687 0185 C5000000 		.4byte	.LLST6
 688 0189 00       		.byte	0x0
 689 018a 0F       		.uleb128 0xf
 690 018b 01       		.byte	0x1
 691 018c 2B010000 		.4byte	.LASF20
 692 0190 01       		.byte	0x1
 693 0191 65       		.byte	0x65
 694 0192 01       		.byte	0x1
 695 0193 7A000000 		.4byte	0x7a
 696 0197 00000000 		.4byte	.LFB2
 697 019b 20000000 		.4byte	.LFE2
 698 019f E4000000 		.4byte	.LLST7
 699 01a3 C5010000 		.4byte	0x1c5
 700 01a7 0D       		.uleb128 0xd
 701 01a8 6D7000   		.ascii	"mp\000"
 702 01ab 01       		.byte	0x1
 703 01ac 65       		.byte	0x65
 704 01ad 49010000 		.4byte	0x149
 705 01b1 04010000 		.4byte	.LLST8
 706 01b5 10       		.uleb128 0x10
 707 01b6 B7000000 		.4byte	.LASF21
 708 01ba 01       		.byte	0x1
 709 01bb 66       		.byte	0x66
 710 01bc 7A000000 		.4byte	0x7a
 711 01c0 22010000 		.4byte	.LLST9
 712 01c4 00       		.byte	0x0
 713 01c5 0C       		.uleb128 0xc
 714 01c6 01       		.byte	0x1
 715 01c7 87000000 		.4byte	.LASF23
 716 01cb 01       		.byte	0x1
 717 01cc 7A       		.byte	0x7a
 718 01cd 01       		.byte	0x1
 719 01ce 00000000 		.4byte	.LFB3
 720 01d2 28000000 		.4byte	.LFE3
 721 01d6 40010000 		.4byte	.LLST10
 722 01da 0B020000 		.4byte	0x20b
 723 01de 0D       		.uleb128 0xd
 724 01df 6D7000   		.ascii	"mp\000"
 725 01e2 01       		.byte	0x1
 726 01e3 7A       		.byte	0x7a
 727 01e4 49010000 		.4byte	0x149
ARM GAS  /tmp/ccSTBfIw.s 			page 14


 728 01e8 60010000 		.4byte	.LLST11
 729 01ec 0E       		.uleb128 0xe
 730 01ed B7000000 		.4byte	.LASF21
 731 01f1 01       		.byte	0x1
 732 01f2 7A       		.byte	0x7a
 733 01f3 7A000000 		.4byte	0x7a
 734 01f7 7E010000 		.4byte	.LLST12
 735 01fb 11       		.uleb128 0x11
 736 01fc 70687000 		.ascii	"php\000"
 737 0200 01       		.byte	0x1
 738 0201 7B       		.byte	0x7b
 739 0202 B8000000 		.4byte	0xb8
 740 0206 9C010000 		.4byte	.LLST13
 741 020a 00       		.byte	0x0
 742 020b 12       		.uleb128 0x12
 743 020c 01       		.byte	0x1
 744 020d A1000000 		.4byte	.LASF28
 745 0211 01       		.byte	0x1
 746 0212 91       		.byte	0x91
 747 0213 01       		.byte	0x1
 748 0214 00000000 		.4byte	.LFB4
 749 0218 20000000 		.4byte	.LFE4
 750 021c BA010000 		.4byte	.LLST14
 751 0220 0D       		.uleb128 0xd
 752 0221 6D7000   		.ascii	"mp\000"
 753 0224 01       		.byte	0x1
 754 0225 91       		.byte	0x91
 755 0226 49010000 		.4byte	0x149
 756 022a DA010000 		.4byte	.LLST15
 757 022e 0E       		.uleb128 0xe
 758 022f B7000000 		.4byte	.LASF21
 759 0233 01       		.byte	0x1
 760 0234 91       		.byte	0x91
 761 0235 7A000000 		.4byte	0x7a
 762 0239 F8010000 		.4byte	.LLST16
 763 023d 00       		.byte	0x0
 764 023e 00       		.byte	0x0
 765              		.section	.debug_abbrev
 766 0000 01       		.uleb128 0x1
 767 0001 11       		.uleb128 0x11
 768 0002 01       		.byte	0x1
 769 0003 25       		.uleb128 0x25
 770 0004 0E       		.uleb128 0xe
 771 0005 13       		.uleb128 0x13
 772 0006 0B       		.uleb128 0xb
 773 0007 03       		.uleb128 0x3
 774 0008 0E       		.uleb128 0xe
 775 0009 1B       		.uleb128 0x1b
 776 000a 0E       		.uleb128 0xe
 777 000b 11       		.uleb128 0x11
 778 000c 01       		.uleb128 0x1
 779 000d 52       		.uleb128 0x52
 780 000e 01       		.uleb128 0x1
 781 000f 55       		.uleb128 0x55
 782 0010 06       		.uleb128 0x6
 783 0011 10       		.uleb128 0x10
 784 0012 06       		.uleb128 0x6
ARM GAS  /tmp/ccSTBfIw.s 			page 15


 785 0013 00       		.byte	0x0
 786 0014 00       		.byte	0x0
 787 0015 02       		.uleb128 0x2
 788 0016 24       		.uleb128 0x24
 789 0017 00       		.byte	0x0
 790 0018 0B       		.uleb128 0xb
 791 0019 0B       		.uleb128 0xb
 792 001a 3E       		.uleb128 0x3e
 793 001b 0B       		.uleb128 0xb
 794 001c 03       		.uleb128 0x3
 795 001d 08       		.uleb128 0x8
 796 001e 00       		.byte	0x0
 797 001f 00       		.byte	0x0
 798 0020 03       		.uleb128 0x3
 799 0021 16       		.uleb128 0x16
 800 0022 00       		.byte	0x0
 801 0023 03       		.uleb128 0x3
 802 0024 0E       		.uleb128 0xe
 803 0025 3A       		.uleb128 0x3a
 804 0026 0B       		.uleb128 0xb
 805 0027 3B       		.uleb128 0x3b
 806 0028 0B       		.uleb128 0xb
 807 0029 49       		.uleb128 0x49
 808 002a 13       		.uleb128 0x13
 809 002b 00       		.byte	0x0
 810 002c 00       		.byte	0x0
 811 002d 04       		.uleb128 0x4
 812 002e 24       		.uleb128 0x24
 813 002f 00       		.byte	0x0
 814 0030 0B       		.uleb128 0xb
 815 0031 0B       		.uleb128 0xb
 816 0032 3E       		.uleb128 0x3e
 817 0033 0B       		.uleb128 0xb
 818 0034 03       		.uleb128 0x3
 819 0035 0E       		.uleb128 0xe
 820 0036 00       		.byte	0x0
 821 0037 00       		.byte	0x0
 822 0038 05       		.uleb128 0x5
 823 0039 0F       		.uleb128 0xf
 824 003a 00       		.byte	0x0
 825 003b 0B       		.uleb128 0xb
 826 003c 0B       		.uleb128 0xb
 827 003d 00       		.byte	0x0
 828 003e 00       		.byte	0x0
 829 003f 06       		.uleb128 0x6
 830 0040 0F       		.uleb128 0xf
 831 0041 00       		.byte	0x0
 832 0042 0B       		.uleb128 0xb
 833 0043 0B       		.uleb128 0xb
 834 0044 49       		.uleb128 0x49
 835 0045 13       		.uleb128 0x13
 836 0046 00       		.byte	0x0
 837 0047 00       		.byte	0x0
 838 0048 07       		.uleb128 0x7
 839 0049 15       		.uleb128 0x15
 840 004a 01       		.byte	0x1
 841 004b 27       		.uleb128 0x27
ARM GAS  /tmp/ccSTBfIw.s 			page 16


 842 004c 0C       		.uleb128 0xc
 843 004d 49       		.uleb128 0x49
 844 004e 13       		.uleb128 0x13
 845 004f 01       		.uleb128 0x1
 846 0050 13       		.uleb128 0x13
 847 0051 00       		.byte	0x0
 848 0052 00       		.byte	0x0
 849 0053 08       		.uleb128 0x8
 850 0054 05       		.uleb128 0x5
 851 0055 00       		.byte	0x0
 852 0056 49       		.uleb128 0x49
 853 0057 13       		.uleb128 0x13
 854 0058 00       		.byte	0x0
 855 0059 00       		.byte	0x0
 856 005a 09       		.uleb128 0x9
 857 005b 13       		.uleb128 0x13
 858 005c 01       		.byte	0x1
 859 005d 03       		.uleb128 0x3
 860 005e 0E       		.uleb128 0xe
 861 005f 0B       		.uleb128 0xb
 862 0060 0B       		.uleb128 0xb
 863 0061 3A       		.uleb128 0x3a
 864 0062 0B       		.uleb128 0xb
 865 0063 3B       		.uleb128 0x3b
 866 0064 0B       		.uleb128 0xb
 867 0065 01       		.uleb128 0x1
 868 0066 13       		.uleb128 0x13
 869 0067 00       		.byte	0x0
 870 0068 00       		.byte	0x0
 871 0069 0A       		.uleb128 0xa
 872 006a 0D       		.uleb128 0xd
 873 006b 00       		.byte	0x0
 874 006c 03       		.uleb128 0x3
 875 006d 0E       		.uleb128 0xe
 876 006e 3A       		.uleb128 0x3a
 877 006f 0B       		.uleb128 0xb
 878 0070 3B       		.uleb128 0x3b
 879 0071 0B       		.uleb128 0xb
 880 0072 49       		.uleb128 0x49
 881 0073 13       		.uleb128 0x13
 882 0074 38       		.uleb128 0x38
 883 0075 0A       		.uleb128 0xa
 884 0076 00       		.byte	0x0
 885 0077 00       		.byte	0x0
 886 0078 0B       		.uleb128 0xb
 887 0079 13       		.uleb128 0x13
 888 007a 01       		.byte	0x1
 889 007b 0B       		.uleb128 0xb
 890 007c 0B       		.uleb128 0xb
 891 007d 3A       		.uleb128 0x3a
 892 007e 0B       		.uleb128 0xb
 893 007f 3B       		.uleb128 0x3b
 894 0080 0B       		.uleb128 0xb
 895 0081 01       		.uleb128 0x1
 896 0082 13       		.uleb128 0x13
 897 0083 00       		.byte	0x0
 898 0084 00       		.byte	0x0
ARM GAS  /tmp/ccSTBfIw.s 			page 17


 899 0085 0C       		.uleb128 0xc
 900 0086 2E       		.uleb128 0x2e
 901 0087 01       		.byte	0x1
 902 0088 3F       		.uleb128 0x3f
 903 0089 0C       		.uleb128 0xc
 904 008a 03       		.uleb128 0x3
 905 008b 0E       		.uleb128 0xe
 906 008c 3A       		.uleb128 0x3a
 907 008d 0B       		.uleb128 0xb
 908 008e 3B       		.uleb128 0x3b
 909 008f 0B       		.uleb128 0xb
 910 0090 27       		.uleb128 0x27
 911 0091 0C       		.uleb128 0xc
 912 0092 11       		.uleb128 0x11
 913 0093 01       		.uleb128 0x1
 914 0094 12       		.uleb128 0x12
 915 0095 01       		.uleb128 0x1
 916 0096 40       		.uleb128 0x40
 917 0097 06       		.uleb128 0x6
 918 0098 01       		.uleb128 0x1
 919 0099 13       		.uleb128 0x13
 920 009a 00       		.byte	0x0
 921 009b 00       		.byte	0x0
 922 009c 0D       		.uleb128 0xd
 923 009d 05       		.uleb128 0x5
 924 009e 00       		.byte	0x0
 925 009f 03       		.uleb128 0x3
 926 00a0 08       		.uleb128 0x8
 927 00a1 3A       		.uleb128 0x3a
 928 00a2 0B       		.uleb128 0xb
 929 00a3 3B       		.uleb128 0x3b
 930 00a4 0B       		.uleb128 0xb
 931 00a5 49       		.uleb128 0x49
 932 00a6 13       		.uleb128 0x13
 933 00a7 02       		.uleb128 0x2
 934 00a8 06       		.uleb128 0x6
 935 00a9 00       		.byte	0x0
 936 00aa 00       		.byte	0x0
 937 00ab 0E       		.uleb128 0xe
 938 00ac 05       		.uleb128 0x5
 939 00ad 00       		.byte	0x0
 940 00ae 03       		.uleb128 0x3
 941 00af 0E       		.uleb128 0xe
 942 00b0 3A       		.uleb128 0x3a
 943 00b1 0B       		.uleb128 0xb
 944 00b2 3B       		.uleb128 0x3b
 945 00b3 0B       		.uleb128 0xb
 946 00b4 49       		.uleb128 0x49
 947 00b5 13       		.uleb128 0x13
 948 00b6 02       		.uleb128 0x2
 949 00b7 06       		.uleb128 0x6
 950 00b8 00       		.byte	0x0
 951 00b9 00       		.byte	0x0
 952 00ba 0F       		.uleb128 0xf
 953 00bb 2E       		.uleb128 0x2e
 954 00bc 01       		.byte	0x1
 955 00bd 3F       		.uleb128 0x3f
ARM GAS  /tmp/ccSTBfIw.s 			page 18


 956 00be 0C       		.uleb128 0xc
 957 00bf 03       		.uleb128 0x3
 958 00c0 0E       		.uleb128 0xe
 959 00c1 3A       		.uleb128 0x3a
 960 00c2 0B       		.uleb128 0xb
 961 00c3 3B       		.uleb128 0x3b
 962 00c4 0B       		.uleb128 0xb
 963 00c5 27       		.uleb128 0x27
 964 00c6 0C       		.uleb128 0xc
 965 00c7 49       		.uleb128 0x49
 966 00c8 13       		.uleb128 0x13
 967 00c9 11       		.uleb128 0x11
 968 00ca 01       		.uleb128 0x1
 969 00cb 12       		.uleb128 0x12
 970 00cc 01       		.uleb128 0x1
 971 00cd 40       		.uleb128 0x40
 972 00ce 06       		.uleb128 0x6
 973 00cf 01       		.uleb128 0x1
 974 00d0 13       		.uleb128 0x13
 975 00d1 00       		.byte	0x0
 976 00d2 00       		.byte	0x0
 977 00d3 10       		.uleb128 0x10
 978 00d4 34       		.uleb128 0x34
 979 00d5 00       		.byte	0x0
 980 00d6 03       		.uleb128 0x3
 981 00d7 0E       		.uleb128 0xe
 982 00d8 3A       		.uleb128 0x3a
 983 00d9 0B       		.uleb128 0xb
 984 00da 3B       		.uleb128 0x3b
 985 00db 0B       		.uleb128 0xb
 986 00dc 49       		.uleb128 0x49
 987 00dd 13       		.uleb128 0x13
 988 00de 02       		.uleb128 0x2
 989 00df 06       		.uleb128 0x6
 990 00e0 00       		.byte	0x0
 991 00e1 00       		.byte	0x0
 992 00e2 11       		.uleb128 0x11
 993 00e3 34       		.uleb128 0x34
 994 00e4 00       		.byte	0x0
 995 00e5 03       		.uleb128 0x3
 996 00e6 08       		.uleb128 0x8
 997 00e7 3A       		.uleb128 0x3a
 998 00e8 0B       		.uleb128 0xb
 999 00e9 3B       		.uleb128 0x3b
 1000 00ea 0B       		.uleb128 0xb
 1001 00eb 49       		.uleb128 0x49
 1002 00ec 13       		.uleb128 0x13
 1003 00ed 02       		.uleb128 0x2
 1004 00ee 06       		.uleb128 0x6
 1005 00ef 00       		.byte	0x0
 1006 00f0 00       		.byte	0x0
 1007 00f1 12       		.uleb128 0x12
 1008 00f2 2E       		.uleb128 0x2e
 1009 00f3 01       		.byte	0x1
 1010 00f4 3F       		.uleb128 0x3f
 1011 00f5 0C       		.uleb128 0xc
 1012 00f6 03       		.uleb128 0x3
ARM GAS  /tmp/ccSTBfIw.s 			page 19


 1013 00f7 0E       		.uleb128 0xe
 1014 00f8 3A       		.uleb128 0x3a
 1015 00f9 0B       		.uleb128 0xb
 1016 00fa 3B       		.uleb128 0x3b
 1017 00fb 0B       		.uleb128 0xb
 1018 00fc 27       		.uleb128 0x27
 1019 00fd 0C       		.uleb128 0xc
 1020 00fe 11       		.uleb128 0x11
 1021 00ff 01       		.uleb128 0x1
 1022 0100 12       		.uleb128 0x12
 1023 0101 01       		.uleb128 0x1
 1024 0102 40       		.uleb128 0x40
 1025 0103 06       		.uleb128 0x6
 1026 0104 00       		.byte	0x0
 1027 0105 00       		.byte	0x0
 1028 0106 00       		.byte	0x0
 1029              		.section	.debug_pubnames,"",%progbits
 1030 0000 5D000000 		.4byte	0x5d
 1031 0004 0200     		.2byte	0x2
 1032 0006 00000000 		.4byte	.Ldebug_info0
 1033 000a 3F020000 		.4byte	0x23f
 1034 000e 03010000 		.4byte	0x103
 1035 0012 6368506F 		.ascii	"chPoolInit\000"
 1035      6F6C496E 
 1035      697400
 1036 001d 4F010000 		.4byte	0x14f
 1037 0021 6368506F 		.ascii	"chPoolAllocI\000"
 1037      6F6C416C 
 1037      6C6F6349 
 1037      00
 1038 002e 8A010000 		.4byte	0x18a
 1039 0032 6368506F 		.ascii	"chPoolAlloc\000"
 1039      6F6C416C 
 1039      6C6F6300 
 1040 003e C5010000 		.4byte	0x1c5
 1041 0042 6368506F 		.ascii	"chPoolFreeI\000"
 1041      6F6C4672 
 1041      65654900 
 1042 004e 0B020000 		.4byte	0x20b
 1043 0052 6368506F 		.ascii	"chPoolFree\000"
 1043      6F6C4672 
 1043      656500
 1044 005d 00000000 		.4byte	0x0
 1045              		.section	.debug_pubtypes,"",%progbits
 1046 0000 49000000 		.4byte	0x49
 1047 0004 0200     		.2byte	0x2
 1048 0006 00000000 		.4byte	.Ldebug_info0
 1049 000a 3F020000 		.4byte	0x23f
 1050 000e 30000000 		.4byte	0x30
 1051 0012 73697A65 		.ascii	"size_t\000"
 1051      5F7400
 1052 0019 7C000000 		.4byte	0x7c
 1053 001d 6D656D67 		.ascii	"memgetfunc_t\000"
 1053      65746675 
 1053      6E635F74 
 1053      00
 1054 002a 9D000000 		.4byte	0x9d
ARM GAS  /tmp/ccSTBfIw.s 			page 20


 1055 002e 706F6F6C 		.ascii	"pool_header\000"
 1055      5F686561 
 1055      64657200 
 1056 003a F1000000 		.4byte	0xf1
 1057 003e 4D656D6F 		.ascii	"MemoryPool\000"
 1057      7279506F 
 1057      6F6C00
 1058 0049 00000000 		.4byte	0x0
 1059              		.section	.debug_aranges,"",%progbits
 1060 0000 3C000000 		.4byte	0x3c
 1061 0004 0200     		.2byte	0x2
 1062 0006 00000000 		.4byte	.Ldebug_info0
 1063 000a 04       		.byte	0x4
 1064 000b 00       		.byte	0x0
 1065 000c 0000     		.2byte	0x0
 1066 000e 0000     		.2byte	0x0
 1067 0010 00000000 		.4byte	.LFB0
 1068 0014 28000000 		.4byte	.LFE0-.LFB0
 1069 0018 00000000 		.4byte	.LFB1
 1070 001c 28000000 		.4byte	.LFE1-.LFB1
 1071 0020 00000000 		.4byte	.LFB2
 1072 0024 20000000 		.4byte	.LFE2-.LFB2
 1073 0028 00000000 		.4byte	.LFB3
 1074 002c 28000000 		.4byte	.LFE3-.LFB3
 1075 0030 00000000 		.4byte	.LFB4
 1076 0034 20000000 		.4byte	.LFE4-.LFB4
 1077 0038 00000000 		.4byte	0x0
 1078 003c 00000000 		.4byte	0x0
 1079              		.section	.debug_ranges,"",%progbits
 1080              	.Ldebug_ranges0:
 1081 0000 00000000 		.4byte	.LFB0
 1082 0004 28000000 		.4byte	.LFE0
 1083 0008 00000000 		.4byte	.LFB1
 1084 000c 28000000 		.4byte	.LFE1
 1085 0010 00000000 		.4byte	.LFB2
 1086 0014 20000000 		.4byte	.LFE2
 1087 0018 00000000 		.4byte	.LFB3
 1088 001c 28000000 		.4byte	.LFE3
 1089 0020 00000000 		.4byte	.LFB4
 1090 0024 20000000 		.4byte	.LFE4
 1091 0028 00000000 		.4byte	0x0
 1092 002c 00000000 		.4byte	0x0
 1093              		.section	.debug_str,"MS",%progbits,1
 1094              	.LASF9:
 1095 0000 73697A65 		.ascii	"size_t\000"
 1095      5F7400
 1096              	.LASF25:
 1097 0007 2E2E2F63 		.ascii	"../chibios/os/kernel/src/chmempools.c\000"
 1097      68696269 
 1097      6F732F6F 
 1097      732F6B65 
 1097      726E656C 
 1098              	.LASF24:
 1099 002d 474E5520 		.ascii	"GNU C 4.5.2\000"
 1099      4320342E 
 1099      352E3200 
 1100              	.LASF13:
ARM GAS  /tmp/ccSTBfIw.s 			page 21


 1101 0039 6D705F6F 		.ascii	"mp_object_size\000"
 1101      626A6563 
 1101      745F7369 
 1101      7A6500
 1102              	.LASF27:
 1103 0048 706F6F6C 		.ascii	"pool_header\000"
 1103      5F686561 
 1103      64657200 
 1104              	.LASF17:
 1105 0054 73697A65 		.ascii	"size\000"
 1105      00
 1106              	.LASF6:
 1107 0059 6C6F6E67 		.ascii	"long unsigned int\000"
 1107      20756E73 
 1107      69676E65 
 1107      6420696E 
 1107      7400
 1108              	.LASF4:
 1109 006b 73686F72 		.ascii	"short unsigned int\000"
 1109      7420756E 
 1109      7369676E 
 1109      65642069 
 1109      6E7400
 1110              	.LASF18:
 1111 007e 70726F76 		.ascii	"provider\000"
 1111      69646572 
 1111      00
 1112              	.LASF23:
 1113 0087 6368506F 		.ascii	"chPoolFreeI\000"
 1113      6F6C4672 
 1113      65654900 
 1114              	.LASF2:
 1115 0093 756E7369 		.ascii	"unsigned char\000"
 1115      676E6564 
 1115      20636861 
 1115      7200
 1116              	.LASF28:
 1117 00a1 6368506F 		.ascii	"chPoolFree\000"
 1117      6F6C4672 
 1117      656500
 1118              	.LASF15:
 1119 00ac 4D656D6F 		.ascii	"MemoryPool\000"
 1119      7279506F 
 1119      6F6C00
 1120              	.LASF21:
 1121 00b7 6F626A70 		.ascii	"objp\000"
 1121      00
 1122              	.LASF19:
 1123 00bc 6368506F 		.ascii	"chPoolAllocI\000"
 1123      6F6C416C 
 1123      6C6F6349 
 1123      00
 1124              	.LASF0:
 1125 00c9 756E7369 		.ascii	"unsigned int\000"
 1125      676E6564 
 1125      20696E74 
 1125      00
ARM GAS  /tmp/ccSTBfIw.s 			page 22


 1126              	.LASF8:
 1127 00d6 6C6F6E67 		.ascii	"long long unsigned int\000"
 1127      206C6F6E 
 1127      6720756E 
 1127      7369676E 
 1127      65642069 
 1128              	.LASF11:
 1129 00ed 70685F6E 		.ascii	"ph_next\000"
 1129      65787400 
 1130              	.LASF7:
 1131 00f5 6C6F6E67 		.ascii	"long long int\000"
 1131      206C6F6E 
 1131      6720696E 
 1131      7400
 1132              	.LASF16:
 1133 0103 63686172 		.ascii	"char\000"
 1133      00
 1134              	.LASF10:
 1135 0108 6D656D67 		.ascii	"memgetfunc_t\000"
 1135      65746675 
 1135      6E635F74 
 1135      00
 1136              	.LASF14:
 1137 0115 6D705F70 		.ascii	"mp_provider\000"
 1137      726F7669 
 1137      64657200 
 1138              	.LASF3:
 1139 0121 73686F72 		.ascii	"short int\000"
 1139      7420696E 
 1139      7400
 1140              	.LASF20:
 1141 012b 6368506F 		.ascii	"chPoolAlloc\000"
 1141      6F6C416C 
 1141      6C6F6300 
 1142              	.LASF5:
 1143 0137 6C6F6E67 		.ascii	"long int\000"
 1143      20696E74 
 1143      00
 1144              	.LASF26:
 1145 0140 2F686F6D 		.ascii	"/home/z80/projects/dfu.git/firmware-pawn-dev/firmwa"
 1145      652F7A38 
 1145      302F7072 
 1145      6F6A6563 
 1145      74732F64 
 1146 0173 726500   		.ascii	"re\000"
 1147              	.LASF1:
 1148 0176 7369676E 		.ascii	"signed char\000"
 1148      65642063 
 1148      68617200 
 1149              	.LASF12:
 1150 0182 6D705F6E 		.ascii	"mp_next\000"
 1150      65787400 
 1151              	.LASF22:
 1152 018a 6368506F 		.ascii	"chPoolInit\000"
 1152      6F6C496E 
 1152      697400
 1153              		.ident	"GCC: (Sourcery G++ Lite 2011.03-42) 4.5.2"
ARM GAS  /tmp/ccSTBfIw.s 			page 23


ARM GAS  /tmp/ccSTBfIw.s 			page 24


DEFINED SYMBOLS
                            *ABS*:00000000 chmempools.c
     /tmp/ccSTBfIw.s:24     .text.chPoolInit:00000000 $t
     /tmp/ccSTBfIw.s:29     .text.chPoolInit:00000000 chPoolInit
     /tmp/ccSTBfIw.s:79     .text.chPoolInit:00000024 $d
     /tmp/ccSTBfIw.s:84     .text.chPoolAllocI:00000000 $t
     /tmp/ccSTBfIw.s:89     .text.chPoolAllocI:00000000 chPoolAllocI
     /tmp/ccSTBfIw.s:134    .text.chPoolAllocI:00000024 $d
     /tmp/ccSTBfIw.s:139    .text.chPoolAlloc:00000000 $t
     /tmp/ccSTBfIw.s:144    .text.chPoolAlloc:00000000 chPoolAlloc
     /tmp/ccSTBfIw.s:184    .text.chPoolFreeI:00000000 $t
     /tmp/ccSTBfIw.s:189    .text.chPoolFreeI:00000000 chPoolFreeI
     /tmp/ccSTBfIw.s:233    .text.chPoolFreeI:00000024 $d
     /tmp/ccSTBfIw.s:238    .text.chPoolFree:00000000 $t
     /tmp/ccSTBfIw.s:243    .text.chPoolFree:00000000 chPoolFree
                     .debug_frame:00000010 $d

UNDEFINED SYMBOLS
chDbgPanic
chDbgCheckClassI
_port_lock
dbg_check_lock
dbg_check_unlock
_port_unlock
