ARM GAS  /tmp/ccrJo24c.s 			page 1


   1              		.syntax unified
   2              		.cpu cortex-m3
   3              		.fpu softvfp
   4              		.eabi_attribute 20, 1
   5              		.eabi_attribute 21, 1
   6              		.eabi_attribute 23, 3
   7              		.eabi_attribute 24, 1
   8              		.eabi_attribute 25, 1
   9              		.eabi_attribute 26, 1
  10              		.eabi_attribute 30, 4
  11              		.eabi_attribute 18, 4
  12              		.thumb
  13              		.file	"chmsg.c"
  14              		.section	.debug_abbrev,"",%progbits
  15              	.Ldebug_abbrev0:
  16              		.section	.debug_info,"",%progbits
  17              	.Ldebug_info0:
  18              		.section	.debug_line,"",%progbits
  19              	.Ldebug_line0:
  20 0000 A4010000 		.text
  20      02004001 
  20      00000201 
  20      FB0E0D00 
  20      01010101 
  21              	.Ltext0:
  22              		.cfi_sections	.debug_frame
  23              		.section	.text.chMsgSend,"ax",%progbits
  24              		.align	1
  25              		.global	chMsgSend
  26              		.thumb
  27              		.thumb_func
  28              		.type	chMsgSend, %function
  29              	chMsgSend:
  30              	.LFB0:
  31              		.file 1 "../chibios/os/kernel/src/chmsg.c"
  32              		.loc 1 75 0
  33              		.cfi_startproc
  34              		@ args = 0, pretend = 0, frame = 0
  35              		@ frame_needed = 0, uses_anonymous_args = 0
  36              	.LVL0:
  37              		.loc 1 76 0
  38 0000 124B     		ldr	r3, .L4
  39              		.loc 1 75 0
  40 0002 70B5     		push	{r4, r5, r6, lr}
  41              	.LCFI0:
  42              		.cfi_def_cfa_offset 16
  43              		.loc 1 75 0
  44 0004 0E46     		mov	r6, r1
  45              		.cfi_offset 14, -4
  46              		.cfi_offset 6, -8
  47              		.cfi_offset 5, -12
  48              		.cfi_offset 4, -16
  49              		.loc 1 76 0
  50 0006 DC69     		ldr	r4, [r3, #28]
  51              	.LVL1:
  52              		.loc 1 78 0
  53 0008 0546     		mov	r5, r0
ARM GAS  /tmp/ccrJo24c.s 			page 2


  54 000a 10B9     		cbnz	r0, .L2
  55              		.loc 1 78 0 is_stmt 0 discriminator 1
  56 000c 1048     		ldr	r0, .L4+4
  57              	.LVL2:
  58 000e FFF7FEFF 		bl	chDbgPanic
  59              	.LVL3:
  60              	.L2:
  61              		.loc 1 80 0 is_stmt 1
  62              	@ 80 "../chibios/os/kernel/src/chmsg.c" 1
  63 0012 FFF7FEFF 		bl      _port_lock
  64              	@ 0 "" 2
  65              		.thumb
  66 0016 FFF7FEFF 		bl	dbg_check_lock
  67              		.loc 1 82 0
  68 001a 05F13001 		add	r1, r5, #48
  69              		.loc 1 81 0
  70 001e A663     		str	r6, [r4, #56]
  71              		.loc 1 82 0
  72 0020 A162     		str	r1, [r4, #40]
  73              		.loc 1 83 0
  74 0022 2046     		mov	r0, r4
  75 0024 FFF7FEFF 		bl	queue_insert
  76              		.loc 1 84 0
  77 0028 95F82030 		ldrb	r3, [r5, #32]	@ zero_extendqisi2
  78 002c 0C2B     		cmp	r3, #12
  79 002e 02D1     		bne	.L3
  80              		.loc 1 85 0
  81 0030 2846     		mov	r0, r5
  82 0032 FFF7FEFF 		bl	chSchReadyI
  83              	.L3:
  84              		.loc 1 86 0
  85 0036 0A20     		movs	r0, #10
  86 0038 FFF7FEFF 		bl	chSchGoSleepS
  87              		.loc 1 87 0
  88 003c A46A     		ldr	r4, [r4, #40]
  89              	.LVL4:
  90              		.loc 1 88 0
  91 003e FFF7FEFF 		bl	dbg_check_unlock
  92              	@ 88 "../chibios/os/kernel/src/chmsg.c" 1
  93 0042 FFF7FEFF 		bl      _port_unlock
  94              	@ 0 "" 2
  95              		.loc 1 90 0
  96              		.thumb
  97 0046 2046     		mov	r0, r4
  98 0048 70BD     		pop	{r4, r5, r6, pc}
  99              	.L5:
 100 004a 00BF     		.align	2
 101              	.L4:
 102 004c 00000000 		.word	rlist
 103 0050 00000000 		.word	.LC0
 104              		.cfi_endproc
 105              	.LFE0:
 106              		.size	chMsgSend, .-chMsgSend
 107              		.section	.text.chMsgWait,"ax",%progbits
 108              		.align	1
 109              		.global	chMsgWait
 110              		.thumb
ARM GAS  /tmp/ccrJo24c.s 			page 3


 111              		.thumb_func
 112              		.type	chMsgWait, %function
 113              	chMsgWait:
 114              	.LFB1:
 115              		.loc 1 106 0
 116              		.cfi_startproc
 117              		@ args = 0, pretend = 0, frame = 0
 118              		@ frame_needed = 0, uses_anonymous_args = 0
 119 0000 10B5     		push	{r4, lr}
 120              	.LCFI1:
 121              		.cfi_def_cfa_offset 8
 122              		.loc 1 109 0
 123              	@ 109 "../chibios/os/kernel/src/chmsg.c" 1
 124 0002 FFF7FEFF 		bl      _port_lock
 125              	@ 0 "" 2
 126              		.loc 1 110 0
 127              		.thumb
 128 0006 0D4C     		ldr	r4, .L8
 129              		.cfi_offset 14, -4
 130              		.cfi_offset 4, -8
 131              		.loc 1 109 0
 132 0008 FFF7FEFF 		bl	dbg_check_lock
 133              		.loc 1 110 0
 134 000c E369     		ldr	r3, [r4, #28]
 135 000e 03F13002 		add	r2, r3, #48
 136 0012 1B6B     		ldr	r3, [r3, #48]
 137 0014 9342     		cmp	r3, r2
 138 0016 02D1     		bne	.L7
 139              		.loc 1 111 0
 140 0018 0C20     		movs	r0, #12
 141 001a FFF7FEFF 		bl	chSchGoSleepS
 142              	.L7:
 143              		.loc 1 112 0
 144 001e E069     		ldr	r0, [r4, #28]
 145 0020 3030     		adds	r0, r0, #48
 146 0022 FFF7FEFF 		bl	fifo_remove
 147              		.loc 1 113 0
 148 0026 0B23     		movs	r3, #11
 149 0028 80F82030 		strb	r3, [r0, #32]
 150              		.loc 1 112 0
 151 002c 0446     		mov	r4, r0
 152              	.LVL5:
 153              		.loc 1 114 0
 154 002e FFF7FEFF 		bl	dbg_check_unlock
 155              	.LVL6:
 156              	@ 114 "../chibios/os/kernel/src/chmsg.c" 1
 157 0032 FFF7FEFF 		bl      _port_unlock
 158              	@ 0 "" 2
 159              		.loc 1 116 0
 160              		.thumb
 161 0036 2046     		mov	r0, r4
 162 0038 10BD     		pop	{r4, pc}
 163              	.L9:
 164 003a 00BF     		.align	2
 165              	.L8:
 166 003c 00000000 		.word	rlist
 167              		.cfi_endproc
ARM GAS  /tmp/ccrJo24c.s 			page 4


 168              	.LFE1:
 169              		.size	chMsgWait, .-chMsgWait
 170              		.section	.text.chMsgRelease,"ax",%progbits
 171              		.align	1
 172              		.global	chMsgRelease
 173              		.thumb
 174              		.thumb_func
 175              		.type	chMsgRelease, %function
 176              	chMsgRelease:
 177              	.LFB2:
 178              		.loc 1 128 0
 179              		.cfi_startproc
 180              		@ args = 0, pretend = 0, frame = 0
 181              		@ frame_needed = 0, uses_anonymous_args = 0
 182              	.LVL7:
 183 0000 38B5     		push	{r3, r4, r5, lr}
 184              	.LCFI2:
 185              		.cfi_def_cfa_offset 16
 186              		.loc 1 128 0
 187 0002 0446     		mov	r4, r0
 188              		.cfi_offset 14, -4
 189              		.cfi_offset 5, -8
 190              		.cfi_offset 4, -12
 191              		.cfi_offset 3, -16
 192 0004 0D46     		mov	r5, r1
 193              		.loc 1 130 0
 194              	@ 130 "../chibios/os/kernel/src/chmsg.c" 1
 195 0006 FFF7FEFF 		bl      _port_lock
 196              	@ 0 "" 2
 197              		.thumb
 198 000a FFF7FEFF 		bl	dbg_check_lock
 199              	.LVL8:
 200              		.loc 1 131 0
 201 000e 94F82030 		ldrb	r3, [r4, #32]	@ zero_extendqisi2
 202 0012 0B2B     		cmp	r3, #11
 203 0014 02D0     		beq	.L11
 204              		.loc 1 131 0 is_stmt 0 discriminator 1
 205 0016 0648     		ldr	r0, .L12
 206 0018 FFF7FEFF 		bl	chDbgPanic
 207              	.L11:
 208              		.loc 1 133 0 is_stmt 1
 209 001c 2046     		mov	r0, r4
 210 001e 2946     		mov	r1, r5
 211 0020 FFF7FEFF 		bl	chSchWakeupS
 212              		.loc 1 134 0
 213 0024 FFF7FEFF 		bl	dbg_check_unlock
 214              	@ 134 "../chibios/os/kernel/src/chmsg.c" 1
 215 0028 FFF7FEFF 		bl      _port_unlock
 216              	@ 0 "" 2
 217              		.loc 1 135 0
 218              		.thumb
 219 002c 38BD     		pop	{r3, r4, r5, pc}
 220              	.L13:
 221 002e 00BF     		.align	2
 222              	.L12:
 223 0030 0E000000 		.word	.LC1
 224              		.cfi_endproc
ARM GAS  /tmp/ccrJo24c.s 			page 5


 225              	.LFE2:
 226              		.size	chMsgRelease, .-chMsgRelease
 227              		.section	.rodata.str1.1,"aMS",%progbits,1
 228              	.LC0:
 229 0000 2263684D 		.ascii	"\"chMsgSend\"()\000"
 229      73675365 
 229      6E642228 
 229      2900
 230              	.LC1:
 231 000e 63684D73 		.ascii	"chMsgRelease(), #1\000"
 231      6752656C 
 231      65617365 
 231      28292C20 
 231      233100
 232              		.text
 233              	.Letext0:
 234              		.section	.debug_loc,"",%progbits
 235              	.Ldebug_loc0:
 236              	.LLST0:
 237 0000 00000000 		.4byte	.LFB0
 238 0004 04000000 		.4byte	.LCFI0
 239 0008 0200     		.2byte	0x2
 240 000a 7D       		.byte	0x7d
 241 000b 00       		.sleb128 0
 242 000c 04000000 		.4byte	.LCFI0
 243 0010 54000000 		.4byte	.LFE0
 244 0014 0200     		.2byte	0x2
 245 0016 7D       		.byte	0x7d
 246 0017 10       		.sleb128 16
 247 0018 00000000 		.4byte	0x0
 248 001c 00000000 		.4byte	0x0
 249              	.LLST1:
 250 0020 00000000 		.4byte	.LVL0
 251 0024 0E000000 		.4byte	.LVL2
 252 0028 0100     		.2byte	0x1
 253 002a 50       		.byte	0x50
 254 002b 0E000000 		.4byte	.LVL2
 255 002f 54000000 		.4byte	.LFE0
 256 0033 0100     		.2byte	0x1
 257 0035 55       		.byte	0x55
 258 0036 00000000 		.4byte	0x0
 259 003a 00000000 		.4byte	0x0
 260              	.LLST2:
 261 003e 00000000 		.4byte	.LVL0
 262 0042 11000000 		.4byte	.LVL3-1
 263 0046 0100     		.2byte	0x1
 264 0048 51       		.byte	0x51
 265 0049 11000000 		.4byte	.LVL3-1
 266 004d 3E000000 		.4byte	.LVL4
 267 0051 0100     		.2byte	0x1
 268 0053 56       		.byte	0x56
 269 0054 3E000000 		.4byte	.LVL4
 270 0058 54000000 		.4byte	.LFE0
 271 005c 0100     		.2byte	0x1
 272 005e 54       		.byte	0x54
 273 005f 00000000 		.4byte	0x0
 274 0063 00000000 		.4byte	0x0
ARM GAS  /tmp/ccrJo24c.s 			page 6


 275              	.LLST3:
 276 0067 08000000 		.4byte	.LVL1
 277 006b 11000000 		.4byte	.LVL3-1
 278 006f 0200     		.2byte	0x2
 279 0071 73       		.byte	0x73
 280 0072 1C       		.sleb128 28
 281 0073 11000000 		.4byte	.LVL3-1
 282 0077 3E000000 		.4byte	.LVL4
 283 007b 0100     		.2byte	0x1
 284 007d 54       		.byte	0x54
 285 007e 00000000 		.4byte	0x0
 286 0082 00000000 		.4byte	0x0
 287              	.LLST4:
 288 0086 00000000 		.4byte	.LFB1
 289 008a 02000000 		.4byte	.LCFI1
 290 008e 0200     		.2byte	0x2
 291 0090 7D       		.byte	0x7d
 292 0091 00       		.sleb128 0
 293 0092 02000000 		.4byte	.LCFI1
 294 0096 40000000 		.4byte	.LFE1
 295 009a 0200     		.2byte	0x2
 296 009c 7D       		.byte	0x7d
 297 009d 08       		.sleb128 8
 298 009e 00000000 		.4byte	0x0
 299 00a2 00000000 		.4byte	0x0
 300              	.LLST5:
 301 00a6 2E000000 		.4byte	.LVL5
 302 00aa 31000000 		.4byte	.LVL6-1
 303 00ae 0100     		.2byte	0x1
 304 00b0 50       		.byte	0x50
 305 00b1 31000000 		.4byte	.LVL6-1
 306 00b5 40000000 		.4byte	.LFE1
 307 00b9 0100     		.2byte	0x1
 308 00bb 54       		.byte	0x54
 309 00bc 00000000 		.4byte	0x0
 310 00c0 00000000 		.4byte	0x0
 311              	.LLST6:
 312 00c4 00000000 		.4byte	.LFB2
 313 00c8 02000000 		.4byte	.LCFI2
 314 00cc 0200     		.2byte	0x2
 315 00ce 7D       		.byte	0x7d
 316 00cf 00       		.sleb128 0
 317 00d0 02000000 		.4byte	.LCFI2
 318 00d4 34000000 		.4byte	.LFE2
 319 00d8 0200     		.2byte	0x2
 320 00da 7D       		.byte	0x7d
 321 00db 10       		.sleb128 16
 322 00dc 00000000 		.4byte	0x0
 323 00e0 00000000 		.4byte	0x0
 324              	.LLST7:
 325 00e4 00000000 		.4byte	.LVL7
 326 00e8 0D000000 		.4byte	.LVL8-1
 327 00ec 0100     		.2byte	0x1
 328 00ee 50       		.byte	0x50
 329 00ef 0D000000 		.4byte	.LVL8-1
 330 00f3 34000000 		.4byte	.LFE2
 331 00f7 0100     		.2byte	0x1
ARM GAS  /tmp/ccrJo24c.s 			page 7


 332 00f9 54       		.byte	0x54
 333 00fa 00000000 		.4byte	0x0
 334 00fe 00000000 		.4byte	0x0
 335              	.LLST8:
 336 0102 00000000 		.4byte	.LVL7
 337 0106 0D000000 		.4byte	.LVL8-1
 338 010a 0100     		.2byte	0x1
 339 010c 51       		.byte	0x51
 340 010d 0D000000 		.4byte	.LVL8-1
 341 0111 34000000 		.4byte	.LFE2
 342 0115 0100     		.2byte	0x1
 343 0117 55       		.byte	0x55
 344 0118 00000000 		.4byte	0x0
 345 011c 00000000 		.4byte	0x0
 346              		.file 2 "/home/z80/programs/code-sourcery/2011.03-42/bin/../lib/gcc/arm-none-eabi/4.5.2/../../../.
 347              		.file 3 "../chibios/os/ports/GCC/ARMCMx/chtypes.h"
 348              		.file 4 "../chibios/os/kernel/include/chlists.h"
 349              		.file 5 "../chibios/os/kernel/include/chthreads.h"
 350              		.file 6 "../chibios/os/ports/GCC/ARMCMx/chcore_v7m.h"
 351              		.file 7 "../chibios/os/kernel/include/chschd.h"
 352              		.file 8 "../chibios/os/kernel/include/chmtx.h"
 353              		.section	.debug_info
 354 0000 1D050000 		.4byte	0x51d
 355 0004 0200     		.2byte	0x2
 356 0006 00000000 		.4byte	.Ldebug_abbrev0
 357 000a 04       		.byte	0x4
 358 000b 01       		.uleb128 0x1
 359 000c A2020000 		.4byte	.LASF67
 360 0010 01       		.byte	0x1
 361 0011 10020000 		.4byte	.LASF68
 362 0015 DB000000 		.4byte	.LASF69
 363 0019 00000000 		.4byte	0x0
 364 001d 00000000 		.4byte	0x0
 365 0021 00000000 		.4byte	.Ldebug_ranges0+0x0
 366 0025 00000000 		.4byte	.Ldebug_line0
 367 0029 02       		.uleb128 0x2
 368 002a 04       		.byte	0x4
 369 002b 05       		.byte	0x5
 370 002c 696E7400 		.ascii	"int\000"
 371 0030 03       		.uleb128 0x3
 372 0031 04       		.byte	0x4
 373 0032 07       		.byte	0x7
 374 0033 B4000000 		.4byte	.LASF0
 375 0037 03       		.uleb128 0x3
 376 0038 01       		.byte	0x1
 377 0039 06       		.byte	0x6
 378 003a 4B000000 		.4byte	.LASF1
 379 003e 04       		.uleb128 0x4
 380 003f 93020000 		.4byte	.LASF5
 381 0043 02       		.byte	0x2
 382 0044 2A       		.byte	0x2a
 383 0045 49000000 		.4byte	0x49
 384 0049 03       		.uleb128 0x3
 385 004a 01       		.byte	0x1
 386 004b 08       		.byte	0x8
 387 004c 94010000 		.4byte	.LASF2
 388 0050 03       		.uleb128 0x3
ARM GAS  /tmp/ccrJo24c.s 			page 8


 389 0051 02       		.byte	0x2
 390 0052 05       		.byte	0x5
 391 0053 AC010000 		.4byte	.LASF3
 392 0057 03       		.uleb128 0x3
 393 0058 02       		.byte	0x2
 394 0059 07       		.byte	0x7
 395 005a 4D020000 		.4byte	.LASF4
 396 005e 04       		.uleb128 0x4
 397 005f 8C010000 		.4byte	.LASF6
 398 0063 02       		.byte	0x2
 399 0064 4F       		.byte	0x4f
 400 0065 69000000 		.4byte	0x69
 401 0069 03       		.uleb128 0x3
 402 006a 04       		.byte	0x4
 403 006b 05       		.byte	0x5
 404 006c 6E000000 		.4byte	.LASF7
 405 0070 04       		.uleb128 0x4
 406 0071 FA010000 		.4byte	.LASF8
 407 0075 02       		.byte	0x2
 408 0076 50       		.byte	0x50
 409 0077 7B000000 		.4byte	0x7b
 410 007b 03       		.uleb128 0x3
 411 007c 04       		.byte	0x4
 412 007d 07       		.byte	0x7
 413 007e C1000000 		.4byte	.LASF9
 414 0082 03       		.uleb128 0x3
 415 0083 08       		.byte	0x8
 416 0084 05       		.byte	0x5
 417 0085 3D000000 		.4byte	.LASF10
 418 0089 04       		.uleb128 0x4
 419 008a 0D000000 		.4byte	.LASF11
 420 008e 02       		.byte	0x2
 421 008f 78       		.byte	0x78
 422 0090 94000000 		.4byte	0x94
 423 0094 03       		.uleb128 0x3
 424 0095 08       		.byte	0x8
 425 0096 07       		.byte	0x7
 426 0097 16000000 		.4byte	.LASF12
 427 009b 04       		.uleb128 0x4
 428 009c 17010000 		.4byte	.LASF13
 429 00a0 03       		.byte	0x3
 430 00a1 2F       		.byte	0x2f
 431 00a2 3E000000 		.4byte	0x3e
 432 00a6 04       		.uleb128 0x4
 433 00a7 81000000 		.4byte	.LASF14
 434 00ab 03       		.byte	0x3
 435 00ac 30       		.byte	0x30
 436 00ad 3E000000 		.4byte	0x3e
 437 00b1 04       		.uleb128 0x4
 438 00b2 75010000 		.4byte	.LASF15
 439 00b6 03       		.byte	0x3
 440 00b7 31       		.byte	0x31
 441 00b8 3E000000 		.4byte	0x3e
 442 00bc 04       		.uleb128 0x4
 443 00bd 84010000 		.4byte	.LASF16
 444 00c1 03       		.byte	0x3
 445 00c2 32       		.byte	0x32
ARM GAS  /tmp/ccrJo24c.s 			page 9


 446 00c3 70000000 		.4byte	0x70
 447 00c7 04       		.uleb128 0x4
 448 00c8 11010000 		.4byte	.LASF17
 449 00cc 03       		.byte	0x3
 450 00cd 33       		.byte	0x33
 451 00ce 5E000000 		.4byte	0x5e
 452 00d2 04       		.uleb128 0x4
 453 00d3 2B010000 		.4byte	.LASF18
 454 00d7 03       		.byte	0x3
 455 00d8 35       		.byte	0x35
 456 00d9 70000000 		.4byte	0x70
 457 00dd 04       		.uleb128 0x4
 458 00de 38020000 		.4byte	.LASF19
 459 00e2 03       		.byte	0x3
 460 00e3 36       		.byte	0x36
 461 00e4 70000000 		.4byte	0x70
 462 00e8 04       		.uleb128 0x4
 463 00e9 A3000000 		.4byte	.LASF20
 464 00ed 03       		.byte	0x3
 465 00ee 37       		.byte	0x37
 466 00ef 5E000000 		.4byte	0x5e
 467 00f3 04       		.uleb128 0x4
 468 00f4 DB010000 		.4byte	.LASF21
 469 00f8 04       		.byte	0x4
 470 00f9 2A       		.byte	0x2a
 471 00fa FE000000 		.4byte	0xfe
 472 00fe 05       		.uleb128 0x5
 473 00ff DB010000 		.4byte	.LASF21
 474 0103 4C       		.byte	0x4c
 475 0104 05       		.byte	0x5
 476 0105 5E       		.byte	0x5e
 477 0106 23020000 		.4byte	0x223
 478 010a 06       		.uleb128 0x6
 479 010b CC010000 		.4byte	.LASF22
 480 010f 05       		.byte	0x5
 481 0110 5F       		.byte	0x5f
 482 0111 48020000 		.4byte	0x248
 483 0115 02       		.byte	0x2
 484 0116 23       		.byte	0x23
 485 0117 00       		.uleb128 0x0
 486 0118 06       		.uleb128 0x6
 487 0119 7D010000 		.4byte	.LASF23
 488 011d 05       		.byte	0x5
 489 011e 61       		.byte	0x61
 490 011f 48020000 		.4byte	0x248
 491 0123 02       		.byte	0x2
 492 0124 23       		.byte	0x23
 493 0125 04       		.uleb128 0x4
 494 0126 06       		.uleb128 0x6
 495 0127 36000000 		.4byte	.LASF24
 496 012b 05       		.byte	0x5
 497 012c 63       		.byte	0x63
 498 012d BC000000 		.4byte	0xbc
 499 0131 02       		.byte	0x2
 500 0132 23       		.byte	0x23
 501 0133 08       		.uleb128 0x8
 502 0134 06       		.uleb128 0x6
ARM GAS  /tmp/ccrJo24c.s 			page 10


 503 0135 C7020000 		.4byte	.LASF25
 504 0139 05       		.byte	0x5
 505 013a 64       		.byte	0x64
 506 013b 20030000 		.4byte	0x320
 507 013f 02       		.byte	0x2
 508 0140 23       		.byte	0x23
 509 0141 0C       		.uleb128 0xc
 510 0142 06       		.uleb128 0x6
 511 0143 8A000000 		.4byte	.LASF26
 512 0147 05       		.byte	0x5
 513 0148 66       		.byte	0x66
 514 0149 48020000 		.4byte	0x248
 515 014d 02       		.byte	0x2
 516 014e 23       		.byte	0x23
 517 014f 10       		.uleb128 0x10
 518 0150 06       		.uleb128 0x6
 519 0151 48010000 		.4byte	.LASF27
 520 0155 05       		.byte	0x5
 521 0156 67       		.byte	0x67
 522 0157 48020000 		.4byte	0x248
 523 015b 02       		.byte	0x2
 524 015c 23       		.byte	0x23
 525 015d 14       		.uleb128 0x14
 526 015e 06       		.uleb128 0x6
 527 015f AE020000 		.4byte	.LASF28
 528 0163 05       		.byte	0x5
 529 0164 6E       		.byte	0x6e
 530 0165 3B040000 		.4byte	0x43b
 531 0169 02       		.byte	0x2
 532 016a 23       		.byte	0x23
 533 016b 18       		.uleb128 0x18
 534 016c 06       		.uleb128 0x6
 535 016d A9000000 		.4byte	.LASF29
 536 0171 05       		.byte	0x5
 537 0172 74       		.byte	0x74
 538 0173 4D040000 		.4byte	0x44d
 539 0177 02       		.byte	0x2
 540 0178 23       		.byte	0x23
 541 0179 1C       		.uleb128 0x1c
 542 017a 06       		.uleb128 0x6
 543 017b B6010000 		.4byte	.LASF30
 544 017f 05       		.byte	0x5
 545 0180 79       		.byte	0x79
 546 0181 A6000000 		.4byte	0xa6
 547 0185 02       		.byte	0x2
 548 0186 23       		.byte	0x23
 549 0187 20       		.uleb128 0x20
 550 0188 06       		.uleb128 0x6
 551 0189 D3010000 		.4byte	.LASF31
 552 018d 05       		.byte	0x5
 553 018e 7D       		.byte	0x7d
 554 018f 9B000000 		.4byte	0x9b
 555 0193 02       		.byte	0x2
 556 0194 23       		.byte	0x23
 557 0195 21       		.uleb128 0x21
 558 0196 06       		.uleb128 0x6
 559 0197 7C020000 		.4byte	.LASF32
ARM GAS  /tmp/ccrJo24c.s 			page 11


 560 019b 05       		.byte	0x5
 561 019c 82       		.byte	0x82
 562 019d B1000000 		.4byte	0xb1
 563 01a1 02       		.byte	0x2
 564 01a2 23       		.byte	0x23
 565 01a3 22       		.uleb128 0x22
 566 01a4 06       		.uleb128 0x6
 567 01a5 9B020000 		.4byte	.LASF33
 568 01a9 05       		.byte	0x5
 569 01aa 89       		.byte	0x89
 570 01ab 43030000 		.4byte	0x343
 571 01af 02       		.byte	0x2
 572 01b0 23       		.byte	0x23
 573 01b1 24       		.uleb128 0x24
 574 01b2 07       		.uleb128 0x7
 575 01b3 705F7500 		.ascii	"p_u\000"
 576 01b7 05       		.byte	0x5
 577 01b8 AE       		.byte	0xae
 578 01b9 06040000 		.4byte	0x406
 579 01bd 02       		.byte	0x2
 580 01be 23       		.byte	0x23
 581 01bf 28       		.uleb128 0x28
 582 01c0 06       		.uleb128 0x6
 583 01c1 CD020000 		.4byte	.LASF34
 584 01c5 05       		.byte	0x5
 585 01c6 B3       		.byte	0xb3
 586 01c7 70020000 		.4byte	0x270
 587 01cb 02       		.byte	0x2
 588 01cc 23       		.byte	0x23
 589 01cd 2C       		.uleb128 0x2c
 590 01ce 06       		.uleb128 0x6
 591 01cf 67020000 		.4byte	.LASF35
 592 01d3 05       		.byte	0x5
 593 01d4 B9       		.byte	0xb9
 594 01d5 4E020000 		.4byte	0x24e
 595 01d9 02       		.byte	0x2
 596 01da 23       		.byte	0x23
 597 01db 30       		.uleb128 0x30
 598 01dc 06       		.uleb128 0x6
 599 01dd 00000000 		.4byte	.LASF36
 600 01e1 05       		.byte	0x5
 601 01e2 BD       		.byte	0xbd
 602 01e3 C7000000 		.4byte	0xc7
 603 01e7 02       		.byte	0x2
 604 01e8 23       		.byte	0x23
 605 01e9 38       		.uleb128 0x38
 606 01ea 06       		.uleb128 0x6
 607 01eb EF010000 		.4byte	.LASF37
 608 01ef 05       		.byte	0x5
 609 01f0 C3       		.byte	0xc3
 610 01f1 D2000000 		.4byte	0xd2
 611 01f5 02       		.byte	0x2
 612 01f6 23       		.byte	0x23
 613 01f7 3C       		.uleb128 0x3c
 614 01f8 06       		.uleb128 0x6
 615 01f9 A2010000 		.4byte	.LASF38
 616 01fd 05       		.byte	0x5
ARM GAS  /tmp/ccrJo24c.s 			page 12


 617 01fe CA       		.byte	0xca
 618 01ff 53040000 		.4byte	0x453
 619 0203 02       		.byte	0x2
 620 0204 23       		.byte	0x23
 621 0205 40       		.uleb128 0x40
 622 0206 06       		.uleb128 0x6
 623 0207 42020000 		.4byte	.LASF39
 624 020b 05       		.byte	0x5
 625 020c CE       		.byte	0xce
 626 020d BC000000 		.4byte	0xbc
 627 0211 02       		.byte	0x2
 628 0212 23       		.byte	0x23
 629 0213 44       		.uleb128 0x44
 630 0214 06       		.uleb128 0x6
 631 0215 57000000 		.4byte	.LASF40
 632 0219 05       		.byte	0x5
 633 021a D4       		.byte	0xd4
 634 021b 86020000 		.4byte	0x286
 635 021f 02       		.byte	0x2
 636 0220 23       		.byte	0x23
 637 0221 48       		.uleb128 0x48
 638 0222 00       		.byte	0x0
 639 0223 08       		.uleb128 0x8
 640 0224 08       		.byte	0x8
 641 0225 04       		.byte	0x4
 642 0226 61       		.byte	0x61
 643 0227 48020000 		.4byte	0x248
 644 022b 06       		.uleb128 0x6
 645 022c CC010000 		.4byte	.LASF22
 646 0230 04       		.byte	0x4
 647 0231 62       		.byte	0x62
 648 0232 48020000 		.4byte	0x248
 649 0236 02       		.byte	0x2
 650 0237 23       		.byte	0x23
 651 0238 00       		.uleb128 0x0
 652 0239 06       		.uleb128 0x6
 653 023a 7D010000 		.4byte	.LASF23
 654 023e 04       		.byte	0x4
 655 023f 64       		.byte	0x64
 656 0240 48020000 		.4byte	0x248
 657 0244 02       		.byte	0x2
 658 0245 23       		.byte	0x23
 659 0246 04       		.uleb128 0x4
 660 0247 00       		.byte	0x0
 661 0248 09       		.uleb128 0x9
 662 0249 04       		.byte	0x4
 663 024a F3000000 		.4byte	0xf3
 664 024e 04       		.uleb128 0x4
 665 024f 56010000 		.4byte	.LASF41
 666 0253 04       		.byte	0x4
 667 0254 66       		.byte	0x66
 668 0255 23020000 		.4byte	0x223
 669 0259 08       		.uleb128 0x8
 670 025a 04       		.byte	0x4
 671 025b 04       		.byte	0x4
 672 025c 6B       		.byte	0x6b
 673 025d 70020000 		.4byte	0x270
ARM GAS  /tmp/ccrJo24c.s 			page 13


 674 0261 06       		.uleb128 0x6
 675 0262 CC010000 		.4byte	.LASF22
 676 0266 04       		.byte	0x4
 677 0267 6D       		.byte	0x6d
 678 0268 48020000 		.4byte	0x248
 679 026c 02       		.byte	0x2
 680 026d 23       		.byte	0x23
 681 026e 00       		.uleb128 0x0
 682 026f 00       		.byte	0x0
 683 0270 04       		.uleb128 0x4
 684 0271 1F010000 		.4byte	.LASF42
 685 0275 04       		.byte	0x4
 686 0276 70       		.byte	0x70
 687 0277 59020000 		.4byte	0x259
 688 027b 04       		.uleb128 0x4
 689 027c 9A000000 		.4byte	.LASF43
 690 0280 06       		.byte	0x6
 691 0281 D7       		.byte	0xd7
 692 0282 86020000 		.4byte	0x286
 693 0286 0A       		.uleb128 0xa
 694 0287 04       		.byte	0x4
 695 0288 04       		.uleb128 0x4
 696 0289 3D010000 		.4byte	.LASF44
 697 028d 06       		.byte	0x6
 698 028e DD       		.byte	0xdd
 699 028f 89000000 		.4byte	0x89
 700 0293 05       		.uleb128 0x5
 701 0294 60020000 		.4byte	.LASF45
 702 0298 24       		.byte	0x24
 703 0299 06       		.byte	0x6
 704 029a FE       		.byte	0xfe
 705 029b 20030000 		.4byte	0x320
 706 029f 0B       		.uleb128 0xb
 707 02a0 723400   		.ascii	"r4\000"
 708 02a3 06       		.byte	0x6
 709 02a4 1101     		.2byte	0x111
 710 02a6 7B020000 		.4byte	0x27b
 711 02aa 02       		.byte	0x2
 712 02ab 23       		.byte	0x23
 713 02ac 00       		.uleb128 0x0
 714 02ad 0B       		.uleb128 0xb
 715 02ae 723500   		.ascii	"r5\000"
 716 02b1 06       		.byte	0x6
 717 02b2 1201     		.2byte	0x112
 718 02b4 7B020000 		.4byte	0x27b
 719 02b8 02       		.byte	0x2
 720 02b9 23       		.byte	0x23
 721 02ba 04       		.uleb128 0x4
 722 02bb 0B       		.uleb128 0xb
 723 02bc 723600   		.ascii	"r6\000"
 724 02bf 06       		.byte	0x6
 725 02c0 1301     		.2byte	0x113
 726 02c2 7B020000 		.4byte	0x27b
 727 02c6 02       		.byte	0x2
 728 02c7 23       		.byte	0x23
 729 02c8 08       		.uleb128 0x8
 730 02c9 0B       		.uleb128 0xb
ARM GAS  /tmp/ccrJo24c.s 			page 14


 731 02ca 723700   		.ascii	"r7\000"
 732 02cd 06       		.byte	0x6
 733 02ce 1401     		.2byte	0x114
 734 02d0 7B020000 		.4byte	0x27b
 735 02d4 02       		.byte	0x2
 736 02d5 23       		.byte	0x23
 737 02d6 0C       		.uleb128 0xc
 738 02d7 0B       		.uleb128 0xb
 739 02d8 723800   		.ascii	"r8\000"
 740 02db 06       		.byte	0x6
 741 02dc 1501     		.2byte	0x115
 742 02de 7B020000 		.4byte	0x27b
 743 02e2 02       		.byte	0x2
 744 02e3 23       		.byte	0x23
 745 02e4 10       		.uleb128 0x10
 746 02e5 0B       		.uleb128 0xb
 747 02e6 723900   		.ascii	"r9\000"
 748 02e9 06       		.byte	0x6
 749 02ea 1601     		.2byte	0x116
 750 02ec 7B020000 		.4byte	0x27b
 751 02f0 02       		.byte	0x2
 752 02f1 23       		.byte	0x23
 753 02f2 14       		.uleb128 0x14
 754 02f3 0B       		.uleb128 0xb
 755 02f4 72313000 		.ascii	"r10\000"
 756 02f8 06       		.byte	0x6
 757 02f9 1701     		.2byte	0x117
 758 02fb 7B020000 		.4byte	0x27b
 759 02ff 02       		.byte	0x2
 760 0300 23       		.byte	0x23
 761 0301 18       		.uleb128 0x18
 762 0302 0B       		.uleb128 0xb
 763 0303 72313100 		.ascii	"r11\000"
 764 0307 06       		.byte	0x6
 765 0308 1801     		.2byte	0x118
 766 030a 7B020000 		.4byte	0x27b
 767 030e 02       		.byte	0x2
 768 030f 23       		.byte	0x23
 769 0310 1C       		.uleb128 0x1c
 770 0311 0B       		.uleb128 0xb
 771 0312 6C7200   		.ascii	"lr\000"
 772 0315 06       		.byte	0x6
 773 0316 1901     		.2byte	0x119
 774 0318 7B020000 		.4byte	0x27b
 775 031c 02       		.byte	0x2
 776 031d 23       		.byte	0x23
 777 031e 20       		.uleb128 0x20
 778 031f 00       		.byte	0x0
 779 0320 0C       		.uleb128 0xc
 780 0321 D3000000 		.4byte	.LASF46
 781 0325 04       		.byte	0x4
 782 0326 06       		.byte	0x6
 783 0327 2301     		.2byte	0x123
 784 0329 3D030000 		.4byte	0x33d
 785 032d 0B       		.uleb128 0xb
 786 032e 72313300 		.ascii	"r13\000"
 787 0332 06       		.byte	0x6
ARM GAS  /tmp/ccrJo24c.s 			page 15


 788 0333 2401     		.2byte	0x124
 789 0335 3D030000 		.4byte	0x33d
 790 0339 02       		.byte	0x2
 791 033a 23       		.byte	0x23
 792 033b 00       		.uleb128 0x0
 793 033c 00       		.byte	0x0
 794 033d 09       		.uleb128 0x9
 795 033e 04       		.byte	0x4
 796 033f 93020000 		.4byte	0x293
 797 0343 0D       		.uleb128 0xd
 798 0344 DD000000 		.4byte	0xdd
 799 0348 08       		.uleb128 0x8
 800 0349 20       		.byte	0x20
 801 034a 07       		.byte	0x7
 802 034b 5E       		.byte	0x5e
 803 034c B3030000 		.4byte	0x3b3
 804 0350 06       		.uleb128 0x6
 805 0351 03020000 		.4byte	.LASF47
 806 0355 07       		.byte	0x7
 807 0356 5F       		.byte	0x5f
 808 0357 4E020000 		.4byte	0x24e
 809 035b 02       		.byte	0x2
 810 035c 23       		.byte	0x23
 811 035d 00       		.uleb128 0x0
 812 035e 06       		.uleb128 0x6
 813 035f BE010000 		.4byte	.LASF48
 814 0363 07       		.byte	0x7
 815 0364 60       		.byte	0x60
 816 0365 BC000000 		.4byte	0xbc
 817 0369 02       		.byte	0x2
 818 036a 23       		.byte	0x23
 819 036b 08       		.uleb128 0x8
 820 036c 06       		.uleb128 0x6
 821 036d 50010000 		.4byte	.LASF49
 822 0371 07       		.byte	0x7
 823 0372 62       		.byte	0x62
 824 0373 20030000 		.4byte	0x320
 825 0377 02       		.byte	0x2
 826 0378 23       		.byte	0x23
 827 0379 0C       		.uleb128 0xc
 828 037a 06       		.uleb128 0x6
 829 037b 92000000 		.4byte	.LASF50
 830 037f 07       		.byte	0x7
 831 0380 65       		.byte	0x65
 832 0381 48020000 		.4byte	0x248
 833 0385 02       		.byte	0x2
 834 0386 23       		.byte	0x23
 835 0387 10       		.uleb128 0x10
 836 0388 06       		.uleb128 0x6
 837 0389 6D010000 		.4byte	.LASF51
 838 038d 07       		.byte	0x7
 839 038e 66       		.byte	0x66
 840 038f 48020000 		.4byte	0x248
 841 0393 02       		.byte	0x2
 842 0394 23       		.byte	0x23
 843 0395 14       		.uleb128 0x14
 844 0396 06       		.uleb128 0x6
ARM GAS  /tmp/ccrJo24c.s 			page 16


 845 0397 B5020000 		.4byte	.LASF52
 846 039b 07       		.byte	0x7
 847 039c 6A       		.byte	0x6a
 848 039d E8000000 		.4byte	0xe8
 849 03a1 02       		.byte	0x2
 850 03a2 23       		.byte	0x23
 851 03a3 18       		.uleb128 0x18
 852 03a4 06       		.uleb128 0x6
 853 03a5 63010000 		.4byte	.LASF53
 854 03a9 07       		.byte	0x7
 855 03aa 6C       		.byte	0x6c
 856 03ab 48020000 		.4byte	0x248
 857 03af 02       		.byte	0x2
 858 03b0 23       		.byte	0x23
 859 03b1 1C       		.uleb128 0x1c
 860 03b2 00       		.byte	0x0
 861 03b3 04       		.uleb128 0x4
 862 03b4 83020000 		.4byte	.LASF54
 863 03b8 07       		.byte	0x7
 864 03b9 6E       		.byte	0x6e
 865 03ba 48030000 		.4byte	0x348
 866 03be 05       		.uleb128 0x5
 867 03bf 37010000 		.4byte	.LASF55
 868 03c3 10       		.byte	0x10
 869 03c4 08       		.byte	0x8
 870 03c5 2C       		.byte	0x2c
 871 03c6 F5030000 		.4byte	0x3f5
 872 03ca 06       		.uleb128 0x6
 873 03cb 5F000000 		.4byte	.LASF56
 874 03cf 08       		.byte	0x8
 875 03d0 2D       		.byte	0x2d
 876 03d1 4E020000 		.4byte	0x24e
 877 03d5 02       		.byte	0x2
 878 03d6 23       		.byte	0x23
 879 03d7 00       		.uleb128 0x0
 880 03d8 06       		.uleb128 0x6
 881 03d9 BF020000 		.4byte	.LASF57
 882 03dd 08       		.byte	0x8
 883 03de 2F       		.byte	0x2f
 884 03df 48020000 		.4byte	0x248
 885 03e3 02       		.byte	0x2
 886 03e4 23       		.byte	0x23
 887 03e5 08       		.uleb128 0x8
 888 03e6 06       		.uleb128 0x6
 889 03e7 31020000 		.4byte	.LASF58
 890 03eb 08       		.byte	0x8
 891 03ec 31       		.byte	0x31
 892 03ed F5030000 		.4byte	0x3f5
 893 03f1 02       		.byte	0x2
 894 03f2 23       		.byte	0x23
 895 03f3 0C       		.uleb128 0xc
 896 03f4 00       		.byte	0x0
 897 03f5 09       		.uleb128 0x9
 898 03f6 04       		.byte	0x4
 899 03f7 BE030000 		.4byte	0x3be
 900 03fb 04       		.uleb128 0x4
 901 03fc 37010000 		.4byte	.LASF55
ARM GAS  /tmp/ccrJo24c.s 			page 17


 902 0400 08       		.byte	0x8
 903 0401 33       		.byte	0x33
 904 0402 BE030000 		.4byte	0x3be
 905 0406 0E       		.uleb128 0xe
 906 0407 04       		.byte	0x4
 907 0408 05       		.byte	0x5
 908 0409 90       		.byte	0x90
 909 040a 3B040000 		.4byte	0x43b
 910 040e 0F       		.uleb128 0xf
 911 040f 06000000 		.4byte	.LASF59
 912 0413 05       		.byte	0x5
 913 0414 97       		.byte	0x97
 914 0415 C7000000 		.4byte	0xc7
 915 0419 0F       		.uleb128 0xf
 916 041a 2D000000 		.4byte	.LASF60
 917 041e 05       		.byte	0x5
 918 041f 9E       		.byte	0x9e
 919 0420 C7000000 		.4byte	0xc7
 920 0424 0F       		.uleb128 0xf
 921 0425 67000000 		.4byte	.LASF61
 922 0429 05       		.byte	0x5
 923 042a A5       		.byte	0xa5
 924 042b 86020000 		.4byte	0x286
 925 042f 0F       		.uleb128 0xf
 926 0430 C5010000 		.4byte	.LASF62
 927 0434 05       		.byte	0x5
 928 0435 AC       		.byte	0xac
 929 0436 D2000000 		.4byte	0xd2
 930 043a 00       		.byte	0x0
 931 043b 09       		.uleb128 0x9
 932 043c 04       		.byte	0x4
 933 043d 41040000 		.4byte	0x441
 934 0441 10       		.uleb128 0x10
 935 0442 46040000 		.4byte	0x446
 936 0446 03       		.uleb128 0x3
 937 0447 01       		.byte	0x1
 938 0448 08       		.byte	0x8
 939 0449 0B020000 		.4byte	.LASF63
 940 044d 09       		.uleb128 0x9
 941 044e 04       		.byte	0x4
 942 044f 88020000 		.4byte	0x288
 943 0453 09       		.uleb128 0x9
 944 0454 04       		.byte	0x4
 945 0455 FB030000 		.4byte	0x3fb
 946 0459 11       		.uleb128 0x11
 947 045a 01       		.byte	0x1
 948 045b 77000000 		.4byte	.LASF64
 949 045f 01       		.byte	0x1
 950 0460 4B       		.byte	0x4b
 951 0461 01       		.byte	0x1
 952 0462 C7000000 		.4byte	0xc7
 953 0466 00000000 		.4byte	.LFB0
 954 046a 54000000 		.4byte	.LFE0
 955 046e 00000000 		.4byte	.LLST0
 956 0472 A3040000 		.4byte	0x4a3
 957 0476 12       		.uleb128 0x12
 958 0477 747000   		.ascii	"tp\000"
ARM GAS  /tmp/ccrJo24c.s 			page 18


 959 047a 01       		.byte	0x1
 960 047b 4B       		.byte	0x4b
 961 047c 48020000 		.4byte	0x248
 962 0480 20000000 		.4byte	.LLST1
 963 0484 12       		.uleb128 0x12
 964 0485 6D736700 		.ascii	"msg\000"
 965 0489 01       		.byte	0x1
 966 048a 4B       		.byte	0x4b
 967 048b C7000000 		.4byte	0xc7
 968 048f 3E000000 		.4byte	.LLST2
 969 0493 13       		.uleb128 0x13
 970 0494 63747000 		.ascii	"ctp\000"
 971 0498 01       		.byte	0x1
 972 0499 4C       		.byte	0x4c
 973 049a 48020000 		.4byte	0x248
 974 049e 67000000 		.4byte	.LLST3
 975 04a2 00       		.byte	0x0
 976 04a3 11       		.uleb128 0x11
 977 04a4 01       		.byte	0x1
 978 04a5 72020000 		.4byte	.LASF65
 979 04a9 01       		.byte	0x1
 980 04aa 6A       		.byte	0x6a
 981 04ab 01       		.byte	0x1
 982 04ac 48020000 		.4byte	0x248
 983 04b0 00000000 		.4byte	.LFB1
 984 04b4 40000000 		.4byte	.LFE1
 985 04b8 86000000 		.4byte	.LLST4
 986 04bc CF040000 		.4byte	0x4cf
 987 04c0 13       		.uleb128 0x13
 988 04c1 747000   		.ascii	"tp\000"
 989 04c4 01       		.byte	0x1
 990 04c5 6B       		.byte	0x6b
 991 04c6 48020000 		.4byte	0x248
 992 04ca A6000000 		.4byte	.LLST5
 993 04ce 00       		.byte	0x0
 994 04cf 14       		.uleb128 0x14
 995 04d0 01       		.byte	0x1
 996 04d1 E2010000 		.4byte	.LASF70
 997 04d5 01       		.byte	0x1
 998 04d6 80       		.byte	0x80
 999 04d7 01       		.byte	0x1
 1000 04d8 00000000 		.4byte	.LFB2
 1001 04dc 34000000 		.4byte	.LFE2
 1002 04e0 C4000000 		.4byte	.LLST6
 1003 04e4 06050000 		.4byte	0x506
 1004 04e8 12       		.uleb128 0x12
 1005 04e9 747000   		.ascii	"tp\000"
 1006 04ec 01       		.byte	0x1
 1007 04ed 80       		.byte	0x80
 1008 04ee 48020000 		.4byte	0x248
 1009 04f2 E4000000 		.4byte	.LLST7
 1010 04f6 12       		.uleb128 0x12
 1011 04f7 6D736700 		.ascii	"msg\000"
 1012 04fb 01       		.byte	0x1
 1013 04fc 80       		.byte	0x80
 1014 04fd C7000000 		.4byte	0xc7
 1015 0501 02010000 		.4byte	.LLST8
ARM GAS  /tmp/ccrJo24c.s 			page 19


 1016 0505 00       		.byte	0x0
 1017 0506 15       		.uleb128 0x15
 1018 0507 8D020000 		.4byte	.LASF66
 1019 050b 07       		.byte	0x7
 1020 050c 72       		.byte	0x72
 1021 050d B3030000 		.4byte	0x3b3
 1022 0511 01       		.byte	0x1
 1023 0512 01       		.byte	0x1
 1024 0513 15       		.uleb128 0x15
 1025 0514 8D020000 		.4byte	.LASF66
 1026 0518 07       		.byte	0x7
 1027 0519 72       		.byte	0x72
 1028 051a B3030000 		.4byte	0x3b3
 1029 051e 01       		.byte	0x1
 1030 051f 01       		.byte	0x1
 1031 0520 00       		.byte	0x0
 1032              		.section	.debug_abbrev
 1033 0000 01       		.uleb128 0x1
 1034 0001 11       		.uleb128 0x11
 1035 0002 01       		.byte	0x1
 1036 0003 25       		.uleb128 0x25
 1037 0004 0E       		.uleb128 0xe
 1038 0005 13       		.uleb128 0x13
 1039 0006 0B       		.uleb128 0xb
 1040 0007 03       		.uleb128 0x3
 1041 0008 0E       		.uleb128 0xe
 1042 0009 1B       		.uleb128 0x1b
 1043 000a 0E       		.uleb128 0xe
 1044 000b 11       		.uleb128 0x11
 1045 000c 01       		.uleb128 0x1
 1046 000d 52       		.uleb128 0x52
 1047 000e 01       		.uleb128 0x1
 1048 000f 55       		.uleb128 0x55
 1049 0010 06       		.uleb128 0x6
 1050 0011 10       		.uleb128 0x10
 1051 0012 06       		.uleb128 0x6
 1052 0013 00       		.byte	0x0
 1053 0014 00       		.byte	0x0
 1054 0015 02       		.uleb128 0x2
 1055 0016 24       		.uleb128 0x24
 1056 0017 00       		.byte	0x0
 1057 0018 0B       		.uleb128 0xb
 1058 0019 0B       		.uleb128 0xb
 1059 001a 3E       		.uleb128 0x3e
 1060 001b 0B       		.uleb128 0xb
 1061 001c 03       		.uleb128 0x3
 1062 001d 08       		.uleb128 0x8
 1063 001e 00       		.byte	0x0
 1064 001f 00       		.byte	0x0
 1065 0020 03       		.uleb128 0x3
 1066 0021 24       		.uleb128 0x24
 1067 0022 00       		.byte	0x0
 1068 0023 0B       		.uleb128 0xb
 1069 0024 0B       		.uleb128 0xb
 1070 0025 3E       		.uleb128 0x3e
 1071 0026 0B       		.uleb128 0xb
 1072 0027 03       		.uleb128 0x3
ARM GAS  /tmp/ccrJo24c.s 			page 20


 1073 0028 0E       		.uleb128 0xe
 1074 0029 00       		.byte	0x0
 1075 002a 00       		.byte	0x0
 1076 002b 04       		.uleb128 0x4
 1077 002c 16       		.uleb128 0x16
 1078 002d 00       		.byte	0x0
 1079 002e 03       		.uleb128 0x3
 1080 002f 0E       		.uleb128 0xe
 1081 0030 3A       		.uleb128 0x3a
 1082 0031 0B       		.uleb128 0xb
 1083 0032 3B       		.uleb128 0x3b
 1084 0033 0B       		.uleb128 0xb
 1085 0034 49       		.uleb128 0x49
 1086 0035 13       		.uleb128 0x13
 1087 0036 00       		.byte	0x0
 1088 0037 00       		.byte	0x0
 1089 0038 05       		.uleb128 0x5
 1090 0039 13       		.uleb128 0x13
 1091 003a 01       		.byte	0x1
 1092 003b 03       		.uleb128 0x3
 1093 003c 0E       		.uleb128 0xe
 1094 003d 0B       		.uleb128 0xb
 1095 003e 0B       		.uleb128 0xb
 1096 003f 3A       		.uleb128 0x3a
 1097 0040 0B       		.uleb128 0xb
 1098 0041 3B       		.uleb128 0x3b
 1099 0042 0B       		.uleb128 0xb
 1100 0043 01       		.uleb128 0x1
 1101 0044 13       		.uleb128 0x13
 1102 0045 00       		.byte	0x0
 1103 0046 00       		.byte	0x0
 1104 0047 06       		.uleb128 0x6
 1105 0048 0D       		.uleb128 0xd
 1106 0049 00       		.byte	0x0
 1107 004a 03       		.uleb128 0x3
 1108 004b 0E       		.uleb128 0xe
 1109 004c 3A       		.uleb128 0x3a
 1110 004d 0B       		.uleb128 0xb
 1111 004e 3B       		.uleb128 0x3b
 1112 004f 0B       		.uleb128 0xb
 1113 0050 49       		.uleb128 0x49
 1114 0051 13       		.uleb128 0x13
 1115 0052 38       		.uleb128 0x38
 1116 0053 0A       		.uleb128 0xa
 1117 0054 00       		.byte	0x0
 1118 0055 00       		.byte	0x0
 1119 0056 07       		.uleb128 0x7
 1120 0057 0D       		.uleb128 0xd
 1121 0058 00       		.byte	0x0
 1122 0059 03       		.uleb128 0x3
 1123 005a 08       		.uleb128 0x8
 1124 005b 3A       		.uleb128 0x3a
 1125 005c 0B       		.uleb128 0xb
 1126 005d 3B       		.uleb128 0x3b
 1127 005e 0B       		.uleb128 0xb
 1128 005f 49       		.uleb128 0x49
 1129 0060 13       		.uleb128 0x13
ARM GAS  /tmp/ccrJo24c.s 			page 21


 1130 0061 38       		.uleb128 0x38
 1131 0062 0A       		.uleb128 0xa
 1132 0063 00       		.byte	0x0
 1133 0064 00       		.byte	0x0
 1134 0065 08       		.uleb128 0x8
 1135 0066 13       		.uleb128 0x13
 1136 0067 01       		.byte	0x1
 1137 0068 0B       		.uleb128 0xb
 1138 0069 0B       		.uleb128 0xb
 1139 006a 3A       		.uleb128 0x3a
 1140 006b 0B       		.uleb128 0xb
 1141 006c 3B       		.uleb128 0x3b
 1142 006d 0B       		.uleb128 0xb
 1143 006e 01       		.uleb128 0x1
 1144 006f 13       		.uleb128 0x13
 1145 0070 00       		.byte	0x0
 1146 0071 00       		.byte	0x0
 1147 0072 09       		.uleb128 0x9
 1148 0073 0F       		.uleb128 0xf
 1149 0074 00       		.byte	0x0
 1150 0075 0B       		.uleb128 0xb
 1151 0076 0B       		.uleb128 0xb
 1152 0077 49       		.uleb128 0x49
 1153 0078 13       		.uleb128 0x13
 1154 0079 00       		.byte	0x0
 1155 007a 00       		.byte	0x0
 1156 007b 0A       		.uleb128 0xa
 1157 007c 0F       		.uleb128 0xf
 1158 007d 00       		.byte	0x0
 1159 007e 0B       		.uleb128 0xb
 1160 007f 0B       		.uleb128 0xb
 1161 0080 00       		.byte	0x0
 1162 0081 00       		.byte	0x0
 1163 0082 0B       		.uleb128 0xb
 1164 0083 0D       		.uleb128 0xd
 1165 0084 00       		.byte	0x0
 1166 0085 03       		.uleb128 0x3
 1167 0086 08       		.uleb128 0x8
 1168 0087 3A       		.uleb128 0x3a
 1169 0088 0B       		.uleb128 0xb
 1170 0089 3B       		.uleb128 0x3b
 1171 008a 05       		.uleb128 0x5
 1172 008b 49       		.uleb128 0x49
 1173 008c 13       		.uleb128 0x13
 1174 008d 38       		.uleb128 0x38
 1175 008e 0A       		.uleb128 0xa
 1176 008f 00       		.byte	0x0
 1177 0090 00       		.byte	0x0
 1178 0091 0C       		.uleb128 0xc
 1179 0092 13       		.uleb128 0x13
 1180 0093 01       		.byte	0x1
 1181 0094 03       		.uleb128 0x3
 1182 0095 0E       		.uleb128 0xe
 1183 0096 0B       		.uleb128 0xb
 1184 0097 0B       		.uleb128 0xb
 1185 0098 3A       		.uleb128 0x3a
 1186 0099 0B       		.uleb128 0xb
ARM GAS  /tmp/ccrJo24c.s 			page 22


 1187 009a 3B       		.uleb128 0x3b
 1188 009b 05       		.uleb128 0x5
 1189 009c 01       		.uleb128 0x1
 1190 009d 13       		.uleb128 0x13
 1191 009e 00       		.byte	0x0
 1192 009f 00       		.byte	0x0
 1193 00a0 0D       		.uleb128 0xd
 1194 00a1 35       		.uleb128 0x35
 1195 00a2 00       		.byte	0x0
 1196 00a3 49       		.uleb128 0x49
 1197 00a4 13       		.uleb128 0x13
 1198 00a5 00       		.byte	0x0
 1199 00a6 00       		.byte	0x0
 1200 00a7 0E       		.uleb128 0xe
 1201 00a8 17       		.uleb128 0x17
 1202 00a9 01       		.byte	0x1
 1203 00aa 0B       		.uleb128 0xb
 1204 00ab 0B       		.uleb128 0xb
 1205 00ac 3A       		.uleb128 0x3a
 1206 00ad 0B       		.uleb128 0xb
 1207 00ae 3B       		.uleb128 0x3b
 1208 00af 0B       		.uleb128 0xb
 1209 00b0 01       		.uleb128 0x1
 1210 00b1 13       		.uleb128 0x13
 1211 00b2 00       		.byte	0x0
 1212 00b3 00       		.byte	0x0
 1213 00b4 0F       		.uleb128 0xf
 1214 00b5 0D       		.uleb128 0xd
 1215 00b6 00       		.byte	0x0
 1216 00b7 03       		.uleb128 0x3
 1217 00b8 0E       		.uleb128 0xe
 1218 00b9 3A       		.uleb128 0x3a
 1219 00ba 0B       		.uleb128 0xb
 1220 00bb 3B       		.uleb128 0x3b
 1221 00bc 0B       		.uleb128 0xb
 1222 00bd 49       		.uleb128 0x49
 1223 00be 13       		.uleb128 0x13
 1224 00bf 00       		.byte	0x0
 1225 00c0 00       		.byte	0x0
 1226 00c1 10       		.uleb128 0x10
 1227 00c2 26       		.uleb128 0x26
 1228 00c3 00       		.byte	0x0
 1229 00c4 49       		.uleb128 0x49
 1230 00c5 13       		.uleb128 0x13
 1231 00c6 00       		.byte	0x0
 1232 00c7 00       		.byte	0x0
 1233 00c8 11       		.uleb128 0x11
 1234 00c9 2E       		.uleb128 0x2e
 1235 00ca 01       		.byte	0x1
 1236 00cb 3F       		.uleb128 0x3f
 1237 00cc 0C       		.uleb128 0xc
 1238 00cd 03       		.uleb128 0x3
 1239 00ce 0E       		.uleb128 0xe
 1240 00cf 3A       		.uleb128 0x3a
 1241 00d0 0B       		.uleb128 0xb
 1242 00d1 3B       		.uleb128 0x3b
 1243 00d2 0B       		.uleb128 0xb
ARM GAS  /tmp/ccrJo24c.s 			page 23


 1244 00d3 27       		.uleb128 0x27
 1245 00d4 0C       		.uleb128 0xc
 1246 00d5 49       		.uleb128 0x49
 1247 00d6 13       		.uleb128 0x13
 1248 00d7 11       		.uleb128 0x11
 1249 00d8 01       		.uleb128 0x1
 1250 00d9 12       		.uleb128 0x12
 1251 00da 01       		.uleb128 0x1
 1252 00db 40       		.uleb128 0x40
 1253 00dc 06       		.uleb128 0x6
 1254 00dd 01       		.uleb128 0x1
 1255 00de 13       		.uleb128 0x13
 1256 00df 00       		.byte	0x0
 1257 00e0 00       		.byte	0x0
 1258 00e1 12       		.uleb128 0x12
 1259 00e2 05       		.uleb128 0x5
 1260 00e3 00       		.byte	0x0
 1261 00e4 03       		.uleb128 0x3
 1262 00e5 08       		.uleb128 0x8
 1263 00e6 3A       		.uleb128 0x3a
 1264 00e7 0B       		.uleb128 0xb
 1265 00e8 3B       		.uleb128 0x3b
 1266 00e9 0B       		.uleb128 0xb
 1267 00ea 49       		.uleb128 0x49
 1268 00eb 13       		.uleb128 0x13
 1269 00ec 02       		.uleb128 0x2
 1270 00ed 06       		.uleb128 0x6
 1271 00ee 00       		.byte	0x0
 1272 00ef 00       		.byte	0x0
 1273 00f0 13       		.uleb128 0x13
 1274 00f1 34       		.uleb128 0x34
 1275 00f2 00       		.byte	0x0
 1276 00f3 03       		.uleb128 0x3
 1277 00f4 08       		.uleb128 0x8
 1278 00f5 3A       		.uleb128 0x3a
 1279 00f6 0B       		.uleb128 0xb
 1280 00f7 3B       		.uleb128 0x3b
 1281 00f8 0B       		.uleb128 0xb
 1282 00f9 49       		.uleb128 0x49
 1283 00fa 13       		.uleb128 0x13
 1284 00fb 02       		.uleb128 0x2
 1285 00fc 06       		.uleb128 0x6
 1286 00fd 00       		.byte	0x0
 1287 00fe 00       		.byte	0x0
 1288 00ff 14       		.uleb128 0x14
 1289 0100 2E       		.uleb128 0x2e
 1290 0101 01       		.byte	0x1
 1291 0102 3F       		.uleb128 0x3f
 1292 0103 0C       		.uleb128 0xc
 1293 0104 03       		.uleb128 0x3
 1294 0105 0E       		.uleb128 0xe
 1295 0106 3A       		.uleb128 0x3a
 1296 0107 0B       		.uleb128 0xb
 1297 0108 3B       		.uleb128 0x3b
 1298 0109 0B       		.uleb128 0xb
 1299 010a 27       		.uleb128 0x27
 1300 010b 0C       		.uleb128 0xc
ARM GAS  /tmp/ccrJo24c.s 			page 24


 1301 010c 11       		.uleb128 0x11
 1302 010d 01       		.uleb128 0x1
 1303 010e 12       		.uleb128 0x12
 1304 010f 01       		.uleb128 0x1
 1305 0110 40       		.uleb128 0x40
 1306 0111 06       		.uleb128 0x6
 1307 0112 01       		.uleb128 0x1
 1308 0113 13       		.uleb128 0x13
 1309 0114 00       		.byte	0x0
 1310 0115 00       		.byte	0x0
 1311 0116 15       		.uleb128 0x15
 1312 0117 34       		.uleb128 0x34
 1313 0118 00       		.byte	0x0
 1314 0119 03       		.uleb128 0x3
 1315 011a 0E       		.uleb128 0xe
 1316 011b 3A       		.uleb128 0x3a
 1317 011c 0B       		.uleb128 0xb
 1318 011d 3B       		.uleb128 0x3b
 1319 011e 0B       		.uleb128 0xb
 1320 011f 49       		.uleb128 0x49
 1321 0120 13       		.uleb128 0x13
 1322 0121 3F       		.uleb128 0x3f
 1323 0122 0C       		.uleb128 0xc
 1324 0123 3C       		.uleb128 0x3c
 1325 0124 0C       		.uleb128 0xc
 1326 0125 00       		.byte	0x0
 1327 0126 00       		.byte	0x0
 1328 0127 00       		.byte	0x0
 1329              		.section	.debug_pubnames,"",%progbits
 1330 0000 3B000000 		.4byte	0x3b
 1331 0004 0200     		.2byte	0x2
 1332 0006 00000000 		.4byte	.Ldebug_info0
 1333 000a 21050000 		.4byte	0x521
 1334 000e 59040000 		.4byte	0x459
 1335 0012 63684D73 		.ascii	"chMsgSend\000"
 1335      6753656E 
 1335      6400
 1336 001c A3040000 		.4byte	0x4a3
 1337 0020 63684D73 		.ascii	"chMsgWait\000"
 1337      67576169 
 1337      7400
 1338 002a CF040000 		.4byte	0x4cf
 1339 002e 63684D73 		.ascii	"chMsgRelease\000"
 1339      6752656C 
 1339      65617365 
 1339      00
 1340 003b 00000000 		.4byte	0x0
 1341              		.section	.debug_pubtypes,"",%progbits
 1342 0000 2F010000 		.4byte	0x12f
 1343 0004 0200     		.2byte	0x2
 1344 0006 00000000 		.4byte	.Ldebug_info0
 1345 000a 21050000 		.4byte	0x521
 1346 000e 3E000000 		.4byte	0x3e
 1347 0012 75696E74 		.ascii	"uint8_t\000"
 1347      385F7400 
 1348 001a 5E000000 		.4byte	0x5e
 1349 001e 696E7433 		.ascii	"int32_t\000"
ARM GAS  /tmp/ccrJo24c.s 			page 25


 1349      325F7400 
 1350 0026 70000000 		.4byte	0x70
 1351 002a 75696E74 		.ascii	"uint32_t\000"
 1351      33325F74 
 1351      00
 1352 0033 89000000 		.4byte	0x89
 1353 0037 75696E74 		.ascii	"uint64_t\000"
 1353      36345F74 
 1353      00
 1354 0040 9B000000 		.4byte	0x9b
 1355 0044 746D6F64 		.ascii	"tmode_t\000"
 1355      655F7400 
 1356 004c A6000000 		.4byte	0xa6
 1357 0050 74737461 		.ascii	"tstate_t\000"
 1357      74655F74 
 1357      00
 1358 0059 B1000000 		.4byte	0xb1
 1359 005d 74726566 		.ascii	"trefs_t\000"
 1359      735F7400 
 1360 0065 BC000000 		.4byte	0xbc
 1361 0069 74707269 		.ascii	"tprio_t\000"
 1361      6F5F7400 
 1362 0071 C7000000 		.4byte	0xc7
 1363 0075 6D73675F 		.ascii	"msg_t\000"
 1363      7400
 1364 007b D2000000 		.4byte	0xd2
 1365 007f 6576656E 		.ascii	"eventmask_t\000"
 1365      746D6173 
 1365      6B5F7400 
 1366 008b DD000000 		.4byte	0xdd
 1367 008f 73797374 		.ascii	"systime_t\000"
 1367      696D655F 
 1367      7400
 1368 0099 E8000000 		.4byte	0xe8
 1369 009d 636E745F 		.ascii	"cnt_t\000"
 1369      7400
 1370 00a3 F3000000 		.4byte	0xf3
 1371 00a7 54687265 		.ascii	"Thread\000"
 1371      616400
 1372 00ae 4E020000 		.4byte	0x24e
 1373 00b2 54687265 		.ascii	"ThreadsQueue\000"
 1373      61647351 
 1373      75657565 
 1373      00
 1374 00bf 70020000 		.4byte	0x270
 1375 00c3 54687265 		.ascii	"ThreadsList\000"
 1375      6164734C 
 1375      69737400 
 1376 00cf 7B020000 		.4byte	0x27b
 1377 00d3 72656761 		.ascii	"regarm_t\000"
 1377      726D5F74 
 1377      00
 1378 00dc 88020000 		.4byte	0x288
 1379 00e0 73746B61 		.ascii	"stkalign_t\000"
 1379      6C69676E 
 1379      5F7400
 1380 00eb 93020000 		.4byte	0x293
ARM GAS  /tmp/ccrJo24c.s 			page 26


 1381 00ef 696E7463 		.ascii	"intctx\000"
 1381      747800
 1382 00f6 20030000 		.4byte	0x320
 1383 00fa 636F6E74 		.ascii	"context\000"
 1383      65787400 
 1384 0102 B3030000 		.4byte	0x3b3
 1385 0106 52656164 		.ascii	"ReadyList\000"
 1385      794C6973 
 1385      7400
 1386 0110 BE030000 		.4byte	0x3be
 1387 0114 4D757465 		.ascii	"Mutex\000"
 1387      7800
 1388 011a FB030000 		.4byte	0x3fb
 1389 011e 4D757465 		.ascii	"Mutex\000"
 1389      7800
 1390 0124 FE000000 		.4byte	0xfe
 1391 0128 54687265 		.ascii	"Thread\000"
 1391      616400
 1392 012f 00000000 		.4byte	0x0
 1393              		.section	.debug_aranges,"",%progbits
 1394 0000 2C000000 		.4byte	0x2c
 1395 0004 0200     		.2byte	0x2
 1396 0006 00000000 		.4byte	.Ldebug_info0
 1397 000a 04       		.byte	0x4
 1398 000b 00       		.byte	0x0
 1399 000c 0000     		.2byte	0x0
 1400 000e 0000     		.2byte	0x0
 1401 0010 00000000 		.4byte	.LFB0
 1402 0014 54000000 		.4byte	.LFE0-.LFB0
 1403 0018 00000000 		.4byte	.LFB1
 1404 001c 40000000 		.4byte	.LFE1-.LFB1
 1405 0020 00000000 		.4byte	.LFB2
 1406 0024 34000000 		.4byte	.LFE2-.LFB2
 1407 0028 00000000 		.4byte	0x0
 1408 002c 00000000 		.4byte	0x0
 1409              		.section	.debug_ranges,"",%progbits
 1410              	.Ldebug_ranges0:
 1411 0000 00000000 		.4byte	.LFB0
 1412 0004 54000000 		.4byte	.LFE0
 1413 0008 00000000 		.4byte	.LFB1
 1414 000c 40000000 		.4byte	.LFE1
 1415 0010 00000000 		.4byte	.LFB2
 1416 0014 34000000 		.4byte	.LFE2
 1417 0018 00000000 		.4byte	0x0
 1418 001c 00000000 		.4byte	0x0
 1419              		.section	.debug_str,"MS",%progbits,1
 1420              	.LASF36:
 1421 0000 705F6D73 		.ascii	"p_msg\000"
 1421      6700
 1422              	.LASF59:
 1423 0006 7264796D 		.ascii	"rdymsg\000"
 1423      736700
 1424              	.LASF11:
 1425 000d 75696E74 		.ascii	"uint64_t\000"
 1425      36345F74 
 1425      00
 1426              	.LASF12:
ARM GAS  /tmp/ccrJo24c.s 			page 27


 1427 0016 6C6F6E67 		.ascii	"long long unsigned int\000"
 1427      206C6F6E 
 1427      6720756E 
 1427      7369676E 
 1427      65642069 
 1428              	.LASF60:
 1429 002d 65786974 		.ascii	"exitcode\000"
 1429      636F6465 
 1429      00
 1430              	.LASF24:
 1431 0036 705F7072 		.ascii	"p_prio\000"
 1431      696F00
 1432              	.LASF10:
 1433 003d 6C6F6E67 		.ascii	"long long int\000"
 1433      206C6F6E 
 1433      6720696E 
 1433      7400
 1434              	.LASF1:
 1435 004b 7369676E 		.ascii	"signed char\000"
 1435      65642063 
 1435      68617200 
 1436              	.LASF40:
 1437 0057 705F6D70 		.ascii	"p_mpool\000"
 1437      6F6F6C00 
 1438              	.LASF56:
 1439 005f 6D5F7175 		.ascii	"m_queue\000"
 1439      65756500 
 1440              	.LASF61:
 1441 0067 77746F62 		.ascii	"wtobjp\000"
 1441      6A7000
 1442              	.LASF7:
 1443 006e 6C6F6E67 		.ascii	"long int\000"
 1443      20696E74 
 1443      00
 1444              	.LASF64:
 1445 0077 63684D73 		.ascii	"chMsgSend\000"
 1445      6753656E 
 1445      6400
 1446              	.LASF14:
 1447 0081 74737461 		.ascii	"tstate_t\000"
 1447      74655F74 
 1447      00
 1448              	.LASF26:
 1449 008a 705F6E65 		.ascii	"p_newer\000"
 1449      77657200 
 1450              	.LASF50:
 1451 0092 725F6E65 		.ascii	"r_newer\000"
 1451      77657200 
 1452              	.LASF43:
 1453 009a 72656761 		.ascii	"regarm_t\000"
 1453      726D5F74 
 1453      00
 1454              	.LASF20:
 1455 00a3 636E745F 		.ascii	"cnt_t\000"
 1455      7400
 1456              	.LASF29:
 1457 00a9 705F7374 		.ascii	"p_stklimit\000"
ARM GAS  /tmp/ccrJo24c.s 			page 28


 1457      6B6C696D 
 1457      697400
 1458              	.LASF0:
 1459 00b4 756E7369 		.ascii	"unsigned int\000"
 1459      676E6564 
 1459      20696E74 
 1459      00
 1460              	.LASF9:
 1461 00c1 6C6F6E67 		.ascii	"long unsigned int\000"
 1461      20756E73 
 1461      69676E65 
 1461      6420696E 
 1461      7400
 1462              	.LASF46:
 1463 00d3 636F6E74 		.ascii	"context\000"
 1463      65787400 
 1464              	.LASF69:
 1465 00db 2F686F6D 		.ascii	"/home/z80/projects/dfu.git/firmware-pawn-dev/firmwa"
 1465      652F7A38 
 1465      302F7072 
 1465      6F6A6563 
 1465      74732F64 
 1466 010e 726500   		.ascii	"re\000"
 1467              	.LASF17:
 1468 0111 6D73675F 		.ascii	"msg_t\000"
 1468      7400
 1469              	.LASF13:
 1470 0117 746D6F64 		.ascii	"tmode_t\000"
 1470      655F7400 
 1471              	.LASF42:
 1472 011f 54687265 		.ascii	"ThreadsList\000"
 1472      6164734C 
 1472      69737400 
 1473              	.LASF18:
 1474 012b 6576656E 		.ascii	"eventmask_t\000"
 1474      746D6173 
 1474      6B5F7400 
 1475              	.LASF55:
 1476 0137 4D757465 		.ascii	"Mutex\000"
 1476      7800
 1477              	.LASF44:
 1478 013d 73746B61 		.ascii	"stkalign_t\000"
 1478      6C69676E 
 1478      5F7400
 1479              	.LASF27:
 1480 0148 705F6F6C 		.ascii	"p_older\000"
 1480      64657200 
 1481              	.LASF49:
 1482 0150 725F6374 		.ascii	"r_ctx\000"
 1482      7800
 1483              	.LASF41:
 1484 0156 54687265 		.ascii	"ThreadsQueue\000"
 1484      61647351 
 1484      75657565 
 1484      00
 1485              	.LASF53:
 1486 0163 725F6375 		.ascii	"r_current\000"
ARM GAS  /tmp/ccrJo24c.s 			page 29


 1486      7272656E 
 1486      7400
 1487              	.LASF51:
 1488 016d 725F6F6C 		.ascii	"r_older\000"
 1488      64657200 
 1489              	.LASF15:
 1490 0175 74726566 		.ascii	"trefs_t\000"
 1490      735F7400 
 1491              	.LASF23:
 1492 017d 705F7072 		.ascii	"p_prev\000"
 1492      657600
 1493              	.LASF16:
 1494 0184 74707269 		.ascii	"tprio_t\000"
 1494      6F5F7400 
 1495              	.LASF6:
 1496 018c 696E7433 		.ascii	"int32_t\000"
 1496      325F7400 
 1497              	.LASF2:
 1498 0194 756E7369 		.ascii	"unsigned char\000"
 1498      676E6564 
 1498      20636861 
 1498      7200
 1499              	.LASF38:
 1500 01a2 705F6D74 		.ascii	"p_mtxlist\000"
 1500      786C6973 
 1500      7400
 1501              	.LASF3:
 1502 01ac 73686F72 		.ascii	"short int\000"
 1502      7420696E 
 1502      7400
 1503              	.LASF30:
 1504 01b6 705F7374 		.ascii	"p_state\000"
 1504      61746500 
 1505              	.LASF48:
 1506 01be 725F7072 		.ascii	"r_prio\000"
 1506      696F00
 1507              	.LASF62:
 1508 01c5 65776D61 		.ascii	"ewmask\000"
 1508      736B00
 1509              	.LASF22:
 1510 01cc 705F6E65 		.ascii	"p_next\000"
 1510      787400
 1511              	.LASF31:
 1512 01d3 705F666C 		.ascii	"p_flags\000"
 1512      61677300 
 1513              	.LASF21:
 1514 01db 54687265 		.ascii	"Thread\000"
 1514      616400
 1515              	.LASF70:
 1516 01e2 63684D73 		.ascii	"chMsgRelease\000"
 1516      6752656C 
 1516      65617365 
 1516      00
 1517              	.LASF37:
 1518 01ef 705F6570 		.ascii	"p_epending\000"
 1518      656E6469 
 1518      6E6700
ARM GAS  /tmp/ccrJo24c.s 			page 30


 1519              	.LASF8:
 1520 01fa 75696E74 		.ascii	"uint32_t\000"
 1520      33325F74 
 1520      00
 1521              	.LASF47:
 1522 0203 725F7175 		.ascii	"r_queue\000"
 1522      65756500 
 1523              	.LASF63:
 1524 020b 63686172 		.ascii	"char\000"
 1524      00
 1525              	.LASF68:
 1526 0210 2E2E2F63 		.ascii	"../chibios/os/kernel/src/chmsg.c\000"
 1526      68696269 
 1526      6F732F6F 
 1526      732F6B65 
 1526      726E656C 
 1527              	.LASF58:
 1528 0231 6D5F6E65 		.ascii	"m_next\000"
 1528      787400
 1529              	.LASF19:
 1530 0238 73797374 		.ascii	"systime_t\000"
 1530      696D655F 
 1530      7400
 1531              	.LASF39:
 1532 0242 705F7265 		.ascii	"p_realprio\000"
 1532      616C7072 
 1532      696F00
 1533              	.LASF4:
 1534 024d 73686F72 		.ascii	"short unsigned int\000"
 1534      7420756E 
 1534      7369676E 
 1534      65642069 
 1534      6E7400
 1535              	.LASF45:
 1536 0260 696E7463 		.ascii	"intctx\000"
 1536      747800
 1537              	.LASF35:
 1538 0267 705F6D73 		.ascii	"p_msgqueue\000"
 1538      67717565 
 1538      756500
 1539              	.LASF65:
 1540 0272 63684D73 		.ascii	"chMsgWait\000"
 1540      67576169 
 1540      7400
 1541              	.LASF32:
 1542 027c 705F7265 		.ascii	"p_refs\000"
 1542      667300
 1543              	.LASF54:
 1544 0283 52656164 		.ascii	"ReadyList\000"
 1544      794C6973 
 1544      7400
 1545              	.LASF66:
 1546 028d 726C6973 		.ascii	"rlist\000"
 1546      7400
 1547              	.LASF5:
 1548 0293 75696E74 		.ascii	"uint8_t\000"
 1548      385F7400 
ARM GAS  /tmp/ccrJo24c.s 			page 31


 1549              	.LASF33:
 1550 029b 705F7469 		.ascii	"p_time\000"
 1550      6D6500
 1551              	.LASF67:
 1552 02a2 474E5520 		.ascii	"GNU C 4.5.2\000"
 1552      4320342E 
 1552      352E3200 
 1553              	.LASF28:
 1554 02ae 705F6E61 		.ascii	"p_name\000"
 1554      6D6500
 1555              	.LASF52:
 1556 02b5 725F7072 		.ascii	"r_preempt\000"
 1556      65656D70 
 1556      7400
 1557              	.LASF57:
 1558 02bf 6D5F6F77 		.ascii	"m_owner\000"
 1558      6E657200 
 1559              	.LASF25:
 1560 02c7 705F6374 		.ascii	"p_ctx\000"
 1560      7800
 1561              	.LASF34:
 1562 02cd 705F7761 		.ascii	"p_waiting\000"
 1562      6974696E 
 1562      6700
 1563              		.ident	"GCC: (Sourcery G++ Lite 2011.03-42) 4.5.2"
ARM GAS  /tmp/ccrJo24c.s 			page 32


DEFINED SYMBOLS
                            *ABS*:00000000 chmsg.c
     /tmp/ccrJo24c.s:24     .text.chMsgSend:00000000 $t
     /tmp/ccrJo24c.s:29     .text.chMsgSend:00000000 chMsgSend
     /tmp/ccrJo24c.s:102    .text.chMsgSend:0000004c $d
     /tmp/ccrJo24c.s:108    .text.chMsgWait:00000000 $t
     /tmp/ccrJo24c.s:113    .text.chMsgWait:00000000 chMsgWait
     /tmp/ccrJo24c.s:166    .text.chMsgWait:0000003c $d
     /tmp/ccrJo24c.s:171    .text.chMsgRelease:00000000 $t
     /tmp/ccrJo24c.s:176    .text.chMsgRelease:00000000 chMsgRelease
     /tmp/ccrJo24c.s:223    .text.chMsgRelease:00000030 $d
                     .debug_frame:00000010 $d

UNDEFINED SYMBOLS
chDbgPanic
_port_lock
dbg_check_lock
queue_insert
chSchReadyI
chSchGoSleepS
dbg_check_unlock
_port_unlock
rlist
fifo_remove
chSchWakeupS
