ARM GAS  /tmp/ccO2AfhS.s 			page 1


   1              		.syntax unified
   2              		.cpu cortex-m3
   3              		.fpu softvfp
   4              		.eabi_attribute 20, 1
   5              		.eabi_attribute 21, 1
   6              		.eabi_attribute 23, 3
   7              		.eabi_attribute 24, 1
   8              		.eabi_attribute 25, 1
   9              		.eabi_attribute 26, 1
  10              		.eabi_attribute 30, 4
  11              		.eabi_attribute 18, 4
  12              		.thumb
  13              		.file	"chmtx.c"
  14              		.section	.debug_abbrev,"",%progbits
  15              	.Ldebug_abbrev0:
  16              		.section	.debug_info,"",%progbits
  17              	.Ldebug_info0:
  18              		.section	.debug_line,"",%progbits
  19              	.Ldebug_line0:
  20 0000 B8020000 		.text
  20      02004001 
  20      00000201 
  20      FB0E0D00 
  20      01010101 
  21              	.Ltext0:
  22              		.cfi_sections	.debug_frame
  23              		.section	.text.chMtxInit,"ax",%progbits
  24              		.align	1
  25              		.global	chMtxInit
  26              		.thumb
  27              		.thumb_func
  28              		.type	chMtxInit, %function
  29              	chMtxInit:
  30              	.LFB0:
  31              		.file 1 "../chibios/os/kernel/src/chmtx.c"
  32              		.loc 1 86 0
  33              		.cfi_startproc
  34              		@ args = 0, pretend = 0, frame = 0
  35              		@ frame_needed = 0, uses_anonymous_args = 0
  36              	.LVL0:
  37 0000 10B5     		push	{r4, lr}
  38              	.LCFI0:
  39              		.cfi_def_cfa_offset 8
  40              		.loc 1 88 0
  41 0002 0446     		mov	r4, r0
  42              		.cfi_offset 14, -4
  43              		.cfi_offset 4, -8
  44 0004 10B9     		cbnz	r0, .L2
  45              		.loc 1 88 0 is_stmt 0 discriminator 1
  46 0006 0448     		ldr	r0, .L3
  47              	.LVL1:
  48 0008 FFF7FEFF 		bl	chDbgPanic
  49              	.L2:
  50              		.loc 1 91 0 is_stmt 1
  51 000c 0023     		movs	r3, #0
  52              		.loc 1 90 0
  53 000e 6460     		str	r4, [r4, #4]
ARM GAS  /tmp/ccO2AfhS.s 			page 2


  54 0010 2460     		str	r4, [r4, #0]
  55              		.loc 1 91 0
  56 0012 A360     		str	r3, [r4, #8]
  57              		.loc 1 92 0
  58 0014 10BD     		pop	{r4, pc}
  59              	.L4:
  60 0016 00BF     		.align	2
  61              	.L3:
  62 0018 00000000 		.word	.LC0
  63              		.cfi_endproc
  64              	.LFE0:
  65              		.size	chMtxInit, .-chMtxInit
  66              		.section	.text.chMtxLockS,"ax",%progbits
  67              		.align	1
  68              		.global	chMtxLockS
  69              		.thumb
  70              		.thumb_func
  71              		.type	chMtxLockS, %function
  72              	chMtxLockS:
  73              	.LFB2:
  74              		.loc 1 121 0
  75              		.cfi_startproc
  76              		@ args = 0, pretend = 0, frame = 0
  77              		@ frame_needed = 0, uses_anonymous_args = 0
  78              	.LVL2:
  79              		.loc 1 122 0
  80 0000 264B     		ldr	r3, .L17
  81              		.loc 1 121 0
  82 0002 70B5     		push	{r4, r5, r6, lr}
  83              	.LCFI1:
  84              		.cfi_def_cfa_offset 16
  85              		.loc 1 121 0
  86 0004 0546     		mov	r5, r0
  87              		.cfi_offset 14, -4
  88              		.cfi_offset 6, -8
  89              		.cfi_offset 5, -12
  90              		.cfi_offset 4, -16
  91              		.loc 1 122 0
  92 0006 DE69     		ldr	r6, [r3, #28]
  93              	.LVL3:
  94              		.loc 1 124 0
  95 0008 FFF7FEFF 		bl	chDbgCheckClassS
  96              	.LVL4:
  97              		.loc 1 125 0
  98 000c 15B9     		cbnz	r5, .L6
  99              		.loc 1 125 0 is_stmt 0 discriminator 1
 100 000e 2448     		ldr	r0, .L17+4
 101 0010 FFF7FEFF 		bl	chDbgPanic
 102              	.L6:
 103              		.loc 1 128 0 is_stmt 1
 104 0014 AC68     		ldr	r4, [r5, #8]
 105 0016 14BB     		cbnz	r4, .L8
 106 0018 3BE0     		b	.L16
 107              	.LVL5:
 108              	.L13:
 109              	.LBB2:
 110              		.loc 1 137 0
ARM GAS  /tmp/ccO2AfhS.s 			page 3


 111 001a A360     		str	r3, [r4, #8]
 112              		.loc 1 139 0
 113 001c 94F82030 		ldrb	r3, [r4, #32]	@ zero_extendqisi2
 114 0020 042B     		cmp	r3, #4
 115 0022 03D0     		beq	.L11
 116 0024 052B     		cmp	r3, #5
 117 0026 0AD0     		beq	.L12
 118 0028 83B1     		cbz	r3, .L10
 119 002a 1CE0     		b	.L9
 120              	.L11:
 121              		.loc 1 142 0
 122 002c 2046     		mov	r0, r4
 123 002e FFF7FEFF 		bl	dequeue
 124 0032 A16A     		ldr	r1, [r4, #40]
 125 0034 FFF7FEFF 		bl	prio_insert
 126              		.loc 1 143 0
 127 0038 A36A     		ldr	r3, [r4, #40]
 128 003a 9C68     		ldr	r4, [r3, #8]
 129              	.LVL6:
 130              		.loc 1 144 0
 131 003c 0FE0     		b	.L8
 132              	.LVL7:
 133              	.L12:
 134              		.loc 1 158 0
 135 003e 2046     		mov	r0, r4
 136 0040 FFF7FEFF 		bl	dequeue
 137 0044 A16A     		ldr	r1, [r4, #40]
 138 0046 FFF7FEFF 		bl	prio_insert
 139              		.loc 1 159 0
 140 004a 0CE0     		b	.L9
 141              	.L10:
 142              		.loc 1 164 0
 143 004c 0123     		movs	r3, #1
 144 004e 84F82030 		strb	r3, [r4, #32]
 145              		.loc 1 167 0
 146 0052 2046     		mov	r0, r4
 147 0054 FFF7FEFF 		bl	dequeue
 148 0058 FFF7FEFF 		bl	chSchReadyI
 149              		.loc 1 168 0
 150 005c 03E0     		b	.L9
 151              	.LVL8:
 152              	.L8:
 153              		.loc 1 135 0 discriminator 1
 154 005e B368     		ldr	r3, [r6, #8]
 155 0060 A268     		ldr	r2, [r4, #8]
 156 0062 9A42     		cmp	r2, r3
 157 0064 D9D3     		bcc	.L13
 158              	.L9:
 159              		.loc 1 173 0
 160 0066 3046     		mov	r0, r6
 161 0068 2946     		mov	r1, r5
 162 006a FFF7FEFF 		bl	prio_insert
 163              		.loc 1 175 0
 164 006e 0420     		movs	r0, #4
 165              		.loc 1 174 0
 166 0070 B562     		str	r5, [r6, #40]
 167              		.loc 1 175 0
ARM GAS  /tmp/ccO2AfhS.s 			page 4


 168 0072 FFF7FEFF 		bl	chSchGoSleepS
 169              		.loc 1 178 0
 170 0076 AB68     		ldr	r3, [r5, #8]
 171 0078 B342     		cmp	r3, r6
 172 007a 02D0     		beq	.L14
 173              		.loc 1 178 0 is_stmt 0 discriminator 1
 174 007c 0948     		ldr	r0, .L17+8
 175 007e FFF7FEFF 		bl	chDbgPanic
 176              	.L14:
 177              		.loc 1 179 0 is_stmt 1
 178 0082 336C     		ldr	r3, [r6, #64]
 179 0084 AB42     		cmp	r3, r5
 180 0086 08D0     		beq	.L5
 181              		.loc 1 179 0 is_stmt 0 discriminator 1
 182 0088 0748     		ldr	r0, .L17+12
 183              	.LBE2:
 184              		.loc 1 187 0 is_stmt 1 discriminator 1
 185 008a BDE87040 		pop	{r4, r5, r6, lr}
 186              	.LBB3:
 187              		.loc 1 179 0 discriminator 1
 188 008e FFF7FEBF 		b	chDbgPanic
 189              	.LVL9:
 190              	.L16:
 191              	.LBE3:
 192              		.loc 1 184 0
 193 0092 336C     		ldr	r3, [r6, #64]
 194              		.loc 1 183 0
 195 0094 AE60     		str	r6, [r5, #8]
 196              		.loc 1 184 0
 197 0096 EB60     		str	r3, [r5, #12]
 198              		.loc 1 185 0
 199 0098 3564     		str	r5, [r6, #64]
 200              	.L5:
 201 009a 70BD     		pop	{r4, r5, r6, pc}
 202              	.L18:
 203              		.align	2
 204              	.L17:
 205 009c 00000000 		.word	rlist
 206 00a0 0E000000 		.word	.LC1
 207 00a4 1D000000 		.word	.LC2
 208 00a8 2E000000 		.word	.LC3
 209              		.cfi_endproc
 210              	.LFE2:
 211              		.size	chMtxLockS, .-chMtxLockS
 212              		.section	.text.chMtxLock,"ax",%progbits
 213              		.align	1
 214              		.global	chMtxLock
 215              		.thumb
 216              		.thumb_func
 217              		.type	chMtxLock, %function
 218              	chMtxLock:
 219              	.LFB1:
 220              		.loc 1 103 0
 221              		.cfi_startproc
 222              		@ args = 0, pretend = 0, frame = 0
 223              		@ frame_needed = 0, uses_anonymous_args = 0
 224              	.LVL10:
ARM GAS  /tmp/ccO2AfhS.s 			page 5


 225 0000 10B5     		push	{r4, lr}
 226              	.LCFI2:
 227              		.cfi_def_cfa_offset 8
 228              		.loc 1 103 0
 229 0002 0446     		mov	r4, r0
 230              		.cfi_offset 14, -4
 231              		.cfi_offset 4, -8
 232              		.loc 1 105 0
 233              	@ 105 "../chibios/os/kernel/src/chmtx.c" 1
 234 0004 FFF7FEFF 		bl      _port_lock
 235              	@ 0 "" 2
 236              		.thumb
 237 0008 FFF7FEFF 		bl	dbg_check_lock
 238              	.LVL11:
 239              		.loc 1 107 0
 240 000c 2046     		mov	r0, r4
 241 000e FFF7FEFF 		bl	chMtxLockS
 242              		.loc 1 109 0
 243 0012 FFF7FEFF 		bl	dbg_check_unlock
 244              	@ 109 "../chibios/os/kernel/src/chmtx.c" 1
 245 0016 FFF7FEFF 		bl      _port_unlock
 246              	@ 0 "" 2
 247              		.loc 1 110 0
 248              		.thumb
 249 001a 10BD     		pop	{r4, pc}
 250              		.cfi_endproc
 251              	.LFE1:
 252              		.size	chMtxLock, .-chMtxLock
 253              		.section	.text.chMtxTryLockS,"ax",%progbits
 254              		.align	1
 255              		.global	chMtxTryLockS
 256              		.thumb
 257              		.thumb_func
 258              		.type	chMtxTryLockS, %function
 259              	chMtxTryLockS:
 260              	.LFB4:
 261              		.loc 1 234 0
 262              		.cfi_startproc
 263              		@ args = 0, pretend = 0, frame = 0
 264              		@ frame_needed = 0, uses_anonymous_args = 0
 265              	.LVL12:
 266 0000 10B5     		push	{r4, lr}
 267              	.LCFI3:
 268              		.cfi_def_cfa_offset 8
 269              		.loc 1 234 0
 270 0002 0446     		mov	r4, r0
 271              		.cfi_offset 14, -4
 272              		.cfi_offset 4, -8
 273              		.loc 1 236 0
 274 0004 FFF7FEFF 		bl	chDbgCheckClassS
 275              	.LVL13:
 276              		.loc 1 237 0
 277 0008 14B9     		cbnz	r4, .L21
 278              		.loc 1 237 0 is_stmt 0 discriminator 1
 279 000a 0748     		ldr	r0, .L24
 280 000c FFF7FEFF 		bl	chDbgPanic
 281              	.L21:
ARM GAS  /tmp/ccO2AfhS.s 			page 6


 282              		.loc 1 239 0 is_stmt 1
 283 0010 A368     		ldr	r3, [r4, #8]
 284 0012 3BB9     		cbnz	r3, .L23
 285              		.loc 1 241 0
 286 0014 054B     		ldr	r3, .L24+4
 287              		.loc 1 244 0
 288 0016 0120     		movs	r0, #1
 289              		.loc 1 241 0
 290 0018 DB69     		ldr	r3, [r3, #28]
 291              		.loc 1 242 0
 292 001a 1A6C     		ldr	r2, [r3, #64]
 293              		.loc 1 241 0
 294 001c A360     		str	r3, [r4, #8]
 295              		.loc 1 242 0
 296 001e E260     		str	r2, [r4, #12]
 297              		.loc 1 243 0
 298 0020 1C64     		str	r4, [r3, #64]
 299              		.loc 1 244 0
 300 0022 10BD     		pop	{r4, pc}
 301              	.L23:
 302              		.loc 1 240 0
 303 0024 0020     		movs	r0, #0
 304              		.loc 1 245 0
 305 0026 10BD     		pop	{r4, pc}
 306              	.L25:
 307              		.align	2
 308              	.L24:
 309 0028 3F000000 		.word	.LC4
 310 002c 00000000 		.word	rlist
 311              		.cfi_endproc
 312              	.LFE4:
 313              		.size	chMtxTryLockS, .-chMtxTryLockS
 314              		.section	.text.chMtxTryLock,"ax",%progbits
 315              		.align	1
 316              		.global	chMtxTryLock
 317              		.thumb
 318              		.thumb_func
 319              		.type	chMtxTryLock, %function
 320              	chMtxTryLock:
 321              	.LFB3:
 322              		.loc 1 206 0
 323              		.cfi_startproc
 324              		@ args = 0, pretend = 0, frame = 0
 325              		@ frame_needed = 0, uses_anonymous_args = 0
 326              	.LVL14:
 327 0000 10B5     		push	{r4, lr}
 328              	.LCFI4:
 329              		.cfi_def_cfa_offset 8
 330              		.loc 1 206 0
 331 0002 0446     		mov	r4, r0
 332              		.cfi_offset 14, -4
 333              		.cfi_offset 4, -8
 334              		.loc 1 209 0
 335              	@ 209 "../chibios/os/kernel/src/chmtx.c" 1
 336 0004 FFF7FEFF 		bl      _port_lock
 337              	@ 0 "" 2
 338              		.thumb
ARM GAS  /tmp/ccO2AfhS.s 			page 7


 339 0008 FFF7FEFF 		bl	dbg_check_lock
 340              	.LVL15:
 341              		.loc 1 211 0
 342 000c 2046     		mov	r0, r4
 343 000e FFF7FEFF 		bl	chMtxTryLockS
 344 0012 0446     		mov	r4, r0
 345              	.LVL16:
 346              		.loc 1 213 0
 347 0014 FFF7FEFF 		bl	dbg_check_unlock
 348              	.LVL17:
 349              	@ 213 "../chibios/os/kernel/src/chmtx.c" 1
 350 0018 FFF7FEFF 		bl      _port_unlock
 351              	@ 0 "" 2
 352              		.loc 1 215 0
 353              		.thumb
 354 001c 2046     		mov	r0, r4
 355 001e 10BD     		pop	{r4, pc}
 356              		.cfi_endproc
 357              	.LFE3:
 358              		.size	chMtxTryLock, .-chMtxTryLock
 359              		.section	.text.chMtxUnlock,"ax",%progbits
 360              		.align	1
 361              		.global	chMtxUnlock
 362              		.thumb
 363              		.thumb_func
 364              		.type	chMtxUnlock, %function
 365              	chMtxUnlock:
 366              	.LFB5:
 367              		.loc 1 257 0
 368              		.cfi_startproc
 369              		@ args = 0, pretend = 0, frame = 0
 370              		@ frame_needed = 0, uses_anonymous_args = 0
 371              		.loc 1 258 0
 372 0000 1C4B     		ldr	r3, .L35
 373              		.loc 1 257 0
 374 0002 70B5     		push	{r4, r5, r6, lr}
 375              	.LCFI5:
 376              		.cfi_def_cfa_offset 16
 377              		.loc 1 258 0
 378 0004 DD69     		ldr	r5, [r3, #28]
 379              		.cfi_offset 14, -4
 380              		.cfi_offset 6, -8
 381              		.cfi_offset 5, -12
 382              		.cfi_offset 4, -16
 383              	.LVL18:
 384              		.loc 1 261 0
 385              	@ 261 "../chibios/os/kernel/src/chmtx.c" 1
 386 0006 FFF7FEFF 		bl      _port_lock
 387              	@ 0 "" 2
 388              	.LVL19:
 389              		.thumb
 390 000a FFF7FEFF 		bl	dbg_check_lock
 391              	.LVL20:
 392              		.loc 1 262 0
 393 000e 2B6C     		ldr	r3, [r5, #64]
 394 0010 13B9     		cbnz	r3, .L28
 395              		.loc 1 262 0 is_stmt 0 discriminator 1
ARM GAS  /tmp/ccO2AfhS.s 			page 8


 396 0012 1948     		ldr	r0, .L35+4
 397 0014 FFF7FEFF 		bl	chDbgPanic
 398              	.L28:
 399              		.loc 1 265 0 is_stmt 1
 400 0018 2B6C     		ldr	r3, [r5, #64]
 401 001a 9B68     		ldr	r3, [r3, #8]
 402 001c AB42     		cmp	r3, r5
 403 001e 02D0     		beq	.L29
 404              		.loc 1 265 0 is_stmt 0 discriminator 1
 405 0020 1648     		ldr	r0, .L35+8
 406 0022 FFF7FEFF 		bl	chDbgPanic
 407              	.L29:
 408              		.loc 1 270 0 is_stmt 1
 409 0026 2C6C     		ldr	r4, [r5, #64]
 410              	.LVL21:
 411              		.loc 1 273 0
 412 0028 2368     		ldr	r3, [r4, #0]
 413              		.loc 1 271 0
 414 002a E668     		ldr	r6, [r4, #12]
 415              		.loc 1 273 0
 416 002c A342     		cmp	r3, r4
 417              		.loc 1 271 0
 418 002e 2E64     		str	r6, [r5, #64]
 419              		.loc 1 273 0
 420 0030 17D0     		beq	.L30
 421              	.LBB4:
 422              		.loc 1 278 0
 423 0032 6B6C     		ldr	r3, [r5, #68]
 424              	.LVL22:
 425              		.loc 1 280 0
 426 0034 07E0     		b	.L31
 427              	.LVL23:
 428              	.L33:
 429              		.loc 1 284 0
 430 0036 3268     		ldr	r2, [r6, #0]
 431 0038 B242     		cmp	r2, r6
 432 003a 03D0     		beq	.L32
 433              		.loc 1 284 0 is_stmt 0 discriminator 1
 434 003c 9268     		ldr	r2, [r2, #8]
 435 003e 9342     		cmp	r3, r2
 436 0040 38BF     		it	cc
 437 0042 1346     		movcc	r3, r2
 438              	.LVL24:
 439              	.L32:
 440              		.loc 1 286 0 is_stmt 1
 441 0044 F668     		ldr	r6, [r6, #12]
 442              	.LVL25:
 443              	.L31:
 444              		.loc 1 280 0 discriminator 1
 445 0046 002E     		cmp	r6, #0
 446 0048 F5D1     		bne	.L33
 447              		.loc 1 290 0
 448 004a AB60     		str	r3, [r5, #8]
 449              		.loc 1 293 0
 450 004c 2046     		mov	r0, r4
 451 004e FFF7FEFF 		bl	fifo_remove
 452              	.LVL26:
ARM GAS  /tmp/ccO2AfhS.s 			page 9


 453              		.loc 1 295 0
 454 0052 026C     		ldr	r2, [r0, #64]
 455              		.loc 1 294 0
 456 0054 A060     		str	r0, [r4, #8]
 457              		.loc 1 295 0
 458 0056 E260     		str	r2, [r4, #12]
 459              		.loc 1 297 0
 460 0058 3146     		mov	r1, r6
 461              		.loc 1 296 0
 462 005a 0464     		str	r4, [r0, #64]
 463              		.loc 1 297 0
 464 005c FFF7FEFF 		bl	chSchWakeupS
 465 0060 01E0     		b	.L34
 466              	.LVL27:
 467              	.L30:
 468              	.LBE4:
 469              		.loc 1 300 0
 470 0062 0023     		movs	r3, #0
 471 0064 A360     		str	r3, [r4, #8]
 472              	.L34:
 473              		.loc 1 301 0
 474 0066 FFF7FEFF 		bl	dbg_check_unlock
 475              	@ 301 "../chibios/os/kernel/src/chmtx.c" 1
 476 006a FFF7FEFF 		bl      _port_unlock
 477              	@ 0 "" 2
 478              		.loc 1 303 0
 479              		.thumb
 480 006e 2046     		mov	r0, r4
 481 0070 70BD     		pop	{r4, r5, r6, pc}
 482              	.L36:
 483 0072 00BF     		.align	2
 484              	.L35:
 485 0074 00000000 		.word	rlist
 486 0078 51000000 		.word	.LC5
 487 007c 63000000 		.word	.LC6
 488              		.cfi_endproc
 489              	.LFE5:
 490              		.size	chMtxUnlock, .-chMtxUnlock
 491              		.section	.text.chMtxUnlockS,"ax",%progbits
 492              		.align	1
 493              		.global	chMtxUnlockS
 494              		.thumb
 495              		.thumb_func
 496              		.type	chMtxUnlockS, %function
 497              	chMtxUnlockS:
 498              	.LFB6:
 499              		.loc 1 317 0
 500              		.cfi_startproc
 501              		@ args = 0, pretend = 0, frame = 0
 502              		@ frame_needed = 0, uses_anonymous_args = 0
 503 0000 38B5     		push	{r3, r4, r5, lr}
 504              	.LCFI6:
 505              		.cfi_def_cfa_offset 16
 506              		.loc 1 318 0
 507 0002 184B     		ldr	r3, .L45
 508              		.cfi_offset 14, -4
 509              		.cfi_offset 5, -8
ARM GAS  /tmp/ccO2AfhS.s 			page 10


 510              		.cfi_offset 4, -12
 511              		.cfi_offset 3, -16
 512 0004 DD69     		ldr	r5, [r3, #28]
 513              	.LVL28:
 514              		.loc 1 321 0
 515 0006 FFF7FEFF 		bl	chDbgCheckClassS
 516              	.LVL29:
 517              		.loc 1 322 0
 518 000a 2B6C     		ldr	r3, [r5, #64]
 519 000c 13B9     		cbnz	r3, .L38
 520              		.loc 1 322 0 is_stmt 0 discriminator 1
 521 000e 1648     		ldr	r0, .L45+4
 522 0010 FFF7FEFF 		bl	chDbgPanic
 523              	.L38:
 524              		.loc 1 325 0 is_stmt 1
 525 0014 2B6C     		ldr	r3, [r5, #64]
 526 0016 9B68     		ldr	r3, [r3, #8]
 527 0018 AB42     		cmp	r3, r5
 528 001a 02D0     		beq	.L39
 529              		.loc 1 325 0 is_stmt 0 discriminator 1
 530 001c 1348     		ldr	r0, .L45+8
 531 001e FFF7FEFF 		bl	chDbgPanic
 532              	.L39:
 533              		.loc 1 331 0 is_stmt 1
 534 0022 2C6C     		ldr	r4, [r5, #64]
 535              	.LVL30:
 536              		.loc 1 334 0
 537 0024 2268     		ldr	r2, [r4, #0]
 538              		.loc 1 332 0
 539 0026 E368     		ldr	r3, [r4, #12]
 540              		.loc 1 334 0
 541 0028 A242     		cmp	r2, r4
 542              		.loc 1 332 0
 543 002a 2B64     		str	r3, [r5, #64]
 544              		.loc 1 334 0
 545 002c 16D0     		beq	.L40
 546              	.LBB5:
 547              		.loc 1 339 0
 548 002e 6A6C     		ldr	r2, [r5, #68]
 549              	.LVL31:
 550              		.loc 1 341 0
 551 0030 07E0     		b	.L41
 552              	.LVL32:
 553              	.L43:
 554              		.loc 1 345 0
 555 0032 1968     		ldr	r1, [r3, #0]
 556 0034 9942     		cmp	r1, r3
 557 0036 03D0     		beq	.L42
 558              		.loc 1 345 0 is_stmt 0 discriminator 1
 559 0038 8968     		ldr	r1, [r1, #8]
 560 003a 8A42     		cmp	r2, r1
 561 003c 38BF     		it	cc
 562 003e 0A46     		movcc	r2, r1
 563              	.LVL33:
 564              	.L42:
 565              		.loc 1 347 0 is_stmt 1
 566 0040 DB68     		ldr	r3, [r3, #12]
ARM GAS  /tmp/ccO2AfhS.s 			page 11


 567              	.LVL34:
 568              	.L41:
 569              		.loc 1 341 0 discriminator 1
 570 0042 002B     		cmp	r3, #0
 571 0044 F5D1     		bne	.L43
 572              		.loc 1 349 0
 573 0046 AA60     		str	r2, [r5, #8]
 574              		.loc 1 352 0
 575 0048 2046     		mov	r0, r4
 576 004a FFF7FEFF 		bl	fifo_remove
 577              	.LVL35:
 578              		.loc 1 354 0
 579 004e 026C     		ldr	r2, [r0, #64]
 580              		.loc 1 353 0
 581 0050 A060     		str	r0, [r4, #8]
 582              		.loc 1 354 0
 583 0052 E260     		str	r2, [r4, #12]
 584              		.loc 1 355 0
 585 0054 0464     		str	r4, [r0, #64]
 586              		.loc 1 356 0
 587 0056 FFF7FEFF 		bl	chSchReadyI
 588 005a 01E0     		b	.L44
 589              	.L40:
 590              	.LBE5:
 591              		.loc 1 359 0
 592 005c 0023     		movs	r3, #0
 593 005e A360     		str	r3, [r4, #8]
 594              	.L44:
 595              		.loc 1 361 0
 596 0060 2046     		mov	r0, r4
 597 0062 38BD     		pop	{r3, r4, r5, pc}
 598              	.L46:
 599              		.align	2
 600              	.L45:
 601 0064 00000000 		.word	rlist
 602 0068 75000000 		.word	.LC7
 603 006c 88000000 		.word	.LC8
 604              		.cfi_endproc
 605              	.LFE6:
 606              		.size	chMtxUnlockS, .-chMtxUnlockS
 607              		.section	.text.chMtxUnlockAll,"ax",%progbits
 608              		.align	1
 609              		.global	chMtxUnlockAll
 610              		.thumb
 611              		.thumb_func
 612              		.type	chMtxUnlockAll, %function
 613              	chMtxUnlockAll:
 614              	.LFB7:
 615              		.loc 1 374 0
 616              		.cfi_startproc
 617              		@ args = 0, pretend = 0, frame = 0
 618              		@ frame_needed = 0, uses_anonymous_args = 0
 619 0000 38B5     		push	{r3, r4, r5, lr}
 620              	.LCFI7:
 621              		.cfi_def_cfa_offset 16
 622              		.loc 1 375 0
 623 0002 134B     		ldr	r3, .L52
ARM GAS  /tmp/ccO2AfhS.s 			page 12


 624              		.cfi_offset 14, -4
 625              		.cfi_offset 5, -8
 626              		.cfi_offset 4, -12
 627              		.cfi_offset 3, -16
 628 0004 DC69     		ldr	r4, [r3, #28]
 629              	.LVL36:
 630              		.loc 1 377 0
 631              	@ 377 "../chibios/os/kernel/src/chmtx.c" 1
 632 0006 FFF7FEFF 		bl      _port_lock
 633              	@ 0 "" 2
 634              	.LVL37:
 635              		.thumb
 636 000a FFF7FEFF 		bl	dbg_check_lock
 637              	.LVL38:
 638              		.loc 1 378 0
 639 000e 236C     		ldr	r3, [r4, #64]
 640 0010 C3B1     		cbz	r3, .L48
 641              	.L51:
 642              	.LBB6:
 643              		.loc 1 380 0
 644 0012 256C     		ldr	r5, [r4, #64]
 645              	.LVL39:
 646              		.loc 1 381 0
 647 0014 EB68     		ldr	r3, [r5, #12]
 648 0016 2364     		str	r3, [r4, #64]
 649              		.loc 1 382 0
 650 0018 2B68     		ldr	r3, [r5, #0]
 651 001a AB42     		cmp	r3, r5
 652 001c 09D0     		beq	.L49
 653              	.LBB7:
 654              		.loc 1 383 0
 655 001e 2846     		mov	r0, r5
 656 0020 FFF7FEFF 		bl	fifo_remove
 657              	.LVL40:
 658              		.loc 1 385 0
 659 0024 026C     		ldr	r2, [r0, #64]
 660              		.loc 1 384 0
 661 0026 A860     		str	r0, [r5, #8]
 662              		.loc 1 385 0
 663 0028 EA60     		str	r2, [r5, #12]
 664              		.loc 1 386 0
 665 002a 0564     		str	r5, [r0, #64]
 666              		.loc 1 387 0
 667 002c FFF7FEFF 		bl	chSchReadyI
 668 0030 01E0     		b	.L50
 669              	.L49:
 670              	.LBE7:
 671              		.loc 1 390 0
 672 0032 0022     		movs	r2, #0
 673 0034 9A60     		str	r2, [r3, #8]
 674              	.L50:
 675              	.LBE6:
 676              		.loc 1 391 0
 677 0036 236C     		ldr	r3, [r4, #64]
 678 0038 002B     		cmp	r3, #0
 679 003a EAD1     		bne	.L51
 680              		.loc 1 392 0
ARM GAS  /tmp/ccO2AfhS.s 			page 13


 681 003c 636C     		ldr	r3, [r4, #68]
 682 003e A360     		str	r3, [r4, #8]
 683              		.loc 1 393 0
 684 0040 FFF7FEFF 		bl	chSchRescheduleS
 685              	.LVL41:
 686              	.L48:
 687              		.loc 1 395 0
 688 0044 FFF7FEFF 		bl	dbg_check_unlock
 689              	@ 395 "../chibios/os/kernel/src/chmtx.c" 1
 690 0048 FFF7FEFF 		bl      _port_unlock
 691              	@ 0 "" 2
 692              		.loc 1 396 0
 693              		.thumb
 694 004c 38BD     		pop	{r3, r4, r5, pc}
 695              	.L53:
 696 004e 00BF     		.align	2
 697              	.L52:
 698 0050 00000000 		.word	rlist
 699              		.cfi_endproc
 700              	.LFE7:
 701              		.size	chMtxUnlockAll, .-chMtxUnlockAll
 702              		.section	.rodata.str1.1,"aMS",%progbits,1
 703              	.LC0:
 704 0000 2263684D 		.ascii	"\"chMtxInit\"()\000"
 704      7478496E 
 704      69742228 
 704      2900
 705              	.LC1:
 706 000e 2263684D 		.ascii	"\"chMtxLockS\"()\000"
 706      74784C6F 
 706      636B5322 
 706      282900
 707              	.LC2:
 708 001d 63684D74 		.ascii	"chMtxLockS(), #1\000"
 708      784C6F63 
 708      6B532829 
 708      2C202331 
 708      00
 709              	.LC3:
 710 002e 63684D74 		.ascii	"chMtxLockS(), #2\000"
 710      784C6F63 
 710      6B532829 
 710      2C202332 
 710      00
 711              	.LC4:
 712 003f 2263684D 		.ascii	"\"chMtxTryLockS\"()\000"
 712      74785472 
 712      794C6F63 
 712      6B532228 
 712      2900
 713              	.LC5:
 714 0051 63684D74 		.ascii	"chMtxUnlock(), #1\000"
 714      78556E6C 
 714      6F636B28 
 714      292C2023 
 714      3100
 715              	.LC6:
ARM GAS  /tmp/ccO2AfhS.s 			page 14


 716 0063 63684D74 		.ascii	"chMtxUnlock(), #2\000"
 716      78556E6C 
 716      6F636B28 
 716      292C2023 
 716      3200
 717              	.LC7:
 718 0075 63684D74 		.ascii	"chMtxUnlockS(), #1\000"
 718      78556E6C 
 718      6F636B53 
 718      28292C20 
 718      233100
 719              	.LC8:
 720 0088 63684D74 		.ascii	"chMtxUnlockS(), #2\000"
 720      78556E6C 
 720      6F636B53 
 720      28292C20 
 720      233200
 721              		.text
 722              	.Letext0:
 723              		.section	.debug_loc,"",%progbits
 724              	.Ldebug_loc0:
 725              	.LLST0:
 726 0000 00000000 		.4byte	.LFB0
 727 0004 02000000 		.4byte	.LCFI0
 728 0008 0200     		.2byte	0x2
 729 000a 7D       		.byte	0x7d
 730 000b 00       		.sleb128 0
 731 000c 02000000 		.4byte	.LCFI0
 732 0010 1C000000 		.4byte	.LFE0
 733 0014 0200     		.2byte	0x2
 734 0016 7D       		.byte	0x7d
 735 0017 08       		.sleb128 8
 736 0018 00000000 		.4byte	0x0
 737 001c 00000000 		.4byte	0x0
 738              	.LLST1:
 739 0020 00000000 		.4byte	.LVL0
 740 0024 08000000 		.4byte	.LVL1
 741 0028 0100     		.2byte	0x1
 742 002a 50       		.byte	0x50
 743 002b 08000000 		.4byte	.LVL1
 744 002f 1C000000 		.4byte	.LFE0
 745 0033 0100     		.2byte	0x1
 746 0035 54       		.byte	0x54
 747 0036 00000000 		.4byte	0x0
 748 003a 00000000 		.4byte	0x0
 749              	.LLST2:
 750 003e 00000000 		.4byte	.LFB2
 751 0042 04000000 		.4byte	.LCFI1
 752 0046 0200     		.2byte	0x2
 753 0048 7D       		.byte	0x7d
 754 0049 00       		.sleb128 0
 755 004a 04000000 		.4byte	.LCFI1
 756 004e AC000000 		.4byte	.LFE2
 757 0052 0200     		.2byte	0x2
 758 0054 7D       		.byte	0x7d
 759 0055 10       		.sleb128 16
 760 0056 00000000 		.4byte	0x0
ARM GAS  /tmp/ccO2AfhS.s 			page 15


 761 005a 00000000 		.4byte	0x0
 762              	.LLST3:
 763 005e 00000000 		.4byte	.LVL2
 764 0062 0B000000 		.4byte	.LVL4-1
 765 0066 0100     		.2byte	0x1
 766 0068 50       		.byte	0x50
 767 0069 0B000000 		.4byte	.LVL4-1
 768 006d AC000000 		.4byte	.LFE2
 769 0071 0100     		.2byte	0x1
 770 0073 55       		.byte	0x55
 771 0074 00000000 		.4byte	0x0
 772 0078 00000000 		.4byte	0x0
 773              	.LLST4:
 774 007c 08000000 		.4byte	.LVL3
 775 0080 0B000000 		.4byte	.LVL4-1
 776 0084 0200     		.2byte	0x2
 777 0086 73       		.byte	0x73
 778 0087 1C       		.sleb128 28
 779 0088 0B000000 		.4byte	.LVL4-1
 780 008c AC000000 		.4byte	.LFE2
 781 0090 0100     		.2byte	0x1
 782 0092 56       		.byte	0x56
 783 0093 00000000 		.4byte	0x0
 784 0097 00000000 		.4byte	0x0
 785              	.LLST5:
 786 009b 1A000000 		.4byte	.LVL5
 787 009f 3C000000 		.4byte	.LVL6
 788 00a3 0100     		.2byte	0x1
 789 00a5 54       		.byte	0x54
 790 00a6 3C000000 		.4byte	.LVL6
 791 00aa 3E000000 		.4byte	.LVL7
 792 00ae 0200     		.2byte	0x2
 793 00b0 73       		.byte	0x73
 794 00b1 08       		.sleb128 8
 795 00b2 3E000000 		.4byte	.LVL7
 796 00b6 5E000000 		.4byte	.LVL8
 797 00ba 0100     		.2byte	0x1
 798 00bc 54       		.byte	0x54
 799 00bd 5E000000 		.4byte	.LVL8
 800 00c1 92000000 		.4byte	.LVL9
 801 00c5 0100     		.2byte	0x1
 802 00c7 54       		.byte	0x54
 803 00c8 00000000 		.4byte	0x0
 804 00cc 00000000 		.4byte	0x0
 805              	.LLST6:
 806 00d0 00000000 		.4byte	.LFB1
 807 00d4 02000000 		.4byte	.LCFI2
 808 00d8 0200     		.2byte	0x2
 809 00da 7D       		.byte	0x7d
 810 00db 00       		.sleb128 0
 811 00dc 02000000 		.4byte	.LCFI2
 812 00e0 1C000000 		.4byte	.LFE1
 813 00e4 0200     		.2byte	0x2
 814 00e6 7D       		.byte	0x7d
 815 00e7 08       		.sleb128 8
 816 00e8 00000000 		.4byte	0x0
 817 00ec 00000000 		.4byte	0x0
ARM GAS  /tmp/ccO2AfhS.s 			page 16


 818              	.LLST7:
 819 00f0 00000000 		.4byte	.LVL10
 820 00f4 0B000000 		.4byte	.LVL11-1
 821 00f8 0100     		.2byte	0x1
 822 00fa 50       		.byte	0x50
 823 00fb 0B000000 		.4byte	.LVL11-1
 824 00ff 1C000000 		.4byte	.LFE1
 825 0103 0100     		.2byte	0x1
 826 0105 54       		.byte	0x54
 827 0106 00000000 		.4byte	0x0
 828 010a 00000000 		.4byte	0x0
 829              	.LLST8:
 830 010e 00000000 		.4byte	.LFB4
 831 0112 02000000 		.4byte	.LCFI3
 832 0116 0200     		.2byte	0x2
 833 0118 7D       		.byte	0x7d
 834 0119 00       		.sleb128 0
 835 011a 02000000 		.4byte	.LCFI3
 836 011e 30000000 		.4byte	.LFE4
 837 0122 0200     		.2byte	0x2
 838 0124 7D       		.byte	0x7d
 839 0125 08       		.sleb128 8
 840 0126 00000000 		.4byte	0x0
 841 012a 00000000 		.4byte	0x0
 842              	.LLST9:
 843 012e 00000000 		.4byte	.LVL12
 844 0132 07000000 		.4byte	.LVL13-1
 845 0136 0100     		.2byte	0x1
 846 0138 50       		.byte	0x50
 847 0139 07000000 		.4byte	.LVL13-1
 848 013d 30000000 		.4byte	.LFE4
 849 0141 0100     		.2byte	0x1
 850 0143 54       		.byte	0x54
 851 0144 00000000 		.4byte	0x0
 852 0148 00000000 		.4byte	0x0
 853              	.LLST10:
 854 014c 00000000 		.4byte	.LFB3
 855 0150 02000000 		.4byte	.LCFI4
 856 0154 0200     		.2byte	0x2
 857 0156 7D       		.byte	0x7d
 858 0157 00       		.sleb128 0
 859 0158 02000000 		.4byte	.LCFI4
 860 015c 20000000 		.4byte	.LFE3
 861 0160 0200     		.2byte	0x2
 862 0162 7D       		.byte	0x7d
 863 0163 08       		.sleb128 8
 864 0164 00000000 		.4byte	0x0
 865 0168 00000000 		.4byte	0x0
 866              	.LLST11:
 867 016c 00000000 		.4byte	.LVL14
 868 0170 0B000000 		.4byte	.LVL15-1
 869 0174 0100     		.2byte	0x1
 870 0176 50       		.byte	0x50
 871 0177 0B000000 		.4byte	.LVL15-1
 872 017b 14000000 		.4byte	.LVL16
 873 017f 0100     		.2byte	0x1
 874 0181 54       		.byte	0x54
ARM GAS  /tmp/ccO2AfhS.s 			page 17


 875 0182 00000000 		.4byte	0x0
 876 0186 00000000 		.4byte	0x0
 877              	.LLST12:
 878 018a 14000000 		.4byte	.LVL16
 879 018e 17000000 		.4byte	.LVL17-1
 880 0192 0100     		.2byte	0x1
 881 0194 50       		.byte	0x50
 882 0195 17000000 		.4byte	.LVL17-1
 883 0199 20000000 		.4byte	.LFE3
 884 019d 0100     		.2byte	0x1
 885 019f 54       		.byte	0x54
 886 01a0 00000000 		.4byte	0x0
 887 01a4 00000000 		.4byte	0x0
 888              	.LLST13:
 889 01a8 00000000 		.4byte	.LFB5
 890 01ac 04000000 		.4byte	.LCFI5
 891 01b0 0200     		.2byte	0x2
 892 01b2 7D       		.byte	0x7d
 893 01b3 00       		.sleb128 0
 894 01b4 04000000 		.4byte	.LCFI5
 895 01b8 80000000 		.4byte	.LFE5
 896 01bc 0200     		.2byte	0x2
 897 01be 7D       		.byte	0x7d
 898 01bf 10       		.sleb128 16
 899 01c0 00000000 		.4byte	0x0
 900 01c4 00000000 		.4byte	0x0
 901              	.LLST14:
 902 01c8 06000000 		.4byte	.LVL18
 903 01cc 0A000000 		.4byte	.LVL19
 904 01d0 0200     		.2byte	0x2
 905 01d2 73       		.byte	0x73
 906 01d3 1C       		.sleb128 28
 907 01d4 0D000000 		.4byte	.LVL20-1
 908 01d8 80000000 		.4byte	.LFE5
 909 01dc 0100     		.2byte	0x1
 910 01de 55       		.byte	0x55
 911 01df 00000000 		.4byte	0x0
 912 01e3 00000000 		.4byte	0x0
 913              	.LLST15:
 914 01e7 28000000 		.4byte	.LVL21
 915 01eb 51000000 		.4byte	.LVL26-1
 916 01ef 0300     		.2byte	0x3
 917 01f1 75       		.byte	0x75
 918 01f2 C000     		.sleb128 64
 919 01f4 51000000 		.4byte	.LVL26-1
 920 01f8 80000000 		.4byte	.LFE5
 921 01fc 0100     		.2byte	0x1
 922 01fe 54       		.byte	0x54
 923 01ff 00000000 		.4byte	0x0
 924 0203 00000000 		.4byte	0x0
 925              	.LLST16:
 926 0207 34000000 		.4byte	.LVL22
 927 020b 36000000 		.4byte	.LVL23
 928 020f 0600     		.2byte	0x6
 929 0211 75       		.byte	0x75
 930 0212 C000     		.sleb128 64
 931 0214 06       		.byte	0x6
ARM GAS  /tmp/ccO2AfhS.s 			page 18


 932 0215 23       		.byte	0x23
 933 0216 0C       		.uleb128 0xc
 934 0217 36000000 		.4byte	.LVL23
 935 021b 46000000 		.4byte	.LVL25
 936 021f 0100     		.2byte	0x1
 937 0221 56       		.byte	0x56
 938 0222 46000000 		.4byte	.LVL25
 939 0226 62000000 		.4byte	.LVL27
 940 022a 0100     		.2byte	0x1
 941 022c 56       		.byte	0x56
 942 022d 00000000 		.4byte	0x0
 943 0231 00000000 		.4byte	0x0
 944              	.LLST17:
 945 0235 34000000 		.4byte	.LVL22
 946 0239 36000000 		.4byte	.LVL23
 947 023d 0300     		.2byte	0x3
 948 023f 75       		.byte	0x75
 949 0240 C400     		.sleb128 68
 950 0242 36000000 		.4byte	.LVL23
 951 0246 44000000 		.4byte	.LVL24
 952 024a 0100     		.2byte	0x1
 953 024c 53       		.byte	0x53
 954 024d 44000000 		.4byte	.LVL24
 955 0251 51000000 		.4byte	.LVL26-1
 956 0255 0100     		.2byte	0x1
 957 0257 53       		.byte	0x53
 958 0258 00000000 		.4byte	0x0
 959 025c 00000000 		.4byte	0x0
 960              	.LLST18:
 961 0260 00000000 		.4byte	.LFB6
 962 0264 02000000 		.4byte	.LCFI6
 963 0268 0200     		.2byte	0x2
 964 026a 7D       		.byte	0x7d
 965 026b 00       		.sleb128 0
 966 026c 02000000 		.4byte	.LCFI6
 967 0270 70000000 		.4byte	.LFE6
 968 0274 0200     		.2byte	0x2
 969 0276 7D       		.byte	0x7d
 970 0277 10       		.sleb128 16
 971 0278 00000000 		.4byte	0x0
 972 027c 00000000 		.4byte	0x0
 973              	.LLST19:
 974 0280 06000000 		.4byte	.LVL28
 975 0284 09000000 		.4byte	.LVL29-1
 976 0288 0200     		.2byte	0x2
 977 028a 73       		.byte	0x73
 978 028b 1C       		.sleb128 28
 979 028c 09000000 		.4byte	.LVL29-1
 980 0290 70000000 		.4byte	.LFE6
 981 0294 0100     		.2byte	0x1
 982 0296 55       		.byte	0x55
 983 0297 00000000 		.4byte	0x0
 984 029b 00000000 		.4byte	0x0
 985              	.LLST20:
 986 029f 24000000 		.4byte	.LVL30
 987 02a3 4D000000 		.4byte	.LVL35-1
 988 02a7 0300     		.2byte	0x3
ARM GAS  /tmp/ccO2AfhS.s 			page 19


 989 02a9 75       		.byte	0x75
 990 02aa C000     		.sleb128 64
 991 02ac 4D000000 		.4byte	.LVL35-1
 992 02b0 70000000 		.4byte	.LFE6
 993 02b4 0100     		.2byte	0x1
 994 02b6 54       		.byte	0x54
 995 02b7 00000000 		.4byte	0x0
 996 02bb 00000000 		.4byte	0x0
 997              	.LLST21:
 998 02bf 30000000 		.4byte	.LVL31
 999 02c3 32000000 		.4byte	.LVL32
 1000 02c7 0600     		.2byte	0x6
 1001 02c9 75       		.byte	0x75
 1002 02ca C000     		.sleb128 64
 1003 02cc 06       		.byte	0x6
 1004 02cd 23       		.byte	0x23
 1005 02ce 0C       		.uleb128 0xc
 1006 02cf 32000000 		.4byte	.LVL32
 1007 02d3 42000000 		.4byte	.LVL34
 1008 02d7 0100     		.2byte	0x1
 1009 02d9 53       		.byte	0x53
 1010 02da 42000000 		.4byte	.LVL34
 1011 02de 4D000000 		.4byte	.LVL35-1
 1012 02e2 0100     		.2byte	0x1
 1013 02e4 53       		.byte	0x53
 1014 02e5 00000000 		.4byte	0x0
 1015 02e9 00000000 		.4byte	0x0
 1016              	.LLST22:
 1017 02ed 30000000 		.4byte	.LVL31
 1018 02f1 32000000 		.4byte	.LVL32
 1019 02f5 0300     		.2byte	0x3
 1020 02f7 75       		.byte	0x75
 1021 02f8 C400     		.sleb128 68
 1022 02fa 32000000 		.4byte	.LVL32
 1023 02fe 40000000 		.4byte	.LVL33
 1024 0302 0100     		.2byte	0x1
 1025 0304 52       		.byte	0x52
 1026 0305 40000000 		.4byte	.LVL33
 1027 0309 4D000000 		.4byte	.LVL35-1
 1028 030d 0100     		.2byte	0x1
 1029 030f 52       		.byte	0x52
 1030 0310 00000000 		.4byte	0x0
 1031 0314 00000000 		.4byte	0x0
 1032              	.LLST23:
 1033 0318 00000000 		.4byte	.LFB7
 1034 031c 02000000 		.4byte	.LCFI7
 1035 0320 0200     		.2byte	0x2
 1036 0322 7D       		.byte	0x7d
 1037 0323 00       		.sleb128 0
 1038 0324 02000000 		.4byte	.LCFI7
 1039 0328 54000000 		.4byte	.LFE7
 1040 032c 0200     		.2byte	0x2
 1041 032e 7D       		.byte	0x7d
 1042 032f 10       		.sleb128 16
 1043 0330 00000000 		.4byte	0x0
 1044 0334 00000000 		.4byte	0x0
 1045              	.LLST24:
ARM GAS  /tmp/ccO2AfhS.s 			page 20


 1046 0338 06000000 		.4byte	.LVL36
 1047 033c 0A000000 		.4byte	.LVL37
 1048 0340 0200     		.2byte	0x2
 1049 0342 73       		.byte	0x73
 1050 0343 1C       		.sleb128 28
 1051 0344 0D000000 		.4byte	.LVL38-1
 1052 0348 54000000 		.4byte	.LFE7
 1053 034c 0100     		.2byte	0x1
 1054 034e 54       		.byte	0x54
 1055 034f 00000000 		.4byte	0x0
 1056 0353 00000000 		.4byte	0x0
 1057              	.LLST25:
 1058 0357 14000000 		.4byte	.LVL39
 1059 035b 23000000 		.4byte	.LVL40-1
 1060 035f 0300     		.2byte	0x3
 1061 0361 74       		.byte	0x74
 1062 0362 C000     		.sleb128 64
 1063 0364 23000000 		.4byte	.LVL40-1
 1064 0368 44000000 		.4byte	.LVL41
 1065 036c 0100     		.2byte	0x1
 1066 036e 55       		.byte	0x55
 1067 036f 00000000 		.4byte	0x0
 1068 0373 00000000 		.4byte	0x0
 1069              		.file 2 "/home/z80/programs/code-sourcery/2011.03-42/bin/../lib/gcc/arm-none-eabi/4.5.2/../../../.
 1070              		.file 3 "../chibios/os/ports/GCC/ARMCMx/chtypes.h"
 1071              		.file 4 "../chibios/os/kernel/include/chlists.h"
 1072              		.file 5 "../chibios/os/kernel/include/chthreads.h"
 1073              		.file 6 "../chibios/os/ports/GCC/ARMCMx/chcore_v7m.h"
 1074              		.file 7 "../chibios/os/kernel/include/chschd.h"
 1075              		.file 8 "../chibios/os/kernel/include/chmtx.h"
 1076              		.section	.debug_info
 1077 0000 C1060000 		.4byte	0x6c1
 1078 0004 0200     		.2byte	0x2
 1079 0006 00000000 		.4byte	.Ldebug_abbrev0
 1080 000a 04       		.byte	0x4
 1081 000b 01       		.uleb128 0x1
 1082 000c F2020000 		.4byte	.LASF75
 1083 0010 01       		.byte	0x1
 1084 0011 C5010000 		.4byte	.LASF76
 1085 0015 FD000000 		.4byte	.LASF77
 1086 0019 00000000 		.4byte	0x0
 1087 001d 00000000 		.4byte	0x0
 1088 0021 18000000 		.4byte	.Ldebug_ranges0+0x18
 1089 0025 00000000 		.4byte	.Ldebug_line0
 1090 0029 02       		.uleb128 0x2
 1091 002a 04       		.byte	0x4
 1092 002b 05       		.byte	0x5
 1093 002c 696E7400 		.ascii	"int\000"
 1094 0030 03       		.uleb128 0x3
 1095 0031 04       		.byte	0x4
 1096 0032 07       		.byte	0x7
 1097 0033 D6000000 		.4byte	.LASF0
 1098 0037 03       		.uleb128 0x3
 1099 0038 01       		.byte	0x1
 1100 0039 06       		.byte	0x6
 1101 003a 57000000 		.4byte	.LASF1
 1102 003e 04       		.uleb128 0x4
ARM GAS  /tmp/ccO2AfhS.s 			page 21


 1103 003f E3020000 		.4byte	.LASF5
 1104 0043 02       		.byte	0x2
 1105 0044 2A       		.byte	0x2a
 1106 0045 49000000 		.4byte	0x49
 1107 0049 03       		.uleb128 0x3
 1108 004a 01       		.byte	0x1
 1109 004b 08       		.byte	0x8
 1110 004c 05020000 		.4byte	.LASF2
 1111 0050 03       		.uleb128 0x3
 1112 0051 02       		.byte	0x2
 1113 0052 05       		.byte	0x5
 1114 0053 1D020000 		.4byte	.LASF3
 1115 0057 03       		.uleb128 0x3
 1116 0058 02       		.byte	0x2
 1117 0059 07       		.byte	0x7
 1118 005a 9D020000 		.4byte	.LASF4
 1119 005e 04       		.uleb128 0x4
 1120 005f FD010000 		.4byte	.LASF6
 1121 0063 02       		.byte	0x2
 1122 0064 4F       		.byte	0x4f
 1123 0065 69000000 		.4byte	0x69
 1124 0069 03       		.uleb128 0x3
 1125 006a 04       		.byte	0x4
 1126 006b 05       		.byte	0x5
 1127 006c 81000000 		.4byte	.LASF7
 1128 0070 04       		.uleb128 0x4
 1129 0071 6B020000 		.4byte	.LASF8
 1130 0075 02       		.byte	0x2
 1131 0076 50       		.byte	0x50
 1132 0077 7B000000 		.4byte	0x7b
 1133 007b 03       		.uleb128 0x3
 1134 007c 04       		.byte	0x4
 1135 007d 07       		.byte	0x7
 1136 007e E3000000 		.4byte	.LASF9
 1137 0082 03       		.uleb128 0x3
 1138 0083 08       		.byte	0x8
 1139 0084 05       		.byte	0x5
 1140 0085 49000000 		.4byte	.LASF10
 1141 0089 04       		.uleb128 0x4
 1142 008a 0D000000 		.4byte	.LASF11
 1143 008e 02       		.byte	0x2
 1144 008f 78       		.byte	0x78
 1145 0090 94000000 		.4byte	0x94
 1146 0094 03       		.uleb128 0x3
 1147 0095 08       		.byte	0x8
 1148 0096 07       		.byte	0x7
 1149 0097 16000000 		.4byte	.LASF12
 1150 009b 04       		.uleb128 0x4
 1151 009c 6B000000 		.4byte	.LASF13
 1152 00a0 03       		.byte	0x3
 1153 00a1 2E       		.byte	0x2e
 1154 00a2 5E000000 		.4byte	0x5e
 1155 00a6 04       		.uleb128 0x4
 1156 00a7 50010000 		.4byte	.LASF14
 1157 00ab 03       		.byte	0x3
 1158 00ac 2F       		.byte	0x2f
 1159 00ad 3E000000 		.4byte	0x3e
ARM GAS  /tmp/ccO2AfhS.s 			page 22


 1160 00b1 04       		.uleb128 0x4
 1161 00b2 8A000000 		.4byte	.LASF15
 1162 00b6 03       		.byte	0x3
 1163 00b7 30       		.byte	0x30
 1164 00b8 3E000000 		.4byte	0x3e
 1165 00bc 04       		.uleb128 0x4
 1166 00bd E6010000 		.4byte	.LASF16
 1167 00c1 03       		.byte	0x3
 1168 00c2 31       		.byte	0x31
 1169 00c3 3E000000 		.4byte	0x3e
 1170 00c7 04       		.uleb128 0x4
 1171 00c8 F5010000 		.4byte	.LASF17
 1172 00cc 03       		.byte	0x3
 1173 00cd 32       		.byte	0x32
 1174 00ce 70000000 		.4byte	0x70
 1175 00d2 04       		.uleb128 0x4
 1176 00d3 33010000 		.4byte	.LASF18
 1177 00d7 03       		.byte	0x3
 1178 00d8 33       		.byte	0x33
 1179 00d9 5E000000 		.4byte	0x5e
 1180 00dd 04       		.uleb128 0x4
 1181 00de 64010000 		.4byte	.LASF19
 1182 00e2 03       		.byte	0x3
 1183 00e3 35       		.byte	0x35
 1184 00e4 70000000 		.4byte	0x70
 1185 00e8 04       		.uleb128 0x4
 1186 00e9 88020000 		.4byte	.LASF20
 1187 00ed 03       		.byte	0x3
 1188 00ee 36       		.byte	0x36
 1189 00ef 70000000 		.4byte	0x70
 1190 00f3 04       		.uleb128 0x4
 1191 00f4 C5000000 		.4byte	.LASF21
 1192 00f8 03       		.byte	0x3
 1193 00f9 37       		.byte	0x37
 1194 00fa 5E000000 		.4byte	0x5e
 1195 00fe 04       		.uleb128 0x4
 1196 00ff 59020000 		.4byte	.LASF22
 1197 0103 04       		.byte	0x4
 1198 0104 2A       		.byte	0x2a
 1199 0105 09010000 		.4byte	0x109
 1200 0109 05       		.uleb128 0x5
 1201 010a 59020000 		.4byte	.LASF22
 1202 010e 4C       		.byte	0x4c
 1203 010f 05       		.byte	0x5
 1204 0110 5E       		.byte	0x5e
 1205 0111 2E020000 		.4byte	0x22e
 1206 0115 06       		.uleb128 0x6
 1207 0116 3D020000 		.4byte	.LASF23
 1208 011a 05       		.byte	0x5
 1209 011b 5F       		.byte	0x5f
 1210 011c 53020000 		.4byte	0x253
 1211 0120 02       		.byte	0x2
 1212 0121 23       		.byte	0x23
 1213 0122 00       		.uleb128 0x0
 1214 0123 06       		.uleb128 0x6
 1215 0124 EE010000 		.4byte	.LASF24
 1216 0128 05       		.byte	0x5
ARM GAS  /tmp/ccO2AfhS.s 			page 23


 1217 0129 61       		.byte	0x61
 1218 012a 53020000 		.4byte	0x253
 1219 012e 02       		.byte	0x2
 1220 012f 23       		.byte	0x23
 1221 0130 04       		.uleb128 0x4
 1222 0131 06       		.uleb128 0x6
 1223 0132 42000000 		.4byte	.LASF25
 1224 0136 05       		.byte	0x5
 1225 0137 63       		.byte	0x63
 1226 0138 C7000000 		.4byte	0xc7
 1227 013c 02       		.byte	0x2
 1228 013d 23       		.byte	0x23
 1229 013e 08       		.uleb128 0x8
 1230 013f 06       		.uleb128 0x6
 1231 0140 17030000 		.4byte	.LASF26
 1232 0144 05       		.byte	0x5
 1233 0145 64       		.byte	0x64
 1234 0146 2B030000 		.4byte	0x32b
 1235 014a 02       		.byte	0x2
 1236 014b 23       		.byte	0x23
 1237 014c 0C       		.uleb128 0xc
 1238 014d 06       		.uleb128 0x6
 1239 014e AC000000 		.4byte	.LASF27
 1240 0152 05       		.byte	0x5
 1241 0153 66       		.byte	0x66
 1242 0154 53020000 		.4byte	0x253
 1243 0158 02       		.byte	0x2
 1244 0159 23       		.byte	0x23
 1245 015a 10       		.uleb128 0x10
 1246 015b 06       		.uleb128 0x6
 1247 015c 98010000 		.4byte	.LASF28
 1248 0160 05       		.byte	0x5
 1249 0161 67       		.byte	0x67
 1250 0162 53020000 		.4byte	0x253
 1251 0166 02       		.byte	0x2
 1252 0167 23       		.byte	0x23
 1253 0168 14       		.uleb128 0x14
 1254 0169 06       		.uleb128 0x6
 1255 016a FE020000 		.4byte	.LASF29
 1256 016e 05       		.byte	0x5
 1257 016f 6E       		.byte	0x6e
 1258 0170 46040000 		.4byte	0x446
 1259 0174 02       		.byte	0x2
 1260 0175 23       		.byte	0x23
 1261 0176 18       		.uleb128 0x18
 1262 0177 06       		.uleb128 0x6
 1263 0178 CB000000 		.4byte	.LASF30
 1264 017c 05       		.byte	0x5
 1265 017d 74       		.byte	0x74
 1266 017e 58040000 		.4byte	0x458
 1267 0182 02       		.byte	0x2
 1268 0183 23       		.byte	0x23
 1269 0184 1C       		.uleb128 0x1c
 1270 0185 06       		.uleb128 0x6
 1271 0186 27020000 		.4byte	.LASF31
 1272 018a 05       		.byte	0x5
 1273 018b 79       		.byte	0x79
ARM GAS  /tmp/ccO2AfhS.s 			page 24


 1274 018c B1000000 		.4byte	0xb1
 1275 0190 02       		.byte	0x2
 1276 0191 23       		.byte	0x23
 1277 0192 20       		.uleb128 0x20
 1278 0193 06       		.uleb128 0x6
 1279 0194 44020000 		.4byte	.LASF32
 1280 0198 05       		.byte	0x5
 1281 0199 7D       		.byte	0x7d
 1282 019a A6000000 		.4byte	0xa6
 1283 019e 02       		.byte	0x2
 1284 019f 23       		.byte	0x23
 1285 01a0 21       		.uleb128 0x21
 1286 01a1 06       		.uleb128 0x6
 1287 01a2 CC020000 		.4byte	.LASF33
 1288 01a6 05       		.byte	0x5
 1289 01a7 82       		.byte	0x82
 1290 01a8 BC000000 		.4byte	0xbc
 1291 01ac 02       		.byte	0x2
 1292 01ad 23       		.byte	0x23
 1293 01ae 22       		.uleb128 0x22
 1294 01af 06       		.uleb128 0x6
 1295 01b0 EB020000 		.4byte	.LASF34
 1296 01b4 05       		.byte	0x5
 1297 01b5 89       		.byte	0x89
 1298 01b6 4E030000 		.4byte	0x34e
 1299 01ba 02       		.byte	0x2
 1300 01bb 23       		.byte	0x23
 1301 01bc 24       		.uleb128 0x24
 1302 01bd 07       		.uleb128 0x7
 1303 01be 705F7500 		.ascii	"p_u\000"
 1304 01c2 05       		.byte	0x5
 1305 01c3 AE       		.byte	0xae
 1306 01c4 11040000 		.4byte	0x411
 1307 01c8 02       		.byte	0x2
 1308 01c9 23       		.byte	0x23
 1309 01ca 28       		.uleb128 0x28
 1310 01cb 06       		.uleb128 0x6
 1311 01cc 1D030000 		.4byte	.LASF35
 1312 01d0 05       		.byte	0x5
 1313 01d1 B3       		.byte	0xb3
 1314 01d2 7B020000 		.4byte	0x27b
 1315 01d6 02       		.byte	0x2
 1316 01d7 23       		.byte	0x23
 1317 01d8 2C       		.uleb128 0x2c
 1318 01d9 06       		.uleb128 0x6
 1319 01da B7020000 		.4byte	.LASF36
 1320 01de 05       		.byte	0x5
 1321 01df B9       		.byte	0xb9
 1322 01e0 59020000 		.4byte	0x259
 1323 01e4 02       		.byte	0x2
 1324 01e5 23       		.byte	0x23
 1325 01e6 30       		.uleb128 0x30
 1326 01e7 06       		.uleb128 0x6
 1327 01e8 00000000 		.4byte	.LASF37
 1328 01ec 05       		.byte	0x5
 1329 01ed BD       		.byte	0xbd
 1330 01ee D2000000 		.4byte	0xd2
ARM GAS  /tmp/ccO2AfhS.s 			page 25


 1331 01f2 02       		.byte	0x2
 1332 01f3 23       		.byte	0x23
 1333 01f4 38       		.uleb128 0x38
 1334 01f5 06       		.uleb128 0x6
 1335 01f6 60020000 		.4byte	.LASF38
 1336 01fa 05       		.byte	0x5
 1337 01fb C3       		.byte	0xc3
 1338 01fc DD000000 		.4byte	0xdd
 1339 0200 02       		.byte	0x2
 1340 0201 23       		.byte	0x23
 1341 0202 3C       		.uleb128 0x3c
 1342 0203 06       		.uleb128 0x6
 1343 0204 13020000 		.4byte	.LASF39
 1344 0208 05       		.byte	0x5
 1345 0209 CA       		.byte	0xca
 1346 020a 5E040000 		.4byte	0x45e
 1347 020e 02       		.byte	0x2
 1348 020f 23       		.byte	0x23
 1349 0210 40       		.uleb128 0x40
 1350 0211 06       		.uleb128 0x6
 1351 0212 92020000 		.4byte	.LASF40
 1352 0216 05       		.byte	0x5
 1353 0217 CE       		.byte	0xce
 1354 0218 C7000000 		.4byte	0xc7
 1355 021c 02       		.byte	0x2
 1356 021d 23       		.byte	0x23
 1357 021e 44       		.uleb128 0x44
 1358 021f 06       		.uleb128 0x6
 1359 0220 63000000 		.4byte	.LASF41
 1360 0224 05       		.byte	0x5
 1361 0225 D4       		.byte	0xd4
 1362 0226 91020000 		.4byte	0x291
 1363 022a 02       		.byte	0x2
 1364 022b 23       		.byte	0x23
 1365 022c 48       		.uleb128 0x48
 1366 022d 00       		.byte	0x0
 1367 022e 08       		.uleb128 0x8
 1368 022f 08       		.byte	0x8
 1369 0230 04       		.byte	0x4
 1370 0231 61       		.byte	0x61
 1371 0232 53020000 		.4byte	0x253
 1372 0236 06       		.uleb128 0x6
 1373 0237 3D020000 		.4byte	.LASF23
 1374 023b 04       		.byte	0x4
 1375 023c 62       		.byte	0x62
 1376 023d 53020000 		.4byte	0x253
 1377 0241 02       		.byte	0x2
 1378 0242 23       		.byte	0x23
 1379 0243 00       		.uleb128 0x0
 1380 0244 06       		.uleb128 0x6
 1381 0245 EE010000 		.4byte	.LASF24
 1382 0249 04       		.byte	0x4
 1383 024a 64       		.byte	0x64
 1384 024b 53020000 		.4byte	0x253
 1385 024f 02       		.byte	0x2
 1386 0250 23       		.byte	0x23
 1387 0251 04       		.uleb128 0x4
ARM GAS  /tmp/ccO2AfhS.s 			page 26


 1388 0252 00       		.byte	0x0
 1389 0253 09       		.uleb128 0x9
 1390 0254 04       		.byte	0x4
 1391 0255 FE000000 		.4byte	0xfe
 1392 0259 04       		.uleb128 0x4
 1393 025a A6010000 		.4byte	.LASF42
 1394 025e 04       		.byte	0x4
 1395 025f 66       		.byte	0x66
 1396 0260 2E020000 		.4byte	0x22e
 1397 0264 08       		.uleb128 0x8
 1398 0265 04       		.byte	0x4
 1399 0266 04       		.byte	0x4
 1400 0267 6B       		.byte	0x6b
 1401 0268 7B020000 		.4byte	0x27b
 1402 026c 06       		.uleb128 0x6
 1403 026d 3D020000 		.4byte	.LASF23
 1404 0271 04       		.byte	0x4
 1405 0272 6D       		.byte	0x6d
 1406 0273 53020000 		.4byte	0x253
 1407 0277 02       		.byte	0x2
 1408 0278 23       		.byte	0x23
 1409 0279 00       		.uleb128 0x0
 1410 027a 00       		.byte	0x0
 1411 027b 04       		.uleb128 0x4
 1412 027c 58010000 		.4byte	.LASF43
 1413 0280 04       		.byte	0x4
 1414 0281 70       		.byte	0x70
 1415 0282 64020000 		.4byte	0x264
 1416 0286 04       		.uleb128 0x4
 1417 0287 BC000000 		.4byte	.LASF44
 1418 028b 06       		.byte	0x6
 1419 028c D7       		.byte	0xd7
 1420 028d 91020000 		.4byte	0x291
 1421 0291 0A       		.uleb128 0xa
 1422 0292 04       		.byte	0x4
 1423 0293 04       		.uleb128 0x4
 1424 0294 83010000 		.4byte	.LASF45
 1425 0298 06       		.byte	0x6
 1426 0299 DD       		.byte	0xdd
 1427 029a 89000000 		.4byte	0x89
 1428 029e 05       		.uleb128 0x5
 1429 029f B0020000 		.4byte	.LASF46
 1430 02a3 24       		.byte	0x24
 1431 02a4 06       		.byte	0x6
 1432 02a5 FE       		.byte	0xfe
 1433 02a6 2B030000 		.4byte	0x32b
 1434 02aa 0B       		.uleb128 0xb
 1435 02ab 723400   		.ascii	"r4\000"
 1436 02ae 06       		.byte	0x6
 1437 02af 1101     		.2byte	0x111
 1438 02b1 86020000 		.4byte	0x286
 1439 02b5 02       		.byte	0x2
 1440 02b6 23       		.byte	0x23
 1441 02b7 00       		.uleb128 0x0
 1442 02b8 0B       		.uleb128 0xb
 1443 02b9 723500   		.ascii	"r5\000"
 1444 02bc 06       		.byte	0x6
ARM GAS  /tmp/ccO2AfhS.s 			page 27


 1445 02bd 1201     		.2byte	0x112
 1446 02bf 86020000 		.4byte	0x286
 1447 02c3 02       		.byte	0x2
 1448 02c4 23       		.byte	0x23
 1449 02c5 04       		.uleb128 0x4
 1450 02c6 0B       		.uleb128 0xb
 1451 02c7 723600   		.ascii	"r6\000"
 1452 02ca 06       		.byte	0x6
 1453 02cb 1301     		.2byte	0x113
 1454 02cd 86020000 		.4byte	0x286
 1455 02d1 02       		.byte	0x2
 1456 02d2 23       		.byte	0x23
 1457 02d3 08       		.uleb128 0x8
 1458 02d4 0B       		.uleb128 0xb
 1459 02d5 723700   		.ascii	"r7\000"
 1460 02d8 06       		.byte	0x6
 1461 02d9 1401     		.2byte	0x114
 1462 02db 86020000 		.4byte	0x286
 1463 02df 02       		.byte	0x2
 1464 02e0 23       		.byte	0x23
 1465 02e1 0C       		.uleb128 0xc
 1466 02e2 0B       		.uleb128 0xb
 1467 02e3 723800   		.ascii	"r8\000"
 1468 02e6 06       		.byte	0x6
 1469 02e7 1501     		.2byte	0x115
 1470 02e9 86020000 		.4byte	0x286
 1471 02ed 02       		.byte	0x2
 1472 02ee 23       		.byte	0x23
 1473 02ef 10       		.uleb128 0x10
 1474 02f0 0B       		.uleb128 0xb
 1475 02f1 723900   		.ascii	"r9\000"
 1476 02f4 06       		.byte	0x6
 1477 02f5 1601     		.2byte	0x116
 1478 02f7 86020000 		.4byte	0x286
 1479 02fb 02       		.byte	0x2
 1480 02fc 23       		.byte	0x23
 1481 02fd 14       		.uleb128 0x14
 1482 02fe 0B       		.uleb128 0xb
 1483 02ff 72313000 		.ascii	"r10\000"
 1484 0303 06       		.byte	0x6
 1485 0304 1701     		.2byte	0x117
 1486 0306 86020000 		.4byte	0x286
 1487 030a 02       		.byte	0x2
 1488 030b 23       		.byte	0x23
 1489 030c 18       		.uleb128 0x18
 1490 030d 0B       		.uleb128 0xb
 1491 030e 72313100 		.ascii	"r11\000"
 1492 0312 06       		.byte	0x6
 1493 0313 1801     		.2byte	0x118
 1494 0315 86020000 		.4byte	0x286
 1495 0319 02       		.byte	0x2
 1496 031a 23       		.byte	0x23
 1497 031b 1C       		.uleb128 0x1c
 1498 031c 0B       		.uleb128 0xb
 1499 031d 6C7200   		.ascii	"lr\000"
 1500 0320 06       		.byte	0x6
 1501 0321 1901     		.2byte	0x119
ARM GAS  /tmp/ccO2AfhS.s 			page 28


 1502 0323 86020000 		.4byte	0x286
 1503 0327 02       		.byte	0x2
 1504 0328 23       		.byte	0x23
 1505 0329 20       		.uleb128 0x20
 1506 032a 00       		.byte	0x0
 1507 032b 0C       		.uleb128 0xc
 1508 032c F5000000 		.4byte	.LASF47
 1509 0330 04       		.byte	0x4
 1510 0331 06       		.byte	0x6
 1511 0332 2301     		.2byte	0x123
 1512 0334 48030000 		.4byte	0x348
 1513 0338 0B       		.uleb128 0xb
 1514 0339 72313300 		.ascii	"r13\000"
 1515 033d 06       		.byte	0x6
 1516 033e 2401     		.2byte	0x124
 1517 0340 48030000 		.4byte	0x348
 1518 0344 02       		.byte	0x2
 1519 0345 23       		.byte	0x23
 1520 0346 00       		.uleb128 0x0
 1521 0347 00       		.byte	0x0
 1522 0348 09       		.uleb128 0x9
 1523 0349 04       		.byte	0x4
 1524 034a 9E020000 		.4byte	0x29e
 1525 034e 0D       		.uleb128 0xd
 1526 034f E8000000 		.4byte	0xe8
 1527 0353 08       		.uleb128 0x8
 1528 0354 20       		.byte	0x20
 1529 0355 07       		.byte	0x7
 1530 0356 5E       		.byte	0x5e
 1531 0357 BE030000 		.4byte	0x3be
 1532 035b 06       		.uleb128 0x6
 1533 035c 74020000 		.4byte	.LASF48
 1534 0360 07       		.byte	0x7
 1535 0361 5F       		.byte	0x5f
 1536 0362 59020000 		.4byte	0x259
 1537 0366 02       		.byte	0x2
 1538 0367 23       		.byte	0x23
 1539 0368 00       		.uleb128 0x0
 1540 0369 06       		.uleb128 0x6
 1541 036a 2F020000 		.4byte	.LASF49
 1542 036e 07       		.byte	0x7
 1543 036f 60       		.byte	0x60
 1544 0370 C7000000 		.4byte	0xc7
 1545 0374 02       		.byte	0x2
 1546 0375 23       		.byte	0x23
 1547 0376 08       		.uleb128 0x8
 1548 0377 06       		.uleb128 0x6
 1549 0378 A0010000 		.4byte	.LASF50
 1550 037c 07       		.byte	0x7
 1551 037d 62       		.byte	0x62
 1552 037e 2B030000 		.4byte	0x32b
 1553 0382 02       		.byte	0x2
 1554 0383 23       		.byte	0x23
 1555 0384 0C       		.uleb128 0xc
 1556 0385 06       		.uleb128 0x6
 1557 0386 B4000000 		.4byte	.LASF51
 1558 038a 07       		.byte	0x7
ARM GAS  /tmp/ccO2AfhS.s 			page 29


 1559 038b 65       		.byte	0x65
 1560 038c 53020000 		.4byte	0x253
 1561 0390 02       		.byte	0x2
 1562 0391 23       		.byte	0x23
 1563 0392 10       		.uleb128 0x10
 1564 0393 06       		.uleb128 0x6
 1565 0394 BD010000 		.4byte	.LASF52
 1566 0398 07       		.byte	0x7
 1567 0399 66       		.byte	0x66
 1568 039a 53020000 		.4byte	0x253
 1569 039e 02       		.byte	0x2
 1570 039f 23       		.byte	0x23
 1571 03a0 14       		.uleb128 0x14
 1572 03a1 06       		.uleb128 0x6
 1573 03a2 05030000 		.4byte	.LASF53
 1574 03a6 07       		.byte	0x7
 1575 03a7 6A       		.byte	0x6a
 1576 03a8 F3000000 		.4byte	0xf3
 1577 03ac 02       		.byte	0x2
 1578 03ad 23       		.byte	0x23
 1579 03ae 18       		.uleb128 0x18
 1580 03af 06       		.uleb128 0x6
 1581 03b0 B3010000 		.4byte	.LASF54
 1582 03b4 07       		.byte	0x7
 1583 03b5 6C       		.byte	0x6c
 1584 03b6 53020000 		.4byte	0x253
 1585 03ba 02       		.byte	0x2
 1586 03bb 23       		.byte	0x23
 1587 03bc 1C       		.uleb128 0x1c
 1588 03bd 00       		.byte	0x0
 1589 03be 04       		.uleb128 0x4
 1590 03bf D3020000 		.4byte	.LASF55
 1591 03c3 07       		.byte	0x7
 1592 03c4 6E       		.byte	0x6e
 1593 03c5 53030000 		.4byte	0x353
 1594 03c9 05       		.uleb128 0x5
 1595 03ca 7D010000 		.4byte	.LASF56
 1596 03ce 10       		.byte	0x10
 1597 03cf 08       		.byte	0x8
 1598 03d0 2C       		.byte	0x2c
 1599 03d1 00040000 		.4byte	0x400
 1600 03d5 06       		.uleb128 0x6
 1601 03d6 72000000 		.4byte	.LASF57
 1602 03da 08       		.byte	0x8
 1603 03db 2D       		.byte	0x2d
 1604 03dc 59020000 		.4byte	0x259
 1605 03e0 02       		.byte	0x2
 1606 03e1 23       		.byte	0x23
 1607 03e2 00       		.uleb128 0x0
 1608 03e3 06       		.uleb128 0x6
 1609 03e4 0F030000 		.4byte	.LASF58
 1610 03e8 08       		.byte	0x8
 1611 03e9 2F       		.byte	0x2f
 1612 03ea 53020000 		.4byte	0x253
 1613 03ee 02       		.byte	0x2
 1614 03ef 23       		.byte	0x23
 1615 03f0 08       		.uleb128 0x8
ARM GAS  /tmp/ccO2AfhS.s 			page 30


 1616 03f1 06       		.uleb128 0x6
 1617 03f2 81020000 		.4byte	.LASF59
 1618 03f6 08       		.byte	0x8
 1619 03f7 31       		.byte	0x31
 1620 03f8 00040000 		.4byte	0x400
 1621 03fc 02       		.byte	0x2
 1622 03fd 23       		.byte	0x23
 1623 03fe 0C       		.uleb128 0xc
 1624 03ff 00       		.byte	0x0
 1625 0400 09       		.uleb128 0x9
 1626 0401 04       		.byte	0x4
 1627 0402 C9030000 		.4byte	0x3c9
 1628 0406 04       		.uleb128 0x4
 1629 0407 7D010000 		.4byte	.LASF56
 1630 040b 08       		.byte	0x8
 1631 040c 33       		.byte	0x33
 1632 040d C9030000 		.4byte	0x3c9
 1633 0411 0E       		.uleb128 0xe
 1634 0412 04       		.byte	0x4
 1635 0413 05       		.byte	0x5
 1636 0414 90       		.byte	0x90
 1637 0415 46040000 		.4byte	0x446
 1638 0419 0F       		.uleb128 0xf
 1639 041a 06000000 		.4byte	.LASF60
 1640 041e 05       		.byte	0x5
 1641 041f 97       		.byte	0x97
 1642 0420 D2000000 		.4byte	0xd2
 1643 0424 0F       		.uleb128 0xf
 1644 0425 2D000000 		.4byte	.LASF61
 1645 0429 05       		.byte	0x5
 1646 042a 9E       		.byte	0x9e
 1647 042b D2000000 		.4byte	0xd2
 1648 042f 0F       		.uleb128 0xf
 1649 0430 7A000000 		.4byte	.LASF62
 1650 0434 05       		.byte	0x5
 1651 0435 A5       		.byte	0xa5
 1652 0436 91020000 		.4byte	0x291
 1653 043a 0F       		.uleb128 0xf
 1654 043b 36020000 		.4byte	.LASF63
 1655 043f 05       		.byte	0x5
 1656 0440 AC       		.byte	0xac
 1657 0441 DD000000 		.4byte	0xdd
 1658 0445 00       		.byte	0x0
 1659 0446 09       		.uleb128 0x9
 1660 0447 04       		.byte	0x4
 1661 0448 4C040000 		.4byte	0x44c
 1662 044c 10       		.uleb128 0x10
 1663 044d 51040000 		.4byte	0x451
 1664 0451 03       		.uleb128 0x3
 1665 0452 01       		.byte	0x1
 1666 0453 08       		.byte	0x8
 1667 0454 7C020000 		.4byte	.LASF64
 1668 0458 09       		.uleb128 0x9
 1669 0459 04       		.byte	0x4
 1670 045a 93020000 		.4byte	0x293
 1671 045e 09       		.uleb128 0x9
 1672 045f 04       		.byte	0x4
ARM GAS  /tmp/ccO2AfhS.s 			page 31


 1673 0460 06040000 		.4byte	0x406
 1674 0464 11       		.uleb128 0x11
 1675 0465 01       		.byte	0x1
 1676 0466 C2020000 		.4byte	.LASF65
 1677 046a 01       		.byte	0x1
 1678 046b 56       		.byte	0x56
 1679 046c 01       		.byte	0x1
 1680 046d 00000000 		.4byte	.LFB0
 1681 0471 1C000000 		.4byte	.LFE0
 1682 0475 00000000 		.4byte	.LLST0
 1683 0479 8C040000 		.4byte	0x48c
 1684 047d 12       		.uleb128 0x12
 1685 047e 6D7000   		.ascii	"mp\000"
 1686 0481 01       		.byte	0x1
 1687 0482 56       		.byte	0x56
 1688 0483 5E040000 		.4byte	0x45e
 1689 0487 20000000 		.4byte	.LLST1
 1690 048b 00       		.byte	0x0
 1691 048c 11       		.uleb128 0x11
 1692 048d 01       		.byte	0x1
 1693 048e 93000000 		.4byte	.LASF66
 1694 0492 01       		.byte	0x1
 1695 0493 79       		.byte	0x79
 1696 0494 01       		.byte	0x1
 1697 0495 00000000 		.4byte	.LFB2
 1698 0499 AC000000 		.4byte	.LFE2
 1699 049d 3E000000 		.4byte	.LLST2
 1700 04a1 D7040000 		.4byte	0x4d7
 1701 04a5 12       		.uleb128 0x12
 1702 04a6 6D7000   		.ascii	"mp\000"
 1703 04a9 01       		.byte	0x1
 1704 04aa 79       		.byte	0x79
 1705 04ab 5E040000 		.4byte	0x45e
 1706 04af 5E000000 		.4byte	.LLST3
 1707 04b3 13       		.uleb128 0x13
 1708 04b4 63747000 		.ascii	"ctp\000"
 1709 04b8 01       		.byte	0x1
 1710 04b9 7A       		.byte	0x7a
 1711 04ba 53020000 		.4byte	0x253
 1712 04be 7C000000 		.4byte	.LLST4
 1713 04c2 14       		.uleb128 0x14
 1714 04c3 00000000 		.4byte	.Ldebug_ranges0+0x0
 1715 04c7 13       		.uleb128 0x13
 1716 04c8 747000   		.ascii	"tp\000"
 1717 04cb 01       		.byte	0x1
 1718 04cc 84       		.byte	0x84
 1719 04cd 53020000 		.4byte	0x253
 1720 04d1 9B000000 		.4byte	.LLST5
 1721 04d5 00       		.byte	0x0
 1722 04d6 00       		.byte	0x0
 1723 04d7 11       		.uleb128 0x11
 1724 04d8 01       		.byte	0x1
 1725 04d9 8E010000 		.4byte	.LASF67
 1726 04dd 01       		.byte	0x1
 1727 04de 67       		.byte	0x67
 1728 04df 01       		.byte	0x1
 1729 04e0 00000000 		.4byte	.LFB1
ARM GAS  /tmp/ccO2AfhS.s 			page 32


 1730 04e4 1C000000 		.4byte	.LFE1
 1731 04e8 D0000000 		.4byte	.LLST6
 1732 04ec FF040000 		.4byte	0x4ff
 1733 04f0 12       		.uleb128 0x12
 1734 04f1 6D7000   		.ascii	"mp\000"
 1735 04f4 01       		.byte	0x1
 1736 04f5 67       		.byte	0x67
 1737 04f6 5E040000 		.4byte	0x45e
 1738 04fa F0000000 		.4byte	.LLST7
 1739 04fe 00       		.byte	0x0
 1740 04ff 15       		.uleb128 0x15
 1741 0500 01       		.byte	0x1
 1742 0501 9E000000 		.4byte	.LASF68
 1743 0505 01       		.byte	0x1
 1744 0506 EA       		.byte	0xea
 1745 0507 01       		.byte	0x1
 1746 0508 9B000000 		.4byte	0x9b
 1747 050c 00000000 		.4byte	.LFB4
 1748 0510 30000000 		.4byte	.LFE4
 1749 0514 0E010000 		.4byte	.LLST8
 1750 0518 2B050000 		.4byte	0x52b
 1751 051c 12       		.uleb128 0x12
 1752 051d 6D7000   		.ascii	"mp\000"
 1753 0520 01       		.byte	0x1
 1754 0521 EA       		.byte	0xea
 1755 0522 5E040000 		.4byte	0x45e
 1756 0526 2E010000 		.4byte	.LLST9
 1757 052a 00       		.byte	0x0
 1758 052b 15       		.uleb128 0x15
 1759 052c 01       		.byte	0x1
 1760 052d 70010000 		.4byte	.LASF69
 1761 0531 01       		.byte	0x1
 1762 0532 CE       		.byte	0xce
 1763 0533 01       		.byte	0x1
 1764 0534 9B000000 		.4byte	0x9b
 1765 0538 00000000 		.4byte	.LFB3
 1766 053c 20000000 		.4byte	.LFE3
 1767 0540 4C010000 		.4byte	.LLST10
 1768 0544 64050000 		.4byte	0x564
 1769 0548 12       		.uleb128 0x12
 1770 0549 6D7000   		.ascii	"mp\000"
 1771 054c 01       		.byte	0x1
 1772 054d CE       		.byte	0xce
 1773 054e 5E040000 		.4byte	0x45e
 1774 0552 6C010000 		.4byte	.LLST11
 1775 0556 13       		.uleb128 0x13
 1776 0557 6200     		.ascii	"b\000"
 1777 0559 01       		.byte	0x1
 1778 055a CF       		.byte	0xcf
 1779 055b 9B000000 		.4byte	0x9b
 1780 055f 8A010000 		.4byte	.LLST12
 1781 0563 00       		.byte	0x0
 1782 0564 16       		.uleb128 0x16
 1783 0565 01       		.byte	0x1
 1784 0566 36000000 		.4byte	.LASF70
 1785 056a 01       		.byte	0x1
 1786 056b 0101     		.2byte	0x101
ARM GAS  /tmp/ccO2AfhS.s 			page 33


 1787 056d 01       		.byte	0x1
 1788 056e 5E040000 		.4byte	0x45e
 1789 0572 00000000 		.4byte	.LFB5
 1790 0576 80000000 		.4byte	.LFE5
 1791 057a A8010000 		.4byte	.LLST13
 1792 057e D9050000 		.4byte	0x5d9
 1793 0582 17       		.uleb128 0x17
 1794 0583 63747000 		.ascii	"ctp\000"
 1795 0587 01       		.byte	0x1
 1796 0588 0201     		.2byte	0x102
 1797 058a 53020000 		.4byte	0x253
 1798 058e C8010000 		.4byte	.LLST14
 1799 0592 17       		.uleb128 0x17
 1800 0593 756D7000 		.ascii	"ump\000"
 1801 0597 01       		.byte	0x1
 1802 0598 0301     		.2byte	0x103
 1803 059a 5E040000 		.4byte	0x45e
 1804 059e E7010000 		.4byte	.LLST15
 1805 05a2 17       		.uleb128 0x17
 1806 05a3 6D7000   		.ascii	"mp\000"
 1807 05a6 01       		.byte	0x1
 1808 05a7 0301     		.2byte	0x103
 1809 05a9 5E040000 		.4byte	0x45e
 1810 05ad 07020000 		.4byte	.LLST16
 1811 05b1 18       		.uleb128 0x18
 1812 05b2 32000000 		.4byte	.LBB4
 1813 05b6 62000000 		.4byte	.LBE4
 1814 05ba 19       		.uleb128 0x19
 1815 05bb 747000   		.ascii	"tp\000"
 1816 05be 01       		.byte	0x1
 1817 05bf 1201     		.2byte	0x112
 1818 05c1 53020000 		.4byte	0x253
 1819 05c5 01       		.byte	0x1
 1820 05c6 53       		.byte	0x53
 1821 05c7 1A       		.uleb128 0x1a
 1822 05c8 48010000 		.4byte	.LASF71
 1823 05cc 01       		.byte	0x1
 1824 05cd 1601     		.2byte	0x116
 1825 05cf C7000000 		.4byte	0xc7
 1826 05d3 35020000 		.4byte	.LLST17
 1827 05d7 00       		.byte	0x0
 1828 05d8 00       		.byte	0x0
 1829 05d9 16       		.uleb128 0x16
 1830 05da 01       		.byte	0x1
 1831 05db 4C020000 		.4byte	.LASF72
 1832 05df 01       		.byte	0x1
 1833 05e0 3D01     		.2byte	0x13d
 1834 05e2 01       		.byte	0x1
 1835 05e3 5E040000 		.4byte	0x45e
 1836 05e7 00000000 		.4byte	.LFB6
 1837 05eb 70000000 		.4byte	.LFE6
 1838 05ef 60020000 		.4byte	.LLST18
 1839 05f3 4E060000 		.4byte	0x64e
 1840 05f7 17       		.uleb128 0x17
 1841 05f8 63747000 		.ascii	"ctp\000"
 1842 05fc 01       		.byte	0x1
 1843 05fd 3E01     		.2byte	0x13e
ARM GAS  /tmp/ccO2AfhS.s 			page 34


 1844 05ff 53020000 		.4byte	0x253
 1845 0603 80020000 		.4byte	.LLST19
 1846 0607 17       		.uleb128 0x17
 1847 0608 756D7000 		.ascii	"ump\000"
 1848 060c 01       		.byte	0x1
 1849 060d 3F01     		.2byte	0x13f
 1850 060f 5E040000 		.4byte	0x45e
 1851 0613 9F020000 		.4byte	.LLST20
 1852 0617 17       		.uleb128 0x17
 1853 0618 6D7000   		.ascii	"mp\000"
 1854 061b 01       		.byte	0x1
 1855 061c 3F01     		.2byte	0x13f
 1856 061e 5E040000 		.4byte	0x45e
 1857 0622 BF020000 		.4byte	.LLST21
 1858 0626 18       		.uleb128 0x18
 1859 0627 2E000000 		.4byte	.LBB5
 1860 062b 5C000000 		.4byte	.LBE5
 1861 062f 19       		.uleb128 0x19
 1862 0630 747000   		.ascii	"tp\000"
 1863 0633 01       		.byte	0x1
 1864 0634 4F01     		.2byte	0x14f
 1865 0636 53020000 		.4byte	0x253
 1866 063a 01       		.byte	0x1
 1867 063b 53       		.byte	0x53
 1868 063c 1A       		.uleb128 0x1a
 1869 063d 48010000 		.4byte	.LASF71
 1870 0641 01       		.byte	0x1
 1871 0642 5301     		.2byte	0x153
 1872 0644 C7000000 		.4byte	0xc7
 1873 0648 ED020000 		.4byte	.LLST22
 1874 064c 00       		.byte	0x0
 1875 064d 00       		.byte	0x0
 1876 064e 1B       		.uleb128 0x1b
 1877 064f 01       		.byte	0x1
 1878 0650 39010000 		.4byte	.LASF73
 1879 0654 01       		.byte	0x1
 1880 0655 7601     		.2byte	0x176
 1881 0657 01       		.byte	0x1
 1882 0658 00000000 		.4byte	.LFB7
 1883 065c 54000000 		.4byte	.LFE7
 1884 0660 18030000 		.4byte	.LLST23
 1885 0664 AA060000 		.4byte	0x6aa
 1886 0668 17       		.uleb128 0x17
 1887 0669 63747000 		.ascii	"ctp\000"
 1888 066d 01       		.byte	0x1
 1889 066e 7701     		.2byte	0x177
 1890 0670 53020000 		.4byte	0x253
 1891 0674 38030000 		.4byte	.LLST24
 1892 0678 18       		.uleb128 0x18
 1893 0679 12000000 		.4byte	.LBB6
 1894 067d 36000000 		.4byte	.LBE6
 1895 0681 17       		.uleb128 0x17
 1896 0682 756D7000 		.ascii	"ump\000"
 1897 0686 01       		.byte	0x1
 1898 0687 7C01     		.2byte	0x17c
 1899 0689 5E040000 		.4byte	0x45e
 1900 068d 57030000 		.4byte	.LLST25
ARM GAS  /tmp/ccO2AfhS.s 			page 35


 1901 0691 18       		.uleb128 0x18
 1902 0692 1E000000 		.4byte	.LBB7
 1903 0696 32000000 		.4byte	.LBE7
 1904 069a 19       		.uleb128 0x19
 1905 069b 747000   		.ascii	"tp\000"
 1906 069e 01       		.byte	0x1
 1907 069f 7F01     		.2byte	0x17f
 1908 06a1 53020000 		.4byte	0x253
 1909 06a5 01       		.byte	0x1
 1910 06a6 53       		.byte	0x53
 1911 06a7 00       		.byte	0x0
 1912 06a8 00       		.byte	0x0
 1913 06a9 00       		.byte	0x0
 1914 06aa 1C       		.uleb128 0x1c
 1915 06ab DD020000 		.4byte	.LASF74
 1916 06af 07       		.byte	0x7
 1917 06b0 72       		.byte	0x72
 1918 06b1 BE030000 		.4byte	0x3be
 1919 06b5 01       		.byte	0x1
 1920 06b6 01       		.byte	0x1
 1921 06b7 1C       		.uleb128 0x1c
 1922 06b8 DD020000 		.4byte	.LASF74
 1923 06bc 07       		.byte	0x7
 1924 06bd 72       		.byte	0x72
 1925 06be BE030000 		.4byte	0x3be
 1926 06c2 01       		.byte	0x1
 1927 06c3 01       		.byte	0x1
 1928 06c4 00       		.byte	0x0
 1929              		.section	.debug_abbrev
 1930 0000 01       		.uleb128 0x1
 1931 0001 11       		.uleb128 0x11
 1932 0002 01       		.byte	0x1
 1933 0003 25       		.uleb128 0x25
 1934 0004 0E       		.uleb128 0xe
 1935 0005 13       		.uleb128 0x13
 1936 0006 0B       		.uleb128 0xb
 1937 0007 03       		.uleb128 0x3
 1938 0008 0E       		.uleb128 0xe
 1939 0009 1B       		.uleb128 0x1b
 1940 000a 0E       		.uleb128 0xe
 1941 000b 11       		.uleb128 0x11
 1942 000c 01       		.uleb128 0x1
 1943 000d 52       		.uleb128 0x52
 1944 000e 01       		.uleb128 0x1
 1945 000f 55       		.uleb128 0x55
 1946 0010 06       		.uleb128 0x6
 1947 0011 10       		.uleb128 0x10
 1948 0012 06       		.uleb128 0x6
 1949 0013 00       		.byte	0x0
 1950 0014 00       		.byte	0x0
 1951 0015 02       		.uleb128 0x2
 1952 0016 24       		.uleb128 0x24
 1953 0017 00       		.byte	0x0
 1954 0018 0B       		.uleb128 0xb
 1955 0019 0B       		.uleb128 0xb
 1956 001a 3E       		.uleb128 0x3e
 1957 001b 0B       		.uleb128 0xb
ARM GAS  /tmp/ccO2AfhS.s 			page 36


 1958 001c 03       		.uleb128 0x3
 1959 001d 08       		.uleb128 0x8
 1960 001e 00       		.byte	0x0
 1961 001f 00       		.byte	0x0
 1962 0020 03       		.uleb128 0x3
 1963 0021 24       		.uleb128 0x24
 1964 0022 00       		.byte	0x0
 1965 0023 0B       		.uleb128 0xb
 1966 0024 0B       		.uleb128 0xb
 1967 0025 3E       		.uleb128 0x3e
 1968 0026 0B       		.uleb128 0xb
 1969 0027 03       		.uleb128 0x3
 1970 0028 0E       		.uleb128 0xe
 1971 0029 00       		.byte	0x0
 1972 002a 00       		.byte	0x0
 1973 002b 04       		.uleb128 0x4
 1974 002c 16       		.uleb128 0x16
 1975 002d 00       		.byte	0x0
 1976 002e 03       		.uleb128 0x3
 1977 002f 0E       		.uleb128 0xe
 1978 0030 3A       		.uleb128 0x3a
 1979 0031 0B       		.uleb128 0xb
 1980 0032 3B       		.uleb128 0x3b
 1981 0033 0B       		.uleb128 0xb
 1982 0034 49       		.uleb128 0x49
 1983 0035 13       		.uleb128 0x13
 1984 0036 00       		.byte	0x0
 1985 0037 00       		.byte	0x0
 1986 0038 05       		.uleb128 0x5
 1987 0039 13       		.uleb128 0x13
 1988 003a 01       		.byte	0x1
 1989 003b 03       		.uleb128 0x3
 1990 003c 0E       		.uleb128 0xe
 1991 003d 0B       		.uleb128 0xb
 1992 003e 0B       		.uleb128 0xb
 1993 003f 3A       		.uleb128 0x3a
 1994 0040 0B       		.uleb128 0xb
 1995 0041 3B       		.uleb128 0x3b
 1996 0042 0B       		.uleb128 0xb
 1997 0043 01       		.uleb128 0x1
 1998 0044 13       		.uleb128 0x13
 1999 0045 00       		.byte	0x0
 2000 0046 00       		.byte	0x0
 2001 0047 06       		.uleb128 0x6
 2002 0048 0D       		.uleb128 0xd
 2003 0049 00       		.byte	0x0
 2004 004a 03       		.uleb128 0x3
 2005 004b 0E       		.uleb128 0xe
 2006 004c 3A       		.uleb128 0x3a
 2007 004d 0B       		.uleb128 0xb
 2008 004e 3B       		.uleb128 0x3b
 2009 004f 0B       		.uleb128 0xb
 2010 0050 49       		.uleb128 0x49
 2011 0051 13       		.uleb128 0x13
 2012 0052 38       		.uleb128 0x38
 2013 0053 0A       		.uleb128 0xa
 2014 0054 00       		.byte	0x0
ARM GAS  /tmp/ccO2AfhS.s 			page 37


 2015 0055 00       		.byte	0x0
 2016 0056 07       		.uleb128 0x7
 2017 0057 0D       		.uleb128 0xd
 2018 0058 00       		.byte	0x0
 2019 0059 03       		.uleb128 0x3
 2020 005a 08       		.uleb128 0x8
 2021 005b 3A       		.uleb128 0x3a
 2022 005c 0B       		.uleb128 0xb
 2023 005d 3B       		.uleb128 0x3b
 2024 005e 0B       		.uleb128 0xb
 2025 005f 49       		.uleb128 0x49
 2026 0060 13       		.uleb128 0x13
 2027 0061 38       		.uleb128 0x38
 2028 0062 0A       		.uleb128 0xa
 2029 0063 00       		.byte	0x0
 2030 0064 00       		.byte	0x0
 2031 0065 08       		.uleb128 0x8
 2032 0066 13       		.uleb128 0x13
 2033 0067 01       		.byte	0x1
 2034 0068 0B       		.uleb128 0xb
 2035 0069 0B       		.uleb128 0xb
 2036 006a 3A       		.uleb128 0x3a
 2037 006b 0B       		.uleb128 0xb
 2038 006c 3B       		.uleb128 0x3b
 2039 006d 0B       		.uleb128 0xb
 2040 006e 01       		.uleb128 0x1
 2041 006f 13       		.uleb128 0x13
 2042 0070 00       		.byte	0x0
 2043 0071 00       		.byte	0x0
 2044 0072 09       		.uleb128 0x9
 2045 0073 0F       		.uleb128 0xf
 2046 0074 00       		.byte	0x0
 2047 0075 0B       		.uleb128 0xb
 2048 0076 0B       		.uleb128 0xb
 2049 0077 49       		.uleb128 0x49
 2050 0078 13       		.uleb128 0x13
 2051 0079 00       		.byte	0x0
 2052 007a 00       		.byte	0x0
 2053 007b 0A       		.uleb128 0xa
 2054 007c 0F       		.uleb128 0xf
 2055 007d 00       		.byte	0x0
 2056 007e 0B       		.uleb128 0xb
 2057 007f 0B       		.uleb128 0xb
 2058 0080 00       		.byte	0x0
 2059 0081 00       		.byte	0x0
 2060 0082 0B       		.uleb128 0xb
 2061 0083 0D       		.uleb128 0xd
 2062 0084 00       		.byte	0x0
 2063 0085 03       		.uleb128 0x3
 2064 0086 08       		.uleb128 0x8
 2065 0087 3A       		.uleb128 0x3a
 2066 0088 0B       		.uleb128 0xb
 2067 0089 3B       		.uleb128 0x3b
 2068 008a 05       		.uleb128 0x5
 2069 008b 49       		.uleb128 0x49
 2070 008c 13       		.uleb128 0x13
 2071 008d 38       		.uleb128 0x38
ARM GAS  /tmp/ccO2AfhS.s 			page 38


 2072 008e 0A       		.uleb128 0xa
 2073 008f 00       		.byte	0x0
 2074 0090 00       		.byte	0x0
 2075 0091 0C       		.uleb128 0xc
 2076 0092 13       		.uleb128 0x13
 2077 0093 01       		.byte	0x1
 2078 0094 03       		.uleb128 0x3
 2079 0095 0E       		.uleb128 0xe
 2080 0096 0B       		.uleb128 0xb
 2081 0097 0B       		.uleb128 0xb
 2082 0098 3A       		.uleb128 0x3a
 2083 0099 0B       		.uleb128 0xb
 2084 009a 3B       		.uleb128 0x3b
 2085 009b 05       		.uleb128 0x5
 2086 009c 01       		.uleb128 0x1
 2087 009d 13       		.uleb128 0x13
 2088 009e 00       		.byte	0x0
 2089 009f 00       		.byte	0x0
 2090 00a0 0D       		.uleb128 0xd
 2091 00a1 35       		.uleb128 0x35
 2092 00a2 00       		.byte	0x0
 2093 00a3 49       		.uleb128 0x49
 2094 00a4 13       		.uleb128 0x13
 2095 00a5 00       		.byte	0x0
 2096 00a6 00       		.byte	0x0
 2097 00a7 0E       		.uleb128 0xe
 2098 00a8 17       		.uleb128 0x17
 2099 00a9 01       		.byte	0x1
 2100 00aa 0B       		.uleb128 0xb
 2101 00ab 0B       		.uleb128 0xb
 2102 00ac 3A       		.uleb128 0x3a
 2103 00ad 0B       		.uleb128 0xb
 2104 00ae 3B       		.uleb128 0x3b
 2105 00af 0B       		.uleb128 0xb
 2106 00b0 01       		.uleb128 0x1
 2107 00b1 13       		.uleb128 0x13
 2108 00b2 00       		.byte	0x0
 2109 00b3 00       		.byte	0x0
 2110 00b4 0F       		.uleb128 0xf
 2111 00b5 0D       		.uleb128 0xd
 2112 00b6 00       		.byte	0x0
 2113 00b7 03       		.uleb128 0x3
 2114 00b8 0E       		.uleb128 0xe
 2115 00b9 3A       		.uleb128 0x3a
 2116 00ba 0B       		.uleb128 0xb
 2117 00bb 3B       		.uleb128 0x3b
 2118 00bc 0B       		.uleb128 0xb
 2119 00bd 49       		.uleb128 0x49
 2120 00be 13       		.uleb128 0x13
 2121 00bf 00       		.byte	0x0
 2122 00c0 00       		.byte	0x0
 2123 00c1 10       		.uleb128 0x10
 2124 00c2 26       		.uleb128 0x26
 2125 00c3 00       		.byte	0x0
 2126 00c4 49       		.uleb128 0x49
 2127 00c5 13       		.uleb128 0x13
 2128 00c6 00       		.byte	0x0
ARM GAS  /tmp/ccO2AfhS.s 			page 39


 2129 00c7 00       		.byte	0x0
 2130 00c8 11       		.uleb128 0x11
 2131 00c9 2E       		.uleb128 0x2e
 2132 00ca 01       		.byte	0x1
 2133 00cb 3F       		.uleb128 0x3f
 2134 00cc 0C       		.uleb128 0xc
 2135 00cd 03       		.uleb128 0x3
 2136 00ce 0E       		.uleb128 0xe
 2137 00cf 3A       		.uleb128 0x3a
 2138 00d0 0B       		.uleb128 0xb
 2139 00d1 3B       		.uleb128 0x3b
 2140 00d2 0B       		.uleb128 0xb
 2141 00d3 27       		.uleb128 0x27
 2142 00d4 0C       		.uleb128 0xc
 2143 00d5 11       		.uleb128 0x11
 2144 00d6 01       		.uleb128 0x1
 2145 00d7 12       		.uleb128 0x12
 2146 00d8 01       		.uleb128 0x1
 2147 00d9 40       		.uleb128 0x40
 2148 00da 06       		.uleb128 0x6
 2149 00db 01       		.uleb128 0x1
 2150 00dc 13       		.uleb128 0x13
 2151 00dd 00       		.byte	0x0
 2152 00de 00       		.byte	0x0
 2153 00df 12       		.uleb128 0x12
 2154 00e0 05       		.uleb128 0x5
 2155 00e1 00       		.byte	0x0
 2156 00e2 03       		.uleb128 0x3
 2157 00e3 08       		.uleb128 0x8
 2158 00e4 3A       		.uleb128 0x3a
 2159 00e5 0B       		.uleb128 0xb
 2160 00e6 3B       		.uleb128 0x3b
 2161 00e7 0B       		.uleb128 0xb
 2162 00e8 49       		.uleb128 0x49
 2163 00e9 13       		.uleb128 0x13
 2164 00ea 02       		.uleb128 0x2
 2165 00eb 06       		.uleb128 0x6
 2166 00ec 00       		.byte	0x0
 2167 00ed 00       		.byte	0x0
 2168 00ee 13       		.uleb128 0x13
 2169 00ef 34       		.uleb128 0x34
 2170 00f0 00       		.byte	0x0
 2171 00f1 03       		.uleb128 0x3
 2172 00f2 08       		.uleb128 0x8
 2173 00f3 3A       		.uleb128 0x3a
 2174 00f4 0B       		.uleb128 0xb
 2175 00f5 3B       		.uleb128 0x3b
 2176 00f6 0B       		.uleb128 0xb
 2177 00f7 49       		.uleb128 0x49
 2178 00f8 13       		.uleb128 0x13
 2179 00f9 02       		.uleb128 0x2
 2180 00fa 06       		.uleb128 0x6
 2181 00fb 00       		.byte	0x0
 2182 00fc 00       		.byte	0x0
 2183 00fd 14       		.uleb128 0x14
 2184 00fe 0B       		.uleb128 0xb
 2185 00ff 01       		.byte	0x1
ARM GAS  /tmp/ccO2AfhS.s 			page 40


 2186 0100 55       		.uleb128 0x55
 2187 0101 06       		.uleb128 0x6
 2188 0102 00       		.byte	0x0
 2189 0103 00       		.byte	0x0
 2190 0104 15       		.uleb128 0x15
 2191 0105 2E       		.uleb128 0x2e
 2192 0106 01       		.byte	0x1
 2193 0107 3F       		.uleb128 0x3f
 2194 0108 0C       		.uleb128 0xc
 2195 0109 03       		.uleb128 0x3
 2196 010a 0E       		.uleb128 0xe
 2197 010b 3A       		.uleb128 0x3a
 2198 010c 0B       		.uleb128 0xb
 2199 010d 3B       		.uleb128 0x3b
 2200 010e 0B       		.uleb128 0xb
 2201 010f 27       		.uleb128 0x27
 2202 0110 0C       		.uleb128 0xc
 2203 0111 49       		.uleb128 0x49
 2204 0112 13       		.uleb128 0x13
 2205 0113 11       		.uleb128 0x11
 2206 0114 01       		.uleb128 0x1
 2207 0115 12       		.uleb128 0x12
 2208 0116 01       		.uleb128 0x1
 2209 0117 40       		.uleb128 0x40
 2210 0118 06       		.uleb128 0x6
 2211 0119 01       		.uleb128 0x1
 2212 011a 13       		.uleb128 0x13
 2213 011b 00       		.byte	0x0
 2214 011c 00       		.byte	0x0
 2215 011d 16       		.uleb128 0x16
 2216 011e 2E       		.uleb128 0x2e
 2217 011f 01       		.byte	0x1
 2218 0120 3F       		.uleb128 0x3f
 2219 0121 0C       		.uleb128 0xc
 2220 0122 03       		.uleb128 0x3
 2221 0123 0E       		.uleb128 0xe
 2222 0124 3A       		.uleb128 0x3a
 2223 0125 0B       		.uleb128 0xb
 2224 0126 3B       		.uleb128 0x3b
 2225 0127 05       		.uleb128 0x5
 2226 0128 27       		.uleb128 0x27
 2227 0129 0C       		.uleb128 0xc
 2228 012a 49       		.uleb128 0x49
 2229 012b 13       		.uleb128 0x13
 2230 012c 11       		.uleb128 0x11
 2231 012d 01       		.uleb128 0x1
 2232 012e 12       		.uleb128 0x12
 2233 012f 01       		.uleb128 0x1
 2234 0130 40       		.uleb128 0x40
 2235 0131 06       		.uleb128 0x6
 2236 0132 01       		.uleb128 0x1
 2237 0133 13       		.uleb128 0x13
 2238 0134 00       		.byte	0x0
 2239 0135 00       		.byte	0x0
 2240 0136 17       		.uleb128 0x17
 2241 0137 34       		.uleb128 0x34
 2242 0138 00       		.byte	0x0
ARM GAS  /tmp/ccO2AfhS.s 			page 41


 2243 0139 03       		.uleb128 0x3
 2244 013a 08       		.uleb128 0x8
 2245 013b 3A       		.uleb128 0x3a
 2246 013c 0B       		.uleb128 0xb
 2247 013d 3B       		.uleb128 0x3b
 2248 013e 05       		.uleb128 0x5
 2249 013f 49       		.uleb128 0x49
 2250 0140 13       		.uleb128 0x13
 2251 0141 02       		.uleb128 0x2
 2252 0142 06       		.uleb128 0x6
 2253 0143 00       		.byte	0x0
 2254 0144 00       		.byte	0x0
 2255 0145 18       		.uleb128 0x18
 2256 0146 0B       		.uleb128 0xb
 2257 0147 01       		.byte	0x1
 2258 0148 11       		.uleb128 0x11
 2259 0149 01       		.uleb128 0x1
 2260 014a 12       		.uleb128 0x12
 2261 014b 01       		.uleb128 0x1
 2262 014c 00       		.byte	0x0
 2263 014d 00       		.byte	0x0
 2264 014e 19       		.uleb128 0x19
 2265 014f 34       		.uleb128 0x34
 2266 0150 00       		.byte	0x0
 2267 0151 03       		.uleb128 0x3
 2268 0152 08       		.uleb128 0x8
 2269 0153 3A       		.uleb128 0x3a
 2270 0154 0B       		.uleb128 0xb
 2271 0155 3B       		.uleb128 0x3b
 2272 0156 05       		.uleb128 0x5
 2273 0157 49       		.uleb128 0x49
 2274 0158 13       		.uleb128 0x13
 2275 0159 02       		.uleb128 0x2
 2276 015a 0A       		.uleb128 0xa
 2277 015b 00       		.byte	0x0
 2278 015c 00       		.byte	0x0
 2279 015d 1A       		.uleb128 0x1a
 2280 015e 34       		.uleb128 0x34
 2281 015f 00       		.byte	0x0
 2282 0160 03       		.uleb128 0x3
 2283 0161 0E       		.uleb128 0xe
 2284 0162 3A       		.uleb128 0x3a
 2285 0163 0B       		.uleb128 0xb
 2286 0164 3B       		.uleb128 0x3b
 2287 0165 05       		.uleb128 0x5
 2288 0166 49       		.uleb128 0x49
 2289 0167 13       		.uleb128 0x13
 2290 0168 02       		.uleb128 0x2
 2291 0169 06       		.uleb128 0x6
 2292 016a 00       		.byte	0x0
 2293 016b 00       		.byte	0x0
 2294 016c 1B       		.uleb128 0x1b
 2295 016d 2E       		.uleb128 0x2e
 2296 016e 01       		.byte	0x1
 2297 016f 3F       		.uleb128 0x3f
 2298 0170 0C       		.uleb128 0xc
 2299 0171 03       		.uleb128 0x3
ARM GAS  /tmp/ccO2AfhS.s 			page 42


 2300 0172 0E       		.uleb128 0xe
 2301 0173 3A       		.uleb128 0x3a
 2302 0174 0B       		.uleb128 0xb
 2303 0175 3B       		.uleb128 0x3b
 2304 0176 05       		.uleb128 0x5
 2305 0177 27       		.uleb128 0x27
 2306 0178 0C       		.uleb128 0xc
 2307 0179 11       		.uleb128 0x11
 2308 017a 01       		.uleb128 0x1
 2309 017b 12       		.uleb128 0x12
 2310 017c 01       		.uleb128 0x1
 2311 017d 40       		.uleb128 0x40
 2312 017e 06       		.uleb128 0x6
 2313 017f 01       		.uleb128 0x1
 2314 0180 13       		.uleb128 0x13
 2315 0181 00       		.byte	0x0
 2316 0182 00       		.byte	0x0
 2317 0183 1C       		.uleb128 0x1c
 2318 0184 34       		.uleb128 0x34
 2319 0185 00       		.byte	0x0
 2320 0186 03       		.uleb128 0x3
 2321 0187 0E       		.uleb128 0xe
 2322 0188 3A       		.uleb128 0x3a
 2323 0189 0B       		.uleb128 0xb
 2324 018a 3B       		.uleb128 0x3b
 2325 018b 0B       		.uleb128 0xb
 2326 018c 49       		.uleb128 0x49
 2327 018d 13       		.uleb128 0x13
 2328 018e 3F       		.uleb128 0x3f
 2329 018f 0C       		.uleb128 0xc
 2330 0190 3C       		.uleb128 0x3c
 2331 0191 0C       		.uleb128 0xc
 2332 0192 00       		.byte	0x0
 2333 0193 00       		.byte	0x0
 2334 0194 00       		.byte	0x0
 2335              		.section	.debug_pubnames,"",%progbits
 2336 0000 90000000 		.4byte	0x90
 2337 0004 0200     		.2byte	0x2
 2338 0006 00000000 		.4byte	.Ldebug_info0
 2339 000a C5060000 		.4byte	0x6c5
 2340 000e 64040000 		.4byte	0x464
 2341 0012 63684D74 		.ascii	"chMtxInit\000"
 2341      78496E69 
 2341      7400
 2342 001c 8C040000 		.4byte	0x48c
 2343 0020 63684D74 		.ascii	"chMtxLockS\000"
 2343      784C6F63 
 2343      6B5300
 2344 002b D7040000 		.4byte	0x4d7
 2345 002f 63684D74 		.ascii	"chMtxLock\000"
 2345      784C6F63 
 2345      6B00
 2346 0039 FF040000 		.4byte	0x4ff
 2347 003d 63684D74 		.ascii	"chMtxTryLockS\000"
 2347      78547279 
 2347      4C6F636B 
 2347      5300
ARM GAS  /tmp/ccO2AfhS.s 			page 43


 2348 004b 2B050000 		.4byte	0x52b
 2349 004f 63684D74 		.ascii	"chMtxTryLock\000"
 2349      78547279 
 2349      4C6F636B 
 2349      00
 2350 005c 64050000 		.4byte	0x564
 2351 0060 63684D74 		.ascii	"chMtxUnlock\000"
 2351      78556E6C 
 2351      6F636B00 
 2352 006c D9050000 		.4byte	0x5d9
 2353 0070 63684D74 		.ascii	"chMtxUnlockS\000"
 2353      78556E6C 
 2353      6F636B53 
 2353      00
 2354 007d 4E060000 		.4byte	0x64e
 2355 0081 63684D74 		.ascii	"chMtxUnlockAll\000"
 2355      78556E6C 
 2355      6F636B41 
 2355      6C6C00
 2356 0090 00000000 		.4byte	0x0
 2357              		.section	.debug_pubtypes,"",%progbits
 2358 0000 3A010000 		.4byte	0x13a
 2359 0004 0200     		.2byte	0x2
 2360 0006 00000000 		.4byte	.Ldebug_info0
 2361 000a C5060000 		.4byte	0x6c5
 2362 000e 3E000000 		.4byte	0x3e
 2363 0012 75696E74 		.ascii	"uint8_t\000"
 2363      385F7400 
 2364 001a 5E000000 		.4byte	0x5e
 2365 001e 696E7433 		.ascii	"int32_t\000"
 2365      325F7400 
 2366 0026 70000000 		.4byte	0x70
 2367 002a 75696E74 		.ascii	"uint32_t\000"
 2367      33325F74 
 2367      00
 2368 0033 89000000 		.4byte	0x89
 2369 0037 75696E74 		.ascii	"uint64_t\000"
 2369      36345F74 
 2369      00
 2370 0040 9B000000 		.4byte	0x9b
 2371 0044 626F6F6C 		.ascii	"bool_t\000"
 2371      5F7400
 2372 004b A6000000 		.4byte	0xa6
 2373 004f 746D6F64 		.ascii	"tmode_t\000"
 2373      655F7400 
 2374 0057 B1000000 		.4byte	0xb1
 2375 005b 74737461 		.ascii	"tstate_t\000"
 2375      74655F74 
 2375      00
 2376 0064 BC000000 		.4byte	0xbc
 2377 0068 74726566 		.ascii	"trefs_t\000"
 2377      735F7400 
 2378 0070 C7000000 		.4byte	0xc7
 2379 0074 74707269 		.ascii	"tprio_t\000"
 2379      6F5F7400 
 2380 007c D2000000 		.4byte	0xd2
 2381 0080 6D73675F 		.ascii	"msg_t\000"
ARM GAS  /tmp/ccO2AfhS.s 			page 44


 2381      7400
 2382 0086 DD000000 		.4byte	0xdd
 2383 008a 6576656E 		.ascii	"eventmask_t\000"
 2383      746D6173 
 2383      6B5F7400 
 2384 0096 E8000000 		.4byte	0xe8
 2385 009a 73797374 		.ascii	"systime_t\000"
 2385      696D655F 
 2385      7400
 2386 00a4 F3000000 		.4byte	0xf3
 2387 00a8 636E745F 		.ascii	"cnt_t\000"
 2387      7400
 2388 00ae FE000000 		.4byte	0xfe
 2389 00b2 54687265 		.ascii	"Thread\000"
 2389      616400
 2390 00b9 59020000 		.4byte	0x259
 2391 00bd 54687265 		.ascii	"ThreadsQueue\000"
 2391      61647351 
 2391      75657565 
 2391      00
 2392 00ca 7B020000 		.4byte	0x27b
 2393 00ce 54687265 		.ascii	"ThreadsList\000"
 2393      6164734C 
 2393      69737400 
 2394 00da 86020000 		.4byte	0x286
 2395 00de 72656761 		.ascii	"regarm_t\000"
 2395      726D5F74 
 2395      00
 2396 00e7 93020000 		.4byte	0x293
 2397 00eb 73746B61 		.ascii	"stkalign_t\000"
 2397      6C69676E 
 2397      5F7400
 2398 00f6 9E020000 		.4byte	0x29e
 2399 00fa 696E7463 		.ascii	"intctx\000"
 2399      747800
 2400 0101 2B030000 		.4byte	0x32b
 2401 0105 636F6E74 		.ascii	"context\000"
 2401      65787400 
 2402 010d BE030000 		.4byte	0x3be
 2403 0111 52656164 		.ascii	"ReadyList\000"
 2403      794C6973 
 2403      7400
 2404 011b C9030000 		.4byte	0x3c9
 2405 011f 4D757465 		.ascii	"Mutex\000"
 2405      7800
 2406 0125 06040000 		.4byte	0x406
 2407 0129 4D757465 		.ascii	"Mutex\000"
 2407      7800
 2408 012f 09010000 		.4byte	0x109
 2409 0133 54687265 		.ascii	"Thread\000"
 2409      616400
 2410 013a 00000000 		.4byte	0x0
 2411              		.section	.debug_aranges,"",%progbits
 2412 0000 54000000 		.4byte	0x54
 2413 0004 0200     		.2byte	0x2
 2414 0006 00000000 		.4byte	.Ldebug_info0
 2415 000a 04       		.byte	0x4
ARM GAS  /tmp/ccO2AfhS.s 			page 45


 2416 000b 00       		.byte	0x0
 2417 000c 0000     		.2byte	0x0
 2418 000e 0000     		.2byte	0x0
 2419 0010 00000000 		.4byte	.LFB0
 2420 0014 1C000000 		.4byte	.LFE0-.LFB0
 2421 0018 00000000 		.4byte	.LFB2
 2422 001c AC000000 		.4byte	.LFE2-.LFB2
 2423 0020 00000000 		.4byte	.LFB1
 2424 0024 1C000000 		.4byte	.LFE1-.LFB1
 2425 0028 00000000 		.4byte	.LFB4
 2426 002c 30000000 		.4byte	.LFE4-.LFB4
 2427 0030 00000000 		.4byte	.LFB3
 2428 0034 20000000 		.4byte	.LFE3-.LFB3
 2429 0038 00000000 		.4byte	.LFB5
 2430 003c 80000000 		.4byte	.LFE5-.LFB5
 2431 0040 00000000 		.4byte	.LFB6
 2432 0044 70000000 		.4byte	.LFE6-.LFB6
 2433 0048 00000000 		.4byte	.LFB7
 2434 004c 54000000 		.4byte	.LFE7-.LFB7
 2435 0050 00000000 		.4byte	0x0
 2436 0054 00000000 		.4byte	0x0
 2437              		.section	.debug_ranges,"",%progbits
 2438              	.Ldebug_ranges0:
 2439 0000 1A000000 		.4byte	.LBB2
 2440 0004 8A000000 		.4byte	.LBE2
 2441 0008 8E000000 		.4byte	.LBB3
 2442 000c 92000000 		.4byte	.LBE3
 2443 0010 00000000 		.4byte	0x0
 2444 0014 00000000 		.4byte	0x0
 2445 0018 00000000 		.4byte	.LFB0
 2446 001c 1C000000 		.4byte	.LFE0
 2447 0020 00000000 		.4byte	.LFB2
 2448 0024 AC000000 		.4byte	.LFE2
 2449 0028 00000000 		.4byte	.LFB1
 2450 002c 1C000000 		.4byte	.LFE1
 2451 0030 00000000 		.4byte	.LFB4
 2452 0034 30000000 		.4byte	.LFE4
 2453 0038 00000000 		.4byte	.LFB3
 2454 003c 20000000 		.4byte	.LFE3
 2455 0040 00000000 		.4byte	.LFB5
 2456 0044 80000000 		.4byte	.LFE5
 2457 0048 00000000 		.4byte	.LFB6
 2458 004c 70000000 		.4byte	.LFE6
 2459 0050 00000000 		.4byte	.LFB7
 2460 0054 54000000 		.4byte	.LFE7
 2461 0058 00000000 		.4byte	0x0
 2462 005c 00000000 		.4byte	0x0
 2463              		.section	.debug_str,"MS",%progbits,1
 2464              	.LASF37:
 2465 0000 705F6D73 		.ascii	"p_msg\000"
 2465      6700
 2466              	.LASF60:
 2467 0006 7264796D 		.ascii	"rdymsg\000"
 2467      736700
 2468              	.LASF11:
 2469 000d 75696E74 		.ascii	"uint64_t\000"
 2469      36345F74 
ARM GAS  /tmp/ccO2AfhS.s 			page 46


 2469      00
 2470              	.LASF12:
 2471 0016 6C6F6E67 		.ascii	"long long unsigned int\000"
 2471      206C6F6E 
 2471      6720756E 
 2471      7369676E 
 2471      65642069 
 2472              	.LASF61:
 2473 002d 65786974 		.ascii	"exitcode\000"
 2473      636F6465 
 2473      00
 2474              	.LASF70:
 2475 0036 63684D74 		.ascii	"chMtxUnlock\000"
 2475      78556E6C 
 2475      6F636B00 
 2476              	.LASF25:
 2477 0042 705F7072 		.ascii	"p_prio\000"
 2477      696F00
 2478              	.LASF10:
 2479 0049 6C6F6E67 		.ascii	"long long int\000"
 2479      206C6F6E 
 2479      6720696E 
 2479      7400
 2480              	.LASF1:
 2481 0057 7369676E 		.ascii	"signed char\000"
 2481      65642063 
 2481      68617200 
 2482              	.LASF41:
 2483 0063 705F6D70 		.ascii	"p_mpool\000"
 2483      6F6F6C00 
 2484              	.LASF13:
 2485 006b 626F6F6C 		.ascii	"bool_t\000"
 2485      5F7400
 2486              	.LASF57:
 2487 0072 6D5F7175 		.ascii	"m_queue\000"
 2487      65756500 
 2488              	.LASF62:
 2489 007a 77746F62 		.ascii	"wtobjp\000"
 2489      6A7000
 2490              	.LASF7:
 2491 0081 6C6F6E67 		.ascii	"long int\000"
 2491      20696E74 
 2491      00
 2492              	.LASF15:
 2493 008a 74737461 		.ascii	"tstate_t\000"
 2493      74655F74 
 2493      00
 2494              	.LASF66:
 2495 0093 63684D74 		.ascii	"chMtxLockS\000"
 2495      784C6F63 
 2495      6B5300
 2496              	.LASF68:
 2497 009e 63684D74 		.ascii	"chMtxTryLockS\000"
 2497      78547279 
 2497      4C6F636B 
 2497      5300
 2498              	.LASF27:
ARM GAS  /tmp/ccO2AfhS.s 			page 47


 2499 00ac 705F6E65 		.ascii	"p_newer\000"
 2499      77657200 
 2500              	.LASF51:
 2501 00b4 725F6E65 		.ascii	"r_newer\000"
 2501      77657200 
 2502              	.LASF44:
 2503 00bc 72656761 		.ascii	"regarm_t\000"
 2503      726D5F74 
 2503      00
 2504              	.LASF21:
 2505 00c5 636E745F 		.ascii	"cnt_t\000"
 2505      7400
 2506              	.LASF30:
 2507 00cb 705F7374 		.ascii	"p_stklimit\000"
 2507      6B6C696D 
 2507      697400
 2508              	.LASF0:
 2509 00d6 756E7369 		.ascii	"unsigned int\000"
 2509      676E6564 
 2509      20696E74 
 2509      00
 2510              	.LASF9:
 2511 00e3 6C6F6E67 		.ascii	"long unsigned int\000"
 2511      20756E73 
 2511      69676E65 
 2511      6420696E 
 2511      7400
 2512              	.LASF47:
 2513 00f5 636F6E74 		.ascii	"context\000"
 2513      65787400 
 2514              	.LASF77:
 2515 00fd 2F686F6D 		.ascii	"/home/z80/projects/dfu.git/firmware-pawn-dev/firmwa"
 2515      652F7A38 
 2515      302F7072 
 2515      6F6A6563 
 2515      74732F64 
 2516 0130 726500   		.ascii	"re\000"
 2517              	.LASF18:
 2518 0133 6D73675F 		.ascii	"msg_t\000"
 2518      7400
 2519              	.LASF73:
 2520 0139 63684D74 		.ascii	"chMtxUnlockAll\000"
 2520      78556E6C 
 2520      6F636B41 
 2520      6C6C00
 2521              	.LASF71:
 2522 0148 6E657770 		.ascii	"newprio\000"
 2522      72696F00 
 2523              	.LASF14:
 2524 0150 746D6F64 		.ascii	"tmode_t\000"
 2524      655F7400 
 2525              	.LASF43:
 2526 0158 54687265 		.ascii	"ThreadsList\000"
 2526      6164734C 
 2526      69737400 
 2527              	.LASF19:
 2528 0164 6576656E 		.ascii	"eventmask_t\000"
ARM GAS  /tmp/ccO2AfhS.s 			page 48


 2528      746D6173 
 2528      6B5F7400 
 2529              	.LASF69:
 2530 0170 63684D74 		.ascii	"chMtxTryLock\000"
 2530      78547279 
 2530      4C6F636B 
 2530      00
 2531              	.LASF56:
 2532 017d 4D757465 		.ascii	"Mutex\000"
 2532      7800
 2533              	.LASF45:
 2534 0183 73746B61 		.ascii	"stkalign_t\000"
 2534      6C69676E 
 2534      5F7400
 2535              	.LASF67:
 2536 018e 63684D74 		.ascii	"chMtxLock\000"
 2536      784C6F63 
 2536      6B00
 2537              	.LASF28:
 2538 0198 705F6F6C 		.ascii	"p_older\000"
 2538      64657200 
 2539              	.LASF50:
 2540 01a0 725F6374 		.ascii	"r_ctx\000"
 2540      7800
 2541              	.LASF42:
 2542 01a6 54687265 		.ascii	"ThreadsQueue\000"
 2542      61647351 
 2542      75657565 
 2542      00
 2543              	.LASF54:
 2544 01b3 725F6375 		.ascii	"r_current\000"
 2544      7272656E 
 2544      7400
 2545              	.LASF52:
 2546 01bd 725F6F6C 		.ascii	"r_older\000"
 2546      64657200 
 2547              	.LASF76:
 2548 01c5 2E2E2F63 		.ascii	"../chibios/os/kernel/src/chmtx.c\000"
 2548      68696269 
 2548      6F732F6F 
 2548      732F6B65 
 2548      726E656C 
 2549              	.LASF16:
 2550 01e6 74726566 		.ascii	"trefs_t\000"
 2550      735F7400 
 2551              	.LASF24:
 2552 01ee 705F7072 		.ascii	"p_prev\000"
 2552      657600
 2553              	.LASF17:
 2554 01f5 74707269 		.ascii	"tprio_t\000"
 2554      6F5F7400 
 2555              	.LASF6:
 2556 01fd 696E7433 		.ascii	"int32_t\000"
 2556      325F7400 
 2557              	.LASF2:
 2558 0205 756E7369 		.ascii	"unsigned char\000"
 2558      676E6564 
ARM GAS  /tmp/ccO2AfhS.s 			page 49


 2558      20636861 
 2558      7200
 2559              	.LASF39:
 2560 0213 705F6D74 		.ascii	"p_mtxlist\000"
 2560      786C6973 
 2560      7400
 2561              	.LASF3:
 2562 021d 73686F72 		.ascii	"short int\000"
 2562      7420696E 
 2562      7400
 2563              	.LASF31:
 2564 0227 705F7374 		.ascii	"p_state\000"
 2564      61746500 
 2565              	.LASF49:
 2566 022f 725F7072 		.ascii	"r_prio\000"
 2566      696F00
 2567              	.LASF63:
 2568 0236 65776D61 		.ascii	"ewmask\000"
 2568      736B00
 2569              	.LASF23:
 2570 023d 705F6E65 		.ascii	"p_next\000"
 2570      787400
 2571              	.LASF32:
 2572 0244 705F666C 		.ascii	"p_flags\000"
 2572      61677300 
 2573              	.LASF72:
 2574 024c 63684D74 		.ascii	"chMtxUnlockS\000"
 2574      78556E6C 
 2574      6F636B53 
 2574      00
 2575              	.LASF22:
 2576 0259 54687265 		.ascii	"Thread\000"
 2576      616400
 2577              	.LASF38:
 2578 0260 705F6570 		.ascii	"p_epending\000"
 2578      656E6469 
 2578      6E6700
 2579              	.LASF8:
 2580 026b 75696E74 		.ascii	"uint32_t\000"
 2580      33325F74 
 2580      00
 2581              	.LASF48:
 2582 0274 725F7175 		.ascii	"r_queue\000"
 2582      65756500 
 2583              	.LASF64:
 2584 027c 63686172 		.ascii	"char\000"
 2584      00
 2585              	.LASF59:
 2586 0281 6D5F6E65 		.ascii	"m_next\000"
 2586      787400
 2587              	.LASF20:
 2588 0288 73797374 		.ascii	"systime_t\000"
 2588      696D655F 
 2588      7400
 2589              	.LASF40:
 2590 0292 705F7265 		.ascii	"p_realprio\000"
 2590      616C7072 
ARM GAS  /tmp/ccO2AfhS.s 			page 50


 2590      696F00
 2591              	.LASF4:
 2592 029d 73686F72 		.ascii	"short unsigned int\000"
 2592      7420756E 
 2592      7369676E 
 2592      65642069 
 2592      6E7400
 2593              	.LASF46:
 2594 02b0 696E7463 		.ascii	"intctx\000"
 2594      747800
 2595              	.LASF36:
 2596 02b7 705F6D73 		.ascii	"p_msgqueue\000"
 2596      67717565 
 2596      756500
 2597              	.LASF65:
 2598 02c2 63684D74 		.ascii	"chMtxInit\000"
 2598      78496E69 
 2598      7400
 2599              	.LASF33:
 2600 02cc 705F7265 		.ascii	"p_refs\000"
 2600      667300
 2601              	.LASF55:
 2602 02d3 52656164 		.ascii	"ReadyList\000"
 2602      794C6973 
 2602      7400
 2603              	.LASF74:
 2604 02dd 726C6973 		.ascii	"rlist\000"
 2604      7400
 2605              	.LASF5:
 2606 02e3 75696E74 		.ascii	"uint8_t\000"
 2606      385F7400 
 2607              	.LASF34:
 2608 02eb 705F7469 		.ascii	"p_time\000"
 2608      6D6500
 2609              	.LASF75:
 2610 02f2 474E5520 		.ascii	"GNU C 4.5.2\000"
 2610      4320342E 
 2610      352E3200 
 2611              	.LASF29:
 2612 02fe 705F6E61 		.ascii	"p_name\000"
 2612      6D6500
 2613              	.LASF53:
 2614 0305 725F7072 		.ascii	"r_preempt\000"
 2614      65656D70 
 2614      7400
 2615              	.LASF58:
 2616 030f 6D5F6F77 		.ascii	"m_owner\000"
 2616      6E657200 
 2617              	.LASF26:
 2618 0317 705F6374 		.ascii	"p_ctx\000"
 2618      7800
 2619              	.LASF35:
 2620 031d 705F7761 		.ascii	"p_waiting\000"
 2620      6974696E 
 2620      6700
 2621              		.ident	"GCC: (Sourcery G++ Lite 2011.03-42) 4.5.2"
ARM GAS  /tmp/ccO2AfhS.s 			page 51


DEFINED SYMBOLS
                            *ABS*:00000000 chmtx.c
     /tmp/ccO2AfhS.s:24     .text.chMtxInit:00000000 $t
     /tmp/ccO2AfhS.s:29     .text.chMtxInit:00000000 chMtxInit
     /tmp/ccO2AfhS.s:62     .text.chMtxInit:00000018 $d
     /tmp/ccO2AfhS.s:67     .text.chMtxLockS:00000000 $t
     /tmp/ccO2AfhS.s:72     .text.chMtxLockS:00000000 chMtxLockS
     /tmp/ccO2AfhS.s:205    .text.chMtxLockS:0000009c $d
     /tmp/ccO2AfhS.s:213    .text.chMtxLock:00000000 $t
     /tmp/ccO2AfhS.s:218    .text.chMtxLock:00000000 chMtxLock
     /tmp/ccO2AfhS.s:254    .text.chMtxTryLockS:00000000 $t
     /tmp/ccO2AfhS.s:259    .text.chMtxTryLockS:00000000 chMtxTryLockS
     /tmp/ccO2AfhS.s:309    .text.chMtxTryLockS:00000028 $d
     /tmp/ccO2AfhS.s:315    .text.chMtxTryLock:00000000 $t
     /tmp/ccO2AfhS.s:320    .text.chMtxTryLock:00000000 chMtxTryLock
     /tmp/ccO2AfhS.s:360    .text.chMtxUnlock:00000000 $t
     /tmp/ccO2AfhS.s:365    .text.chMtxUnlock:00000000 chMtxUnlock
     /tmp/ccO2AfhS.s:485    .text.chMtxUnlock:00000074 $d
     /tmp/ccO2AfhS.s:492    .text.chMtxUnlockS:00000000 $t
     /tmp/ccO2AfhS.s:497    .text.chMtxUnlockS:00000000 chMtxUnlockS
     /tmp/ccO2AfhS.s:601    .text.chMtxUnlockS:00000064 $d
     /tmp/ccO2AfhS.s:608    .text.chMtxUnlockAll:00000000 $t
     /tmp/ccO2AfhS.s:613    .text.chMtxUnlockAll:00000000 chMtxUnlockAll
     /tmp/ccO2AfhS.s:698    .text.chMtxUnlockAll:00000050 $d
                     .debug_frame:00000010 $d

UNDEFINED SYMBOLS
chDbgPanic
chDbgCheckClassS
dequeue
prio_insert
chSchReadyI
chSchGoSleepS
rlist
_port_lock
dbg_check_lock
dbg_check_unlock
_port_unlock
fifo_remove
chSchWakeupS
chSchRescheduleS
