ARM GAS  /tmp/ccTZ1kbt.s 			page 1


   1              		.syntax unified
   2              		.cpu cortex-m3
   3              		.fpu softvfp
   4              		.eabi_attribute 20, 1
   5              		.eabi_attribute 21, 1
   6              		.eabi_attribute 23, 3
   7              		.eabi_attribute 24, 1
   8              		.eabi_attribute 25, 1
   9              		.eabi_attribute 26, 1
  10              		.eabi_attribute 30, 4
  11              		.eabi_attribute 18, 4
  12              		.thumb
  13              		.file	"chprintf.c"
  14              		.section	.debug_abbrev,"",%progbits
  15              	.Ldebug_abbrev0:
  16              		.section	.debug_info,"",%progbits
  17              	.Ldebug_info0:
  18              		.section	.debug_line,"",%progbits
  19              	.Ldebug_line0:
  20 0000 66020000 		.text
  20      02008601 
  20      00000201 
  20      FB0E0D00 
  20      01010101 
  21              	.Ltext0:
  22              		.cfi_sections	.debug_frame
  23              		.section	.text.ltoa,"ax",%progbits
  24              		.align	1
  25              		.thumb
  26              		.thumb_func
  27              		.type	ltoa, %function
  28              	ltoa:
  29              	.LFB0:
  30              		.file 1 "../chibios/os/various/chprintf.c"
  31              		.loc 1 42 0
  32              		.cfi_startproc
  33              		@ args = 0, pretend = 0, frame = 0
  34              		@ frame_needed = 0, uses_anonymous_args = 0
  35              	.LVL0:
  36 0000 F0B5     		push	{r4, r5, r6, r7, lr}
  37              	.LCFI0:
  38              		.cfi_def_cfa_offset 20
  39              		.loc 1 46 0
  40 0002 00F10B07 		add	r7, r0, #11
  41              		.cfi_offset 14, -4
  42              		.cfi_offset 7, -8
  43              		.cfi_offset 6, -12
  44              		.cfi_offset 5, -16
  45              		.cfi_offset 4, -20
  46              	.LVL1:
  47              		.loc 1 42 0
  48 0006 00F10A06 		add	r6, r0, #10
  49              	.LVL2:
  50              	.L3:
  51              		.loc 1 48 0
  52 000a B1FBF2F3 		udiv	r3, r1, r2
  53 000e 02FB1311 		mls	r1, r2, r3, r1
ARM GAS  /tmp/ccTZ1kbt.s 			page 2


  54              	.LVL3:
  55              		.loc 1 49 0
  56 0012 01F13005 		add	r5, r1, #48
  57              	.LVL4:
  58              		.loc 1 50 0
  59 0016 392D     		cmp	r5, #57
  60              		.loc 1 51 0
  61 0018 C8BF     		it	gt
  62 001a 01F13705 		addgt	r5, r1, #55
  63              	.LVL5:
  64 001e 3446     		mov	r4, r6
  65              	.LVL6:
  66              		.loc 1 52 0
  67 0020 3570     		strb	r5, [r6, #0]
  68              		.loc 1 53 0
  69 0022 1946     		mov	r1, r3
  70              	.LVL7:
  71              		.loc 1 52 0
  72 0024 013E     		subs	r6, r6, #1
  73              	.LVL8:
  74              		.loc 1 53 0
  75 0026 002B     		cmp	r3, #0
  76 0028 EFD1     		bne	.L3
  77              	.LVL9:
  78              		.loc 1 55 0
  79 002a 3A1B     		subs	r2, r7, r4
  80              	.LVL10:
  81              	.L4:
  82              		.loc 1 57 0 discriminator 1
  83 002c E15C     		ldrb	r1, [r4, r3]	@ zero_extendqisi2
  84 002e C154     		strb	r1, [r0, r3]
  85 0030 0133     		adds	r3, r3, #1
  86              		.loc 1 58 0 discriminator 1
  87 0032 9342     		cmp	r3, r2
  88 0034 FAD1     		bne	.L4
  89              		.loc 1 61 0
  90 0036 C018     		adds	r0, r0, r3
  91 0038 F0BD     		pop	{r4, r5, r6, r7, pc}
  92              		.cfi_endproc
  93              	.LFE0:
  94              		.size	ltoa, .-ltoa
  95              		.section	.text.chprintf,"ax",%progbits
  96              		.align	1
  97              		.global	chprintf
  98              		.thumb
  99              		.thumb_func
 100              		.type	chprintf, %function
 101              	chprintf:
 102              	.LFB1:
 103              		.loc 1 86 0
 104              		.cfi_startproc
 105              		@ args = 4, pretend = 12, frame = 16
 106              		@ frame_needed = 0, uses_anonymous_args = 1
 107              	.LVL11:
 108 0000 0EB4     		push	{r1, r2, r3}
 109              	.LCFI1:
 110              		.cfi_def_cfa_offset 12
ARM GAS  /tmp/ccTZ1kbt.s 			page 3


 111 0002 2DE9F047 		push	{r4, r5, r6, r7, r8, r9, sl, lr}
 112              	.LCFI2:
 113              		.cfi_def_cfa_offset 44
 114 0006 85B0     		sub	sp, sp, #20
 115              	.LCFI3:
 116              		.cfi_def_cfa_offset 64
 117              		.loc 1 86 0
 118 0008 0DAB     		add	r3, sp, #52
 119              		.cfi_offset 14, -16
 120              		.cfi_offset 10, -20
 121              		.cfi_offset 9, -24
 122              		.cfi_offset 8, -28
 123              		.cfi_offset 7, -32
 124              		.cfi_offset 6, -36
 125              		.cfi_offset 5, -40
 126              		.cfi_offset 4, -44
 127              		.cfi_offset 3, -4
 128              		.cfi_offset 2, -8
 129              		.cfi_offset 1, -12
 130 000a 53F8044B 		ldr	r4, [r3], #4
 131 000e 0646     		mov	r6, r0
 132              		.loc 1 94 0
 133 0010 0393     		str	r3, [sp, #12]
 134              	.LVL12:
 135              	.L58:
 136              		.loc 1 96 0
 137 0012 2178     		ldrb	r1, [r4, #0]	@ zero_extendqisi2
 138              	.LVL13:
 139              		.loc 1 97 0
 140 0014 0029     		cmp	r1, #0
 141 0016 00F0E980 		beq	.L57
 142              		.loc 1 96 0
 143 001a 0134     		adds	r4, r4, #1
 144              	.LVL14:
 145              		.loc 1 101 0
 146 001c 2529     		cmp	r1, #37
 147 001e 06D0     		beq	.L8
 148              		.loc 1 102 0
 149 0020 3368     		ldr	r3, [r6, #0]
 150 0022 3046     		mov	r0, r6
 151 0024 1B69     		ldr	r3, [r3, #16]
 152 0026 4FF0FF32 		mov	r2, #-1
 153 002a 9847     		blx	r3
 154              	.LVL15:
 155              		.loc 1 103 0
 156 002c F1E7     		b	.L58
 157              	.LVL16:
 158              	.L8:
 159              		.loc 1 108 0
 160 002e 2378     		ldrb	r3, [r4, #0]	@ zero_extendqisi2
 161 0030 2D2B     		cmp	r3, #45
 162 0032 03D1     		bne	.L48
 163              		.loc 1 109 0
 164 0034 0134     		adds	r4, r4, #1
 165              	.LVL17:
 166              		.loc 1 110 0
 167 0036 4FF0010A 		mov	sl, #1
ARM GAS  /tmp/ccTZ1kbt.s 			page 4


 168 003a 01E0     		b	.L10
 169              	.LVL18:
 170              	.L48:
 171              		.loc 1 107 0
 172 003c 4FF0000A 		mov	sl, #0
 173              	.LVL19:
 174              	.L10:
 175              		.loc 1 113 0
 176 0040 2378     		ldrb	r3, [r4, #0]	@ zero_extendqisi2
 177 0042 2E2B     		cmp	r3, #46
 178 0044 03D1     		bne	.L49
 179              		.loc 1 114 0
 180 0046 0134     		adds	r4, r4, #1
 181              	.LVL20:
 182              		.loc 1 115 0
 183 0048 4FF03008 		mov	r8, #48
 184 004c 01E0     		b	.L11
 185              	.LVL21:
 186              	.L49:
 187              		.loc 1 112 0
 188 004e 4FF02008 		mov	r8, #32
 189              	.LVL22:
 190              	.L11:
 191              		.loc 1 114 0
 192 0052 0399     		ldr	r1, [sp, #12]
 193              	.LVL23:
 194 0054 2246     		mov	r2, r4
 195              		.loc 1 117 0
 196 0056 0027     		movs	r7, #0
 197              	.LVL24:
 198              	.L14:
 199              		.loc 1 119 0
 200 0058 12F8013B 		ldrb	r3, [r2], #1	@ zero_extendqisi2
 201              	.LVL25:
 202              		.loc 1 120 0
 203 005c A3F13000 		sub	r0, r3, #48
 204 0060 C0B2     		uxtb	r0, r0
 205 0062 0928     		cmp	r0, #9
 206              		.loc 1 119 0
 207 0064 1446     		mov	r4, r2
 208              	.LVL26:
 209              		.loc 1 120 0
 210 0066 03D9     		bls	.L12
 211              		.loc 1 122 0
 212 0068 2A2B     		cmp	r3, #42
 213 006a 05D1     		bne	.L13
 214              		.loc 1 123 0
 215 006c 0878     		ldrb	r0, [r1, #0]	@ zero_extendqisi2
 216              	.LVL27:
 217 006e 0431     		adds	r1, r1, #4
 218              	.LVL28:
 219              	.L12:
 220              		.loc 1 126 0
 221 0070 0A23     		movs	r3, #10
 222 0072 03FB0707 		mla	r7, r3, r7, r0
 223              	.LVL29:
 224              		.loc 1 127 0
ARM GAS  /tmp/ccTZ1kbt.s 			page 5


 225 0076 EFE7     		b	.L14
 226              	.LVL30:
 227              	.L13:
 228              		.loc 1 129 0
 229 0078 2E2B     		cmp	r3, #46
 230              		.loc 1 127 0
 231 007a 0391     		str	r1, [sp, #12]
 232              	.LVL31:
 233              		.loc 1 129 0
 234 007c 14D1     		bne	.L50
 235 007e 1546     		mov	r5, r2
 236 0080 0022     		movs	r2, #0
 237              	.LVL32:
 238              	.L18:
 239              		.loc 1 131 0
 240 0082 2C46     		mov	r4, r5
 241 0084 14F8013B 		ldrb	r3, [r4], #1	@ zero_extendqisi2
 242              	.LVL33:
 243              		.loc 1 132 0
 244 0088 A3F13000 		sub	r0, r3, #48
 245 008c C0B2     		uxtb	r0, r0
 246 008e 0928     		cmp	r0, #9
 247              		.loc 1 131 0
 248 0090 2546     		mov	r5, r4
 249              	.LVL34:
 250              		.loc 1 132 0
 251 0092 05D9     		bls	.L16
 252              		.loc 1 134 0
 253 0094 2A2B     		cmp	r3, #42
 254 0096 01D0     		beq	.L17
 255 0098 0391     		str	r1, [sp, #12]
 256 009a 06E0     		b	.L15
 257              	.L17:
 258              		.loc 1 135 0
 259 009c 0878     		ldrb	r0, [r1, #0]	@ zero_extendqisi2
 260              	.LVL35:
 261 009e 0431     		adds	r1, r1, #4
 262              	.LVL36:
 263              	.L16:
 264              		.loc 1 139 0
 265 00a0 0A23     		movs	r3, #10
 266 00a2 03FB0202 		mla	r2, r3, r2, r0
 267              	.LVL37:
 268              		.loc 1 140 0
 269 00a6 ECE7     		b	.L18
 270              	.LVL38:
 271              	.L50:
 272              		.loc 1 128 0
 273 00a8 0022     		movs	r2, #0
 274              	.LVL39:
 275              	.L15:
 276              		.loc 1 143 0
 277 00aa 6C2B     		cmp	r3, #108
 278 00ac 01D0     		beq	.L19
 279              		.loc 1 143 0 is_stmt 0 discriminator 1
 280 00ae 4C2B     		cmp	r3, #76
 281 00b0 03D1     		bne	.L21
ARM GAS  /tmp/ccTZ1kbt.s 			page 6


 282              	.L19:
 283              	.LVL40:
 284              		.loc 1 145 0 is_stmt 1
 285 00b2 2178     		ldrb	r1, [r4, #0]	@ zero_extendqisi2
 286 00b4 09B1     		cbz	r1, .L21
 287              	.LVL41:
 288              		.loc 1 146 0
 289 00b6 0134     		adds	r4, r4, #1
 290              	.LVL42:
 291 00b8 0B46     		mov	r3, r1
 292              	.LVL43:
 293              	.L21:
 294              		.loc 1 152 0
 295 00ba 632B     		cmp	r3, #99
 296 00bc 18D0     		beq	.L27
 297 00be 09D8     		bhi	.L29
 298 00c0 4F2B     		cmp	r3, #79
 299 00c2 44D0     		beq	.L24
 300 00c4 02D8     		bhi	.L30
 301 00c6 442B     		cmp	r3, #68
 302 00c8 4DD1     		bne	.L22
 303 00ca 30E0     		b	.L23
 304              	.L30:
 305 00cc 552B     		cmp	r3, #85
 306 00ce 40D0     		beq	.L52
 307 00d0 582B     		cmp	r3, #88
 308 00d2 0AE0     		b	.L60
 309              	.L29:
 310 00d4 732B     		cmp	r3, #115
 311 00d6 15D0     		beq	.L28
 312 00d8 04D8     		bhi	.L31
 313 00da 642B     		cmp	r3, #100
 314 00dc 27D0     		beq	.L23
 315 00de 6F2B     		cmp	r3, #111
 316 00e0 41D1     		bne	.L22
 317 00e2 34E0     		b	.L24
 318              	.L31:
 319 00e4 752B     		cmp	r3, #117
 320 00e6 34D0     		beq	.L52
 321 00e8 782B     		cmp	r3, #120
 322              	.L60:
 323 00ea 3CD1     		bne	.L22
 324              		.loc 1 180 0
 325 00ec 1022     		movs	r2, #16
 326              	.LVL44:
 327 00ee 31E0     		b	.L25
 328              	.LVL45:
 329              	.L27:
 330              		.loc 1 155 0
 331 00f0 039B     		ldr	r3, [sp, #12]
 332              	.LVL46:
 333 00f2 04AD     		add	r5, sp, #16
 334 00f4 1A1D     		adds	r2, r3, #4
 335              	.LVL47:
 336 00f6 1B68     		ldr	r3, [r3, #0]
 337 00f8 0392     		str	r2, [sp, #12]
 338 00fa 05F8103D 		strb	r3, [r5, #-16]!
ARM GAS  /tmp/ccTZ1kbt.s 			page 7


 339              	.LVL48:
 340              		.loc 1 154 0
 341 00fe 4FF02008 		mov	r8, #32
 342 0102 33E0     		b	.L62
 343              	.LVL49:
 344              	.L28:
 345              		.loc 1 159 0
 346 0104 039B     		ldr	r3, [sp, #12]
 347              	.LVL50:
 348 0106 191D     		adds	r1, r3, #4
 349 0108 1D68     		ldr	r5, [r3, #0]
 350              	.LVL51:
 351              		.loc 1 160 0
 352 010a 3B4B     		ldr	r3, .L63
 353              		.loc 1 159 0
 354 010c 0391     		str	r1, [sp, #12]
 355              		.loc 1 160 0
 356 010e 002D     		cmp	r5, #0
 357 0110 08BF     		it	eq
 358 0112 1D46     		moveq	r5, r3
 359              	.LVL52:
 360              		.loc 1 162 0
 361 0114 47F6FF73 		movw	r3, #32767
 362 0118 002A     		cmp	r2, #0
 363 011a 08BF     		it	eq
 364 011c 1A46     		moveq	r2, r3
 365              	.LVL53:
 366              		.loc 1 161 0
 367 011e 2B46     		mov	r3, r5
 368              	.LVL54:
 369              	.L35:
 370              		.loc 1 163 0 discriminator 1
 371 0120 1978     		ldrb	r1, [r3, #0]	@ zero_extendqisi2
 372              		.loc 1 161 0 discriminator 1
 373 0122 1846     		mov	r0, r3
 374              	.LVL55:
 375              		.loc 1 163 0 discriminator 1
 376 0124 0133     		adds	r3, r3, #1
 377              	.LVL56:
 378 0126 21B3     		cbz	r1, .L55
 379              	.LVL57:
 380              		.loc 1 163 0 is_stmt 0 discriminator 2
 381 0128 013A     		subs	r2, r2, #1
 382              	.LVL58:
 383 012a F9D5     		bpl	.L35
 384 012c 21E0     		b	.L55
 385              	.LVL59:
 386              	.L23:
 387 012e 039B     		ldr	r3, [sp, #12]
 388              	.LVL60:
 389              		.loc 1 171 0 is_stmt 1
 390 0130 1A1D     		adds	r2, r3, #4
 391              	.LVL61:
 392 0132 0392     		str	r2, [sp, #12]
 393 0134 1968     		ldr	r1, [r3, #0]
 394              	.LVL62:
 395              		.loc 1 172 0
ARM GAS  /tmp/ccTZ1kbt.s 			page 8


 396 0136 0029     		cmp	r1, #0
 397 0138 06DA     		bge	.L56
 398              		.loc 1 173 0
 399 013a 2D23     		movs	r3, #45
 400 013c 8DF80030 		strb	r3, [sp, #0]
 401              	.LVL63:
 402              		.loc 1 174 0
 403 0140 4942     		negs	r1, r1
 404              	.LVL64:
 405              		.loc 1 173 0
 406 0142 0DF10100 		add	r0, sp, #1
 407              	.LVL65:
 408 0146 00E0     		b	.L38
 409              	.LVL66:
 410              	.L56:
 411              		.loc 1 105 0
 412 0148 6846     		mov	r0, sp
 413              	.LVL67:
 414              	.L38:
 415              		.loc 1 176 0
 416 014a 0A22     		movs	r2, #10
 417 014c 07E0     		b	.L61
 418              	.LVL68:
 419              	.L24:
 420              		.loc 1 188 0
 421 014e 0822     		movs	r2, #8
 422              	.LVL69:
 423 0150 00E0     		b	.L25
 424              	.LVL70:
 425              	.L52:
 426              		.loc 1 184 0
 427 0152 0A22     		movs	r2, #10
 428              	.LVL71:
 429              	.L25:
 430 0154 039B     		ldr	r3, [sp, #12]
 431              		.loc 1 194 0
 432 0156 6846     		mov	r0, sp
 433              		.loc 1 193 0
 434 0158 191D     		adds	r1, r3, #4
 435 015a 0391     		str	r1, [sp, #12]
 436 015c 1968     		ldr	r1, [r3, #0]
 437              	.LVL72:
 438              	.L61:
 439              		.loc 1 194 0
 440 015e FFF7FEFF 		bl	ltoa
 441              	.LVL73:
 442              		.loc 1 106 0
 443 0162 6D46     		mov	r5, sp
 444              		.loc 1 195 0
 445 0164 07E0     		b	.L32
 446              	.LVL74:
 447              	.L22:
 448              		.loc 1 197 0
 449 0166 04AD     		add	r5, sp, #16
 450 0168 05F8103D 		strb	r3, [r5, #-16]!
 451              	.LVL75:
 452              	.L62:
ARM GAS  /tmp/ccTZ1kbt.s 			page 9


 453 016c 0DF10100 		add	r0, sp, #1
 454              	.LVL76:
 455              		.loc 1 198 0
 456 0170 01E0     		b	.L32
 457              	.LVL77:
 458              	.L55:
 459              		.loc 1 158 0
 460 0172 4FF02008 		mov	r8, #32
 461              	.LVL78:
 462              	.L32:
 463              		.loc 1 200 0
 464 0176 C5EB0009 		rsb	r9, r5, r0
 465              	.LVL79:
 466              		.loc 1 201 0
 467 017a C9EB0707 		rsb	r7, r9, r7
 468              	.LVL80:
 469 017e 27EAE777 		bic	r7, r7, r7, asr #31
 470              	.LVL81:
 471              		.loc 1 203 0
 472 0182 BAF1000F 		cmp	sl, #0
 473 0186 22D1     		bne	.L44
 474              		.loc 1 204 0
 475 0188 7F42     		negs	r7, r7
 476              	.LVL82:
 477              		.loc 1 205 0
 478 018a 07B3     		cbz	r7, .L44
 479              		.loc 1 206 0
 480 018c 2978     		ldrb	r1, [r5, #0]	@ zero_extendqisi2
 481 018e 2D29     		cmp	r1, #45
 482 0190 0BD1     		bne	.L43
 483              		.loc 1 206 0 is_stmt 0 discriminator 1
 484 0192 B8F1300F 		cmp	r8, #48
 485 0196 08D1     		bne	.L43
 486              		.loc 1 207 0 is_stmt 1
 487 0198 3368     		ldr	r3, [r6, #0]
 488 019a 3046     		mov	r0, r6
 489              	.LVL83:
 490 019c 1B69     		ldr	r3, [r3, #16]
 491 019e 4FF0FF32 		mov	r2, #-1
 492 01a2 9847     		blx	r3
 493 01a4 0135     		adds	r5, r5, #1
 494              	.LVL84:
 495              		.loc 1 208 0
 496 01a6 09F1FF39 		add	r9, r9, #-1
 497              	.LVL85:
 498              	.L43:
 499              		.loc 1 211 0 discriminator 1
 500 01aa 3368     		ldr	r3, [r6, #0]
 501 01ac 3046     		mov	r0, r6
 502 01ae 1B69     		ldr	r3, [r3, #16]
 503 01b0 4146     		mov	r1, r8
 504 01b2 4FF0FF32 		mov	r2, #-1
 505 01b6 9847     		blx	r3
 506              	.LVL86:
 507              		.loc 1 212 0 discriminator 1
 508 01b8 0137     		adds	r7, r7, #1
 509              	.LVL87:
ARM GAS  /tmp/ccTZ1kbt.s 			page 10


 510 01ba F6D1     		bne	.L43
 511 01bc 07E0     		b	.L44
 512              	.L45:
 513              		.loc 1 215 0
 514 01be 3368     		ldr	r3, [r6, #0]
 515 01c0 3046     		mov	r0, r6
 516 01c2 1B69     		ldr	r3, [r3, #16]
 517 01c4 15F8011B 		ldrb	r1, [r5], #1	@ zero_extendqisi2
 518              	.LVL88:
 519 01c8 4FF0FF32 		mov	r2, #-1
 520 01cc 9847     		blx	r3
 521              	.LVL89:
 522              	.L44:
 523              		.loc 1 214 0 discriminator 1
 524 01ce B9F10109 		subs	r9, r9, #1
 525              	.LVL90:
 526 01d2 F4D5     		bpl	.L45
 527 01d4 07E0     		b	.L46
 528              	.L47:
 529              		.loc 1 218 0
 530 01d6 3368     		ldr	r3, [r6, #0]
 531 01d8 3046     		mov	r0, r6
 532 01da 1B69     		ldr	r3, [r3, #16]
 533 01dc 4146     		mov	r1, r8
 534 01de 4FF0FF32 		mov	r2, #-1
 535 01e2 9847     		blx	r3
 536              		.loc 1 219 0
 537 01e4 013F     		subs	r7, r7, #1
 538              	.LVL91:
 539              	.L46:
 540              		.loc 1 217 0 discriminator 1
 541 01e6 002F     		cmp	r7, #0
 542 01e8 F5D1     		bne	.L47
 543 01ea 12E7     		b	.L58
 544              	.LVL92:
 545              	.L57:
 546              		.loc 1 222 0
 547 01ec 05B0     		add	sp, sp, #20
 548 01ee BDE8F047 		pop	{r4, r5, r6, r7, r8, r9, sl, lr}
 549 01f2 03B0     		add	sp, sp, #12
 550 01f4 7047     		bx	lr
 551              	.L64:
 552 01f6 00BF     		.align	2
 553              	.L63:
 554 01f8 00000000 		.word	.LC0
 555              		.cfi_endproc
 556              	.LFE1:
 557              		.size	chprintf, .-chprintf
 558              		.section	.rodata.str1.1,"aMS",%progbits,1
 559              	.LC0:
 560 0000 286E756C 		.ascii	"(null)\000"
 560      6C2900
 561              		.text
 562              	.Letext0:
 563              		.section	.debug_loc,"",%progbits
 564              	.Ldebug_loc0:
 565              	.LLST0:
ARM GAS  /tmp/ccTZ1kbt.s 			page 11


 566 0000 00000000 		.4byte	.LFB0
 567 0004 02000000 		.4byte	.LCFI0
 568 0008 0200     		.2byte	0x2
 569 000a 7D       		.byte	0x7d
 570 000b 00       		.sleb128 0
 571 000c 02000000 		.4byte	.LCFI0
 572 0010 3A000000 		.4byte	.LFE0
 573 0014 0200     		.2byte	0x2
 574 0016 7D       		.byte	0x7d
 575 0017 14       		.sleb128 20
 576 0018 00000000 		.4byte	0x0
 577 001c 00000000 		.4byte	0x0
 578              	.LLST1:
 579 0020 00000000 		.4byte	.LVL0
 580 0024 2C000000 		.4byte	.LVL10
 581 0028 0100     		.2byte	0x1
 582 002a 50       		.byte	0x50
 583 002b 00000000 		.4byte	0x0
 584 002f 00000000 		.4byte	0x0
 585              	.LLST2:
 586 0033 00000000 		.4byte	.LVL0
 587 0037 12000000 		.4byte	.LVL3
 588 003b 0100     		.2byte	0x1
 589 003d 51       		.byte	0x51
 590 003e 24000000 		.4byte	.LVL7
 591 0042 2C000000 		.4byte	.LVL10
 592 0046 0100     		.2byte	0x1
 593 0048 53       		.byte	0x53
 594 0049 00000000 		.4byte	0x0
 595 004d 00000000 		.4byte	0x0
 596              	.LLST3:
 597 0051 00000000 		.4byte	.LVL0
 598 0055 2C000000 		.4byte	.LVL10
 599 0059 0100     		.2byte	0x1
 600 005b 52       		.byte	0x52
 601 005c 00000000 		.4byte	0x0
 602 0060 00000000 		.4byte	0x0
 603              	.LLST4:
 604 0064 12000000 		.4byte	.LVL3
 605 0068 16000000 		.4byte	.LVL4
 606 006c 0100     		.2byte	0x1
 607 006e 51       		.byte	0x51
 608 006f 16000000 		.4byte	.LVL4
 609 0073 1E000000 		.4byte	.LVL5
 610 0077 0100     		.2byte	0x1
 611 0079 55       		.byte	0x55
 612 007a 1E000000 		.4byte	.LVL5
 613 007e 2A000000 		.4byte	.LVL9
 614 0082 0100     		.2byte	0x1
 615 0084 55       		.byte	0x55
 616 0085 2A000000 		.4byte	.LVL9
 617 0089 2C000000 		.4byte	.LVL10
 618 008d 0600     		.2byte	0x6
 619 008f 77       		.byte	0x77
 620 0090 00       		.sleb128 0
 621 0091 74       		.byte	0x74
 622 0092 00       		.sleb128 0
ARM GAS  /tmp/ccTZ1kbt.s 			page 12


 623 0093 1C       		.byte	0x1c
 624 0094 9F       		.byte	0x9f
 625 0095 00000000 		.4byte	0x0
 626 0099 00000000 		.4byte	0x0
 627              	.LLST5:
 628 009d 06000000 		.4byte	.LVL1
 629 00a1 0A000000 		.4byte	.LVL2
 630 00a5 0100     		.2byte	0x1
 631 00a7 57       		.byte	0x57
 632 00a8 20000000 		.4byte	.LVL6
 633 00ac 26000000 		.4byte	.LVL8
 634 00b0 0100     		.2byte	0x1
 635 00b2 56       		.byte	0x56
 636 00b3 26000000 		.4byte	.LVL8
 637 00b7 2C000000 		.4byte	.LVL10
 638 00bb 0100     		.2byte	0x1
 639 00bd 54       		.byte	0x54
 640 00be 00000000 		.4byte	0x0
 641 00c2 00000000 		.4byte	0x0
 642              	.LLST6:
 643 00c6 00000000 		.4byte	.LFB1
 644 00ca 02000000 		.4byte	.LCFI1
 645 00ce 0200     		.2byte	0x2
 646 00d0 7D       		.byte	0x7d
 647 00d1 00       		.sleb128 0
 648 00d2 02000000 		.4byte	.LCFI1
 649 00d6 06000000 		.4byte	.LCFI2
 650 00da 0200     		.2byte	0x2
 651 00dc 7D       		.byte	0x7d
 652 00dd 0C       		.sleb128 12
 653 00de 06000000 		.4byte	.LCFI2
 654 00e2 08000000 		.4byte	.LCFI3
 655 00e6 0200     		.2byte	0x2
 656 00e8 7D       		.byte	0x7d
 657 00e9 2C       		.sleb128 44
 658 00ea 08000000 		.4byte	.LCFI3
 659 00ee FC010000 		.4byte	.LFE1
 660 00f2 0300     		.2byte	0x3
 661 00f4 7D       		.byte	0x7d
 662 00f5 C000     		.sleb128 64
 663 00f7 00000000 		.4byte	0x0
 664 00fb 00000000 		.4byte	0x0
 665              	.LLST7:
 666 00ff 00000000 		.4byte	.LVL11
 667 0103 12000000 		.4byte	.LVL12
 668 0107 0100     		.2byte	0x1
 669 0109 50       		.byte	0x50
 670 010a 12000000 		.4byte	.LVL12
 671 010e FC010000 		.4byte	.LFE1
 672 0112 0100     		.2byte	0x1
 673 0114 56       		.byte	0x56
 674 0115 00000000 		.4byte	0x0
 675 0119 00000000 		.4byte	0x0
 676              	.LLST8:
 677 011d 00000000 		.4byte	.LVL11
 678 0121 12000000 		.4byte	.LVL12
 679 0125 0200     		.2byte	0x2
ARM GAS  /tmp/ccTZ1kbt.s 			page 13


 680 0127 91       		.byte	0x91
 681 0128 74       		.sleb128 -12
 682 0129 12000000 		.4byte	.LVL12
 683 012d 14000000 		.4byte	.LVL13
 684 0131 0100     		.2byte	0x1
 685 0133 54       		.byte	0x54
 686 0134 14000000 		.4byte	.LVL13
 687 0138 1C000000 		.4byte	.LVL14
 688 013c 0300     		.2byte	0x3
 689 013e 74       		.byte	0x74
 690 013f 01       		.sleb128 1
 691 0140 9F       		.byte	0x9f
 692 0141 1C000000 		.4byte	.LVL14
 693 0145 36000000 		.4byte	.LVL17
 694 0149 0100     		.2byte	0x1
 695 014b 54       		.byte	0x54
 696 014c 36000000 		.4byte	.LVL17
 697 0150 48000000 		.4byte	.LVL20
 698 0154 0100     		.2byte	0x1
 699 0156 54       		.byte	0x54
 700 0157 48000000 		.4byte	.LVL20
 701 015b 58000000 		.4byte	.LVL24
 702 015f 0100     		.2byte	0x1
 703 0161 54       		.byte	0x54
 704 0162 66000000 		.4byte	.LVL26
 705 0166 82000000 		.4byte	.LVL32
 706 016a 0100     		.2byte	0x1
 707 016c 52       		.byte	0x52
 708 016d 92000000 		.4byte	.LVL34
 709 0171 A8000000 		.4byte	.LVL38
 710 0175 0100     		.2byte	0x1
 711 0177 54       		.byte	0x54
 712 0178 A8000000 		.4byte	.LVL38
 713 017c AA000000 		.4byte	.LVL39
 714 0180 0100     		.2byte	0x1
 715 0182 52       		.byte	0x52
 716 0183 AA000000 		.4byte	.LVL39
 717 0187 B8000000 		.4byte	.LVL42
 718 018b 0100     		.2byte	0x1
 719 018d 54       		.byte	0x54
 720 018e B8000000 		.4byte	.LVL42
 721 0192 EC010000 		.4byte	.LVL92
 722 0196 0100     		.2byte	0x1
 723 0198 54       		.byte	0x54
 724 0199 EC010000 		.4byte	.LVL92
 725 019d FC010000 		.4byte	.LFE1
 726 01a1 0300     		.2byte	0x3
 727 01a3 74       		.byte	0x74
 728 01a4 01       		.sleb128 1
 729 01a5 9F       		.byte	0x9f
 730 01a6 00000000 		.4byte	0x0
 731 01aa 00000000 		.4byte	0x0
 732              	.LLST9:
 733 01ae 2E000000 		.4byte	.LVL16
 734 01b2 FE000000 		.4byte	.LVL48
 735 01b6 0100     		.2byte	0x1
 736 01b8 5D       		.byte	0x5d
ARM GAS  /tmp/ccTZ1kbt.s 			page 14


 737 01b9 FE000000 		.4byte	.LVL48
 738 01bd 04010000 		.4byte	.LVL49
 739 01c1 0400     		.2byte	0x4
 740 01c3 91       		.byte	0x91
 741 01c4 A97F     		.sleb128 -87
 742 01c6 9F       		.byte	0x9f
 743 01c7 04010000 		.4byte	.LVL49
 744 01cb 20010000 		.4byte	.LVL54
 745 01cf 0100     		.2byte	0x1
 746 01d1 5D       		.byte	0x5d
 747 01d2 24010000 		.4byte	.LVL55
 748 01d6 26010000 		.4byte	.LVL56
 749 01da 0100     		.2byte	0x1
 750 01dc 53       		.byte	0x53
 751 01dd 26010000 		.4byte	.LVL56
 752 01e1 2E010000 		.4byte	.LVL59
 753 01e5 0100     		.2byte	0x1
 754 01e7 50       		.byte	0x50
 755 01e8 2E010000 		.4byte	.LVL59
 756 01ec 40010000 		.4byte	.LVL63
 757 01f0 0100     		.2byte	0x1
 758 01f2 5D       		.byte	0x5d
 759 01f3 40010000 		.4byte	.LVL63
 760 01f7 46010000 		.4byte	.LVL65
 761 01fb 0400     		.2byte	0x4
 762 01fd 91       		.byte	0x91
 763 01fe A97F     		.sleb128 -87
 764 0200 9F       		.byte	0x9f
 765 0201 46010000 		.4byte	.LVL65
 766 0205 48010000 		.4byte	.LVL66
 767 0209 0100     		.2byte	0x1
 768 020b 50       		.byte	0x50
 769 020c 48010000 		.4byte	.LVL66
 770 0210 4A010000 		.4byte	.LVL67
 771 0214 0100     		.2byte	0x1
 772 0216 5D       		.byte	0x5d
 773 0217 4A010000 		.4byte	.LVL67
 774 021b 4E010000 		.4byte	.LVL68
 775 021f 0100     		.2byte	0x1
 776 0221 50       		.byte	0x50
 777 0222 4E010000 		.4byte	.LVL68
 778 0226 5E010000 		.4byte	.LVL72
 779 022a 0100     		.2byte	0x1
 780 022c 5D       		.byte	0x5d
 781 022d 5E010000 		.4byte	.LVL72
 782 0231 61010000 		.4byte	.LVL73-1
 783 0235 0100     		.2byte	0x1
 784 0237 50       		.byte	0x50
 785 0238 62010000 		.4byte	.LVL73
 786 023c 66010000 		.4byte	.LVL74
 787 0240 0100     		.2byte	0x1
 788 0242 50       		.byte	0x50
 789 0243 66010000 		.4byte	.LVL74
 790 0247 6C010000 		.4byte	.LVL75
 791 024b 0100     		.2byte	0x1
 792 024d 5D       		.byte	0x5d
 793 024e 6C010000 		.4byte	.LVL75
ARM GAS  /tmp/ccTZ1kbt.s 			page 15


 794 0252 70010000 		.4byte	.LVL76
 795 0256 0400     		.2byte	0x4
 796 0258 91       		.byte	0x91
 797 0259 A97F     		.sleb128 -87
 798 025b 9F       		.byte	0x9f
 799 025c 70010000 		.4byte	.LVL76
 800 0260 9C010000 		.4byte	.LVL83
 801 0264 0100     		.2byte	0x1
 802 0266 50       		.byte	0x50
 803 0267 00000000 		.4byte	0x0
 804 026b 00000000 		.4byte	0x0
 805              	.LLST10:
 806 026f 2E000000 		.4byte	.LVL16
 807 0273 0A010000 		.4byte	.LVL51
 808 0277 0100     		.2byte	0x1
 809 0279 5D       		.byte	0x5d
 810 027a 0A010000 		.4byte	.LVL51
 811 027e 14010000 		.4byte	.LVL52
 812 0282 0400     		.2byte	0x4
 813 0284 91       		.byte	0x91
 814 0285 B47F     		.sleb128 -76
 815 0287 06       		.byte	0x6
 816 0288 14010000 		.4byte	.LVL52
 817 028c 2E010000 		.4byte	.LVL59
 818 0290 0100     		.2byte	0x1
 819 0292 55       		.byte	0x55
 820 0293 2E010000 		.4byte	.LVL59
 821 0297 72010000 		.4byte	.LVL77
 822 029b 0100     		.2byte	0x1
 823 029d 5D       		.byte	0x5d
 824 029e 72010000 		.4byte	.LVL77
 825 02a2 76010000 		.4byte	.LVL78
 826 02a6 0100     		.2byte	0x1
 827 02a8 55       		.byte	0x55
 828 02a9 76010000 		.4byte	.LVL78
 829 02ad A6010000 		.4byte	.LVL84
 830 02b1 0100     		.2byte	0x1
 831 02b3 55       		.byte	0x55
 832 02b4 A6010000 		.4byte	.LVL84
 833 02b8 C8010000 		.4byte	.LVL88
 834 02bc 0100     		.2byte	0x1
 835 02be 55       		.byte	0x55
 836 02bf C8010000 		.4byte	.LVL88
 837 02c3 CE010000 		.4byte	.LVL89
 838 02c7 0300     		.2byte	0x3
 839 02c9 75       		.byte	0x75
 840 02ca 7F       		.sleb128 -1
 841 02cb 9F       		.byte	0x9f
 842 02cc CE010000 		.4byte	.LVL89
 843 02d0 EC010000 		.4byte	.LVL92
 844 02d4 0100     		.2byte	0x1
 845 02d6 55       		.byte	0x55
 846 02d7 00000000 		.4byte	0x0
 847 02db 00000000 		.4byte	0x0
 848              	.LLST11:
 849 02df 14000000 		.4byte	.LVL13
 850 02e3 2B000000 		.4byte	.LVL15-1
ARM GAS  /tmp/ccTZ1kbt.s 			page 16


 851 02e7 0100     		.2byte	0x1
 852 02e9 51       		.byte	0x51
 853 02ea 2E000000 		.4byte	.LVL16
 854 02ee 54000000 		.4byte	.LVL23
 855 02f2 0100     		.2byte	0x1
 856 02f4 51       		.byte	0x51
 857 02f5 5C000000 		.4byte	.LVL25
 858 02f9 6E000000 		.4byte	.LVL27
 859 02fd 0100     		.2byte	0x1
 860 02ff 53       		.byte	0x53
 861 0300 6E000000 		.4byte	.LVL27
 862 0304 70000000 		.4byte	.LVL28
 863 0308 0100     		.2byte	0x1
 864 030a 50       		.byte	0x50
 865 030b 70000000 		.4byte	.LVL28
 866 030f 78000000 		.4byte	.LVL30
 867 0313 0100     		.2byte	0x1
 868 0315 50       		.byte	0x50
 869 0316 78000000 		.4byte	.LVL30
 870 031a 82000000 		.4byte	.LVL32
 871 031e 0100     		.2byte	0x1
 872 0320 53       		.byte	0x53
 873 0321 88000000 		.4byte	.LVL33
 874 0325 9E000000 		.4byte	.LVL35
 875 0329 0100     		.2byte	0x1
 876 032b 53       		.byte	0x53
 877 032c 9E000000 		.4byte	.LVL35
 878 0330 A0000000 		.4byte	.LVL36
 879 0334 0100     		.2byte	0x1
 880 0336 50       		.byte	0x50
 881 0337 A0000000 		.4byte	.LVL36
 882 033b A8000000 		.4byte	.LVL38
 883 033f 0100     		.2byte	0x1
 884 0341 50       		.byte	0x50
 885 0342 A8000000 		.4byte	.LVL38
 886 0346 AA000000 		.4byte	.LVL39
 887 034a 0100     		.2byte	0x1
 888 034c 53       		.byte	0x53
 889 034d AA000000 		.4byte	.LVL39
 890 0351 B6000000 		.4byte	.LVL41
 891 0355 0100     		.2byte	0x1
 892 0357 53       		.byte	0x53
 893 0358 B6000000 		.4byte	.LVL41
 894 035c BA000000 		.4byte	.LVL43
 895 0360 0100     		.2byte	0x1
 896 0362 51       		.byte	0x51
 897 0363 BA000000 		.4byte	.LVL43
 898 0367 F2000000 		.4byte	.LVL46
 899 036b 0100     		.2byte	0x1
 900 036d 53       		.byte	0x53
 901 036e 04010000 		.4byte	.LVL49
 902 0372 06010000 		.4byte	.LVL50
 903 0376 0100     		.2byte	0x1
 904 0378 53       		.byte	0x53
 905 0379 2E010000 		.4byte	.LVL59
 906 037d 30010000 		.4byte	.LVL60
 907 0381 0100     		.2byte	0x1
ARM GAS  /tmp/ccTZ1kbt.s 			page 17


 908 0383 53       		.byte	0x53
 909 0384 4E010000 		.4byte	.LVL68
 910 0388 52010000 		.4byte	.LVL70
 911 038c 0200     		.2byte	0x2
 912 038e 38       		.byte	0x38
 913 038f 9F       		.byte	0x9f
 914 0390 52010000 		.4byte	.LVL70
 915 0394 54010000 		.4byte	.LVL71
 916 0398 0100     		.2byte	0x1
 917 039a 53       		.byte	0x53
 918 039b 54010000 		.4byte	.LVL71
 919 039f 5E010000 		.4byte	.LVL72
 920 03a3 0100     		.2byte	0x1
 921 03a5 52       		.byte	0x52
 922 03a6 66010000 		.4byte	.LVL74
 923 03aa 6C010000 		.4byte	.LVL75
 924 03ae 0100     		.2byte	0x1
 925 03b0 53       		.byte	0x53
 926 03b1 EC010000 		.4byte	.LVL92
 927 03b5 FC010000 		.4byte	.LFE1
 928 03b9 0100     		.2byte	0x1
 929 03bb 51       		.byte	0x51
 930 03bc 00000000 		.4byte	0x0
 931 03c0 00000000 		.4byte	0x0
 932              	.LLST12:
 933 03c4 40000000 		.4byte	.LVL19
 934 03c8 48000000 		.4byte	.LVL20
 935 03cc 0300     		.2byte	0x3
 936 03ce 08       		.byte	0x8
 937 03cf 20       		.byte	0x20
 938 03d0 9F       		.byte	0x9f
 939 03d1 48000000 		.4byte	.LVL20
 940 03d5 4E000000 		.4byte	.LVL21
 941 03d9 0300     		.2byte	0x3
 942 03db 08       		.byte	0x8
 943 03dc 30       		.byte	0x30
 944 03dd 9F       		.byte	0x9f
 945 03de 4E000000 		.4byte	.LVL21
 946 03e2 52000000 		.4byte	.LVL22
 947 03e6 0300     		.2byte	0x3
 948 03e8 08       		.byte	0x8
 949 03e9 20       		.byte	0x20
 950 03ea 9F       		.byte	0x9f
 951 03eb 52000000 		.4byte	.LVL22
 952 03ef F0000000 		.4byte	.LVL45
 953 03f3 0100     		.2byte	0x1
 954 03f5 58       		.byte	0x58
 955 03f6 F0000000 		.4byte	.LVL45
 956 03fa 04010000 		.4byte	.LVL49
 957 03fe 0300     		.2byte	0x3
 958 0400 08       		.byte	0x8
 959 0401 20       		.byte	0x20
 960 0402 9F       		.byte	0x9f
 961 0403 04010000 		.4byte	.LVL49
 962 0407 2E010000 		.4byte	.LVL59
 963 040b 0300     		.2byte	0x3
 964 040d 08       		.byte	0x8
ARM GAS  /tmp/ccTZ1kbt.s 			page 18


 965 040e 20       		.byte	0x20
 966 040f 9F       		.byte	0x9f
 967 0410 2E010000 		.4byte	.LVL59
 968 0414 6C010000 		.4byte	.LVL75
 969 0418 0100     		.2byte	0x1
 970 041a 58       		.byte	0x58
 971 041b 72010000 		.4byte	.LVL77
 972 041f 76010000 		.4byte	.LVL78
 973 0423 0300     		.2byte	0x3
 974 0425 08       		.byte	0x8
 975 0426 20       		.byte	0x20
 976 0427 9F       		.byte	0x9f
 977 0428 76010000 		.4byte	.LVL78
 978 042c EC010000 		.4byte	.LVL92
 979 0430 0100     		.2byte	0x1
 980 0432 58       		.byte	0x58
 981 0433 00000000 		.4byte	0x0
 982 0437 00000000 		.4byte	0x0
 983              	.LLST13:
 984 043b 7A010000 		.4byte	.LVL79
 985 043f AA010000 		.4byte	.LVL85
 986 0443 0100     		.2byte	0x1
 987 0445 59       		.byte	0x59
 988 0446 AA010000 		.4byte	.LVL85
 989 044a CE010000 		.4byte	.LVL89
 990 044e 0100     		.2byte	0x1
 991 0450 59       		.byte	0x59
 992 0451 CE010000 		.4byte	.LVL89
 993 0455 D2010000 		.4byte	.LVL90
 994 0459 0300     		.2byte	0x3
 995 045b 79       		.byte	0x79
 996 045c 7F       		.sleb128 -1
 997 045d 9F       		.byte	0x9f
 998 045e D2010000 		.4byte	.LVL90
 999 0462 EC010000 		.4byte	.LVL92
 1000 0466 0100     		.2byte	0x1
 1001 0468 59       		.byte	0x59
 1002 0469 00000000 		.4byte	0x0
 1003 046d 00000000 		.4byte	0x0
 1004              	.LLST14:
 1005 0471 7C000000 		.4byte	.LVL31
 1006 0475 82000000 		.4byte	.LVL32
 1007 0479 0200     		.2byte	0x2
 1008 047b 30       		.byte	0x30
 1009 047c 9F       		.byte	0x9f
 1010 047d 82000000 		.4byte	.LVL32
 1011 0481 A0000000 		.4byte	.LVL36
 1012 0485 0100     		.2byte	0x1
 1013 0487 52       		.byte	0x52
 1014 0488 A0000000 		.4byte	.LVL36
 1015 048c A6000000 		.4byte	.LVL37
 1016 0490 0500     		.2byte	0x5
 1017 0492 72       		.byte	0x72
 1018 0493 00       		.sleb128 0
 1019 0494 3A       		.byte	0x3a
 1020 0495 1E       		.byte	0x1e
 1021 0496 9F       		.byte	0x9f
ARM GAS  /tmp/ccTZ1kbt.s 			page 19


 1022 0497 A6000000 		.4byte	.LVL37
 1023 049b A8000000 		.4byte	.LVL38
 1024 049f 0100     		.2byte	0x1
 1025 04a1 52       		.byte	0x52
 1026 04a2 A8000000 		.4byte	.LVL38
 1027 04a6 AA000000 		.4byte	.LVL39
 1028 04aa 0200     		.2byte	0x2
 1029 04ac 30       		.byte	0x30
 1030 04ad 9F       		.byte	0x9f
 1031 04ae AA000000 		.4byte	.LVL39
 1032 04b2 EE000000 		.4byte	.LVL44
 1033 04b6 0100     		.2byte	0x1
 1034 04b8 52       		.byte	0x52
 1035 04b9 F0000000 		.4byte	.LVL45
 1036 04bd F6000000 		.4byte	.LVL47
 1037 04c1 0100     		.2byte	0x1
 1038 04c3 52       		.byte	0x52
 1039 04c4 04010000 		.4byte	.LVL49
 1040 04c8 1E010000 		.4byte	.LVL53
 1041 04cc 0100     		.2byte	0x1
 1042 04ce 52       		.byte	0x52
 1043 04cf 24010000 		.4byte	.LVL55
 1044 04d3 28010000 		.4byte	.LVL57
 1045 04d7 0100     		.2byte	0x1
 1046 04d9 52       		.byte	0x52
 1047 04da 28010000 		.4byte	.LVL57
 1048 04de 2A010000 		.4byte	.LVL58
 1049 04e2 0300     		.2byte	0x3
 1050 04e4 72       		.byte	0x72
 1051 04e5 7F       		.sleb128 -1
 1052 04e6 9F       		.byte	0x9f
 1053 04e7 2A010000 		.4byte	.LVL58
 1054 04eb 32010000 		.4byte	.LVL61
 1055 04ef 0100     		.2byte	0x1
 1056 04f1 52       		.byte	0x52
 1057 04f2 4E010000 		.4byte	.LVL68
 1058 04f6 50010000 		.4byte	.LVL69
 1059 04fa 0100     		.2byte	0x1
 1060 04fc 52       		.byte	0x52
 1061 04fd 52010000 		.4byte	.LVL70
 1062 0501 54010000 		.4byte	.LVL71
 1063 0505 0100     		.2byte	0x1
 1064 0507 52       		.byte	0x52
 1065 0508 66010000 		.4byte	.LVL74
 1066 050c 6C010000 		.4byte	.LVL75
 1067 0510 0100     		.2byte	0x1
 1068 0512 52       		.byte	0x52
 1069 0513 72010000 		.4byte	.LVL77
 1070 0517 76010000 		.4byte	.LVL78
 1071 051b 0100     		.2byte	0x1
 1072 051d 52       		.byte	0x52
 1073 051e 00000000 		.4byte	0x0
 1074 0522 00000000 		.4byte	0x0
 1075              	.LLST15:
 1076 0526 52000000 		.4byte	.LVL22
 1077 052a 58000000 		.4byte	.LVL24
 1078 052e 0200     		.2byte	0x2
ARM GAS  /tmp/ccTZ1kbt.s 			page 20


 1079 0530 30       		.byte	0x30
 1080 0531 9F       		.byte	0x9f
 1081 0532 58000000 		.4byte	.LVL24
 1082 0536 76000000 		.4byte	.LVL29
 1083 053a 0100     		.2byte	0x1
 1084 053c 57       		.byte	0x57
 1085 053d 76000000 		.4byte	.LVL29
 1086 0541 7E010000 		.4byte	.LVL80
 1087 0545 0100     		.2byte	0x1
 1088 0547 57       		.byte	0x57
 1089 0548 7E010000 		.4byte	.LVL80
 1090 054c 82010000 		.4byte	.LVL81
 1091 0550 0100     		.2byte	0x1
 1092 0552 57       		.byte	0x57
 1093 0553 82010000 		.4byte	.LVL81
 1094 0557 8A010000 		.4byte	.LVL82
 1095 055b 0100     		.2byte	0x1
 1096 055d 57       		.byte	0x57
 1097 055e 8A010000 		.4byte	.LVL82
 1098 0562 B8010000 		.4byte	.LVL86
 1099 0566 0100     		.2byte	0x1
 1100 0568 57       		.byte	0x57
 1101 0569 B8010000 		.4byte	.LVL86
 1102 056d BA010000 		.4byte	.LVL87
 1103 0571 0300     		.2byte	0x3
 1104 0573 77       		.byte	0x77
 1105 0574 01       		.sleb128 1
 1106 0575 9F       		.byte	0x9f
 1107 0576 BA010000 		.4byte	.LVL87
 1108 057a E6010000 		.4byte	.LVL91
 1109 057e 0100     		.2byte	0x1
 1110 0580 57       		.byte	0x57
 1111 0581 E6010000 		.4byte	.LVL91
 1112 0585 EC010000 		.4byte	.LVL92
 1113 0589 0100     		.2byte	0x1
 1114 058b 57       		.byte	0x57
 1115 058c 00000000 		.4byte	0x0
 1116 0590 00000000 		.4byte	0x0
 1117              	.LLST16:
 1118 0594 B2000000 		.4byte	.LVL40
 1119 0598 BA000000 		.4byte	.LVL43
 1120 059c 0200     		.2byte	0x2
 1121 059e 31       		.byte	0x31
 1122 059f 9F       		.byte	0x9f
 1123 05a0 00000000 		.4byte	0x0
 1124 05a4 00000000 		.4byte	0x0
 1125              	.LLST17:
 1126 05a8 2E000000 		.4byte	.LVL16
 1127 05ac 36000000 		.4byte	.LVL17
 1128 05b0 0200     		.2byte	0x2
 1129 05b2 30       		.byte	0x30
 1130 05b3 9F       		.byte	0x9f
 1131 05b4 36000000 		.4byte	.LVL17
 1132 05b8 3C000000 		.4byte	.LVL18
 1133 05bc 0200     		.2byte	0x2
 1134 05be 31       		.byte	0x31
 1135 05bf 9F       		.byte	0x9f
ARM GAS  /tmp/ccTZ1kbt.s 			page 21


 1136 05c0 3C000000 		.4byte	.LVL18
 1137 05c4 40000000 		.4byte	.LVL19
 1138 05c8 0200     		.2byte	0x2
 1139 05ca 30       		.byte	0x30
 1140 05cb 9F       		.byte	0x9f
 1141 05cc 40000000 		.4byte	.LVL19
 1142 05d0 EC010000 		.4byte	.LVL92
 1143 05d4 0100     		.2byte	0x1
 1144 05d6 5A       		.byte	0x5a
 1145 05d7 00000000 		.4byte	0x0
 1146 05db 00000000 		.4byte	0x0
 1147              	.LLST18:
 1148 05df 36010000 		.4byte	.LVL62
 1149 05e3 42010000 		.4byte	.LVL64
 1150 05e7 0400     		.2byte	0x4
 1151 05e9 91       		.byte	0x91
 1152 05ea B47F     		.sleb128 -76
 1153 05ec 06       		.byte	0x6
 1154 05ed 42010000 		.4byte	.LVL64
 1155 05f1 48010000 		.4byte	.LVL66
 1156 05f5 0100     		.2byte	0x1
 1157 05f7 51       		.byte	0x51
 1158 05f8 48010000 		.4byte	.LVL66
 1159 05fc 4A010000 		.4byte	.LVL67
 1160 0600 0400     		.2byte	0x4
 1161 0602 91       		.byte	0x91
 1162 0603 B47F     		.sleb128 -76
 1163 0605 06       		.byte	0x6
 1164 0606 4A010000 		.4byte	.LVL67
 1165 060a 4E010000 		.4byte	.LVL68
 1166 060e 0100     		.2byte	0x1
 1167 0610 51       		.byte	0x51
 1168 0611 5E010000 		.4byte	.LVL72
 1169 0615 61010000 		.4byte	.LVL73-1
 1170 0619 0100     		.2byte	0x1
 1171 061b 51       		.byte	0x51
 1172 061c 00000000 		.4byte	0x0
 1173 0620 00000000 		.4byte	0x0
 1174              		.file 2 "/home/z80/programs/code-sourcery/2011.03-42/bin/../lib/gcc/arm-none-eabi/4.5.2/include/st
 1175              		.file 3 "/home/z80/programs/code-sourcery/2011.03-42/bin/../lib/gcc/arm-none-eabi/4.5.2/include/st
 1176              		.file 4 "/home/z80/programs/code-sourcery/2011.03-42/bin/../lib/gcc/arm-none-eabi/4.5.2/../../../.
 1177              		.file 5 "../chibios/os/ports/GCC/ARMCMx/chtypes.h"
 1178              		.file 6 "<built-in>"
 1179              		.file 7 "../chibios/os/kernel/include/chioch.h"
 1180              		.section	.debug_info
 1181 0000 F8030000 		.4byte	0x3f8
 1182 0004 0200     		.2byte	0x2
 1183 0006 00000000 		.4byte	.Ldebug_abbrev0
 1184 000a 04       		.byte	0x4
 1185 000b 01       		.uleb128 0x1
 1186 000c 07000000 		.4byte	.LASF35
 1187 0010 01       		.byte	0x1
 1188 0011 C5000000 		.4byte	.LASF36
 1189 0015 9A010000 		.4byte	.LASF37
 1190 0019 00000000 		.4byte	0x0
 1191 001d 00000000 		.4byte	0x0
 1192 0021 00000000 		.4byte	.Ldebug_ranges0+0x0
ARM GAS  /tmp/ccTZ1kbt.s 			page 22


 1193 0025 00000000 		.4byte	.Ldebug_line0
 1194 0029 02       		.uleb128 0x2
 1195 002a 9D000000 		.4byte	.LASF0
 1196 002e 02       		.byte	0x2
 1197 002f 28       		.byte	0x28
 1198 0030 34000000 		.4byte	0x34
 1199 0034 03       		.uleb128 0x3
 1200 0035 3C010000 		.4byte	.LASF19
 1201 0039 04       		.byte	0x4
 1202 003a 06       		.byte	0x6
 1203 003b 00       		.byte	0x0
 1204 003c 4E000000 		.4byte	0x4e
 1205 0040 04       		.uleb128 0x4
 1206 0041 05010000 		.4byte	.LASF38
 1207 0045 4E000000 		.4byte	0x4e
 1208 0049 02       		.byte	0x2
 1209 004a 23       		.byte	0x23
 1210 004b 00       		.uleb128 0x0
 1211 004c 01       		.byte	0x1
 1212 004d 00       		.byte	0x0
 1213 004e 05       		.uleb128 0x5
 1214 004f 04       		.byte	0x4
 1215 0050 02       		.uleb128 0x2
 1216 0051 39000000 		.4byte	.LASF1
 1217 0055 02       		.byte	0x2
 1218 0056 66       		.byte	0x66
 1219 0057 29000000 		.4byte	0x29
 1220 005b 06       		.uleb128 0x6
 1221 005c 04       		.byte	0x4
 1222 005d 05       		.byte	0x5
 1223 005e 696E7400 		.ascii	"int\000"
 1224 0062 02       		.uleb128 0x2
 1225 0063 00000000 		.4byte	.LASF2
 1226 0067 03       		.byte	0x3
 1227 0068 D3       		.byte	0xd3
 1228 0069 6D000000 		.4byte	0x6d
 1229 006d 07       		.uleb128 0x7
 1230 006e 04       		.byte	0x4
 1231 006f 07       		.byte	0x7
 1232 0070 B8000000 		.4byte	.LASF3
 1233 0074 07       		.uleb128 0x7
 1234 0075 01       		.byte	0x1
 1235 0076 06       		.byte	0x6
 1236 0077 D0010000 		.4byte	.LASF4
 1237 007b 02       		.uleb128 0x2
 1238 007c FD000000 		.4byte	.LASF5
 1239 0080 04       		.byte	0x4
 1240 0081 2A       		.byte	0x2a
 1241 0082 86000000 		.4byte	0x86
 1242 0086 07       		.uleb128 0x7
 1243 0087 01       		.byte	0x1
 1244 0088 08       		.byte	0x8
 1245 0089 41000000 		.4byte	.LASF6
 1246 008d 07       		.uleb128 0x7
 1247 008e 02       		.byte	0x2
 1248 008f 05       		.byte	0x5
 1249 0090 6E010000 		.4byte	.LASF7
ARM GAS  /tmp/ccTZ1kbt.s 			page 23


 1250 0094 07       		.uleb128 0x7
 1251 0095 02       		.byte	0x2
 1252 0096 07       		.byte	0x7
 1253 0097 67000000 		.4byte	.LASF8
 1254 009b 02       		.uleb128 0x2
 1255 009c 2D010000 		.4byte	.LASF9
 1256 00a0 04       		.byte	0x4
 1257 00a1 4F       		.byte	0x4f
 1258 00a2 A6000000 		.4byte	0xa6
 1259 00a6 07       		.uleb128 0x7
 1260 00a7 04       		.byte	0x4
 1261 00a8 05       		.byte	0x5
 1262 00a9 91010000 		.4byte	.LASF10
 1263 00ad 02       		.uleb128 0x2
 1264 00ae 88010000 		.4byte	.LASF11
 1265 00b2 04       		.byte	0x4
 1266 00b3 50       		.byte	0x50
 1267 00b4 B8000000 		.4byte	0xb8
 1268 00b8 07       		.uleb128 0x7
 1269 00b9 04       		.byte	0x4
 1270 00ba 07       		.byte	0x7
 1271 00bb 55000000 		.4byte	.LASF12
 1272 00bf 07       		.uleb128 0x7
 1273 00c0 08       		.byte	0x8
 1274 00c1 05       		.byte	0x5
 1275 00c2 46010000 		.4byte	.LASF13
 1276 00c6 07       		.uleb128 0x7
 1277 00c7 08       		.byte	0x8
 1278 00c8 07       		.byte	0x7
 1279 00c9 E6000000 		.4byte	.LASF14
 1280 00cd 02       		.uleb128 0x2
 1281 00ce 2B000000 		.4byte	.LASF15
 1282 00d2 05       		.byte	0x5
 1283 00d3 2E       		.byte	0x2e
 1284 00d4 9B000000 		.4byte	0x9b
 1285 00d8 02       		.uleb128 0x2
 1286 00d9 18010000 		.4byte	.LASF16
 1287 00dd 05       		.byte	0x5
 1288 00de 33       		.byte	0x33
 1289 00df 9B000000 		.4byte	0x9b
 1290 00e3 02       		.uleb128 0x2
 1291 00e4 13000000 		.4byte	.LASF17
 1292 00e8 05       		.byte	0x5
 1293 00e9 36       		.byte	0x36
 1294 00ea AD000000 		.4byte	0xad
 1295 00ee 08       		.uleb128 0x8
 1296 00ef 04       		.byte	0x4
 1297 00f0 F4000000 		.4byte	0xf4
 1298 00f4 09       		.uleb128 0x9
 1299 00f5 F9000000 		.4byte	0xf9
 1300 00f9 07       		.uleb128 0x7
 1301 00fa 01       		.byte	0x1
 1302 00fb 08       		.byte	0x8
 1303 00fc 5E010000 		.4byte	.LASF18
 1304 0100 08       		.uleb128 0x8
 1305 0101 04       		.byte	0x4
 1306 0102 7B000000 		.4byte	0x7b
ARM GAS  /tmp/ccTZ1kbt.s 			page 24


 1307 0106 0A       		.uleb128 0xa
 1308 0107 01       		.byte	0x1
 1309 0108 62000000 		.4byte	0x62
 1310 010c 20010000 		.4byte	0x120
 1311 0110 0B       		.uleb128 0xb
 1312 0111 4E000000 		.4byte	0x4e
 1313 0115 0B       		.uleb128 0xb
 1314 0116 20010000 		.4byte	0x120
 1315 011a 0B       		.uleb128 0xb
 1316 011b 62000000 		.4byte	0x62
 1317 011f 00       		.byte	0x0
 1318 0120 08       		.uleb128 0x8
 1319 0121 04       		.byte	0x4
 1320 0122 26010000 		.4byte	0x126
 1321 0126 09       		.uleb128 0x9
 1322 0127 7B000000 		.4byte	0x7b
 1323 012b 08       		.uleb128 0x8
 1324 012c 04       		.byte	0x4
 1325 012d 06010000 		.4byte	0x106
 1326 0131 0A       		.uleb128 0xa
 1327 0132 01       		.byte	0x1
 1328 0133 62000000 		.4byte	0x62
 1329 0137 4B010000 		.4byte	0x14b
 1330 013b 0B       		.uleb128 0xb
 1331 013c 4E000000 		.4byte	0x4e
 1332 0140 0B       		.uleb128 0xb
 1333 0141 00010000 		.4byte	0x100
 1334 0145 0B       		.uleb128 0xb
 1335 0146 62000000 		.4byte	0x62
 1336 014a 00       		.byte	0x0
 1337 014b 08       		.uleb128 0x8
 1338 014c 04       		.byte	0x4
 1339 014d 31010000 		.4byte	0x131
 1340 0151 03       		.uleb128 0x3
 1341 0152 1E010000 		.4byte	.LASF20
 1342 0156 20       		.byte	0x20
 1343 0157 07       		.byte	0x7
 1344 0158 51       		.byte	0x51
 1345 0159 CE010000 		.4byte	0x1ce
 1346 015d 0C       		.uleb128 0xc
 1347 015e 7A000000 		.4byte	.LASF21
 1348 0162 07       		.byte	0x7
 1349 0163 52       		.byte	0x52
 1350 0164 2B010000 		.4byte	0x12b
 1351 0168 02       		.byte	0x2
 1352 0169 23       		.byte	0x23
 1353 016a 00       		.uleb128 0x0
 1354 016b 0C       		.uleb128 0xc
 1355 016c AC000000 		.4byte	.LASF22
 1356 0170 07       		.byte	0x7
 1357 0171 52       		.byte	0x52
 1358 0172 4B010000 		.4byte	0x14b
 1359 0176 02       		.byte	0x2
 1360 0177 23       		.byte	0x23
 1361 0178 04       		.uleb128 0x4
 1362 0179 0C       		.uleb128 0xc
 1363 017a 8F000000 		.4byte	.LASF23
ARM GAS  /tmp/ccTZ1kbt.s 			page 25


 1364 017e 07       		.byte	0x7
 1365 017f 52       		.byte	0x52
 1366 0180 DE010000 		.4byte	0x1de
 1367 0184 02       		.byte	0x2
 1368 0185 23       		.byte	0x23
 1369 0186 08       		.uleb128 0x8
 1370 0187 0C       		.uleb128 0xc
 1371 0188 0A010000 		.4byte	.LASF24
 1372 018c 07       		.byte	0x7
 1373 018d 52       		.byte	0x52
 1374 018e DE010000 		.4byte	0x1de
 1375 0192 02       		.byte	0x2
 1376 0193 23       		.byte	0x23
 1377 0194 0C       		.uleb128 0xc
 1378 0195 0D       		.uleb128 0xd
 1379 0196 70757400 		.ascii	"put\000"
 1380 019a 07       		.byte	0x7
 1381 019b 52       		.byte	0x52
 1382 019c FE010000 		.4byte	0x1fe
 1383 01a0 02       		.byte	0x2
 1384 01a1 23       		.byte	0x23
 1385 01a2 10       		.uleb128 0x10
 1386 01a3 0D       		.uleb128 0xd
 1387 01a4 67657400 		.ascii	"get\000"
 1388 01a8 07       		.byte	0x7
 1389 01a9 52       		.byte	0x52
 1390 01aa 19020000 		.4byte	0x219
 1391 01ae 02       		.byte	0x2
 1392 01af 23       		.byte	0x23
 1393 01b0 14       		.uleb128 0x14
 1394 01b1 0C       		.uleb128 0xc
 1395 01b2 32000000 		.4byte	.LASF25
 1396 01b6 07       		.byte	0x7
 1397 01b7 52       		.byte	0x52
 1398 01b8 3E020000 		.4byte	0x23e
 1399 01bc 02       		.byte	0x2
 1400 01bd 23       		.byte	0x23
 1401 01be 18       		.uleb128 0x18
 1402 01bf 0C       		.uleb128 0xc
 1403 01c0 4F000000 		.4byte	.LASF26
 1404 01c4 07       		.byte	0x7
 1405 01c5 52       		.byte	0x52
 1406 01c6 63020000 		.4byte	0x263
 1407 01ca 02       		.byte	0x2
 1408 01cb 23       		.byte	0x23
 1409 01cc 1C       		.uleb128 0x1c
 1410 01cd 00       		.byte	0x0
 1411 01ce 0A       		.uleb128 0xa
 1412 01cf 01       		.byte	0x1
 1413 01d0 CD000000 		.4byte	0xcd
 1414 01d4 DE010000 		.4byte	0x1de
 1415 01d8 0B       		.uleb128 0xb
 1416 01d9 4E000000 		.4byte	0x4e
 1417 01dd 00       		.byte	0x0
 1418 01de 08       		.uleb128 0x8
 1419 01df 04       		.byte	0x4
 1420 01e0 CE010000 		.4byte	0x1ce
ARM GAS  /tmp/ccTZ1kbt.s 			page 26


 1421 01e4 0A       		.uleb128 0xa
 1422 01e5 01       		.byte	0x1
 1423 01e6 D8000000 		.4byte	0xd8
 1424 01ea FE010000 		.4byte	0x1fe
 1425 01ee 0B       		.uleb128 0xb
 1426 01ef 4E000000 		.4byte	0x4e
 1427 01f3 0B       		.uleb128 0xb
 1428 01f4 7B000000 		.4byte	0x7b
 1429 01f8 0B       		.uleb128 0xb
 1430 01f9 E3000000 		.4byte	0xe3
 1431 01fd 00       		.byte	0x0
 1432 01fe 08       		.uleb128 0x8
 1433 01ff 04       		.byte	0x4
 1434 0200 E4010000 		.4byte	0x1e4
 1435 0204 0A       		.uleb128 0xa
 1436 0205 01       		.byte	0x1
 1437 0206 D8000000 		.4byte	0xd8
 1438 020a 19020000 		.4byte	0x219
 1439 020e 0B       		.uleb128 0xb
 1440 020f 4E000000 		.4byte	0x4e
 1441 0213 0B       		.uleb128 0xb
 1442 0214 E3000000 		.4byte	0xe3
 1443 0218 00       		.byte	0x0
 1444 0219 08       		.uleb128 0x8
 1445 021a 04       		.byte	0x4
 1446 021b 04020000 		.4byte	0x204
 1447 021f 0A       		.uleb128 0xa
 1448 0220 01       		.byte	0x1
 1449 0221 62000000 		.4byte	0x62
 1450 0225 3E020000 		.4byte	0x23e
 1451 0229 0B       		.uleb128 0xb
 1452 022a 4E000000 		.4byte	0x4e
 1453 022e 0B       		.uleb128 0xb
 1454 022f 20010000 		.4byte	0x120
 1455 0233 0B       		.uleb128 0xb
 1456 0234 62000000 		.4byte	0x62
 1457 0238 0B       		.uleb128 0xb
 1458 0239 E3000000 		.4byte	0xe3
 1459 023d 00       		.byte	0x0
 1460 023e 08       		.uleb128 0x8
 1461 023f 04       		.byte	0x4
 1462 0240 1F020000 		.4byte	0x21f
 1463 0244 0A       		.uleb128 0xa
 1464 0245 01       		.byte	0x1
 1465 0246 62000000 		.4byte	0x62
 1466 024a 63020000 		.4byte	0x263
 1467 024e 0B       		.uleb128 0xb
 1468 024f 4E000000 		.4byte	0x4e
 1469 0253 0B       		.uleb128 0xb
 1470 0254 00010000 		.4byte	0x100
 1471 0258 0B       		.uleb128 0xb
 1472 0259 62000000 		.4byte	0x62
 1473 025d 0B       		.uleb128 0xb
 1474 025e E3000000 		.4byte	0xe3
 1475 0262 00       		.byte	0x0
 1476 0263 08       		.uleb128 0x8
 1477 0264 04       		.byte	0x4
ARM GAS  /tmp/ccTZ1kbt.s 			page 27


 1478 0265 44020000 		.4byte	0x244
 1479 0269 0E       		.uleb128 0xe
 1480 026a 04       		.byte	0x4
 1481 026b 07       		.byte	0x7
 1482 026c 5C       		.byte	0x5c
 1483 026d 80020000 		.4byte	0x280
 1484 0271 0D       		.uleb128 0xd
 1485 0272 766D7400 		.ascii	"vmt\000"
 1486 0276 07       		.byte	0x7
 1487 0277 5E       		.byte	0x5e
 1488 0278 80020000 		.4byte	0x280
 1489 027c 02       		.byte	0x2
 1490 027d 23       		.byte	0x23
 1491 027e 00       		.uleb128 0x0
 1492 027f 00       		.byte	0x0
 1493 0280 08       		.uleb128 0x8
 1494 0281 04       		.byte	0x4
 1495 0282 86020000 		.4byte	0x286
 1496 0286 09       		.uleb128 0x9
 1497 0287 51010000 		.4byte	0x151
 1498 028b 02       		.uleb128 0x2
 1499 028c E1010000 		.4byte	.LASF27
 1500 0290 07       		.byte	0x7
 1501 0291 60       		.byte	0x60
 1502 0292 69020000 		.4byte	0x269
 1503 0296 0F       		.uleb128 0xf
 1504 0297 DC010000 		.4byte	.LASF39
 1505 029b 01       		.byte	0x1
 1506 029c 2A       		.byte	0x2a
 1507 029d 01       		.byte	0x1
 1508 029e F8020000 		.4byte	0x2f8
 1509 02a2 00000000 		.4byte	.LFB0
 1510 02a6 3A000000 		.4byte	.LFE0
 1511 02aa 00000000 		.4byte	.LLST0
 1512 02ae F8020000 		.4byte	0x2f8
 1513 02b2 10       		.uleb128 0x10
 1514 02b3 7000     		.ascii	"p\000"
 1515 02b5 01       		.byte	0x1
 1516 02b6 2A       		.byte	0x2a
 1517 02b7 F8020000 		.4byte	0x2f8
 1518 02bb 20000000 		.4byte	.LLST1
 1519 02bf 10       		.uleb128 0x10
 1520 02c0 6E756D00 		.ascii	"num\000"
 1521 02c4 01       		.byte	0x1
 1522 02c5 2A       		.byte	0x2a
 1523 02c6 A6000000 		.4byte	0xa6
 1524 02ca 33000000 		.4byte	.LLST2
 1525 02ce 11       		.uleb128 0x11
 1526 02cf 25000000 		.4byte	.LASF28
 1527 02d3 01       		.byte	0x1
 1528 02d4 2A       		.byte	0x2a
 1529 02d5 6D000000 		.4byte	0x6d
 1530 02d9 51000000 		.4byte	.LLST3
 1531 02dd 12       		.uleb128 0x12
 1532 02de 6900     		.ascii	"i\000"
 1533 02e0 01       		.byte	0x1
 1534 02e1 2B       		.byte	0x2b
ARM GAS  /tmp/ccTZ1kbt.s 			page 28


 1535 02e2 5B000000 		.4byte	0x5b
 1536 02e6 64000000 		.4byte	.LLST4
 1537 02ea 12       		.uleb128 0x12
 1538 02eb 7100     		.ascii	"q\000"
 1539 02ed 01       		.byte	0x1
 1540 02ee 2C       		.byte	0x2c
 1541 02ef F8020000 		.4byte	0x2f8
 1542 02f3 9D000000 		.4byte	.LLST5
 1543 02f7 00       		.byte	0x0
 1544 02f8 08       		.uleb128 0x8
 1545 02f9 04       		.byte	0x4
 1546 02fa F9000000 		.4byte	0xf9
 1547 02fe 13       		.uleb128 0x13
 1548 02ff 01       		.byte	0x1
 1549 0300 86000000 		.4byte	.LASF40
 1550 0304 01       		.byte	0x1
 1551 0305 56       		.byte	0x56
 1552 0306 01       		.byte	0x1
 1553 0307 00000000 		.4byte	.LFB1
 1554 030b FC010000 		.4byte	.LFE1
 1555 030f C6000000 		.4byte	.LLST6
 1556 0313 E9030000 		.4byte	0x3e9
 1557 0317 10       		.uleb128 0x10
 1558 0318 63687000 		.ascii	"chp\000"
 1559 031c 01       		.byte	0x1
 1560 031d 56       		.byte	0x56
 1561 031e E9030000 		.4byte	0x3e9
 1562 0322 FF000000 		.4byte	.LLST7
 1563 0326 10       		.uleb128 0x10
 1564 0327 666D7400 		.ascii	"fmt\000"
 1565 032b 01       		.byte	0x1
 1566 032c 56       		.byte	0x56
 1567 032d EE000000 		.4byte	0xee
 1568 0331 1D010000 		.4byte	.LLST8
 1569 0335 14       		.uleb128 0x14
 1570 0336 15       		.uleb128 0x15
 1571 0337 617000   		.ascii	"ap\000"
 1572 033a 01       		.byte	0x1
 1573 033b 57       		.byte	0x57
 1574 033c 50000000 		.4byte	0x50
 1575 0340 02       		.byte	0x2
 1576 0341 91       		.byte	0x91
 1577 0342 4C       		.sleb128 -52
 1578 0343 16       		.uleb128 0x16
 1579 0344 35010000 		.4byte	.LASF29
 1580 0348 01       		.byte	0x1
 1581 0349 58       		.byte	0x58
 1582 034a EF030000 		.4byte	0x3ef
 1583 034e 02       		.byte	0x2
 1584 034f 91       		.byte	0x91
 1585 0350 40       		.sleb128 -64
 1586 0351 12       		.uleb128 0x12
 1587 0352 7000     		.ascii	"p\000"
 1588 0354 01       		.byte	0x1
 1589 0355 59       		.byte	0x59
 1590 0356 F8020000 		.4byte	0x2f8
 1591 035a AE010000 		.4byte	.LLST9
ARM GAS  /tmp/ccTZ1kbt.s 			page 29


 1592 035e 12       		.uleb128 0x12
 1593 035f 7300     		.ascii	"s\000"
 1594 0361 01       		.byte	0x1
 1595 0362 59       		.byte	0x59
 1596 0363 F8020000 		.4byte	0x2f8
 1597 0367 6F020000 		.4byte	.LLST10
 1598 036b 12       		.uleb128 0x12
 1599 036c 6300     		.ascii	"c\000"
 1600 036e 01       		.byte	0x1
 1601 036f 59       		.byte	0x59
 1602 0370 F9000000 		.4byte	0xf9
 1603 0374 DF020000 		.4byte	.LLST11
 1604 0378 17       		.uleb128 0x17
 1605 0379 B1000000 		.4byte	.LASF30
 1606 037d 01       		.byte	0x1
 1607 037e 59       		.byte	0x59
 1608 037f F9000000 		.4byte	0xf9
 1609 0383 C4030000 		.4byte	.LLST12
 1610 0387 12       		.uleb128 0x12
 1611 0388 6900     		.ascii	"i\000"
 1612 038a 01       		.byte	0x1
 1613 038b 5A       		.byte	0x5a
 1614 038c 5B000000 		.4byte	0x5b
 1615 0390 3B040000 		.4byte	.LLST13
 1616 0394 17       		.uleb128 0x17
 1617 0395 54010000 		.4byte	.LASF31
 1618 0399 01       		.byte	0x1
 1619 039a 5A       		.byte	0x5a
 1620 039b 5B000000 		.4byte	0x5b
 1621 039f 71040000 		.4byte	.LLST14
 1622 03a3 17       		.uleb128 0x17
 1623 03a4 80000000 		.4byte	.LASF32
 1624 03a8 01       		.byte	0x1
 1625 03a9 5A       		.byte	0x5a
 1626 03aa 5B000000 		.4byte	0x5b
 1627 03ae 26050000 		.4byte	.LLST15
 1628 03b2 17       		.uleb128 0x17
 1629 03b3 1D000000 		.4byte	.LASF33
 1630 03b7 01       		.byte	0x1
 1631 03b8 5B       		.byte	0x5b
 1632 03b9 CD000000 		.4byte	0xcd
 1633 03bd 94050000 		.4byte	.LLST16
 1634 03c1 17       		.uleb128 0x17
 1635 03c2 63010000 		.4byte	.LASF34
 1636 03c6 01       		.byte	0x1
 1637 03c7 5B       		.byte	0x5b
 1638 03c8 CD000000 		.4byte	0xcd
 1639 03cc A8050000 		.4byte	.LLST17
 1640 03d0 12       		.uleb128 0x12
 1641 03d1 6C00     		.ascii	"l\000"
 1642 03d3 01       		.byte	0x1
 1643 03d4 5C       		.byte	0x5c
 1644 03d5 A6000000 		.4byte	0xa6
 1645 03d9 DF050000 		.4byte	.LLST18
 1646 03dd 18       		.uleb128 0x18
 1647 03de 78010000 		.4byte	.LASF41
 1648 03e2 01       		.byte	0x1
ARM GAS  /tmp/ccTZ1kbt.s 			page 30


 1649 03e3 BD       		.byte	0xbd
 1650 03e4 54010000 		.4byte	.L25
 1651 03e8 00       		.byte	0x0
 1652 03e9 08       		.uleb128 0x8
 1653 03ea 04       		.byte	0x4
 1654 03eb 8B020000 		.4byte	0x28b
 1655 03ef 19       		.uleb128 0x19
 1656 03f0 F9000000 		.4byte	0xf9
 1657 03f4 1A       		.uleb128 0x1a
 1658 03f5 6D000000 		.4byte	0x6d
 1659 03f9 0B       		.byte	0xb
 1660 03fa 00       		.byte	0x0
 1661 03fb 00       		.byte	0x0
 1662              		.section	.debug_abbrev
 1663 0000 01       		.uleb128 0x1
 1664 0001 11       		.uleb128 0x11
 1665 0002 01       		.byte	0x1
 1666 0003 25       		.uleb128 0x25
 1667 0004 0E       		.uleb128 0xe
 1668 0005 13       		.uleb128 0x13
 1669 0006 0B       		.uleb128 0xb
 1670 0007 03       		.uleb128 0x3
 1671 0008 0E       		.uleb128 0xe
 1672 0009 1B       		.uleb128 0x1b
 1673 000a 0E       		.uleb128 0xe
 1674 000b 11       		.uleb128 0x11
 1675 000c 01       		.uleb128 0x1
 1676 000d 52       		.uleb128 0x52
 1677 000e 01       		.uleb128 0x1
 1678 000f 55       		.uleb128 0x55
 1679 0010 06       		.uleb128 0x6
 1680 0011 10       		.uleb128 0x10
 1681 0012 06       		.uleb128 0x6
 1682 0013 00       		.byte	0x0
 1683 0014 00       		.byte	0x0
 1684 0015 02       		.uleb128 0x2
 1685 0016 16       		.uleb128 0x16
 1686 0017 00       		.byte	0x0
 1687 0018 03       		.uleb128 0x3
 1688 0019 0E       		.uleb128 0xe
 1689 001a 3A       		.uleb128 0x3a
 1690 001b 0B       		.uleb128 0xb
 1691 001c 3B       		.uleb128 0x3b
 1692 001d 0B       		.uleb128 0xb
 1693 001e 49       		.uleb128 0x49
 1694 001f 13       		.uleb128 0x13
 1695 0020 00       		.byte	0x0
 1696 0021 00       		.byte	0x0
 1697 0022 03       		.uleb128 0x3
 1698 0023 13       		.uleb128 0x13
 1699 0024 01       		.byte	0x1
 1700 0025 03       		.uleb128 0x3
 1701 0026 0E       		.uleb128 0xe
 1702 0027 0B       		.uleb128 0xb
 1703 0028 0B       		.uleb128 0xb
 1704 0029 3A       		.uleb128 0x3a
 1705 002a 0B       		.uleb128 0xb
ARM GAS  /tmp/ccTZ1kbt.s 			page 31


 1706 002b 3B       		.uleb128 0x3b
 1707 002c 0B       		.uleb128 0xb
 1708 002d 01       		.uleb128 0x1
 1709 002e 13       		.uleb128 0x13
 1710 002f 00       		.byte	0x0
 1711 0030 00       		.byte	0x0
 1712 0031 04       		.uleb128 0x4
 1713 0032 0D       		.uleb128 0xd
 1714 0033 00       		.byte	0x0
 1715 0034 03       		.uleb128 0x3
 1716 0035 0E       		.uleb128 0xe
 1717 0036 49       		.uleb128 0x49
 1718 0037 13       		.uleb128 0x13
 1719 0038 38       		.uleb128 0x38
 1720 0039 0A       		.uleb128 0xa
 1721 003a 34       		.uleb128 0x34
 1722 003b 0C       		.uleb128 0xc
 1723 003c 00       		.byte	0x0
 1724 003d 00       		.byte	0x0
 1725 003e 05       		.uleb128 0x5
 1726 003f 0F       		.uleb128 0xf
 1727 0040 00       		.byte	0x0
 1728 0041 0B       		.uleb128 0xb
 1729 0042 0B       		.uleb128 0xb
 1730 0043 00       		.byte	0x0
 1731 0044 00       		.byte	0x0
 1732 0045 06       		.uleb128 0x6
 1733 0046 24       		.uleb128 0x24
 1734 0047 00       		.byte	0x0
 1735 0048 0B       		.uleb128 0xb
 1736 0049 0B       		.uleb128 0xb
 1737 004a 3E       		.uleb128 0x3e
 1738 004b 0B       		.uleb128 0xb
 1739 004c 03       		.uleb128 0x3
 1740 004d 08       		.uleb128 0x8
 1741 004e 00       		.byte	0x0
 1742 004f 00       		.byte	0x0
 1743 0050 07       		.uleb128 0x7
 1744 0051 24       		.uleb128 0x24
 1745 0052 00       		.byte	0x0
 1746 0053 0B       		.uleb128 0xb
 1747 0054 0B       		.uleb128 0xb
 1748 0055 3E       		.uleb128 0x3e
 1749 0056 0B       		.uleb128 0xb
 1750 0057 03       		.uleb128 0x3
 1751 0058 0E       		.uleb128 0xe
 1752 0059 00       		.byte	0x0
 1753 005a 00       		.byte	0x0
 1754 005b 08       		.uleb128 0x8
 1755 005c 0F       		.uleb128 0xf
 1756 005d 00       		.byte	0x0
 1757 005e 0B       		.uleb128 0xb
 1758 005f 0B       		.uleb128 0xb
 1759 0060 49       		.uleb128 0x49
 1760 0061 13       		.uleb128 0x13
 1761 0062 00       		.byte	0x0
 1762 0063 00       		.byte	0x0
ARM GAS  /tmp/ccTZ1kbt.s 			page 32


 1763 0064 09       		.uleb128 0x9
 1764 0065 26       		.uleb128 0x26
 1765 0066 00       		.byte	0x0
 1766 0067 49       		.uleb128 0x49
 1767 0068 13       		.uleb128 0x13
 1768 0069 00       		.byte	0x0
 1769 006a 00       		.byte	0x0
 1770 006b 0A       		.uleb128 0xa
 1771 006c 15       		.uleb128 0x15
 1772 006d 01       		.byte	0x1
 1773 006e 27       		.uleb128 0x27
 1774 006f 0C       		.uleb128 0xc
 1775 0070 49       		.uleb128 0x49
 1776 0071 13       		.uleb128 0x13
 1777 0072 01       		.uleb128 0x1
 1778 0073 13       		.uleb128 0x13
 1779 0074 00       		.byte	0x0
 1780 0075 00       		.byte	0x0
 1781 0076 0B       		.uleb128 0xb
 1782 0077 05       		.uleb128 0x5
 1783 0078 00       		.byte	0x0
 1784 0079 49       		.uleb128 0x49
 1785 007a 13       		.uleb128 0x13
 1786 007b 00       		.byte	0x0
 1787 007c 00       		.byte	0x0
 1788 007d 0C       		.uleb128 0xc
 1789 007e 0D       		.uleb128 0xd
 1790 007f 00       		.byte	0x0
 1791 0080 03       		.uleb128 0x3
 1792 0081 0E       		.uleb128 0xe
 1793 0082 3A       		.uleb128 0x3a
 1794 0083 0B       		.uleb128 0xb
 1795 0084 3B       		.uleb128 0x3b
 1796 0085 0B       		.uleb128 0xb
 1797 0086 49       		.uleb128 0x49
 1798 0087 13       		.uleb128 0x13
 1799 0088 38       		.uleb128 0x38
 1800 0089 0A       		.uleb128 0xa
 1801 008a 00       		.byte	0x0
 1802 008b 00       		.byte	0x0
 1803 008c 0D       		.uleb128 0xd
 1804 008d 0D       		.uleb128 0xd
 1805 008e 00       		.byte	0x0
 1806 008f 03       		.uleb128 0x3
 1807 0090 08       		.uleb128 0x8
 1808 0091 3A       		.uleb128 0x3a
 1809 0092 0B       		.uleb128 0xb
 1810 0093 3B       		.uleb128 0x3b
 1811 0094 0B       		.uleb128 0xb
 1812 0095 49       		.uleb128 0x49
 1813 0096 13       		.uleb128 0x13
 1814 0097 38       		.uleb128 0x38
 1815 0098 0A       		.uleb128 0xa
 1816 0099 00       		.byte	0x0
 1817 009a 00       		.byte	0x0
 1818 009b 0E       		.uleb128 0xe
 1819 009c 13       		.uleb128 0x13
ARM GAS  /tmp/ccTZ1kbt.s 			page 33


 1820 009d 01       		.byte	0x1
 1821 009e 0B       		.uleb128 0xb
 1822 009f 0B       		.uleb128 0xb
 1823 00a0 3A       		.uleb128 0x3a
 1824 00a1 0B       		.uleb128 0xb
 1825 00a2 3B       		.uleb128 0x3b
 1826 00a3 0B       		.uleb128 0xb
 1827 00a4 01       		.uleb128 0x1
 1828 00a5 13       		.uleb128 0x13
 1829 00a6 00       		.byte	0x0
 1830 00a7 00       		.byte	0x0
 1831 00a8 0F       		.uleb128 0xf
 1832 00a9 2E       		.uleb128 0x2e
 1833 00aa 01       		.byte	0x1
 1834 00ab 03       		.uleb128 0x3
 1835 00ac 0E       		.uleb128 0xe
 1836 00ad 3A       		.uleb128 0x3a
 1837 00ae 0B       		.uleb128 0xb
 1838 00af 3B       		.uleb128 0x3b
 1839 00b0 0B       		.uleb128 0xb
 1840 00b1 27       		.uleb128 0x27
 1841 00b2 0C       		.uleb128 0xc
 1842 00b3 49       		.uleb128 0x49
 1843 00b4 13       		.uleb128 0x13
 1844 00b5 11       		.uleb128 0x11
 1845 00b6 01       		.uleb128 0x1
 1846 00b7 12       		.uleb128 0x12
 1847 00b8 01       		.uleb128 0x1
 1848 00b9 40       		.uleb128 0x40
 1849 00ba 06       		.uleb128 0x6
 1850 00bb 01       		.uleb128 0x1
 1851 00bc 13       		.uleb128 0x13
 1852 00bd 00       		.byte	0x0
 1853 00be 00       		.byte	0x0
 1854 00bf 10       		.uleb128 0x10
 1855 00c0 05       		.uleb128 0x5
 1856 00c1 00       		.byte	0x0
 1857 00c2 03       		.uleb128 0x3
 1858 00c3 08       		.uleb128 0x8
 1859 00c4 3A       		.uleb128 0x3a
 1860 00c5 0B       		.uleb128 0xb
 1861 00c6 3B       		.uleb128 0x3b
 1862 00c7 0B       		.uleb128 0xb
 1863 00c8 49       		.uleb128 0x49
 1864 00c9 13       		.uleb128 0x13
 1865 00ca 02       		.uleb128 0x2
 1866 00cb 06       		.uleb128 0x6
 1867 00cc 00       		.byte	0x0
 1868 00cd 00       		.byte	0x0
 1869 00ce 11       		.uleb128 0x11
 1870 00cf 05       		.uleb128 0x5
 1871 00d0 00       		.byte	0x0
 1872 00d1 03       		.uleb128 0x3
 1873 00d2 0E       		.uleb128 0xe
 1874 00d3 3A       		.uleb128 0x3a
 1875 00d4 0B       		.uleb128 0xb
 1876 00d5 3B       		.uleb128 0x3b
ARM GAS  /tmp/ccTZ1kbt.s 			page 34


 1877 00d6 0B       		.uleb128 0xb
 1878 00d7 49       		.uleb128 0x49
 1879 00d8 13       		.uleb128 0x13
 1880 00d9 02       		.uleb128 0x2
 1881 00da 06       		.uleb128 0x6
 1882 00db 00       		.byte	0x0
 1883 00dc 00       		.byte	0x0
 1884 00dd 12       		.uleb128 0x12
 1885 00de 34       		.uleb128 0x34
 1886 00df 00       		.byte	0x0
 1887 00e0 03       		.uleb128 0x3
 1888 00e1 08       		.uleb128 0x8
 1889 00e2 3A       		.uleb128 0x3a
 1890 00e3 0B       		.uleb128 0xb
 1891 00e4 3B       		.uleb128 0x3b
 1892 00e5 0B       		.uleb128 0xb
 1893 00e6 49       		.uleb128 0x49
 1894 00e7 13       		.uleb128 0x13
 1895 00e8 02       		.uleb128 0x2
 1896 00e9 06       		.uleb128 0x6
 1897 00ea 00       		.byte	0x0
 1898 00eb 00       		.byte	0x0
 1899 00ec 13       		.uleb128 0x13
 1900 00ed 2E       		.uleb128 0x2e
 1901 00ee 01       		.byte	0x1
 1902 00ef 3F       		.uleb128 0x3f
 1903 00f0 0C       		.uleb128 0xc
 1904 00f1 03       		.uleb128 0x3
 1905 00f2 0E       		.uleb128 0xe
 1906 00f3 3A       		.uleb128 0x3a
 1907 00f4 0B       		.uleb128 0xb
 1908 00f5 3B       		.uleb128 0x3b
 1909 00f6 0B       		.uleb128 0xb
 1910 00f7 27       		.uleb128 0x27
 1911 00f8 0C       		.uleb128 0xc
 1912 00f9 11       		.uleb128 0x11
 1913 00fa 01       		.uleb128 0x1
 1914 00fb 12       		.uleb128 0x12
 1915 00fc 01       		.uleb128 0x1
 1916 00fd 40       		.uleb128 0x40
 1917 00fe 06       		.uleb128 0x6
 1918 00ff 01       		.uleb128 0x1
 1919 0100 13       		.uleb128 0x13
 1920 0101 00       		.byte	0x0
 1921 0102 00       		.byte	0x0
 1922 0103 14       		.uleb128 0x14
 1923 0104 18       		.uleb128 0x18
 1924 0105 00       		.byte	0x0
 1925 0106 00       		.byte	0x0
 1926 0107 00       		.byte	0x0
 1927 0108 15       		.uleb128 0x15
 1928 0109 34       		.uleb128 0x34
 1929 010a 00       		.byte	0x0
 1930 010b 03       		.uleb128 0x3
 1931 010c 08       		.uleb128 0x8
 1932 010d 3A       		.uleb128 0x3a
 1933 010e 0B       		.uleb128 0xb
ARM GAS  /tmp/ccTZ1kbt.s 			page 35


 1934 010f 3B       		.uleb128 0x3b
 1935 0110 0B       		.uleb128 0xb
 1936 0111 49       		.uleb128 0x49
 1937 0112 13       		.uleb128 0x13
 1938 0113 02       		.uleb128 0x2
 1939 0114 0A       		.uleb128 0xa
 1940 0115 00       		.byte	0x0
 1941 0116 00       		.byte	0x0
 1942 0117 16       		.uleb128 0x16
 1943 0118 34       		.uleb128 0x34
 1944 0119 00       		.byte	0x0
 1945 011a 03       		.uleb128 0x3
 1946 011b 0E       		.uleb128 0xe
 1947 011c 3A       		.uleb128 0x3a
 1948 011d 0B       		.uleb128 0xb
 1949 011e 3B       		.uleb128 0x3b
 1950 011f 0B       		.uleb128 0xb
 1951 0120 49       		.uleb128 0x49
 1952 0121 13       		.uleb128 0x13
 1953 0122 02       		.uleb128 0x2
 1954 0123 0A       		.uleb128 0xa
 1955 0124 00       		.byte	0x0
 1956 0125 00       		.byte	0x0
 1957 0126 17       		.uleb128 0x17
 1958 0127 34       		.uleb128 0x34
 1959 0128 00       		.byte	0x0
 1960 0129 03       		.uleb128 0x3
 1961 012a 0E       		.uleb128 0xe
 1962 012b 3A       		.uleb128 0x3a
 1963 012c 0B       		.uleb128 0xb
 1964 012d 3B       		.uleb128 0x3b
 1965 012e 0B       		.uleb128 0xb
 1966 012f 49       		.uleb128 0x49
 1967 0130 13       		.uleb128 0x13
 1968 0131 02       		.uleb128 0x2
 1969 0132 06       		.uleb128 0x6
 1970 0133 00       		.byte	0x0
 1971 0134 00       		.byte	0x0
 1972 0135 18       		.uleb128 0x18
 1973 0136 0A       		.uleb128 0xa
 1974 0137 00       		.byte	0x0
 1975 0138 03       		.uleb128 0x3
 1976 0139 0E       		.uleb128 0xe
 1977 013a 3A       		.uleb128 0x3a
 1978 013b 0B       		.uleb128 0xb
 1979 013c 3B       		.uleb128 0x3b
 1980 013d 0B       		.uleb128 0xb
 1981 013e 11       		.uleb128 0x11
 1982 013f 01       		.uleb128 0x1
 1983 0140 00       		.byte	0x0
 1984 0141 00       		.byte	0x0
 1985 0142 19       		.uleb128 0x19
 1986 0143 01       		.uleb128 0x1
 1987 0144 01       		.byte	0x1
 1988 0145 49       		.uleb128 0x49
 1989 0146 13       		.uleb128 0x13
 1990 0147 00       		.byte	0x0
ARM GAS  /tmp/ccTZ1kbt.s 			page 36


 1991 0148 00       		.byte	0x0
 1992 0149 1A       		.uleb128 0x1a
 1993 014a 21       		.uleb128 0x21
 1994 014b 00       		.byte	0x0
 1995 014c 49       		.uleb128 0x49
 1996 014d 13       		.uleb128 0x13
 1997 014e 2F       		.uleb128 0x2f
 1998 014f 0B       		.uleb128 0xb
 1999 0150 00       		.byte	0x0
 2000 0151 00       		.byte	0x0
 2001 0152 00       		.byte	0x0
 2002              		.section	.debug_pubnames,"",%progbits
 2003 0000 1B000000 		.4byte	0x1b
 2004 0004 0200     		.2byte	0x2
 2005 0006 00000000 		.4byte	.Ldebug_info0
 2006 000a FC030000 		.4byte	0x3fc
 2007 000e FE020000 		.4byte	0x2fe
 2008 0012 63687072 		.ascii	"chprintf\000"
 2008      696E7466 
 2008      00
 2009 001b 00000000 		.4byte	0x0
 2010              		.section	.debug_pubtypes,"",%progbits
 2011 0000 B1000000 		.4byte	0xb1
 2012 0004 0200     		.2byte	0x2
 2013 0006 00000000 		.4byte	.Ldebug_info0
 2014 000a FC030000 		.4byte	0x3fc
 2015 000e 34000000 		.4byte	0x34
 2016 0012 5F5F7661 		.ascii	"__va_list\000"
 2016      5F6C6973 
 2016      7400
 2017 001c 29000000 		.4byte	0x29
 2018 0020 5F5F676E 		.ascii	"__gnuc_va_list\000"
 2018      75635F76 
 2018      615F6C69 
 2018      737400
 2019 002f 50000000 		.4byte	0x50
 2020 0033 76615F6C 		.ascii	"va_list\000"
 2020      69737400 
 2021 003b 62000000 		.4byte	0x62
 2022 003f 73697A65 		.ascii	"size_t\000"
 2022      5F7400
 2023 0046 7B000000 		.4byte	0x7b
 2024 004a 75696E74 		.ascii	"uint8_t\000"
 2024      385F7400 
 2025 0052 9B000000 		.4byte	0x9b
 2026 0056 696E7433 		.ascii	"int32_t\000"
 2026      325F7400 
 2027 005e AD000000 		.4byte	0xad
 2028 0062 75696E74 		.ascii	"uint32_t\000"
 2028      33325F74 
 2028      00
 2029 006b CD000000 		.4byte	0xcd
 2030 006f 626F6F6C 		.ascii	"bool_t\000"
 2030      5F7400
 2031 0076 D8000000 		.4byte	0xd8
 2032 007a 6D73675F 		.ascii	"msg_t\000"
 2032      7400
ARM GAS  /tmp/ccTZ1kbt.s 			page 37


 2033 0080 E3000000 		.4byte	0xe3
 2034 0084 73797374 		.ascii	"systime_t\000"
 2034      696D655F 
 2034      7400
 2035 008e 51010000 		.4byte	0x151
 2036 0092 42617365 		.ascii	"BaseChannelVMT\000"
 2036      4368616E 
 2036      6E656C56 
 2036      4D5400
 2037 00a1 8B020000 		.4byte	0x28b
 2038 00a5 42617365 		.ascii	"BaseChannel\000"
 2038      4368616E 
 2038      6E656C00 
 2039 00b1 00000000 		.4byte	0x0
 2040              		.section	.debug_aranges,"",%progbits
 2041 0000 24000000 		.4byte	0x24
 2042 0004 0200     		.2byte	0x2
 2043 0006 00000000 		.4byte	.Ldebug_info0
 2044 000a 04       		.byte	0x4
 2045 000b 00       		.byte	0x0
 2046 000c 0000     		.2byte	0x0
 2047 000e 0000     		.2byte	0x0
 2048 0010 00000000 		.4byte	.LFB0
 2049 0014 3A000000 		.4byte	.LFE0-.LFB0
 2050 0018 00000000 		.4byte	.LFB1
 2051 001c FC010000 		.4byte	.LFE1-.LFB1
 2052 0020 00000000 		.4byte	0x0
 2053 0024 00000000 		.4byte	0x0
 2054              		.section	.debug_ranges,"",%progbits
 2055              	.Ldebug_ranges0:
 2056 0000 00000000 		.4byte	.LFB0
 2057 0004 3A000000 		.4byte	.LFE0
 2058 0008 00000000 		.4byte	.LFB1
 2059 000c FC010000 		.4byte	.LFE1
 2060 0010 00000000 		.4byte	0x0
 2061 0014 00000000 		.4byte	0x0
 2062              		.section	.debug_str,"MS",%progbits,1
 2063              	.LASF2:
 2064 0000 73697A65 		.ascii	"size_t\000"
 2064      5F7400
 2065              	.LASF35:
 2066 0007 474E5520 		.ascii	"GNU C 4.5.2\000"
 2066      4320342E 
 2066      352E3200 
 2067              	.LASF17:
 2068 0013 73797374 		.ascii	"systime_t\000"
 2068      696D655F 
 2068      7400
 2069              	.LASF33:
 2070 001d 69735F6C 		.ascii	"is_long\000"
 2070      6F6E6700 
 2071              	.LASF28:
 2072 0025 72616469 		.ascii	"radix\000"
 2072      7800
 2073              	.LASF15:
 2074 002b 626F6F6C 		.ascii	"bool_t\000"
 2074      5F7400
ARM GAS  /tmp/ccTZ1kbt.s 			page 38


 2075              	.LASF25:
 2076 0032 77726974 		.ascii	"writet\000"
 2076      657400
 2077              	.LASF1:
 2078 0039 76615F6C 		.ascii	"va_list\000"
 2078      69737400 
 2079              	.LASF6:
 2080 0041 756E7369 		.ascii	"unsigned char\000"
 2080      676E6564 
 2080      20636861 
 2080      7200
 2081              	.LASF26:
 2082 004f 72656164 		.ascii	"readt\000"
 2082      7400
 2083              	.LASF12:
 2084 0055 6C6F6E67 		.ascii	"long unsigned int\000"
 2084      20756E73 
 2084      69676E65 
 2084      6420696E 
 2084      7400
 2085              	.LASF8:
 2086 0067 73686F72 		.ascii	"short unsigned int\000"
 2086      7420756E 
 2086      7369676E 
 2086      65642069 
 2086      6E7400
 2087              	.LASF21:
 2088 007a 77726974 		.ascii	"write\000"
 2088      6500
 2089              	.LASF32:
 2090 0080 77696474 		.ascii	"width\000"
 2090      6800
 2091              	.LASF40:
 2092 0086 63687072 		.ascii	"chprintf\000"
 2092      696E7466 
 2092      00
 2093              	.LASF23:
 2094 008f 70757477 		.ascii	"putwouldblock\000"
 2094      6F756C64 
 2094      626C6F63 
 2094      6B00
 2095              	.LASF0:
 2096 009d 5F5F676E 		.ascii	"__gnuc_va_list\000"
 2096      75635F76 
 2096      615F6C69 
 2096      737400
 2097              	.LASF22:
 2098 00ac 72656164 		.ascii	"read\000"
 2098      00
 2099              	.LASF30:
 2100 00b1 66696C6C 		.ascii	"filler\000"
 2100      657200
 2101              	.LASF3:
 2102 00b8 756E7369 		.ascii	"unsigned int\000"
 2102      676E6564 
 2102      20696E74 
 2102      00
ARM GAS  /tmp/ccTZ1kbt.s 			page 39


 2103              	.LASF36:
 2104 00c5 2E2E2F63 		.ascii	"../chibios/os/various/chprintf.c\000"
 2104      68696269 
 2104      6F732F6F 
 2104      732F7661 
 2104      72696F75 
 2105              	.LASF14:
 2106 00e6 6C6F6E67 		.ascii	"long long unsigned int\000"
 2106      206C6F6E 
 2106      6720756E 
 2106      7369676E 
 2106      65642069 
 2107              	.LASF5:
 2108 00fd 75696E74 		.ascii	"uint8_t\000"
 2108      385F7400 
 2109              	.LASF38:
 2110 0105 5F5F6170 		.ascii	"__ap\000"
 2110      00
 2111              	.LASF24:
 2112 010a 67657477 		.ascii	"getwouldblock\000"
 2112      6F756C64 
 2112      626C6F63 
 2112      6B00
 2113              	.LASF16:
 2114 0118 6D73675F 		.ascii	"msg_t\000"
 2114      7400
 2115              	.LASF20:
 2116 011e 42617365 		.ascii	"BaseChannelVMT\000"
 2116      4368616E 
 2116      6E656C56 
 2116      4D5400
 2117              	.LASF9:
 2118 012d 696E7433 		.ascii	"int32_t\000"
 2118      325F7400 
 2119              	.LASF29:
 2120 0135 746D7062 		.ascii	"tmpbuf\000"
 2120      756600
 2121              	.LASF19:
 2122 013c 5F5F7661 		.ascii	"__va_list\000"
 2122      5F6C6973 
 2122      7400
 2123              	.LASF13:
 2124 0146 6C6F6E67 		.ascii	"long long int\000"
 2124      206C6F6E 
 2124      6720696E 
 2124      7400
 2125              	.LASF31:
 2126 0154 70726563 		.ascii	"precision\000"
 2126      6973696F 
 2126      6E00
 2127              	.LASF18:
 2128 015e 63686172 		.ascii	"char\000"
 2128      00
 2129              	.LASF34:
 2130 0163 6C656674 		.ascii	"left_align\000"
 2130      5F616C69 
 2130      676E00
ARM GAS  /tmp/ccTZ1kbt.s 			page 40


 2131              	.LASF7:
 2132 016e 73686F72 		.ascii	"short int\000"
 2132      7420696E 
 2132      7400
 2133              	.LASF41:
 2134 0178 756E7369 		.ascii	"unsigned_common\000"
 2134      676E6564 
 2134      5F636F6D 
 2134      6D6F6E00 
 2135              	.LASF11:
 2136 0188 75696E74 		.ascii	"uint32_t\000"
 2136      33325F74 
 2136      00
 2137              	.LASF10:
 2138 0191 6C6F6E67 		.ascii	"long int\000"
 2138      20696E74 
 2138      00
 2139              	.LASF37:
 2140 019a 2F686F6D 		.ascii	"/home/z80/projects/dfu.git/firmware-pawn-dev/firmwa"
 2140      652F7A38 
 2140      302F7072 
 2140      6F6A6563 
 2140      74732F64 
 2141 01cd 726500   		.ascii	"re\000"
 2142              	.LASF4:
 2143 01d0 7369676E 		.ascii	"signed char\000"
 2143      65642063 
 2143      68617200 
 2144              	.LASF39:
 2145 01dc 6C746F61 		.ascii	"ltoa\000"
 2145      00
 2146              	.LASF27:
 2147 01e1 42617365 		.ascii	"BaseChannel\000"
 2147      4368616E 
 2147      6E656C00 
 2148              		.ident	"GCC: (Sourcery G++ Lite 2011.03-42) 4.5.2"
ARM GAS  /tmp/ccTZ1kbt.s 			page 41


DEFINED SYMBOLS
                            *ABS*:00000000 chprintf.c
     /tmp/ccTZ1kbt.s:24     .text.ltoa:00000000 $t
     /tmp/ccTZ1kbt.s:28     .text.ltoa:00000000 ltoa
     /tmp/ccTZ1kbt.s:96     .text.chprintf:00000000 $t
     /tmp/ccTZ1kbt.s:101    .text.chprintf:00000000 chprintf
     /tmp/ccTZ1kbt.s:554    .text.chprintf:000001f8 $d
                     .debug_frame:00000010 $d

NO UNDEFINED SYMBOLS
