ARM GAS  /tmp/ccfVoTFF.s 			page 1


   1              		.syntax unified
   2              		.cpu cortex-m3
   3              		.fpu softvfp
   4              		.eabi_attribute 20, 1
   5              		.eabi_attribute 21, 1
   6              		.eabi_attribute 23, 3
   7              		.eabi_attribute 24, 1
   8              		.eabi_attribute 25, 1
   9              		.eabi_attribute 26, 1
  10              		.eabi_attribute 30, 4
  11              		.eabi_attribute 18, 4
  12              		.thumb
  13              		.file	"chregistry.c"
  14              		.section	.debug_abbrev,"",%progbits
  15              	.Ldebug_abbrev0:
  16              		.section	.debug_info,"",%progbits
  17              	.Ldebug_info0:
  18              		.section	.debug_line,"",%progbits
  19              	.Ldebug_line0:
  20 0000 81010000 		.text
  20      02004501 
  20      00000201 
  20      FB0E0D00 
  20      01010101 
  21              	.Ltext0:
  22              		.cfi_sections	.debug_frame
  23              		.section	.text.chRegFirstThread,"ax",%progbits
  24              		.align	1
  25              		.global	chRegFirstThread
  26              		.thumb
  27              		.thumb_func
  28              		.type	chRegFirstThread, %function
  29              	chRegFirstThread:
  30              	.LFB0:
  31              		.file 1 "../chibios/os/kernel/src/chregistry.c"
  32              		.loc 1 72 0
  33              		.cfi_startproc
  34              		@ args = 0, pretend = 0, frame = 0
  35              		@ frame_needed = 0, uses_anonymous_args = 0
  36 0000 10B5     		push	{r4, lr}
  37              	.LCFI0:
  38              		.cfi_def_cfa_offset 8
  39              		.loc 1 75 0
  40              	@ 75 "../chibios/os/kernel/src/chregistry.c" 1
  41 0002 FFF7FEFF 		bl      _port_lock
  42              	@ 0 "" 2
  43              		.thumb
  44              		.cfi_offset 14, -4
  45              		.cfi_offset 4, -8
  46 0006 FFF7FEFF 		bl	dbg_check_lock
  47              		.loc 1 76 0
  48 000a 064B     		ldr	r3, .L2
  49 000c 1C69     		ldr	r4, [r3, #16]
  50              	.LVL0:
  51              		.loc 1 78 0
  52 000e 94F82230 		ldrb	r3, [r4, #34]	@ zero_extendqisi2
  53              	.LVL1:
ARM GAS  /tmp/ccfVoTFF.s 			page 2


  54 0012 0133     		adds	r3, r3, #1
  55 0014 84F82230 		strb	r3, [r4, #34]
  56              		.loc 1 80 0
  57 0018 FFF7FEFF 		bl	dbg_check_unlock
  58              	.LVL2:
  59              	@ 80 "../chibios/os/kernel/src/chregistry.c" 1
  60 001c FFF7FEFF 		bl      _port_unlock
  61              	@ 0 "" 2
  62              		.loc 1 82 0
  63              		.thumb
  64 0020 2046     		mov	r0, r4
  65 0022 10BD     		pop	{r4, pc}
  66              	.L3:
  67              		.align	2
  68              	.L2:
  69 0024 00000000 		.word	rlist
  70              		.cfi_endproc
  71              	.LFE0:
  72              		.size	chRegFirstThread, .-chRegFirstThread
  73              		.section	.text.chRegNextThread,"ax",%progbits
  74              		.align	1
  75              		.global	chRegNextThread
  76              		.thumb
  77              		.thumb_func
  78              		.type	chRegNextThread, %function
  79              	chRegNextThread:
  80              	.LFB1:
  81              		.loc 1 95 0
  82              		.cfi_startproc
  83              		@ args = 0, pretend = 0, frame = 0
  84              		@ frame_needed = 0, uses_anonymous_args = 0
  85              	.LVL3:
  86 0000 38B5     		push	{r3, r4, r5, lr}
  87              	.LCFI1:
  88              		.cfi_def_cfa_offset 16
  89              		.loc 1 95 0
  90 0002 0546     		mov	r5, r0
  91              		.cfi_offset 14, -4
  92              		.cfi_offset 5, -8
  93              		.cfi_offset 4, -12
  94              		.cfi_offset 3, -16
  95              		.loc 1 98 0
  96              	@ 98 "../chibios/os/kernel/src/chregistry.c" 1
  97 0004 FFF7FEFF 		bl      _port_lock
  98              	@ 0 "" 2
  99              		.thumb
 100 0008 FFF7FEFF 		bl	dbg_check_lock
 101              	.LVL4:
 102              		.loc 1 99 0
 103 000c 2C69     		ldr	r4, [r5, #16]
 104              	.LVL5:
 105              		.loc 1 100 0
 106 000e 0D4B     		ldr	r3, .L8
 107 0010 9C42     		cmp	r4, r3
 108 0012 0CD0     		beq	.L7
 109              		.loc 1 104 0
 110 0014 94F82230 		ldrb	r3, [r4, #34]	@ zero_extendqisi2
ARM GAS  /tmp/ccfVoTFF.s 			page 3


 111 0018 FF2B     		cmp	r3, #255
 112 001a 02D1     		bne	.L6
 113              		.loc 1 104 0 is_stmt 0 discriminator 1
 114 001c 0A48     		ldr	r0, .L8+4
 115 001e FFF7FEFF 		bl	chDbgPanic
 116              	.LVL6:
 117              	.L6:
 118              		.loc 1 106 0 is_stmt 1
 119 0022 94F82230 		ldrb	r3, [r4, #34]	@ zero_extendqisi2
 120 0026 0133     		adds	r3, r3, #1
 121 0028 84F82230 		strb	r3, [r4, #34]
 122 002c 00E0     		b	.L5
 123              	.L7:
 124              		.loc 1 101 0
 125 002e 0024     		movs	r4, #0
 126              	.LVL7:
 127              	.L5:
 128              		.loc 1 109 0
 129 0030 FFF7FEFF 		bl	dbg_check_unlock
 130              	@ 109 "../chibios/os/kernel/src/chregistry.c" 1
 131 0034 FFF7FEFF 		bl      _port_unlock
 132              	@ 0 "" 2
 133              		.loc 1 111 0
 134              		.thumb
 135 0038 2846     		mov	r0, r5
 136 003a FFF7FEFF 		bl	chThdRelease
 137              		.loc 1 114 0
 138 003e 2046     		mov	r0, r4
 139 0040 38BD     		pop	{r3, r4, r5, pc}
 140              	.L9:
 141 0042 00BF     		.align	2
 142              	.L8:
 143 0044 00000000 		.word	rlist
 144 0048 00000000 		.word	.LC0
 145              		.cfi_endproc
 146              	.LFE1:
 147              		.size	chRegNextThread, .-chRegNextThread
 148              		.section	.rodata.str1.1,"aMS",%progbits,1
 149              	.LC0:
 150 0000 63685265 		.ascii	"chRegNextThread(), #1\000"
 150      674E6578 
 150      74546872 
 150      65616428 
 150      292C2023 
 151              		.text
 152              	.Letext0:
 153              		.section	.debug_loc,"",%progbits
 154              	.Ldebug_loc0:
 155              	.LLST0:
 156 0000 00000000 		.4byte	.LFB0
 157 0004 02000000 		.4byte	.LCFI0
 158 0008 0200     		.2byte	0x2
 159 000a 7D       		.byte	0x7d
 160 000b 00       		.sleb128 0
 161 000c 02000000 		.4byte	.LCFI0
 162 0010 28000000 		.4byte	.LFE0
 163 0014 0200     		.2byte	0x2
ARM GAS  /tmp/ccfVoTFF.s 			page 4


 164 0016 7D       		.byte	0x7d
 165 0017 08       		.sleb128 8
 166 0018 00000000 		.4byte	0x0
 167 001c 00000000 		.4byte	0x0
 168              	.LLST1:
 169 0020 0E000000 		.4byte	.LVL0
 170 0024 12000000 		.4byte	.LVL1
 171 0028 0200     		.2byte	0x2
 172 002a 73       		.byte	0x73
 173 002b 10       		.sleb128 16
 174 002c 1B000000 		.4byte	.LVL2-1
 175 0030 28000000 		.4byte	.LFE0
 176 0034 0100     		.2byte	0x1
 177 0036 54       		.byte	0x54
 178 0037 00000000 		.4byte	0x0
 179 003b 00000000 		.4byte	0x0
 180              	.LLST2:
 181 003f 00000000 		.4byte	.LFB1
 182 0043 02000000 		.4byte	.LCFI1
 183 0047 0200     		.2byte	0x2
 184 0049 7D       		.byte	0x7d
 185 004a 00       		.sleb128 0
 186 004b 02000000 		.4byte	.LCFI1
 187 004f 4C000000 		.4byte	.LFE1
 188 0053 0200     		.2byte	0x2
 189 0055 7D       		.byte	0x7d
 190 0056 10       		.sleb128 16
 191 0057 00000000 		.4byte	0x0
 192 005b 00000000 		.4byte	0x0
 193              	.LLST3:
 194 005f 00000000 		.4byte	.LVL3
 195 0063 0B000000 		.4byte	.LVL4-1
 196 0067 0100     		.2byte	0x1
 197 0069 50       		.byte	0x50
 198 006a 0B000000 		.4byte	.LVL4-1
 199 006e 4C000000 		.4byte	.LFE1
 200 0072 0100     		.2byte	0x1
 201 0074 55       		.byte	0x55
 202 0075 00000000 		.4byte	0x0
 203 0079 00000000 		.4byte	0x0
 204              	.LLST4:
 205 007d 0E000000 		.4byte	.LVL5
 206 0081 21000000 		.4byte	.LVL6-1
 207 0085 0200     		.2byte	0x2
 208 0087 75       		.byte	0x75
 209 0088 10       		.sleb128 16
 210 0089 21000000 		.4byte	.LVL6-1
 211 008d 30000000 		.4byte	.LVL7
 212 0091 0100     		.2byte	0x1
 213 0093 54       		.byte	0x54
 214 0094 30000000 		.4byte	.LVL7
 215 0098 4C000000 		.4byte	.LFE1
 216 009c 0100     		.2byte	0x1
 217 009e 54       		.byte	0x54
 218 009f 00000000 		.4byte	0x0
 219 00a3 00000000 		.4byte	0x0
 220              		.file 2 "/home/z80/programs/code-sourcery/2011.03-42/bin/../lib/gcc/arm-none-eabi/4.5.2/../../../.
ARM GAS  /tmp/ccfVoTFF.s 			page 5


 221              		.file 3 "../chibios/os/ports/GCC/ARMCMx/chtypes.h"
 222              		.file 4 "../chibios/os/kernel/include/chlists.h"
 223              		.file 5 "../chibios/os/kernel/include/chthreads.h"
 224              		.file 6 "../chibios/os/ports/GCC/ARMCMx/chcore_v7m.h"
 225              		.file 7 "../chibios/os/kernel/include/chschd.h"
 226              		.file 8 "../chibios/os/kernel/include/chmtx.h"
 227              		.section	.debug_info
 228 0000 D7040000 		.4byte	0x4d7
 229 0004 0200     		.2byte	0x2
 230 0006 00000000 		.4byte	.Ldebug_abbrev0
 231 000a 04       		.byte	0x4
 232 000b 01       		.uleb128 0x1
 233 000c A7020000 		.4byte	.LASF67
 234 0010 01       		.byte	0x1
 235 0011 16000000 		.4byte	.LASF68
 236 0015 08010000 		.4byte	.LASF69
 237 0019 00000000 		.4byte	0x0
 238 001d 00000000 		.4byte	0x0
 239 0021 00000000 		.4byte	.Ldebug_ranges0+0x0
 240 0025 00000000 		.4byte	.Ldebug_line0
 241 0029 02       		.uleb128 0x2
 242 002a 04       		.byte	0x4
 243 002b 05       		.byte	0x5
 244 002c 696E7400 		.ascii	"int\000"
 245 0030 03       		.uleb128 0x3
 246 0031 04       		.byte	0x4
 247 0032 07       		.byte	0x7
 248 0033 E1000000 		.4byte	.LASF0
 249 0037 03       		.uleb128 0x3
 250 0038 01       		.byte	0x1
 251 0039 06       		.byte	0x6
 252 003a 82000000 		.4byte	.LASF1
 253 003e 04       		.uleb128 0x4
 254 003f 98020000 		.4byte	.LASF5
 255 0043 02       		.byte	0x2
 256 0044 2A       		.byte	0x2a
 257 0045 49000000 		.4byte	0x49
 258 0049 03       		.uleb128 0x3
 259 004a 01       		.byte	0x1
 260 004b 08       		.byte	0x8
 261 004c C1010000 		.4byte	.LASF2
 262 0050 03       		.uleb128 0x3
 263 0051 02       		.byte	0x2
 264 0052 05       		.byte	0x5
 265 0053 D9010000 		.4byte	.LASF3
 266 0057 03       		.uleb128 0x3
 267 0058 02       		.byte	0x2
 268 0059 07       		.byte	0x7
 269 005a 5C020000 		.4byte	.LASF4
 270 005e 04       		.uleb128 0x4
 271 005f B9010000 		.4byte	.LASF6
 272 0063 02       		.byte	0x2
 273 0064 4F       		.byte	0x4f
 274 0065 69000000 		.4byte	0x69
 275 0069 03       		.uleb128 0x3
 276 006a 04       		.byte	0x4
 277 006b 05       		.byte	0x5
ARM GAS  /tmp/ccfVoTFF.s 			page 6


 278 006c A5000000 		.4byte	.LASF7
 279 0070 04       		.uleb128 0x4
 280 0071 1A020000 		.4byte	.LASF8
 281 0075 02       		.byte	0x2
 282 0076 50       		.byte	0x50
 283 0077 7B000000 		.4byte	0x7b
 284 007b 03       		.uleb128 0x3
 285 007c 04       		.byte	0x4
 286 007d 07       		.byte	0x7
 287 007e EE000000 		.4byte	.LASF9
 288 0082 03       		.uleb128 0x3
 289 0083 08       		.byte	0x8
 290 0084 05       		.byte	0x5
 291 0085 74000000 		.4byte	.LASF10
 292 0089 04       		.uleb128 0x4
 293 008a 0D000000 		.4byte	.LASF11
 294 008e 02       		.byte	0x2
 295 008f 78       		.byte	0x78
 296 0090 94000000 		.4byte	0x94
 297 0094 03       		.uleb128 0x3
 298 0095 08       		.byte	0x8
 299 0096 07       		.byte	0x7
 300 0097 3C000000 		.4byte	.LASF12
 301 009b 04       		.uleb128 0x4
 302 009c 44010000 		.4byte	.LASF13
 303 00a0 03       		.byte	0x3
 304 00a1 2F       		.byte	0x2f
 305 00a2 3E000000 		.4byte	0x3e
 306 00a6 04       		.uleb128 0x4
 307 00a7 AE000000 		.4byte	.LASF14
 308 00ab 03       		.byte	0x3
 309 00ac 30       		.byte	0x30
 310 00ad 3E000000 		.4byte	0x3e
 311 00b1 04       		.uleb128 0x4
 312 00b2 A2010000 		.4byte	.LASF15
 313 00b6 03       		.byte	0x3
 314 00b7 31       		.byte	0x31
 315 00b8 3E000000 		.4byte	0x3e
 316 00bc 04       		.uleb128 0x4
 317 00bd B1010000 		.4byte	.LASF16
 318 00c1 03       		.byte	0x3
 319 00c2 32       		.byte	0x32
 320 00c3 70000000 		.4byte	0x70
 321 00c7 04       		.uleb128 0x4
 322 00c8 3E010000 		.4byte	.LASF17
 323 00cc 03       		.byte	0x3
 324 00cd 33       		.byte	0x33
 325 00ce 5E000000 		.4byte	0x5e
 326 00d2 04       		.uleb128 0x4
 327 00d3 58010000 		.4byte	.LASF18
 328 00d7 03       		.byte	0x3
 329 00d8 35       		.byte	0x35
 330 00d9 70000000 		.4byte	0x70
 331 00dd 04       		.uleb128 0x4
 332 00de 47020000 		.4byte	.LASF19
 333 00e2 03       		.byte	0x3
 334 00e3 36       		.byte	0x36
ARM GAS  /tmp/ccfVoTFF.s 			page 7


 335 00e4 70000000 		.4byte	0x70
 336 00e8 04       		.uleb128 0x4
 337 00e9 D0000000 		.4byte	.LASF20
 338 00ed 03       		.byte	0x3
 339 00ee 37       		.byte	0x37
 340 00ef 5E000000 		.4byte	0x5e
 341 00f3 04       		.uleb128 0x4
 342 00f4 08020000 		.4byte	.LASF21
 343 00f8 04       		.byte	0x4
 344 00f9 2A       		.byte	0x2a
 345 00fa FE000000 		.4byte	0xfe
 346 00fe 05       		.uleb128 0x5
 347 00ff 08020000 		.4byte	.LASF21
 348 0103 4C       		.byte	0x4c
 349 0104 05       		.byte	0x5
 350 0105 5E       		.byte	0x5e
 351 0106 23020000 		.4byte	0x223
 352 010a 06       		.uleb128 0x6
 353 010b F9010000 		.4byte	.LASF22
 354 010f 05       		.byte	0x5
 355 0110 5F       		.byte	0x5f
 356 0111 48020000 		.4byte	0x248
 357 0115 02       		.byte	0x2
 358 0116 23       		.byte	0x23
 359 0117 00       		.uleb128 0x0
 360 0118 06       		.uleb128 0x6
 361 0119 AA010000 		.4byte	.LASF23
 362 011d 05       		.byte	0x5
 363 011e 61       		.byte	0x61
 364 011f 48020000 		.4byte	0x248
 365 0123 02       		.byte	0x2
 366 0124 23       		.byte	0x23
 367 0125 04       		.uleb128 0x4
 368 0126 06       		.uleb128 0x6
 369 0127 6D000000 		.4byte	.LASF24
 370 012b 05       		.byte	0x5
 371 012c 63       		.byte	0x63
 372 012d BC000000 		.4byte	0xbc
 373 0131 02       		.byte	0x2
 374 0132 23       		.byte	0x23
 375 0133 08       		.uleb128 0x8
 376 0134 06       		.uleb128 0x6
 377 0135 CC020000 		.4byte	.LASF25
 378 0139 05       		.byte	0x5
 379 013a 64       		.byte	0x64
 380 013b 20030000 		.4byte	0x320
 381 013f 02       		.byte	0x2
 382 0140 23       		.byte	0x23
 383 0141 0C       		.uleb128 0xc
 384 0142 06       		.uleb128 0x6
 385 0143 B7000000 		.4byte	.LASF26
 386 0147 05       		.byte	0x5
 387 0148 66       		.byte	0x66
 388 0149 48020000 		.4byte	0x248
 389 014d 02       		.byte	0x2
 390 014e 23       		.byte	0x23
 391 014f 10       		.uleb128 0x10
ARM GAS  /tmp/ccfVoTFF.s 			page 8


 392 0150 06       		.uleb128 0x6
 393 0151 75010000 		.4byte	.LASF27
 394 0155 05       		.byte	0x5
 395 0156 67       		.byte	0x67
 396 0157 48020000 		.4byte	0x248
 397 015b 02       		.byte	0x2
 398 015c 23       		.byte	0x23
 399 015d 14       		.uleb128 0x14
 400 015e 06       		.uleb128 0x6
 401 015f B3020000 		.4byte	.LASF28
 402 0163 05       		.byte	0x5
 403 0164 6E       		.byte	0x6e
 404 0165 3B040000 		.4byte	0x43b
 405 0169 02       		.byte	0x2
 406 016a 23       		.byte	0x23
 407 016b 18       		.uleb128 0x18
 408 016c 06       		.uleb128 0x6
 409 016d D6000000 		.4byte	.LASF29
 410 0171 05       		.byte	0x5
 411 0172 74       		.byte	0x74
 412 0173 4D040000 		.4byte	0x44d
 413 0177 02       		.byte	0x2
 414 0178 23       		.byte	0x23
 415 0179 1C       		.uleb128 0x1c
 416 017a 06       		.uleb128 0x6
 417 017b E3010000 		.4byte	.LASF30
 418 017f 05       		.byte	0x5
 419 0180 79       		.byte	0x79
 420 0181 A6000000 		.4byte	0xa6
 421 0185 02       		.byte	0x2
 422 0186 23       		.byte	0x23
 423 0187 20       		.uleb128 0x20
 424 0188 06       		.uleb128 0x6
 425 0189 00020000 		.4byte	.LASF31
 426 018d 05       		.byte	0x5
 427 018e 7D       		.byte	0x7d
 428 018f 9B000000 		.4byte	0x9b
 429 0193 02       		.byte	0x2
 430 0194 23       		.byte	0x23
 431 0195 21       		.uleb128 0x21
 432 0196 06       		.uleb128 0x6
 433 0197 81020000 		.4byte	.LASF32
 434 019b 05       		.byte	0x5
 435 019c 82       		.byte	0x82
 436 019d B1000000 		.4byte	0xb1
 437 01a1 02       		.byte	0x2
 438 01a2 23       		.byte	0x23
 439 01a3 22       		.uleb128 0x22
 440 01a4 06       		.uleb128 0x6
 441 01a5 A0020000 		.4byte	.LASF33
 442 01a9 05       		.byte	0x5
 443 01aa 89       		.byte	0x89
 444 01ab 43030000 		.4byte	0x343
 445 01af 02       		.byte	0x2
 446 01b0 23       		.byte	0x23
 447 01b1 24       		.uleb128 0x24
 448 01b2 07       		.uleb128 0x7
ARM GAS  /tmp/ccfVoTFF.s 			page 9


 449 01b3 705F7500 		.ascii	"p_u\000"
 450 01b7 05       		.byte	0x5
 451 01b8 AE       		.byte	0xae
 452 01b9 06040000 		.4byte	0x406
 453 01bd 02       		.byte	0x2
 454 01be 23       		.byte	0x23
 455 01bf 28       		.uleb128 0x28
 456 01c0 06       		.uleb128 0x6
 457 01c1 D2020000 		.4byte	.LASF34
 458 01c5 05       		.byte	0x5
 459 01c6 B3       		.byte	0xb3
 460 01c7 70020000 		.4byte	0x270
 461 01cb 02       		.byte	0x2
 462 01cc 23       		.byte	0x23
 463 01cd 2C       		.uleb128 0x2c
 464 01ce 06       		.uleb128 0x6
 465 01cf 76020000 		.4byte	.LASF35
 466 01d3 05       		.byte	0x5
 467 01d4 B9       		.byte	0xb9
 468 01d5 4E020000 		.4byte	0x24e
 469 01d9 02       		.byte	0x2
 470 01da 23       		.byte	0x23
 471 01db 30       		.uleb128 0x30
 472 01dc 06       		.uleb128 0x6
 473 01dd 00000000 		.4byte	.LASF36
 474 01e1 05       		.byte	0x5
 475 01e2 BD       		.byte	0xbd
 476 01e3 C7000000 		.4byte	0xc7
 477 01e7 02       		.byte	0x2
 478 01e8 23       		.byte	0x23
 479 01e9 38       		.uleb128 0x38
 480 01ea 06       		.uleb128 0x6
 481 01eb 0F020000 		.4byte	.LASF37
 482 01ef 05       		.byte	0x5
 483 01f0 C3       		.byte	0xc3
 484 01f1 D2000000 		.4byte	0xd2
 485 01f5 02       		.byte	0x2
 486 01f6 23       		.byte	0x23
 487 01f7 3C       		.uleb128 0x3c
 488 01f8 06       		.uleb128 0x6
 489 01f9 CF010000 		.4byte	.LASF38
 490 01fd 05       		.byte	0x5
 491 01fe CA       		.byte	0xca
 492 01ff 53040000 		.4byte	0x453
 493 0203 02       		.byte	0x2
 494 0204 23       		.byte	0x23
 495 0205 40       		.uleb128 0x40
 496 0206 06       		.uleb128 0x6
 497 0207 51020000 		.4byte	.LASF39
 498 020b 05       		.byte	0x5
 499 020c CE       		.byte	0xce
 500 020d BC000000 		.4byte	0xbc
 501 0211 02       		.byte	0x2
 502 0212 23       		.byte	0x23
 503 0213 44       		.uleb128 0x44
 504 0214 06       		.uleb128 0x6
 505 0215 8E000000 		.4byte	.LASF40
ARM GAS  /tmp/ccfVoTFF.s 			page 10


 506 0219 05       		.byte	0x5
 507 021a D4       		.byte	0xd4
 508 021b 86020000 		.4byte	0x286
 509 021f 02       		.byte	0x2
 510 0220 23       		.byte	0x23
 511 0221 48       		.uleb128 0x48
 512 0222 00       		.byte	0x0
 513 0223 08       		.uleb128 0x8
 514 0224 08       		.byte	0x8
 515 0225 04       		.byte	0x4
 516 0226 61       		.byte	0x61
 517 0227 48020000 		.4byte	0x248
 518 022b 06       		.uleb128 0x6
 519 022c F9010000 		.4byte	.LASF22
 520 0230 04       		.byte	0x4
 521 0231 62       		.byte	0x62
 522 0232 48020000 		.4byte	0x248
 523 0236 02       		.byte	0x2
 524 0237 23       		.byte	0x23
 525 0238 00       		.uleb128 0x0
 526 0239 06       		.uleb128 0x6
 527 023a AA010000 		.4byte	.LASF23
 528 023e 04       		.byte	0x4
 529 023f 64       		.byte	0x64
 530 0240 48020000 		.4byte	0x248
 531 0244 02       		.byte	0x2
 532 0245 23       		.byte	0x23
 533 0246 04       		.uleb128 0x4
 534 0247 00       		.byte	0x0
 535 0248 09       		.uleb128 0x9
 536 0249 04       		.byte	0x4
 537 024a F3000000 		.4byte	0xf3
 538 024e 04       		.uleb128 0x4
 539 024f 83010000 		.4byte	.LASF41
 540 0253 04       		.byte	0x4
 541 0254 66       		.byte	0x66
 542 0255 23020000 		.4byte	0x223
 543 0259 08       		.uleb128 0x8
 544 025a 04       		.byte	0x4
 545 025b 04       		.byte	0x4
 546 025c 6B       		.byte	0x6b
 547 025d 70020000 		.4byte	0x270
 548 0261 06       		.uleb128 0x6
 549 0262 F9010000 		.4byte	.LASF22
 550 0266 04       		.byte	0x4
 551 0267 6D       		.byte	0x6d
 552 0268 48020000 		.4byte	0x248
 553 026c 02       		.byte	0x2
 554 026d 23       		.byte	0x23
 555 026e 00       		.uleb128 0x0
 556 026f 00       		.byte	0x0
 557 0270 04       		.uleb128 0x4
 558 0271 4C010000 		.4byte	.LASF42
 559 0275 04       		.byte	0x4
 560 0276 70       		.byte	0x70
 561 0277 59020000 		.4byte	0x259
 562 027b 04       		.uleb128 0x4
ARM GAS  /tmp/ccfVoTFF.s 			page 11


 563 027c C7000000 		.4byte	.LASF43
 564 0280 06       		.byte	0x6
 565 0281 D7       		.byte	0xd7
 566 0282 86020000 		.4byte	0x286
 567 0286 0A       		.uleb128 0xa
 568 0287 04       		.byte	0x4
 569 0288 04       		.uleb128 0x4
 570 0289 6A010000 		.4byte	.LASF44
 571 028d 06       		.byte	0x6
 572 028e DD       		.byte	0xdd
 573 028f 89000000 		.4byte	0x89
 574 0293 05       		.uleb128 0x5
 575 0294 6F020000 		.4byte	.LASF45
 576 0298 24       		.byte	0x24
 577 0299 06       		.byte	0x6
 578 029a FE       		.byte	0xfe
 579 029b 20030000 		.4byte	0x320
 580 029f 0B       		.uleb128 0xb
 581 02a0 723400   		.ascii	"r4\000"
 582 02a3 06       		.byte	0x6
 583 02a4 1101     		.2byte	0x111
 584 02a6 7B020000 		.4byte	0x27b
 585 02aa 02       		.byte	0x2
 586 02ab 23       		.byte	0x23
 587 02ac 00       		.uleb128 0x0
 588 02ad 0B       		.uleb128 0xb
 589 02ae 723500   		.ascii	"r5\000"
 590 02b1 06       		.byte	0x6
 591 02b2 1201     		.2byte	0x112
 592 02b4 7B020000 		.4byte	0x27b
 593 02b8 02       		.byte	0x2
 594 02b9 23       		.byte	0x23
 595 02ba 04       		.uleb128 0x4
 596 02bb 0B       		.uleb128 0xb
 597 02bc 723600   		.ascii	"r6\000"
 598 02bf 06       		.byte	0x6
 599 02c0 1301     		.2byte	0x113
 600 02c2 7B020000 		.4byte	0x27b
 601 02c6 02       		.byte	0x2
 602 02c7 23       		.byte	0x23
 603 02c8 08       		.uleb128 0x8
 604 02c9 0B       		.uleb128 0xb
 605 02ca 723700   		.ascii	"r7\000"
 606 02cd 06       		.byte	0x6
 607 02ce 1401     		.2byte	0x114
 608 02d0 7B020000 		.4byte	0x27b
 609 02d4 02       		.byte	0x2
 610 02d5 23       		.byte	0x23
 611 02d6 0C       		.uleb128 0xc
 612 02d7 0B       		.uleb128 0xb
 613 02d8 723800   		.ascii	"r8\000"
 614 02db 06       		.byte	0x6
 615 02dc 1501     		.2byte	0x115
 616 02de 7B020000 		.4byte	0x27b
 617 02e2 02       		.byte	0x2
 618 02e3 23       		.byte	0x23
 619 02e4 10       		.uleb128 0x10
ARM GAS  /tmp/ccfVoTFF.s 			page 12


 620 02e5 0B       		.uleb128 0xb
 621 02e6 723900   		.ascii	"r9\000"
 622 02e9 06       		.byte	0x6
 623 02ea 1601     		.2byte	0x116
 624 02ec 7B020000 		.4byte	0x27b
 625 02f0 02       		.byte	0x2
 626 02f1 23       		.byte	0x23
 627 02f2 14       		.uleb128 0x14
 628 02f3 0B       		.uleb128 0xb
 629 02f4 72313000 		.ascii	"r10\000"
 630 02f8 06       		.byte	0x6
 631 02f9 1701     		.2byte	0x117
 632 02fb 7B020000 		.4byte	0x27b
 633 02ff 02       		.byte	0x2
 634 0300 23       		.byte	0x23
 635 0301 18       		.uleb128 0x18
 636 0302 0B       		.uleb128 0xb
 637 0303 72313100 		.ascii	"r11\000"
 638 0307 06       		.byte	0x6
 639 0308 1801     		.2byte	0x118
 640 030a 7B020000 		.4byte	0x27b
 641 030e 02       		.byte	0x2
 642 030f 23       		.byte	0x23
 643 0310 1C       		.uleb128 0x1c
 644 0311 0B       		.uleb128 0xb
 645 0312 6C7200   		.ascii	"lr\000"
 646 0315 06       		.byte	0x6
 647 0316 1901     		.2byte	0x119
 648 0318 7B020000 		.4byte	0x27b
 649 031c 02       		.byte	0x2
 650 031d 23       		.byte	0x23
 651 031e 20       		.uleb128 0x20
 652 031f 00       		.byte	0x0
 653 0320 0C       		.uleb128 0xc
 654 0321 00010000 		.4byte	.LASF46
 655 0325 04       		.byte	0x4
 656 0326 06       		.byte	0x6
 657 0327 2301     		.2byte	0x123
 658 0329 3D030000 		.4byte	0x33d
 659 032d 0B       		.uleb128 0xb
 660 032e 72313300 		.ascii	"r13\000"
 661 0332 06       		.byte	0x6
 662 0333 2401     		.2byte	0x124
 663 0335 3D030000 		.4byte	0x33d
 664 0339 02       		.byte	0x2
 665 033a 23       		.byte	0x23
 666 033b 00       		.uleb128 0x0
 667 033c 00       		.byte	0x0
 668 033d 09       		.uleb128 0x9
 669 033e 04       		.byte	0x4
 670 033f 93020000 		.4byte	0x293
 671 0343 0D       		.uleb128 0xd
 672 0344 DD000000 		.4byte	0xdd
 673 0348 08       		.uleb128 0x8
 674 0349 20       		.byte	0x20
 675 034a 07       		.byte	0x7
 676 034b 5E       		.byte	0x5e
ARM GAS  /tmp/ccfVoTFF.s 			page 13


 677 034c B3030000 		.4byte	0x3b3
 678 0350 06       		.uleb128 0x6
 679 0351 23020000 		.4byte	.LASF47
 680 0355 07       		.byte	0x7
 681 0356 5F       		.byte	0x5f
 682 0357 4E020000 		.4byte	0x24e
 683 035b 02       		.byte	0x2
 684 035c 23       		.byte	0x23
 685 035d 00       		.uleb128 0x0
 686 035e 06       		.uleb128 0x6
 687 035f EB010000 		.4byte	.LASF48
 688 0363 07       		.byte	0x7
 689 0364 60       		.byte	0x60
 690 0365 BC000000 		.4byte	0xbc
 691 0369 02       		.byte	0x2
 692 036a 23       		.byte	0x23
 693 036b 08       		.uleb128 0x8
 694 036c 06       		.uleb128 0x6
 695 036d 7D010000 		.4byte	.LASF49
 696 0371 07       		.byte	0x7
 697 0372 62       		.byte	0x62
 698 0373 20030000 		.4byte	0x320
 699 0377 02       		.byte	0x2
 700 0378 23       		.byte	0x23
 701 0379 0C       		.uleb128 0xc
 702 037a 06       		.uleb128 0x6
 703 037b BF000000 		.4byte	.LASF50
 704 037f 07       		.byte	0x7
 705 0380 65       		.byte	0x65
 706 0381 48020000 		.4byte	0x248
 707 0385 02       		.byte	0x2
 708 0386 23       		.byte	0x23
 709 0387 10       		.uleb128 0x10
 710 0388 06       		.uleb128 0x6
 711 0389 9A010000 		.4byte	.LASF51
 712 038d 07       		.byte	0x7
 713 038e 66       		.byte	0x66
 714 038f 48020000 		.4byte	0x248
 715 0393 02       		.byte	0x2
 716 0394 23       		.byte	0x23
 717 0395 14       		.uleb128 0x14
 718 0396 06       		.uleb128 0x6
 719 0397 BA020000 		.4byte	.LASF52
 720 039b 07       		.byte	0x7
 721 039c 6A       		.byte	0x6a
 722 039d E8000000 		.4byte	0xe8
 723 03a1 02       		.byte	0x2
 724 03a2 23       		.byte	0x23
 725 03a3 18       		.uleb128 0x18
 726 03a4 06       		.uleb128 0x6
 727 03a5 90010000 		.4byte	.LASF53
 728 03a9 07       		.byte	0x7
 729 03aa 6C       		.byte	0x6c
 730 03ab 48020000 		.4byte	0x248
 731 03af 02       		.byte	0x2
 732 03b0 23       		.byte	0x23
 733 03b1 1C       		.uleb128 0x1c
ARM GAS  /tmp/ccfVoTFF.s 			page 14


 734 03b2 00       		.byte	0x0
 735 03b3 04       		.uleb128 0x4
 736 03b4 88020000 		.4byte	.LASF54
 737 03b8 07       		.byte	0x7
 738 03b9 6E       		.byte	0x6e
 739 03ba 48030000 		.4byte	0x348
 740 03be 05       		.uleb128 0x5
 741 03bf 64010000 		.4byte	.LASF55
 742 03c3 10       		.byte	0x10
 743 03c4 08       		.byte	0x8
 744 03c5 2C       		.byte	0x2c
 745 03c6 F5030000 		.4byte	0x3f5
 746 03ca 06       		.uleb128 0x6
 747 03cb 96000000 		.4byte	.LASF56
 748 03cf 08       		.byte	0x8
 749 03d0 2D       		.byte	0x2d
 750 03d1 4E020000 		.4byte	0x24e
 751 03d5 02       		.byte	0x2
 752 03d6 23       		.byte	0x23
 753 03d7 00       		.uleb128 0x0
 754 03d8 06       		.uleb128 0x6
 755 03d9 C4020000 		.4byte	.LASF57
 756 03dd 08       		.byte	0x8
 757 03de 2F       		.byte	0x2f
 758 03df 48020000 		.4byte	0x248
 759 03e3 02       		.byte	0x2
 760 03e4 23       		.byte	0x23
 761 03e5 08       		.uleb128 0x8
 762 03e6 06       		.uleb128 0x6
 763 03e7 40020000 		.4byte	.LASF58
 764 03eb 08       		.byte	0x8
 765 03ec 31       		.byte	0x31
 766 03ed F5030000 		.4byte	0x3f5
 767 03f1 02       		.byte	0x2
 768 03f2 23       		.byte	0x23
 769 03f3 0C       		.uleb128 0xc
 770 03f4 00       		.byte	0x0
 771 03f5 09       		.uleb128 0x9
 772 03f6 04       		.byte	0x4
 773 03f7 BE030000 		.4byte	0x3be
 774 03fb 04       		.uleb128 0x4
 775 03fc 64010000 		.4byte	.LASF55
 776 0400 08       		.byte	0x8
 777 0401 33       		.byte	0x33
 778 0402 BE030000 		.4byte	0x3be
 779 0406 0E       		.uleb128 0xe
 780 0407 04       		.byte	0x4
 781 0408 05       		.byte	0x5
 782 0409 90       		.byte	0x90
 783 040a 3B040000 		.4byte	0x43b
 784 040e 0F       		.uleb128 0xf
 785 040f 06000000 		.4byte	.LASF59
 786 0413 05       		.byte	0x5
 787 0414 97       		.byte	0x97
 788 0415 C7000000 		.4byte	0xc7
 789 0419 0F       		.uleb128 0xf
 790 041a 53000000 		.4byte	.LASF60
ARM GAS  /tmp/ccfVoTFF.s 			page 15


 791 041e 05       		.byte	0x5
 792 041f 9E       		.byte	0x9e
 793 0420 C7000000 		.4byte	0xc7
 794 0424 0F       		.uleb128 0xf
 795 0425 9E000000 		.4byte	.LASF61
 796 0429 05       		.byte	0x5
 797 042a A5       		.byte	0xa5
 798 042b 86020000 		.4byte	0x286
 799 042f 0F       		.uleb128 0xf
 800 0430 F2010000 		.4byte	.LASF62
 801 0434 05       		.byte	0x5
 802 0435 AC       		.byte	0xac
 803 0436 D2000000 		.4byte	0xd2
 804 043a 00       		.byte	0x0
 805 043b 09       		.uleb128 0x9
 806 043c 04       		.byte	0x4
 807 043d 41040000 		.4byte	0x441
 808 0441 10       		.uleb128 0x10
 809 0442 46040000 		.4byte	0x446
 810 0446 03       		.uleb128 0x3
 811 0447 01       		.byte	0x1
 812 0448 08       		.byte	0x8
 813 0449 2B020000 		.4byte	.LASF63
 814 044d 09       		.uleb128 0x9
 815 044e 04       		.byte	0x4
 816 044f 88020000 		.4byte	0x288
 817 0453 09       		.uleb128 0x9
 818 0454 04       		.byte	0x4
 819 0455 FB030000 		.4byte	0x3fb
 820 0459 11       		.uleb128 0x11
 821 045a 01       		.byte	0x1
 822 045b 5C000000 		.4byte	.LASF64
 823 045f 01       		.byte	0x1
 824 0460 48       		.byte	0x48
 825 0461 01       		.byte	0x1
 826 0462 48020000 		.4byte	0x248
 827 0466 00000000 		.4byte	.LFB0
 828 046a 28000000 		.4byte	.LFE0
 829 046e 00000000 		.4byte	.LLST0
 830 0472 85040000 		.4byte	0x485
 831 0476 12       		.uleb128 0x12
 832 0477 747000   		.ascii	"tp\000"
 833 047a 01       		.byte	0x1
 834 047b 49       		.byte	0x49
 835 047c 48020000 		.4byte	0x248
 836 0480 20000000 		.4byte	.LLST1
 837 0484 00       		.byte	0x0
 838 0485 11       		.uleb128 0x11
 839 0486 01       		.byte	0x1
 840 0487 30020000 		.4byte	.LASF65
 841 048b 01       		.byte	0x1
 842 048c 5F       		.byte	0x5f
 843 048d 01       		.byte	0x1
 844 048e 48020000 		.4byte	0x248
 845 0492 00000000 		.4byte	.LFB1
 846 0496 4C000000 		.4byte	.LFE1
 847 049a 3F000000 		.4byte	.LLST2
ARM GAS  /tmp/ccfVoTFF.s 			page 16


 848 049e C0040000 		.4byte	0x4c0
 849 04a2 13       		.uleb128 0x13
 850 04a3 747000   		.ascii	"tp\000"
 851 04a6 01       		.byte	0x1
 852 04a7 5F       		.byte	0x5f
 853 04a8 48020000 		.4byte	0x248
 854 04ac 5F000000 		.4byte	.LLST3
 855 04b0 12       		.uleb128 0x12
 856 04b1 6E747000 		.ascii	"ntp\000"
 857 04b5 01       		.byte	0x1
 858 04b6 60       		.byte	0x60
 859 04b7 48020000 		.4byte	0x248
 860 04bb 7D000000 		.4byte	.LLST4
 861 04bf 00       		.byte	0x0
 862 04c0 14       		.uleb128 0x14
 863 04c1 92020000 		.4byte	.LASF66
 864 04c5 07       		.byte	0x7
 865 04c6 72       		.byte	0x72
 866 04c7 B3030000 		.4byte	0x3b3
 867 04cb 01       		.byte	0x1
 868 04cc 01       		.byte	0x1
 869 04cd 14       		.uleb128 0x14
 870 04ce 92020000 		.4byte	.LASF66
 871 04d2 07       		.byte	0x7
 872 04d3 72       		.byte	0x72
 873 04d4 B3030000 		.4byte	0x3b3
 874 04d8 01       		.byte	0x1
 875 04d9 01       		.byte	0x1
 876 04da 00       		.byte	0x0
 877              		.section	.debug_abbrev
 878 0000 01       		.uleb128 0x1
 879 0001 11       		.uleb128 0x11
 880 0002 01       		.byte	0x1
 881 0003 25       		.uleb128 0x25
 882 0004 0E       		.uleb128 0xe
 883 0005 13       		.uleb128 0x13
 884 0006 0B       		.uleb128 0xb
 885 0007 03       		.uleb128 0x3
 886 0008 0E       		.uleb128 0xe
 887 0009 1B       		.uleb128 0x1b
 888 000a 0E       		.uleb128 0xe
 889 000b 11       		.uleb128 0x11
 890 000c 01       		.uleb128 0x1
 891 000d 52       		.uleb128 0x52
 892 000e 01       		.uleb128 0x1
 893 000f 55       		.uleb128 0x55
 894 0010 06       		.uleb128 0x6
 895 0011 10       		.uleb128 0x10
 896 0012 06       		.uleb128 0x6
 897 0013 00       		.byte	0x0
 898 0014 00       		.byte	0x0
 899 0015 02       		.uleb128 0x2
 900 0016 24       		.uleb128 0x24
 901 0017 00       		.byte	0x0
 902 0018 0B       		.uleb128 0xb
 903 0019 0B       		.uleb128 0xb
 904 001a 3E       		.uleb128 0x3e
ARM GAS  /tmp/ccfVoTFF.s 			page 17


 905 001b 0B       		.uleb128 0xb
 906 001c 03       		.uleb128 0x3
 907 001d 08       		.uleb128 0x8
 908 001e 00       		.byte	0x0
 909 001f 00       		.byte	0x0
 910 0020 03       		.uleb128 0x3
 911 0021 24       		.uleb128 0x24
 912 0022 00       		.byte	0x0
 913 0023 0B       		.uleb128 0xb
 914 0024 0B       		.uleb128 0xb
 915 0025 3E       		.uleb128 0x3e
 916 0026 0B       		.uleb128 0xb
 917 0027 03       		.uleb128 0x3
 918 0028 0E       		.uleb128 0xe
 919 0029 00       		.byte	0x0
 920 002a 00       		.byte	0x0
 921 002b 04       		.uleb128 0x4
 922 002c 16       		.uleb128 0x16
 923 002d 00       		.byte	0x0
 924 002e 03       		.uleb128 0x3
 925 002f 0E       		.uleb128 0xe
 926 0030 3A       		.uleb128 0x3a
 927 0031 0B       		.uleb128 0xb
 928 0032 3B       		.uleb128 0x3b
 929 0033 0B       		.uleb128 0xb
 930 0034 49       		.uleb128 0x49
 931 0035 13       		.uleb128 0x13
 932 0036 00       		.byte	0x0
 933 0037 00       		.byte	0x0
 934 0038 05       		.uleb128 0x5
 935 0039 13       		.uleb128 0x13
 936 003a 01       		.byte	0x1
 937 003b 03       		.uleb128 0x3
 938 003c 0E       		.uleb128 0xe
 939 003d 0B       		.uleb128 0xb
 940 003e 0B       		.uleb128 0xb
 941 003f 3A       		.uleb128 0x3a
 942 0040 0B       		.uleb128 0xb
 943 0041 3B       		.uleb128 0x3b
 944 0042 0B       		.uleb128 0xb
 945 0043 01       		.uleb128 0x1
 946 0044 13       		.uleb128 0x13
 947 0045 00       		.byte	0x0
 948 0046 00       		.byte	0x0
 949 0047 06       		.uleb128 0x6
 950 0048 0D       		.uleb128 0xd
 951 0049 00       		.byte	0x0
 952 004a 03       		.uleb128 0x3
 953 004b 0E       		.uleb128 0xe
 954 004c 3A       		.uleb128 0x3a
 955 004d 0B       		.uleb128 0xb
 956 004e 3B       		.uleb128 0x3b
 957 004f 0B       		.uleb128 0xb
 958 0050 49       		.uleb128 0x49
 959 0051 13       		.uleb128 0x13
 960 0052 38       		.uleb128 0x38
 961 0053 0A       		.uleb128 0xa
ARM GAS  /tmp/ccfVoTFF.s 			page 18


 962 0054 00       		.byte	0x0
 963 0055 00       		.byte	0x0
 964 0056 07       		.uleb128 0x7
 965 0057 0D       		.uleb128 0xd
 966 0058 00       		.byte	0x0
 967 0059 03       		.uleb128 0x3
 968 005a 08       		.uleb128 0x8
 969 005b 3A       		.uleb128 0x3a
 970 005c 0B       		.uleb128 0xb
 971 005d 3B       		.uleb128 0x3b
 972 005e 0B       		.uleb128 0xb
 973 005f 49       		.uleb128 0x49
 974 0060 13       		.uleb128 0x13
 975 0061 38       		.uleb128 0x38
 976 0062 0A       		.uleb128 0xa
 977 0063 00       		.byte	0x0
 978 0064 00       		.byte	0x0
 979 0065 08       		.uleb128 0x8
 980 0066 13       		.uleb128 0x13
 981 0067 01       		.byte	0x1
 982 0068 0B       		.uleb128 0xb
 983 0069 0B       		.uleb128 0xb
 984 006a 3A       		.uleb128 0x3a
 985 006b 0B       		.uleb128 0xb
 986 006c 3B       		.uleb128 0x3b
 987 006d 0B       		.uleb128 0xb
 988 006e 01       		.uleb128 0x1
 989 006f 13       		.uleb128 0x13
 990 0070 00       		.byte	0x0
 991 0071 00       		.byte	0x0
 992 0072 09       		.uleb128 0x9
 993 0073 0F       		.uleb128 0xf
 994 0074 00       		.byte	0x0
 995 0075 0B       		.uleb128 0xb
 996 0076 0B       		.uleb128 0xb
 997 0077 49       		.uleb128 0x49
 998 0078 13       		.uleb128 0x13
 999 0079 00       		.byte	0x0
 1000 007a 00       		.byte	0x0
 1001 007b 0A       		.uleb128 0xa
 1002 007c 0F       		.uleb128 0xf
 1003 007d 00       		.byte	0x0
 1004 007e 0B       		.uleb128 0xb
 1005 007f 0B       		.uleb128 0xb
 1006 0080 00       		.byte	0x0
 1007 0081 00       		.byte	0x0
 1008 0082 0B       		.uleb128 0xb
 1009 0083 0D       		.uleb128 0xd
 1010 0084 00       		.byte	0x0
 1011 0085 03       		.uleb128 0x3
 1012 0086 08       		.uleb128 0x8
 1013 0087 3A       		.uleb128 0x3a
 1014 0088 0B       		.uleb128 0xb
 1015 0089 3B       		.uleb128 0x3b
 1016 008a 05       		.uleb128 0x5
 1017 008b 49       		.uleb128 0x49
 1018 008c 13       		.uleb128 0x13
ARM GAS  /tmp/ccfVoTFF.s 			page 19


 1019 008d 38       		.uleb128 0x38
 1020 008e 0A       		.uleb128 0xa
 1021 008f 00       		.byte	0x0
 1022 0090 00       		.byte	0x0
 1023 0091 0C       		.uleb128 0xc
 1024 0092 13       		.uleb128 0x13
 1025 0093 01       		.byte	0x1
 1026 0094 03       		.uleb128 0x3
 1027 0095 0E       		.uleb128 0xe
 1028 0096 0B       		.uleb128 0xb
 1029 0097 0B       		.uleb128 0xb
 1030 0098 3A       		.uleb128 0x3a
 1031 0099 0B       		.uleb128 0xb
 1032 009a 3B       		.uleb128 0x3b
 1033 009b 05       		.uleb128 0x5
 1034 009c 01       		.uleb128 0x1
 1035 009d 13       		.uleb128 0x13
 1036 009e 00       		.byte	0x0
 1037 009f 00       		.byte	0x0
 1038 00a0 0D       		.uleb128 0xd
 1039 00a1 35       		.uleb128 0x35
 1040 00a2 00       		.byte	0x0
 1041 00a3 49       		.uleb128 0x49
 1042 00a4 13       		.uleb128 0x13
 1043 00a5 00       		.byte	0x0
 1044 00a6 00       		.byte	0x0
 1045 00a7 0E       		.uleb128 0xe
 1046 00a8 17       		.uleb128 0x17
 1047 00a9 01       		.byte	0x1
 1048 00aa 0B       		.uleb128 0xb
 1049 00ab 0B       		.uleb128 0xb
 1050 00ac 3A       		.uleb128 0x3a
 1051 00ad 0B       		.uleb128 0xb
 1052 00ae 3B       		.uleb128 0x3b
 1053 00af 0B       		.uleb128 0xb
 1054 00b0 01       		.uleb128 0x1
 1055 00b1 13       		.uleb128 0x13
 1056 00b2 00       		.byte	0x0
 1057 00b3 00       		.byte	0x0
 1058 00b4 0F       		.uleb128 0xf
 1059 00b5 0D       		.uleb128 0xd
 1060 00b6 00       		.byte	0x0
 1061 00b7 03       		.uleb128 0x3
 1062 00b8 0E       		.uleb128 0xe
 1063 00b9 3A       		.uleb128 0x3a
 1064 00ba 0B       		.uleb128 0xb
 1065 00bb 3B       		.uleb128 0x3b
 1066 00bc 0B       		.uleb128 0xb
 1067 00bd 49       		.uleb128 0x49
 1068 00be 13       		.uleb128 0x13
 1069 00bf 00       		.byte	0x0
 1070 00c0 00       		.byte	0x0
 1071 00c1 10       		.uleb128 0x10
 1072 00c2 26       		.uleb128 0x26
 1073 00c3 00       		.byte	0x0
 1074 00c4 49       		.uleb128 0x49
 1075 00c5 13       		.uleb128 0x13
ARM GAS  /tmp/ccfVoTFF.s 			page 20


 1076 00c6 00       		.byte	0x0
 1077 00c7 00       		.byte	0x0
 1078 00c8 11       		.uleb128 0x11
 1079 00c9 2E       		.uleb128 0x2e
 1080 00ca 01       		.byte	0x1
 1081 00cb 3F       		.uleb128 0x3f
 1082 00cc 0C       		.uleb128 0xc
 1083 00cd 03       		.uleb128 0x3
 1084 00ce 0E       		.uleb128 0xe
 1085 00cf 3A       		.uleb128 0x3a
 1086 00d0 0B       		.uleb128 0xb
 1087 00d1 3B       		.uleb128 0x3b
 1088 00d2 0B       		.uleb128 0xb
 1089 00d3 27       		.uleb128 0x27
 1090 00d4 0C       		.uleb128 0xc
 1091 00d5 49       		.uleb128 0x49
 1092 00d6 13       		.uleb128 0x13
 1093 00d7 11       		.uleb128 0x11
 1094 00d8 01       		.uleb128 0x1
 1095 00d9 12       		.uleb128 0x12
 1096 00da 01       		.uleb128 0x1
 1097 00db 40       		.uleb128 0x40
 1098 00dc 06       		.uleb128 0x6
 1099 00dd 01       		.uleb128 0x1
 1100 00de 13       		.uleb128 0x13
 1101 00df 00       		.byte	0x0
 1102 00e0 00       		.byte	0x0
 1103 00e1 12       		.uleb128 0x12
 1104 00e2 34       		.uleb128 0x34
 1105 00e3 00       		.byte	0x0
 1106 00e4 03       		.uleb128 0x3
 1107 00e5 08       		.uleb128 0x8
 1108 00e6 3A       		.uleb128 0x3a
 1109 00e7 0B       		.uleb128 0xb
 1110 00e8 3B       		.uleb128 0x3b
 1111 00e9 0B       		.uleb128 0xb
 1112 00ea 49       		.uleb128 0x49
 1113 00eb 13       		.uleb128 0x13
 1114 00ec 02       		.uleb128 0x2
 1115 00ed 06       		.uleb128 0x6
 1116 00ee 00       		.byte	0x0
 1117 00ef 00       		.byte	0x0
 1118 00f0 13       		.uleb128 0x13
 1119 00f1 05       		.uleb128 0x5
 1120 00f2 00       		.byte	0x0
 1121 00f3 03       		.uleb128 0x3
 1122 00f4 08       		.uleb128 0x8
 1123 00f5 3A       		.uleb128 0x3a
 1124 00f6 0B       		.uleb128 0xb
 1125 00f7 3B       		.uleb128 0x3b
 1126 00f8 0B       		.uleb128 0xb
 1127 00f9 49       		.uleb128 0x49
 1128 00fa 13       		.uleb128 0x13
 1129 00fb 02       		.uleb128 0x2
 1130 00fc 06       		.uleb128 0x6
 1131 00fd 00       		.byte	0x0
 1132 00fe 00       		.byte	0x0
ARM GAS  /tmp/ccfVoTFF.s 			page 21


 1133 00ff 14       		.uleb128 0x14
 1134 0100 34       		.uleb128 0x34
 1135 0101 00       		.byte	0x0
 1136 0102 03       		.uleb128 0x3
 1137 0103 0E       		.uleb128 0xe
 1138 0104 3A       		.uleb128 0x3a
 1139 0105 0B       		.uleb128 0xb
 1140 0106 3B       		.uleb128 0x3b
 1141 0107 0B       		.uleb128 0xb
 1142 0108 49       		.uleb128 0x49
 1143 0109 13       		.uleb128 0x13
 1144 010a 3F       		.uleb128 0x3f
 1145 010b 0C       		.uleb128 0xc
 1146 010c 3C       		.uleb128 0x3c
 1147 010d 0C       		.uleb128 0xc
 1148 010e 00       		.byte	0x0
 1149 010f 00       		.byte	0x0
 1150 0110 00       		.byte	0x0
 1151              		.section	.debug_pubnames,"",%progbits
 1152 0000 37000000 		.4byte	0x37
 1153 0004 0200     		.2byte	0x2
 1154 0006 00000000 		.4byte	.Ldebug_info0
 1155 000a DB040000 		.4byte	0x4db
 1156 000e 59040000 		.4byte	0x459
 1157 0012 63685265 		.ascii	"chRegFirstThread\000"
 1157      67466972 
 1157      73745468 
 1157      72656164 
 1157      00
 1158 0023 85040000 		.4byte	0x485
 1159 0027 63685265 		.ascii	"chRegNextThread\000"
 1159      674E6578 
 1159      74546872 
 1159      65616400 
 1160 0037 00000000 		.4byte	0x0
 1161              		.section	.debug_pubtypes,"",%progbits
 1162 0000 2F010000 		.4byte	0x12f
 1163 0004 0200     		.2byte	0x2
 1164 0006 00000000 		.4byte	.Ldebug_info0
 1165 000a DB040000 		.4byte	0x4db
 1166 000e 3E000000 		.4byte	0x3e
 1167 0012 75696E74 		.ascii	"uint8_t\000"
 1167      385F7400 
 1168 001a 5E000000 		.4byte	0x5e
 1169 001e 696E7433 		.ascii	"int32_t\000"
 1169      325F7400 
 1170 0026 70000000 		.4byte	0x70
 1171 002a 75696E74 		.ascii	"uint32_t\000"
 1171      33325F74 
 1171      00
 1172 0033 89000000 		.4byte	0x89
 1173 0037 75696E74 		.ascii	"uint64_t\000"
 1173      36345F74 
 1173      00
 1174 0040 9B000000 		.4byte	0x9b
 1175 0044 746D6F64 		.ascii	"tmode_t\000"
 1175      655F7400 
ARM GAS  /tmp/ccfVoTFF.s 			page 22


 1176 004c A6000000 		.4byte	0xa6
 1177 0050 74737461 		.ascii	"tstate_t\000"
 1177      74655F74 
 1177      00
 1178 0059 B1000000 		.4byte	0xb1
 1179 005d 74726566 		.ascii	"trefs_t\000"
 1179      735F7400 
 1180 0065 BC000000 		.4byte	0xbc
 1181 0069 74707269 		.ascii	"tprio_t\000"
 1181      6F5F7400 
 1182 0071 C7000000 		.4byte	0xc7
 1183 0075 6D73675F 		.ascii	"msg_t\000"
 1183      7400
 1184 007b D2000000 		.4byte	0xd2
 1185 007f 6576656E 		.ascii	"eventmask_t\000"
 1185      746D6173 
 1185      6B5F7400 
 1186 008b DD000000 		.4byte	0xdd
 1187 008f 73797374 		.ascii	"systime_t\000"
 1187      696D655F 
 1187      7400
 1188 0099 E8000000 		.4byte	0xe8
 1189 009d 636E745F 		.ascii	"cnt_t\000"
 1189      7400
 1190 00a3 F3000000 		.4byte	0xf3
 1191 00a7 54687265 		.ascii	"Thread\000"
 1191      616400
 1192 00ae 4E020000 		.4byte	0x24e
 1193 00b2 54687265 		.ascii	"ThreadsQueue\000"
 1193      61647351 
 1193      75657565 
 1193      00
 1194 00bf 70020000 		.4byte	0x270
 1195 00c3 54687265 		.ascii	"ThreadsList\000"
 1195      6164734C 
 1195      69737400 
 1196 00cf 7B020000 		.4byte	0x27b
 1197 00d3 72656761 		.ascii	"regarm_t\000"
 1197      726D5F74 
 1197      00
 1198 00dc 88020000 		.4byte	0x288
 1199 00e0 73746B61 		.ascii	"stkalign_t\000"
 1199      6C69676E 
 1199      5F7400
 1200 00eb 93020000 		.4byte	0x293
 1201 00ef 696E7463 		.ascii	"intctx\000"
 1201      747800
 1202 00f6 20030000 		.4byte	0x320
 1203 00fa 636F6E74 		.ascii	"context\000"
 1203      65787400 
 1204 0102 B3030000 		.4byte	0x3b3
 1205 0106 52656164 		.ascii	"ReadyList\000"
 1205      794C6973 
 1205      7400
 1206 0110 BE030000 		.4byte	0x3be
 1207 0114 4D757465 		.ascii	"Mutex\000"
 1207      7800
ARM GAS  /tmp/ccfVoTFF.s 			page 23


 1208 011a FB030000 		.4byte	0x3fb
 1209 011e 4D757465 		.ascii	"Mutex\000"
 1209      7800
 1210 0124 FE000000 		.4byte	0xfe
 1211 0128 54687265 		.ascii	"Thread\000"
 1211      616400
 1212 012f 00000000 		.4byte	0x0
 1213              		.section	.debug_aranges,"",%progbits
 1214 0000 24000000 		.4byte	0x24
 1215 0004 0200     		.2byte	0x2
 1216 0006 00000000 		.4byte	.Ldebug_info0
 1217 000a 04       		.byte	0x4
 1218 000b 00       		.byte	0x0
 1219 000c 0000     		.2byte	0x0
 1220 000e 0000     		.2byte	0x0
 1221 0010 00000000 		.4byte	.LFB0
 1222 0014 28000000 		.4byte	.LFE0-.LFB0
 1223 0018 00000000 		.4byte	.LFB1
 1224 001c 4C000000 		.4byte	.LFE1-.LFB1
 1225 0020 00000000 		.4byte	0x0
 1226 0024 00000000 		.4byte	0x0
 1227              		.section	.debug_ranges,"",%progbits
 1228              	.Ldebug_ranges0:
 1229 0000 00000000 		.4byte	.LFB0
 1230 0004 28000000 		.4byte	.LFE0
 1231 0008 00000000 		.4byte	.LFB1
 1232 000c 4C000000 		.4byte	.LFE1
 1233 0010 00000000 		.4byte	0x0
 1234 0014 00000000 		.4byte	0x0
 1235              		.section	.debug_str,"MS",%progbits,1
 1236              	.LASF36:
 1237 0000 705F6D73 		.ascii	"p_msg\000"
 1237      6700
 1238              	.LASF59:
 1239 0006 7264796D 		.ascii	"rdymsg\000"
 1239      736700
 1240              	.LASF11:
 1241 000d 75696E74 		.ascii	"uint64_t\000"
 1241      36345F74 
 1241      00
 1242              	.LASF68:
 1243 0016 2E2E2F63 		.ascii	"../chibios/os/kernel/src/chregistry.c\000"
 1243      68696269 
 1243      6F732F6F 
 1243      732F6B65 
 1243      726E656C 
 1244              	.LASF12:
 1245 003c 6C6F6E67 		.ascii	"long long unsigned int\000"
 1245      206C6F6E 
 1245      6720756E 
 1245      7369676E 
 1245      65642069 
 1246              	.LASF60:
 1247 0053 65786974 		.ascii	"exitcode\000"
 1247      636F6465 
 1247      00
 1248              	.LASF64:
ARM GAS  /tmp/ccfVoTFF.s 			page 24


 1249 005c 63685265 		.ascii	"chRegFirstThread\000"
 1249      67466972 
 1249      73745468 
 1249      72656164 
 1249      00
 1250              	.LASF24:
 1251 006d 705F7072 		.ascii	"p_prio\000"
 1251      696F00
 1252              	.LASF10:
 1253 0074 6C6F6E67 		.ascii	"long long int\000"
 1253      206C6F6E 
 1253      6720696E 
 1253      7400
 1254              	.LASF1:
 1255 0082 7369676E 		.ascii	"signed char\000"
 1255      65642063 
 1255      68617200 
 1256              	.LASF40:
 1257 008e 705F6D70 		.ascii	"p_mpool\000"
 1257      6F6F6C00 
 1258              	.LASF56:
 1259 0096 6D5F7175 		.ascii	"m_queue\000"
 1259      65756500 
 1260              	.LASF61:
 1261 009e 77746F62 		.ascii	"wtobjp\000"
 1261      6A7000
 1262              	.LASF7:
 1263 00a5 6C6F6E67 		.ascii	"long int\000"
 1263      20696E74 
 1263      00
 1264              	.LASF14:
 1265 00ae 74737461 		.ascii	"tstate_t\000"
 1265      74655F74 
 1265      00
 1266              	.LASF26:
 1267 00b7 705F6E65 		.ascii	"p_newer\000"
 1267      77657200 
 1268              	.LASF50:
 1269 00bf 725F6E65 		.ascii	"r_newer\000"
 1269      77657200 
 1270              	.LASF43:
 1271 00c7 72656761 		.ascii	"regarm_t\000"
 1271      726D5F74 
 1271      00
 1272              	.LASF20:
 1273 00d0 636E745F 		.ascii	"cnt_t\000"
 1273      7400
 1274              	.LASF29:
 1275 00d6 705F7374 		.ascii	"p_stklimit\000"
 1275      6B6C696D 
 1275      697400
 1276              	.LASF0:
 1277 00e1 756E7369 		.ascii	"unsigned int\000"
 1277      676E6564 
 1277      20696E74 
 1277      00
 1278              	.LASF9:
ARM GAS  /tmp/ccfVoTFF.s 			page 25


 1279 00ee 6C6F6E67 		.ascii	"long unsigned int\000"
 1279      20756E73 
 1279      69676E65 
 1279      6420696E 
 1279      7400
 1280              	.LASF46:
 1281 0100 636F6E74 		.ascii	"context\000"
 1281      65787400 
 1282              	.LASF69:
 1283 0108 2F686F6D 		.ascii	"/home/z80/projects/dfu.git/firmware-pawn-dev/firmwa"
 1283      652F7A38 
 1283      302F7072 
 1283      6F6A6563 
 1283      74732F64 
 1284 013b 726500   		.ascii	"re\000"
 1285              	.LASF17:
 1286 013e 6D73675F 		.ascii	"msg_t\000"
 1286      7400
 1287              	.LASF13:
 1288 0144 746D6F64 		.ascii	"tmode_t\000"
 1288      655F7400 
 1289              	.LASF42:
 1290 014c 54687265 		.ascii	"ThreadsList\000"
 1290      6164734C 
 1290      69737400 
 1291              	.LASF18:
 1292 0158 6576656E 		.ascii	"eventmask_t\000"
 1292      746D6173 
 1292      6B5F7400 
 1293              	.LASF55:
 1294 0164 4D757465 		.ascii	"Mutex\000"
 1294      7800
 1295              	.LASF44:
 1296 016a 73746B61 		.ascii	"stkalign_t\000"
 1296      6C69676E 
 1296      5F7400
 1297              	.LASF27:
 1298 0175 705F6F6C 		.ascii	"p_older\000"
 1298      64657200 
 1299              	.LASF49:
 1300 017d 725F6374 		.ascii	"r_ctx\000"
 1300      7800
 1301              	.LASF41:
 1302 0183 54687265 		.ascii	"ThreadsQueue\000"
 1302      61647351 
 1302      75657565 
 1302      00
 1303              	.LASF53:
 1304 0190 725F6375 		.ascii	"r_current\000"
 1304      7272656E 
 1304      7400
 1305              	.LASF51:
 1306 019a 725F6F6C 		.ascii	"r_older\000"
 1306      64657200 
 1307              	.LASF15:
 1308 01a2 74726566 		.ascii	"trefs_t\000"
 1308      735F7400 
ARM GAS  /tmp/ccfVoTFF.s 			page 26


 1309              	.LASF23:
 1310 01aa 705F7072 		.ascii	"p_prev\000"
 1310      657600
 1311              	.LASF16:
 1312 01b1 74707269 		.ascii	"tprio_t\000"
 1312      6F5F7400 
 1313              	.LASF6:
 1314 01b9 696E7433 		.ascii	"int32_t\000"
 1314      325F7400 
 1315              	.LASF2:
 1316 01c1 756E7369 		.ascii	"unsigned char\000"
 1316      676E6564 
 1316      20636861 
 1316      7200
 1317              	.LASF38:
 1318 01cf 705F6D74 		.ascii	"p_mtxlist\000"
 1318      786C6973 
 1318      7400
 1319              	.LASF3:
 1320 01d9 73686F72 		.ascii	"short int\000"
 1320      7420696E 
 1320      7400
 1321              	.LASF30:
 1322 01e3 705F7374 		.ascii	"p_state\000"
 1322      61746500 
 1323              	.LASF48:
 1324 01eb 725F7072 		.ascii	"r_prio\000"
 1324      696F00
 1325              	.LASF62:
 1326 01f2 65776D61 		.ascii	"ewmask\000"
 1326      736B00
 1327              	.LASF22:
 1328 01f9 705F6E65 		.ascii	"p_next\000"
 1328      787400
 1329              	.LASF31:
 1330 0200 705F666C 		.ascii	"p_flags\000"
 1330      61677300 
 1331              	.LASF21:
 1332 0208 54687265 		.ascii	"Thread\000"
 1332      616400
 1333              	.LASF37:
 1334 020f 705F6570 		.ascii	"p_epending\000"
 1334      656E6469 
 1334      6E6700
 1335              	.LASF8:
 1336 021a 75696E74 		.ascii	"uint32_t\000"
 1336      33325F74 
 1336      00
 1337              	.LASF47:
 1338 0223 725F7175 		.ascii	"r_queue\000"
 1338      65756500 
 1339              	.LASF63:
 1340 022b 63686172 		.ascii	"char\000"
 1340      00
 1341              	.LASF65:
 1342 0230 63685265 		.ascii	"chRegNextThread\000"
 1342      674E6578 
ARM GAS  /tmp/ccfVoTFF.s 			page 27


 1342      74546872 
 1342      65616400 
 1343              	.LASF58:
 1344 0240 6D5F6E65 		.ascii	"m_next\000"
 1344      787400
 1345              	.LASF19:
 1346 0247 73797374 		.ascii	"systime_t\000"
 1346      696D655F 
 1346      7400
 1347              	.LASF39:
 1348 0251 705F7265 		.ascii	"p_realprio\000"
 1348      616C7072 
 1348      696F00
 1349              	.LASF4:
 1350 025c 73686F72 		.ascii	"short unsigned int\000"
 1350      7420756E 
 1350      7369676E 
 1350      65642069 
 1350      6E7400
 1351              	.LASF45:
 1352 026f 696E7463 		.ascii	"intctx\000"
 1352      747800
 1353              	.LASF35:
 1354 0276 705F6D73 		.ascii	"p_msgqueue\000"
 1354      67717565 
 1354      756500
 1355              	.LASF32:
 1356 0281 705F7265 		.ascii	"p_refs\000"
 1356      667300
 1357              	.LASF54:
 1358 0288 52656164 		.ascii	"ReadyList\000"
 1358      794C6973 
 1358      7400
 1359              	.LASF66:
 1360 0292 726C6973 		.ascii	"rlist\000"
 1360      7400
 1361              	.LASF5:
 1362 0298 75696E74 		.ascii	"uint8_t\000"
 1362      385F7400 
 1363              	.LASF33:
 1364 02a0 705F7469 		.ascii	"p_time\000"
 1364      6D6500
 1365              	.LASF67:
 1366 02a7 474E5520 		.ascii	"GNU C 4.5.2\000"
 1366      4320342E 
 1366      352E3200 
 1367              	.LASF28:
 1368 02b3 705F6E61 		.ascii	"p_name\000"
 1368      6D6500
 1369              	.LASF52:
 1370 02ba 725F7072 		.ascii	"r_preempt\000"
 1370      65656D70 
 1370      7400
 1371              	.LASF57:
 1372 02c4 6D5F6F77 		.ascii	"m_owner\000"
 1372      6E657200 
 1373              	.LASF25:
ARM GAS  /tmp/ccfVoTFF.s 			page 28


 1374 02cc 705F6374 		.ascii	"p_ctx\000"
 1374      7800
 1375              	.LASF34:
 1376 02d2 705F7761 		.ascii	"p_waiting\000"
 1376      6974696E 
 1376      6700
 1377              		.ident	"GCC: (Sourcery G++ Lite 2011.03-42) 4.5.2"
ARM GAS  /tmp/ccfVoTFF.s 			page 29


DEFINED SYMBOLS
                            *ABS*:00000000 chregistry.c
     /tmp/ccfVoTFF.s:24     .text.chRegFirstThread:00000000 $t
     /tmp/ccfVoTFF.s:29     .text.chRegFirstThread:00000000 chRegFirstThread
     /tmp/ccfVoTFF.s:69     .text.chRegFirstThread:00000024 $d
     /tmp/ccfVoTFF.s:74     .text.chRegNextThread:00000000 $t
     /tmp/ccfVoTFF.s:79     .text.chRegNextThread:00000000 chRegNextThread
     /tmp/ccfVoTFF.s:143    .text.chRegNextThread:00000044 $d
                     .debug_frame:00000010 $d

UNDEFINED SYMBOLS
_port_lock
dbg_check_lock
dbg_check_unlock
_port_unlock
rlist
chDbgPanic
chThdRelease
