ARM GAS  /tmp/ccpKbWoq.s 			page 1


   1              		.syntax unified
   2              		.cpu cortex-m3
   3              		.fpu softvfp
   4              		.eabi_attribute 20, 1
   5              		.eabi_attribute 21, 1
   6              		.eabi_attribute 23, 3
   7              		.eabi_attribute 24, 1
   8              		.eabi_attribute 25, 1
   9              		.eabi_attribute 26, 1
  10              		.eabi_attribute 30, 4
  11              		.eabi_attribute 18, 4
  12              		.thumb
  13              		.file	"chschd.c"
  14              		.section	.debug_abbrev,"",%progbits
  15              	.Ldebug_abbrev0:
  16              		.section	.debug_info,"",%progbits
  17              	.Ldebug_info0:
  18              		.section	.debug_line,"",%progbits
  19              	.Ldebug_line0:
  20 0000 88020000 		.text
  20      02005601 
  20      00000201 
  20      FB0E0D00 
  20      01010101 
  21              	.Ltext0:
  22              		.cfi_sections	.debug_frame
  23              		.section	.text._scheduler_init,"ax",%progbits
  24              		.align	1
  25              		.global	_scheduler_init
  26              		.thumb
  27              		.thumb_func
  28              		.type	_scheduler_init, %function
  29              	_scheduler_init:
  30              	.LFB0:
  31              		.file 1 "../chibios/os/kernel/src/chschd.c"
  32              		.loc 1 55 0
  33              		.cfi_startproc
  34              		@ args = 0, pretend = 0, frame = 0
  35              		@ frame_needed = 0, uses_anonymous_args = 0
  36              		@ link register save eliminated.
  37              		.loc 1 57 0
  38 0000 044B     		ldr	r3, .L2
  39              		.loc 1 58 0
  40 0002 0022     		movs	r2, #0
  41 0004 9A60     		str	r2, [r3, #8]
  42              		.loc 1 60 0
  43 0006 1432     		adds	r2, r2, #20
  44              		.loc 1 57 0
  45 0008 5B60     		str	r3, [r3, #4]
  46 000a 1B60     		str	r3, [r3, #0]
  47              		.loc 1 60 0
  48 000c 9A61     		str	r2, [r3, #24]
  49              		.loc 1 63 0
  50 000e 5B61     		str	r3, [r3, #20]
  51 0010 1B61     		str	r3, [r3, #16]
  52              		.loc 1 65 0
  53 0012 7047     		bx	lr
ARM GAS  /tmp/ccpKbWoq.s 			page 2


  54              	.L3:
  55              		.align	2
  56              	.L2:
  57 0014 00000000 		.word	.LANCHOR0
  58              		.cfi_endproc
  59              	.LFE0:
  60              		.size	_scheduler_init, .-_scheduler_init
  61              		.section	.text.chSchReadyI,"ax",%progbits
  62              		.align	1
  63              		.global	chSchReadyI
  64              		.thumb
  65              		.thumb_func
  66              		.type	chSchReadyI, %function
  67              	chSchReadyI:
  68              	.LFB1:
  69              		.loc 1 82 0
  70              		.cfi_startproc
  71              		@ args = 0, pretend = 0, frame = 0
  72              		@ frame_needed = 0, uses_anonymous_args = 0
  73              	.LVL0:
  74 0000 10B5     		push	{r4, lr}
  75              	.LCFI0:
  76              		.cfi_def_cfa_offset 8
  77              		.loc 1 86 0
  78 0002 90F82030 		ldrb	r3, [r0, #32]	@ zero_extendqisi2
  79              		.loc 1 82 0
  80 0006 0446     		mov	r4, r0
  81              		.cfi_offset 14, -4
  82              		.cfi_offset 4, -8
  83              		.loc 1 86 0
  84 0008 0BB1     		cbz	r3, .L5
  85              		.loc 1 86 0 is_stmt 0 discriminator 2
  86 000a 0E2B     		cmp	r3, #14
  87 000c 02D1     		bne	.L6
  88              	.L5:
  89              		.loc 1 86 0 discriminator 1
  90 000e 0948     		ldr	r0, .L8
  91              	.LVL1:
  92 0010 FFF7FEFF 		bl	chDbgPanic
  93              	.L6:
  94              		.loc 1 91 0 is_stmt 1
  95 0014 0023     		movs	r3, #0
  96 0016 84F82030 		strb	r3, [r4, #32]
  97              		.loc 1 95 0
  98 001a A268     		ldr	r2, [r4, #8]
  99              		.loc 1 92 0
 100 001c 064B     		ldr	r3, .L8+4
 101              	.LVL2:
 102              	.L7:
 103              		.loc 1 94 0 discriminator 1
 104 001e 1B68     		ldr	r3, [r3, #0]
 105              	.LVL3:
 106              		.loc 1 95 0 discriminator 1
 107 0020 9968     		ldr	r1, [r3, #8]
 108 0022 9142     		cmp	r1, r2
 109 0024 FBD2     		bcs	.L7
 110              		.loc 1 98 0
ARM GAS  /tmp/ccpKbWoq.s 			page 3


 111 0026 5A68     		ldr	r2, [r3, #4]
 112              		.loc 1 97 0
 113 0028 2360     		str	r3, [r4, #0]
 114              		.loc 1 98 0
 115 002a 6260     		str	r2, [r4, #4]
 116              		.loc 1 99 0
 117 002c 1460     		str	r4, [r2, #0]
 118 002e 5C60     		str	r4, [r3, #4]
 119              		.loc 1 101 0
 120 0030 2046     		mov	r0, r4
 121 0032 10BD     		pop	{r4, pc}
 122              	.L9:
 123              		.align	2
 124              	.L8:
 125 0034 00000000 		.word	.LC0
 126 0038 00000000 		.word	.LANCHOR0
 127              		.cfi_endproc
 128              	.LFE1:
 129              		.size	chSchReadyI, .-chSchReadyI
 130              		.section	.text.wakeup,"ax",%progbits
 131              		.align	1
 132              		.thumb
 133              		.thumb_func
 134              		.type	wakeup, %function
 135              	wakeup:
 136              	.LFB3:
 137              		.loc 1 133 0
 138              		.cfi_startproc
 139              		@ args = 0, pretend = 0, frame = 0
 140              		@ frame_needed = 0, uses_anonymous_args = 0
 141              	.LVL4:
 142 0000 10B5     		push	{r4, lr}
 143              	.LCFI1:
 144              		.cfi_def_cfa_offset 8
 145              		.loc 1 136 0
 146 0002 90F82030 		ldrb	r3, [r0, #32]	@ zero_extendqisi2
 147              		.loc 1 133 0
 148 0006 0446     		mov	r4, r0
 149              		.cfi_offset 14, -4
 150              		.cfi_offset 4, -8
 151              		.loc 1 136 0
 152 0008 032B     		cmp	r3, #3
 153 000a 07D0     		beq	.L13
 154              	.LVL5:
 155 000c 01D8     		bhi	.L15
 156 000e A3B1     		cbz	r3, .L10
 157 0010 0BE0     		b	.L11
 158              	.L15:
 159 0012 052B     		cmp	r3, #5
 160 0014 06D0     		beq	.L14
 161 0016 0D2B     		cmp	r3, #13
 162 0018 07D1     		bne	.L11
 163 001a 03E0     		b	.L14
 164              	.L13:
 165              	.LVL6:
 166              		.loc 1 145 0
 167 001c 836A     		ldr	r3, [r0, #40]
ARM GAS  /tmp/ccpKbWoq.s 			page 4


 168 001e 9A68     		ldr	r2, [r3, #8]
 169 0020 0132     		adds	r2, r2, #1
 170 0022 9A60     		str	r2, [r3, #8]
 171              	.L14:
 172              		.loc 1 155 0
 173 0024 2046     		mov	r0, r4
 174              	.LVL7:
 175 0026 FFF7FEFF 		bl	dequeue
 176              	.L11:
 177              		.loc 1 158 0
 178 002a 4FF0FF33 		mov	r3, #-1
 179              		.loc 1 159 0
 180 002e 2046     		mov	r0, r4
 181              		.loc 1 158 0
 182 0030 A362     		str	r3, [r4, #40]
 183              		.loc 1 160 0
 184 0032 BDE81040 		pop	{r4, lr}
 185              		.loc 1 159 0
 186 0036 FFF7FEBF 		b	chSchReadyI
 187              	.L10:
 188 003a 10BD     		pop	{r4, pc}
 189              		.cfi_endproc
 190              	.LFE3:
 191              		.size	wakeup, .-wakeup
 192              		.section	.text.chSchGoSleepS,"ax",%progbits
 193              		.align	1
 194              		.global	chSchGoSleepS
 195              		.thumb
 196              		.thumb_func
 197              		.type	chSchGoSleepS, %function
 198              	chSchGoSleepS:
 199              	.LFB2:
 200              		.loc 1 114 0
 201              		.cfi_startproc
 202              		@ args = 0, pretend = 0, frame = 0
 203              		@ frame_needed = 0, uses_anonymous_args = 0
 204              	.LVL8:
 205 0000 70B5     		push	{r4, r5, r6, lr}
 206              	.LCFI2:
 207              		.cfi_def_cfa_offset 16
 208              		.loc 1 119 0
 209 0002 104C     		ldr	r4, .L18
 210              		.cfi_offset 14, -4
 211              		.cfi_offset 6, -8
 212              		.cfi_offset 5, -12
 213              		.cfi_offset 4, -16
 214              		.loc 1 114 0
 215 0004 0646     		mov	r6, r0
 216              		.loc 1 117 0
 217 0006 FFF7FEFF 		bl	chDbgCheckClassS
 218              	.LVL9:
 219              		.loc 1 119 0
 220 000a E569     		ldr	r5, [r4, #28]
 221              	.LVL10:
 222              		.loc 1 121 0
 223 000c 1423     		movs	r3, #20
 224              		.loc 1 119 0
ARM GAS  /tmp/ccpKbWoq.s 			page 5


 225 000e 85F82060 		strb	r6, [r5, #32]
 226              		.loc 1 123 0
 227 0012 2046     		mov	r0, r4
 228              		.loc 1 121 0
 229 0014 A361     		str	r3, [r4, #24]
 230              		.loc 1 123 0
 231 0016 FFF7FEFF 		bl	fifo_remove
 232              	.LVL11:
 233              		.loc 1 124 0
 234 001a 0123     		movs	r3, #1
 235 001c 80F82030 		strb	r3, [r0, #32]
 236              		.loc 1 123 0
 237 0020 E061     		str	r0, [r4, #28]
 238              		.loc 1 125 0
 239 0022 2846     		mov	r0, r5
 240 0024 FFF7FEFF 		bl	dbg_trace
 241              	.LBB2:
 242 0028 EA69     		ldr	r2, [r5, #28]
 243 002a ADF12403 		sub	r3, sp, #36
 244 002e 9A42     		cmp	r2, r3
 245 0030 02D9     		bls	.L17
 246              		.loc 1 125 0 is_stmt 0 discriminator 1
 247 0032 0548     		ldr	r0, .L18+4
 248 0034 FFF7FEFF 		bl	chDbgPanic
 249              	.L17:
 250              		.loc 1 125 0 discriminator 2
 251 0038 E069     		ldr	r0, [r4, #28]
 252 003a 2946     		mov	r1, r5
 253              	.LBE2:
 254              		.loc 1 126 0 is_stmt 1 discriminator 2
 255 003c BDE87040 		pop	{r4, r5, r6, lr}
 256              	.LBB3:
 257              		.loc 1 125 0 discriminator 2
 258 0040 FFF7FEBF 		b	_port_switch
 259              	.L19:
 260              		.align	2
 261              	.L18:
 262 0044 00000000 		.word	.LANCHOR0
 263 0048 12000000 		.word	.LC1
 264              	.LBE3:
 265              		.cfi_endproc
 266              	.LFE2:
 267              		.size	chSchGoSleepS, .-chSchGoSleepS
 268              		.section	.text.chSchGoSleepTimeoutS,"ax",%progbits
 269              		.align	1
 270              		.global	chSchGoSleepTimeoutS
 271              		.thumb
 272              		.thumb_func
 273              		.type	chSchGoSleepTimeoutS, %function
 274              	chSchGoSleepTimeoutS:
 275              	.LFB4:
 276              		.loc 1 183 0
 277              		.cfi_startproc
 278              		@ args = 0, pretend = 0, frame = 24
 279              		@ frame_needed = 0, uses_anonymous_args = 0
 280              	.LVL12:
 281 0000 70B5     		push	{r4, r5, r6, lr}
ARM GAS  /tmp/ccpKbWoq.s 			page 6


 282              	.LCFI3:
 283              		.cfi_def_cfa_offset 16
 284 0002 0E46     		mov	r6, r1
 285              		.cfi_offset 14, -4
 286              		.cfi_offset 6, -8
 287              		.cfi_offset 5, -12
 288              		.cfi_offset 4, -16
 289 0004 86B0     		sub	sp, sp, #24
 290              	.LCFI4:
 291              		.cfi_def_cfa_offset 40
 292              		.loc 1 183 0
 293 0006 0546     		mov	r5, r0
 294              		.loc 1 185 0
 295 0008 FFF7FEFF 		bl	chDbgCheckClassS
 296              	.LVL13:
 297              		.loc 1 187 0
 298 000c B6F1FF3F 		cmp	r6, #-1
 299 0010 0B4C     		ldr	r4, .L23
 300 0012 0ED0     		beq	.L21
 301              	.LBB4:
 302              		.loc 1 190 0
 303 0014 E369     		ldr	r3, [r4, #28]
 304 0016 01A8     		add	r0, sp, #4
 305 0018 3146     		mov	r1, r6
 306 001a 0A4A     		ldr	r2, .L23+4
 307 001c FFF7FEFF 		bl	chVTSetI
 308              		.loc 1 191 0
 309 0020 2846     		mov	r0, r5
 310 0022 FFF7FEFF 		bl	chSchGoSleepS
 311              		.loc 1 192 0
 312 0026 049B     		ldr	r3, [sp, #16]
 313 0028 33B1     		cbz	r3, .L22
 314              		.loc 1 193 0
 315 002a 01A8     		add	r0, sp, #4
 316 002c FFF7FEFF 		bl	chVTResetI
 317 0030 02E0     		b	.L22
 318              	.L21:
 319              	.LBE4:
 320              		.loc 1 196 0
 321 0032 2846     		mov	r0, r5
 322 0034 FFF7FEFF 		bl	chSchGoSleepS
 323              	.L22:
 324              		.loc 1 197 0
 325 0038 E369     		ldr	r3, [r4, #28]
 326              		.loc 1 198 0
 327 003a 986A     		ldr	r0, [r3, #40]
 328 003c 06B0     		add	sp, sp, #24
 329 003e 70BD     		pop	{r4, r5, r6, pc}
 330              	.L24:
 331              		.align	2
 332              	.L23:
 333 0040 00000000 		.word	.LANCHOR0
 334 0044 00000000 		.word	wakeup
 335              		.cfi_endproc
 336              	.LFE4:
 337              		.size	chSchGoSleepTimeoutS, .-chSchGoSleepTimeoutS
 338              		.section	.text.chSchWakeupS,"ax",%progbits
ARM GAS  /tmp/ccpKbWoq.s 			page 7


 339              		.align	1
 340              		.global	chSchWakeupS
 341              		.thumb
 342              		.thumb_func
 343              		.type	chSchWakeupS, %function
 344              	chSchWakeupS:
 345              	.LFB5:
 346              		.loc 1 219 0
 347              		.cfi_startproc
 348              		@ args = 0, pretend = 0, frame = 0
 349              		@ frame_needed = 0, uses_anonymous_args = 0
 350              	.LVL14:
 351 0000 70B5     		push	{r4, r5, r6, lr}
 352              	.LCFI5:
 353              		.cfi_def_cfa_offset 16
 354              		.loc 1 219 0
 355 0002 0446     		mov	r4, r0
 356              		.cfi_offset 14, -4
 357              		.cfi_offset 6, -8
 358              		.cfi_offset 5, -12
 359              		.cfi_offset 4, -16
 360 0004 0D46     		mov	r5, r1
 361              		.loc 1 221 0
 362 0006 FFF7FEFF 		bl	chDbgCheckClassS
 363              	.LVL15:
 364              		.loc 1 223 0
 365 000a A562     		str	r5, [r4, #40]
 366              		.loc 1 228 0
 367 000c 114D     		ldr	r5, .L28
 368              	.LVL16:
 369 000e A268     		ldr	r2, [r4, #8]
 370 0010 E869     		ldr	r0, [r5, #28]
 371 0012 8368     		ldr	r3, [r0, #8]
 372 0014 9A42     		cmp	r2, r3
 373 0016 04D8     		bhi	.L26
 374              		.loc 1 229 0
 375 0018 2046     		mov	r0, r4
 376              		.loc 1 239 0
 377 001a BDE87040 		pop	{r4, r5, r6, lr}
 378              		.loc 1 229 0
 379 001e FFF7FEBF 		b	chSchReadyI
 380              	.LVL17:
 381              	.L26:
 382              	.LBB5:
 383              		.loc 1 231 0
 384 0022 FFF7FEFF 		bl	chSchReadyI
 385              	.LVL18:
 386              		.loc 1 233 0
 387 0026 1423     		movs	r3, #20
 388 0028 AB61     		str	r3, [r5, #24]
 389              		.loc 1 236 0
 390 002a 133B     		subs	r3, r3, #19
 391              		.loc 1 231 0
 392 002c 0646     		mov	r6, r0
 393              	.LVL19:
 394              		.loc 1 236 0
 395 002e 84F82030 		strb	r3, [r4, #32]
ARM GAS  /tmp/ccpKbWoq.s 			page 8


 396              		.loc 1 235 0
 397 0032 EC61     		str	r4, [r5, #28]
 398              		.loc 1 237 0
 399 0034 FFF7FEFF 		bl	dbg_trace
 400              	.LVL20:
 401              	.LBB6:
 402 0038 F269     		ldr	r2, [r6, #28]
 403 003a ADF12403 		sub	r3, sp, #36
 404 003e 9A42     		cmp	r2, r3
 405 0040 02D9     		bls	.L27
 406              		.loc 1 237 0 is_stmt 0 discriminator 1
 407 0042 0548     		ldr	r0, .L28+4
 408 0044 FFF7FEFF 		bl	chDbgPanic
 409              	.L27:
 410              		.loc 1 237 0 discriminator 2
 411 0048 2046     		mov	r0, r4
 412 004a 3146     		mov	r1, r6
 413              	.LBE6:
 414              	.LBE5:
 415              		.loc 1 239 0 is_stmt 1 discriminator 2
 416 004c BDE87040 		pop	{r4, r5, r6, lr}
 417              	.LBB8:
 418              	.LBB7:
 419              		.loc 1 237 0 discriminator 2
 420 0050 FFF7FEBF 		b	_port_switch
 421              	.L29:
 422              		.align	2
 423              	.L28:
 424 0054 00000000 		.word	.LANCHOR0
 425 0058 12000000 		.word	.LC1
 426              	.LBE7:
 427              	.LBE8:
 428              		.cfi_endproc
 429              	.LFE5:
 430              		.size	chSchWakeupS, .-chSchWakeupS
 431              		.section	.text.chSchDoReschedule,"ax",%progbits
 432              		.align	1
 433              		.global	chSchDoReschedule
 434              		.thumb
 435              		.thumb_func
 436              		.type	chSchDoReschedule, %function
 437              	chSchDoReschedule:
 438              	.LFB7:
 439              		.loc 1 298 0
 440              		.cfi_startproc
 441              		@ args = 0, pretend = 0, frame = 0
 442              		@ frame_needed = 0, uses_anonymous_args = 0
 443 0000 70B5     		push	{r4, r5, r6, lr}
 444              	.LCFI6:
 445              		.cfi_def_cfa_offset 16
 446              		.loc 1 302 0
 447 0002 0F4C     		ldr	r4, .L32
 448              		.cfi_offset 14, -4
 449              		.cfi_offset 6, -8
 450              		.cfi_offset 5, -12
 451              		.cfi_offset 4, -16
 452 0004 1423     		movs	r3, #20
ARM GAS  /tmp/ccpKbWoq.s 			page 9


 453              		.loc 1 306 0
 454 0006 2046     		mov	r0, r4
 455              		.loc 1 304 0
 456 0008 E569     		ldr	r5, [r4, #28]
 457              	.LVL21:
 458              		.loc 1 302 0
 459 000a A361     		str	r3, [r4, #24]
 460              		.loc 1 306 0
 461 000c FFF7FEFF 		bl	fifo_remove
 462              	.LVL22:
 463              		.loc 1 307 0
 464 0010 0123     		movs	r3, #1
 465 0012 80F82030 		strb	r3, [r0, #32]
 466              		.loc 1 306 0
 467 0016 E061     		str	r0, [r4, #28]
 468              		.loc 1 308 0
 469 0018 2846     		mov	r0, r5
 470 001a FFF7FEFF 		bl	chSchReadyI
 471              		.loc 1 309 0
 472 001e 2846     		mov	r0, r5
 473 0020 FFF7FEFF 		bl	dbg_trace
 474              	.LBB9:
 475 0024 EA69     		ldr	r2, [r5, #28]
 476 0026 ADF12403 		sub	r3, sp, #36
 477 002a 9A42     		cmp	r2, r3
 478 002c 02D9     		bls	.L31
 479              		.loc 1 309 0 is_stmt 0 discriminator 1
 480 002e 0548     		ldr	r0, .L32+4
 481 0030 FFF7FEFF 		bl	chDbgPanic
 482              	.L31:
 483              		.loc 1 309 0 discriminator 2
 484 0034 E069     		ldr	r0, [r4, #28]
 485 0036 2946     		mov	r1, r5
 486              	.LBE9:
 487              		.loc 1 310 0 is_stmt 1 discriminator 2
 488 0038 BDE87040 		pop	{r4, r5, r6, lr}
 489              	.LBB10:
 490              		.loc 1 309 0 discriminator 2
 491 003c FFF7FEBF 		b	_port_switch
 492              	.L33:
 493              		.align	2
 494              	.L32:
 495 0040 00000000 		.word	.LANCHOR0
 496 0044 12000000 		.word	.LC1
 497              	.LBE10:
 498              		.cfi_endproc
 499              	.LFE7:
 500              		.size	chSchDoReschedule, .-chSchDoReschedule
 501              		.section	.text.chSchRescheduleS,"ax",%progbits
 502              		.align	1
 503              		.global	chSchRescheduleS
 504              		.thumb
 505              		.thumb_func
 506              		.type	chSchRescheduleS, %function
 507              	chSchRescheduleS:
 508              	.LFB6:
 509              		.loc 1 250 0
ARM GAS  /tmp/ccpKbWoq.s 			page 10


 510              		.cfi_startproc
 511              		@ args = 0, pretend = 0, frame = 0
 512              		@ frame_needed = 0, uses_anonymous_args = 0
 513 0000 10B5     		push	{r4, lr}
 514              	.LCFI7:
 515              		.cfi_def_cfa_offset 8
 516              		.loc 1 252 0
 517              		.cfi_offset 14, -4
 518              		.cfi_offset 4, -8
 519 0002 FFF7FEFF 		bl	chDbgCheckClassS
 520              		.loc 1 254 0
 521 0006 064B     		ldr	r3, .L36
 522 0008 1A68     		ldr	r2, [r3, #0]
 523 000a DB69     		ldr	r3, [r3, #28]
 524 000c 9268     		ldr	r2, [r2, #8]
 525 000e 9B68     		ldr	r3, [r3, #8]
 526 0010 9A42     		cmp	r2, r3
 527 0012 03D9     		bls	.L34
 528              		.loc 1 256 0
 529 0014 BDE81040 		pop	{r4, lr}
 530              		.loc 1 255 0
 531 0018 FFF7FEBF 		b	chSchDoReschedule
 532              	.L34:
 533 001c 10BD     		pop	{r4, pc}
 534              	.L37:
 535 001e 00BF     		.align	2
 536              	.L36:
 537 0020 00000000 		.word	.LANCHOR0
 538              		.cfi_endproc
 539              	.LFE6:
 540              		.size	chSchRescheduleS, .-chSchRescheduleS
 541              		.global	rlist
 542              		.section	.rodata.str1.1,"aMS",%progbits,1
 543              	.LC0:
 544 0000 63685363 		.ascii	"chSchReadyI(), #1\000"
 544      68526561 
 544      64794928 
 544      292C2023 
 544      3100
 545              	.LC1:
 546 0012 73746163 		.ascii	"stack overflow\000"
 546      6B206F76 
 546      6572666C 
 546      6F7700
 547              		.section	.bss.rlist,"aw",%nobits
 548              		.align	2
 549              		.set	.LANCHOR0,. + 0
 550              		.type	rlist, %object
 551              		.size	rlist, 32
 552              	rlist:
 553 0000 00000000 		.space	32
 553      00000000 
 553      00000000 
 553      00000000 
 553      00000000 
 554              		.text
 555              	.Letext0:
ARM GAS  /tmp/ccpKbWoq.s 			page 11


 556              		.section	.debug_loc,"",%progbits
 557              	.Ldebug_loc0:
 558              	.LLST0:
 559 0000 00000000 		.4byte	.LFB1
 560 0004 02000000 		.4byte	.LCFI0
 561 0008 0200     		.2byte	0x2
 562 000a 7D       		.byte	0x7d
 563 000b 00       		.sleb128 0
 564 000c 02000000 		.4byte	.LCFI0
 565 0010 3C000000 		.4byte	.LFE1
 566 0014 0200     		.2byte	0x2
 567 0016 7D       		.byte	0x7d
 568 0017 08       		.sleb128 8
 569 0018 00000000 		.4byte	0x0
 570 001c 00000000 		.4byte	0x0
 571              	.LLST1:
 572 0020 00000000 		.4byte	.LVL0
 573 0024 10000000 		.4byte	.LVL1
 574 0028 0100     		.2byte	0x1
 575 002a 50       		.byte	0x50
 576 002b 10000000 		.4byte	.LVL1
 577 002f 3C000000 		.4byte	.LFE1
 578 0033 0100     		.2byte	0x1
 579 0035 54       		.byte	0x54
 580 0036 00000000 		.4byte	0x0
 581 003a 00000000 		.4byte	0x0
 582              	.LLST2:
 583 003e 1E000000 		.4byte	.LVL2
 584 0042 20000000 		.4byte	.LVL3
 585 0046 0100     		.2byte	0x1
 586 0048 53       		.byte	0x53
 587 0049 20000000 		.4byte	.LVL3
 588 004d 3C000000 		.4byte	.LFE1
 589 0051 0100     		.2byte	0x1
 590 0053 53       		.byte	0x53
 591 0054 00000000 		.4byte	0x0
 592 0058 00000000 		.4byte	0x0
 593              	.LLST3:
 594 005c 00000000 		.4byte	.LFB3
 595 0060 02000000 		.4byte	.LCFI1
 596 0064 0200     		.2byte	0x2
 597 0066 7D       		.byte	0x7d
 598 0067 00       		.sleb128 0
 599 0068 02000000 		.4byte	.LCFI1
 600 006c 3C000000 		.4byte	.LFE3
 601 0070 0200     		.2byte	0x2
 602 0072 7D       		.byte	0x7d
 603 0073 08       		.sleb128 8
 604 0074 00000000 		.4byte	0x0
 605 0078 00000000 		.4byte	0x0
 606              	.LLST4:
 607 007c 00000000 		.4byte	.LVL4
 608 0080 0C000000 		.4byte	.LVL5
 609 0084 0100     		.2byte	0x1
 610 0086 50       		.byte	0x50
 611 0087 1C000000 		.4byte	.LVL6
 612 008b 26000000 		.4byte	.LVL7
ARM GAS  /tmp/ccpKbWoq.s 			page 12


 613 008f 0100     		.2byte	0x1
 614 0091 50       		.byte	0x50
 615 0092 26000000 		.4byte	.LVL7
 616 0096 3C000000 		.4byte	.LFE3
 617 009a 0100     		.2byte	0x1
 618 009c 54       		.byte	0x54
 619 009d 00000000 		.4byte	0x0
 620 00a1 00000000 		.4byte	0x0
 621              	.LLST5:
 622 00a5 00000000 		.4byte	.LVL4
 623 00a9 26000000 		.4byte	.LVL7
 624 00ad 0100     		.2byte	0x1
 625 00af 50       		.byte	0x50
 626 00b0 26000000 		.4byte	.LVL7
 627 00b4 3C000000 		.4byte	.LFE3
 628 00b8 0100     		.2byte	0x1
 629 00ba 54       		.byte	0x54
 630 00bb 00000000 		.4byte	0x0
 631 00bf 00000000 		.4byte	0x0
 632              	.LLST6:
 633 00c3 00000000 		.4byte	.LFB2
 634 00c7 02000000 		.4byte	.LCFI2
 635 00cb 0200     		.2byte	0x2
 636 00cd 7D       		.byte	0x7d
 637 00ce 00       		.sleb128 0
 638 00cf 02000000 		.4byte	.LCFI2
 639 00d3 4C000000 		.4byte	.LFE2
 640 00d7 0200     		.2byte	0x2
 641 00d9 7D       		.byte	0x7d
 642 00da 10       		.sleb128 16
 643 00db 00000000 		.4byte	0x0
 644 00df 00000000 		.4byte	0x0
 645              	.LLST7:
 646 00e3 00000000 		.4byte	.LVL8
 647 00e7 09000000 		.4byte	.LVL9-1
 648 00eb 0100     		.2byte	0x1
 649 00ed 50       		.byte	0x50
 650 00ee 00000000 		.4byte	0x0
 651 00f2 00000000 		.4byte	0x0
 652              	.LLST8:
 653 00f6 0C000000 		.4byte	.LVL10
 654 00fa 19000000 		.4byte	.LVL11-1
 655 00fe 0500     		.2byte	0x5
 656 0100 03       		.byte	0x3
 657 0101 1C000000 		.4byte	rlist+28
 658 0105 19000000 		.4byte	.LVL11-1
 659 0109 4C000000 		.4byte	.LFE2
 660 010d 0100     		.2byte	0x1
 661 010f 55       		.byte	0x55
 662 0110 00000000 		.4byte	0x0
 663 0114 00000000 		.4byte	0x0
 664              	.LLST9:
 665 0118 00000000 		.4byte	.LFB4
 666 011c 02000000 		.4byte	.LCFI3
 667 0120 0200     		.2byte	0x2
 668 0122 7D       		.byte	0x7d
 669 0123 00       		.sleb128 0
ARM GAS  /tmp/ccpKbWoq.s 			page 13


 670 0124 02000000 		.4byte	.LCFI3
 671 0128 06000000 		.4byte	.LCFI4
 672 012c 0200     		.2byte	0x2
 673 012e 7D       		.byte	0x7d
 674 012f 10       		.sleb128 16
 675 0130 06000000 		.4byte	.LCFI4
 676 0134 48000000 		.4byte	.LFE4
 677 0138 0200     		.2byte	0x2
 678 013a 7D       		.byte	0x7d
 679 013b 28       		.sleb128 40
 680 013c 00000000 		.4byte	0x0
 681 0140 00000000 		.4byte	0x0
 682              	.LLST10:
 683 0144 00000000 		.4byte	.LVL12
 684 0148 0B000000 		.4byte	.LVL13-1
 685 014c 0100     		.2byte	0x1
 686 014e 50       		.byte	0x50
 687 014f 00000000 		.4byte	0x0
 688 0153 00000000 		.4byte	0x0
 689              	.LLST11:
 690 0157 00000000 		.4byte	.LVL12
 691 015b 0B000000 		.4byte	.LVL13-1
 692 015f 0100     		.2byte	0x1
 693 0161 51       		.byte	0x51
 694 0162 0B000000 		.4byte	.LVL13-1
 695 0166 48000000 		.4byte	.LFE4
 696 016a 0100     		.2byte	0x1
 697 016c 56       		.byte	0x56
 698 016d 00000000 		.4byte	0x0
 699 0171 00000000 		.4byte	0x0
 700              	.LLST12:
 701 0175 00000000 		.4byte	.LFB5
 702 0179 02000000 		.4byte	.LCFI5
 703 017d 0200     		.2byte	0x2
 704 017f 7D       		.byte	0x7d
 705 0180 00       		.sleb128 0
 706 0181 02000000 		.4byte	.LCFI5
 707 0185 5C000000 		.4byte	.LFE5
 708 0189 0200     		.2byte	0x2
 709 018b 7D       		.byte	0x7d
 710 018c 10       		.sleb128 16
 711 018d 00000000 		.4byte	0x0
 712 0191 00000000 		.4byte	0x0
 713              	.LLST13:
 714 0195 00000000 		.4byte	.LVL14
 715 0199 09000000 		.4byte	.LVL15-1
 716 019d 0100     		.2byte	0x1
 717 019f 50       		.byte	0x50
 718 01a0 09000000 		.4byte	.LVL15-1
 719 01a4 5C000000 		.4byte	.LFE5
 720 01a8 0100     		.2byte	0x1
 721 01aa 54       		.byte	0x54
 722 01ab 00000000 		.4byte	0x0
 723 01af 00000000 		.4byte	0x0
 724              	.LLST14:
 725 01b3 00000000 		.4byte	.LVL14
 726 01b7 09000000 		.4byte	.LVL15-1
ARM GAS  /tmp/ccpKbWoq.s 			page 14


 727 01bb 0100     		.2byte	0x1
 728 01bd 51       		.byte	0x51
 729 01be 09000000 		.4byte	.LVL15-1
 730 01c2 0E000000 		.4byte	.LVL16
 731 01c6 0100     		.2byte	0x1
 732 01c8 55       		.byte	0x55
 733 01c9 0E000000 		.4byte	.LVL16
 734 01cd 21000000 		.4byte	.LVL17-1
 735 01d1 0200     		.2byte	0x2
 736 01d3 74       		.byte	0x74
 737 01d4 28       		.sleb128 40
 738 01d5 22000000 		.4byte	.LVL17
 739 01d9 25000000 		.4byte	.LVL18-1
 740 01dd 0200     		.2byte	0x2
 741 01df 74       		.byte	0x74
 742 01e0 28       		.sleb128 40
 743 01e1 00000000 		.4byte	0x0
 744 01e5 00000000 		.4byte	0x0
 745              	.LLST15:
 746 01e9 2E000000 		.4byte	.LVL19
 747 01ed 37000000 		.4byte	.LVL20-1
 748 01f1 0100     		.2byte	0x1
 749 01f3 50       		.byte	0x50
 750 01f4 37000000 		.4byte	.LVL20-1
 751 01f8 5C000000 		.4byte	.LFE5
 752 01fc 0100     		.2byte	0x1
 753 01fe 56       		.byte	0x56
 754 01ff 00000000 		.4byte	0x0
 755 0203 00000000 		.4byte	0x0
 756              	.LLST16:
 757 0207 00000000 		.4byte	.LFB7
 758 020b 02000000 		.4byte	.LCFI6
 759 020f 0200     		.2byte	0x2
 760 0211 7D       		.byte	0x7d
 761 0212 00       		.sleb128 0
 762 0213 02000000 		.4byte	.LCFI6
 763 0217 48000000 		.4byte	.LFE7
 764 021b 0200     		.2byte	0x2
 765 021d 7D       		.byte	0x7d
 766 021e 10       		.sleb128 16
 767 021f 00000000 		.4byte	0x0
 768 0223 00000000 		.4byte	0x0
 769              	.LLST17:
 770 0227 0A000000 		.4byte	.LVL21
 771 022b 0F000000 		.4byte	.LVL22-1
 772 022f 0500     		.2byte	0x5
 773 0231 03       		.byte	0x3
 774 0232 1C000000 		.4byte	rlist+28
 775 0236 0F000000 		.4byte	.LVL22-1
 776 023a 48000000 		.4byte	.LFE7
 777 023e 0100     		.2byte	0x1
 778 0240 55       		.byte	0x55
 779 0241 00000000 		.4byte	0x0
 780 0245 00000000 		.4byte	0x0
 781              	.LLST18:
 782 0249 00000000 		.4byte	.LFB6
 783 024d 02000000 		.4byte	.LCFI7
ARM GAS  /tmp/ccpKbWoq.s 			page 15


 784 0251 0200     		.2byte	0x2
 785 0253 7D       		.byte	0x7d
 786 0254 00       		.sleb128 0
 787 0255 02000000 		.4byte	.LCFI7
 788 0259 24000000 		.4byte	.LFE6
 789 025d 0200     		.2byte	0x2
 790 025f 7D       		.byte	0x7d
 791 0260 08       		.sleb128 8
 792 0261 00000000 		.4byte	0x0
 793 0265 00000000 		.4byte	0x0
 794              		.file 2 "/home/z80/programs/code-sourcery/2011.03-42/bin/../lib/gcc/arm-none-eabi/4.5.2/../../../.
 795              		.file 3 "../chibios/os/ports/GCC/ARMCMx/chtypes.h"
 796              		.file 4 "../chibios/os/kernel/include/chlists.h"
 797              		.file 5 "../chibios/os/kernel/include/chthreads.h"
 798              		.file 6 "../chibios/os/ports/GCC/ARMCMx/chcore_v7m.h"
 799              		.file 7 "../chibios/os/kernel/include/chvt.h"
 800              		.file 8 "../chibios/os/kernel/include/chschd.h"
 801              		.file 9 "../chibios/os/kernel/include/chsem.h"
 802              		.file 10 "../chibios/os/kernel/include/chmtx.h"
 803              		.section	.debug_info
 804 0000 FE060000 		.4byte	0x6fe
 805 0004 0200     		.2byte	0x2
 806 0006 00000000 		.4byte	.Ldebug_abbrev0
 807 000a 04       		.byte	0x4
 808 000b 01       		.uleb128 0x1
 809 000c 46030000 		.4byte	.LASF84
 810 0010 01       		.byte	0x1
 811 0011 A3010000 		.4byte	.LASF85
 812 0015 29010000 		.4byte	.LASF86
 813 0019 00000000 		.4byte	0x0
 814 001d 00000000 		.4byte	0x0
 815 0021 60000000 		.4byte	.Ldebug_ranges0+0x60
 816 0025 00000000 		.4byte	.Ldebug_line0
 817 0029 02       		.uleb128 0x2
 818 002a 04       		.byte	0x4
 819 002b 05       		.byte	0x5
 820 002c 696E7400 		.ascii	"int\000"
 821 0030 03       		.uleb128 0x3
 822 0031 04       		.byte	0x4
 823 0032 07       		.byte	0x7
 824 0033 ED000000 		.4byte	.LASF0
 825 0037 03       		.uleb128 0x3
 826 0038 01       		.byte	0x1
 827 0039 06       		.byte	0x6
 828 003a 5B000000 		.4byte	.LASF1
 829 003e 04       		.uleb128 0x4
 830 003f 37030000 		.4byte	.LASF5
 831 0043 02       		.byte	0x2
 832 0044 2A       		.byte	0x2a
 833 0045 49000000 		.4byte	0x49
 834 0049 03       		.uleb128 0x3
 835 004a 01       		.byte	0x1
 836 004b 08       		.byte	0x8
 837 004c 26020000 		.4byte	.LASF2
 838 0050 03       		.uleb128 0x3
 839 0051 02       		.byte	0x2
 840 0052 05       		.byte	0x5
ARM GAS  /tmp/ccpKbWoq.s 			page 16


 841 0053 47020000 		.4byte	.LASF3
 842 0057 03       		.uleb128 0x3
 843 0058 02       		.byte	0x2
 844 0059 07       		.byte	0x7
 845 005a EA020000 		.4byte	.LASF4
 846 005e 04       		.uleb128 0x4
 847 005f 1E020000 		.4byte	.LASF6
 848 0063 02       		.byte	0x2
 849 0064 4F       		.byte	0x4f
 850 0065 69000000 		.4byte	0x69
 851 0069 03       		.uleb128 0x3
 852 006a 04       		.byte	0x4
 853 006b 05       		.byte	0x5
 854 006c 7E000000 		.4byte	.LASF7
 855 0070 04       		.uleb128 0x4
 856 0071 96020000 		.4byte	.LASF8
 857 0075 02       		.byte	0x2
 858 0076 50       		.byte	0x50
 859 0077 7B000000 		.4byte	0x7b
 860 007b 03       		.uleb128 0x3
 861 007c 04       		.byte	0x4
 862 007d 07       		.byte	0x7
 863 007e 09010000 		.4byte	.LASF9
 864 0082 03       		.uleb128 0x3
 865 0083 08       		.byte	0x8
 866 0084 05       		.byte	0x5
 867 0085 4D000000 		.4byte	.LASF10
 868 0089 04       		.uleb128 0x4
 869 008a 0D000000 		.4byte	.LASF11
 870 008e 02       		.byte	0x2
 871 008f 78       		.byte	0x78
 872 0090 94000000 		.4byte	0x94
 873 0094 03       		.uleb128 0x3
 874 0095 08       		.byte	0x8
 875 0096 07       		.byte	0x7
 876 0097 16000000 		.4byte	.LASF12
 877 009b 04       		.uleb128 0x4
 878 009c 72010000 		.4byte	.LASF13
 879 00a0 03       		.byte	0x3
 880 00a1 2F       		.byte	0x2f
 881 00a2 3E000000 		.4byte	0x3e
 882 00a6 04       		.uleb128 0x4
 883 00a7 87000000 		.4byte	.LASF14
 884 00ab 03       		.byte	0x3
 885 00ac 30       		.byte	0x30
 886 00ad 3E000000 		.4byte	0x3e
 887 00b1 04       		.uleb128 0x4
 888 00b2 07020000 		.4byte	.LASF15
 889 00b6 03       		.byte	0x3
 890 00b7 31       		.byte	0x31
 891 00b8 3E000000 		.4byte	0x3e
 892 00bc 04       		.uleb128 0x4
 893 00bd 16020000 		.4byte	.LASF16
 894 00c1 03       		.byte	0x3
 895 00c2 32       		.byte	0x32
 896 00c3 70000000 		.4byte	0x70
 897 00c7 04       		.uleb128 0x4
ARM GAS  /tmp/ccpKbWoq.s 			page 17


 898 00c8 6C010000 		.4byte	.LASF17
 899 00cc 03       		.byte	0x3
 900 00cd 33       		.byte	0x33
 901 00ce 5E000000 		.4byte	0x5e
 902 00d2 04       		.uleb128 0x4
 903 00d3 86010000 		.4byte	.LASF18
 904 00d7 03       		.byte	0x3
 905 00d8 35       		.byte	0x35
 906 00d9 70000000 		.4byte	0x70
 907 00dd 04       		.uleb128 0x4
 908 00de CC020000 		.4byte	.LASF19
 909 00e2 03       		.byte	0x3
 910 00e3 36       		.byte	0x36
 911 00e4 70000000 		.4byte	0x70
 912 00e8 04       		.uleb128 0x4
 913 00e9 DC000000 		.4byte	.LASF20
 914 00ed 03       		.byte	0x3
 915 00ee 37       		.byte	0x37
 916 00ef 5E000000 		.4byte	0x5e
 917 00f3 04       		.uleb128 0x4
 918 00f4 76020000 		.4byte	.LASF21
 919 00f8 04       		.byte	0x4
 920 00f9 2A       		.byte	0x2a
 921 00fa FE000000 		.4byte	0xfe
 922 00fe 05       		.uleb128 0x5
 923 00ff 76020000 		.4byte	.LASF21
 924 0103 4C       		.byte	0x4c
 925 0104 05       		.byte	0x5
 926 0105 5E       		.byte	0x5e
 927 0106 23020000 		.4byte	0x223
 928 010a 06       		.uleb128 0x6
 929 010b 67020000 		.4byte	.LASF22
 930 010f 05       		.byte	0x5
 931 0110 5F       		.byte	0x5f
 932 0111 48020000 		.4byte	0x248
 933 0115 02       		.byte	0x2
 934 0116 23       		.byte	0x23
 935 0117 00       		.uleb128 0x0
 936 0118 06       		.uleb128 0x6
 937 0119 0F020000 		.4byte	.LASF23
 938 011d 05       		.byte	0x5
 939 011e 61       		.byte	0x61
 940 011f 48020000 		.4byte	0x248
 941 0123 02       		.byte	0x2
 942 0124 23       		.byte	0x23
 943 0125 04       		.uleb128 0x4
 944 0126 06       		.uleb128 0x6
 945 0127 36000000 		.4byte	.LASF24
 946 012b 05       		.byte	0x5
 947 012c 63       		.byte	0x63
 948 012d BC000000 		.4byte	0xbc
 949 0131 02       		.byte	0x2
 950 0132 23       		.byte	0x23
 951 0133 08       		.uleb128 0x8
 952 0134 06       		.uleb128 0x6
 953 0135 80030000 		.4byte	.LASF25
 954 0139 05       		.byte	0x5
ARM GAS  /tmp/ccpKbWoq.s 			page 18


 955 013a 64       		.byte	0x64
 956 013b 20030000 		.4byte	0x320
 957 013f 02       		.byte	0x2
 958 0140 23       		.byte	0x23
 959 0141 0C       		.uleb128 0xc
 960 0142 06       		.uleb128 0x6
 961 0143 90000000 		.4byte	.LASF26
 962 0147 05       		.byte	0x5
 963 0148 66       		.byte	0x66
 964 0149 48020000 		.4byte	0x248
 965 014d 02       		.byte	0x2
 966 014e 23       		.byte	0x23
 967 014f 10       		.uleb128 0x10
 968 0150 06       		.uleb128 0x6
 969 0151 D5010000 		.4byte	.LASF27
 970 0155 05       		.byte	0x5
 971 0156 67       		.byte	0x67
 972 0157 48020000 		.4byte	0x248
 973 015b 02       		.byte	0x2
 974 015c 23       		.byte	0x23
 975 015d 14       		.uleb128 0x14
 976 015e 06       		.uleb128 0x6
 977 015f 52030000 		.4byte	.LASF28
 978 0163 05       		.byte	0x5
 979 0164 6E       		.byte	0x6e
 980 0165 F0040000 		.4byte	0x4f0
 981 0169 02       		.byte	0x2
 982 016a 23       		.byte	0x23
 983 016b 18       		.uleb128 0x18
 984 016c 06       		.uleb128 0x6
 985 016d E2000000 		.4byte	.LASF29
 986 0171 05       		.byte	0x5
 987 0172 74       		.byte	0x74
 988 0173 02050000 		.4byte	0x502
 989 0177 02       		.byte	0x2
 990 0178 23       		.byte	0x23
 991 0179 1C       		.uleb128 0x1c
 992 017a 06       		.uleb128 0x6
 993 017b 51020000 		.4byte	.LASF30
 994 017f 05       		.byte	0x5
 995 0180 79       		.byte	0x79
 996 0181 A6000000 		.4byte	0xa6
 997 0185 02       		.byte	0x2
 998 0186 23       		.byte	0x23
 999 0187 20       		.uleb128 0x20
 1000 0188 06       		.uleb128 0x6
 1001 0189 6E020000 		.4byte	.LASF31
 1002 018d 05       		.byte	0x5
 1003 018e 7D       		.byte	0x7d
 1004 018f 9B000000 		.4byte	0x9b
 1005 0193 02       		.byte	0x2
 1006 0194 23       		.byte	0x23
 1007 0195 21       		.uleb128 0x21
 1008 0196 06       		.uleb128 0x6
 1009 0197 20030000 		.4byte	.LASF32
 1010 019b 05       		.byte	0x5
 1011 019c 82       		.byte	0x82
ARM GAS  /tmp/ccpKbWoq.s 			page 19


 1012 019d B1000000 		.4byte	0xb1
 1013 01a1 02       		.byte	0x2
 1014 01a2 23       		.byte	0x23
 1015 01a3 22       		.uleb128 0x22
 1016 01a4 06       		.uleb128 0x6
 1017 01a5 3F030000 		.4byte	.LASF33
 1018 01a9 05       		.byte	0x5
 1019 01aa 89       		.byte	0x89
 1020 01ab C4030000 		.4byte	0x3c4
 1021 01af 02       		.byte	0x2
 1022 01b0 23       		.byte	0x23
 1023 01b1 24       		.uleb128 0x24
 1024 01b2 07       		.uleb128 0x7
 1025 01b3 705F7500 		.ascii	"p_u\000"
 1026 01b7 05       		.byte	0x5
 1027 01b8 AE       		.byte	0xae
 1028 01b9 BB040000 		.4byte	0x4bb
 1029 01bd 02       		.byte	0x2
 1030 01be 23       		.byte	0x23
 1031 01bf 28       		.uleb128 0x28
 1032 01c0 06       		.uleb128 0x6
 1033 01c1 86030000 		.4byte	.LASF34
 1034 01c5 05       		.byte	0x5
 1035 01c6 B3       		.byte	0xb3
 1036 01c7 70020000 		.4byte	0x270
 1037 01cb 02       		.byte	0x2
 1038 01cc 23       		.byte	0x23
 1039 01cd 2C       		.uleb128 0x2c
 1040 01ce 06       		.uleb128 0x6
 1041 01cf 04030000 		.4byte	.LASF35
 1042 01d3 05       		.byte	0x5
 1043 01d4 B9       		.byte	0xb9
 1044 01d5 4E020000 		.4byte	0x24e
 1045 01d9 02       		.byte	0x2
 1046 01da 23       		.byte	0x23
 1047 01db 30       		.uleb128 0x30
 1048 01dc 06       		.uleb128 0x6
 1049 01dd 00000000 		.4byte	.LASF36
 1050 01e1 05       		.byte	0x5
 1051 01e2 BD       		.byte	0xbd
 1052 01e3 C7000000 		.4byte	0xc7
 1053 01e7 02       		.byte	0x2
 1054 01e8 23       		.byte	0x23
 1055 01e9 38       		.uleb128 0x38
 1056 01ea 06       		.uleb128 0x6
 1057 01eb 8B020000 		.4byte	.LASF37
 1058 01ef 05       		.byte	0x5
 1059 01f0 C3       		.byte	0xc3
 1060 01f1 D2000000 		.4byte	0xd2
 1061 01f5 02       		.byte	0x2
 1062 01f6 23       		.byte	0x23
 1063 01f7 3C       		.uleb128 0x3c
 1064 01f8 06       		.uleb128 0x6
 1065 01f9 3D020000 		.4byte	.LASF38
 1066 01fd 05       		.byte	0x5
 1067 01fe CA       		.byte	0xca
 1068 01ff 08050000 		.4byte	0x508
ARM GAS  /tmp/ccpKbWoq.s 			page 20


 1069 0203 02       		.byte	0x2
 1070 0204 23       		.byte	0x23
 1071 0205 40       		.uleb128 0x40
 1072 0206 06       		.uleb128 0x6
 1073 0207 D6020000 		.4byte	.LASF39
 1074 020b 05       		.byte	0x5
 1075 020c CE       		.byte	0xce
 1076 020d BC000000 		.4byte	0xbc
 1077 0211 02       		.byte	0x2
 1078 0212 23       		.byte	0x23
 1079 0213 44       		.uleb128 0x44
 1080 0214 06       		.uleb128 0x6
 1081 0215 67000000 		.4byte	.LASF40
 1082 0219 05       		.byte	0x5
 1083 021a D4       		.byte	0xd4
 1084 021b 86020000 		.4byte	0x286
 1085 021f 02       		.byte	0x2
 1086 0220 23       		.byte	0x23
 1087 0221 48       		.uleb128 0x48
 1088 0222 00       		.byte	0x0
 1089 0223 08       		.uleb128 0x8
 1090 0224 08       		.byte	0x8
 1091 0225 04       		.byte	0x4
 1092 0226 61       		.byte	0x61
 1093 0227 48020000 		.4byte	0x248
 1094 022b 06       		.uleb128 0x6
 1095 022c 67020000 		.4byte	.LASF22
 1096 0230 04       		.byte	0x4
 1097 0231 62       		.byte	0x62
 1098 0232 48020000 		.4byte	0x248
 1099 0236 02       		.byte	0x2
 1100 0237 23       		.byte	0x23
 1101 0238 00       		.uleb128 0x0
 1102 0239 06       		.uleb128 0x6
 1103 023a 0F020000 		.4byte	.LASF23
 1104 023e 04       		.byte	0x4
 1105 023f 64       		.byte	0x64
 1106 0240 48020000 		.4byte	0x248
 1107 0244 02       		.byte	0x2
 1108 0245 23       		.byte	0x23
 1109 0246 04       		.uleb128 0x4
 1110 0247 00       		.byte	0x0
 1111 0248 09       		.uleb128 0x9
 1112 0249 04       		.byte	0x4
 1113 024a F3000000 		.4byte	0xf3
 1114 024e 04       		.uleb128 0x4
 1115 024f E3010000 		.4byte	.LASF41
 1116 0253 04       		.byte	0x4
 1117 0254 66       		.byte	0x66
 1118 0255 23020000 		.4byte	0x223
 1119 0259 08       		.uleb128 0x8
 1120 025a 04       		.byte	0x4
 1121 025b 04       		.byte	0x4
 1122 025c 6B       		.byte	0x6b
 1123 025d 70020000 		.4byte	0x270
 1124 0261 06       		.uleb128 0x6
 1125 0262 67020000 		.4byte	.LASF22
ARM GAS  /tmp/ccpKbWoq.s 			page 21


 1126 0266 04       		.byte	0x4
 1127 0267 6D       		.byte	0x6d
 1128 0268 48020000 		.4byte	0x248
 1129 026c 02       		.byte	0x2
 1130 026d 23       		.byte	0x23
 1131 026e 00       		.uleb128 0x0
 1132 026f 00       		.byte	0x0
 1133 0270 04       		.uleb128 0x4
 1134 0271 7A010000 		.4byte	.LASF42
 1135 0275 04       		.byte	0x4
 1136 0276 70       		.byte	0x70
 1137 0277 59020000 		.4byte	0x259
 1138 027b 04       		.uleb128 0x4
 1139 027c B9000000 		.4byte	.LASF43
 1140 0280 06       		.byte	0x6
 1141 0281 D7       		.byte	0xd7
 1142 0282 86020000 		.4byte	0x286
 1143 0286 0A       		.uleb128 0xa
 1144 0287 04       		.byte	0x4
 1145 0288 04       		.uleb128 0x4
 1146 0289 98010000 		.4byte	.LASF44
 1147 028d 06       		.byte	0x6
 1148 028e DD       		.byte	0xdd
 1149 028f 89000000 		.4byte	0x89
 1150 0293 05       		.uleb128 0x5
 1151 0294 FD020000 		.4byte	.LASF45
 1152 0298 24       		.byte	0x24
 1153 0299 06       		.byte	0x6
 1154 029a FE       		.byte	0xfe
 1155 029b 20030000 		.4byte	0x320
 1156 029f 0B       		.uleb128 0xb
 1157 02a0 723400   		.ascii	"r4\000"
 1158 02a3 06       		.byte	0x6
 1159 02a4 1101     		.2byte	0x111
 1160 02a6 7B020000 		.4byte	0x27b
 1161 02aa 02       		.byte	0x2
 1162 02ab 23       		.byte	0x23
 1163 02ac 00       		.uleb128 0x0
 1164 02ad 0B       		.uleb128 0xb
 1165 02ae 723500   		.ascii	"r5\000"
 1166 02b1 06       		.byte	0x6
 1167 02b2 1201     		.2byte	0x112
 1168 02b4 7B020000 		.4byte	0x27b
 1169 02b8 02       		.byte	0x2
 1170 02b9 23       		.byte	0x23
 1171 02ba 04       		.uleb128 0x4
 1172 02bb 0B       		.uleb128 0xb
 1173 02bc 723600   		.ascii	"r6\000"
 1174 02bf 06       		.byte	0x6
 1175 02c0 1301     		.2byte	0x113
 1176 02c2 7B020000 		.4byte	0x27b
 1177 02c6 02       		.byte	0x2
 1178 02c7 23       		.byte	0x23
 1179 02c8 08       		.uleb128 0x8
 1180 02c9 0B       		.uleb128 0xb
 1181 02ca 723700   		.ascii	"r7\000"
 1182 02cd 06       		.byte	0x6
ARM GAS  /tmp/ccpKbWoq.s 			page 22


 1183 02ce 1401     		.2byte	0x114
 1184 02d0 7B020000 		.4byte	0x27b
 1185 02d4 02       		.byte	0x2
 1186 02d5 23       		.byte	0x23
 1187 02d6 0C       		.uleb128 0xc
 1188 02d7 0B       		.uleb128 0xb
 1189 02d8 723800   		.ascii	"r8\000"
 1190 02db 06       		.byte	0x6
 1191 02dc 1501     		.2byte	0x115
 1192 02de 7B020000 		.4byte	0x27b
 1193 02e2 02       		.byte	0x2
 1194 02e3 23       		.byte	0x23
 1195 02e4 10       		.uleb128 0x10
 1196 02e5 0B       		.uleb128 0xb
 1197 02e6 723900   		.ascii	"r9\000"
 1198 02e9 06       		.byte	0x6
 1199 02ea 1601     		.2byte	0x116
 1200 02ec 7B020000 		.4byte	0x27b
 1201 02f0 02       		.byte	0x2
 1202 02f1 23       		.byte	0x23
 1203 02f2 14       		.uleb128 0x14
 1204 02f3 0B       		.uleb128 0xb
 1205 02f4 72313000 		.ascii	"r10\000"
 1206 02f8 06       		.byte	0x6
 1207 02f9 1701     		.2byte	0x117
 1208 02fb 7B020000 		.4byte	0x27b
 1209 02ff 02       		.byte	0x2
 1210 0300 23       		.byte	0x23
 1211 0301 18       		.uleb128 0x18
 1212 0302 0B       		.uleb128 0xb
 1213 0303 72313100 		.ascii	"r11\000"
 1214 0307 06       		.byte	0x6
 1215 0308 1801     		.2byte	0x118
 1216 030a 7B020000 		.4byte	0x27b
 1217 030e 02       		.byte	0x2
 1218 030f 23       		.byte	0x23
 1219 0310 1C       		.uleb128 0x1c
 1220 0311 0B       		.uleb128 0xb
 1221 0312 6C7200   		.ascii	"lr\000"
 1222 0315 06       		.byte	0x6
 1223 0316 1901     		.2byte	0x119
 1224 0318 7B020000 		.4byte	0x27b
 1225 031c 02       		.byte	0x2
 1226 031d 23       		.byte	0x23
 1227 031e 20       		.uleb128 0x20
 1228 031f 00       		.byte	0x0
 1229 0320 0C       		.uleb128 0xc
 1230 0321 21010000 		.4byte	.LASF46
 1231 0325 04       		.byte	0x4
 1232 0326 06       		.byte	0x6
 1233 0327 2301     		.2byte	0x123
 1234 0329 3D030000 		.4byte	0x33d
 1235 032d 0B       		.uleb128 0xb
 1236 032e 72313300 		.ascii	"r13\000"
 1237 0332 06       		.byte	0x6
 1238 0333 2401     		.2byte	0x124
 1239 0335 3D030000 		.4byte	0x33d
ARM GAS  /tmp/ccpKbWoq.s 			page 23


 1240 0339 02       		.byte	0x2
 1241 033a 23       		.byte	0x23
 1242 033b 00       		.uleb128 0x0
 1243 033c 00       		.byte	0x0
 1244 033d 09       		.uleb128 0x9
 1245 033e 04       		.byte	0x4
 1246 033f 93020000 		.4byte	0x293
 1247 0343 04       		.uleb128 0x4
 1248 0344 E1020000 		.4byte	.LASF47
 1249 0348 07       		.byte	0x7
 1250 0349 53       		.byte	0x53
 1251 034a 4E030000 		.4byte	0x34e
 1252 034e 09       		.uleb128 0x9
 1253 034f 04       		.byte	0x4
 1254 0350 54030000 		.4byte	0x354
 1255 0354 0D       		.uleb128 0xd
 1256 0355 01       		.byte	0x1
 1257 0356 60030000 		.4byte	0x360
 1258 035a 0E       		.uleb128 0xe
 1259 035b 86020000 		.4byte	0x286
 1260 035f 00       		.byte	0x0
 1261 0360 04       		.uleb128 0x4
 1262 0361 A7020000 		.4byte	.LASF48
 1263 0365 07       		.byte	0x7
 1264 0366 58       		.byte	0x58
 1265 0367 6B030000 		.4byte	0x36b
 1266 036b 05       		.uleb128 0x5
 1267 036c A7020000 		.4byte	.LASF48
 1268 0370 14       		.byte	0x14
 1269 0371 07       		.byte	0x7
 1270 0372 5F       		.byte	0x5f
 1271 0373 BE030000 		.4byte	0x3be
 1272 0377 06       		.uleb128 0x6
 1273 0378 01010000 		.4byte	.LASF49
 1274 037c 07       		.byte	0x7
 1275 037d 60       		.byte	0x60
 1276 037e BE030000 		.4byte	0x3be
 1277 0382 02       		.byte	0x2
 1278 0383 23       		.byte	0x23
 1279 0384 00       		.uleb128 0x0
 1280 0385 06       		.uleb128 0x6
 1281 0386 C2000000 		.4byte	.LASF50
 1282 038a 07       		.byte	0x7
 1283 038b 62       		.byte	0x62
 1284 038c BE030000 		.4byte	0x3be
 1285 0390 02       		.byte	0x2
 1286 0391 23       		.byte	0x23
 1287 0392 04       		.uleb128 0x4
 1288 0393 06       		.uleb128 0x6
 1289 0394 C5010000 		.4byte	.LASF51
 1290 0398 07       		.byte	0x7
 1291 0399 64       		.byte	0x64
 1292 039a DD000000 		.4byte	0xdd
 1293 039e 02       		.byte	0x2
 1294 039f 23       		.byte	0x23
 1295 03a0 08       		.uleb128 0x8
 1296 03a1 06       		.uleb128 0x6
ARM GAS  /tmp/ccpKbWoq.s 			page 24


 1297 03a2 CD010000 		.4byte	.LASF52
 1298 03a6 07       		.byte	0x7
 1299 03a7 65       		.byte	0x65
 1300 03a8 43030000 		.4byte	0x343
 1301 03ac 02       		.byte	0x2
 1302 03ad 23       		.byte	0x23
 1303 03ae 0C       		.uleb128 0xc
 1304 03af 06       		.uleb128 0x6
 1305 03b0 0F030000 		.4byte	.LASF53
 1306 03b4 07       		.byte	0x7
 1307 03b5 67       		.byte	0x67
 1308 03b6 86020000 		.4byte	0x286
 1309 03ba 02       		.byte	0x2
 1310 03bb 23       		.byte	0x23
 1311 03bc 10       		.uleb128 0x10
 1312 03bd 00       		.byte	0x0
 1313 03be 09       		.uleb128 0x9
 1314 03bf 04       		.byte	0x4
 1315 03c0 60030000 		.4byte	0x360
 1316 03c4 0F       		.uleb128 0xf
 1317 03c5 DD000000 		.4byte	0xdd
 1318 03c9 08       		.uleb128 0x8
 1319 03ca 20       		.byte	0x20
 1320 03cb 08       		.byte	0x8
 1321 03cc 5E       		.byte	0x5e
 1322 03cd 34040000 		.4byte	0x434
 1323 03d1 06       		.uleb128 0x6
 1324 03d2 9F020000 		.4byte	.LASF54
 1325 03d6 08       		.byte	0x8
 1326 03d7 5F       		.byte	0x5f
 1327 03d8 4E020000 		.4byte	0x24e
 1328 03dc 02       		.byte	0x2
 1329 03dd 23       		.byte	0x23
 1330 03de 00       		.uleb128 0x0
 1331 03df 06       		.uleb128 0x6
 1332 03e0 59020000 		.4byte	.LASF55
 1333 03e4 08       		.byte	0x8
 1334 03e5 60       		.byte	0x60
 1335 03e6 BC000000 		.4byte	0xbc
 1336 03ea 02       		.byte	0x2
 1337 03eb 23       		.byte	0x23
 1338 03ec 08       		.uleb128 0x8
 1339 03ed 06       		.uleb128 0x6
 1340 03ee DD010000 		.4byte	.LASF56
 1341 03f2 08       		.byte	0x8
 1342 03f3 62       		.byte	0x62
 1343 03f4 20030000 		.4byte	0x320
 1344 03f8 02       		.byte	0x2
 1345 03f9 23       		.byte	0x23
 1346 03fa 0C       		.uleb128 0xc
 1347 03fb 06       		.uleb128 0x6
 1348 03fc B1000000 		.4byte	.LASF57
 1349 0400 08       		.byte	0x8
 1350 0401 65       		.byte	0x65
 1351 0402 48020000 		.4byte	0x248
 1352 0406 02       		.byte	0x2
 1353 0407 23       		.byte	0x23
ARM GAS  /tmp/ccpKbWoq.s 			page 25


 1354 0408 10       		.uleb128 0x10
 1355 0409 06       		.uleb128 0x6
 1356 040a FF010000 		.4byte	.LASF58
 1357 040e 08       		.byte	0x8
 1358 040f 66       		.byte	0x66
 1359 0410 48020000 		.4byte	0x248
 1360 0414 02       		.byte	0x2
 1361 0415 23       		.byte	0x23
 1362 0416 14       		.uleb128 0x14
 1363 0417 06       		.uleb128 0x6
 1364 0418 6E030000 		.4byte	.LASF59
 1365 041c 08       		.byte	0x8
 1366 041d 6A       		.byte	0x6a
 1367 041e E8000000 		.4byte	0xe8
 1368 0422 02       		.byte	0x2
 1369 0423 23       		.byte	0x23
 1370 0424 18       		.uleb128 0x18
 1371 0425 06       		.uleb128 0x6
 1372 0426 F5010000 		.4byte	.LASF60
 1373 042a 08       		.byte	0x8
 1374 042b 6C       		.byte	0x6c
 1375 042c 48020000 		.4byte	0x248
 1376 0430 02       		.byte	0x2
 1377 0431 23       		.byte	0x23
 1378 0432 1C       		.uleb128 0x1c
 1379 0433 00       		.byte	0x0
 1380 0434 04       		.uleb128 0x4
 1381 0435 27030000 		.4byte	.LASF61
 1382 0439 08       		.byte	0x8
 1383 043a 6E       		.byte	0x6e
 1384 043b C9030000 		.4byte	0x3c9
 1385 043f 05       		.uleb128 0x5
 1386 0440 16030000 		.4byte	.LASF62
 1387 0444 0C       		.byte	0xc
 1388 0445 09       		.byte	0x9
 1389 0446 2C       		.byte	0x2c
 1390 0447 68040000 		.4byte	0x468
 1391 044b 06       		.uleb128 0x6
 1392 044c 98000000 		.4byte	.LASF63
 1393 0450 09       		.byte	0x9
 1394 0451 2D       		.byte	0x2d
 1395 0452 4E020000 		.4byte	0x24e
 1396 0456 02       		.byte	0x2
 1397 0457 23       		.byte	0x23
 1398 0458 00       		.uleb128 0x0
 1399 0459 06       		.uleb128 0x6
 1400 045a 1B010000 		.4byte	.LASF64
 1401 045e 09       		.byte	0x9
 1402 045f 2F       		.byte	0x2f
 1403 0460 E8000000 		.4byte	0xe8
 1404 0464 02       		.byte	0x2
 1405 0465 23       		.byte	0x23
 1406 0466 08       		.uleb128 0x8
 1407 0467 00       		.byte	0x0
 1408 0468 04       		.uleb128 0x4
 1409 0469 16030000 		.4byte	.LASF62
 1410 046d 09       		.byte	0x9
ARM GAS  /tmp/ccpKbWoq.s 			page 26


 1411 046e 30       		.byte	0x30
 1412 046f 3F040000 		.4byte	0x43f
 1413 0473 05       		.uleb128 0x5
 1414 0474 92010000 		.4byte	.LASF65
 1415 0478 10       		.byte	0x10
 1416 0479 0A       		.byte	0xa
 1417 047a 2C       		.byte	0x2c
 1418 047b AA040000 		.4byte	0x4aa
 1419 047f 06       		.uleb128 0x6
 1420 0480 6F000000 		.4byte	.LASF66
 1421 0484 0A       		.byte	0xa
 1422 0485 2D       		.byte	0x2d
 1423 0486 4E020000 		.4byte	0x24e
 1424 048a 02       		.byte	0x2
 1425 048b 23       		.byte	0x23
 1426 048c 00       		.uleb128 0x0
 1427 048d 06       		.uleb128 0x6
 1428 048e 78030000 		.4byte	.LASF67
 1429 0492 0A       		.byte	0xa
 1430 0493 2F       		.byte	0x2f
 1431 0494 48020000 		.4byte	0x248
 1432 0498 02       		.byte	0x2
 1433 0499 23       		.byte	0x23
 1434 049a 08       		.uleb128 0x8
 1435 049b 06       		.uleb128 0x6
 1436 049c C5020000 		.4byte	.LASF68
 1437 04a0 0A       		.byte	0xa
 1438 04a1 31       		.byte	0x31
 1439 04a2 AA040000 		.4byte	0x4aa
 1440 04a6 02       		.byte	0x2
 1441 04a7 23       		.byte	0x23
 1442 04a8 0C       		.uleb128 0xc
 1443 04a9 00       		.byte	0x0
 1444 04aa 09       		.uleb128 0x9
 1445 04ab 04       		.byte	0x4
 1446 04ac 73040000 		.4byte	0x473
 1447 04b0 04       		.uleb128 0x4
 1448 04b1 92010000 		.4byte	.LASF65
 1449 04b5 0A       		.byte	0xa
 1450 04b6 33       		.byte	0x33
 1451 04b7 73040000 		.4byte	0x473
 1452 04bb 10       		.uleb128 0x10
 1453 04bc 04       		.byte	0x4
 1454 04bd 05       		.byte	0x5
 1455 04be 90       		.byte	0x90
 1456 04bf F0040000 		.4byte	0x4f0
 1457 04c3 11       		.uleb128 0x11
 1458 04c4 06000000 		.4byte	.LASF69
 1459 04c8 05       		.byte	0x5
 1460 04c9 97       		.byte	0x97
 1461 04ca C7000000 		.4byte	0xc7
 1462 04ce 11       		.uleb128 0x11
 1463 04cf 2D000000 		.4byte	.LASF70
 1464 04d3 05       		.byte	0x5
 1465 04d4 9E       		.byte	0x9e
 1466 04d5 C7000000 		.4byte	0xc7
 1467 04d9 11       		.uleb128 0x11
ARM GAS  /tmp/ccpKbWoq.s 			page 27


 1468 04da 77000000 		.4byte	.LASF71
 1469 04de 05       		.byte	0x5
 1470 04df A5       		.byte	0xa5
 1471 04e0 86020000 		.4byte	0x286
 1472 04e4 11       		.uleb128 0x11
 1473 04e5 60020000 		.4byte	.LASF72
 1474 04e9 05       		.byte	0x5
 1475 04ea AC       		.byte	0xac
 1476 04eb D2000000 		.4byte	0xd2
 1477 04ef 00       		.byte	0x0
 1478 04f0 09       		.uleb128 0x9
 1479 04f1 04       		.byte	0x4
 1480 04f2 F6040000 		.4byte	0x4f6
 1481 04f6 12       		.uleb128 0x12
 1482 04f7 FB040000 		.4byte	0x4fb
 1483 04fb 03       		.uleb128 0x3
 1484 04fc 01       		.byte	0x1
 1485 04fd 08       		.byte	0x8
 1486 04fe B4020000 		.4byte	.LASF73
 1487 0502 09       		.uleb128 0x9
 1488 0503 04       		.byte	0x4
 1489 0504 88020000 		.4byte	0x288
 1490 0508 09       		.uleb128 0x9
 1491 0509 04       		.byte	0x4
 1492 050a B0040000 		.4byte	0x4b0
 1493 050e 13       		.uleb128 0x13
 1494 050f 01       		.byte	0x1
 1495 0510 3D000000 		.4byte	.LASF81
 1496 0514 01       		.byte	0x1
 1497 0515 37       		.byte	0x37
 1498 0516 01       		.byte	0x1
 1499 0517 00000000 		.4byte	.LFB0
 1500 051b 18000000 		.4byte	.LFE0
 1501 051f 02       		.byte	0x2
 1502 0520 7D       		.byte	0x7d
 1503 0521 00       		.sleb128 0
 1504 0522 14       		.uleb128 0x14
 1505 0523 01       		.byte	0x1
 1506 0524 B9020000 		.4byte	.LASF75
 1507 0528 01       		.byte	0x1
 1508 0529 52       		.byte	0x52
 1509 052a 01       		.byte	0x1
 1510 052b 48020000 		.4byte	0x248
 1511 052f 00000000 		.4byte	.LFB1
 1512 0533 3C000000 		.4byte	.LFE1
 1513 0537 00000000 		.4byte	.LLST0
 1514 053b 5C050000 		.4byte	0x55c
 1515 053f 15       		.uleb128 0x15
 1516 0540 747000   		.ascii	"tp\000"
 1517 0543 01       		.byte	0x1
 1518 0544 52       		.byte	0x52
 1519 0545 48020000 		.4byte	0x248
 1520 0549 20000000 		.4byte	.LLST1
 1521 054d 16       		.uleb128 0x16
 1522 054e 637000   		.ascii	"cp\000"
 1523 0551 01       		.byte	0x1
 1524 0552 53       		.byte	0x53
ARM GAS  /tmp/ccpKbWoq.s 			page 28


 1525 0553 48020000 		.4byte	0x248
 1526 0557 3E000000 		.4byte	.LLST2
 1527 055b 00       		.byte	0x0
 1528 055c 17       		.uleb128 0x17
 1529 055d FA000000 		.4byte	.LASF87
 1530 0561 01       		.byte	0x1
 1531 0562 85       		.byte	0x85
 1532 0563 01       		.byte	0x1
 1533 0564 00000000 		.4byte	.LFB3
 1534 0568 3C000000 		.4byte	.LFE3
 1535 056c 5C000000 		.4byte	.LLST3
 1536 0570 90050000 		.4byte	0x590
 1537 0574 15       		.uleb128 0x15
 1538 0575 7000     		.ascii	"p\000"
 1539 0577 01       		.byte	0x1
 1540 0578 85       		.byte	0x85
 1541 0579 86020000 		.4byte	0x286
 1542 057d 7C000000 		.4byte	.LLST4
 1543 0581 16       		.uleb128 0x16
 1544 0582 747000   		.ascii	"tp\000"
 1545 0585 01       		.byte	0x1
 1546 0586 86       		.byte	0x86
 1547 0587 48020000 		.4byte	0x248
 1548 058b A5000000 		.4byte	.LLST5
 1549 058f 00       		.byte	0x0
 1550 0590 18       		.uleb128 0x18
 1551 0591 01       		.byte	0x1
 1552 0592 7D020000 		.4byte	.LASF78
 1553 0596 01       		.byte	0x1
 1554 0597 72       		.byte	0x72
 1555 0598 01       		.byte	0x1
 1556 0599 00000000 		.4byte	.LFB2
 1557 059d 4C000000 		.4byte	.LFE2
 1558 05a1 C3000000 		.4byte	.LLST6
 1559 05a5 DB050000 		.4byte	0x5db
 1560 05a9 19       		.uleb128 0x19
 1561 05aa 34020000 		.4byte	.LASF74
 1562 05ae 01       		.byte	0x1
 1563 05af 72       		.byte	0x72
 1564 05b0 A6000000 		.4byte	0xa6
 1565 05b4 E3000000 		.4byte	.LLST7
 1566 05b8 16       		.uleb128 0x16
 1567 05b9 6F747000 		.ascii	"otp\000"
 1568 05bd 01       		.byte	0x1
 1569 05be 73       		.byte	0x73
 1570 05bf 48020000 		.4byte	0x248
 1571 05c3 F6000000 		.4byte	.LLST8
 1572 05c7 1A       		.uleb128 0x1a
 1573 05c8 00000000 		.4byte	.Ldebug_ranges0+0x0
 1574 05cc 1B       		.uleb128 0x1b
 1575 05cd 72313300 		.ascii	"r13\000"
 1576 05d1 01       		.byte	0x1
 1577 05d2 7D       		.byte	0x7d
 1578 05d3 3D030000 		.4byte	0x33d
 1579 05d7 01       		.byte	0x1
 1580 05d8 5D       		.byte	0x5d
 1581 05d9 00       		.byte	0x0
ARM GAS  /tmp/ccpKbWoq.s 			page 29


 1582 05da 00       		.byte	0x0
 1583 05db 14       		.uleb128 0x14
 1584 05dc 01       		.byte	0x1
 1585 05dd 59030000 		.4byte	.LASF76
 1586 05e1 01       		.byte	0x1
 1587 05e2 B7       		.byte	0xb7
 1588 05e3 01       		.byte	0x1
 1589 05e4 C7000000 		.4byte	0xc7
 1590 05e8 00000000 		.4byte	.LFB4
 1591 05ec 48000000 		.4byte	.LFE4
 1592 05f0 18010000 		.4byte	.LLST9
 1593 05f4 2E060000 		.4byte	0x62e
 1594 05f8 19       		.uleb128 0x19
 1595 05f9 34020000 		.4byte	.LASF74
 1596 05fd 01       		.byte	0x1
 1597 05fe B7       		.byte	0xb7
 1598 05ff A6000000 		.4byte	0xa6
 1599 0603 44010000 		.4byte	.LLST10
 1600 0607 19       		.uleb128 0x19
 1601 0608 F0010000 		.4byte	.LASF77
 1602 060c 01       		.byte	0x1
 1603 060d B7       		.byte	0xb7
 1604 060e DD000000 		.4byte	0xdd
 1605 0612 57010000 		.4byte	.LLST11
 1606 0616 1C       		.uleb128 0x1c
 1607 0617 14000000 		.4byte	.LBB4
 1608 061b 32000000 		.4byte	.LBE4
 1609 061f 1B       		.uleb128 0x1b
 1610 0620 767400   		.ascii	"vt\000"
 1611 0623 01       		.byte	0x1
 1612 0624 BC       		.byte	0xbc
 1613 0625 60030000 		.4byte	0x360
 1614 0629 02       		.byte	0x2
 1615 062a 91       		.byte	0x91
 1616 062b 5C       		.sleb128 -36
 1617 062c 00       		.byte	0x0
 1618 062d 00       		.byte	0x0
 1619 062e 18       		.uleb128 0x18
 1620 062f 01       		.byte	0x1
 1621 0630 5F010000 		.4byte	.LASF79
 1622 0634 01       		.byte	0x1
 1623 0635 DB       		.byte	0xdb
 1624 0636 01       		.byte	0x1
 1625 0637 00000000 		.4byte	.LFB5
 1626 063b 5C000000 		.4byte	.LFE5
 1627 063f 75010000 		.4byte	.LLST12
 1628 0643 8E060000 		.4byte	0x68e
 1629 0647 15       		.uleb128 0x15
 1630 0648 6E747000 		.ascii	"ntp\000"
 1631 064c 01       		.byte	0x1
 1632 064d DB       		.byte	0xdb
 1633 064e 48020000 		.4byte	0x248
 1634 0652 95010000 		.4byte	.LLST13
 1635 0656 15       		.uleb128 0x15
 1636 0657 6D736700 		.ascii	"msg\000"
 1637 065b 01       		.byte	0x1
 1638 065c DB       		.byte	0xdb
ARM GAS  /tmp/ccpKbWoq.s 			page 30


 1639 065d C7000000 		.4byte	0xc7
 1640 0661 B3010000 		.4byte	.LLST14
 1641 0665 1A       		.uleb128 0x1a
 1642 0666 18000000 		.4byte	.Ldebug_ranges0+0x18
 1643 066a 16       		.uleb128 0x16
 1644 066b 6F747000 		.ascii	"otp\000"
 1645 066f 01       		.byte	0x1
 1646 0670 E7       		.byte	0xe7
 1647 0671 48020000 		.4byte	0x248
 1648 0675 E9010000 		.4byte	.LLST15
 1649 0679 1A       		.uleb128 0x1a
 1650 067a 30000000 		.4byte	.Ldebug_ranges0+0x30
 1651 067e 1B       		.uleb128 0x1b
 1652 067f 72313300 		.ascii	"r13\000"
 1653 0683 01       		.byte	0x1
 1654 0684 ED       		.byte	0xed
 1655 0685 3D030000 		.4byte	0x33d
 1656 0689 01       		.byte	0x1
 1657 068a 5D       		.byte	0x5d
 1658 068b 00       		.byte	0x0
 1659 068c 00       		.byte	0x0
 1660 068d 00       		.byte	0x0
 1661 068e 1D       		.uleb128 0x1d
 1662 068f 01       		.byte	0x1
 1663 0690 CA000000 		.4byte	.LASF80
 1664 0694 01       		.byte	0x1
 1665 0695 2A01     		.2byte	0x12a
 1666 0697 01       		.byte	0x1
 1667 0698 00000000 		.4byte	.LFB7
 1668 069c 48000000 		.4byte	.LFE7
 1669 06a0 07020000 		.4byte	.LLST16
 1670 06a4 CD060000 		.4byte	0x6cd
 1671 06a8 1E       		.uleb128 0x1e
 1672 06a9 6F747000 		.ascii	"otp\000"
 1673 06ad 01       		.byte	0x1
 1674 06ae 2B01     		.2byte	0x12b
 1675 06b0 48020000 		.4byte	0x248
 1676 06b4 27020000 		.4byte	.LLST17
 1677 06b8 1A       		.uleb128 0x1a
 1678 06b9 48000000 		.4byte	.Ldebug_ranges0+0x48
 1679 06bd 1F       		.uleb128 0x1f
 1680 06be 72313300 		.ascii	"r13\000"
 1681 06c2 01       		.byte	0x1
 1682 06c3 3501     		.2byte	0x135
 1683 06c5 3D030000 		.4byte	0x33d
 1684 06c9 01       		.byte	0x1
 1685 06ca 5D       		.byte	0x5d
 1686 06cb 00       		.byte	0x0
 1687 06cc 00       		.byte	0x0
 1688 06cd 20       		.uleb128 0x20
 1689 06ce 01       		.byte	0x1
 1690 06cf A0000000 		.4byte	.LASF82
 1691 06d3 01       		.byte	0x1
 1692 06d4 FA       		.byte	0xfa
 1693 06d5 01       		.byte	0x1
 1694 06d6 00000000 		.4byte	.LFB6
 1695 06da 24000000 		.4byte	.LFE6
ARM GAS  /tmp/ccpKbWoq.s 			page 31


 1696 06de 49020000 		.4byte	.LLST18
 1697 06e2 21       		.uleb128 0x21
 1698 06e3 31030000 		.4byte	.LASF83
 1699 06e7 08       		.byte	0x8
 1700 06e8 72       		.byte	0x72
 1701 06e9 34040000 		.4byte	0x434
 1702 06ed 01       		.byte	0x1
 1703 06ee 01       		.byte	0x1
 1704 06ef 22       		.uleb128 0x22
 1705 06f0 31030000 		.4byte	.LASF83
 1706 06f4 01       		.byte	0x1
 1707 06f5 2F       		.byte	0x2f
 1708 06f6 34040000 		.4byte	0x434
 1709 06fa 01       		.byte	0x1
 1710 06fb 05       		.byte	0x5
 1711 06fc 03       		.byte	0x3
 1712 06fd 00000000 		.4byte	rlist
 1713 0701 00       		.byte	0x0
 1714              		.section	.debug_abbrev
 1715 0000 01       		.uleb128 0x1
 1716 0001 11       		.uleb128 0x11
 1717 0002 01       		.byte	0x1
 1718 0003 25       		.uleb128 0x25
 1719 0004 0E       		.uleb128 0xe
 1720 0005 13       		.uleb128 0x13
 1721 0006 0B       		.uleb128 0xb
 1722 0007 03       		.uleb128 0x3
 1723 0008 0E       		.uleb128 0xe
 1724 0009 1B       		.uleb128 0x1b
 1725 000a 0E       		.uleb128 0xe
 1726 000b 11       		.uleb128 0x11
 1727 000c 01       		.uleb128 0x1
 1728 000d 52       		.uleb128 0x52
 1729 000e 01       		.uleb128 0x1
 1730 000f 55       		.uleb128 0x55
 1731 0010 06       		.uleb128 0x6
 1732 0011 10       		.uleb128 0x10
 1733 0012 06       		.uleb128 0x6
 1734 0013 00       		.byte	0x0
 1735 0014 00       		.byte	0x0
 1736 0015 02       		.uleb128 0x2
 1737 0016 24       		.uleb128 0x24
 1738 0017 00       		.byte	0x0
 1739 0018 0B       		.uleb128 0xb
 1740 0019 0B       		.uleb128 0xb
 1741 001a 3E       		.uleb128 0x3e
 1742 001b 0B       		.uleb128 0xb
 1743 001c 03       		.uleb128 0x3
 1744 001d 08       		.uleb128 0x8
 1745 001e 00       		.byte	0x0
 1746 001f 00       		.byte	0x0
 1747 0020 03       		.uleb128 0x3
 1748 0021 24       		.uleb128 0x24
 1749 0022 00       		.byte	0x0
 1750 0023 0B       		.uleb128 0xb
 1751 0024 0B       		.uleb128 0xb
 1752 0025 3E       		.uleb128 0x3e
ARM GAS  /tmp/ccpKbWoq.s 			page 32


 1753 0026 0B       		.uleb128 0xb
 1754 0027 03       		.uleb128 0x3
 1755 0028 0E       		.uleb128 0xe
 1756 0029 00       		.byte	0x0
 1757 002a 00       		.byte	0x0
 1758 002b 04       		.uleb128 0x4
 1759 002c 16       		.uleb128 0x16
 1760 002d 00       		.byte	0x0
 1761 002e 03       		.uleb128 0x3
 1762 002f 0E       		.uleb128 0xe
 1763 0030 3A       		.uleb128 0x3a
 1764 0031 0B       		.uleb128 0xb
 1765 0032 3B       		.uleb128 0x3b
 1766 0033 0B       		.uleb128 0xb
 1767 0034 49       		.uleb128 0x49
 1768 0035 13       		.uleb128 0x13
 1769 0036 00       		.byte	0x0
 1770 0037 00       		.byte	0x0
 1771 0038 05       		.uleb128 0x5
 1772 0039 13       		.uleb128 0x13
 1773 003a 01       		.byte	0x1
 1774 003b 03       		.uleb128 0x3
 1775 003c 0E       		.uleb128 0xe
 1776 003d 0B       		.uleb128 0xb
 1777 003e 0B       		.uleb128 0xb
 1778 003f 3A       		.uleb128 0x3a
 1779 0040 0B       		.uleb128 0xb
 1780 0041 3B       		.uleb128 0x3b
 1781 0042 0B       		.uleb128 0xb
 1782 0043 01       		.uleb128 0x1
 1783 0044 13       		.uleb128 0x13
 1784 0045 00       		.byte	0x0
 1785 0046 00       		.byte	0x0
 1786 0047 06       		.uleb128 0x6
 1787 0048 0D       		.uleb128 0xd
 1788 0049 00       		.byte	0x0
 1789 004a 03       		.uleb128 0x3
 1790 004b 0E       		.uleb128 0xe
 1791 004c 3A       		.uleb128 0x3a
 1792 004d 0B       		.uleb128 0xb
 1793 004e 3B       		.uleb128 0x3b
 1794 004f 0B       		.uleb128 0xb
 1795 0050 49       		.uleb128 0x49
 1796 0051 13       		.uleb128 0x13
 1797 0052 38       		.uleb128 0x38
 1798 0053 0A       		.uleb128 0xa
 1799 0054 00       		.byte	0x0
 1800 0055 00       		.byte	0x0
 1801 0056 07       		.uleb128 0x7
 1802 0057 0D       		.uleb128 0xd
 1803 0058 00       		.byte	0x0
 1804 0059 03       		.uleb128 0x3
 1805 005a 08       		.uleb128 0x8
 1806 005b 3A       		.uleb128 0x3a
 1807 005c 0B       		.uleb128 0xb
 1808 005d 3B       		.uleb128 0x3b
 1809 005e 0B       		.uleb128 0xb
ARM GAS  /tmp/ccpKbWoq.s 			page 33


 1810 005f 49       		.uleb128 0x49
 1811 0060 13       		.uleb128 0x13
 1812 0061 38       		.uleb128 0x38
 1813 0062 0A       		.uleb128 0xa
 1814 0063 00       		.byte	0x0
 1815 0064 00       		.byte	0x0
 1816 0065 08       		.uleb128 0x8
 1817 0066 13       		.uleb128 0x13
 1818 0067 01       		.byte	0x1
 1819 0068 0B       		.uleb128 0xb
 1820 0069 0B       		.uleb128 0xb
 1821 006a 3A       		.uleb128 0x3a
 1822 006b 0B       		.uleb128 0xb
 1823 006c 3B       		.uleb128 0x3b
 1824 006d 0B       		.uleb128 0xb
 1825 006e 01       		.uleb128 0x1
 1826 006f 13       		.uleb128 0x13
 1827 0070 00       		.byte	0x0
 1828 0071 00       		.byte	0x0
 1829 0072 09       		.uleb128 0x9
 1830 0073 0F       		.uleb128 0xf
 1831 0074 00       		.byte	0x0
 1832 0075 0B       		.uleb128 0xb
 1833 0076 0B       		.uleb128 0xb
 1834 0077 49       		.uleb128 0x49
 1835 0078 13       		.uleb128 0x13
 1836 0079 00       		.byte	0x0
 1837 007a 00       		.byte	0x0
 1838 007b 0A       		.uleb128 0xa
 1839 007c 0F       		.uleb128 0xf
 1840 007d 00       		.byte	0x0
 1841 007e 0B       		.uleb128 0xb
 1842 007f 0B       		.uleb128 0xb
 1843 0080 00       		.byte	0x0
 1844 0081 00       		.byte	0x0
 1845 0082 0B       		.uleb128 0xb
 1846 0083 0D       		.uleb128 0xd
 1847 0084 00       		.byte	0x0
 1848 0085 03       		.uleb128 0x3
 1849 0086 08       		.uleb128 0x8
 1850 0087 3A       		.uleb128 0x3a
 1851 0088 0B       		.uleb128 0xb
 1852 0089 3B       		.uleb128 0x3b
 1853 008a 05       		.uleb128 0x5
 1854 008b 49       		.uleb128 0x49
 1855 008c 13       		.uleb128 0x13
 1856 008d 38       		.uleb128 0x38
 1857 008e 0A       		.uleb128 0xa
 1858 008f 00       		.byte	0x0
 1859 0090 00       		.byte	0x0
 1860 0091 0C       		.uleb128 0xc
 1861 0092 13       		.uleb128 0x13
 1862 0093 01       		.byte	0x1
 1863 0094 03       		.uleb128 0x3
 1864 0095 0E       		.uleb128 0xe
 1865 0096 0B       		.uleb128 0xb
 1866 0097 0B       		.uleb128 0xb
ARM GAS  /tmp/ccpKbWoq.s 			page 34


 1867 0098 3A       		.uleb128 0x3a
 1868 0099 0B       		.uleb128 0xb
 1869 009a 3B       		.uleb128 0x3b
 1870 009b 05       		.uleb128 0x5
 1871 009c 01       		.uleb128 0x1
 1872 009d 13       		.uleb128 0x13
 1873 009e 00       		.byte	0x0
 1874 009f 00       		.byte	0x0
 1875 00a0 0D       		.uleb128 0xd
 1876 00a1 15       		.uleb128 0x15
 1877 00a2 01       		.byte	0x1
 1878 00a3 27       		.uleb128 0x27
 1879 00a4 0C       		.uleb128 0xc
 1880 00a5 01       		.uleb128 0x1
 1881 00a6 13       		.uleb128 0x13
 1882 00a7 00       		.byte	0x0
 1883 00a8 00       		.byte	0x0
 1884 00a9 0E       		.uleb128 0xe
 1885 00aa 05       		.uleb128 0x5
 1886 00ab 00       		.byte	0x0
 1887 00ac 49       		.uleb128 0x49
 1888 00ad 13       		.uleb128 0x13
 1889 00ae 00       		.byte	0x0
 1890 00af 00       		.byte	0x0
 1891 00b0 0F       		.uleb128 0xf
 1892 00b1 35       		.uleb128 0x35
 1893 00b2 00       		.byte	0x0
 1894 00b3 49       		.uleb128 0x49
 1895 00b4 13       		.uleb128 0x13
 1896 00b5 00       		.byte	0x0
 1897 00b6 00       		.byte	0x0
 1898 00b7 10       		.uleb128 0x10
 1899 00b8 17       		.uleb128 0x17
 1900 00b9 01       		.byte	0x1
 1901 00ba 0B       		.uleb128 0xb
 1902 00bb 0B       		.uleb128 0xb
 1903 00bc 3A       		.uleb128 0x3a
 1904 00bd 0B       		.uleb128 0xb
 1905 00be 3B       		.uleb128 0x3b
 1906 00bf 0B       		.uleb128 0xb
 1907 00c0 01       		.uleb128 0x1
 1908 00c1 13       		.uleb128 0x13
 1909 00c2 00       		.byte	0x0
 1910 00c3 00       		.byte	0x0
 1911 00c4 11       		.uleb128 0x11
 1912 00c5 0D       		.uleb128 0xd
 1913 00c6 00       		.byte	0x0
 1914 00c7 03       		.uleb128 0x3
 1915 00c8 0E       		.uleb128 0xe
 1916 00c9 3A       		.uleb128 0x3a
 1917 00ca 0B       		.uleb128 0xb
 1918 00cb 3B       		.uleb128 0x3b
 1919 00cc 0B       		.uleb128 0xb
 1920 00cd 49       		.uleb128 0x49
 1921 00ce 13       		.uleb128 0x13
 1922 00cf 00       		.byte	0x0
 1923 00d0 00       		.byte	0x0
ARM GAS  /tmp/ccpKbWoq.s 			page 35


 1924 00d1 12       		.uleb128 0x12
 1925 00d2 26       		.uleb128 0x26
 1926 00d3 00       		.byte	0x0
 1927 00d4 49       		.uleb128 0x49
 1928 00d5 13       		.uleb128 0x13
 1929 00d6 00       		.byte	0x0
 1930 00d7 00       		.byte	0x0
 1931 00d8 13       		.uleb128 0x13
 1932 00d9 2E       		.uleb128 0x2e
 1933 00da 00       		.byte	0x0
 1934 00db 3F       		.uleb128 0x3f
 1935 00dc 0C       		.uleb128 0xc
 1936 00dd 03       		.uleb128 0x3
 1937 00de 0E       		.uleb128 0xe
 1938 00df 3A       		.uleb128 0x3a
 1939 00e0 0B       		.uleb128 0xb
 1940 00e1 3B       		.uleb128 0x3b
 1941 00e2 0B       		.uleb128 0xb
 1942 00e3 27       		.uleb128 0x27
 1943 00e4 0C       		.uleb128 0xc
 1944 00e5 11       		.uleb128 0x11
 1945 00e6 01       		.uleb128 0x1
 1946 00e7 12       		.uleb128 0x12
 1947 00e8 01       		.uleb128 0x1
 1948 00e9 40       		.uleb128 0x40
 1949 00ea 0A       		.uleb128 0xa
 1950 00eb 00       		.byte	0x0
 1951 00ec 00       		.byte	0x0
 1952 00ed 14       		.uleb128 0x14
 1953 00ee 2E       		.uleb128 0x2e
 1954 00ef 01       		.byte	0x1
 1955 00f0 3F       		.uleb128 0x3f
 1956 00f1 0C       		.uleb128 0xc
 1957 00f2 03       		.uleb128 0x3
 1958 00f3 0E       		.uleb128 0xe
 1959 00f4 3A       		.uleb128 0x3a
 1960 00f5 0B       		.uleb128 0xb
 1961 00f6 3B       		.uleb128 0x3b
 1962 00f7 0B       		.uleb128 0xb
 1963 00f8 27       		.uleb128 0x27
 1964 00f9 0C       		.uleb128 0xc
 1965 00fa 49       		.uleb128 0x49
 1966 00fb 13       		.uleb128 0x13
 1967 00fc 11       		.uleb128 0x11
 1968 00fd 01       		.uleb128 0x1
 1969 00fe 12       		.uleb128 0x12
 1970 00ff 01       		.uleb128 0x1
 1971 0100 40       		.uleb128 0x40
 1972 0101 06       		.uleb128 0x6
 1973 0102 01       		.uleb128 0x1
 1974 0103 13       		.uleb128 0x13
 1975 0104 00       		.byte	0x0
 1976 0105 00       		.byte	0x0
 1977 0106 15       		.uleb128 0x15
 1978 0107 05       		.uleb128 0x5
 1979 0108 00       		.byte	0x0
 1980 0109 03       		.uleb128 0x3
ARM GAS  /tmp/ccpKbWoq.s 			page 36


 1981 010a 08       		.uleb128 0x8
 1982 010b 3A       		.uleb128 0x3a
 1983 010c 0B       		.uleb128 0xb
 1984 010d 3B       		.uleb128 0x3b
 1985 010e 0B       		.uleb128 0xb
 1986 010f 49       		.uleb128 0x49
 1987 0110 13       		.uleb128 0x13
 1988 0111 02       		.uleb128 0x2
 1989 0112 06       		.uleb128 0x6
 1990 0113 00       		.byte	0x0
 1991 0114 00       		.byte	0x0
 1992 0115 16       		.uleb128 0x16
 1993 0116 34       		.uleb128 0x34
 1994 0117 00       		.byte	0x0
 1995 0118 03       		.uleb128 0x3
 1996 0119 08       		.uleb128 0x8
 1997 011a 3A       		.uleb128 0x3a
 1998 011b 0B       		.uleb128 0xb
 1999 011c 3B       		.uleb128 0x3b
 2000 011d 0B       		.uleb128 0xb
 2001 011e 49       		.uleb128 0x49
 2002 011f 13       		.uleb128 0x13
 2003 0120 02       		.uleb128 0x2
 2004 0121 06       		.uleb128 0x6
 2005 0122 00       		.byte	0x0
 2006 0123 00       		.byte	0x0
 2007 0124 17       		.uleb128 0x17
 2008 0125 2E       		.uleb128 0x2e
 2009 0126 01       		.byte	0x1
 2010 0127 03       		.uleb128 0x3
 2011 0128 0E       		.uleb128 0xe
 2012 0129 3A       		.uleb128 0x3a
 2013 012a 0B       		.uleb128 0xb
 2014 012b 3B       		.uleb128 0x3b
 2015 012c 0B       		.uleb128 0xb
 2016 012d 27       		.uleb128 0x27
 2017 012e 0C       		.uleb128 0xc
 2018 012f 11       		.uleb128 0x11
 2019 0130 01       		.uleb128 0x1
 2020 0131 12       		.uleb128 0x12
 2021 0132 01       		.uleb128 0x1
 2022 0133 40       		.uleb128 0x40
 2023 0134 06       		.uleb128 0x6
 2024 0135 01       		.uleb128 0x1
 2025 0136 13       		.uleb128 0x13
 2026 0137 00       		.byte	0x0
 2027 0138 00       		.byte	0x0
 2028 0139 18       		.uleb128 0x18
 2029 013a 2E       		.uleb128 0x2e
 2030 013b 01       		.byte	0x1
 2031 013c 3F       		.uleb128 0x3f
 2032 013d 0C       		.uleb128 0xc
 2033 013e 03       		.uleb128 0x3
 2034 013f 0E       		.uleb128 0xe
 2035 0140 3A       		.uleb128 0x3a
 2036 0141 0B       		.uleb128 0xb
 2037 0142 3B       		.uleb128 0x3b
ARM GAS  /tmp/ccpKbWoq.s 			page 37


 2038 0143 0B       		.uleb128 0xb
 2039 0144 27       		.uleb128 0x27
 2040 0145 0C       		.uleb128 0xc
 2041 0146 11       		.uleb128 0x11
 2042 0147 01       		.uleb128 0x1
 2043 0148 12       		.uleb128 0x12
 2044 0149 01       		.uleb128 0x1
 2045 014a 40       		.uleb128 0x40
 2046 014b 06       		.uleb128 0x6
 2047 014c 01       		.uleb128 0x1
 2048 014d 13       		.uleb128 0x13
 2049 014e 00       		.byte	0x0
 2050 014f 00       		.byte	0x0
 2051 0150 19       		.uleb128 0x19
 2052 0151 05       		.uleb128 0x5
 2053 0152 00       		.byte	0x0
 2054 0153 03       		.uleb128 0x3
 2055 0154 0E       		.uleb128 0xe
 2056 0155 3A       		.uleb128 0x3a
 2057 0156 0B       		.uleb128 0xb
 2058 0157 3B       		.uleb128 0x3b
 2059 0158 0B       		.uleb128 0xb
 2060 0159 49       		.uleb128 0x49
 2061 015a 13       		.uleb128 0x13
 2062 015b 02       		.uleb128 0x2
 2063 015c 06       		.uleb128 0x6
 2064 015d 00       		.byte	0x0
 2065 015e 00       		.byte	0x0
 2066 015f 1A       		.uleb128 0x1a
 2067 0160 0B       		.uleb128 0xb
 2068 0161 01       		.byte	0x1
 2069 0162 55       		.uleb128 0x55
 2070 0163 06       		.uleb128 0x6
 2071 0164 00       		.byte	0x0
 2072 0165 00       		.byte	0x0
 2073 0166 1B       		.uleb128 0x1b
 2074 0167 34       		.uleb128 0x34
 2075 0168 00       		.byte	0x0
 2076 0169 03       		.uleb128 0x3
 2077 016a 08       		.uleb128 0x8
 2078 016b 3A       		.uleb128 0x3a
 2079 016c 0B       		.uleb128 0xb
 2080 016d 3B       		.uleb128 0x3b
 2081 016e 0B       		.uleb128 0xb
 2082 016f 49       		.uleb128 0x49
 2083 0170 13       		.uleb128 0x13
 2084 0171 02       		.uleb128 0x2
 2085 0172 0A       		.uleb128 0xa
 2086 0173 00       		.byte	0x0
 2087 0174 00       		.byte	0x0
 2088 0175 1C       		.uleb128 0x1c
 2089 0176 0B       		.uleb128 0xb
 2090 0177 01       		.byte	0x1
 2091 0178 11       		.uleb128 0x11
 2092 0179 01       		.uleb128 0x1
 2093 017a 12       		.uleb128 0x12
 2094 017b 01       		.uleb128 0x1
ARM GAS  /tmp/ccpKbWoq.s 			page 38


 2095 017c 00       		.byte	0x0
 2096 017d 00       		.byte	0x0
 2097 017e 1D       		.uleb128 0x1d
 2098 017f 2E       		.uleb128 0x2e
 2099 0180 01       		.byte	0x1
 2100 0181 3F       		.uleb128 0x3f
 2101 0182 0C       		.uleb128 0xc
 2102 0183 03       		.uleb128 0x3
 2103 0184 0E       		.uleb128 0xe
 2104 0185 3A       		.uleb128 0x3a
 2105 0186 0B       		.uleb128 0xb
 2106 0187 3B       		.uleb128 0x3b
 2107 0188 05       		.uleb128 0x5
 2108 0189 27       		.uleb128 0x27
 2109 018a 0C       		.uleb128 0xc
 2110 018b 11       		.uleb128 0x11
 2111 018c 01       		.uleb128 0x1
 2112 018d 12       		.uleb128 0x12
 2113 018e 01       		.uleb128 0x1
 2114 018f 40       		.uleb128 0x40
 2115 0190 06       		.uleb128 0x6
 2116 0191 01       		.uleb128 0x1
 2117 0192 13       		.uleb128 0x13
 2118 0193 00       		.byte	0x0
 2119 0194 00       		.byte	0x0
 2120 0195 1E       		.uleb128 0x1e
 2121 0196 34       		.uleb128 0x34
 2122 0197 00       		.byte	0x0
 2123 0198 03       		.uleb128 0x3
 2124 0199 08       		.uleb128 0x8
 2125 019a 3A       		.uleb128 0x3a
 2126 019b 0B       		.uleb128 0xb
 2127 019c 3B       		.uleb128 0x3b
 2128 019d 05       		.uleb128 0x5
 2129 019e 49       		.uleb128 0x49
 2130 019f 13       		.uleb128 0x13
 2131 01a0 02       		.uleb128 0x2
 2132 01a1 06       		.uleb128 0x6
 2133 01a2 00       		.byte	0x0
 2134 01a3 00       		.byte	0x0
 2135 01a4 1F       		.uleb128 0x1f
 2136 01a5 34       		.uleb128 0x34
 2137 01a6 00       		.byte	0x0
 2138 01a7 03       		.uleb128 0x3
 2139 01a8 08       		.uleb128 0x8
 2140 01a9 3A       		.uleb128 0x3a
 2141 01aa 0B       		.uleb128 0xb
 2142 01ab 3B       		.uleb128 0x3b
 2143 01ac 05       		.uleb128 0x5
 2144 01ad 49       		.uleb128 0x49
 2145 01ae 13       		.uleb128 0x13
 2146 01af 02       		.uleb128 0x2
 2147 01b0 0A       		.uleb128 0xa
 2148 01b1 00       		.byte	0x0
 2149 01b2 00       		.byte	0x0
 2150 01b3 20       		.uleb128 0x20
 2151 01b4 2E       		.uleb128 0x2e
ARM GAS  /tmp/ccpKbWoq.s 			page 39


 2152 01b5 00       		.byte	0x0
 2153 01b6 3F       		.uleb128 0x3f
 2154 01b7 0C       		.uleb128 0xc
 2155 01b8 03       		.uleb128 0x3
 2156 01b9 0E       		.uleb128 0xe
 2157 01ba 3A       		.uleb128 0x3a
 2158 01bb 0B       		.uleb128 0xb
 2159 01bc 3B       		.uleb128 0x3b
 2160 01bd 0B       		.uleb128 0xb
 2161 01be 27       		.uleb128 0x27
 2162 01bf 0C       		.uleb128 0xc
 2163 01c0 11       		.uleb128 0x11
 2164 01c1 01       		.uleb128 0x1
 2165 01c2 12       		.uleb128 0x12
 2166 01c3 01       		.uleb128 0x1
 2167 01c4 40       		.uleb128 0x40
 2168 01c5 06       		.uleb128 0x6
 2169 01c6 00       		.byte	0x0
 2170 01c7 00       		.byte	0x0
 2171 01c8 21       		.uleb128 0x21
 2172 01c9 34       		.uleb128 0x34
 2173 01ca 00       		.byte	0x0
 2174 01cb 03       		.uleb128 0x3
 2175 01cc 0E       		.uleb128 0xe
 2176 01cd 3A       		.uleb128 0x3a
 2177 01ce 0B       		.uleb128 0xb
 2178 01cf 3B       		.uleb128 0x3b
 2179 01d0 0B       		.uleb128 0xb
 2180 01d1 49       		.uleb128 0x49
 2181 01d2 13       		.uleb128 0x13
 2182 01d3 3F       		.uleb128 0x3f
 2183 01d4 0C       		.uleb128 0xc
 2184 01d5 3C       		.uleb128 0x3c
 2185 01d6 0C       		.uleb128 0xc
 2186 01d7 00       		.byte	0x0
 2187 01d8 00       		.byte	0x0
 2188 01d9 22       		.uleb128 0x22
 2189 01da 34       		.uleb128 0x34
 2190 01db 00       		.byte	0x0
 2191 01dc 03       		.uleb128 0x3
 2192 01dd 0E       		.uleb128 0xe
 2193 01de 3A       		.uleb128 0x3a
 2194 01df 0B       		.uleb128 0xb
 2195 01e0 3B       		.uleb128 0x3b
 2196 01e1 0B       		.uleb128 0xb
 2197 01e2 49       		.uleb128 0x49
 2198 01e3 13       		.uleb128 0x13
 2199 01e4 3F       		.uleb128 0x3f
 2200 01e5 0C       		.uleb128 0xc
 2201 01e6 02       		.uleb128 0x2
 2202 01e7 0A       		.uleb128 0xa
 2203 01e8 00       		.byte	0x0
 2204 01e9 00       		.byte	0x0
 2205 01ea 00       		.byte	0x0
 2206              		.section	.debug_pubnames,"",%progbits
 2207 0000 A3000000 		.4byte	0xa3
 2208 0004 0200     		.2byte	0x2
ARM GAS  /tmp/ccpKbWoq.s 			page 40


 2209 0006 00000000 		.4byte	.Ldebug_info0
 2210 000a 02070000 		.4byte	0x702
 2211 000e 0E050000 		.4byte	0x50e
 2212 0012 5F736368 		.ascii	"_scheduler_init\000"
 2212      6564756C 
 2212      65725F69 
 2212      6E697400 
 2213 0022 22050000 		.4byte	0x522
 2214 0026 63685363 		.ascii	"chSchReadyI\000"
 2214      68526561 
 2214      64794900 
 2215 0032 90050000 		.4byte	0x590
 2216 0036 63685363 		.ascii	"chSchGoSleepS\000"
 2216      68476F53 
 2216      6C656570 
 2216      5300
 2217 0044 DB050000 		.4byte	0x5db
 2218 0048 63685363 		.ascii	"chSchGoSleepTimeoutS\000"
 2218      68476F53 
 2218      6C656570 
 2218      54696D65 
 2218      6F757453 
 2219 005d 2E060000 		.4byte	0x62e
 2220 0061 63685363 		.ascii	"chSchWakeupS\000"
 2220      6857616B 
 2220      65757053 
 2220      00
 2221 006e 8E060000 		.4byte	0x68e
 2222 0072 63685363 		.ascii	"chSchDoReschedule\000"
 2222      68446F52 
 2222      65736368 
 2222      6564756C 
 2222      6500
 2223 0084 CD060000 		.4byte	0x6cd
 2224 0088 63685363 		.ascii	"chSchRescheduleS\000"
 2224      68526573 
 2224      63686564 
 2224      756C6553 
 2224      00
 2225 0099 EF060000 		.4byte	0x6ef
 2226 009d 726C6973 		.ascii	"rlist\000"
 2226      7400
 2227 00a3 00000000 		.4byte	0x0
 2228              		.section	.debug_pubtypes,"",%progbits
 2229 0000 7A010000 		.4byte	0x17a
 2230 0004 0200     		.2byte	0x2
 2231 0006 00000000 		.4byte	.Ldebug_info0
 2232 000a 02070000 		.4byte	0x702
 2233 000e 3E000000 		.4byte	0x3e
 2234 0012 75696E74 		.ascii	"uint8_t\000"
 2234      385F7400 
 2235 001a 5E000000 		.4byte	0x5e
 2236 001e 696E7433 		.ascii	"int32_t\000"
 2236      325F7400 
 2237 0026 70000000 		.4byte	0x70
 2238 002a 75696E74 		.ascii	"uint32_t\000"
 2238      33325F74 
ARM GAS  /tmp/ccpKbWoq.s 			page 41


 2238      00
 2239 0033 89000000 		.4byte	0x89
 2240 0037 75696E74 		.ascii	"uint64_t\000"
 2240      36345F74 
 2240      00
 2241 0040 9B000000 		.4byte	0x9b
 2242 0044 746D6F64 		.ascii	"tmode_t\000"
 2242      655F7400 
 2243 004c A6000000 		.4byte	0xa6
 2244 0050 74737461 		.ascii	"tstate_t\000"
 2244      74655F74 
 2244      00
 2245 0059 B1000000 		.4byte	0xb1
 2246 005d 74726566 		.ascii	"trefs_t\000"
 2246      735F7400 
 2247 0065 BC000000 		.4byte	0xbc
 2248 0069 74707269 		.ascii	"tprio_t\000"
 2248      6F5F7400 
 2249 0071 C7000000 		.4byte	0xc7
 2250 0075 6D73675F 		.ascii	"msg_t\000"
 2250      7400
 2251 007b D2000000 		.4byte	0xd2
 2252 007f 6576656E 		.ascii	"eventmask_t\000"
 2252      746D6173 
 2252      6B5F7400 
 2253 008b DD000000 		.4byte	0xdd
 2254 008f 73797374 		.ascii	"systime_t\000"
 2254      696D655F 
 2254      7400
 2255 0099 E8000000 		.4byte	0xe8
 2256 009d 636E745F 		.ascii	"cnt_t\000"
 2256      7400
 2257 00a3 F3000000 		.4byte	0xf3
 2258 00a7 54687265 		.ascii	"Thread\000"
 2258      616400
 2259 00ae 4E020000 		.4byte	0x24e
 2260 00b2 54687265 		.ascii	"ThreadsQueue\000"
 2260      61647351 
 2260      75657565 
 2260      00
 2261 00bf 70020000 		.4byte	0x270
 2262 00c3 54687265 		.ascii	"ThreadsList\000"
 2262      6164734C 
 2262      69737400 
 2263 00cf 7B020000 		.4byte	0x27b
 2264 00d3 72656761 		.ascii	"regarm_t\000"
 2264      726D5F74 
 2264      00
 2265 00dc 88020000 		.4byte	0x288
 2266 00e0 73746B61 		.ascii	"stkalign_t\000"
 2266      6C69676E 
 2266      5F7400
 2267 00eb 93020000 		.4byte	0x293
 2268 00ef 696E7463 		.ascii	"intctx\000"
 2268      747800
 2269 00f6 20030000 		.4byte	0x320
 2270 00fa 636F6E74 		.ascii	"context\000"
ARM GAS  /tmp/ccpKbWoq.s 			page 42


 2270      65787400 
 2271 0102 43030000 		.4byte	0x343
 2272 0106 76746675 		.ascii	"vtfunc_t\000"
 2272      6E635F74 
 2272      00
 2273 010f 60030000 		.4byte	0x360
 2274 0113 56697274 		.ascii	"VirtualTimer\000"
 2274      75616C54 
 2274      696D6572 
 2274      00
 2275 0120 6B030000 		.4byte	0x36b
 2276 0124 56697274 		.ascii	"VirtualTimer\000"
 2276      75616C54 
 2276      696D6572 
 2276      00
 2277 0131 34040000 		.4byte	0x434
 2278 0135 52656164 		.ascii	"ReadyList\000"
 2278      794C6973 
 2278      7400
 2279 013f 3F040000 		.4byte	0x43f
 2280 0143 53656D61 		.ascii	"Semaphore\000"
 2280      70686F72 
 2280      6500
 2281 014d 68040000 		.4byte	0x468
 2282 0151 53656D61 		.ascii	"Semaphore\000"
 2282      70686F72 
 2282      6500
 2283 015b 73040000 		.4byte	0x473
 2284 015f 4D757465 		.ascii	"Mutex\000"
 2284      7800
 2285 0165 B0040000 		.4byte	0x4b0
 2286 0169 4D757465 		.ascii	"Mutex\000"
 2286      7800
 2287 016f FE000000 		.4byte	0xfe
 2288 0173 54687265 		.ascii	"Thread\000"
 2288      616400
 2289 017a 00000000 		.4byte	0x0
 2290              		.section	.debug_aranges,"",%progbits
 2291 0000 54000000 		.4byte	0x54
 2292 0004 0200     		.2byte	0x2
 2293 0006 00000000 		.4byte	.Ldebug_info0
 2294 000a 04       		.byte	0x4
 2295 000b 00       		.byte	0x0
 2296 000c 0000     		.2byte	0x0
 2297 000e 0000     		.2byte	0x0
 2298 0010 00000000 		.4byte	.LFB0
 2299 0014 18000000 		.4byte	.LFE0-.LFB0
 2300 0018 00000000 		.4byte	.LFB1
 2301 001c 3C000000 		.4byte	.LFE1-.LFB1
 2302 0020 00000000 		.4byte	.LFB3
 2303 0024 3C000000 		.4byte	.LFE3-.LFB3
 2304 0028 00000000 		.4byte	.LFB2
 2305 002c 4C000000 		.4byte	.LFE2-.LFB2
 2306 0030 00000000 		.4byte	.LFB4
 2307 0034 48000000 		.4byte	.LFE4-.LFB4
 2308 0038 00000000 		.4byte	.LFB5
 2309 003c 5C000000 		.4byte	.LFE5-.LFB5
ARM GAS  /tmp/ccpKbWoq.s 			page 43


 2310 0040 00000000 		.4byte	.LFB7
 2311 0044 48000000 		.4byte	.LFE7-.LFB7
 2312 0048 00000000 		.4byte	.LFB6
 2313 004c 24000000 		.4byte	.LFE6-.LFB6
 2314 0050 00000000 		.4byte	0x0
 2315 0054 00000000 		.4byte	0x0
 2316              		.section	.debug_ranges,"",%progbits
 2317              	.Ldebug_ranges0:
 2318 0000 28000000 		.4byte	.LBB2
 2319 0004 3C000000 		.4byte	.LBE2
 2320 0008 40000000 		.4byte	.LBB3
 2321 000c 4C000000 		.4byte	.LBE3
 2322 0010 00000000 		.4byte	0x0
 2323 0014 00000000 		.4byte	0x0
 2324 0018 22000000 		.4byte	.LBB5
 2325 001c 4C000000 		.4byte	.LBE5
 2326 0020 50000000 		.4byte	.LBB8
 2327 0024 5C000000 		.4byte	.LBE8
 2328 0028 00000000 		.4byte	0x0
 2329 002c 00000000 		.4byte	0x0
 2330 0030 38000000 		.4byte	.LBB6
 2331 0034 4C000000 		.4byte	.LBE6
 2332 0038 50000000 		.4byte	.LBB7
 2333 003c 5C000000 		.4byte	.LBE7
 2334 0040 00000000 		.4byte	0x0
 2335 0044 00000000 		.4byte	0x0
 2336 0048 24000000 		.4byte	.LBB9
 2337 004c 38000000 		.4byte	.LBE9
 2338 0050 3C000000 		.4byte	.LBB10
 2339 0054 48000000 		.4byte	.LBE10
 2340 0058 00000000 		.4byte	0x0
 2341 005c 00000000 		.4byte	0x0
 2342 0060 00000000 		.4byte	.LFB0
 2343 0064 18000000 		.4byte	.LFE0
 2344 0068 00000000 		.4byte	.LFB1
 2345 006c 3C000000 		.4byte	.LFE1
 2346 0070 00000000 		.4byte	.LFB3
 2347 0074 3C000000 		.4byte	.LFE3
 2348 0078 00000000 		.4byte	.LFB2
 2349 007c 4C000000 		.4byte	.LFE2
 2350 0080 00000000 		.4byte	.LFB4
 2351 0084 48000000 		.4byte	.LFE4
 2352 0088 00000000 		.4byte	.LFB5
 2353 008c 5C000000 		.4byte	.LFE5
 2354 0090 00000000 		.4byte	.LFB7
 2355 0094 48000000 		.4byte	.LFE7
 2356 0098 00000000 		.4byte	.LFB6
 2357 009c 24000000 		.4byte	.LFE6
 2358 00a0 00000000 		.4byte	0x0
 2359 00a4 00000000 		.4byte	0x0
 2360              		.section	.debug_str,"MS",%progbits,1
 2361              	.LASF36:
 2362 0000 705F6D73 		.ascii	"p_msg\000"
 2362      6700
 2363              	.LASF69:
 2364 0006 7264796D 		.ascii	"rdymsg\000"
 2364      736700
ARM GAS  /tmp/ccpKbWoq.s 			page 44


 2365              	.LASF11:
 2366 000d 75696E74 		.ascii	"uint64_t\000"
 2366      36345F74 
 2366      00
 2367              	.LASF12:
 2368 0016 6C6F6E67 		.ascii	"long long unsigned int\000"
 2368      206C6F6E 
 2368      6720756E 
 2368      7369676E 
 2368      65642069 
 2369              	.LASF70:
 2370 002d 65786974 		.ascii	"exitcode\000"
 2370      636F6465 
 2370      00
 2371              	.LASF24:
 2372 0036 705F7072 		.ascii	"p_prio\000"
 2372      696F00
 2373              	.LASF81:
 2374 003d 5F736368 		.ascii	"_scheduler_init\000"
 2374      6564756C 
 2374      65725F69 
 2374      6E697400 
 2375              	.LASF10:
 2376 004d 6C6F6E67 		.ascii	"long long int\000"
 2376      206C6F6E 
 2376      6720696E 
 2376      7400
 2377              	.LASF1:
 2378 005b 7369676E 		.ascii	"signed char\000"
 2378      65642063 
 2378      68617200 
 2379              	.LASF40:
 2380 0067 705F6D70 		.ascii	"p_mpool\000"
 2380      6F6F6C00 
 2381              	.LASF66:
 2382 006f 6D5F7175 		.ascii	"m_queue\000"
 2382      65756500 
 2383              	.LASF71:
 2384 0077 77746F62 		.ascii	"wtobjp\000"
 2384      6A7000
 2385              	.LASF7:
 2386 007e 6C6F6E67 		.ascii	"long int\000"
 2386      20696E74 
 2386      00
 2387              	.LASF14:
 2388 0087 74737461 		.ascii	"tstate_t\000"
 2388      74655F74 
 2388      00
 2389              	.LASF26:
 2390 0090 705F6E65 		.ascii	"p_newer\000"
 2390      77657200 
 2391              	.LASF63:
 2392 0098 735F7175 		.ascii	"s_queue\000"
 2392      65756500 
 2393              	.LASF82:
 2394 00a0 63685363 		.ascii	"chSchRescheduleS\000"
 2394      68526573 
ARM GAS  /tmp/ccpKbWoq.s 			page 45


 2394      63686564 
 2394      756C6553 
 2394      00
 2395              	.LASF57:
 2396 00b1 725F6E65 		.ascii	"r_newer\000"
 2396      77657200 
 2397              	.LASF43:
 2398 00b9 72656761 		.ascii	"regarm_t\000"
 2398      726D5F74 
 2398      00
 2399              	.LASF50:
 2400 00c2 76745F70 		.ascii	"vt_prev\000"
 2400      72657600 
 2401              	.LASF80:
 2402 00ca 63685363 		.ascii	"chSchDoReschedule\000"
 2402      68446F52 
 2402      65736368 
 2402      6564756C 
 2402      6500
 2403              	.LASF20:
 2404 00dc 636E745F 		.ascii	"cnt_t\000"
 2404      7400
 2405              	.LASF29:
 2406 00e2 705F7374 		.ascii	"p_stklimit\000"
 2406      6B6C696D 
 2406      697400
 2407              	.LASF0:
 2408 00ed 756E7369 		.ascii	"unsigned int\000"
 2408      676E6564 
 2408      20696E74 
 2408      00
 2409              	.LASF87:
 2410 00fa 77616B65 		.ascii	"wakeup\000"
 2410      757000
 2411              	.LASF49:
 2412 0101 76745F6E 		.ascii	"vt_next\000"
 2412      65787400 
 2413              	.LASF9:
 2414 0109 6C6F6E67 		.ascii	"long unsigned int\000"
 2414      20756E73 
 2414      69676E65 
 2414      6420696E 
 2414      7400
 2415              	.LASF64:
 2416 011b 735F636E 		.ascii	"s_cnt\000"
 2416      7400
 2417              	.LASF46:
 2418 0121 636F6E74 		.ascii	"context\000"
 2418      65787400 
 2419              	.LASF86:
 2420 0129 2F686F6D 		.ascii	"/home/z80/projects/dfu.git/firmware-pawn-dev/firmwa"
 2420      652F7A38 
 2420      302F7072 
 2420      6F6A6563 
 2420      74732F64 
 2421 015c 726500   		.ascii	"re\000"
 2422              	.LASF79:
ARM GAS  /tmp/ccpKbWoq.s 			page 46


 2423 015f 63685363 		.ascii	"chSchWakeupS\000"
 2423      6857616B 
 2423      65757053 
 2423      00
 2424              	.LASF17:
 2425 016c 6D73675F 		.ascii	"msg_t\000"
 2425      7400
 2426              	.LASF13:
 2427 0172 746D6F64 		.ascii	"tmode_t\000"
 2427      655F7400 
 2428              	.LASF42:
 2429 017a 54687265 		.ascii	"ThreadsList\000"
 2429      6164734C 
 2429      69737400 
 2430              	.LASF18:
 2431 0186 6576656E 		.ascii	"eventmask_t\000"
 2431      746D6173 
 2431      6B5F7400 
 2432              	.LASF65:
 2433 0192 4D757465 		.ascii	"Mutex\000"
 2433      7800
 2434              	.LASF44:
 2435 0198 73746B61 		.ascii	"stkalign_t\000"
 2435      6C69676E 
 2435      5F7400
 2436              	.LASF85:
 2437 01a3 2E2E2F63 		.ascii	"../chibios/os/kernel/src/chschd.c\000"
 2437      68696269 
 2437      6F732F6F 
 2437      732F6B65 
 2437      726E656C 
 2438              	.LASF51:
 2439 01c5 76745F74 		.ascii	"vt_time\000"
 2439      696D6500 
 2440              	.LASF52:
 2441 01cd 76745F66 		.ascii	"vt_func\000"
 2441      756E6300 
 2442              	.LASF27:
 2443 01d5 705F6F6C 		.ascii	"p_older\000"
 2443      64657200 
 2444              	.LASF56:
 2445 01dd 725F6374 		.ascii	"r_ctx\000"
 2445      7800
 2446              	.LASF41:
 2447 01e3 54687265 		.ascii	"ThreadsQueue\000"
 2447      61647351 
 2447      75657565 
 2447      00
 2448              	.LASF77:
 2449 01f0 74696D65 		.ascii	"time\000"
 2449      00
 2450              	.LASF60:
 2451 01f5 725F6375 		.ascii	"r_current\000"
 2451      7272656E 
 2451      7400
 2452              	.LASF58:
 2453 01ff 725F6F6C 		.ascii	"r_older\000"
ARM GAS  /tmp/ccpKbWoq.s 			page 47


 2453      64657200 
 2454              	.LASF15:
 2455 0207 74726566 		.ascii	"trefs_t\000"
 2455      735F7400 
 2456              	.LASF23:
 2457 020f 705F7072 		.ascii	"p_prev\000"
 2457      657600
 2458              	.LASF16:
 2459 0216 74707269 		.ascii	"tprio_t\000"
 2459      6F5F7400 
 2460              	.LASF6:
 2461 021e 696E7433 		.ascii	"int32_t\000"
 2461      325F7400 
 2462              	.LASF2:
 2463 0226 756E7369 		.ascii	"unsigned char\000"
 2463      676E6564 
 2463      20636861 
 2463      7200
 2464              	.LASF74:
 2465 0234 6E657773 		.ascii	"newstate\000"
 2465      74617465 
 2465      00
 2466              	.LASF38:
 2467 023d 705F6D74 		.ascii	"p_mtxlist\000"
 2467      786C6973 
 2467      7400
 2468              	.LASF3:
 2469 0247 73686F72 		.ascii	"short int\000"
 2469      7420696E 
 2469      7400
 2470              	.LASF30:
 2471 0251 705F7374 		.ascii	"p_state\000"
 2471      61746500 
 2472              	.LASF55:
 2473 0259 725F7072 		.ascii	"r_prio\000"
 2473      696F00
 2474              	.LASF72:
 2475 0260 65776D61 		.ascii	"ewmask\000"
 2475      736B00
 2476              	.LASF22:
 2477 0267 705F6E65 		.ascii	"p_next\000"
 2477      787400
 2478              	.LASF31:
 2479 026e 705F666C 		.ascii	"p_flags\000"
 2479      61677300 
 2480              	.LASF21:
 2481 0276 54687265 		.ascii	"Thread\000"
 2481      616400
 2482              	.LASF78:
 2483 027d 63685363 		.ascii	"chSchGoSleepS\000"
 2483      68476F53 
 2483      6C656570 
 2483      5300
 2484              	.LASF37:
 2485 028b 705F6570 		.ascii	"p_epending\000"
 2485      656E6469 
 2485      6E6700
ARM GAS  /tmp/ccpKbWoq.s 			page 48


 2486              	.LASF8:
 2487 0296 75696E74 		.ascii	"uint32_t\000"
 2487      33325F74 
 2487      00
 2488              	.LASF54:
 2489 029f 725F7175 		.ascii	"r_queue\000"
 2489      65756500 
 2490              	.LASF48:
 2491 02a7 56697274 		.ascii	"VirtualTimer\000"
 2491      75616C54 
 2491      696D6572 
 2491      00
 2492              	.LASF73:
 2493 02b4 63686172 		.ascii	"char\000"
 2493      00
 2494              	.LASF75:
 2495 02b9 63685363 		.ascii	"chSchReadyI\000"
 2495      68526561 
 2495      64794900 
 2496              	.LASF68:
 2497 02c5 6D5F6E65 		.ascii	"m_next\000"
 2497      787400
 2498              	.LASF19:
 2499 02cc 73797374 		.ascii	"systime_t\000"
 2499      696D655F 
 2499      7400
 2500              	.LASF39:
 2501 02d6 705F7265 		.ascii	"p_realprio\000"
 2501      616C7072 
 2501      696F00
 2502              	.LASF47:
 2503 02e1 76746675 		.ascii	"vtfunc_t\000"
 2503      6E635F74 
 2503      00
 2504              	.LASF4:
 2505 02ea 73686F72 		.ascii	"short unsigned int\000"
 2505      7420756E 
 2505      7369676E 
 2505      65642069 
 2505      6E7400
 2506              	.LASF45:
 2507 02fd 696E7463 		.ascii	"intctx\000"
 2507      747800
 2508              	.LASF35:
 2509 0304 705F6D73 		.ascii	"p_msgqueue\000"
 2509      67717565 
 2509      756500
 2510              	.LASF53:
 2511 030f 76745F70 		.ascii	"vt_par\000"
 2511      617200
 2512              	.LASF62:
 2513 0316 53656D61 		.ascii	"Semaphore\000"
 2513      70686F72 
 2513      6500
 2514              	.LASF32:
 2515 0320 705F7265 		.ascii	"p_refs\000"
 2515      667300
ARM GAS  /tmp/ccpKbWoq.s 			page 49


 2516              	.LASF61:
 2517 0327 52656164 		.ascii	"ReadyList\000"
 2517      794C6973 
 2517      7400
 2518              	.LASF83:
 2519 0331 726C6973 		.ascii	"rlist\000"
 2519      7400
 2520              	.LASF5:
 2521 0337 75696E74 		.ascii	"uint8_t\000"
 2521      385F7400 
 2522              	.LASF33:
 2523 033f 705F7469 		.ascii	"p_time\000"
 2523      6D6500
 2524              	.LASF84:
 2525 0346 474E5520 		.ascii	"GNU C 4.5.2\000"
 2525      4320342E 
 2525      352E3200 
 2526              	.LASF28:
 2527 0352 705F6E61 		.ascii	"p_name\000"
 2527      6D6500
 2528              	.LASF76:
 2529 0359 63685363 		.ascii	"chSchGoSleepTimeoutS\000"
 2529      68476F53 
 2529      6C656570 
 2529      54696D65 
 2529      6F757453 
 2530              	.LASF59:
 2531 036e 725F7072 		.ascii	"r_preempt\000"
 2531      65656D70 
 2531      7400
 2532              	.LASF67:
 2533 0378 6D5F6F77 		.ascii	"m_owner\000"
 2533      6E657200 
 2534              	.LASF25:
 2535 0380 705F6374 		.ascii	"p_ctx\000"
 2535      7800
 2536              	.LASF34:
 2537 0386 705F7761 		.ascii	"p_waiting\000"
 2537      6974696E 
 2537      6700
 2538              		.ident	"GCC: (Sourcery G++ Lite 2011.03-42) 4.5.2"
ARM GAS  /tmp/ccpKbWoq.s 			page 50


DEFINED SYMBOLS
                            *ABS*:00000000 chschd.c
     /tmp/ccpKbWoq.s:24     .text._scheduler_init:00000000 $t
     /tmp/ccpKbWoq.s:29     .text._scheduler_init:00000000 _scheduler_init
     /tmp/ccpKbWoq.s:57     .text._scheduler_init:00000014 $d
     /tmp/ccpKbWoq.s:62     .text.chSchReadyI:00000000 $t
     /tmp/ccpKbWoq.s:67     .text.chSchReadyI:00000000 chSchReadyI
     /tmp/ccpKbWoq.s:125    .text.chSchReadyI:00000034 $d
     /tmp/ccpKbWoq.s:131    .text.wakeup:00000000 $t
     /tmp/ccpKbWoq.s:135    .text.wakeup:00000000 wakeup
     /tmp/ccpKbWoq.s:193    .text.chSchGoSleepS:00000000 $t
     /tmp/ccpKbWoq.s:198    .text.chSchGoSleepS:00000000 chSchGoSleepS
     /tmp/ccpKbWoq.s:262    .text.chSchGoSleepS:00000044 $d
     /tmp/ccpKbWoq.s:269    .text.chSchGoSleepTimeoutS:00000000 $t
     /tmp/ccpKbWoq.s:274    .text.chSchGoSleepTimeoutS:00000000 chSchGoSleepTimeoutS
     /tmp/ccpKbWoq.s:333    .text.chSchGoSleepTimeoutS:00000040 $d
     /tmp/ccpKbWoq.s:339    .text.chSchWakeupS:00000000 $t
     /tmp/ccpKbWoq.s:344    .text.chSchWakeupS:00000000 chSchWakeupS
     /tmp/ccpKbWoq.s:424    .text.chSchWakeupS:00000054 $d
     /tmp/ccpKbWoq.s:432    .text.chSchDoReschedule:00000000 $t
     /tmp/ccpKbWoq.s:437    .text.chSchDoReschedule:00000000 chSchDoReschedule
     /tmp/ccpKbWoq.s:495    .text.chSchDoReschedule:00000040 $d
     /tmp/ccpKbWoq.s:502    .text.chSchRescheduleS:00000000 $t
     /tmp/ccpKbWoq.s:507    .text.chSchRescheduleS:00000000 chSchRescheduleS
     /tmp/ccpKbWoq.s:537    .text.chSchRescheduleS:00000020 $d
     /tmp/ccpKbWoq.s:552    .bss.rlist:00000000 rlist
     /tmp/ccpKbWoq.s:548    .bss.rlist:00000000 $d
                     .debug_frame:00000010 $d

UNDEFINED SYMBOLS
chDbgPanic
dequeue
chDbgCheckClassS
fifo_remove
dbg_trace
_port_switch
chVTSetI
chVTResetI
