ARM GAS  /tmp/ccQjuaZh.s 			page 1


   1              		.syntax unified
   2              		.cpu cortex-m3
   3              		.fpu softvfp
   4              		.eabi_attribute 20, 1
   5              		.eabi_attribute 21, 1
   6              		.eabi_attribute 23, 3
   7              		.eabi_attribute 24, 1
   8              		.eabi_attribute 25, 1
   9              		.eabi_attribute 26, 1
  10              		.eabi_attribute 30, 4
  11              		.eabi_attribute 18, 4
  12              		.thumb
  13              		.file	"chsys.c"
  14              		.section	.debug_abbrev,"",%progbits
  15              	.Ldebug_abbrev0:
  16              		.section	.debug_info,"",%progbits
  17              	.Ldebug_info0:
  18              		.section	.debug_line,"",%progbits
  19              	.Ldebug_line0:
  20 0000 B3010000 		.text
  20      02005201 
  20      00000201 
  20      FB0E0D00 
  20      01010101 
  21              	.Ltext0:
  22              		.cfi_sections	.debug_frame
  23              		.section	.text._idle_thread,"ax",%progbits
  24              		.align	1
  25              		.global	_idle_thread
  26              		.thumb
  27              		.thumb_func
  28              		.type	_idle_thread, %function
  29              	_idle_thread:
  30              	.LFB0:
  31              		.file 1 "../chibios/os/kernel/src/chsys.c"
  32              		.loc 1 59 0
  33              		.cfi_startproc
  34              		@ args = 0, pretend = 0, frame = 0
  35              		@ frame_needed = 0, uses_anonymous_args = 0
  36              		@ link register save eliminated.
  37              	.LVL0:
  38              		.loc 1 62 0
  39 0000 024B     		ldr	r3, .L3
  40 0002 034A     		ldr	r2, .L3+4
  41 0004 DB69     		ldr	r3, [r3, #28]
  42 0006 9A61     		str	r2, [r3, #24]
  43              	.L2:
  44 0008 FEE7     		b	.L2
  45              	.L4:
  46 000a 00BF     		.align	2
  47              	.L3:
  48 000c 00000000 		.word	rlist
  49 0010 00000000 		.word	.LC0
  50              		.cfi_endproc
  51              	.LFE0:
  52              		.size	_idle_thread, .-_idle_thread
  53              		.section	.text.chSysInit,"ax",%progbits
ARM GAS  /tmp/ccQjuaZh.s 			page 2


  54              		.align	1
  55              		.global	chSysInit
  56              		.thumb
  57              		.thumb_func
  58              		.type	chSysInit, %function
  59              	chSysInit:
  60              	.LFB1:
  61              		.loc 1 82 0
  62              		.cfi_startproc
  63              		@ args = 0, pretend = 0, frame = 0
  64              		@ frame_needed = 0, uses_anonymous_args = 0
  65 0000 37B5     		push	{r0, r1, r2, r4, r5, lr}
  66              	.LCFI0:
  67              		.cfi_def_cfa_offset 24
  68              		.loc 1 88 0
  69              		.cfi_offset 14, -4
  70              		.cfi_offset 5, -8
  71              		.cfi_offset 4, -12
  72              		.cfi_offset 2, -16
  73              		.cfi_offset 1, -20
  74              		.cfi_offset 0, -24
  75 0002 FFF7FEFF 		bl	_port_init
  76              		.loc 1 89 0
  77 0006 FFF7FEFF 		bl	_scheduler_init
  78              		.loc 1 90 0
  79 000a FFF7FEFF 		bl	_vt_init
  80              		.loc 1 92 0
  81 000e FFF7FEFF 		bl	_core_init
  82              		.loc 1 95 0
  83 0012 FFF7FEFF 		bl	_heap_init
  84              		.loc 1 98 0
  85 0016 FFF7FEFF 		bl	_trace_init
  86              		.loc 1 102 0
  87 001a 4021     		movs	r1, #64
  88 001c 0D48     		ldr	r0, .L6
  89 001e FFF7FEFF 		bl	_thread_init
  90 0022 0D4D     		ldr	r5, .L6+4
  91              		.loc 1 107 0
  92 0024 0D4B     		ldr	r3, .L6+8
  93              		.loc 1 103 0
  94 0026 0124     		movs	r4, #1
  95              		.loc 1 102 0
  96 0028 E861     		str	r0, [r5, #28]
  97              		.loc 1 103 0
  98 002a 80F82040 		strb	r4, [r0, #32]
  99              		.loc 1 107 0
 100 002e C361     		str	r3, [r0, #28]
 101              		.loc 1 109 0
 102 0030 FFF7FEFF 		bl	dbg_check_enable
 103              	.LBB2:
 104 0034 0023     		movs	r3, #0
 105              	.LVL1:
 106              	@ 109 "../chibios/os/kernel/src/chsys.c" 1
 107 0036 83F31188 		msr     BASEPRI, r3                    
 108 003a 62B6     		cpsie   i
 109              	@ 0 "" 2
 110              	.LVL2:
ARM GAS  /tmp/ccQjuaZh.s 			page 3


 111              		.thumb
 112              	.LBE2:
 113              		.loc 1 111 0
 114 003c 0849     		ldr	r1, .L6+12
 115 003e EA69     		ldr	r2, [r5, #28]
 116              		.loc 1 117 0
 117 0040 0848     		ldr	r0, .L6+16
 118              		.loc 1 111 0
 119 0042 9161     		str	r1, [r2, #24]
 120              		.loc 1 117 0
 121 0044 0093     		str	r3, [sp, #0]
 122 0046 C021     		movs	r1, #192
 123 0048 2246     		mov	r2, r4
 124 004a 074B     		ldr	r3, .L6+20
 125              	.LVL3:
 126 004c FFF7FEFF 		bl	chThdCreateStatic
 127              		.loc 1 120 0
 128 0050 3EBD     		pop	{r1, r2, r3, r4, r5, pc}
 129              	.L7:
 130 0052 00BF     		.align	2
 131              	.L6:
 132 0054 00000000 		.word	.LANCHOR0
 133 0058 00000000 		.word	rlist
 134 005c 00000000 		.word	__main_thread_stack_base__
 135 0060 05000000 		.word	.LC1
 136 0064 00000000 		.word	.LANCHOR1
 137 0068 00000000 		.word	_idle_thread
 138              		.cfi_endproc
 139              	.LFE1:
 140              		.size	chSysInit, .-chSysInit
 141              		.section	.text.chSysTimerHandlerI,"ax",%progbits
 142              		.align	1
 143              		.global	chSysTimerHandlerI
 144              		.thumb
 145              		.thumb_func
 146              		.type	chSysTimerHandlerI, %function
 147              	chSysTimerHandlerI:
 148              	.LFB2:
 149              		.loc 1 133 0
 150              		.cfi_startproc
 151              		@ args = 0, pretend = 0, frame = 0
 152              		@ frame_needed = 0, uses_anonymous_args = 0
 153 0000 10B5     		push	{r4, lr}
 154              	.LCFI1:
 155              		.cfi_def_cfa_offset 8
 156              		.loc 1 135 0
 157              		.cfi_offset 14, -4
 158              		.cfi_offset 4, -8
 159 0002 FFF7FEFF 		bl	chDbgCheckClassI
 160              		.loc 1 139 0
 161 0006 114B     		ldr	r3, .L13
 162 0008 9A69     		ldr	r2, [r3, #24]
 163 000a 002A     		cmp	r2, #0
 164 000c 01DD     		ble	.L9
 165              		.loc 1 141 0
 166 000e 013A     		subs	r2, r2, #1
 167 0010 9A61     		str	r2, [r3, #24]
ARM GAS  /tmp/ccQjuaZh.s 			page 4


 168              	.L9:
 169              		.loc 1 144 0
 170 0012 DB69     		ldr	r3, [r3, #28]
 171              		.loc 1 146 0
 172 0014 0E4C     		ldr	r4, .L13+4
 173              		.loc 1 144 0
 174 0016 5A6A     		ldr	r2, [r3, #36]
 175 0018 0132     		adds	r2, r2, #1
 176 001a 5A62     		str	r2, [r3, #36]
 177              		.loc 1 146 0
 178 001c E368     		ldr	r3, [r4, #12]
 179 001e 0133     		adds	r3, r3, #1
 180 0020 E360     		str	r3, [r4, #12]
 181 0022 2368     		ldr	r3, [r4, #0]
 182 0024 A342     		cmp	r3, r4
 183 0026 0FD0     		beq	.L8
 184              	.LBB3:
 185              		.loc 1 146 0 is_stmt 0 discriminator 1
 186 0028 9A68     		ldr	r2, [r3, #8]
 187 002a 013A     		subs	r2, r2, #1
 188 002c 9A60     		str	r2, [r3, #8]
 189 002e 06E0     		b	.L11
 190              	.LVL4:
 191              	.L12:
 192              	.LBB4:
 193              		.loc 1 146 0 discriminator 3
 194 0030 D368     		ldr	r3, [r2, #12]
 195              	.LVL5:
 196 0032 D160     		str	r1, [r2, #12]
 197 0034 1168     		ldr	r1, [r2, #0]
 198 0036 4860     		str	r0, [r1, #4]
 199 0038 0160     		str	r1, [r0, #0]
 200 003a 1069     		ldr	r0, [r2, #16]
 201 003c 9847     		blx	r3
 202              	.LVL6:
 203              	.L11:
 204              	.LBE4:
 205              		.loc 1 146 0 discriminator 2
 206 003e 2268     		ldr	r2, [r4, #0]
 207              	.LVL7:
 208 0040 0348     		ldr	r0, .L13+4
 209 0042 9168     		ldr	r1, [r2, #8]
 210 0044 0029     		cmp	r1, #0
 211 0046 F3D0     		beq	.L12
 212              	.LVL8:
 213              	.L8:
 214 0048 10BD     		pop	{r4, pc}
 215              	.L14:
 216 004a 00BF     		.align	2
 217              	.L13:
 218 004c 00000000 		.word	rlist
 219 0050 00000000 		.word	vtlist
 220              	.LBE3:
 221              		.cfi_endproc
 222              	.LFE2:
 223              		.size	chSysTimerHandlerI, .-chSysTimerHandlerI
 224              		.global	_idle_thread_wa
ARM GAS  /tmp/ccQjuaZh.s 			page 5


 225              		.section	.bss.mainthread.4697,"aw",%nobits
 226              		.align	2
 227              		.set	.LANCHOR0,. + 0
 228              		.type	mainthread.4697, %object
 229              		.size	mainthread.4697, 76
 230              	mainthread.4697:
 231 0000 00000000 		.space	76
 231      00000000 
 231      00000000 
 231      00000000 
 231      00000000 
 232              		.section	.rodata.str1.1,"aMS",%progbits,1
 233              	.LC0:
 234 0000 69646C65 		.ascii	"idle\000"
 234      00
 235              	.LC1:
 236 0005 6D61696E 		.ascii	"main\000"
 236      00
 237              		.section	.bss._idle_thread_wa,"aw",%nobits
 238              		.align	3
 239              		.set	.LANCHOR1,. + 0
 240              		.type	_idle_thread_wa, %object
 241              		.size	_idle_thread_wa, 192
 242              	_idle_thread_wa:
 243 0000 00000000 		.space	192
 243      00000000 
 243      00000000 
 243      00000000 
 243      00000000 
 244              		.text
 245              	.Letext0:
 246              		.section	.debug_loc,"",%progbits
 247              	.Ldebug_loc0:
 248              	.LLST0:
 249 0000 00000000 		.4byte	.LFB1
 250 0004 02000000 		.4byte	.LCFI0
 251 0008 0200     		.2byte	0x2
 252 000a 7D       		.byte	0x7d
 253 000b 00       		.sleb128 0
 254 000c 02000000 		.4byte	.LCFI0
 255 0010 6C000000 		.4byte	.LFE1
 256 0014 0200     		.2byte	0x2
 257 0016 7D       		.byte	0x7d
 258 0017 18       		.sleb128 24
 259 0018 00000000 		.4byte	0x0
 260 001c 00000000 		.4byte	0x0
 261              	.LLST1:
 262 0020 3C000000 		.4byte	.LVL2
 263 0024 4C000000 		.4byte	.LVL3
 264 0028 0100     		.2byte	0x1
 265 002a 53       		.byte	0x53
 266 002b 00000000 		.4byte	0x0
 267 002f 00000000 		.4byte	0x0
 268              	.LLST2:
 269 0033 00000000 		.4byte	.LFB2
 270 0037 02000000 		.4byte	.LCFI1
 271 003b 0200     		.2byte	0x2
ARM GAS  /tmp/ccQjuaZh.s 			page 6


 272 003d 7D       		.byte	0x7d
 273 003e 00       		.sleb128 0
 274 003f 02000000 		.4byte	.LCFI1
 275 0043 54000000 		.4byte	.LFE2
 276 0047 0200     		.2byte	0x2
 277 0049 7D       		.byte	0x7d
 278 004a 08       		.sleb128 8
 279 004b 00000000 		.4byte	0x0
 280 004f 00000000 		.4byte	0x0
 281              	.LLST3:
 282 0053 30000000 		.4byte	.LVL4
 283 0057 3D000000 		.4byte	.LVL6-1
 284 005b 0100     		.2byte	0x1
 285 005d 52       		.byte	0x52
 286 005e 40000000 		.4byte	.LVL7
 287 0062 48000000 		.4byte	.LVL8
 288 0066 0200     		.2byte	0x2
 289 0068 74       		.byte	0x74
 290 0069 00       		.sleb128 0
 291 006a 00000000 		.4byte	0x0
 292 006e 00000000 		.4byte	0x0
 293              	.LLST4:
 294 0072 32000000 		.4byte	.LVL5
 295 0076 3D000000 		.4byte	.LVL6-1
 296 007a 0200     		.2byte	0x2
 297 007c 72       		.byte	0x72
 298 007d 0C       		.sleb128 12
 299 007e 00000000 		.4byte	0x0
 300 0082 00000000 		.4byte	0x0
 301              		.file 2 "/home/z80/programs/code-sourcery/2011.03-42/bin/../lib/gcc/arm-none-eabi/4.5.2/../../../.
 302              		.file 3 "../chibios/os/ports/GCC/ARMCMx/chtypes.h"
 303              		.file 4 "../chibios/os/kernel/include/chlists.h"
 304              		.file 5 "../chibios/os/kernel/include/chthreads.h"
 305              		.file 6 "../chibios/os/ports/GCC/ARMCMx/chcore_v7m.h"
 306              		.file 7 "../chibios/os/kernel/include/chvt.h"
 307              		.file 8 "../chibios/os/kernel/include/chschd.h"
 308              		.file 9 "../chibios/os/kernel/include/chmtx.h"
 309              		.file 10 "../chibios/os/kernel/include/ch.h"
 310              		.section	.debug_info
 311 0000 74060000 		.4byte	0x674
 312 0004 0200     		.2byte	0x2
 313 0006 00000000 		.4byte	.Ldebug_abbrev0
 314 000a 04       		.byte	0x4
 315 000b 01       		.uleb128 0x1
 316 000c 2D030000 		.4byte	.LASF82
 317 0010 01       		.byte	0x1
 318 0011 4C020000 		.4byte	.LASF83
 319 0015 28010000 		.4byte	.LASF84
 320 0019 00000000 		.4byte	0x0
 321 001d 00000000 		.4byte	0x0
 322 0021 00000000 		.4byte	.Ldebug_ranges0+0x0
 323 0025 00000000 		.4byte	.Ldebug_line0
 324 0029 02       		.uleb128 0x2
 325 002a 04       		.byte	0x4
 326 002b 05       		.byte	0x5
 327 002c 696E7400 		.ascii	"int\000"
 328 0030 03       		.uleb128 0x3
ARM GAS  /tmp/ccQjuaZh.s 			page 7


 329 0031 04       		.byte	0x4
 330 0032 07       		.byte	0x7
 331 0033 F9000000 		.4byte	.LASF0
 332 0037 03       		.uleb128 0x3
 333 0038 01       		.byte	0x1
 334 0039 06       		.byte	0x6
 335 003a 78000000 		.4byte	.LASF1
 336 003e 04       		.uleb128 0x4
 337 003f 1E030000 		.4byte	.LASF5
 338 0043 02       		.byte	0x2
 339 0044 2A       		.byte	0x2a
 340 0045 49000000 		.4byte	0x49
 341 0049 03       		.uleb128 0x3
 342 004a 01       		.byte	0x1
 343 004b 08       		.byte	0x8
 344 004c FE010000 		.4byte	.LASF2
 345 0050 03       		.uleb128 0x3
 346 0051 02       		.byte	0x2
 347 0052 05       		.byte	0x5
 348 0053 16020000 		.4byte	.LASF3
 349 0057 03       		.uleb128 0x3
 350 0058 02       		.byte	0x2
 351 0059 07       		.byte	0x7
 352 005a DB020000 		.4byte	.LASF4
 353 005e 04       		.uleb128 0x4
 354 005f F6010000 		.4byte	.LASF6
 355 0063 02       		.byte	0x2
 356 0064 4F       		.byte	0x4f
 357 0065 69000000 		.4byte	0x69
 358 0069 03       		.uleb128 0x3
 359 006a 04       		.byte	0x4
 360 006b 05       		.byte	0x5
 361 006c A5000000 		.4byte	.LASF7
 362 0070 04       		.uleb128 0x4
 363 0071 78020000 		.4byte	.LASF8
 364 0075 02       		.byte	0x2
 365 0076 50       		.byte	0x50
 366 0077 7B000000 		.4byte	0x7b
 367 007b 03       		.uleb128 0x3
 368 007c 04       		.byte	0x4
 369 007d 07       		.byte	0x7
 370 007e 0E010000 		.4byte	.LASF9
 371 0082 03       		.uleb128 0x3
 372 0083 08       		.byte	0x8
 373 0084 05       		.byte	0x5
 374 0085 6A000000 		.4byte	.LASF10
 375 0089 04       		.uleb128 0x4
 376 008a 15000000 		.4byte	.LASF11
 377 008e 02       		.byte	0x2
 378 008f 78       		.byte	0x78
 379 0090 94000000 		.4byte	0x94
 380 0094 03       		.uleb128 0x3
 381 0095 08       		.byte	0x8
 382 0096 07       		.byte	0x7
 383 0097 38000000 		.4byte	.LASF12
 384 009b 04       		.uleb128 0x4
 385 009c 64010000 		.4byte	.LASF13
ARM GAS  /tmp/ccQjuaZh.s 			page 8


 386 00a0 03       		.byte	0x3
 387 00a1 2F       		.byte	0x2f
 388 00a2 3E000000 		.4byte	0x3e
 389 00a6 04       		.uleb128 0x4
 390 00a7 AE000000 		.4byte	.LASF14
 391 00ab 03       		.byte	0x3
 392 00ac 30       		.byte	0x30
 393 00ad 3E000000 		.4byte	0x3e
 394 00b1 04       		.uleb128 0x4
 395 00b2 DF010000 		.4byte	.LASF15
 396 00b6 03       		.byte	0x3
 397 00b7 31       		.byte	0x31
 398 00b8 3E000000 		.4byte	0x3e
 399 00bc 04       		.uleb128 0x4
 400 00bd EE010000 		.4byte	.LASF16
 401 00c1 03       		.byte	0x3
 402 00c2 32       		.byte	0x32
 403 00c3 70000000 		.4byte	0x70
 404 00c7 04       		.uleb128 0x4
 405 00c8 5E010000 		.4byte	.LASF17
 406 00cc 03       		.byte	0x3
 407 00cd 33       		.byte	0x33
 408 00ce 5E000000 		.4byte	0x5e
 409 00d2 04       		.uleb128 0x4
 410 00d3 78010000 		.4byte	.LASF18
 411 00d7 03       		.byte	0x3
 412 00d8 35       		.byte	0x35
 413 00d9 70000000 		.4byte	0x70
 414 00dd 04       		.uleb128 0x4
 415 00de BD020000 		.4byte	.LASF19
 416 00e2 03       		.byte	0x3
 417 00e3 36       		.byte	0x36
 418 00e4 70000000 		.4byte	0x70
 419 00e8 04       		.uleb128 0x4
 420 00e9 E8000000 		.4byte	.LASF20
 421 00ed 03       		.byte	0x3
 422 00ee 37       		.byte	0x37
 423 00ef 5E000000 		.4byte	0x5e
 424 00f3 04       		.uleb128 0x4
 425 00f4 45020000 		.4byte	.LASF21
 426 00f8 04       		.byte	0x4
 427 00f9 2A       		.byte	0x2a
 428 00fa FE000000 		.4byte	0xfe
 429 00fe 05       		.uleb128 0x5
 430 00ff 45020000 		.4byte	.LASF21
 431 0103 4C       		.byte	0x4c
 432 0104 05       		.byte	0x5
 433 0105 5E       		.byte	0x5e
 434 0106 23020000 		.4byte	0x223
 435 010a 06       		.uleb128 0x6
 436 010b 36020000 		.4byte	.LASF22
 437 010f 05       		.byte	0x5
 438 0110 5F       		.byte	0x5f
 439 0111 48020000 		.4byte	0x248
 440 0115 02       		.byte	0x2
 441 0116 23       		.byte	0x23
 442 0117 00       		.uleb128 0x0
ARM GAS  /tmp/ccQjuaZh.s 			page 9


 443 0118 06       		.uleb128 0x6
 444 0119 E7010000 		.4byte	.LASF23
 445 011d 05       		.byte	0x5
 446 011e 61       		.byte	0x61
 447 011f 48020000 		.4byte	0x248
 448 0123 02       		.byte	0x2
 449 0124 23       		.byte	0x23
 450 0125 04       		.uleb128 0x4
 451 0126 06       		.uleb128 0x6
 452 0127 63000000 		.4byte	.LASF24
 453 012b 05       		.byte	0x5
 454 012c 63       		.byte	0x63
 455 012d BC000000 		.4byte	0xbc
 456 0131 02       		.byte	0x2
 457 0132 23       		.byte	0x23
 458 0133 08       		.uleb128 0x8
 459 0134 06       		.uleb128 0x6
 460 0135 64030000 		.4byte	.LASF25
 461 0139 05       		.byte	0x5
 462 013a 64       		.byte	0x64
 463 013b 20030000 		.4byte	0x320
 464 013f 02       		.byte	0x2
 465 0140 23       		.byte	0x23
 466 0141 0C       		.uleb128 0xc
 467 0142 06       		.uleb128 0x6
 468 0143 B7000000 		.4byte	.LASF26
 469 0147 05       		.byte	0x5
 470 0148 66       		.byte	0x66
 471 0149 48020000 		.4byte	0x248
 472 014d 02       		.byte	0x2
 473 014e 23       		.byte	0x23
 474 014f 10       		.uleb128 0x10
 475 0150 06       		.uleb128 0x6
 476 0151 A5010000 		.4byte	.LASF27
 477 0155 05       		.byte	0x5
 478 0156 67       		.byte	0x67
 479 0157 48020000 		.4byte	0x248
 480 015b 02       		.byte	0x2
 481 015c 23       		.byte	0x23
 482 015d 14       		.uleb128 0x14
 483 015e 06       		.uleb128 0x6
 484 015f 39030000 		.4byte	.LASF28
 485 0163 05       		.byte	0x5
 486 0164 6E       		.byte	0x6e
 487 0165 08050000 		.4byte	0x508
 488 0169 02       		.byte	0x2
 489 016a 23       		.byte	0x23
 490 016b 18       		.uleb128 0x18
 491 016c 06       		.uleb128 0x6
 492 016d EE000000 		.4byte	.LASF29
 493 0171 05       		.byte	0x5
 494 0172 74       		.byte	0x74
 495 0173 1A050000 		.4byte	0x51a
 496 0177 02       		.byte	0x2
 497 0178 23       		.byte	0x23
 498 0179 1C       		.uleb128 0x1c
 499 017a 06       		.uleb128 0x6
ARM GAS  /tmp/ccQjuaZh.s 			page 10


 500 017b 20020000 		.4byte	.LASF30
 501 017f 05       		.byte	0x5
 502 0180 79       		.byte	0x79
 503 0181 A6000000 		.4byte	0xa6
 504 0185 02       		.byte	0x2
 505 0186 23       		.byte	0x23
 506 0187 20       		.uleb128 0x20
 507 0188 06       		.uleb128 0x6
 508 0189 3D020000 		.4byte	.LASF31
 509 018d 05       		.byte	0x5
 510 018e 7D       		.byte	0x7d
 511 018f 9B000000 		.4byte	0x9b
 512 0193 02       		.byte	0x2
 513 0194 23       		.byte	0x23
 514 0195 21       		.uleb128 0x21
 515 0196 06       		.uleb128 0x6
 516 0197 07030000 		.4byte	.LASF32
 517 019b 05       		.byte	0x5
 518 019c 82       		.byte	0x82
 519 019d B1000000 		.4byte	0xb1
 520 01a1 02       		.byte	0x2
 521 01a2 23       		.byte	0x23
 522 01a3 22       		.uleb128 0x22
 523 01a4 06       		.uleb128 0x6
 524 01a5 26030000 		.4byte	.LASF33
 525 01a9 05       		.byte	0x5
 526 01aa 89       		.byte	0x89
 527 01ab 05040000 		.4byte	0x405
 528 01af 02       		.byte	0x2
 529 01b0 23       		.byte	0x23
 530 01b1 24       		.uleb128 0x24
 531 01b2 07       		.uleb128 0x7
 532 01b3 705F7500 		.ascii	"p_u\000"
 533 01b7 05       		.byte	0x5
 534 01b8 AE       		.byte	0xae
 535 01b9 D3040000 		.4byte	0x4d3
 536 01bd 02       		.byte	0x2
 537 01be 23       		.byte	0x23
 538 01bf 28       		.uleb128 0x28
 539 01c0 06       		.uleb128 0x6
 540 01c1 6A030000 		.4byte	.LASF34
 541 01c5 05       		.byte	0x5
 542 01c6 B3       		.byte	0xb3
 543 01c7 70020000 		.4byte	0x270
 544 01cb 02       		.byte	0x2
 545 01cc 23       		.byte	0x23
 546 01cd 2C       		.uleb128 0x2c
 547 01ce 06       		.uleb128 0x6
 548 01cf F5020000 		.4byte	.LASF35
 549 01d3 05       		.byte	0x5
 550 01d4 B9       		.byte	0xb9
 551 01d5 4E020000 		.4byte	0x24e
 552 01d9 02       		.byte	0x2
 553 01da 23       		.byte	0x23
 554 01db 30       		.uleb128 0x30
 555 01dc 06       		.uleb128 0x6
 556 01dd 08000000 		.4byte	.LASF36
ARM GAS  /tmp/ccQjuaZh.s 			page 11


 557 01e1 05       		.byte	0x5
 558 01e2 BD       		.byte	0xbd
 559 01e3 C7000000 		.4byte	0xc7
 560 01e7 02       		.byte	0x2
 561 01e8 23       		.byte	0x23
 562 01e9 38       		.uleb128 0x38
 563 01ea 06       		.uleb128 0x6
 564 01eb 6D020000 		.4byte	.LASF37
 565 01ef 05       		.byte	0x5
 566 01f0 C3       		.byte	0xc3
 567 01f1 D2000000 		.4byte	0xd2
 568 01f5 02       		.byte	0x2
 569 01f6 23       		.byte	0x23
 570 01f7 3C       		.uleb128 0x3c
 571 01f8 06       		.uleb128 0x6
 572 01f9 0C020000 		.4byte	.LASF38
 573 01fd 05       		.byte	0x5
 574 01fe CA       		.byte	0xca
 575 01ff 20050000 		.4byte	0x520
 576 0203 02       		.byte	0x2
 577 0204 23       		.byte	0x23
 578 0205 40       		.uleb128 0x40
 579 0206 06       		.uleb128 0x6
 580 0207 C7020000 		.4byte	.LASF39
 581 020b 05       		.byte	0x5
 582 020c CE       		.byte	0xce
 583 020d BC000000 		.4byte	0xbc
 584 0211 02       		.byte	0x2
 585 0212 23       		.byte	0x23
 586 0213 44       		.uleb128 0x44
 587 0214 06       		.uleb128 0x6
 588 0215 8E000000 		.4byte	.LASF40
 589 0219 05       		.byte	0x5
 590 021a D4       		.byte	0xd4
 591 021b 86020000 		.4byte	0x286
 592 021f 02       		.byte	0x2
 593 0220 23       		.byte	0x23
 594 0221 48       		.uleb128 0x48
 595 0222 00       		.byte	0x0
 596 0223 08       		.uleb128 0x8
 597 0224 08       		.byte	0x8
 598 0225 04       		.byte	0x4
 599 0226 61       		.byte	0x61
 600 0227 48020000 		.4byte	0x248
 601 022b 06       		.uleb128 0x6
 602 022c 36020000 		.4byte	.LASF22
 603 0230 04       		.byte	0x4
 604 0231 62       		.byte	0x62
 605 0232 48020000 		.4byte	0x248
 606 0236 02       		.byte	0x2
 607 0237 23       		.byte	0x23
 608 0238 00       		.uleb128 0x0
 609 0239 06       		.uleb128 0x6
 610 023a E7010000 		.4byte	.LASF23
 611 023e 04       		.byte	0x4
 612 023f 64       		.byte	0x64
 613 0240 48020000 		.4byte	0x248
ARM GAS  /tmp/ccQjuaZh.s 			page 12


 614 0244 02       		.byte	0x2
 615 0245 23       		.byte	0x23
 616 0246 04       		.uleb128 0x4
 617 0247 00       		.byte	0x0
 618 0248 09       		.uleb128 0x9
 619 0249 04       		.byte	0x4
 620 024a F3000000 		.4byte	0xf3
 621 024e 04       		.uleb128 0x4
 622 024f B3010000 		.4byte	.LASF41
 623 0253 04       		.byte	0x4
 624 0254 66       		.byte	0x66
 625 0255 23020000 		.4byte	0x223
 626 0259 08       		.uleb128 0x8
 627 025a 04       		.byte	0x4
 628 025b 04       		.byte	0x4
 629 025c 6B       		.byte	0x6b
 630 025d 70020000 		.4byte	0x270
 631 0261 06       		.uleb128 0x6
 632 0262 36020000 		.4byte	.LASF22
 633 0266 04       		.byte	0x4
 634 0267 6D       		.byte	0x6d
 635 0268 48020000 		.4byte	0x248
 636 026c 02       		.byte	0x2
 637 026d 23       		.byte	0x23
 638 026e 00       		.uleb128 0x0
 639 026f 00       		.byte	0x0
 640 0270 04       		.uleb128 0x4
 641 0271 6C010000 		.4byte	.LASF42
 642 0275 04       		.byte	0x4
 643 0276 70       		.byte	0x70
 644 0277 59020000 		.4byte	0x259
 645 027b 04       		.uleb128 0x4
 646 027c D7000000 		.4byte	.LASF43
 647 0280 06       		.byte	0x6
 648 0281 D7       		.byte	0xd7
 649 0282 86020000 		.4byte	0x286
 650 0286 0A       		.uleb128 0xa
 651 0287 04       		.byte	0x4
 652 0288 04       		.uleb128 0x4
 653 0289 8A010000 		.4byte	.LASF44
 654 028d 06       		.byte	0x6
 655 028e DD       		.byte	0xdd
 656 028f 89000000 		.4byte	0x89
 657 0293 05       		.uleb128 0x5
 658 0294 EE020000 		.4byte	.LASF45
 659 0298 24       		.byte	0x24
 660 0299 06       		.byte	0x6
 661 029a FE       		.byte	0xfe
 662 029b 20030000 		.4byte	0x320
 663 029f 0B       		.uleb128 0xb
 664 02a0 723400   		.ascii	"r4\000"
 665 02a3 06       		.byte	0x6
 666 02a4 1101     		.2byte	0x111
 667 02a6 7B020000 		.4byte	0x27b
 668 02aa 02       		.byte	0x2
 669 02ab 23       		.byte	0x23
 670 02ac 00       		.uleb128 0x0
ARM GAS  /tmp/ccQjuaZh.s 			page 13


 671 02ad 0B       		.uleb128 0xb
 672 02ae 723500   		.ascii	"r5\000"
 673 02b1 06       		.byte	0x6
 674 02b2 1201     		.2byte	0x112
 675 02b4 7B020000 		.4byte	0x27b
 676 02b8 02       		.byte	0x2
 677 02b9 23       		.byte	0x23
 678 02ba 04       		.uleb128 0x4
 679 02bb 0B       		.uleb128 0xb
 680 02bc 723600   		.ascii	"r6\000"
 681 02bf 06       		.byte	0x6
 682 02c0 1301     		.2byte	0x113
 683 02c2 7B020000 		.4byte	0x27b
 684 02c6 02       		.byte	0x2
 685 02c7 23       		.byte	0x23
 686 02c8 08       		.uleb128 0x8
 687 02c9 0B       		.uleb128 0xb
 688 02ca 723700   		.ascii	"r7\000"
 689 02cd 06       		.byte	0x6
 690 02ce 1401     		.2byte	0x114
 691 02d0 7B020000 		.4byte	0x27b
 692 02d4 02       		.byte	0x2
 693 02d5 23       		.byte	0x23
 694 02d6 0C       		.uleb128 0xc
 695 02d7 0B       		.uleb128 0xb
 696 02d8 723800   		.ascii	"r8\000"
 697 02db 06       		.byte	0x6
 698 02dc 1501     		.2byte	0x115
 699 02de 7B020000 		.4byte	0x27b
 700 02e2 02       		.byte	0x2
 701 02e3 23       		.byte	0x23
 702 02e4 10       		.uleb128 0x10
 703 02e5 0B       		.uleb128 0xb
 704 02e6 723900   		.ascii	"r9\000"
 705 02e9 06       		.byte	0x6
 706 02ea 1601     		.2byte	0x116
 707 02ec 7B020000 		.4byte	0x27b
 708 02f0 02       		.byte	0x2
 709 02f1 23       		.byte	0x23
 710 02f2 14       		.uleb128 0x14
 711 02f3 0B       		.uleb128 0xb
 712 02f4 72313000 		.ascii	"r10\000"
 713 02f8 06       		.byte	0x6
 714 02f9 1701     		.2byte	0x117
 715 02fb 7B020000 		.4byte	0x27b
 716 02ff 02       		.byte	0x2
 717 0300 23       		.byte	0x23
 718 0301 18       		.uleb128 0x18
 719 0302 0B       		.uleb128 0xb
 720 0303 72313100 		.ascii	"r11\000"
 721 0307 06       		.byte	0x6
 722 0308 1801     		.2byte	0x118
 723 030a 7B020000 		.4byte	0x27b
 724 030e 02       		.byte	0x2
 725 030f 23       		.byte	0x23
 726 0310 1C       		.uleb128 0x1c
 727 0311 0B       		.uleb128 0xb
ARM GAS  /tmp/ccQjuaZh.s 			page 14


 728 0312 6C7200   		.ascii	"lr\000"
 729 0315 06       		.byte	0x6
 730 0316 1901     		.2byte	0x119
 731 0318 7B020000 		.4byte	0x27b
 732 031c 02       		.byte	0x2
 733 031d 23       		.byte	0x23
 734 031e 20       		.uleb128 0x20
 735 031f 00       		.byte	0x0
 736 0320 0C       		.uleb128 0xc
 737 0321 20010000 		.4byte	.LASF46
 738 0325 04       		.byte	0x4
 739 0326 06       		.byte	0x6
 740 0327 2301     		.2byte	0x123
 741 0329 3D030000 		.4byte	0x33d
 742 032d 0B       		.uleb128 0xb
 743 032e 72313300 		.ascii	"r13\000"
 744 0332 06       		.byte	0x6
 745 0333 2401     		.2byte	0x124
 746 0335 3D030000 		.4byte	0x33d
 747 0339 02       		.byte	0x2
 748 033a 23       		.byte	0x23
 749 033b 00       		.uleb128 0x0
 750 033c 00       		.byte	0x0
 751 033d 09       		.uleb128 0x9
 752 033e 04       		.byte	0x4
 753 033f 93020000 		.4byte	0x293
 754 0343 04       		.uleb128 0x4
 755 0344 D2020000 		.4byte	.LASF47
 756 0348 07       		.byte	0x7
 757 0349 53       		.byte	0x53
 758 034a 4E030000 		.4byte	0x34e
 759 034e 09       		.uleb128 0x9
 760 034f 04       		.byte	0x4
 761 0350 54030000 		.4byte	0x354
 762 0354 0D       		.uleb128 0xd
 763 0355 01       		.byte	0x1
 764 0356 60030000 		.4byte	0x360
 765 035a 0E       		.uleb128 0xe
 766 035b 86020000 		.4byte	0x286
 767 035f 00       		.byte	0x0
 768 0360 04       		.uleb128 0x4
 769 0361 89020000 		.4byte	.LASF48
 770 0365 07       		.byte	0x7
 771 0366 58       		.byte	0x58
 772 0367 6B030000 		.4byte	0x36b
 773 036b 05       		.uleb128 0x5
 774 036c 89020000 		.4byte	.LASF48
 775 0370 14       		.byte	0x14
 776 0371 07       		.byte	0x7
 777 0372 5F       		.byte	0x5f
 778 0373 BE030000 		.4byte	0x3be
 779 0377 06       		.uleb128 0x6
 780 0378 06010000 		.4byte	.LASF49
 781 037c 07       		.byte	0x7
 782 037d 60       		.byte	0x60
 783 037e BE030000 		.4byte	0x3be
 784 0382 02       		.byte	0x2
ARM GAS  /tmp/ccQjuaZh.s 			page 15


 785 0383 23       		.byte	0x23
 786 0384 00       		.uleb128 0x0
 787 0385 06       		.uleb128 0x6
 788 0386 E0000000 		.4byte	.LASF50
 789 038a 07       		.byte	0x7
 790 038b 62       		.byte	0x62
 791 038c BE030000 		.4byte	0x3be
 792 0390 02       		.byte	0x2
 793 0391 23       		.byte	0x23
 794 0392 04       		.uleb128 0x4
 795 0393 06       		.uleb128 0x6
 796 0394 95010000 		.4byte	.LASF51
 797 0398 07       		.byte	0x7
 798 0399 64       		.byte	0x64
 799 039a DD000000 		.4byte	0xdd
 800 039e 02       		.byte	0x2
 801 039f 23       		.byte	0x23
 802 03a0 08       		.uleb128 0x8
 803 03a1 06       		.uleb128 0x6
 804 03a2 9D010000 		.4byte	.LASF52
 805 03a6 07       		.byte	0x7
 806 03a7 65       		.byte	0x65
 807 03a8 43030000 		.4byte	0x343
 808 03ac 02       		.byte	0x2
 809 03ad 23       		.byte	0x23
 810 03ae 0C       		.uleb128 0xc
 811 03af 06       		.uleb128 0x6
 812 03b0 00030000 		.4byte	.LASF53
 813 03b4 07       		.byte	0x7
 814 03b5 67       		.byte	0x67
 815 03b6 86020000 		.4byte	0x286
 816 03ba 02       		.byte	0x2
 817 03bb 23       		.byte	0x23
 818 03bc 10       		.uleb128 0x10
 819 03bd 00       		.byte	0x0
 820 03be 09       		.uleb128 0x9
 821 03bf 04       		.byte	0x4
 822 03c0 60030000 		.4byte	0x360
 823 03c4 08       		.uleb128 0x8
 824 03c5 10       		.byte	0x10
 825 03c6 07       		.byte	0x7
 826 03c7 71       		.byte	0x71
 827 03c8 05040000 		.4byte	0x405
 828 03cc 06       		.uleb128 0x6
 829 03cd 06010000 		.4byte	.LASF49
 830 03d1 07       		.byte	0x7
 831 03d2 72       		.byte	0x72
 832 03d3 BE030000 		.4byte	0x3be
 833 03d7 02       		.byte	0x2
 834 03d8 23       		.byte	0x23
 835 03d9 00       		.uleb128 0x0
 836 03da 06       		.uleb128 0x6
 837 03db E0000000 		.4byte	.LASF50
 838 03df 07       		.byte	0x7
 839 03e0 74       		.byte	0x74
 840 03e1 BE030000 		.4byte	0x3be
 841 03e5 02       		.byte	0x2
ARM GAS  /tmp/ccQjuaZh.s 			page 16


 842 03e6 23       		.byte	0x23
 843 03e7 04       		.uleb128 0x4
 844 03e8 06       		.uleb128 0x6
 845 03e9 95010000 		.4byte	.LASF51
 846 03ed 07       		.byte	0x7
 847 03ee 76       		.byte	0x76
 848 03ef DD000000 		.4byte	0xdd
 849 03f3 02       		.byte	0x2
 850 03f4 23       		.byte	0x23
 851 03f5 08       		.uleb128 0x8
 852 03f6 06       		.uleb128 0x6
 853 03f7 40030000 		.4byte	.LASF54
 854 03fb 07       		.byte	0x7
 855 03fc 77       		.byte	0x77
 856 03fd 05040000 		.4byte	0x405
 857 0401 02       		.byte	0x2
 858 0402 23       		.byte	0x23
 859 0403 0C       		.uleb128 0xc
 860 0404 00       		.byte	0x0
 861 0405 0F       		.uleb128 0xf
 862 0406 DD000000 		.4byte	0xdd
 863 040a 04       		.uleb128 0x4
 864 040b 4B030000 		.4byte	.LASF55
 865 040f 07       		.byte	0x7
 866 0410 78       		.byte	0x78
 867 0411 C4030000 		.4byte	0x3c4
 868 0415 08       		.uleb128 0x8
 869 0416 20       		.byte	0x20
 870 0417 08       		.byte	0x8
 871 0418 5E       		.byte	0x5e
 872 0419 80040000 		.4byte	0x480
 873 041d 06       		.uleb128 0x6
 874 041e 81020000 		.4byte	.LASF56
 875 0422 08       		.byte	0x8
 876 0423 5F       		.byte	0x5f
 877 0424 4E020000 		.4byte	0x24e
 878 0428 02       		.byte	0x2
 879 0429 23       		.byte	0x23
 880 042a 00       		.uleb128 0x0
 881 042b 06       		.uleb128 0x6
 882 042c 28020000 		.4byte	.LASF57
 883 0430 08       		.byte	0x8
 884 0431 60       		.byte	0x60
 885 0432 BC000000 		.4byte	0xbc
 886 0436 02       		.byte	0x2
 887 0437 23       		.byte	0x23
 888 0438 08       		.uleb128 0x8
 889 0439 06       		.uleb128 0x6
 890 043a AD010000 		.4byte	.LASF58
 891 043e 08       		.byte	0x8
 892 043f 62       		.byte	0x62
 893 0440 20030000 		.4byte	0x320
 894 0444 02       		.byte	0x2
 895 0445 23       		.byte	0x23
 896 0446 0C       		.uleb128 0xc
 897 0447 06       		.uleb128 0x6
 898 0448 CF000000 		.4byte	.LASF59
ARM GAS  /tmp/ccQjuaZh.s 			page 17


 899 044c 08       		.byte	0x8
 900 044d 65       		.byte	0x65
 901 044e 48020000 		.4byte	0x248
 902 0452 02       		.byte	0x2
 903 0453 23       		.byte	0x23
 904 0454 10       		.uleb128 0x10
 905 0455 06       		.uleb128 0x6
 906 0456 CA010000 		.4byte	.LASF60
 907 045a 08       		.byte	0x8
 908 045b 66       		.byte	0x66
 909 045c 48020000 		.4byte	0x248
 910 0460 02       		.byte	0x2
 911 0461 23       		.byte	0x23
 912 0462 14       		.uleb128 0x14
 913 0463 06       		.uleb128 0x6
 914 0464 52030000 		.4byte	.LASF61
 915 0468 08       		.byte	0x8
 916 0469 6A       		.byte	0x6a
 917 046a E8000000 		.4byte	0xe8
 918 046e 02       		.byte	0x2
 919 046f 23       		.byte	0x23
 920 0470 18       		.uleb128 0x18
 921 0471 06       		.uleb128 0x6
 922 0472 C0010000 		.4byte	.LASF62
 923 0476 08       		.byte	0x8
 924 0477 6C       		.byte	0x6c
 925 0478 48020000 		.4byte	0x248
 926 047c 02       		.byte	0x2
 927 047d 23       		.byte	0x23
 928 047e 1C       		.uleb128 0x1c
 929 047f 00       		.byte	0x0
 930 0480 04       		.uleb128 0x4
 931 0481 0E030000 		.4byte	.LASF63
 932 0485 08       		.byte	0x8
 933 0486 6E       		.byte	0x6e
 934 0487 15040000 		.4byte	0x415
 935 048b 05       		.uleb128 0x5
 936 048c 84010000 		.4byte	.LASF64
 937 0490 10       		.byte	0x10
 938 0491 09       		.byte	0x9
 939 0492 2C       		.byte	0x2c
 940 0493 C2040000 		.4byte	0x4c2
 941 0497 06       		.uleb128 0x6
 942 0498 96000000 		.4byte	.LASF65
 943 049c 09       		.byte	0x9
 944 049d 2D       		.byte	0x2d
 945 049e 4E020000 		.4byte	0x24e
 946 04a2 02       		.byte	0x2
 947 04a3 23       		.byte	0x23
 948 04a4 00       		.uleb128 0x0
 949 04a5 06       		.uleb128 0x6
 950 04a6 5C030000 		.4byte	.LASF66
 951 04aa 09       		.byte	0x9
 952 04ab 2F       		.byte	0x2f
 953 04ac 48020000 		.4byte	0x248
 954 04b0 02       		.byte	0x2
 955 04b1 23       		.byte	0x23
ARM GAS  /tmp/ccQjuaZh.s 			page 18


 956 04b2 08       		.uleb128 0x8
 957 04b3 06       		.uleb128 0x6
 958 04b4 B6020000 		.4byte	.LASF67
 959 04b8 09       		.byte	0x9
 960 04b9 31       		.byte	0x31
 961 04ba C2040000 		.4byte	0x4c2
 962 04be 02       		.byte	0x2
 963 04bf 23       		.byte	0x23
 964 04c0 0C       		.uleb128 0xc
 965 04c1 00       		.byte	0x0
 966 04c2 09       		.uleb128 0x9
 967 04c3 04       		.byte	0x4
 968 04c4 8B040000 		.4byte	0x48b
 969 04c8 04       		.uleb128 0x4
 970 04c9 84010000 		.4byte	.LASF64
 971 04cd 09       		.byte	0x9
 972 04ce 33       		.byte	0x33
 973 04cf 8B040000 		.4byte	0x48b
 974 04d3 10       		.uleb128 0x10
 975 04d4 04       		.byte	0x4
 976 04d5 05       		.byte	0x5
 977 04d6 90       		.byte	0x90
 978 04d7 08050000 		.4byte	0x508
 979 04db 11       		.uleb128 0x11
 980 04dc 0E000000 		.4byte	.LASF68
 981 04e0 05       		.byte	0x5
 982 04e1 97       		.byte	0x97
 983 04e2 C7000000 		.4byte	0xc7
 984 04e6 11       		.uleb128 0x11
 985 04e7 4F000000 		.4byte	.LASF69
 986 04eb 05       		.byte	0x5
 987 04ec 9E       		.byte	0x9e
 988 04ed C7000000 		.4byte	0xc7
 989 04f1 11       		.uleb128 0x11
 990 04f2 9E000000 		.4byte	.LASF70
 991 04f6 05       		.byte	0x5
 992 04f7 A5       		.byte	0xa5
 993 04f8 86020000 		.4byte	0x286
 994 04fc 11       		.uleb128 0x11
 995 04fd 2F020000 		.4byte	.LASF71
 996 0501 05       		.byte	0x5
 997 0502 AC       		.byte	0xac
 998 0503 D2000000 		.4byte	0xd2
 999 0507 00       		.byte	0x0
 1000 0508 09       		.uleb128 0x9
 1001 0509 04       		.byte	0x4
 1002 050a 0E050000 		.4byte	0x50e
 1003 050e 12       		.uleb128 0x12
 1004 050f 13050000 		.4byte	0x513
 1005 0513 03       		.uleb128 0x3
 1006 0514 01       		.byte	0x1
 1007 0515 08       		.byte	0x8
 1008 0516 96020000 		.4byte	.LASF72
 1009 051a 09       		.uleb128 0x9
 1010 051b 04       		.byte	0x4
 1011 051c 88020000 		.4byte	0x288
 1012 0520 09       		.uleb128 0x9
ARM GAS  /tmp/ccQjuaZh.s 			page 19


 1013 0521 04       		.byte	0x4
 1014 0522 C8040000 		.4byte	0x4c8
 1015 0526 04       		.uleb128 0x4
 1016 0527 00000000 		.4byte	.LASF73
 1017 052b 05       		.byte	0x5
 1018 052c DF       		.byte	0xdf
 1019 052d 31050000 		.4byte	0x531
 1020 0531 09       		.uleb128 0x9
 1021 0532 04       		.byte	0x4
 1022 0533 37050000 		.4byte	0x537
 1023 0537 13       		.uleb128 0x13
 1024 0538 01       		.byte	0x1
 1025 0539 C7000000 		.4byte	0xc7
 1026 053d 47050000 		.4byte	0x547
 1027 0541 0E       		.uleb128 0xe
 1028 0542 86020000 		.4byte	0x286
 1029 0546 00       		.byte	0x0
 1030 0547 14       		.uleb128 0x14
 1031 0548 01       		.byte	0x1
 1032 0549 D2010000 		.4byte	.LASF74
 1033 054d 01       		.byte	0x1
 1034 054e 3B       		.byte	0x3b
 1035 054f 01       		.byte	0x1
 1036 0550 00000000 		.4byte	.LFB0
 1037 0554 14000000 		.4byte	.LFE0
 1038 0558 02       		.byte	0x2
 1039 0559 7D       		.byte	0x7d
 1040 055a 00       		.sleb128 0
 1041 055b 6B050000 		.4byte	0x56b
 1042 055f 15       		.uleb128 0x15
 1043 0560 7000     		.ascii	"p\000"
 1044 0562 01       		.byte	0x1
 1045 0563 3B       		.byte	0x3b
 1046 0564 86020000 		.4byte	0x286
 1047 0568 01       		.byte	0x1
 1048 0569 50       		.byte	0x50
 1049 056a 00       		.byte	0x0
 1050 056b 16       		.uleb128 0x16
 1051 056c 01       		.byte	0x1
 1052 056d 84000000 		.4byte	.LASF75
 1053 0571 01       		.byte	0x1
 1054 0572 52       		.byte	0x52
 1055 0573 01       		.byte	0x1
 1056 0574 00000000 		.4byte	.LFB1
 1057 0578 6C000000 		.4byte	.LFE1
 1058 057c 00000000 		.4byte	.LLST0
 1059 0580 BC050000 		.4byte	0x5bc
 1060 0584 17       		.uleb128 0x17
 1061 0585 58000000 		.4byte	.LASF76
 1062 0589 01       		.byte	0x1
 1063 058a 53       		.byte	0x53
 1064 058b F3000000 		.4byte	0xf3
 1065 058f 05       		.byte	0x5
 1066 0590 03       		.byte	0x3
 1067 0591 00000000 		.4byte	mainthread.4697
 1068 0595 18       		.uleb128 0x18
 1069 0596 9B020000 		.4byte	.LASF78
ARM GAS  /tmp/ccQjuaZh.s 			page 20


 1070 059a 01       		.byte	0x1
 1071 059b 55       		.byte	0x55
 1072 059c 88020000 		.4byte	0x288
 1073 05a0 01       		.byte	0x1
 1074 05a1 01       		.byte	0x1
 1075 05a2 19       		.uleb128 0x19
 1076 05a3 34000000 		.4byte	.LBB2
 1077 05a7 3C000000 		.4byte	.LBE2
 1078 05ab 1A       		.uleb128 0x1a
 1079 05ac 746D7000 		.ascii	"tmp\000"
 1080 05b0 01       		.byte	0x1
 1081 05b1 6D       		.byte	0x6d
 1082 05b2 70000000 		.4byte	0x70
 1083 05b6 20000000 		.4byte	.LLST1
 1084 05ba 00       		.byte	0x0
 1085 05bb 00       		.byte	0x0
 1086 05bc 16       		.uleb128 0x16
 1087 05bd 01       		.byte	0x1
 1088 05be 25000000 		.4byte	.LASF77
 1089 05c2 01       		.byte	0x1
 1090 05c3 85       		.byte	0x85
 1091 05c4 01       		.byte	0x1
 1092 05c5 00000000 		.4byte	.LFB2
 1093 05c9 54000000 		.4byte	.LFE2
 1094 05cd 33000000 		.4byte	.LLST2
 1095 05d1 07060000 		.4byte	0x607
 1096 05d5 19       		.uleb128 0x19
 1097 05d6 28000000 		.4byte	.LBB3
 1098 05da 54000000 		.4byte	.LBE3
 1099 05de 1A       		.uleb128 0x1a
 1100 05df 76747000 		.ascii	"vtp\000"
 1101 05e3 01       		.byte	0x1
 1102 05e4 92       		.byte	0x92
 1103 05e5 BE030000 		.4byte	0x3be
 1104 05e9 53000000 		.4byte	.LLST3
 1105 05ed 19       		.uleb128 0x19
 1106 05ee 30000000 		.4byte	.LBB4
 1107 05f2 3E000000 		.4byte	.LBE4
 1108 05f6 1A       		.uleb128 0x1a
 1109 05f7 666E00   		.ascii	"fn\000"
 1110 05fa 01       		.byte	0x1
 1111 05fb 92       		.byte	0x92
 1112 05fc 43030000 		.4byte	0x343
 1113 0600 72000000 		.4byte	.LLST4
 1114 0604 00       		.byte	0x0
 1115 0605 00       		.byte	0x0
 1116 0606 00       		.byte	0x0
 1117 0607 18       		.uleb128 0x18
 1118 0608 1E000000 		.4byte	.LASF79
 1119 060c 07       		.byte	0x7
 1120 060d 7A       		.byte	0x7a
 1121 060e 0A040000 		.4byte	0x40a
 1122 0612 01       		.byte	0x1
 1123 0613 01       		.byte	0x1
 1124 0614 18       		.uleb128 0x18
 1125 0615 18030000 		.4byte	.LASF80
 1126 0619 08       		.byte	0x8
ARM GAS  /tmp/ccQjuaZh.s 			page 21


 1127 061a 72       		.byte	0x72
 1128 061b 80040000 		.4byte	0x480
 1129 061f 01       		.byte	0x1
 1130 0620 01       		.byte	0x1
 1131 0621 1B       		.uleb128 0x1b
 1132 0622 88020000 		.4byte	0x288
 1133 0626 31060000 		.4byte	0x631
 1134 062a 1C       		.uleb128 0x1c
 1135 062b 30000000 		.4byte	0x30
 1136 062f 17       		.byte	0x17
 1137 0630 00       		.byte	0x0
 1138 0631 18       		.uleb128 0x18
 1139 0632 BF000000 		.4byte	.LASF81
 1140 0636 0A       		.byte	0xa
 1141 0637 6E       		.byte	0x6e
 1142 0638 21060000 		.4byte	0x621
 1143 063c 01       		.byte	0x1
 1144 063d 01       		.byte	0x1
 1145 063e 18       		.uleb128 0x18
 1146 063f 1E000000 		.4byte	.LASF79
 1147 0643 07       		.byte	0x7
 1148 0644 7A       		.byte	0x7a
 1149 0645 0A040000 		.4byte	0x40a
 1150 0649 01       		.byte	0x1
 1151 064a 01       		.byte	0x1
 1152 064b 18       		.uleb128 0x18
 1153 064c 18030000 		.4byte	.LASF80
 1154 0650 08       		.byte	0x8
 1155 0651 72       		.byte	0x72
 1156 0652 80040000 		.4byte	0x480
 1157 0656 01       		.byte	0x1
 1158 0657 01       		.byte	0x1
 1159 0658 1D       		.uleb128 0x1d
 1160 0659 BF000000 		.4byte	.LASF81
 1161 065d 01       		.byte	0x1
 1162 065e 2F       		.byte	0x2f
 1163 065f 21060000 		.4byte	0x621
 1164 0663 01       		.byte	0x1
 1165 0664 05       		.byte	0x5
 1166 0665 03       		.byte	0x3
 1167 0666 00000000 		.4byte	_idle_thread_wa
 1168 066a 18       		.uleb128 0x18
 1169 066b 9B020000 		.4byte	.LASF78
 1170 066f 01       		.byte	0x1
 1171 0670 55       		.byte	0x55
 1172 0671 88020000 		.4byte	0x288
 1173 0675 01       		.byte	0x1
 1174 0676 01       		.byte	0x1
 1175 0677 00       		.byte	0x0
 1176              		.section	.debug_abbrev
 1177 0000 01       		.uleb128 0x1
 1178 0001 11       		.uleb128 0x11
 1179 0002 01       		.byte	0x1
 1180 0003 25       		.uleb128 0x25
 1181 0004 0E       		.uleb128 0xe
 1182 0005 13       		.uleb128 0x13
 1183 0006 0B       		.uleb128 0xb
ARM GAS  /tmp/ccQjuaZh.s 			page 22


 1184 0007 03       		.uleb128 0x3
 1185 0008 0E       		.uleb128 0xe
 1186 0009 1B       		.uleb128 0x1b
 1187 000a 0E       		.uleb128 0xe
 1188 000b 11       		.uleb128 0x11
 1189 000c 01       		.uleb128 0x1
 1190 000d 52       		.uleb128 0x52
 1191 000e 01       		.uleb128 0x1
 1192 000f 55       		.uleb128 0x55
 1193 0010 06       		.uleb128 0x6
 1194 0011 10       		.uleb128 0x10
 1195 0012 06       		.uleb128 0x6
 1196 0013 00       		.byte	0x0
 1197 0014 00       		.byte	0x0
 1198 0015 02       		.uleb128 0x2
 1199 0016 24       		.uleb128 0x24
 1200 0017 00       		.byte	0x0
 1201 0018 0B       		.uleb128 0xb
 1202 0019 0B       		.uleb128 0xb
 1203 001a 3E       		.uleb128 0x3e
 1204 001b 0B       		.uleb128 0xb
 1205 001c 03       		.uleb128 0x3
 1206 001d 08       		.uleb128 0x8
 1207 001e 00       		.byte	0x0
 1208 001f 00       		.byte	0x0
 1209 0020 03       		.uleb128 0x3
 1210 0021 24       		.uleb128 0x24
 1211 0022 00       		.byte	0x0
 1212 0023 0B       		.uleb128 0xb
 1213 0024 0B       		.uleb128 0xb
 1214 0025 3E       		.uleb128 0x3e
 1215 0026 0B       		.uleb128 0xb
 1216 0027 03       		.uleb128 0x3
 1217 0028 0E       		.uleb128 0xe
 1218 0029 00       		.byte	0x0
 1219 002a 00       		.byte	0x0
 1220 002b 04       		.uleb128 0x4
 1221 002c 16       		.uleb128 0x16
 1222 002d 00       		.byte	0x0
 1223 002e 03       		.uleb128 0x3
 1224 002f 0E       		.uleb128 0xe
 1225 0030 3A       		.uleb128 0x3a
 1226 0031 0B       		.uleb128 0xb
 1227 0032 3B       		.uleb128 0x3b
 1228 0033 0B       		.uleb128 0xb
 1229 0034 49       		.uleb128 0x49
 1230 0035 13       		.uleb128 0x13
 1231 0036 00       		.byte	0x0
 1232 0037 00       		.byte	0x0
 1233 0038 05       		.uleb128 0x5
 1234 0039 13       		.uleb128 0x13
 1235 003a 01       		.byte	0x1
 1236 003b 03       		.uleb128 0x3
 1237 003c 0E       		.uleb128 0xe
 1238 003d 0B       		.uleb128 0xb
 1239 003e 0B       		.uleb128 0xb
 1240 003f 3A       		.uleb128 0x3a
ARM GAS  /tmp/ccQjuaZh.s 			page 23


 1241 0040 0B       		.uleb128 0xb
 1242 0041 3B       		.uleb128 0x3b
 1243 0042 0B       		.uleb128 0xb
 1244 0043 01       		.uleb128 0x1
 1245 0044 13       		.uleb128 0x13
 1246 0045 00       		.byte	0x0
 1247 0046 00       		.byte	0x0
 1248 0047 06       		.uleb128 0x6
 1249 0048 0D       		.uleb128 0xd
 1250 0049 00       		.byte	0x0
 1251 004a 03       		.uleb128 0x3
 1252 004b 0E       		.uleb128 0xe
 1253 004c 3A       		.uleb128 0x3a
 1254 004d 0B       		.uleb128 0xb
 1255 004e 3B       		.uleb128 0x3b
 1256 004f 0B       		.uleb128 0xb
 1257 0050 49       		.uleb128 0x49
 1258 0051 13       		.uleb128 0x13
 1259 0052 38       		.uleb128 0x38
 1260 0053 0A       		.uleb128 0xa
 1261 0054 00       		.byte	0x0
 1262 0055 00       		.byte	0x0
 1263 0056 07       		.uleb128 0x7
 1264 0057 0D       		.uleb128 0xd
 1265 0058 00       		.byte	0x0
 1266 0059 03       		.uleb128 0x3
 1267 005a 08       		.uleb128 0x8
 1268 005b 3A       		.uleb128 0x3a
 1269 005c 0B       		.uleb128 0xb
 1270 005d 3B       		.uleb128 0x3b
 1271 005e 0B       		.uleb128 0xb
 1272 005f 49       		.uleb128 0x49
 1273 0060 13       		.uleb128 0x13
 1274 0061 38       		.uleb128 0x38
 1275 0062 0A       		.uleb128 0xa
 1276 0063 00       		.byte	0x0
 1277 0064 00       		.byte	0x0
 1278 0065 08       		.uleb128 0x8
 1279 0066 13       		.uleb128 0x13
 1280 0067 01       		.byte	0x1
 1281 0068 0B       		.uleb128 0xb
 1282 0069 0B       		.uleb128 0xb
 1283 006a 3A       		.uleb128 0x3a
 1284 006b 0B       		.uleb128 0xb
 1285 006c 3B       		.uleb128 0x3b
 1286 006d 0B       		.uleb128 0xb
 1287 006e 01       		.uleb128 0x1
 1288 006f 13       		.uleb128 0x13
 1289 0070 00       		.byte	0x0
 1290 0071 00       		.byte	0x0
 1291 0072 09       		.uleb128 0x9
 1292 0073 0F       		.uleb128 0xf
 1293 0074 00       		.byte	0x0
 1294 0075 0B       		.uleb128 0xb
 1295 0076 0B       		.uleb128 0xb
 1296 0077 49       		.uleb128 0x49
 1297 0078 13       		.uleb128 0x13
ARM GAS  /tmp/ccQjuaZh.s 			page 24


 1298 0079 00       		.byte	0x0
 1299 007a 00       		.byte	0x0
 1300 007b 0A       		.uleb128 0xa
 1301 007c 0F       		.uleb128 0xf
 1302 007d 00       		.byte	0x0
 1303 007e 0B       		.uleb128 0xb
 1304 007f 0B       		.uleb128 0xb
 1305 0080 00       		.byte	0x0
 1306 0081 00       		.byte	0x0
 1307 0082 0B       		.uleb128 0xb
 1308 0083 0D       		.uleb128 0xd
 1309 0084 00       		.byte	0x0
 1310 0085 03       		.uleb128 0x3
 1311 0086 08       		.uleb128 0x8
 1312 0087 3A       		.uleb128 0x3a
 1313 0088 0B       		.uleb128 0xb
 1314 0089 3B       		.uleb128 0x3b
 1315 008a 05       		.uleb128 0x5
 1316 008b 49       		.uleb128 0x49
 1317 008c 13       		.uleb128 0x13
 1318 008d 38       		.uleb128 0x38
 1319 008e 0A       		.uleb128 0xa
 1320 008f 00       		.byte	0x0
 1321 0090 00       		.byte	0x0
 1322 0091 0C       		.uleb128 0xc
 1323 0092 13       		.uleb128 0x13
 1324 0093 01       		.byte	0x1
 1325 0094 03       		.uleb128 0x3
 1326 0095 0E       		.uleb128 0xe
 1327 0096 0B       		.uleb128 0xb
 1328 0097 0B       		.uleb128 0xb
 1329 0098 3A       		.uleb128 0x3a
 1330 0099 0B       		.uleb128 0xb
 1331 009a 3B       		.uleb128 0x3b
 1332 009b 05       		.uleb128 0x5
 1333 009c 01       		.uleb128 0x1
 1334 009d 13       		.uleb128 0x13
 1335 009e 00       		.byte	0x0
 1336 009f 00       		.byte	0x0
 1337 00a0 0D       		.uleb128 0xd
 1338 00a1 15       		.uleb128 0x15
 1339 00a2 01       		.byte	0x1
 1340 00a3 27       		.uleb128 0x27
 1341 00a4 0C       		.uleb128 0xc
 1342 00a5 01       		.uleb128 0x1
 1343 00a6 13       		.uleb128 0x13
 1344 00a7 00       		.byte	0x0
 1345 00a8 00       		.byte	0x0
 1346 00a9 0E       		.uleb128 0xe
 1347 00aa 05       		.uleb128 0x5
 1348 00ab 00       		.byte	0x0
 1349 00ac 49       		.uleb128 0x49
 1350 00ad 13       		.uleb128 0x13
 1351 00ae 00       		.byte	0x0
 1352 00af 00       		.byte	0x0
 1353 00b0 0F       		.uleb128 0xf
 1354 00b1 35       		.uleb128 0x35
ARM GAS  /tmp/ccQjuaZh.s 			page 25


 1355 00b2 00       		.byte	0x0
 1356 00b3 49       		.uleb128 0x49
 1357 00b4 13       		.uleb128 0x13
 1358 00b5 00       		.byte	0x0
 1359 00b6 00       		.byte	0x0
 1360 00b7 10       		.uleb128 0x10
 1361 00b8 17       		.uleb128 0x17
 1362 00b9 01       		.byte	0x1
 1363 00ba 0B       		.uleb128 0xb
 1364 00bb 0B       		.uleb128 0xb
 1365 00bc 3A       		.uleb128 0x3a
 1366 00bd 0B       		.uleb128 0xb
 1367 00be 3B       		.uleb128 0x3b
 1368 00bf 0B       		.uleb128 0xb
 1369 00c0 01       		.uleb128 0x1
 1370 00c1 13       		.uleb128 0x13
 1371 00c2 00       		.byte	0x0
 1372 00c3 00       		.byte	0x0
 1373 00c4 11       		.uleb128 0x11
 1374 00c5 0D       		.uleb128 0xd
 1375 00c6 00       		.byte	0x0
 1376 00c7 03       		.uleb128 0x3
 1377 00c8 0E       		.uleb128 0xe
 1378 00c9 3A       		.uleb128 0x3a
 1379 00ca 0B       		.uleb128 0xb
 1380 00cb 3B       		.uleb128 0x3b
 1381 00cc 0B       		.uleb128 0xb
 1382 00cd 49       		.uleb128 0x49
 1383 00ce 13       		.uleb128 0x13
 1384 00cf 00       		.byte	0x0
 1385 00d0 00       		.byte	0x0
 1386 00d1 12       		.uleb128 0x12
 1387 00d2 26       		.uleb128 0x26
 1388 00d3 00       		.byte	0x0
 1389 00d4 49       		.uleb128 0x49
 1390 00d5 13       		.uleb128 0x13
 1391 00d6 00       		.byte	0x0
 1392 00d7 00       		.byte	0x0
 1393 00d8 13       		.uleb128 0x13
 1394 00d9 15       		.uleb128 0x15
 1395 00da 01       		.byte	0x1
 1396 00db 27       		.uleb128 0x27
 1397 00dc 0C       		.uleb128 0xc
 1398 00dd 49       		.uleb128 0x49
 1399 00de 13       		.uleb128 0x13
 1400 00df 01       		.uleb128 0x1
 1401 00e0 13       		.uleb128 0x13
 1402 00e1 00       		.byte	0x0
 1403 00e2 00       		.byte	0x0
 1404 00e3 14       		.uleb128 0x14
 1405 00e4 2E       		.uleb128 0x2e
 1406 00e5 01       		.byte	0x1
 1407 00e6 3F       		.uleb128 0x3f
 1408 00e7 0C       		.uleb128 0xc
 1409 00e8 03       		.uleb128 0x3
 1410 00e9 0E       		.uleb128 0xe
 1411 00ea 3A       		.uleb128 0x3a
ARM GAS  /tmp/ccQjuaZh.s 			page 26


 1412 00eb 0B       		.uleb128 0xb
 1413 00ec 3B       		.uleb128 0x3b
 1414 00ed 0B       		.uleb128 0xb
 1415 00ee 27       		.uleb128 0x27
 1416 00ef 0C       		.uleb128 0xc
 1417 00f0 11       		.uleb128 0x11
 1418 00f1 01       		.uleb128 0x1
 1419 00f2 12       		.uleb128 0x12
 1420 00f3 01       		.uleb128 0x1
 1421 00f4 40       		.uleb128 0x40
 1422 00f5 0A       		.uleb128 0xa
 1423 00f6 01       		.uleb128 0x1
 1424 00f7 13       		.uleb128 0x13
 1425 00f8 00       		.byte	0x0
 1426 00f9 00       		.byte	0x0
 1427 00fa 15       		.uleb128 0x15
 1428 00fb 05       		.uleb128 0x5
 1429 00fc 00       		.byte	0x0
 1430 00fd 03       		.uleb128 0x3
 1431 00fe 08       		.uleb128 0x8
 1432 00ff 3A       		.uleb128 0x3a
 1433 0100 0B       		.uleb128 0xb
 1434 0101 3B       		.uleb128 0x3b
 1435 0102 0B       		.uleb128 0xb
 1436 0103 49       		.uleb128 0x49
 1437 0104 13       		.uleb128 0x13
 1438 0105 02       		.uleb128 0x2
 1439 0106 0A       		.uleb128 0xa
 1440 0107 00       		.byte	0x0
 1441 0108 00       		.byte	0x0
 1442 0109 16       		.uleb128 0x16
 1443 010a 2E       		.uleb128 0x2e
 1444 010b 01       		.byte	0x1
 1445 010c 3F       		.uleb128 0x3f
 1446 010d 0C       		.uleb128 0xc
 1447 010e 03       		.uleb128 0x3
 1448 010f 0E       		.uleb128 0xe
 1449 0110 3A       		.uleb128 0x3a
 1450 0111 0B       		.uleb128 0xb
 1451 0112 3B       		.uleb128 0x3b
 1452 0113 0B       		.uleb128 0xb
 1453 0114 27       		.uleb128 0x27
 1454 0115 0C       		.uleb128 0xc
 1455 0116 11       		.uleb128 0x11
 1456 0117 01       		.uleb128 0x1
 1457 0118 12       		.uleb128 0x12
 1458 0119 01       		.uleb128 0x1
 1459 011a 40       		.uleb128 0x40
 1460 011b 06       		.uleb128 0x6
 1461 011c 01       		.uleb128 0x1
 1462 011d 13       		.uleb128 0x13
 1463 011e 00       		.byte	0x0
 1464 011f 00       		.byte	0x0
 1465 0120 17       		.uleb128 0x17
 1466 0121 34       		.uleb128 0x34
 1467 0122 00       		.byte	0x0
 1468 0123 03       		.uleb128 0x3
ARM GAS  /tmp/ccQjuaZh.s 			page 27


 1469 0124 0E       		.uleb128 0xe
 1470 0125 3A       		.uleb128 0x3a
 1471 0126 0B       		.uleb128 0xb
 1472 0127 3B       		.uleb128 0x3b
 1473 0128 0B       		.uleb128 0xb
 1474 0129 49       		.uleb128 0x49
 1475 012a 13       		.uleb128 0x13
 1476 012b 02       		.uleb128 0x2
 1477 012c 0A       		.uleb128 0xa
 1478 012d 00       		.byte	0x0
 1479 012e 00       		.byte	0x0
 1480 012f 18       		.uleb128 0x18
 1481 0130 34       		.uleb128 0x34
 1482 0131 00       		.byte	0x0
 1483 0132 03       		.uleb128 0x3
 1484 0133 0E       		.uleb128 0xe
 1485 0134 3A       		.uleb128 0x3a
 1486 0135 0B       		.uleb128 0xb
 1487 0136 3B       		.uleb128 0x3b
 1488 0137 0B       		.uleb128 0xb
 1489 0138 49       		.uleb128 0x49
 1490 0139 13       		.uleb128 0x13
 1491 013a 3F       		.uleb128 0x3f
 1492 013b 0C       		.uleb128 0xc
 1493 013c 3C       		.uleb128 0x3c
 1494 013d 0C       		.uleb128 0xc
 1495 013e 00       		.byte	0x0
 1496 013f 00       		.byte	0x0
 1497 0140 19       		.uleb128 0x19
 1498 0141 0B       		.uleb128 0xb
 1499 0142 01       		.byte	0x1
 1500 0143 11       		.uleb128 0x11
 1501 0144 01       		.uleb128 0x1
 1502 0145 12       		.uleb128 0x12
 1503 0146 01       		.uleb128 0x1
 1504 0147 00       		.byte	0x0
 1505 0148 00       		.byte	0x0
 1506 0149 1A       		.uleb128 0x1a
 1507 014a 34       		.uleb128 0x34
 1508 014b 00       		.byte	0x0
 1509 014c 03       		.uleb128 0x3
 1510 014d 08       		.uleb128 0x8
 1511 014e 3A       		.uleb128 0x3a
 1512 014f 0B       		.uleb128 0xb
 1513 0150 3B       		.uleb128 0x3b
 1514 0151 0B       		.uleb128 0xb
 1515 0152 49       		.uleb128 0x49
 1516 0153 13       		.uleb128 0x13
 1517 0154 02       		.uleb128 0x2
 1518 0155 06       		.uleb128 0x6
 1519 0156 00       		.byte	0x0
 1520 0157 00       		.byte	0x0
 1521 0158 1B       		.uleb128 0x1b
 1522 0159 01       		.uleb128 0x1
 1523 015a 01       		.byte	0x1
 1524 015b 49       		.uleb128 0x49
 1525 015c 13       		.uleb128 0x13
ARM GAS  /tmp/ccQjuaZh.s 			page 28


 1526 015d 01       		.uleb128 0x1
 1527 015e 13       		.uleb128 0x13
 1528 015f 00       		.byte	0x0
 1529 0160 00       		.byte	0x0
 1530 0161 1C       		.uleb128 0x1c
 1531 0162 21       		.uleb128 0x21
 1532 0163 00       		.byte	0x0
 1533 0164 49       		.uleb128 0x49
 1534 0165 13       		.uleb128 0x13
 1535 0166 2F       		.uleb128 0x2f
 1536 0167 0B       		.uleb128 0xb
 1537 0168 00       		.byte	0x0
 1538 0169 00       		.byte	0x0
 1539 016a 1D       		.uleb128 0x1d
 1540 016b 34       		.uleb128 0x34
 1541 016c 00       		.byte	0x0
 1542 016d 03       		.uleb128 0x3
 1543 016e 0E       		.uleb128 0xe
 1544 016f 3A       		.uleb128 0x3a
 1545 0170 0B       		.uleb128 0xb
 1546 0171 3B       		.uleb128 0x3b
 1547 0172 0B       		.uleb128 0xb
 1548 0173 49       		.uleb128 0x49
 1549 0174 13       		.uleb128 0x13
 1550 0175 3F       		.uleb128 0x3f
 1551 0176 0C       		.uleb128 0xc
 1552 0177 02       		.uleb128 0x2
 1553 0178 0A       		.uleb128 0xa
 1554 0179 00       		.byte	0x0
 1555 017a 00       		.byte	0x0
 1556 017b 00       		.byte	0x0
 1557              		.section	.debug_pubnames,"",%progbits
 1558 0000 58000000 		.4byte	0x58
 1559 0004 0200     		.2byte	0x2
 1560 0006 00000000 		.4byte	.Ldebug_info0
 1561 000a 78060000 		.4byte	0x678
 1562 000e 47050000 		.4byte	0x547
 1563 0012 5F69646C 		.ascii	"_idle_thread\000"
 1563      655F7468 
 1563      72656164 
 1563      00
 1564 001f 6B050000 		.4byte	0x56b
 1565 0023 63685379 		.ascii	"chSysInit\000"
 1565      73496E69 
 1565      7400
 1566 002d BC050000 		.4byte	0x5bc
 1567 0031 63685379 		.ascii	"chSysTimerHandlerI\000"
 1567      7354696D 
 1567      65724861 
 1567      6E646C65 
 1567      724900
 1568 0044 58060000 		.4byte	0x658
 1569 0048 5F69646C 		.ascii	"_idle_thread_wa\000"
 1569      655F7468 
 1569      72656164 
 1569      5F776100 
 1570 0058 00000000 		.4byte	0x0
ARM GAS  /tmp/ccQjuaZh.s 			page 29


 1571              		.section	.debug_pubtypes,"",%progbits
 1572 0000 75010000 		.4byte	0x175
 1573 0004 0200     		.2byte	0x2
 1574 0006 00000000 		.4byte	.Ldebug_info0
 1575 000a 78060000 		.4byte	0x678
 1576 000e 3E000000 		.4byte	0x3e
 1577 0012 75696E74 		.ascii	"uint8_t\000"
 1577      385F7400 
 1578 001a 5E000000 		.4byte	0x5e
 1579 001e 696E7433 		.ascii	"int32_t\000"
 1579      325F7400 
 1580 0026 70000000 		.4byte	0x70
 1581 002a 75696E74 		.ascii	"uint32_t\000"
 1581      33325F74 
 1581      00
 1582 0033 89000000 		.4byte	0x89
 1583 0037 75696E74 		.ascii	"uint64_t\000"
 1583      36345F74 
 1583      00
 1584 0040 9B000000 		.4byte	0x9b
 1585 0044 746D6F64 		.ascii	"tmode_t\000"
 1585      655F7400 
 1586 004c A6000000 		.4byte	0xa6
 1587 0050 74737461 		.ascii	"tstate_t\000"
 1587      74655F74 
 1587      00
 1588 0059 B1000000 		.4byte	0xb1
 1589 005d 74726566 		.ascii	"trefs_t\000"
 1589      735F7400 
 1590 0065 BC000000 		.4byte	0xbc
 1591 0069 74707269 		.ascii	"tprio_t\000"
 1591      6F5F7400 
 1592 0071 C7000000 		.4byte	0xc7
 1593 0075 6D73675F 		.ascii	"msg_t\000"
 1593      7400
 1594 007b D2000000 		.4byte	0xd2
 1595 007f 6576656E 		.ascii	"eventmask_t\000"
 1595      746D6173 
 1595      6B5F7400 
 1596 008b DD000000 		.4byte	0xdd
 1597 008f 73797374 		.ascii	"systime_t\000"
 1597      696D655F 
 1597      7400
 1598 0099 E8000000 		.4byte	0xe8
 1599 009d 636E745F 		.ascii	"cnt_t\000"
 1599      7400
 1600 00a3 F3000000 		.4byte	0xf3
 1601 00a7 54687265 		.ascii	"Thread\000"
 1601      616400
 1602 00ae 4E020000 		.4byte	0x24e
 1603 00b2 54687265 		.ascii	"ThreadsQueue\000"
 1603      61647351 
 1603      75657565 
 1603      00
 1604 00bf 70020000 		.4byte	0x270
 1605 00c3 54687265 		.ascii	"ThreadsList\000"
 1605      6164734C 
ARM GAS  /tmp/ccQjuaZh.s 			page 30


 1605      69737400 
 1606 00cf 7B020000 		.4byte	0x27b
 1607 00d3 72656761 		.ascii	"regarm_t\000"
 1607      726D5F74 
 1607      00
 1608 00dc 88020000 		.4byte	0x288
 1609 00e0 73746B61 		.ascii	"stkalign_t\000"
 1609      6C69676E 
 1609      5F7400
 1610 00eb 93020000 		.4byte	0x293
 1611 00ef 696E7463 		.ascii	"intctx\000"
 1611      747800
 1612 00f6 20030000 		.4byte	0x320
 1613 00fa 636F6E74 		.ascii	"context\000"
 1613      65787400 
 1614 0102 43030000 		.4byte	0x343
 1615 0106 76746675 		.ascii	"vtfunc_t\000"
 1615      6E635F74 
 1615      00
 1616 010f 60030000 		.4byte	0x360
 1617 0113 56697274 		.ascii	"VirtualTimer\000"
 1617      75616C54 
 1617      696D6572 
 1617      00
 1618 0120 6B030000 		.4byte	0x36b
 1619 0124 56697274 		.ascii	"VirtualTimer\000"
 1619      75616C54 
 1619      696D6572 
 1619      00
 1620 0131 0A040000 		.4byte	0x40a
 1621 0135 56544C69 		.ascii	"VTList\000"
 1621      737400
 1622 013c 80040000 		.4byte	0x480
 1623 0140 52656164 		.ascii	"ReadyList\000"
 1623      794C6973 
 1623      7400
 1624 014a 8B040000 		.4byte	0x48b
 1625 014e 4D757465 		.ascii	"Mutex\000"
 1625      7800
 1626 0154 C8040000 		.4byte	0x4c8
 1627 0158 4D757465 		.ascii	"Mutex\000"
 1627      7800
 1628 015e FE000000 		.4byte	0xfe
 1629 0162 54687265 		.ascii	"Thread\000"
 1629      616400
 1630 0169 26050000 		.4byte	0x526
 1631 016d 7466756E 		.ascii	"tfunc_t\000"
 1631      635F7400 
 1632 0175 00000000 		.4byte	0x0
 1633              		.section	.debug_aranges,"",%progbits
 1634 0000 2C000000 		.4byte	0x2c
 1635 0004 0200     		.2byte	0x2
 1636 0006 00000000 		.4byte	.Ldebug_info0
 1637 000a 04       		.byte	0x4
 1638 000b 00       		.byte	0x0
 1639 000c 0000     		.2byte	0x0
 1640 000e 0000     		.2byte	0x0
ARM GAS  /tmp/ccQjuaZh.s 			page 31


 1641 0010 00000000 		.4byte	.LFB0
 1642 0014 14000000 		.4byte	.LFE0-.LFB0
 1643 0018 00000000 		.4byte	.LFB1
 1644 001c 6C000000 		.4byte	.LFE1-.LFB1
 1645 0020 00000000 		.4byte	.LFB2
 1646 0024 54000000 		.4byte	.LFE2-.LFB2
 1647 0028 00000000 		.4byte	0x0
 1648 002c 00000000 		.4byte	0x0
 1649              		.section	.debug_ranges,"",%progbits
 1650              	.Ldebug_ranges0:
 1651 0000 00000000 		.4byte	.LFB0
 1652 0004 14000000 		.4byte	.LFE0
 1653 0008 00000000 		.4byte	.LFB1
 1654 000c 6C000000 		.4byte	.LFE1
 1655 0010 00000000 		.4byte	.LFB2
 1656 0014 54000000 		.4byte	.LFE2
 1657 0018 00000000 		.4byte	0x0
 1658 001c 00000000 		.4byte	0x0
 1659              		.section	.debug_str,"MS",%progbits,1
 1660              	.LASF73:
 1661 0000 7466756E 		.ascii	"tfunc_t\000"
 1661      635F7400 
 1662              	.LASF36:
 1663 0008 705F6D73 		.ascii	"p_msg\000"
 1663      6700
 1664              	.LASF68:
 1665 000e 7264796D 		.ascii	"rdymsg\000"
 1665      736700
 1666              	.LASF11:
 1667 0015 75696E74 		.ascii	"uint64_t\000"
 1667      36345F74 
 1667      00
 1668              	.LASF79:
 1669 001e 76746C69 		.ascii	"vtlist\000"
 1669      737400
 1670              	.LASF77:
 1671 0025 63685379 		.ascii	"chSysTimerHandlerI\000"
 1671      7354696D 
 1671      65724861 
 1671      6E646C65 
 1671      724900
 1672              	.LASF12:
 1673 0038 6C6F6E67 		.ascii	"long long unsigned int\000"
 1673      206C6F6E 
 1673      6720756E 
 1673      7369676E 
 1673      65642069 
 1674              	.LASF69:
 1675 004f 65786974 		.ascii	"exitcode\000"
 1675      636F6465 
 1675      00
 1676              	.LASF76:
 1677 0058 6D61696E 		.ascii	"mainthread\000"
 1677      74687265 
 1677      616400
 1678              	.LASF24:
 1679 0063 705F7072 		.ascii	"p_prio\000"
ARM GAS  /tmp/ccQjuaZh.s 			page 32


 1679      696F00
 1680              	.LASF10:
 1681 006a 6C6F6E67 		.ascii	"long long int\000"
 1681      206C6F6E 
 1681      6720696E 
 1681      7400
 1682              	.LASF1:
 1683 0078 7369676E 		.ascii	"signed char\000"
 1683      65642063 
 1683      68617200 
 1684              	.LASF75:
 1685 0084 63685379 		.ascii	"chSysInit\000"
 1685      73496E69 
 1685      7400
 1686              	.LASF40:
 1687 008e 705F6D70 		.ascii	"p_mpool\000"
 1687      6F6F6C00 
 1688              	.LASF65:
 1689 0096 6D5F7175 		.ascii	"m_queue\000"
 1689      65756500 
 1690              	.LASF70:
 1691 009e 77746F62 		.ascii	"wtobjp\000"
 1691      6A7000
 1692              	.LASF7:
 1693 00a5 6C6F6E67 		.ascii	"long int\000"
 1693      20696E74 
 1693      00
 1694              	.LASF14:
 1695 00ae 74737461 		.ascii	"tstate_t\000"
 1695      74655F74 
 1695      00
 1696              	.LASF26:
 1697 00b7 705F6E65 		.ascii	"p_newer\000"
 1697      77657200 
 1698              	.LASF81:
 1699 00bf 5F69646C 		.ascii	"_idle_thread_wa\000"
 1699      655F7468 
 1699      72656164 
 1699      5F776100 
 1700              	.LASF59:
 1701 00cf 725F6E65 		.ascii	"r_newer\000"
 1701      77657200 
 1702              	.LASF43:
 1703 00d7 72656761 		.ascii	"regarm_t\000"
 1703      726D5F74 
 1703      00
 1704              	.LASF50:
 1705 00e0 76745F70 		.ascii	"vt_prev\000"
 1705      72657600 
 1706              	.LASF20:
 1707 00e8 636E745F 		.ascii	"cnt_t\000"
 1707      7400
 1708              	.LASF29:
 1709 00ee 705F7374 		.ascii	"p_stklimit\000"
 1709      6B6C696D 
 1709      697400
 1710              	.LASF0:
ARM GAS  /tmp/ccQjuaZh.s 			page 33


 1711 00f9 756E7369 		.ascii	"unsigned int\000"
 1711      676E6564 
 1711      20696E74 
 1711      00
 1712              	.LASF49:
 1713 0106 76745F6E 		.ascii	"vt_next\000"
 1713      65787400 
 1714              	.LASF9:
 1715 010e 6C6F6E67 		.ascii	"long unsigned int\000"
 1715      20756E73 
 1715      69676E65 
 1715      6420696E 
 1715      7400
 1716              	.LASF46:
 1717 0120 636F6E74 		.ascii	"context\000"
 1717      65787400 
 1718              	.LASF84:
 1719 0128 2F686F6D 		.ascii	"/home/z80/projects/dfu.git/firmware-pawn-dev/firmwa"
 1719      652F7A38 
 1719      302F7072 
 1719      6F6A6563 
 1719      74732F64 
 1720 015b 726500   		.ascii	"re\000"
 1721              	.LASF17:
 1722 015e 6D73675F 		.ascii	"msg_t\000"
 1722      7400
 1723              	.LASF13:
 1724 0164 746D6F64 		.ascii	"tmode_t\000"
 1724      655F7400 
 1725              	.LASF42:
 1726 016c 54687265 		.ascii	"ThreadsList\000"
 1726      6164734C 
 1726      69737400 
 1727              	.LASF18:
 1728 0178 6576656E 		.ascii	"eventmask_t\000"
 1728      746D6173 
 1728      6B5F7400 
 1729              	.LASF64:
 1730 0184 4D757465 		.ascii	"Mutex\000"
 1730      7800
 1731              	.LASF44:
 1732 018a 73746B61 		.ascii	"stkalign_t\000"
 1732      6C69676E 
 1732      5F7400
 1733              	.LASF51:
 1734 0195 76745F74 		.ascii	"vt_time\000"
 1734      696D6500 
 1735              	.LASF52:
 1736 019d 76745F66 		.ascii	"vt_func\000"
 1736      756E6300 
 1737              	.LASF27:
 1738 01a5 705F6F6C 		.ascii	"p_older\000"
 1738      64657200 
 1739              	.LASF58:
 1740 01ad 725F6374 		.ascii	"r_ctx\000"
 1740      7800
 1741              	.LASF41:
ARM GAS  /tmp/ccQjuaZh.s 			page 34


 1742 01b3 54687265 		.ascii	"ThreadsQueue\000"
 1742      61647351 
 1742      75657565 
 1742      00
 1743              	.LASF62:
 1744 01c0 725F6375 		.ascii	"r_current\000"
 1744      7272656E 
 1744      7400
 1745              	.LASF60:
 1746 01ca 725F6F6C 		.ascii	"r_older\000"
 1746      64657200 
 1747              	.LASF74:
 1748 01d2 5F69646C 		.ascii	"_idle_thread\000"
 1748      655F7468 
 1748      72656164 
 1748      00
 1749              	.LASF15:
 1750 01df 74726566 		.ascii	"trefs_t\000"
 1750      735F7400 
 1751              	.LASF23:
 1752 01e7 705F7072 		.ascii	"p_prev\000"
 1752      657600
 1753              	.LASF16:
 1754 01ee 74707269 		.ascii	"tprio_t\000"
 1754      6F5F7400 
 1755              	.LASF6:
 1756 01f6 696E7433 		.ascii	"int32_t\000"
 1756      325F7400 
 1757              	.LASF2:
 1758 01fe 756E7369 		.ascii	"unsigned char\000"
 1758      676E6564 
 1758      20636861 
 1758      7200
 1759              	.LASF38:
 1760 020c 705F6D74 		.ascii	"p_mtxlist\000"
 1760      786C6973 
 1760      7400
 1761              	.LASF3:
 1762 0216 73686F72 		.ascii	"short int\000"
 1762      7420696E 
 1762      7400
 1763              	.LASF30:
 1764 0220 705F7374 		.ascii	"p_state\000"
 1764      61746500 
 1765              	.LASF57:
 1766 0228 725F7072 		.ascii	"r_prio\000"
 1766      696F00
 1767              	.LASF71:
 1768 022f 65776D61 		.ascii	"ewmask\000"
 1768      736B00
 1769              	.LASF22:
 1770 0236 705F6E65 		.ascii	"p_next\000"
 1770      787400
 1771              	.LASF31:
 1772 023d 705F666C 		.ascii	"p_flags\000"
 1772      61677300 
 1773              	.LASF21:
ARM GAS  /tmp/ccQjuaZh.s 			page 35


 1774 0245 54687265 		.ascii	"Thread\000"
 1774      616400
 1775              	.LASF83:
 1776 024c 2E2E2F63 		.ascii	"../chibios/os/kernel/src/chsys.c\000"
 1776      68696269 
 1776      6F732F6F 
 1776      732F6B65 
 1776      726E656C 
 1777              	.LASF37:
 1778 026d 705F6570 		.ascii	"p_epending\000"
 1778      656E6469 
 1778      6E6700
 1779              	.LASF8:
 1780 0278 75696E74 		.ascii	"uint32_t\000"
 1780      33325F74 
 1780      00
 1781              	.LASF56:
 1782 0281 725F7175 		.ascii	"r_queue\000"
 1782      65756500 
 1783              	.LASF48:
 1784 0289 56697274 		.ascii	"VirtualTimer\000"
 1784      75616C54 
 1784      696D6572 
 1784      00
 1785              	.LASF72:
 1786 0296 63686172 		.ascii	"char\000"
 1786      00
 1787              	.LASF78:
 1788 029b 5F5F6D61 		.ascii	"__main_thread_stack_base__\000"
 1788      696E5F74 
 1788      68726561 
 1788      645F7374 
 1788      61636B5F 
 1789              	.LASF67:
 1790 02b6 6D5F6E65 		.ascii	"m_next\000"
 1790      787400
 1791              	.LASF19:
 1792 02bd 73797374 		.ascii	"systime_t\000"
 1792      696D655F 
 1792      7400
 1793              	.LASF39:
 1794 02c7 705F7265 		.ascii	"p_realprio\000"
 1794      616C7072 
 1794      696F00
 1795              	.LASF47:
 1796 02d2 76746675 		.ascii	"vtfunc_t\000"
 1796      6E635F74 
 1796      00
 1797              	.LASF4:
 1798 02db 73686F72 		.ascii	"short unsigned int\000"
 1798      7420756E 
 1798      7369676E 
 1798      65642069 
 1798      6E7400
 1799              	.LASF45:
 1800 02ee 696E7463 		.ascii	"intctx\000"
 1800      747800
ARM GAS  /tmp/ccQjuaZh.s 			page 36


 1801              	.LASF35:
 1802 02f5 705F6D73 		.ascii	"p_msgqueue\000"
 1802      67717565 
 1802      756500
 1803              	.LASF53:
 1804 0300 76745F70 		.ascii	"vt_par\000"
 1804      617200
 1805              	.LASF32:
 1806 0307 705F7265 		.ascii	"p_refs\000"
 1806      667300
 1807              	.LASF63:
 1808 030e 52656164 		.ascii	"ReadyList\000"
 1808      794C6973 
 1808      7400
 1809              	.LASF80:
 1810 0318 726C6973 		.ascii	"rlist\000"
 1810      7400
 1811              	.LASF5:
 1812 031e 75696E74 		.ascii	"uint8_t\000"
 1812      385F7400 
 1813              	.LASF33:
 1814 0326 705F7469 		.ascii	"p_time\000"
 1814      6D6500
 1815              	.LASF82:
 1816 032d 474E5520 		.ascii	"GNU C 4.5.2\000"
 1816      4320342E 
 1816      352E3200 
 1817              	.LASF28:
 1818 0339 705F6E61 		.ascii	"p_name\000"
 1818      6D6500
 1819              	.LASF54:
 1820 0340 76745F73 		.ascii	"vt_systime\000"
 1820      79737469 
 1820      6D6500
 1821              	.LASF55:
 1822 034b 56544C69 		.ascii	"VTList\000"
 1822      737400
 1823              	.LASF61:
 1824 0352 725F7072 		.ascii	"r_preempt\000"
 1824      65656D70 
 1824      7400
 1825              	.LASF66:
 1826 035c 6D5F6F77 		.ascii	"m_owner\000"
 1826      6E657200 
 1827              	.LASF25:
 1828 0364 705F6374 		.ascii	"p_ctx\000"
 1828      7800
 1829              	.LASF34:
 1830 036a 705F7761 		.ascii	"p_waiting\000"
 1830      6974696E 
 1830      6700
 1831              		.ident	"GCC: (Sourcery G++ Lite 2011.03-42) 4.5.2"
ARM GAS  /tmp/ccQjuaZh.s 			page 37


DEFINED SYMBOLS
                            *ABS*:00000000 chsys.c
     /tmp/ccQjuaZh.s:24     .text._idle_thread:00000000 $t
     /tmp/ccQjuaZh.s:29     .text._idle_thread:00000000 _idle_thread
     /tmp/ccQjuaZh.s:48     .text._idle_thread:0000000c $d
     /tmp/ccQjuaZh.s:54     .text.chSysInit:00000000 $t
     /tmp/ccQjuaZh.s:59     .text.chSysInit:00000000 chSysInit
     /tmp/ccQjuaZh.s:132    .text.chSysInit:00000054 $d
     /tmp/ccQjuaZh.s:142    .text.chSysTimerHandlerI:00000000 $t
     /tmp/ccQjuaZh.s:147    .text.chSysTimerHandlerI:00000000 chSysTimerHandlerI
     /tmp/ccQjuaZh.s:218    .text.chSysTimerHandlerI:0000004c $d
     /tmp/ccQjuaZh.s:242    .bss._idle_thread_wa:00000000 _idle_thread_wa
     /tmp/ccQjuaZh.s:226    .bss.mainthread.4697:00000000 $d
     /tmp/ccQjuaZh.s:230    .bss.mainthread.4697:00000000 mainthread.4697
     /tmp/ccQjuaZh.s:238    .bss._idle_thread_wa:00000000 $d
                     .debug_frame:00000010 $d

UNDEFINED SYMBOLS
rlist
_port_init
_scheduler_init
_vt_init
_core_init
_heap_init
_trace_init
_thread_init
dbg_check_enable
chThdCreateStatic
__main_thread_stack_base__
chDbgCheckClassI
vtlist
