ARM GAS  /tmp/ccDP7t3b.s 			page 1


   1              		.syntax unified
   2              		.cpu cortex-m3
   3              		.fpu softvfp
   4              		.eabi_attribute 20, 1
   5              		.eabi_attribute 21, 1
   6              		.eabi_attribute 23, 3
   7              		.eabi_attribute 24, 1
   8              		.eabi_attribute 25, 1
   9              		.eabi_attribute 26, 1
  10              		.eabi_attribute 30, 4
  11              		.eabi_attribute 18, 4
  12              		.thumb
  13              		.file	"evtimer.c"
  14              		.section	.debug_abbrev,"",%progbits
  15              	.Ldebug_abbrev0:
  16              		.section	.debug_info,"",%progbits
  17              	.Ldebug_info0:
  18              		.section	.debug_line,"",%progbits
  19              	.Ldebug_line0:
  20 0000 9E010000 		.text
  20      02005801 
  20      00000201 
  20      FB0E0D00 
  20      01010101 
  21              	.Ltext0:
  22              		.cfi_sections	.debug_frame
  23              		.section	.text.tmrcb,"ax",%progbits
  24              		.align	1
  25              		.thumb
  26              		.thumb_func
  27              		.type	tmrcb, %function
  28              	tmrcb:
  29              	.LFB0:
  30              		.file 1 "../chibios/os/various/evtimer.c"
  31              		.loc 1 39 0
  32              		.cfi_startproc
  33              		@ args = 0, pretend = 0, frame = 0
  34              		@ frame_needed = 0, uses_anonymous_args = 0
  35              	.LVL0:
  36 0000 10B5     		push	{r4, lr}
  37              	.LCFI0:
  38              		.cfi_def_cfa_offset 8
  39              		.loc 1 42 0
  40 0002 0021     		movs	r1, #0
  41              		.loc 1 39 0
  42 0004 0446     		mov	r4, r0
  43              		.cfi_offset 14, -4
  44              		.cfi_offset 4, -8
  45              		.loc 1 42 0
  46 0006 1430     		adds	r0, r0, #20
  47              	.LVL1:
  48 0008 FFF7FEFF 		bl	chEvtBroadcastFlagsI
  49              		.loc 1 43 0
  50 000c A169     		ldr	r1, [r4, #24]
  51 000e 034A     		ldr	r2, .L2
  52 0010 2046     		mov	r0, r4
  53 0012 2346     		mov	r3, r4
ARM GAS  /tmp/ccDP7t3b.s 			page 2


  54              		.loc 1 44 0
  55 0014 BDE81040 		pop	{r4, lr}
  56              		.loc 1 43 0
  57 0018 FFF7FEBF 		b	chVTSetI
  58              	.L3:
  59              		.align	2
  60              	.L2:
  61 001c 00000000 		.word	tmrcb
  62              		.cfi_endproc
  63              	.LFE0:
  64              		.size	tmrcb, .-tmrcb
  65              		.section	.text.evtStart,"ax",%progbits
  66              		.align	1
  67              		.global	evtStart
  68              		.thumb
  69              		.thumb_func
  70              		.type	evtStart, %function
  71              	evtStart:
  72              	.LFB1:
  73              		.loc 1 52 0
  74              		.cfi_startproc
  75              		@ args = 0, pretend = 0, frame = 0
  76              		@ frame_needed = 0, uses_anonymous_args = 0
  77              	.LVL2:
  78 0000 10B5     		push	{r4, lr}
  79              	.LCFI1:
  80              		.cfi_def_cfa_offset 8
  81              		.loc 1 52 0
  82 0002 0446     		mov	r4, r0
  83              		.cfi_offset 14, -4
  84              		.cfi_offset 4, -8
  85              		.loc 1 54 0
  86              	@ 54 "../chibios/os/various/evtimer.c" 1
  87 0004 FFF7FEFF 		bl      _port_lock
  88              	@ 0 "" 2
  89              		.thumb
  90 0008 FFF7FEFF 		bl	dbg_check_lock
  91              	.LVL3:
  92              		.loc 1 56 0
  93 000c E368     		ldr	r3, [r4, #12]
  94 000e 2BB9     		cbnz	r3, .L5
  95              		.loc 1 57 0
  96 0010 2046     		mov	r0, r4
  97 0012 A169     		ldr	r1, [r4, #24]
  98 0014 044A     		ldr	r2, .L6
  99 0016 2346     		mov	r3, r4
 100 0018 FFF7FEFF 		bl	chVTSetI
 101              	.L5:
 102              		.loc 1 59 0
 103 001c FFF7FEFF 		bl	dbg_check_unlock
 104              	@ 59 "../chibios/os/various/evtimer.c" 1
 105 0020 FFF7FEFF 		bl      _port_unlock
 106              	@ 0 "" 2
 107              		.loc 1 60 0
 108              		.thumb
 109 0024 10BD     		pop	{r4, pc}
 110              	.L7:
ARM GAS  /tmp/ccDP7t3b.s 			page 3


 111 0026 00BF     		.align	2
 112              	.L6:
 113 0028 00000000 		.word	tmrcb
 114              		.cfi_endproc
 115              	.LFE1:
 116              		.size	evtStart, .-evtStart
 117              		.section	.text.evtStop,"ax",%progbits
 118              		.align	1
 119              		.global	evtStop
 120              		.thumb
 121              		.thumb_func
 122              		.type	evtStop, %function
 123              	evtStop:
 124              	.LFB2:
 125              		.loc 1 68 0
 126              		.cfi_startproc
 127              		@ args = 0, pretend = 0, frame = 0
 128              		@ frame_needed = 0, uses_anonymous_args = 0
 129              	.LVL4:
 130 0000 10B5     		push	{r4, lr}
 131              	.LCFI2:
 132              		.cfi_def_cfa_offset 8
 133              		.loc 1 68 0
 134 0002 0446     		mov	r4, r0
 135              		.cfi_offset 14, -4
 136              		.cfi_offset 4, -8
 137              		.loc 1 70 0
 138              	@ 70 "../chibios/os/various/evtimer.c" 1
 139 0004 FFF7FEFF 		bl      _port_lock
 140              	@ 0 "" 2
 141              		.thumb
 142 0008 FFF7FEFF 		bl	dbg_check_lock
 143              	.LVL5:
 144              		.loc 1 72 0
 145 000c E368     		ldr	r3, [r4, #12]
 146 000e 13B1     		cbz	r3, .L9
 147              		.loc 1 73 0
 148 0010 2046     		mov	r0, r4
 149 0012 FFF7FEFF 		bl	chVTResetI
 150              	.L9:
 151              		.loc 1 75 0
 152 0016 FFF7FEFF 		bl	dbg_check_unlock
 153              	@ 75 "../chibios/os/various/evtimer.c" 1
 154 001a FFF7FEFF 		bl      _port_unlock
 155              	@ 0 "" 2
 156              		.loc 1 76 0
 157              		.thumb
 158 001e 10BD     		pop	{r4, pc}
 159              		.cfi_endproc
 160              	.LFE2:
 161              		.size	evtStop, .-evtStop
 162              		.text
 163              	.Letext0:
 164              		.section	.debug_loc,"",%progbits
 165              	.Ldebug_loc0:
 166              	.LLST0:
 167 0000 00000000 		.4byte	.LFB0
ARM GAS  /tmp/ccDP7t3b.s 			page 4


 168 0004 02000000 		.4byte	.LCFI0
 169 0008 0200     		.2byte	0x2
 170 000a 7D       		.byte	0x7d
 171 000b 00       		.sleb128 0
 172 000c 02000000 		.4byte	.LCFI0
 173 0010 20000000 		.4byte	.LFE0
 174 0014 0200     		.2byte	0x2
 175 0016 7D       		.byte	0x7d
 176 0017 08       		.sleb128 8
 177 0018 00000000 		.4byte	0x0
 178 001c 00000000 		.4byte	0x0
 179              	.LLST1:
 180 0020 00000000 		.4byte	.LVL0
 181 0024 08000000 		.4byte	.LVL1
 182 0028 0100     		.2byte	0x1
 183 002a 50       		.byte	0x50
 184 002b 08000000 		.4byte	.LVL1
 185 002f 20000000 		.4byte	.LFE0
 186 0033 0100     		.2byte	0x1
 187 0035 54       		.byte	0x54
 188 0036 00000000 		.4byte	0x0
 189 003a 00000000 		.4byte	0x0
 190              	.LLST2:
 191 003e 00000000 		.4byte	.LVL0
 192 0042 08000000 		.4byte	.LVL1
 193 0046 0100     		.2byte	0x1
 194 0048 50       		.byte	0x50
 195 0049 08000000 		.4byte	.LVL1
 196 004d 20000000 		.4byte	.LFE0
 197 0051 0100     		.2byte	0x1
 198 0053 54       		.byte	0x54
 199 0054 00000000 		.4byte	0x0
 200 0058 00000000 		.4byte	0x0
 201              	.LLST3:
 202 005c 00000000 		.4byte	.LFB1
 203 0060 02000000 		.4byte	.LCFI1
 204 0064 0200     		.2byte	0x2
 205 0066 7D       		.byte	0x7d
 206 0067 00       		.sleb128 0
 207 0068 02000000 		.4byte	.LCFI1
 208 006c 2C000000 		.4byte	.LFE1
 209 0070 0200     		.2byte	0x2
 210 0072 7D       		.byte	0x7d
 211 0073 08       		.sleb128 8
 212 0074 00000000 		.4byte	0x0
 213 0078 00000000 		.4byte	0x0
 214              	.LLST4:
 215 007c 00000000 		.4byte	.LVL2
 216 0080 0B000000 		.4byte	.LVL3-1
 217 0084 0100     		.2byte	0x1
 218 0086 50       		.byte	0x50
 219 0087 0B000000 		.4byte	.LVL3-1
 220 008b 2C000000 		.4byte	.LFE1
 221 008f 0100     		.2byte	0x1
 222 0091 54       		.byte	0x54
 223 0092 00000000 		.4byte	0x0
 224 0096 00000000 		.4byte	0x0
ARM GAS  /tmp/ccDP7t3b.s 			page 5


 225              	.LLST5:
 226 009a 00000000 		.4byte	.LFB2
 227 009e 02000000 		.4byte	.LCFI2
 228 00a2 0200     		.2byte	0x2
 229 00a4 7D       		.byte	0x7d
 230 00a5 00       		.sleb128 0
 231 00a6 02000000 		.4byte	.LCFI2
 232 00aa 20000000 		.4byte	.LFE2
 233 00ae 0200     		.2byte	0x2
 234 00b0 7D       		.byte	0x7d
 235 00b1 08       		.sleb128 8
 236 00b2 00000000 		.4byte	0x0
 237 00b6 00000000 		.4byte	0x0
 238              	.LLST6:
 239 00ba 00000000 		.4byte	.LVL4
 240 00be 0B000000 		.4byte	.LVL5-1
 241 00c2 0100     		.2byte	0x1
 242 00c4 50       		.byte	0x50
 243 00c5 0B000000 		.4byte	.LVL5-1
 244 00c9 20000000 		.4byte	.LFE2
 245 00cd 0100     		.2byte	0x1
 246 00cf 54       		.byte	0x54
 247 00d0 00000000 		.4byte	0x0
 248 00d4 00000000 		.4byte	0x0
 249              		.file 2 "/home/z80/programs/code-sourcery/2011.03-42/bin/../lib/gcc/arm-none-eabi/4.5.2/../../../.
 250              		.file 3 "../chibios/os/ports/GCC/ARMCMx/chtypes.h"
 251              		.file 4 "../chibios/os/kernel/include/chlists.h"
 252              		.file 5 "../chibios/os/kernel/include/chthreads.h"
 253              		.file 6 "../chibios/os/ports/GCC/ARMCMx/chcore_v7m.h"
 254              		.file 7 "../chibios/os/kernel/include/chvt.h"
 255              		.file 8 "../chibios/os/kernel/include/chmtx.h"
 256              		.file 9 "../chibios/os/kernel/include/chevents.h"
 257              		.file 10 "../chibios/os/various/evtimer.h"
 258              		.section	.debug_info
 259 0000 8B050000 		.4byte	0x58b
 260 0004 0200     		.2byte	0x2
 261 0006 00000000 		.4byte	.Ldebug_abbrev0
 262 000a 04       		.byte	0x4
 263 000b 01       		.uleb128 0x1
 264 000c DF020000 		.4byte	.LASF72
 265 0010 01       		.byte	0x1
 266 0011 82020000 		.4byte	.LASF73
 267 0015 FC000000 		.4byte	.LASF74
 268 0019 00000000 		.4byte	0x0
 269 001d 00000000 		.4byte	0x0
 270 0021 00000000 		.4byte	.Ldebug_ranges0+0x0
 271 0025 00000000 		.4byte	.Ldebug_line0
 272 0029 02       		.uleb128 0x2
 273 002a 04       		.byte	0x4
 274 002b 05       		.byte	0x5
 275 002c 696E7400 		.ascii	"int\000"
 276 0030 03       		.uleb128 0x3
 277 0031 04       		.byte	0x4
 278 0032 07       		.byte	0x7
 279 0033 CD000000 		.4byte	.LASF0
 280 0037 03       		.uleb128 0x3
 281 0038 01       		.byte	0x1
ARM GAS  /tmp/ccDP7t3b.s 			page 6


 282 0039 06       		.byte	0x6
 283 003a 60000000 		.4byte	.LASF1
 284 003e 04       		.uleb128 0x4
 285 003f C2020000 		.4byte	.LASF5
 286 0043 02       		.byte	0x2
 287 0044 2A       		.byte	0x2a
 288 0045 49000000 		.4byte	0x49
 289 0049 03       		.uleb128 0x3
 290 004a 01       		.byte	0x1
 291 004b 08       		.byte	0x8
 292 004c C3010000 		.4byte	.LASF2
 293 0050 03       		.uleb128 0x3
 294 0051 02       		.byte	0x2
 295 0052 05       		.byte	0x5
 296 0053 E7010000 		.4byte	.LASF3
 297 0057 03       		.uleb128 0x3
 298 0058 02       		.byte	0x2
 299 0059 07       		.byte	0x7
 300 005a 6F020000 		.4byte	.LASF4
 301 005e 04       		.uleb128 0x4
 302 005f BB010000 		.4byte	.LASF6
 303 0063 02       		.byte	0x2
 304 0064 4F       		.byte	0x4f
 305 0065 69000000 		.4byte	0x69
 306 0069 03       		.uleb128 0x3
 307 006a 04       		.byte	0x4
 308 006b 05       		.byte	0x5
 309 006c 8B000000 		.4byte	.LASF7
 310 0070 04       		.uleb128 0x4
 311 0071 21020000 		.4byte	.LASF8
 312 0075 02       		.byte	0x2
 313 0076 50       		.byte	0x50
 314 0077 7B000000 		.4byte	0x7b
 315 007b 03       		.uleb128 0x3
 316 007c 04       		.byte	0x4
 317 007d 07       		.byte	0x7
 318 007e E2000000 		.4byte	.LASF9
 319 0082 03       		.uleb128 0x3
 320 0083 08       		.byte	0x8
 321 0084 05       		.byte	0x5
 322 0085 52000000 		.4byte	.LASF10
 323 0089 04       		.uleb128 0x4
 324 008a 19000000 		.4byte	.LASF11
 325 008e 02       		.byte	0x2
 326 008f 78       		.byte	0x78
 327 0090 94000000 		.4byte	0x94
 328 0094 03       		.uleb128 0x3
 329 0095 08       		.byte	0x8
 330 0096 07       		.byte	0x7
 331 0097 22000000 		.4byte	.LASF12
 332 009b 04       		.uleb128 0x4
 333 009c 40010000 		.4byte	.LASF13
 334 00a0 03       		.byte	0x3
 335 00a1 2F       		.byte	0x2f
 336 00a2 3E000000 		.4byte	0x3e
 337 00a6 04       		.uleb128 0x4
 338 00a7 94000000 		.4byte	.LASF14
ARM GAS  /tmp/ccDP7t3b.s 			page 7


 339 00ab 03       		.byte	0x3
 340 00ac 30       		.byte	0x30
 341 00ad 3E000000 		.4byte	0x3e
 342 00b1 04       		.uleb128 0x4
 343 00b2 A4010000 		.4byte	.LASF15
 344 00b6 03       		.byte	0x3
 345 00b7 31       		.byte	0x31
 346 00b8 3E000000 		.4byte	0x3e
 347 00bc 04       		.uleb128 0x4
 348 00bd B3010000 		.4byte	.LASF16
 349 00c1 03       		.byte	0x3
 350 00c2 32       		.byte	0x32
 351 00c3 70000000 		.4byte	0x70
 352 00c7 04       		.uleb128 0x4
 353 00c8 32010000 		.4byte	.LASF17
 354 00cc 03       		.byte	0x3
 355 00cd 33       		.byte	0x33
 356 00ce 5E000000 		.4byte	0x5e
 357 00d2 04       		.uleb128 0x4
 358 00d3 54010000 		.4byte	.LASF18
 359 00d7 03       		.byte	0x3
 360 00d8 35       		.byte	0x35
 361 00d9 70000000 		.4byte	0x70
 362 00dd 04       		.uleb128 0x4
 363 00de 49020000 		.4byte	.LASF19
 364 00e2 03       		.byte	0x3
 365 00e3 36       		.byte	0x36
 366 00e4 70000000 		.4byte	0x70
 367 00e8 04       		.uleb128 0x4
 368 00e9 0F020000 		.4byte	.LASF20
 369 00ed 04       		.byte	0x4
 370 00ee 2A       		.byte	0x2a
 371 00ef F3000000 		.4byte	0xf3
 372 00f3 05       		.uleb128 0x5
 373 00f4 0F020000 		.4byte	.LASF20
 374 00f8 4C       		.byte	0x4c
 375 00f9 05       		.byte	0x5
 376 00fa 5E       		.byte	0x5e
 377 00fb 18020000 		.4byte	0x218
 378 00ff 06       		.uleb128 0x6
 379 0100 00020000 		.4byte	.LASF21
 380 0104 05       		.byte	0x5
 381 0105 5F       		.byte	0x5f
 382 0106 3D020000 		.4byte	0x23d
 383 010a 02       		.byte	0x2
 384 010b 23       		.byte	0x23
 385 010c 00       		.uleb128 0x0
 386 010d 06       		.uleb128 0x6
 387 010e AC010000 		.4byte	.LASF22
 388 0112 05       		.byte	0x5
 389 0113 61       		.byte	0x61
 390 0114 3D020000 		.4byte	0x23d
 391 0118 02       		.byte	0x2
 392 0119 23       		.byte	0x23
 393 011a 04       		.uleb128 0x4
 394 011b 06       		.uleb128 0x6
 395 011c 4B000000 		.4byte	.LASF23
ARM GAS  /tmp/ccDP7t3b.s 			page 8


 396 0120 05       		.byte	0x5
 397 0121 63       		.byte	0x63
 398 0122 BC000000 		.4byte	0xbc
 399 0126 02       		.byte	0x2
 400 0127 23       		.byte	0x23
 401 0128 08       		.uleb128 0x8
 402 0129 06       		.uleb128 0x6
 403 012a 08030000 		.4byte	.LASF24
 404 012e 05       		.byte	0x5
 405 012f 64       		.byte	0x64
 406 0130 15030000 		.4byte	0x315
 407 0134 02       		.byte	0x2
 408 0135 23       		.byte	0x23
 409 0136 0C       		.uleb128 0xc
 410 0137 06       		.uleb128 0x6
 411 0138 9D000000 		.4byte	.LASF25
 412 013c 05       		.byte	0x5
 413 013d 66       		.byte	0x66
 414 013e 3D020000 		.4byte	0x23d
 415 0142 02       		.byte	0x2
 416 0143 23       		.byte	0x23
 417 0144 10       		.uleb128 0x10
 418 0145 06       		.uleb128 0x6
 419 0146 87010000 		.4byte	.LASF26
 420 014a 05       		.byte	0x5
 421 014b 67       		.byte	0x67
 422 014c 3D020000 		.4byte	0x23d
 423 0150 02       		.byte	0x2
 424 0151 23       		.byte	0x23
 425 0152 14       		.uleb128 0x14
 426 0153 06       		.uleb128 0x6
 427 0154 EB020000 		.4byte	.LASF27
 428 0158 05       		.byte	0x5
 429 0159 6E       		.byte	0x6e
 430 015a A9040000 		.4byte	0x4a9
 431 015e 02       		.byte	0x2
 432 015f 23       		.byte	0x23
 433 0160 18       		.uleb128 0x18
 434 0161 06       		.uleb128 0x6
 435 0162 C2000000 		.4byte	.LASF28
 436 0166 05       		.byte	0x5
 437 0167 74       		.byte	0x74
 438 0168 BB040000 		.4byte	0x4bb
 439 016c 02       		.byte	0x2
 440 016d 23       		.byte	0x23
 441 016e 1C       		.uleb128 0x1c
 442 016f 06       		.uleb128 0x6
 443 0170 F1010000 		.4byte	.LASF29
 444 0174 05       		.byte	0x5
 445 0175 79       		.byte	0x79
 446 0176 A6000000 		.4byte	0xa6
 447 017a 02       		.byte	0x2
 448 017b 23       		.byte	0x23
 449 017c 20       		.uleb128 0x20
 450 017d 06       		.uleb128 0x6
 451 017e 07020000 		.4byte	.LASF30
 452 0182 05       		.byte	0x5
ARM GAS  /tmp/ccDP7t3b.s 			page 9


 453 0183 7D       		.byte	0x7d
 454 0184 9B000000 		.4byte	0x9b
 455 0188 02       		.byte	0x2
 456 0189 23       		.byte	0x23
 457 018a 21       		.uleb128 0x21
 458 018b 06       		.uleb128 0x6
 459 018c BB020000 		.4byte	.LASF31
 460 0190 05       		.byte	0x5
 461 0191 82       		.byte	0x82
 462 0192 B1000000 		.4byte	0xb1
 463 0196 02       		.byte	0x2
 464 0197 23       		.byte	0x23
 465 0198 22       		.uleb128 0x22
 466 0199 06       		.uleb128 0x6
 467 019a D8020000 		.4byte	.LASF32
 468 019e 05       		.byte	0x5
 469 019f 89       		.byte	0x89
 470 01a0 B9030000 		.4byte	0x3b9
 471 01a4 02       		.byte	0x2
 472 01a5 23       		.byte	0x23
 473 01a6 24       		.uleb128 0x24
 474 01a7 07       		.uleb128 0x7
 475 01a8 705F7500 		.ascii	"p_u\000"
 476 01ac 05       		.byte	0x5
 477 01ad AE       		.byte	0xae
 478 01ae 74040000 		.4byte	0x474
 479 01b2 02       		.byte	0x2
 480 01b3 23       		.byte	0x23
 481 01b4 28       		.uleb128 0x28
 482 01b5 06       		.uleb128 0x6
 483 01b6 0E030000 		.4byte	.LASF33
 484 01ba 05       		.byte	0x5
 485 01bb B3       		.byte	0xb3
 486 01bc 65020000 		.4byte	0x265
 487 01c0 02       		.byte	0x2
 488 01c1 23       		.byte	0x23
 489 01c2 2C       		.uleb128 0x2c
 490 01c3 06       		.uleb128 0x6
 491 01c4 A9020000 		.4byte	.LASF34
 492 01c8 05       		.byte	0x5
 493 01c9 B9       		.byte	0xb9
 494 01ca 43020000 		.4byte	0x243
 495 01ce 02       		.byte	0x2
 496 01cf 23       		.byte	0x23
 497 01d0 30       		.uleb128 0x30
 498 01d1 06       		.uleb128 0x6
 499 01d2 0C000000 		.4byte	.LASF35
 500 01d6 05       		.byte	0x5
 501 01d7 BD       		.byte	0xbd
 502 01d8 C7000000 		.4byte	0xc7
 503 01dc 02       		.byte	0x2
 504 01dd 23       		.byte	0x23
 505 01de 38       		.uleb128 0x38
 506 01df 06       		.uleb128 0x6
 507 01e0 16020000 		.4byte	.LASF36
 508 01e4 05       		.byte	0x5
 509 01e5 C3       		.byte	0xc3
ARM GAS  /tmp/ccDP7t3b.s 			page 10


 510 01e6 D2000000 		.4byte	0xd2
 511 01ea 02       		.byte	0x2
 512 01eb 23       		.byte	0x23
 513 01ec 3C       		.uleb128 0x3c
 514 01ed 06       		.uleb128 0x6
 515 01ee DD010000 		.4byte	.LASF37
 516 01f2 05       		.byte	0x5
 517 01f3 CA       		.byte	0xca
 518 01f4 C1040000 		.4byte	0x4c1
 519 01f8 02       		.byte	0x2
 520 01f9 23       		.byte	0x23
 521 01fa 40       		.uleb128 0x40
 522 01fb 06       		.uleb128 0x6
 523 01fc 53020000 		.4byte	.LASF38
 524 0200 05       		.byte	0x5
 525 0201 CE       		.byte	0xce
 526 0202 BC000000 		.4byte	0xbc
 527 0206 02       		.byte	0x2
 528 0207 23       		.byte	0x23
 529 0208 44       		.uleb128 0x44
 530 0209 06       		.uleb128 0x6
 531 020a 74000000 		.4byte	.LASF39
 532 020e 05       		.byte	0x5
 533 020f D4       		.byte	0xd4
 534 0210 7B020000 		.4byte	0x27b
 535 0214 02       		.byte	0x2
 536 0215 23       		.byte	0x23
 537 0216 48       		.uleb128 0x48
 538 0217 00       		.byte	0x0
 539 0218 08       		.uleb128 0x8
 540 0219 08       		.byte	0x8
 541 021a 04       		.byte	0x4
 542 021b 61       		.byte	0x61
 543 021c 3D020000 		.4byte	0x23d
 544 0220 06       		.uleb128 0x6
 545 0221 00020000 		.4byte	.LASF21
 546 0225 04       		.byte	0x4
 547 0226 62       		.byte	0x62
 548 0227 3D020000 		.4byte	0x23d
 549 022b 02       		.byte	0x2
 550 022c 23       		.byte	0x23
 551 022d 00       		.uleb128 0x0
 552 022e 06       		.uleb128 0x6
 553 022f AC010000 		.4byte	.LASF22
 554 0233 04       		.byte	0x4
 555 0234 64       		.byte	0x64
 556 0235 3D020000 		.4byte	0x23d
 557 0239 02       		.byte	0x2
 558 023a 23       		.byte	0x23
 559 023b 04       		.uleb128 0x4
 560 023c 00       		.byte	0x0
 561 023d 09       		.uleb128 0x9
 562 023e 04       		.byte	0x4
 563 023f E8000000 		.4byte	0xe8
 564 0243 04       		.uleb128 0x4
 565 0244 8F010000 		.4byte	.LASF40
 566 0248 04       		.byte	0x4
ARM GAS  /tmp/ccDP7t3b.s 			page 11


 567 0249 66       		.byte	0x66
 568 024a 18020000 		.4byte	0x218
 569 024e 08       		.uleb128 0x8
 570 024f 04       		.byte	0x4
 571 0250 04       		.byte	0x4
 572 0251 6B       		.byte	0x6b
 573 0252 65020000 		.4byte	0x265
 574 0256 06       		.uleb128 0x6
 575 0257 00020000 		.4byte	.LASF21
 576 025b 04       		.byte	0x4
 577 025c 6D       		.byte	0x6d
 578 025d 3D020000 		.4byte	0x23d
 579 0261 02       		.byte	0x2
 580 0262 23       		.byte	0x23
 581 0263 00       		.uleb128 0x0
 582 0264 00       		.byte	0x0
 583 0265 04       		.uleb128 0x4
 584 0266 48010000 		.4byte	.LASF41
 585 026a 04       		.byte	0x4
 586 026b 70       		.byte	0x70
 587 026c 4E020000 		.4byte	0x24e
 588 0270 04       		.uleb128 0x4
 589 0271 A5000000 		.4byte	.LASF42
 590 0275 06       		.byte	0x6
 591 0276 D7       		.byte	0xd7
 592 0277 7B020000 		.4byte	0x27b
 593 027b 0A       		.uleb128 0xa
 594 027c 04       		.byte	0x4
 595 027d 04       		.uleb128 0x4
 596 027e 66010000 		.4byte	.LASF43
 597 0282 06       		.byte	0x6
 598 0283 DD       		.byte	0xdd
 599 0284 89000000 		.4byte	0x89
 600 0288 05       		.uleb128 0x5
 601 0289 A2020000 		.4byte	.LASF44
 602 028d 24       		.byte	0x24
 603 028e 06       		.byte	0x6
 604 028f FE       		.byte	0xfe
 605 0290 15030000 		.4byte	0x315
 606 0294 0B       		.uleb128 0xb
 607 0295 723400   		.ascii	"r4\000"
 608 0298 06       		.byte	0x6
 609 0299 1101     		.2byte	0x111
 610 029b 70020000 		.4byte	0x270
 611 029f 02       		.byte	0x2
 612 02a0 23       		.byte	0x23
 613 02a1 00       		.uleb128 0x0
 614 02a2 0B       		.uleb128 0xb
 615 02a3 723500   		.ascii	"r5\000"
 616 02a6 06       		.byte	0x6
 617 02a7 1201     		.2byte	0x112
 618 02a9 70020000 		.4byte	0x270
 619 02ad 02       		.byte	0x2
 620 02ae 23       		.byte	0x23
 621 02af 04       		.uleb128 0x4
 622 02b0 0B       		.uleb128 0xb
 623 02b1 723600   		.ascii	"r6\000"
ARM GAS  /tmp/ccDP7t3b.s 			page 12


 624 02b4 06       		.byte	0x6
 625 02b5 1301     		.2byte	0x113
 626 02b7 70020000 		.4byte	0x270
 627 02bb 02       		.byte	0x2
 628 02bc 23       		.byte	0x23
 629 02bd 08       		.uleb128 0x8
 630 02be 0B       		.uleb128 0xb
 631 02bf 723700   		.ascii	"r7\000"
 632 02c2 06       		.byte	0x6
 633 02c3 1401     		.2byte	0x114
 634 02c5 70020000 		.4byte	0x270
 635 02c9 02       		.byte	0x2
 636 02ca 23       		.byte	0x23
 637 02cb 0C       		.uleb128 0xc
 638 02cc 0B       		.uleb128 0xb
 639 02cd 723800   		.ascii	"r8\000"
 640 02d0 06       		.byte	0x6
 641 02d1 1501     		.2byte	0x115
 642 02d3 70020000 		.4byte	0x270
 643 02d7 02       		.byte	0x2
 644 02d8 23       		.byte	0x23
 645 02d9 10       		.uleb128 0x10
 646 02da 0B       		.uleb128 0xb
 647 02db 723900   		.ascii	"r9\000"
 648 02de 06       		.byte	0x6
 649 02df 1601     		.2byte	0x116
 650 02e1 70020000 		.4byte	0x270
 651 02e5 02       		.byte	0x2
 652 02e6 23       		.byte	0x23
 653 02e7 14       		.uleb128 0x14
 654 02e8 0B       		.uleb128 0xb
 655 02e9 72313000 		.ascii	"r10\000"
 656 02ed 06       		.byte	0x6
 657 02ee 1701     		.2byte	0x117
 658 02f0 70020000 		.4byte	0x270
 659 02f4 02       		.byte	0x2
 660 02f5 23       		.byte	0x23
 661 02f6 18       		.uleb128 0x18
 662 02f7 0B       		.uleb128 0xb
 663 02f8 72313100 		.ascii	"r11\000"
 664 02fc 06       		.byte	0x6
 665 02fd 1801     		.2byte	0x118
 666 02ff 70020000 		.4byte	0x270
 667 0303 02       		.byte	0x2
 668 0304 23       		.byte	0x23
 669 0305 1C       		.uleb128 0x1c
 670 0306 0B       		.uleb128 0xb
 671 0307 6C7200   		.ascii	"lr\000"
 672 030a 06       		.byte	0x6
 673 030b 1901     		.2byte	0x119
 674 030d 70020000 		.4byte	0x270
 675 0311 02       		.byte	0x2
 676 0312 23       		.byte	0x23
 677 0313 20       		.uleb128 0x20
 678 0314 00       		.byte	0x0
 679 0315 0C       		.uleb128 0xc
 680 0316 F4000000 		.4byte	.LASF45
ARM GAS  /tmp/ccDP7t3b.s 			page 13


 681 031a 04       		.byte	0x4
 682 031b 06       		.byte	0x6
 683 031c 2301     		.2byte	0x123
 684 031e 32030000 		.4byte	0x332
 685 0322 0B       		.uleb128 0xb
 686 0323 72313300 		.ascii	"r13\000"
 687 0327 06       		.byte	0x6
 688 0328 2401     		.2byte	0x124
 689 032a 32030000 		.4byte	0x332
 690 032e 02       		.byte	0x2
 691 032f 23       		.byte	0x23
 692 0330 00       		.uleb128 0x0
 693 0331 00       		.byte	0x0
 694 0332 09       		.uleb128 0x9
 695 0333 04       		.byte	0x4
 696 0334 88020000 		.4byte	0x288
 697 0338 04       		.uleb128 0x4
 698 0339 5E020000 		.4byte	.LASF46
 699 033d 07       		.byte	0x7
 700 033e 53       		.byte	0x53
 701 033f 43030000 		.4byte	0x343
 702 0343 09       		.uleb128 0x9
 703 0344 04       		.byte	0x4
 704 0345 49030000 		.4byte	0x349
 705 0349 0D       		.uleb128 0xd
 706 034a 01       		.byte	0x1
 707 034b 55030000 		.4byte	0x355
 708 034f 0E       		.uleb128 0xe
 709 0350 7B020000 		.4byte	0x27b
 710 0354 00       		.byte	0x0
 711 0355 04       		.uleb128 0x4
 712 0356 2A020000 		.4byte	.LASF47
 713 035a 07       		.byte	0x7
 714 035b 58       		.byte	0x58
 715 035c 60030000 		.4byte	0x360
 716 0360 05       		.uleb128 0x5
 717 0361 2A020000 		.4byte	.LASF47
 718 0365 14       		.byte	0x14
 719 0366 07       		.byte	0x7
 720 0367 5F       		.byte	0x5f
 721 0368 B3030000 		.4byte	0x3b3
 722 036c 06       		.uleb128 0x6
 723 036d DA000000 		.4byte	.LASF48
 724 0371 07       		.byte	0x7
 725 0372 60       		.byte	0x60
 726 0373 B3030000 		.4byte	0x3b3
 727 0377 02       		.byte	0x2
 728 0378 23       		.byte	0x23
 729 0379 00       		.uleb128 0x0
 730 037a 06       		.uleb128 0x6
 731 037b AE000000 		.4byte	.LASF49
 732 037f 07       		.byte	0x7
 733 0380 62       		.byte	0x62
 734 0381 B3030000 		.4byte	0x3b3
 735 0385 02       		.byte	0x2
 736 0386 23       		.byte	0x23
 737 0387 04       		.uleb128 0x4
ARM GAS  /tmp/ccDP7t3b.s 			page 14


 738 0388 06       		.uleb128 0x6
 739 0389 71010000 		.4byte	.LASF50
 740 038d 07       		.byte	0x7
 741 038e 64       		.byte	0x64
 742 038f DD000000 		.4byte	0xdd
 743 0393 02       		.byte	0x2
 744 0394 23       		.byte	0x23
 745 0395 08       		.uleb128 0x8
 746 0396 06       		.uleb128 0x6
 747 0397 7F010000 		.4byte	.LASF51
 748 039b 07       		.byte	0x7
 749 039c 65       		.byte	0x65
 750 039d 38030000 		.4byte	0x338
 751 03a1 02       		.byte	0x2
 752 03a2 23       		.byte	0x23
 753 03a3 0C       		.uleb128 0xc
 754 03a4 06       		.uleb128 0x6
 755 03a5 B4020000 		.4byte	.LASF52
 756 03a9 07       		.byte	0x7
 757 03aa 67       		.byte	0x67
 758 03ab 7B020000 		.4byte	0x27b
 759 03af 02       		.byte	0x2
 760 03b0 23       		.byte	0x23
 761 03b1 10       		.uleb128 0x10
 762 03b2 00       		.byte	0x0
 763 03b3 09       		.uleb128 0x9
 764 03b4 04       		.byte	0x4
 765 03b5 55030000 		.4byte	0x355
 766 03b9 0F       		.uleb128 0xf
 767 03ba DD000000 		.4byte	0xdd
 768 03be 05       		.uleb128 0x5
 769 03bf 60010000 		.4byte	.LASF53
 770 03c3 10       		.byte	0x10
 771 03c4 08       		.byte	0x8
 772 03c5 2C       		.byte	0x2c
 773 03c6 F5030000 		.4byte	0x3f5
 774 03ca 06       		.uleb128 0x6
 775 03cb 7C000000 		.4byte	.LASF54
 776 03cf 08       		.byte	0x8
 777 03d0 2D       		.byte	0x2d
 778 03d1 43020000 		.4byte	0x243
 779 03d5 02       		.byte	0x2
 780 03d6 23       		.byte	0x23
 781 03d7 00       		.uleb128 0x0
 782 03d8 06       		.uleb128 0x6
 783 03d9 00030000 		.4byte	.LASF55
 784 03dd 08       		.byte	0x8
 785 03de 2F       		.byte	0x2f
 786 03df 3D020000 		.4byte	0x23d
 787 03e3 02       		.byte	0x2
 788 03e4 23       		.byte	0x23
 789 03e5 08       		.uleb128 0x8
 790 03e6 06       		.uleb128 0x6
 791 03e7 42020000 		.4byte	.LASF56
 792 03eb 08       		.byte	0x8
 793 03ec 31       		.byte	0x31
 794 03ed F5030000 		.4byte	0x3f5
ARM GAS  /tmp/ccDP7t3b.s 			page 15


 795 03f1 02       		.byte	0x2
 796 03f2 23       		.byte	0x23
 797 03f3 0C       		.uleb128 0xc
 798 03f4 00       		.byte	0x0
 799 03f5 09       		.uleb128 0x9
 800 03f6 04       		.byte	0x4
 801 03f7 BE030000 		.4byte	0x3be
 802 03fb 04       		.uleb128 0x4
 803 03fc 60010000 		.4byte	.LASF53
 804 0400 08       		.byte	0x8
 805 0401 33       		.byte	0x33
 806 0402 BE030000 		.4byte	0x3be
 807 0406 04       		.uleb128 0x4
 808 0407 CA020000 		.4byte	.LASF57
 809 040b 09       		.byte	0x9
 810 040c 29       		.byte	0x29
 811 040d 11040000 		.4byte	0x411
 812 0411 05       		.uleb128 0x5
 813 0412 CA020000 		.4byte	.LASF57
 814 0416 0C       		.byte	0xc
 815 0417 09       		.byte	0x9
 816 0418 2E       		.byte	0x2e
 817 0419 48040000 		.4byte	0x448
 818 041d 06       		.uleb128 0x6
 819 041e 38010000 		.4byte	.LASF58
 820 0422 09       		.byte	0x9
 821 0423 2F       		.byte	0x2f
 822 0424 48040000 		.4byte	0x448
 823 0428 02       		.byte	0x2
 824 0429 23       		.byte	0x23
 825 042a 00       		.uleb128 0x0
 826 042b 06       		.uleb128 0x6
 827 042c D1010000 		.4byte	.LASF59
 828 0430 09       		.byte	0x9
 829 0431 32       		.byte	0x32
 830 0432 3D020000 		.4byte	0x23d
 831 0436 02       		.byte	0x2
 832 0437 23       		.byte	0x23
 833 0438 04       		.uleb128 0x4
 834 0439 06       		.uleb128 0x6
 835 043a 9C010000 		.4byte	.LASF60
 836 043e 09       		.byte	0x9
 837 043f 34       		.byte	0x34
 838 0440 D2000000 		.4byte	0xd2
 839 0444 02       		.byte	0x2
 840 0445 23       		.byte	0x23
 841 0446 08       		.uleb128 0x8
 842 0447 00       		.byte	0x0
 843 0448 09       		.uleb128 0x9
 844 0449 04       		.byte	0x4
 845 044a 06040000 		.4byte	0x406
 846 044e 05       		.uleb128 0x5
 847 044f B6000000 		.4byte	.LASF61
 848 0453 04       		.byte	0x4
 849 0454 09       		.byte	0x9
 850 0455 3C       		.byte	0x3c
 851 0456 69040000 		.4byte	0x469
ARM GAS  /tmp/ccDP7t3b.s 			page 16


 852 045a 06       		.uleb128 0x6
 853 045b F2020000 		.4byte	.LASF62
 854 045f 09       		.byte	0x9
 855 0460 3D       		.byte	0x3d
 856 0461 48040000 		.4byte	0x448
 857 0465 02       		.byte	0x2
 858 0466 23       		.byte	0x23
 859 0467 00       		.uleb128 0x0
 860 0468 00       		.byte	0x0
 861 0469 04       		.uleb128 0x4
 862 046a B6000000 		.4byte	.LASF61
 863 046e 09       		.byte	0x9
 864 046f 40       		.byte	0x40
 865 0470 4E040000 		.4byte	0x44e
 866 0474 10       		.uleb128 0x10
 867 0475 04       		.byte	0x4
 868 0476 05       		.byte	0x5
 869 0477 90       		.byte	0x90
 870 0478 A9040000 		.4byte	0x4a9
 871 047c 11       		.uleb128 0x11
 872 047d 12000000 		.4byte	.LASF63
 873 0481 05       		.byte	0x5
 874 0482 97       		.byte	0x97
 875 0483 C7000000 		.4byte	0xc7
 876 0487 11       		.uleb128 0x11
 877 0488 39000000 		.4byte	.LASF64
 878 048c 05       		.byte	0x5
 879 048d 9E       		.byte	0x9e
 880 048e C7000000 		.4byte	0xc7
 881 0492 11       		.uleb128 0x11
 882 0493 84000000 		.4byte	.LASF65
 883 0497 05       		.byte	0x5
 884 0498 A5       		.byte	0xa5
 885 0499 7B020000 		.4byte	0x27b
 886 049d 11       		.uleb128 0x11
 887 049e F9010000 		.4byte	.LASF66
 888 04a2 05       		.byte	0x5
 889 04a3 AC       		.byte	0xac
 890 04a4 D2000000 		.4byte	0xd2
 891 04a8 00       		.byte	0x0
 892 04a9 09       		.uleb128 0x9
 893 04aa 04       		.byte	0x4
 894 04ab AF040000 		.4byte	0x4af
 895 04af 12       		.uleb128 0x12
 896 04b0 B4040000 		.4byte	0x4b4
 897 04b4 03       		.uleb128 0x3
 898 04b5 01       		.byte	0x1
 899 04b6 08       		.byte	0x8
 900 04b7 37020000 		.4byte	.LASF67
 901 04bb 09       		.uleb128 0x9
 902 04bc 04       		.byte	0x4
 903 04bd 7D020000 		.4byte	0x27d
 904 04c1 09       		.uleb128 0x9
 905 04c2 04       		.byte	0x4
 906 04c3 FB030000 		.4byte	0x3fb
 907 04c7 08       		.uleb128 0x8
 908 04c8 1C       		.byte	0x1c
ARM GAS  /tmp/ccDP7t3b.s 			page 17


 909 04c9 0A       		.byte	0xa
 910 04ca 2A       		.byte	0x2a
 911 04cb FA040000 		.4byte	0x4fa
 912 04cf 06       		.uleb128 0x6
 913 04d0 FA020000 		.4byte	.LASF68
 914 04d4 0A       		.byte	0xa
 915 04d5 2B       		.byte	0x2b
 916 04d6 55030000 		.4byte	0x355
 917 04da 02       		.byte	0x2
 918 04db 23       		.byte	0x23
 919 04dc 00       		.uleb128 0x0
 920 04dd 06       		.uleb128 0x6
 921 04de 79010000 		.4byte	.LASF69
 922 04e2 0A       		.byte	0xa
 923 04e3 2C       		.byte	0x2c
 924 04e4 69040000 		.4byte	0x469
 925 04e8 02       		.byte	0x2
 926 04e9 23       		.byte	0x23
 927 04ea 14       		.uleb128 0x14
 928 04eb 06       		.uleb128 0x6
 929 04ec 00000000 		.4byte	.LASF70
 930 04f0 0A       		.byte	0xa
 931 04f1 2D       		.byte	0x2d
 932 04f2 DD000000 		.4byte	0xdd
 933 04f6 02       		.byte	0x2
 934 04f7 23       		.byte	0x23
 935 04f8 18       		.uleb128 0x18
 936 04f9 00       		.byte	0x0
 937 04fa 04       		.uleb128 0x4
 938 04fb 6C000000 		.4byte	.LASF71
 939 04ff 0A       		.byte	0xa
 940 0500 2E       		.byte	0x2e
 941 0501 C7040000 		.4byte	0x4c7
 942 0505 13       		.uleb128 0x13
 943 0506 3C020000 		.4byte	.LASF75
 944 050a 01       		.byte	0x1
 945 050b 27       		.byte	0x27
 946 050c 01       		.byte	0x1
 947 050d 00000000 		.4byte	.LFB0
 948 0511 20000000 		.4byte	.LFE0
 949 0515 00000000 		.4byte	.LLST0
 950 0519 3A050000 		.4byte	0x53a
 951 051d 14       		.uleb128 0x14
 952 051e 7000     		.ascii	"p\000"
 953 0520 01       		.byte	0x1
 954 0521 27       		.byte	0x27
 955 0522 7B020000 		.4byte	0x27b
 956 0526 20000000 		.4byte	.LLST1
 957 052a 15       		.uleb128 0x15
 958 052b 65747000 		.ascii	"etp\000"
 959 052f 01       		.byte	0x1
 960 0530 28       		.byte	0x28
 961 0531 3A050000 		.4byte	0x53a
 962 0535 3E000000 		.4byte	.LLST2
 963 0539 00       		.byte	0x0
 964 053a 09       		.uleb128 0x9
 965 053b 04       		.byte	0x4
ARM GAS  /tmp/ccDP7t3b.s 			page 18


 966 053c FA040000 		.4byte	0x4fa
 967 0540 16       		.uleb128 0x16
 968 0541 01       		.byte	0x1
 969 0542 42000000 		.4byte	.LASF76
 970 0546 01       		.byte	0x1
 971 0547 34       		.byte	0x34
 972 0548 01       		.byte	0x1
 973 0549 00000000 		.4byte	.LFB1
 974 054d 2C000000 		.4byte	.LFE1
 975 0551 5C000000 		.4byte	.LLST3
 976 0555 69050000 		.4byte	0x569
 977 0559 14       		.uleb128 0x14
 978 055a 65747000 		.ascii	"etp\000"
 979 055e 01       		.byte	0x1
 980 055f 34       		.byte	0x34
 981 0560 3A050000 		.4byte	0x53a
 982 0564 7C000000 		.4byte	.LLST4
 983 0568 00       		.byte	0x0
 984 0569 17       		.uleb128 0x17
 985 056a 01       		.byte	0x1
 986 056b 67020000 		.4byte	.LASF77
 987 056f 01       		.byte	0x1
 988 0570 44       		.byte	0x44
 989 0571 01       		.byte	0x1
 990 0572 00000000 		.4byte	.LFB2
 991 0576 20000000 		.4byte	.LFE2
 992 057a 9A000000 		.4byte	.LLST5
 993 057e 14       		.uleb128 0x14
 994 057f 65747000 		.ascii	"etp\000"
 995 0583 01       		.byte	0x1
 996 0584 44       		.byte	0x44
 997 0585 3A050000 		.4byte	0x53a
 998 0589 BA000000 		.4byte	.LLST6
 999 058d 00       		.byte	0x0
 1000 058e 00       		.byte	0x0
 1001              		.section	.debug_abbrev
 1002 0000 01       		.uleb128 0x1
 1003 0001 11       		.uleb128 0x11
 1004 0002 01       		.byte	0x1
 1005 0003 25       		.uleb128 0x25
 1006 0004 0E       		.uleb128 0xe
 1007 0005 13       		.uleb128 0x13
 1008 0006 0B       		.uleb128 0xb
 1009 0007 03       		.uleb128 0x3
 1010 0008 0E       		.uleb128 0xe
 1011 0009 1B       		.uleb128 0x1b
 1012 000a 0E       		.uleb128 0xe
 1013 000b 11       		.uleb128 0x11
 1014 000c 01       		.uleb128 0x1
 1015 000d 52       		.uleb128 0x52
 1016 000e 01       		.uleb128 0x1
 1017 000f 55       		.uleb128 0x55
 1018 0010 06       		.uleb128 0x6
 1019 0011 10       		.uleb128 0x10
 1020 0012 06       		.uleb128 0x6
 1021 0013 00       		.byte	0x0
 1022 0014 00       		.byte	0x0
ARM GAS  /tmp/ccDP7t3b.s 			page 19


 1023 0015 02       		.uleb128 0x2
 1024 0016 24       		.uleb128 0x24
 1025 0017 00       		.byte	0x0
 1026 0018 0B       		.uleb128 0xb
 1027 0019 0B       		.uleb128 0xb
 1028 001a 3E       		.uleb128 0x3e
 1029 001b 0B       		.uleb128 0xb
 1030 001c 03       		.uleb128 0x3
 1031 001d 08       		.uleb128 0x8
 1032 001e 00       		.byte	0x0
 1033 001f 00       		.byte	0x0
 1034 0020 03       		.uleb128 0x3
 1035 0021 24       		.uleb128 0x24
 1036 0022 00       		.byte	0x0
 1037 0023 0B       		.uleb128 0xb
 1038 0024 0B       		.uleb128 0xb
 1039 0025 3E       		.uleb128 0x3e
 1040 0026 0B       		.uleb128 0xb
 1041 0027 03       		.uleb128 0x3
 1042 0028 0E       		.uleb128 0xe
 1043 0029 00       		.byte	0x0
 1044 002a 00       		.byte	0x0
 1045 002b 04       		.uleb128 0x4
 1046 002c 16       		.uleb128 0x16
 1047 002d 00       		.byte	0x0
 1048 002e 03       		.uleb128 0x3
 1049 002f 0E       		.uleb128 0xe
 1050 0030 3A       		.uleb128 0x3a
 1051 0031 0B       		.uleb128 0xb
 1052 0032 3B       		.uleb128 0x3b
 1053 0033 0B       		.uleb128 0xb
 1054 0034 49       		.uleb128 0x49
 1055 0035 13       		.uleb128 0x13
 1056 0036 00       		.byte	0x0
 1057 0037 00       		.byte	0x0
 1058 0038 05       		.uleb128 0x5
 1059 0039 13       		.uleb128 0x13
 1060 003a 01       		.byte	0x1
 1061 003b 03       		.uleb128 0x3
 1062 003c 0E       		.uleb128 0xe
 1063 003d 0B       		.uleb128 0xb
 1064 003e 0B       		.uleb128 0xb
 1065 003f 3A       		.uleb128 0x3a
 1066 0040 0B       		.uleb128 0xb
 1067 0041 3B       		.uleb128 0x3b
 1068 0042 0B       		.uleb128 0xb
 1069 0043 01       		.uleb128 0x1
 1070 0044 13       		.uleb128 0x13
 1071 0045 00       		.byte	0x0
 1072 0046 00       		.byte	0x0
 1073 0047 06       		.uleb128 0x6
 1074 0048 0D       		.uleb128 0xd
 1075 0049 00       		.byte	0x0
 1076 004a 03       		.uleb128 0x3
 1077 004b 0E       		.uleb128 0xe
 1078 004c 3A       		.uleb128 0x3a
 1079 004d 0B       		.uleb128 0xb
ARM GAS  /tmp/ccDP7t3b.s 			page 20


 1080 004e 3B       		.uleb128 0x3b
 1081 004f 0B       		.uleb128 0xb
 1082 0050 49       		.uleb128 0x49
 1083 0051 13       		.uleb128 0x13
 1084 0052 38       		.uleb128 0x38
 1085 0053 0A       		.uleb128 0xa
 1086 0054 00       		.byte	0x0
 1087 0055 00       		.byte	0x0
 1088 0056 07       		.uleb128 0x7
 1089 0057 0D       		.uleb128 0xd
 1090 0058 00       		.byte	0x0
 1091 0059 03       		.uleb128 0x3
 1092 005a 08       		.uleb128 0x8
 1093 005b 3A       		.uleb128 0x3a
 1094 005c 0B       		.uleb128 0xb
 1095 005d 3B       		.uleb128 0x3b
 1096 005e 0B       		.uleb128 0xb
 1097 005f 49       		.uleb128 0x49
 1098 0060 13       		.uleb128 0x13
 1099 0061 38       		.uleb128 0x38
 1100 0062 0A       		.uleb128 0xa
 1101 0063 00       		.byte	0x0
 1102 0064 00       		.byte	0x0
 1103 0065 08       		.uleb128 0x8
 1104 0066 13       		.uleb128 0x13
 1105 0067 01       		.byte	0x1
 1106 0068 0B       		.uleb128 0xb
 1107 0069 0B       		.uleb128 0xb
 1108 006a 3A       		.uleb128 0x3a
 1109 006b 0B       		.uleb128 0xb
 1110 006c 3B       		.uleb128 0x3b
 1111 006d 0B       		.uleb128 0xb
 1112 006e 01       		.uleb128 0x1
 1113 006f 13       		.uleb128 0x13
 1114 0070 00       		.byte	0x0
 1115 0071 00       		.byte	0x0
 1116 0072 09       		.uleb128 0x9
 1117 0073 0F       		.uleb128 0xf
 1118 0074 00       		.byte	0x0
 1119 0075 0B       		.uleb128 0xb
 1120 0076 0B       		.uleb128 0xb
 1121 0077 49       		.uleb128 0x49
 1122 0078 13       		.uleb128 0x13
 1123 0079 00       		.byte	0x0
 1124 007a 00       		.byte	0x0
 1125 007b 0A       		.uleb128 0xa
 1126 007c 0F       		.uleb128 0xf
 1127 007d 00       		.byte	0x0
 1128 007e 0B       		.uleb128 0xb
 1129 007f 0B       		.uleb128 0xb
 1130 0080 00       		.byte	0x0
 1131 0081 00       		.byte	0x0
 1132 0082 0B       		.uleb128 0xb
 1133 0083 0D       		.uleb128 0xd
 1134 0084 00       		.byte	0x0
 1135 0085 03       		.uleb128 0x3
 1136 0086 08       		.uleb128 0x8
ARM GAS  /tmp/ccDP7t3b.s 			page 21


 1137 0087 3A       		.uleb128 0x3a
 1138 0088 0B       		.uleb128 0xb
 1139 0089 3B       		.uleb128 0x3b
 1140 008a 05       		.uleb128 0x5
 1141 008b 49       		.uleb128 0x49
 1142 008c 13       		.uleb128 0x13
 1143 008d 38       		.uleb128 0x38
 1144 008e 0A       		.uleb128 0xa
 1145 008f 00       		.byte	0x0
 1146 0090 00       		.byte	0x0
 1147 0091 0C       		.uleb128 0xc
 1148 0092 13       		.uleb128 0x13
 1149 0093 01       		.byte	0x1
 1150 0094 03       		.uleb128 0x3
 1151 0095 0E       		.uleb128 0xe
 1152 0096 0B       		.uleb128 0xb
 1153 0097 0B       		.uleb128 0xb
 1154 0098 3A       		.uleb128 0x3a
 1155 0099 0B       		.uleb128 0xb
 1156 009a 3B       		.uleb128 0x3b
 1157 009b 05       		.uleb128 0x5
 1158 009c 01       		.uleb128 0x1
 1159 009d 13       		.uleb128 0x13
 1160 009e 00       		.byte	0x0
 1161 009f 00       		.byte	0x0
 1162 00a0 0D       		.uleb128 0xd
 1163 00a1 15       		.uleb128 0x15
 1164 00a2 01       		.byte	0x1
 1165 00a3 27       		.uleb128 0x27
 1166 00a4 0C       		.uleb128 0xc
 1167 00a5 01       		.uleb128 0x1
 1168 00a6 13       		.uleb128 0x13
 1169 00a7 00       		.byte	0x0
 1170 00a8 00       		.byte	0x0
 1171 00a9 0E       		.uleb128 0xe
 1172 00aa 05       		.uleb128 0x5
 1173 00ab 00       		.byte	0x0
 1174 00ac 49       		.uleb128 0x49
 1175 00ad 13       		.uleb128 0x13
 1176 00ae 00       		.byte	0x0
 1177 00af 00       		.byte	0x0
 1178 00b0 0F       		.uleb128 0xf
 1179 00b1 35       		.uleb128 0x35
 1180 00b2 00       		.byte	0x0
 1181 00b3 49       		.uleb128 0x49
 1182 00b4 13       		.uleb128 0x13
 1183 00b5 00       		.byte	0x0
 1184 00b6 00       		.byte	0x0
 1185 00b7 10       		.uleb128 0x10
 1186 00b8 17       		.uleb128 0x17
 1187 00b9 01       		.byte	0x1
 1188 00ba 0B       		.uleb128 0xb
 1189 00bb 0B       		.uleb128 0xb
 1190 00bc 3A       		.uleb128 0x3a
 1191 00bd 0B       		.uleb128 0xb
 1192 00be 3B       		.uleb128 0x3b
 1193 00bf 0B       		.uleb128 0xb
ARM GAS  /tmp/ccDP7t3b.s 			page 22


 1194 00c0 01       		.uleb128 0x1
 1195 00c1 13       		.uleb128 0x13
 1196 00c2 00       		.byte	0x0
 1197 00c3 00       		.byte	0x0
 1198 00c4 11       		.uleb128 0x11
 1199 00c5 0D       		.uleb128 0xd
 1200 00c6 00       		.byte	0x0
 1201 00c7 03       		.uleb128 0x3
 1202 00c8 0E       		.uleb128 0xe
 1203 00c9 3A       		.uleb128 0x3a
 1204 00ca 0B       		.uleb128 0xb
 1205 00cb 3B       		.uleb128 0x3b
 1206 00cc 0B       		.uleb128 0xb
 1207 00cd 49       		.uleb128 0x49
 1208 00ce 13       		.uleb128 0x13
 1209 00cf 00       		.byte	0x0
 1210 00d0 00       		.byte	0x0
 1211 00d1 12       		.uleb128 0x12
 1212 00d2 26       		.uleb128 0x26
 1213 00d3 00       		.byte	0x0
 1214 00d4 49       		.uleb128 0x49
 1215 00d5 13       		.uleb128 0x13
 1216 00d6 00       		.byte	0x0
 1217 00d7 00       		.byte	0x0
 1218 00d8 13       		.uleb128 0x13
 1219 00d9 2E       		.uleb128 0x2e
 1220 00da 01       		.byte	0x1
 1221 00db 03       		.uleb128 0x3
 1222 00dc 0E       		.uleb128 0xe
 1223 00dd 3A       		.uleb128 0x3a
 1224 00de 0B       		.uleb128 0xb
 1225 00df 3B       		.uleb128 0x3b
 1226 00e0 0B       		.uleb128 0xb
 1227 00e1 27       		.uleb128 0x27
 1228 00e2 0C       		.uleb128 0xc
 1229 00e3 11       		.uleb128 0x11
 1230 00e4 01       		.uleb128 0x1
 1231 00e5 12       		.uleb128 0x12
 1232 00e6 01       		.uleb128 0x1
 1233 00e7 40       		.uleb128 0x40
 1234 00e8 06       		.uleb128 0x6
 1235 00e9 01       		.uleb128 0x1
 1236 00ea 13       		.uleb128 0x13
 1237 00eb 00       		.byte	0x0
 1238 00ec 00       		.byte	0x0
 1239 00ed 14       		.uleb128 0x14
 1240 00ee 05       		.uleb128 0x5
 1241 00ef 00       		.byte	0x0
 1242 00f0 03       		.uleb128 0x3
 1243 00f1 08       		.uleb128 0x8
 1244 00f2 3A       		.uleb128 0x3a
 1245 00f3 0B       		.uleb128 0xb
 1246 00f4 3B       		.uleb128 0x3b
 1247 00f5 0B       		.uleb128 0xb
 1248 00f6 49       		.uleb128 0x49
 1249 00f7 13       		.uleb128 0x13
 1250 00f8 02       		.uleb128 0x2
ARM GAS  /tmp/ccDP7t3b.s 			page 23


 1251 00f9 06       		.uleb128 0x6
 1252 00fa 00       		.byte	0x0
 1253 00fb 00       		.byte	0x0
 1254 00fc 15       		.uleb128 0x15
 1255 00fd 34       		.uleb128 0x34
 1256 00fe 00       		.byte	0x0
 1257 00ff 03       		.uleb128 0x3
 1258 0100 08       		.uleb128 0x8
 1259 0101 3A       		.uleb128 0x3a
 1260 0102 0B       		.uleb128 0xb
 1261 0103 3B       		.uleb128 0x3b
 1262 0104 0B       		.uleb128 0xb
 1263 0105 49       		.uleb128 0x49
 1264 0106 13       		.uleb128 0x13
 1265 0107 02       		.uleb128 0x2
 1266 0108 06       		.uleb128 0x6
 1267 0109 00       		.byte	0x0
 1268 010a 00       		.byte	0x0
 1269 010b 16       		.uleb128 0x16
 1270 010c 2E       		.uleb128 0x2e
 1271 010d 01       		.byte	0x1
 1272 010e 3F       		.uleb128 0x3f
 1273 010f 0C       		.uleb128 0xc
 1274 0110 03       		.uleb128 0x3
 1275 0111 0E       		.uleb128 0xe
 1276 0112 3A       		.uleb128 0x3a
 1277 0113 0B       		.uleb128 0xb
 1278 0114 3B       		.uleb128 0x3b
 1279 0115 0B       		.uleb128 0xb
 1280 0116 27       		.uleb128 0x27
 1281 0117 0C       		.uleb128 0xc
 1282 0118 11       		.uleb128 0x11
 1283 0119 01       		.uleb128 0x1
 1284 011a 12       		.uleb128 0x12
 1285 011b 01       		.uleb128 0x1
 1286 011c 40       		.uleb128 0x40
 1287 011d 06       		.uleb128 0x6
 1288 011e 01       		.uleb128 0x1
 1289 011f 13       		.uleb128 0x13
 1290 0120 00       		.byte	0x0
 1291 0121 00       		.byte	0x0
 1292 0122 17       		.uleb128 0x17
 1293 0123 2E       		.uleb128 0x2e
 1294 0124 01       		.byte	0x1
 1295 0125 3F       		.uleb128 0x3f
 1296 0126 0C       		.uleb128 0xc
 1297 0127 03       		.uleb128 0x3
 1298 0128 0E       		.uleb128 0xe
 1299 0129 3A       		.uleb128 0x3a
 1300 012a 0B       		.uleb128 0xb
 1301 012b 3B       		.uleb128 0x3b
 1302 012c 0B       		.uleb128 0xb
 1303 012d 27       		.uleb128 0x27
 1304 012e 0C       		.uleb128 0xc
 1305 012f 11       		.uleb128 0x11
 1306 0130 01       		.uleb128 0x1
 1307 0131 12       		.uleb128 0x12
ARM GAS  /tmp/ccDP7t3b.s 			page 24


 1308 0132 01       		.uleb128 0x1
 1309 0133 40       		.uleb128 0x40
 1310 0134 06       		.uleb128 0x6
 1311 0135 00       		.byte	0x0
 1312 0136 00       		.byte	0x0
 1313 0137 00       		.byte	0x0
 1314              		.section	.debug_pubnames,"",%progbits
 1315 0000 27000000 		.4byte	0x27
 1316 0004 0200     		.2byte	0x2
 1317 0006 00000000 		.4byte	.Ldebug_info0
 1318 000a 8F050000 		.4byte	0x58f
 1319 000e 40050000 		.4byte	0x540
 1320 0012 65767453 		.ascii	"evtStart\000"
 1320      74617274 
 1320      00
 1321 001b 69050000 		.4byte	0x569
 1322 001f 65767453 		.ascii	"evtStop\000"
 1322      746F7000 
 1323 0027 00000000 		.4byte	0x0
 1324              		.section	.debug_pubtypes,"",%progbits
 1325 0000 96010000 		.4byte	0x196
 1326 0004 0200     		.2byte	0x2
 1327 0006 00000000 		.4byte	.Ldebug_info0
 1328 000a 8F050000 		.4byte	0x58f
 1329 000e 3E000000 		.4byte	0x3e
 1330 0012 75696E74 		.ascii	"uint8_t\000"
 1330      385F7400 
 1331 001a 5E000000 		.4byte	0x5e
 1332 001e 696E7433 		.ascii	"int32_t\000"
 1332      325F7400 
 1333 0026 70000000 		.4byte	0x70
 1334 002a 75696E74 		.ascii	"uint32_t\000"
 1334      33325F74 
 1334      00
 1335 0033 89000000 		.4byte	0x89
 1336 0037 75696E74 		.ascii	"uint64_t\000"
 1336      36345F74 
 1336      00
 1337 0040 9B000000 		.4byte	0x9b
 1338 0044 746D6F64 		.ascii	"tmode_t\000"
 1338      655F7400 
 1339 004c A6000000 		.4byte	0xa6
 1340 0050 74737461 		.ascii	"tstate_t\000"
 1340      74655F74 
 1340      00
 1341 0059 B1000000 		.4byte	0xb1
 1342 005d 74726566 		.ascii	"trefs_t\000"
 1342      735F7400 
 1343 0065 BC000000 		.4byte	0xbc
 1344 0069 74707269 		.ascii	"tprio_t\000"
 1344      6F5F7400 
 1345 0071 C7000000 		.4byte	0xc7
 1346 0075 6D73675F 		.ascii	"msg_t\000"
 1346      7400
 1347 007b D2000000 		.4byte	0xd2
 1348 007f 6576656E 		.ascii	"eventmask_t\000"
 1348      746D6173 
ARM GAS  /tmp/ccDP7t3b.s 			page 25


 1348      6B5F7400 
 1349 008b DD000000 		.4byte	0xdd
 1350 008f 73797374 		.ascii	"systime_t\000"
 1350      696D655F 
 1350      7400
 1351 0099 E8000000 		.4byte	0xe8
 1352 009d 54687265 		.ascii	"Thread\000"
 1352      616400
 1353 00a4 43020000 		.4byte	0x243
 1354 00a8 54687265 		.ascii	"ThreadsQueue\000"
 1354      61647351 
 1354      75657565 
 1354      00
 1355 00b5 65020000 		.4byte	0x265
 1356 00b9 54687265 		.ascii	"ThreadsList\000"
 1356      6164734C 
 1356      69737400 
 1357 00c5 70020000 		.4byte	0x270
 1358 00c9 72656761 		.ascii	"regarm_t\000"
 1358      726D5F74 
 1358      00
 1359 00d2 7D020000 		.4byte	0x27d
 1360 00d6 73746B61 		.ascii	"stkalign_t\000"
 1360      6C69676E 
 1360      5F7400
 1361 00e1 88020000 		.4byte	0x288
 1362 00e5 696E7463 		.ascii	"intctx\000"
 1362      747800
 1363 00ec 15030000 		.4byte	0x315
 1364 00f0 636F6E74 		.ascii	"context\000"
 1364      65787400 
 1365 00f8 38030000 		.4byte	0x338
 1366 00fc 76746675 		.ascii	"vtfunc_t\000"
 1366      6E635F74 
 1366      00
 1367 0105 55030000 		.4byte	0x355
 1368 0109 56697274 		.ascii	"VirtualTimer\000"
 1368      75616C54 
 1368      696D6572 
 1368      00
 1369 0116 60030000 		.4byte	0x360
 1370 011a 56697274 		.ascii	"VirtualTimer\000"
 1370      75616C54 
 1370      696D6572 
 1370      00
 1371 0127 BE030000 		.4byte	0x3be
 1372 012b 4D757465 		.ascii	"Mutex\000"
 1372      7800
 1373 0131 FB030000 		.4byte	0x3fb
 1374 0135 4D757465 		.ascii	"Mutex\000"
 1374      7800
 1375 013b 06040000 		.4byte	0x406
 1376 013f 4576656E 		.ascii	"EventListener\000"
 1376      744C6973 
 1376      74656E65 
 1376      7200
 1377 014d 11040000 		.4byte	0x411
ARM GAS  /tmp/ccDP7t3b.s 			page 26


 1378 0151 4576656E 		.ascii	"EventListener\000"
 1378      744C6973 
 1378      74656E65 
 1378      7200
 1379 015f 4E040000 		.4byte	0x44e
 1380 0163 4576656E 		.ascii	"EventSource\000"
 1380      74536F75 
 1380      72636500 
 1381 016f 69040000 		.4byte	0x469
 1382 0173 4576656E 		.ascii	"EventSource\000"
 1382      74536F75 
 1382      72636500 
 1383 017f F3000000 		.4byte	0xf3
 1384 0183 54687265 		.ascii	"Thread\000"
 1384      616400
 1385 018a FA040000 		.4byte	0x4fa
 1386 018e 45765469 		.ascii	"EvTimer\000"
 1386      6D657200 
 1387 0196 00000000 		.4byte	0x0
 1388              		.section	.debug_aranges,"",%progbits
 1389 0000 2C000000 		.4byte	0x2c
 1390 0004 0200     		.2byte	0x2
 1391 0006 00000000 		.4byte	.Ldebug_info0
 1392 000a 04       		.byte	0x4
 1393 000b 00       		.byte	0x0
 1394 000c 0000     		.2byte	0x0
 1395 000e 0000     		.2byte	0x0
 1396 0010 00000000 		.4byte	.LFB0
 1397 0014 20000000 		.4byte	.LFE0-.LFB0
 1398 0018 00000000 		.4byte	.LFB1
 1399 001c 2C000000 		.4byte	.LFE1-.LFB1
 1400 0020 00000000 		.4byte	.LFB2
 1401 0024 20000000 		.4byte	.LFE2-.LFB2
 1402 0028 00000000 		.4byte	0x0
 1403 002c 00000000 		.4byte	0x0
 1404              		.section	.debug_ranges,"",%progbits
 1405              	.Ldebug_ranges0:
 1406 0000 00000000 		.4byte	.LFB0
 1407 0004 20000000 		.4byte	.LFE0
 1408 0008 00000000 		.4byte	.LFB1
 1409 000c 2C000000 		.4byte	.LFE1
 1410 0010 00000000 		.4byte	.LFB2
 1411 0014 20000000 		.4byte	.LFE2
 1412 0018 00000000 		.4byte	0x0
 1413 001c 00000000 		.4byte	0x0
 1414              		.section	.debug_str,"MS",%progbits,1
 1415              	.LASF70:
 1416 0000 65745F69 		.ascii	"et_interval\000"
 1416      6E746572 
 1416      76616C00 
 1417              	.LASF35:
 1418 000c 705F6D73 		.ascii	"p_msg\000"
 1418      6700
 1419              	.LASF63:
 1420 0012 7264796D 		.ascii	"rdymsg\000"
 1420      736700
 1421              	.LASF11:
ARM GAS  /tmp/ccDP7t3b.s 			page 27


 1422 0019 75696E74 		.ascii	"uint64_t\000"
 1422      36345F74 
 1422      00
 1423              	.LASF12:
 1424 0022 6C6F6E67 		.ascii	"long long unsigned int\000"
 1424      206C6F6E 
 1424      6720756E 
 1424      7369676E 
 1424      65642069 
 1425              	.LASF64:
 1426 0039 65786974 		.ascii	"exitcode\000"
 1426      636F6465 
 1426      00
 1427              	.LASF76:
 1428 0042 65767453 		.ascii	"evtStart\000"
 1428      74617274 
 1428      00
 1429              	.LASF23:
 1430 004b 705F7072 		.ascii	"p_prio\000"
 1430      696F00
 1431              	.LASF10:
 1432 0052 6C6F6E67 		.ascii	"long long int\000"
 1432      206C6F6E 
 1432      6720696E 
 1432      7400
 1433              	.LASF1:
 1434 0060 7369676E 		.ascii	"signed char\000"
 1434      65642063 
 1434      68617200 
 1435              	.LASF71:
 1436 006c 45765469 		.ascii	"EvTimer\000"
 1436      6D657200 
 1437              	.LASF39:
 1438 0074 705F6D70 		.ascii	"p_mpool\000"
 1438      6F6F6C00 
 1439              	.LASF54:
 1440 007c 6D5F7175 		.ascii	"m_queue\000"
 1440      65756500 
 1441              	.LASF65:
 1442 0084 77746F62 		.ascii	"wtobjp\000"
 1442      6A7000
 1443              	.LASF7:
 1444 008b 6C6F6E67 		.ascii	"long int\000"
 1444      20696E74 
 1444      00
 1445              	.LASF14:
 1446 0094 74737461 		.ascii	"tstate_t\000"
 1446      74655F74 
 1446      00
 1447              	.LASF25:
 1448 009d 705F6E65 		.ascii	"p_newer\000"
 1448      77657200 
 1449              	.LASF42:
 1450 00a5 72656761 		.ascii	"regarm_t\000"
 1450      726D5F74 
 1450      00
 1451              	.LASF49:
ARM GAS  /tmp/ccDP7t3b.s 			page 28


 1452 00ae 76745F70 		.ascii	"vt_prev\000"
 1452      72657600 
 1453              	.LASF61:
 1454 00b6 4576656E 		.ascii	"EventSource\000"
 1454      74536F75 
 1454      72636500 
 1455              	.LASF28:
 1456 00c2 705F7374 		.ascii	"p_stklimit\000"
 1456      6B6C696D 
 1456      697400
 1457              	.LASF0:
 1458 00cd 756E7369 		.ascii	"unsigned int\000"
 1458      676E6564 
 1458      20696E74 
 1458      00
 1459              	.LASF48:
 1460 00da 76745F6E 		.ascii	"vt_next\000"
 1460      65787400 
 1461              	.LASF9:
 1462 00e2 6C6F6E67 		.ascii	"long unsigned int\000"
 1462      20756E73 
 1462      69676E65 
 1462      6420696E 
 1462      7400
 1463              	.LASF45:
 1464 00f4 636F6E74 		.ascii	"context\000"
 1464      65787400 
 1465              	.LASF74:
 1466 00fc 2F686F6D 		.ascii	"/home/z80/projects/dfu.git/firmware-pawn-dev/firmwa"
 1466      652F7A38 
 1466      302F7072 
 1466      6F6A6563 
 1466      74732F64 
 1467 012f 726500   		.ascii	"re\000"
 1468              	.LASF17:
 1469 0132 6D73675F 		.ascii	"msg_t\000"
 1469      7400
 1470              	.LASF58:
 1471 0138 656C5F6E 		.ascii	"el_next\000"
 1471      65787400 
 1472              	.LASF13:
 1473 0140 746D6F64 		.ascii	"tmode_t\000"
 1473      655F7400 
 1474              	.LASF41:
 1475 0148 54687265 		.ascii	"ThreadsList\000"
 1475      6164734C 
 1475      69737400 
 1476              	.LASF18:
 1477 0154 6576656E 		.ascii	"eventmask_t\000"
 1477      746D6173 
 1477      6B5F7400 
 1478              	.LASF53:
 1479 0160 4D757465 		.ascii	"Mutex\000"
 1479      7800
 1480              	.LASF43:
 1481 0166 73746B61 		.ascii	"stkalign_t\000"
 1481      6C69676E 
ARM GAS  /tmp/ccDP7t3b.s 			page 29


 1481      5F7400
 1482              	.LASF50:
 1483 0171 76745F74 		.ascii	"vt_time\000"
 1483      696D6500 
 1484              	.LASF69:
 1485 0179 65745F65 		.ascii	"et_es\000"
 1485      7300
 1486              	.LASF51:
 1487 017f 76745F66 		.ascii	"vt_func\000"
 1487      756E6300 
 1488              	.LASF26:
 1489 0187 705F6F6C 		.ascii	"p_older\000"
 1489      64657200 
 1490              	.LASF40:
 1491 018f 54687265 		.ascii	"ThreadsQueue\000"
 1491      61647351 
 1491      75657565 
 1491      00
 1492              	.LASF60:
 1493 019c 656C5F6D 		.ascii	"el_mask\000"
 1493      61736B00 
 1494              	.LASF15:
 1495 01a4 74726566 		.ascii	"trefs_t\000"
 1495      735F7400 
 1496              	.LASF22:
 1497 01ac 705F7072 		.ascii	"p_prev\000"
 1497      657600
 1498              	.LASF16:
 1499 01b3 74707269 		.ascii	"tprio_t\000"
 1499      6F5F7400 
 1500              	.LASF6:
 1501 01bb 696E7433 		.ascii	"int32_t\000"
 1501      325F7400 
 1502              	.LASF2:
 1503 01c3 756E7369 		.ascii	"unsigned char\000"
 1503      676E6564 
 1503      20636861 
 1503      7200
 1504              	.LASF59:
 1505 01d1 656C5F6C 		.ascii	"el_listener\000"
 1505      69737465 
 1505      6E657200 
 1506              	.LASF37:
 1507 01dd 705F6D74 		.ascii	"p_mtxlist\000"
 1507      786C6973 
 1507      7400
 1508              	.LASF3:
 1509 01e7 73686F72 		.ascii	"short int\000"
 1509      7420696E 
 1509      7400
 1510              	.LASF29:
 1511 01f1 705F7374 		.ascii	"p_state\000"
 1511      61746500 
 1512              	.LASF66:
 1513 01f9 65776D61 		.ascii	"ewmask\000"
 1513      736B00
 1514              	.LASF21:
ARM GAS  /tmp/ccDP7t3b.s 			page 30


 1515 0200 705F6E65 		.ascii	"p_next\000"
 1515      787400
 1516              	.LASF30:
 1517 0207 705F666C 		.ascii	"p_flags\000"
 1517      61677300 
 1518              	.LASF20:
 1519 020f 54687265 		.ascii	"Thread\000"
 1519      616400
 1520              	.LASF36:
 1521 0216 705F6570 		.ascii	"p_epending\000"
 1521      656E6469 
 1521      6E6700
 1522              	.LASF8:
 1523 0221 75696E74 		.ascii	"uint32_t\000"
 1523      33325F74 
 1523      00
 1524              	.LASF47:
 1525 022a 56697274 		.ascii	"VirtualTimer\000"
 1525      75616C54 
 1525      696D6572 
 1525      00
 1526              	.LASF67:
 1527 0237 63686172 		.ascii	"char\000"
 1527      00
 1528              	.LASF75:
 1529 023c 746D7263 		.ascii	"tmrcb\000"
 1529      6200
 1530              	.LASF56:
 1531 0242 6D5F6E65 		.ascii	"m_next\000"
 1531      787400
 1532              	.LASF19:
 1533 0249 73797374 		.ascii	"systime_t\000"
 1533      696D655F 
 1533      7400
 1534              	.LASF38:
 1535 0253 705F7265 		.ascii	"p_realprio\000"
 1535      616C7072 
 1535      696F00
 1536              	.LASF46:
 1537 025e 76746675 		.ascii	"vtfunc_t\000"
 1537      6E635F74 
 1537      00
 1538              	.LASF77:
 1539 0267 65767453 		.ascii	"evtStop\000"
 1539      746F7000 
 1540              	.LASF4:
 1541 026f 73686F72 		.ascii	"short unsigned int\000"
 1541      7420756E 
 1541      7369676E 
 1541      65642069 
 1541      6E7400
 1542              	.LASF73:
 1543 0282 2E2E2F63 		.ascii	"../chibios/os/various/evtimer.c\000"
 1543      68696269 
 1543      6F732F6F 
 1543      732F7661 
 1543      72696F75 
ARM GAS  /tmp/ccDP7t3b.s 			page 31


 1544              	.LASF44:
 1545 02a2 696E7463 		.ascii	"intctx\000"
 1545      747800
 1546              	.LASF34:
 1547 02a9 705F6D73 		.ascii	"p_msgqueue\000"
 1547      67717565 
 1547      756500
 1548              	.LASF52:
 1549 02b4 76745F70 		.ascii	"vt_par\000"
 1549      617200
 1550              	.LASF31:
 1551 02bb 705F7265 		.ascii	"p_refs\000"
 1551      667300
 1552              	.LASF5:
 1553 02c2 75696E74 		.ascii	"uint8_t\000"
 1553      385F7400 
 1554              	.LASF57:
 1555 02ca 4576656E 		.ascii	"EventListener\000"
 1555      744C6973 
 1555      74656E65 
 1555      7200
 1556              	.LASF32:
 1557 02d8 705F7469 		.ascii	"p_time\000"
 1557      6D6500
 1558              	.LASF72:
 1559 02df 474E5520 		.ascii	"GNU C 4.5.2\000"
 1559      4320342E 
 1559      352E3200 
 1560              	.LASF27:
 1561 02eb 705F6E61 		.ascii	"p_name\000"
 1561      6D6500
 1562              	.LASF62:
 1563 02f2 65735F6E 		.ascii	"es_next\000"
 1563      65787400 
 1564              	.LASF68:
 1565 02fa 65745F76 		.ascii	"et_vt\000"
 1565      7400
 1566              	.LASF55:
 1567 0300 6D5F6F77 		.ascii	"m_owner\000"
 1567      6E657200 
 1568              	.LASF24:
 1569 0308 705F6374 		.ascii	"p_ctx\000"
 1569      7800
 1570              	.LASF33:
 1571 030e 705F7761 		.ascii	"p_waiting\000"
 1571      6974696E 
 1571      6700
 1572              		.ident	"GCC: (Sourcery G++ Lite 2011.03-42) 4.5.2"
ARM GAS  /tmp/ccDP7t3b.s 			page 32


DEFINED SYMBOLS
                            *ABS*:00000000 evtimer.c
     /tmp/ccDP7t3b.s:24     .text.tmrcb:00000000 $t
     /tmp/ccDP7t3b.s:28     .text.tmrcb:00000000 tmrcb
     /tmp/ccDP7t3b.s:61     .text.tmrcb:0000001c $d
     /tmp/ccDP7t3b.s:66     .text.evtStart:00000000 $t
     /tmp/ccDP7t3b.s:71     .text.evtStart:00000000 evtStart
     /tmp/ccDP7t3b.s:113    .text.evtStart:00000028 $d
     /tmp/ccDP7t3b.s:118    .text.evtStop:00000000 $t
     /tmp/ccDP7t3b.s:123    .text.evtStop:00000000 evtStop
                     .debug_frame:00000010 $d

UNDEFINED SYMBOLS
chEvtBroadcastFlagsI
chVTSetI
_port_lock
dbg_check_lock
dbg_check_unlock
_port_unlock
chVTResetI
