ARM GAS  /tmp/ccxWPiJ6.s 			page 1


   1              		.syntax unified
   2              		.cpu cortex-m3
   3              		.fpu softvfp
   4              		.eabi_attribute 20, 1
   5              		.eabi_attribute 21, 1
   6              		.eabi_attribute 23, 3
   7              		.eabi_attribute 24, 1
   8              		.eabi_attribute 25, 1
   9              		.eabi_attribute 26, 1
  10              		.eabi_attribute 30, 4
  11              		.eabi_attribute 18, 4
  12              		.thumb
  13              		.file	"hal_lld.c"
  14              		.section	.debug_abbrev,"",%progbits
  15              	.Ldebug_abbrev0:
  16              		.section	.debug_info,"",%progbits
  17              	.Ldebug_info0:
  18              		.section	.debug_line,"",%progbits
  19              	.Ldebug_line0:
  20 0000 A6010000 		.text
  20      02003C01 
  20      00000201 
  20      FB0E0D00 
  20      01010101 
  21              	.Ltext0:
  22              		.cfi_sections	.debug_frame
  23              		.section	.text.hal_lld_init,"ax",%progbits
  24              		.align	1
  25              		.global	hal_lld_init
  26              		.thumb
  27              		.thumb_func
  28              		.type	hal_lld_init, %function
  29              	hal_lld_init:
  30              	.LFB56:
  31              		.file 1 "../chibios/os/hal/platforms/STM32F1xx/hal_lld.c"
  32              		.loc 1 101 0
  33              		.cfi_startproc
  34              		@ args = 0, pretend = 0, frame = 0
  35              		@ frame_needed = 0, uses_anonymous_args = 0
  36              		@ link register save eliminated.
  37              		.loc 1 104 0
  38 0000 1F4B     		ldr	r3, .L4
  39 0002 4FF0FF31 		mov	r1, #-1
  40 0006 1A69     		ldr	r2, [r3, #16]
  41 0008 0022     		movs	r2, #0
  42 000a 1961     		str	r1, [r3, #16]
  43 000c 1A61     		str	r2, [r3, #16]
  44              		.loc 1 105 0
  45 000e D868     		ldr	r0, [r3, #12]
  46 0010 D960     		str	r1, [r3, #12]
  47              		.loc 1 108 0
  48 0012 1C49     		ldr	r1, .L4+4
  49 0014 4BF67F30 		movw	r0, #47999
  50              		.loc 1 105 0
  51 0018 DA60     		str	r2, [r3, #12]
  52              		.loc 1 108 0
  53 001a 4860     		str	r0, [r1, #4]
ARM GAS  /tmp/ccxWPiJ6.s 			page 2


  54              		.loc 1 110 0
  55 001c 0720     		movs	r0, #7
  56              		.loc 1 109 0
  57 001e 8A60     		str	r2, [r1, #8]
  58              		.loc 1 110 0
  59 0020 0860     		str	r0, [r1, #0]
  60              		.loc 1 115 0
  61 0022 1949     		ldr	r1, .L4+8
  62 0024 C868     		ldr	r0, [r1, #12]
  63 0026 40F08070 		orr	r0, r0, #16777216
  64 002a C860     		str	r0, [r1, #12]
  65              		.loc 1 116 0
  66 002c 1749     		ldr	r1, .L4+12
  67 002e 0868     		ldr	r0, [r1, #0]
  68 0030 40F00100 		orr	r0, r0, #1
  69 0034 0860     		str	r0, [r1, #0]
  70              		.loc 1 119 0
  71 0036 D969     		ldr	r1, [r3, #28]
  72 0038 41F08051 		orr	r1, r1, #268435456
  73 003c D961     		str	r1, [r3, #28]
  74              		.loc 1 120 0
  75 003e D969     		ldr	r1, [r3, #28]
  76 0040 41F00061 		orr	r1, r1, #134217728
  77 0044 D961     		str	r1, [r3, #28]
  78              	.LBB4:
  79              	.LBB5:
  80              		.loc 1 59 0
  81 0046 1249     		ldr	r1, .L4+16
  82 0048 0868     		ldr	r0, [r1, #0]
  83 004a 40F48070 		orr	r0, r0, #256
  84 004e 0860     		str	r0, [r1, #0]
  85              		.loc 1 62 0
  86 0050 196A     		ldr	r1, [r3, #32]
  87 0052 01F44071 		and	r1, r1, #768
  88 0056 B1F5407F 		cmp	r1, #768
  89 005a 03D0     		beq	.L2
  90              		.loc 1 64 0
  91 005c 4FF48031 		mov	r1, #65536
  92 0060 1962     		str	r1, [r3, #32]
  93              		.loc 1 65 0
  94 0062 1A62     		str	r2, [r3, #32]
  95              	.L2:
  96              		.loc 1 78 0
  97 0064 1B6A     		ldr	r3, [r3, #32]
  98 0066 064A     		ldr	r2, .L4
  99 0068 13F4004F 		tst	r3, #32768
 100 006c 07D1     		bne	.L1
 101              		.loc 1 80 0
 102 006e 136A     		ldr	r3, [r2, #32]
 103 0070 43F44073 		orr	r3, r3, #768
 104 0074 1362     		str	r3, [r2, #32]
 105              		.loc 1 83 0
 106 0076 136A     		ldr	r3, [r2, #32]
 107 0078 43F40043 		orr	r3, r3, #32768
 108 007c 1362     		str	r3, [r2, #32]
 109              	.L1:
 110 007e 7047     		bx	lr
ARM GAS  /tmp/ccxWPiJ6.s 			page 3


 111              	.L5:
 112              		.align	2
 113              	.L4:
 114 0080 00100240 		.word	1073876992
 115 0084 10E000E0 		.word	-536813552
 116 0088 F0ED00E0 		.word	-536810000
 117 008c 001000E0 		.word	-536866816
 118 0090 00700040 		.word	1073770496
 119              	.LBE5:
 120              	.LBE4:
 121              		.cfi_endproc
 122              	.LFE56:
 123              		.size	hal_lld_init, .-hal_lld_init
 124              		.section	.text.stm32_clock_init,"ax",%progbits
 125              		.align	1
 126              		.global	stm32_clock_init
 127              		.thumb
 128              		.thumb_func
 129              		.type	stm32_clock_init, %function
 130              	stm32_clock_init:
 131              	.LFB57:
 132              		.loc 1 149 0
 133              		.cfi_startproc
 134              		@ args = 0, pretend = 0, frame = 0
 135              		@ frame_needed = 0, uses_anonymous_args = 0
 136              		@ link register save eliminated.
 137              		.loc 1 154 0
 138 0000 1D4B     		ldr	r3, .L12
 139 0002 1A68     		ldr	r2, [r3, #0]
 140 0004 42F00102 		orr	r2, r2, #1
 141 0008 1A60     		str	r2, [r3, #0]
 142              	.L7:
 143              		.loc 1 155 0 discriminator 1
 144 000a 1B4B     		ldr	r3, .L12
 145 000c 1A68     		ldr	r2, [r3, #0]
 146 000e 12F0020F 		tst	r2, #2
 147 0012 FAD0     		beq	.L7
 148              		.loc 1 157 0
 149 0014 1A68     		ldr	r2, [r3, #0]
 150 0016 02F0F902 		and	r2, r2, #249
 151 001a 1A60     		str	r2, [r3, #0]
 152              		.loc 1 158 0
 153 001c 0022     		movs	r2, #0
 154 001e 5A60     		str	r2, [r3, #4]
 155              	.L8:
 156              		.loc 1 159 0 discriminator 1
 157 0020 154B     		ldr	r3, .L12
 158 0022 5A68     		ldr	r2, [r3, #4]
 159 0024 12F00C0F 		tst	r2, #12
 160 0028 FAD1     		bne	.L8
 161              		.loc 1 164 0
 162 002a 1A68     		ldr	r2, [r3, #0]
 163 002c 42F48032 		orr	r2, r2, #65536
 164 0030 1A60     		str	r2, [r3, #0]
 165              	.L9:
 166              		.loc 1 165 0 discriminator 1
 167 0032 114B     		ldr	r3, .L12
ARM GAS  /tmp/ccxWPiJ6.s 			page 4


 168 0034 1A68     		ldr	r2, [r3, #0]
 169 0036 12F4003F 		tst	r2, #131072
 170 003a FAD0     		beq	.L9
 171              		.loc 1 178 0
 172 003c 5A68     		ldr	r2, [r3, #4]
 173 003e 42F48812 		orr	r2, r2, #1114112
 174 0042 5A60     		str	r2, [r3, #4]
 175              		.loc 1 179 0
 176 0044 1A68     		ldr	r2, [r3, #0]
 177 0046 42F08072 		orr	r2, r2, #16777216
 178 004a 1A60     		str	r2, [r3, #0]
 179              	.L10:
 180              		.loc 1 180 0 discriminator 1
 181 004c 0A4B     		ldr	r3, .L12
 182 004e 1A68     		ldr	r2, [r3, #0]
 183 0050 12F0007F 		tst	r2, #33554432
 184 0054 FAD0     		beq	.L10
 185              		.loc 1 186 0
 186 0056 094A     		ldr	r2, .L12+4
 187              		.loc 1 196 0
 188 0058 1121     		movs	r1, #17
 189              		.loc 1 186 0
 190 005a 5A60     		str	r2, [r3, #4]
 191              		.loc 1 196 0
 192 005c 084A     		ldr	r2, .L12+8
 193 005e 1160     		str	r1, [r2, #0]
 194              		.loc 1 201 0
 195 0060 5A68     		ldr	r2, [r3, #4]
 196 0062 42F00202 		orr	r2, r2, #2
 197 0066 5A60     		str	r2, [r3, #4]
 198              	.L11:
 199              		.loc 1 202 0 discriminator 1
 200 0068 034B     		ldr	r3, .L12
 201 006a 5B68     		ldr	r3, [r3, #4]
 202 006c 03F00C03 		and	r3, r3, #12
 203 0070 082B     		cmp	r3, #8
 204 0072 F9D1     		bne	.L11
 205              		.loc 1 206 0
 206 0074 7047     		bx	lr
 207              	.L13:
 208 0076 00BF     		.align	2
 209              	.L12:
 210 0078 00100240 		.word	1073876992
 211 007c 00645100 		.word	5334016
 212 0080 00200240 		.word	1073881088
 213              		.cfi_endproc
 214              	.LFE57:
 215              		.size	stm32_clock_init, .-stm32_clock_init
 216              		.text
 217              	.Letext0:
 218              		.file 2 "/home/z80/programs/code-sourcery/2011.03-42/bin/../lib/gcc/arm-none-eabi/4.5.2/../../../.
 219              		.file 3 "../chibios/os/ports/common/ARMCMx/nvic.h"
 220              		.file 4 "../chibios/os/ports/common/ARMCMx/CMSIS/include/core_cm3.h"
 221              		.file 5 "../chibios/os/hal/platforms/STM32F1xx/stm32f10x.h"
 222              		.section	.debug_info
 223 0000 AD030000 		.4byte	0x3ad
 224 0004 0200     		.2byte	0x2
ARM GAS  /tmp/ccxWPiJ6.s 			page 5


 225 0006 00000000 		.4byte	.Ldebug_abbrev0
 226 000a 04       		.byte	0x4
 227 000b 01       		.uleb128 0x1
 228 000c 18000000 		.4byte	.LASF45
 229 0010 01       		.byte	0x1
 230 0011 BD010000 		.4byte	.LASF46
 231 0015 F6010000 		.4byte	.LASF47
 232 0019 00000000 		.4byte	0x0
 233 001d 00000000 		.4byte	0x0
 234 0021 00000000 		.4byte	.Ldebug_ranges0+0x0
 235 0025 00000000 		.4byte	.Ldebug_line0
 236 0029 02       		.uleb128 0x2
 237 002a 04       		.byte	0x4
 238 002b 05       		.byte	0x5
 239 002c 696E7400 		.ascii	"int\000"
 240 0030 03       		.uleb128 0x3
 241 0031 04       		.byte	0x4
 242 0032 07       		.byte	0x7
 243 0033 36010000 		.4byte	.LASF0
 244 0037 03       		.uleb128 0x3
 245 0038 01       		.byte	0x1
 246 0039 06       		.byte	0x6
 247 003a 31020000 		.4byte	.LASF1
 248 003e 03       		.uleb128 0x3
 249 003f 01       		.byte	0x1
 250 0040 08       		.byte	0x8
 251 0041 82000000 		.4byte	.LASF2
 252 0045 03       		.uleb128 0x3
 253 0046 02       		.byte	0x2
 254 0047 05       		.byte	0x5
 255 0048 0E010000 		.4byte	.LASF3
 256 004c 04       		.uleb128 0x4
 257 004d A8010000 		.4byte	.LASF5
 258 0051 02       		.byte	0x2
 259 0052 36       		.byte	0x36
 260 0053 57000000 		.4byte	0x57
 261 0057 03       		.uleb128 0x3
 262 0058 02       		.byte	0x2
 263 0059 07       		.byte	0x7
 264 005a A9000000 		.4byte	.LASF4
 265 005e 04       		.uleb128 0x4
 266 005f 67010000 		.4byte	.LASF6
 267 0063 02       		.byte	0x2
 268 0064 4F       		.byte	0x4f
 269 0065 69000000 		.4byte	0x69
 270 0069 03       		.uleb128 0x3
 271 006a 04       		.byte	0x4
 272 006b 05       		.byte	0x5
 273 006c ED010000 		.4byte	.LASF7
 274 0070 04       		.uleb128 0x4
 275 0071 3D020000 		.4byte	.LASF8
 276 0075 02       		.byte	0x2
 277 0076 50       		.byte	0x50
 278 0077 7B000000 		.4byte	0x7b
 279 007b 03       		.uleb128 0x3
 280 007c 04       		.byte	0x4
 281 007d 07       		.byte	0x7
ARM GAS  /tmp/ccxWPiJ6.s 			page 6


 282 007e 97000000 		.4byte	.LASF9
 283 0082 03       		.uleb128 0x3
 284 0083 08       		.byte	0x8
 285 0084 05       		.byte	0x5
 286 0085 00000000 		.4byte	.LASF10
 287 0089 03       		.uleb128 0x3
 288 008a 08       		.byte	0x8
 289 008b 07       		.byte	0x7
 290 008c 5C000000 		.4byte	.LASF11
 291 0090 05       		.uleb128 0x5
 292 0091 70000000 		.4byte	0x70
 293 0095 05       		.uleb128 0x5
 294 0096 7B000000 		.4byte	0x7b
 295 009a 06       		.uleb128 0x6
 296 009b 10       		.byte	0x10
 297 009c 03       		.byte	0x3
 298 009d F1       		.byte	0xf1
 299 009e DB000000 		.4byte	0xdb
 300 00a2 07       		.uleb128 0x7
 301 00a3 EB000000 		.4byte	.LASF12
 302 00a7 03       		.byte	0x3
 303 00a8 F2       		.byte	0xf2
 304 00a9 95000000 		.4byte	0x95
 305 00ad 02       		.byte	0x2
 306 00ae 23       		.byte	0x23
 307 00af 00       		.uleb128 0x0
 308 00b0 07       		.uleb128 0x7
 309 00b1 30010000 		.4byte	.LASF13
 310 00b5 03       		.byte	0x3
 311 00b6 F3       		.byte	0xf3
 312 00b7 95000000 		.4byte	0x95
 313 00bb 02       		.byte	0x2
 314 00bc 23       		.byte	0x23
 315 00bd 04       		.uleb128 0x4
 316 00be 07       		.uleb128 0x7
 317 00bf 55010000 		.4byte	.LASF14
 318 00c3 03       		.byte	0x3
 319 00c4 F4       		.byte	0xf4
 320 00c5 95000000 		.4byte	0x95
 321 00c9 02       		.byte	0x2
 322 00ca 23       		.byte	0x23
 323 00cb 08       		.uleb128 0x8
 324 00cc 07       		.uleb128 0x7
 325 00cd 7C000000 		.4byte	.LASF15
 326 00d1 03       		.byte	0x3
 327 00d2 F5       		.byte	0xf5
 328 00d3 95000000 		.4byte	0x95
 329 00d7 02       		.byte	0x2
 330 00d8 23       		.byte	0x23
 331 00d9 0C       		.uleb128 0xc
 332 00da 00       		.byte	0x0
 333 00db 04       		.uleb128 0x4
 334 00dc 7D010000 		.4byte	.LASF16
 335 00e0 03       		.byte	0x3
 336 00e1 F6       		.byte	0xf6
 337 00e2 9A000000 		.4byte	0x9a
 338 00e6 08       		.uleb128 0x8
ARM GAS  /tmp/ccxWPiJ6.s 			page 7


 339 00e7 20       		.byte	0x20
 340 00e8 03       		.byte	0x3
 341 00e9 0601     		.2byte	0x106
 342 00eb 68010000 		.4byte	0x168
 343 00ef 09       		.uleb128 0x9
 344 00f0 5B010000 		.4byte	.LASF17
 345 00f4 03       		.byte	0x3
 346 00f5 0701     		.2byte	0x107
 347 00f7 95000000 		.4byte	0x95
 348 00fb 02       		.byte	0x2
 349 00fc 23       		.byte	0x23
 350 00fd 00       		.uleb128 0x0
 351 00fe 09       		.uleb128 0x9
 352 00ff 90000000 		.4byte	.LASF18
 353 0103 03       		.byte	0x3
 354 0104 0801     		.2byte	0x108
 355 0106 95000000 		.4byte	0x95
 356 010a 02       		.byte	0x2
 357 010b 23       		.byte	0x23
 358 010c 04       		.uleb128 0x4
 359 010d 09       		.uleb128 0x9
 360 010e D7000000 		.4byte	.LASF19
 361 0112 03       		.byte	0x3
 362 0113 0901     		.2byte	0x109
 363 0115 95000000 		.4byte	0x95
 364 0119 02       		.byte	0x2
 365 011a 23       		.byte	0x23
 366 011b 08       		.uleb128 0x8
 367 011c 09       		.uleb128 0x9
 368 011d 60010000 		.4byte	.LASF20
 369 0121 03       		.byte	0x3
 370 0122 0A01     		.2byte	0x10a
 371 0124 95000000 		.4byte	0x95
 372 0128 02       		.byte	0x2
 373 0129 23       		.byte	0x23
 374 012a 0C       		.uleb128 0xc
 375 012b 09       		.uleb128 0x9
 376 012c 53000000 		.4byte	.LASF21
 377 0130 03       		.byte	0x3
 378 0131 0B01     		.2byte	0x10b
 379 0133 95000000 		.4byte	0x95
 380 0137 02       		.byte	0x2
 381 0138 23       		.byte	0x23
 382 0139 10       		.uleb128 0x10
 383 013a 09       		.uleb128 0x9
 384 013b 18010000 		.4byte	.LASF22
 385 013f 03       		.byte	0x3
 386 0140 0C01     		.2byte	0x10c
 387 0142 95000000 		.4byte	0x95
 388 0146 02       		.byte	0x2
 389 0147 23       		.byte	0x23
 390 0148 14       		.uleb128 0x14
 391 0149 09       		.uleb128 0x9
 392 014a 46000000 		.4byte	.LASF23
 393 014e 03       		.byte	0x3
 394 014f 0D01     		.2byte	0x10d
 395 0151 95000000 		.4byte	0x95
ARM GAS  /tmp/ccxWPiJ6.s 			page 8


 396 0155 02       		.byte	0x2
 397 0156 23       		.byte	0x23
 398 0157 18       		.uleb128 0x18
 399 0158 09       		.uleb128 0x9
 400 0159 24000000 		.4byte	.LASF24
 401 015d 03       		.byte	0x3
 402 015e 0E01     		.2byte	0x10e
 403 0160 95000000 		.4byte	0x95
 404 0164 02       		.byte	0x2
 405 0165 23       		.byte	0x23
 406 0166 1C       		.uleb128 0x1c
 407 0167 00       		.byte	0x0
 408 0168 0A       		.uleb128 0xa
 409 0169 37000000 		.4byte	.LASF25
 410 016d 03       		.byte	0x3
 411 016e 0F01     		.2byte	0x10f
 412 0170 E6000000 		.4byte	0xe6
 413 0174 03       		.uleb128 0x3
 414 0175 01       		.byte	0x1
 415 0176 08       		.byte	0x8
 416 0177 43010000 		.4byte	.LASF26
 417 017b 0B       		.uleb128 0xb
 418 017c 90000000 		.4byte	0x90
 419 0180 08       		.uleb128 0x8
 420 0181 10       		.byte	0x10
 421 0182 04       		.byte	0x4
 422 0183 3802     		.2byte	0x238
 423 0185 C6010000 		.4byte	0x1c6
 424 0189 09       		.uleb128 0x9
 425 018a 5B010000 		.4byte	.LASF17
 426 018e 04       		.byte	0x4
 427 018f 3A02     		.2byte	0x23a
 428 0191 90000000 		.4byte	0x90
 429 0195 02       		.byte	0x2
 430 0196 23       		.byte	0x23
 431 0197 00       		.uleb128 0x0
 432 0198 09       		.uleb128 0x9
 433 0199 92010000 		.4byte	.LASF27
 434 019d 04       		.byte	0x4
 435 019e 3B02     		.2byte	0x23b
 436 01a0 90000000 		.4byte	0x90
 437 01a4 02       		.byte	0x2
 438 01a5 23       		.byte	0x23
 439 01a6 04       		.uleb128 0x4
 440 01a7 0C       		.uleb128 0xc
 441 01a8 56414C00 		.ascii	"VAL\000"
 442 01ac 04       		.byte	0x4
 443 01ad 3C02     		.2byte	0x23c
 444 01af 90000000 		.4byte	0x90
 445 01b3 02       		.byte	0x2
 446 01b4 23       		.byte	0x23
 447 01b5 08       		.uleb128 0x8
 448 01b6 09       		.uleb128 0x9
 449 01b7 6F010000 		.4byte	.LASF28
 450 01bb 04       		.byte	0x4
 451 01bc 3D02     		.2byte	0x23d
 452 01be 7B010000 		.4byte	0x17b
ARM GAS  /tmp/ccxWPiJ6.s 			page 9


 453 01c2 02       		.byte	0x2
 454 01c3 23       		.byte	0x23
 455 01c4 0C       		.uleb128 0xc
 456 01c5 00       		.byte	0x0
 457 01c6 0A       		.uleb128 0xa
 458 01c7 48010000 		.4byte	.LASF29
 459 01cb 04       		.byte	0x4
 460 01cc 3E02     		.2byte	0x23e
 461 01ce 80010000 		.4byte	0x180
 462 01d2 05       		.uleb128 0x5
 463 01d3 5E000000 		.4byte	0x5e
 464 01d7 08       		.uleb128 0x8
 465 01d8 24       		.byte	0x24
 466 01d9 05       		.byte	0x5
 467 01da 9403     		.2byte	0x394
 468 01dc 65020000 		.4byte	0x265
 469 01e0 0C       		.uleb128 0xc
 470 01e1 41435200 		.ascii	"ACR\000"
 471 01e5 05       		.byte	0x5
 472 01e6 9603     		.2byte	0x396
 473 01e8 90000000 		.4byte	0x90
 474 01ec 02       		.byte	0x2
 475 01ed 23       		.byte	0x23
 476 01ee 00       		.uleb128 0x0
 477 01ef 09       		.uleb128 0x9
 478 01f0 2C020000 		.4byte	.LASF30
 479 01f4 05       		.byte	0x5
 480 01f5 9703     		.2byte	0x397
 481 01f7 90000000 		.4byte	0x90
 482 01fb 02       		.byte	0x2
 483 01fc 23       		.byte	0x23
 484 01fd 04       		.uleb128 0x4
 485 01fe 09       		.uleb128 0x9
 486 01ff F1000000 		.4byte	.LASF31
 487 0203 05       		.byte	0x5
 488 0204 9803     		.2byte	0x398
 489 0206 90000000 		.4byte	0x90
 490 020a 02       		.byte	0x2
 491 020b 23       		.byte	0x23
 492 020c 08       		.uleb128 0x8
 493 020d 0C       		.uleb128 0xc
 494 020e 535200   		.ascii	"SR\000"
 495 0211 05       		.byte	0x5
 496 0212 9903     		.2byte	0x399
 497 0214 90000000 		.4byte	0x90
 498 0218 02       		.byte	0x2
 499 0219 23       		.byte	0x23
 500 021a 0C       		.uleb128 0xc
 501 021b 0C       		.uleb128 0xc
 502 021c 435200   		.ascii	"CR\000"
 503 021f 05       		.byte	0x5
 504 0220 9A03     		.2byte	0x39a
 505 0222 90000000 		.4byte	0x90
 506 0226 02       		.byte	0x2
 507 0227 23       		.byte	0x23
 508 0228 10       		.uleb128 0x10
 509 0229 0C       		.uleb128 0xc
ARM GAS  /tmp/ccxWPiJ6.s 			page 10


 510 022a 415200   		.ascii	"AR\000"
 511 022d 05       		.byte	0x5
 512 022e 9B03     		.2byte	0x39b
 513 0230 90000000 		.4byte	0x90
 514 0234 02       		.byte	0x2
 515 0235 23       		.byte	0x23
 516 0236 14       		.uleb128 0x14
 517 0237 09       		.uleb128 0x9
 518 0238 05010000 		.4byte	.LASF32
 519 023c 05       		.byte	0x5
 520 023d 9C03     		.2byte	0x39c
 521 023f 90000000 		.4byte	0x90
 522 0243 02       		.byte	0x2
 523 0244 23       		.byte	0x23
 524 0245 18       		.uleb128 0x18
 525 0246 0C       		.uleb128 0xc
 526 0247 4F425200 		.ascii	"OBR\000"
 527 024b 05       		.byte	0x5
 528 024c 9D03     		.2byte	0x39d
 529 024e 90000000 		.4byte	0x90
 530 0252 02       		.byte	0x2
 531 0253 23       		.byte	0x23
 532 0254 1C       		.uleb128 0x1c
 533 0255 09       		.uleb128 0x9
 534 0256 4E000000 		.4byte	.LASF33
 535 025a 05       		.byte	0x5
 536 025b 9E03     		.2byte	0x39e
 537 025d 90000000 		.4byte	0x90
 538 0261 02       		.byte	0x2
 539 0262 23       		.byte	0x23
 540 0263 20       		.uleb128 0x20
 541 0264 00       		.byte	0x0
 542 0265 0A       		.uleb128 0xa
 543 0266 29000000 		.4byte	.LASF34
 544 026a 05       		.byte	0x5
 545 026b A703     		.2byte	0x3a7
 546 026d D7010000 		.4byte	0x1d7
 547 0271 08       		.uleb128 0x8
 548 0272 08       		.byte	0x8
 549 0273 05       		.byte	0x5
 550 0274 3904     		.2byte	0x439
 551 0276 98020000 		.4byte	0x298
 552 027a 0C       		.uleb128 0xc
 553 027b 435200   		.ascii	"CR\000"
 554 027e 05       		.byte	0x5
 555 027f 3B04     		.2byte	0x43b
 556 0281 90000000 		.4byte	0x90
 557 0285 02       		.byte	0x2
 558 0286 23       		.byte	0x23
 559 0287 00       		.uleb128 0x0
 560 0288 0C       		.uleb128 0xc
 561 0289 43535200 		.ascii	"CSR\000"
 562 028d 05       		.byte	0x5
 563 028e 3C04     		.2byte	0x43c
 564 0290 90000000 		.4byte	0x90
 565 0294 02       		.byte	0x2
 566 0295 23       		.byte	0x23
ARM GAS  /tmp/ccxWPiJ6.s 			page 11


 567 0296 04       		.uleb128 0x4
 568 0297 00       		.byte	0x0
 569 0298 0A       		.uleb128 0xa
 570 0299 F9000000 		.4byte	.LASF35
 571 029d 05       		.byte	0x5
 572 029e 3D04     		.2byte	0x43d
 573 02a0 71020000 		.4byte	0x271
 574 02a4 08       		.uleb128 0x8
 575 02a5 28       		.byte	0x28
 576 02a6 05       		.byte	0x5
 577 02a7 4304     		.2byte	0x443
 578 02a9 43030000 		.4byte	0x343
 579 02ad 0C       		.uleb128 0xc
 580 02ae 435200   		.ascii	"CR\000"
 581 02b1 05       		.byte	0x5
 582 02b2 4504     		.2byte	0x445
 583 02b4 90000000 		.4byte	0x90
 584 02b8 02       		.byte	0x2
 585 02b9 23       		.byte	0x23
 586 02ba 00       		.uleb128 0x0
 587 02bb 09       		.uleb128 0x9
 588 02bc 13000000 		.4byte	.LASF36
 589 02c0 05       		.byte	0x5
 590 02c1 4604     		.2byte	0x446
 591 02c3 90000000 		.4byte	0x90
 592 02c7 02       		.byte	0x2
 593 02c8 23       		.byte	0x23
 594 02c9 04       		.uleb128 0x4
 595 02ca 0C       		.uleb128 0xc
 596 02cb 43495200 		.ascii	"CIR\000"
 597 02cf 05       		.byte	0x5
 598 02d0 4704     		.2byte	0x447
 599 02d2 90000000 		.4byte	0x90
 600 02d6 02       		.byte	0x2
 601 02d7 23       		.byte	0x23
 602 02d8 08       		.uleb128 0x8
 603 02d9 09       		.uleb128 0x9
 604 02da 27010000 		.4byte	.LASF37
 605 02de 05       		.byte	0x5
 606 02df 4804     		.2byte	0x448
 607 02e1 90000000 		.4byte	0x90
 608 02e5 02       		.byte	0x2
 609 02e6 23       		.byte	0x23
 610 02e7 0C       		.uleb128 0xc
 611 02e8 09       		.uleb128 0x9
 612 02e9 73000000 		.4byte	.LASF38
 613 02ed 05       		.byte	0x5
 614 02ee 4904     		.2byte	0x449
 615 02f0 90000000 		.4byte	0x90
 616 02f4 02       		.byte	0x2
 617 02f5 23       		.byte	0x23
 618 02f6 10       		.uleb128 0x10
 619 02f7 09       		.uleb128 0x9
 620 02f8 3F000000 		.4byte	.LASF39
 621 02fc 05       		.byte	0x5
 622 02fd 4A04     		.2byte	0x44a
 623 02ff 90000000 		.4byte	0x90
ARM GAS  /tmp/ccxWPiJ6.s 			page 12


 624 0303 02       		.byte	0x2
 625 0304 23       		.byte	0x23
 626 0305 14       		.uleb128 0x14
 627 0306 09       		.uleb128 0x9
 628 0307 75010000 		.4byte	.LASF40
 629 030b 05       		.byte	0x5
 630 030c 4B04     		.2byte	0x44b
 631 030e 90000000 		.4byte	0x90
 632 0312 02       		.byte	0x2
 633 0313 23       		.byte	0x23
 634 0314 18       		.uleb128 0x18
 635 0315 09       		.uleb128 0x9
 636 0316 1F010000 		.4byte	.LASF41
 637 031a 05       		.byte	0x5
 638 031b 4C04     		.2byte	0x44c
 639 031d 90000000 		.4byte	0x90
 640 0321 02       		.byte	0x2
 641 0322 23       		.byte	0x23
 642 0323 1C       		.uleb128 0x1c
 643 0324 09       		.uleb128 0x9
 644 0325 0E000000 		.4byte	.LASF42
 645 0329 05       		.byte	0x5
 646 032a 4D04     		.2byte	0x44d
 647 032c 90000000 		.4byte	0x90
 648 0330 02       		.byte	0x2
 649 0331 23       		.byte	0x23
 650 0332 20       		.uleb128 0x20
 651 0333 0C       		.uleb128 0xc
 652 0334 43535200 		.ascii	"CSR\000"
 653 0338 05       		.byte	0x5
 654 0339 4E04     		.2byte	0x44e
 655 033b 90000000 		.4byte	0x90
 656 033f 02       		.byte	0x2
 657 0340 23       		.byte	0x23
 658 0341 24       		.uleb128 0x24
 659 0342 00       		.byte	0x0
 660 0343 0A       		.uleb128 0xa
 661 0344 B1010000 		.4byte	.LASF43
 662 0348 05       		.byte	0x5
 663 0349 5904     		.2byte	0x459
 664 034b A4020000 		.4byte	0x2a4
 665 034f 0D       		.uleb128 0xd
 666 0350 BC000000 		.4byte	.LASF48
 667 0354 01       		.byte	0x1
 668 0355 38       		.byte	0x38
 669 0356 01       		.byte	0x1
 670 0357 01       		.byte	0x1
 671 0358 0E       		.uleb128 0xe
 672 0359 01       		.byte	0x1
 673 035a 85010000 		.4byte	.LASF49
 674 035e 01       		.byte	0x1
 675 035f 65       		.byte	0x65
 676 0360 01       		.byte	0x1
 677 0361 00000000 		.4byte	.LFB56
 678 0365 94000000 		.4byte	.LFE56
 679 0369 02       		.byte	0x2
 680 036a 7D       		.byte	0x7d
ARM GAS  /tmp/ccxWPiJ6.s 			page 13


 681 036b 00       		.sleb128 0
 682 036c 80030000 		.4byte	0x380
 683 0370 0F       		.uleb128 0xf
 684 0371 4F030000 		.4byte	0x34f
 685 0375 46000000 		.4byte	.LBB4
 686 0379 94000000 		.4byte	.LBE4
 687 037d 01       		.byte	0x1
 688 037e 7B       		.byte	0x7b
 689 037f 00       		.byte	0x0
 690 0380 10       		.uleb128 0x10
 691 0381 01       		.byte	0x1
 692 0382 97010000 		.4byte	.LASF50
 693 0386 01       		.byte	0x1
 694 0387 95       		.byte	0x95
 695 0388 01       		.byte	0x1
 696 0389 00000000 		.4byte	.LFB57
 697 038d 84000000 		.4byte	.LFE57
 698 0391 02       		.byte	0x2
 699 0392 7D       		.byte	0x7d
 700 0393 00       		.sleb128 0
 701 0394 11       		.uleb128 0x11
 702 0395 DE000000 		.4byte	.LASF44
 703 0399 04       		.byte	0x4
 704 039a 9404     		.2byte	0x494
 705 039c D2010000 		.4byte	0x1d2
 706 03a0 01       		.byte	0x1
 707 03a1 01       		.byte	0x1
 708 03a2 11       		.uleb128 0x11
 709 03a3 DE000000 		.4byte	.LASF44
 710 03a7 04       		.byte	0x4
 711 03a8 9404     		.2byte	0x494
 712 03aa D2010000 		.4byte	0x1d2
 713 03ae 01       		.byte	0x1
 714 03af 01       		.byte	0x1
 715 03b0 00       		.byte	0x0
 716              		.section	.debug_abbrev
 717 0000 01       		.uleb128 0x1
 718 0001 11       		.uleb128 0x11
 719 0002 01       		.byte	0x1
 720 0003 25       		.uleb128 0x25
 721 0004 0E       		.uleb128 0xe
 722 0005 13       		.uleb128 0x13
 723 0006 0B       		.uleb128 0xb
 724 0007 03       		.uleb128 0x3
 725 0008 0E       		.uleb128 0xe
 726 0009 1B       		.uleb128 0x1b
 727 000a 0E       		.uleb128 0xe
 728 000b 11       		.uleb128 0x11
 729 000c 01       		.uleb128 0x1
 730 000d 52       		.uleb128 0x52
 731 000e 01       		.uleb128 0x1
 732 000f 55       		.uleb128 0x55
 733 0010 06       		.uleb128 0x6
 734 0011 10       		.uleb128 0x10
 735 0012 06       		.uleb128 0x6
 736 0013 00       		.byte	0x0
 737 0014 00       		.byte	0x0
ARM GAS  /tmp/ccxWPiJ6.s 			page 14


 738 0015 02       		.uleb128 0x2
 739 0016 24       		.uleb128 0x24
 740 0017 00       		.byte	0x0
 741 0018 0B       		.uleb128 0xb
 742 0019 0B       		.uleb128 0xb
 743 001a 3E       		.uleb128 0x3e
 744 001b 0B       		.uleb128 0xb
 745 001c 03       		.uleb128 0x3
 746 001d 08       		.uleb128 0x8
 747 001e 00       		.byte	0x0
 748 001f 00       		.byte	0x0
 749 0020 03       		.uleb128 0x3
 750 0021 24       		.uleb128 0x24
 751 0022 00       		.byte	0x0
 752 0023 0B       		.uleb128 0xb
 753 0024 0B       		.uleb128 0xb
 754 0025 3E       		.uleb128 0x3e
 755 0026 0B       		.uleb128 0xb
 756 0027 03       		.uleb128 0x3
 757 0028 0E       		.uleb128 0xe
 758 0029 00       		.byte	0x0
 759 002a 00       		.byte	0x0
 760 002b 04       		.uleb128 0x4
 761 002c 16       		.uleb128 0x16
 762 002d 00       		.byte	0x0
 763 002e 03       		.uleb128 0x3
 764 002f 0E       		.uleb128 0xe
 765 0030 3A       		.uleb128 0x3a
 766 0031 0B       		.uleb128 0xb
 767 0032 3B       		.uleb128 0x3b
 768 0033 0B       		.uleb128 0xb
 769 0034 49       		.uleb128 0x49
 770 0035 13       		.uleb128 0x13
 771 0036 00       		.byte	0x0
 772 0037 00       		.byte	0x0
 773 0038 05       		.uleb128 0x5
 774 0039 35       		.uleb128 0x35
 775 003a 00       		.byte	0x0
 776 003b 49       		.uleb128 0x49
 777 003c 13       		.uleb128 0x13
 778 003d 00       		.byte	0x0
 779 003e 00       		.byte	0x0
 780 003f 06       		.uleb128 0x6
 781 0040 13       		.uleb128 0x13
 782 0041 01       		.byte	0x1
 783 0042 0B       		.uleb128 0xb
 784 0043 0B       		.uleb128 0xb
 785 0044 3A       		.uleb128 0x3a
 786 0045 0B       		.uleb128 0xb
 787 0046 3B       		.uleb128 0x3b
 788 0047 0B       		.uleb128 0xb
 789 0048 01       		.uleb128 0x1
 790 0049 13       		.uleb128 0x13
 791 004a 00       		.byte	0x0
 792 004b 00       		.byte	0x0
 793 004c 07       		.uleb128 0x7
 794 004d 0D       		.uleb128 0xd
ARM GAS  /tmp/ccxWPiJ6.s 			page 15


 795 004e 00       		.byte	0x0
 796 004f 03       		.uleb128 0x3
 797 0050 0E       		.uleb128 0xe
 798 0051 3A       		.uleb128 0x3a
 799 0052 0B       		.uleb128 0xb
 800 0053 3B       		.uleb128 0x3b
 801 0054 0B       		.uleb128 0xb
 802 0055 49       		.uleb128 0x49
 803 0056 13       		.uleb128 0x13
 804 0057 38       		.uleb128 0x38
 805 0058 0A       		.uleb128 0xa
 806 0059 00       		.byte	0x0
 807 005a 00       		.byte	0x0
 808 005b 08       		.uleb128 0x8
 809 005c 13       		.uleb128 0x13
 810 005d 01       		.byte	0x1
 811 005e 0B       		.uleb128 0xb
 812 005f 0B       		.uleb128 0xb
 813 0060 3A       		.uleb128 0x3a
 814 0061 0B       		.uleb128 0xb
 815 0062 3B       		.uleb128 0x3b
 816 0063 05       		.uleb128 0x5
 817 0064 01       		.uleb128 0x1
 818 0065 13       		.uleb128 0x13
 819 0066 00       		.byte	0x0
 820 0067 00       		.byte	0x0
 821 0068 09       		.uleb128 0x9
 822 0069 0D       		.uleb128 0xd
 823 006a 00       		.byte	0x0
 824 006b 03       		.uleb128 0x3
 825 006c 0E       		.uleb128 0xe
 826 006d 3A       		.uleb128 0x3a
 827 006e 0B       		.uleb128 0xb
 828 006f 3B       		.uleb128 0x3b
 829 0070 05       		.uleb128 0x5
 830 0071 49       		.uleb128 0x49
 831 0072 13       		.uleb128 0x13
 832 0073 38       		.uleb128 0x38
 833 0074 0A       		.uleb128 0xa
 834 0075 00       		.byte	0x0
 835 0076 00       		.byte	0x0
 836 0077 0A       		.uleb128 0xa
 837 0078 16       		.uleb128 0x16
 838 0079 00       		.byte	0x0
 839 007a 03       		.uleb128 0x3
 840 007b 0E       		.uleb128 0xe
 841 007c 3A       		.uleb128 0x3a
 842 007d 0B       		.uleb128 0xb
 843 007e 3B       		.uleb128 0x3b
 844 007f 05       		.uleb128 0x5
 845 0080 49       		.uleb128 0x49
 846 0081 13       		.uleb128 0x13
 847 0082 00       		.byte	0x0
 848 0083 00       		.byte	0x0
 849 0084 0B       		.uleb128 0xb
 850 0085 26       		.uleb128 0x26
 851 0086 00       		.byte	0x0
ARM GAS  /tmp/ccxWPiJ6.s 			page 16


 852 0087 49       		.uleb128 0x49
 853 0088 13       		.uleb128 0x13
 854 0089 00       		.byte	0x0
 855 008a 00       		.byte	0x0
 856 008b 0C       		.uleb128 0xc
 857 008c 0D       		.uleb128 0xd
 858 008d 00       		.byte	0x0
 859 008e 03       		.uleb128 0x3
 860 008f 08       		.uleb128 0x8
 861 0090 3A       		.uleb128 0x3a
 862 0091 0B       		.uleb128 0xb
 863 0092 3B       		.uleb128 0x3b
 864 0093 05       		.uleb128 0x5
 865 0094 49       		.uleb128 0x49
 866 0095 13       		.uleb128 0x13
 867 0096 38       		.uleb128 0x38
 868 0097 0A       		.uleb128 0xa
 869 0098 00       		.byte	0x0
 870 0099 00       		.byte	0x0
 871 009a 0D       		.uleb128 0xd
 872 009b 2E       		.uleb128 0x2e
 873 009c 00       		.byte	0x0
 874 009d 03       		.uleb128 0x3
 875 009e 0E       		.uleb128 0xe
 876 009f 3A       		.uleb128 0x3a
 877 00a0 0B       		.uleb128 0xb
 878 00a1 3B       		.uleb128 0x3b
 879 00a2 0B       		.uleb128 0xb
 880 00a3 27       		.uleb128 0x27
 881 00a4 0C       		.uleb128 0xc
 882 00a5 20       		.uleb128 0x20
 883 00a6 0B       		.uleb128 0xb
 884 00a7 00       		.byte	0x0
 885 00a8 00       		.byte	0x0
 886 00a9 0E       		.uleb128 0xe
 887 00aa 2E       		.uleb128 0x2e
 888 00ab 01       		.byte	0x1
 889 00ac 3F       		.uleb128 0x3f
 890 00ad 0C       		.uleb128 0xc
 891 00ae 03       		.uleb128 0x3
 892 00af 0E       		.uleb128 0xe
 893 00b0 3A       		.uleb128 0x3a
 894 00b1 0B       		.uleb128 0xb
 895 00b2 3B       		.uleb128 0x3b
 896 00b3 0B       		.uleb128 0xb
 897 00b4 27       		.uleb128 0x27
 898 00b5 0C       		.uleb128 0xc
 899 00b6 11       		.uleb128 0x11
 900 00b7 01       		.uleb128 0x1
 901 00b8 12       		.uleb128 0x12
 902 00b9 01       		.uleb128 0x1
 903 00ba 40       		.uleb128 0x40
 904 00bb 0A       		.uleb128 0xa
 905 00bc 01       		.uleb128 0x1
 906 00bd 13       		.uleb128 0x13
 907 00be 00       		.byte	0x0
 908 00bf 00       		.byte	0x0
ARM GAS  /tmp/ccxWPiJ6.s 			page 17


 909 00c0 0F       		.uleb128 0xf
 910 00c1 1D       		.uleb128 0x1d
 911 00c2 00       		.byte	0x0
 912 00c3 31       		.uleb128 0x31
 913 00c4 13       		.uleb128 0x13
 914 00c5 11       		.uleb128 0x11
 915 00c6 01       		.uleb128 0x1
 916 00c7 12       		.uleb128 0x12
 917 00c8 01       		.uleb128 0x1
 918 00c9 58       		.uleb128 0x58
 919 00ca 0B       		.uleb128 0xb
 920 00cb 59       		.uleb128 0x59
 921 00cc 0B       		.uleb128 0xb
 922 00cd 00       		.byte	0x0
 923 00ce 00       		.byte	0x0
 924 00cf 10       		.uleb128 0x10
 925 00d0 2E       		.uleb128 0x2e
 926 00d1 00       		.byte	0x0
 927 00d2 3F       		.uleb128 0x3f
 928 00d3 0C       		.uleb128 0xc
 929 00d4 03       		.uleb128 0x3
 930 00d5 0E       		.uleb128 0xe
 931 00d6 3A       		.uleb128 0x3a
 932 00d7 0B       		.uleb128 0xb
 933 00d8 3B       		.uleb128 0x3b
 934 00d9 0B       		.uleb128 0xb
 935 00da 27       		.uleb128 0x27
 936 00db 0C       		.uleb128 0xc
 937 00dc 11       		.uleb128 0x11
 938 00dd 01       		.uleb128 0x1
 939 00de 12       		.uleb128 0x12
 940 00df 01       		.uleb128 0x1
 941 00e0 40       		.uleb128 0x40
 942 00e1 0A       		.uleb128 0xa
 943 00e2 00       		.byte	0x0
 944 00e3 00       		.byte	0x0
 945 00e4 11       		.uleb128 0x11
 946 00e5 34       		.uleb128 0x34
 947 00e6 00       		.byte	0x0
 948 00e7 03       		.uleb128 0x3
 949 00e8 0E       		.uleb128 0xe
 950 00e9 3A       		.uleb128 0x3a
 951 00ea 0B       		.uleb128 0xb
 952 00eb 3B       		.uleb128 0x3b
 953 00ec 05       		.uleb128 0x5
 954 00ed 49       		.uleb128 0x49
 955 00ee 13       		.uleb128 0x13
 956 00ef 3F       		.uleb128 0x3f
 957 00f0 0C       		.uleb128 0xc
 958 00f1 3C       		.uleb128 0x3c
 959 00f2 0C       		.uleb128 0xc
 960 00f3 00       		.byte	0x0
 961 00f4 00       		.byte	0x0
 962 00f5 00       		.byte	0x0
 963              		.section	.debug_pubnames,"",%progbits
 964 0000 34000000 		.4byte	0x34
 965 0004 0200     		.2byte	0x2
ARM GAS  /tmp/ccxWPiJ6.s 			page 18


 966 0006 00000000 		.4byte	.Ldebug_info0
 967 000a B1030000 		.4byte	0x3b1
 968 000e 58030000 		.4byte	0x358
 969 0012 68616C5F 		.ascii	"hal_lld_init\000"
 969      6C6C645F 
 969      696E6974 
 969      00
 970 001f 80030000 		.4byte	0x380
 971 0023 73746D33 		.ascii	"stm32_clock_init\000"
 971      325F636C 
 971      6F636B5F 
 971      696E6974 
 971      00
 972 0034 00000000 		.4byte	0x0
 973              		.section	.debug_pubtypes,"",%progbits
 974 0000 8F000000 		.4byte	0x8f
 975 0004 0200     		.2byte	0x2
 976 0006 00000000 		.4byte	.Ldebug_info0
 977 000a B1030000 		.4byte	0x3b1
 978 000e 4C000000 		.4byte	0x4c
 979 0012 75696E74 		.ascii	"uint16_t\000"
 979      31365F74 
 979      00
 980 001b 5E000000 		.4byte	0x5e
 981 001f 696E7433 		.ascii	"int32_t\000"
 981      325F7400 
 982 0027 70000000 		.4byte	0x70
 983 002b 75696E74 		.ascii	"uint32_t\000"
 983      33325F74 
 983      00
 984 0034 DB000000 		.4byte	0xdb
 985 0038 434D785F 		.ascii	"CMx_SCS\000"
 985      53435300 
 986 0040 68010000 		.4byte	0x168
 987 0044 434D785F 		.ascii	"CMx_DWT\000"
 987      44575400 
 988 004c C6010000 		.4byte	0x1c6
 989 0050 53797354 		.ascii	"SysTick_Type\000"
 989      69636B5F 
 989      54797065 
 989      00
 990 005d 65020000 		.4byte	0x265
 991 0061 464C4153 		.ascii	"FLASH_TypeDef\000"
 991      485F5479 
 991      70654465 
 991      6600
 992 006f 98020000 		.4byte	0x298
 993 0073 5057525F 		.ascii	"PWR_TypeDef\000"
 993      54797065 
 993      44656600 
 994 007f 43030000 		.4byte	0x343
 995 0083 5243435F 		.ascii	"RCC_TypeDef\000"
 995      54797065 
 995      44656600 
 996 008f 00000000 		.4byte	0x0
 997              		.section	.debug_aranges,"",%progbits
 998 0000 24000000 		.4byte	0x24
ARM GAS  /tmp/ccxWPiJ6.s 			page 19


 999 0004 0200     		.2byte	0x2
 1000 0006 00000000 		.4byte	.Ldebug_info0
 1001 000a 04       		.byte	0x4
 1002 000b 00       		.byte	0x0
 1003 000c 0000     		.2byte	0x0
 1004 000e 0000     		.2byte	0x0
 1005 0010 00000000 		.4byte	.LFB56
 1006 0014 94000000 		.4byte	.LFE56-.LFB56
 1007 0018 00000000 		.4byte	.LFB57
 1008 001c 84000000 		.4byte	.LFE57-.LFB57
 1009 0020 00000000 		.4byte	0x0
 1010 0024 00000000 		.4byte	0x0
 1011              		.section	.debug_ranges,"",%progbits
 1012              	.Ldebug_ranges0:
 1013 0000 00000000 		.4byte	.LFB56
 1014 0004 94000000 		.4byte	.LFE56
 1015 0008 00000000 		.4byte	.LFB57
 1016 000c 84000000 		.4byte	.LFE57
 1017 0010 00000000 		.4byte	0x0
 1018 0014 00000000 		.4byte	0x0
 1019              		.section	.debug_str,"MS",%progbits,1
 1020              	.LASF10:
 1021 0000 6C6F6E67 		.ascii	"long long int\000"
 1021      206C6F6E 
 1021      6720696E 
 1021      7400
 1022              	.LASF42:
 1023 000e 42444352 		.ascii	"BDCR\000"
 1023      00
 1024              	.LASF36:
 1025 0013 43464752 		.ascii	"CFGR\000"
 1025      00
 1026              	.LASF45:
 1027 0018 474E5520 		.ascii	"GNU C 4.5.2\000"
 1027      4320342E 
 1027      352E3200 
 1028              	.LASF24:
 1029 0024 50435352 		.ascii	"PCSR\000"
 1029      00
 1030              	.LASF34:
 1031 0029 464C4153 		.ascii	"FLASH_TypeDef\000"
 1031      485F5479 
 1031      70654465 
 1031      6600
 1032              	.LASF25:
 1033 0037 434D785F 		.ascii	"CMx_DWT\000"
 1033      44575400 
 1034              	.LASF39:
 1035 003f 41484245 		.ascii	"AHBENR\000"
 1035      4E5200
 1036              	.LASF23:
 1037 0046 464F4C44 		.ascii	"FOLDCNT\000"
 1037      434E5400 
 1038              	.LASF33:
 1039 004e 57525052 		.ascii	"WRPR\000"
 1039      00
 1040              	.LASF21:
ARM GAS  /tmp/ccxWPiJ6.s 			page 20


 1041 0053 534C4545 		.ascii	"SLEEPCNT\000"
 1041      50434E54 
 1041      00
 1042              	.LASF11:
 1043 005c 6C6F6E67 		.ascii	"long long unsigned int\000"
 1043      206C6F6E 
 1043      6720756E 
 1043      7369676E 
 1043      65642069 
 1044              	.LASF38:
 1045 0073 41504231 		.ascii	"APB1RSTR\000"
 1045      52535452 
 1045      00
 1046              	.LASF15:
 1047 007c 44454D43 		.ascii	"DEMCR\000"
 1047      5200
 1048              	.LASF2:
 1049 0082 756E7369 		.ascii	"unsigned char\000"
 1049      676E6564 
 1049      20636861 
 1049      7200
 1050              	.LASF18:
 1051 0090 43594343 		.ascii	"CYCCNT\000"
 1051      4E5400
 1052              	.LASF9:
 1053 0097 6C6F6E67 		.ascii	"long unsigned int\000"
 1053      20756E73 
 1053      69676E65 
 1053      6420696E 
 1053      7400
 1054              	.LASF4:
 1055 00a9 73686F72 		.ascii	"short unsigned int\000"
 1055      7420756E 
 1055      7369676E 
 1055      65642069 
 1055      6E7400
 1056              	.LASF48:
 1057 00bc 68616C5F 		.ascii	"hal_lld_backup_domain_init\000"
 1057      6C6C645F 
 1057      6261636B 
 1057      75705F64 
 1057      6F6D6169 
 1058              	.LASF19:
 1059 00d7 43504943 		.ascii	"CPICNT\000"
 1059      4E5400
 1060              	.LASF44:
 1061 00de 49544D5F 		.ascii	"ITM_RxBuffer\000"
 1061      52784275 
 1061      66666572 
 1061      00
 1062              	.LASF12:
 1063 00eb 44484353 		.ascii	"DHCSR\000"
 1063      5200
 1064              	.LASF31:
 1065 00f1 4F50544B 		.ascii	"OPTKEYR\000"
 1065      45595200 
 1066              	.LASF35:
ARM GAS  /tmp/ccxWPiJ6.s 			page 21


 1067 00f9 5057525F 		.ascii	"PWR_TypeDef\000"
 1067      54797065 
 1067      44656600 
 1068              	.LASF32:
 1069 0105 52455345 		.ascii	"RESERVED\000"
 1069      52564544 
 1069      00
 1070              	.LASF3:
 1071 010e 73686F72 		.ascii	"short int\000"
 1071      7420696E 
 1071      7400
 1072              	.LASF22:
 1073 0118 4C535543 		.ascii	"LSUCNT\000"
 1073      4E5400
 1074              	.LASF41:
 1075 011f 41504231 		.ascii	"APB1ENR\000"
 1075      454E5200 
 1076              	.LASF37:
 1077 0127 41504232 		.ascii	"APB2RSTR\000"
 1077      52535452 
 1077      00
 1078              	.LASF13:
 1079 0130 44435253 		.ascii	"DCRSR\000"
 1079      5200
 1080              	.LASF0:
 1081 0136 756E7369 		.ascii	"unsigned int\000"
 1081      676E6564 
 1081      20696E74 
 1081      00
 1082              	.LASF26:
 1083 0143 63686172 		.ascii	"char\000"
 1083      00
 1084              	.LASF29:
 1085 0148 53797354 		.ascii	"SysTick_Type\000"
 1085      69636B5F 
 1085      54797065 
 1085      00
 1086              	.LASF14:
 1087 0155 44435244 		.ascii	"DCRDR\000"
 1087      5200
 1088              	.LASF17:
 1089 015b 4354524C 		.ascii	"CTRL\000"
 1089      00
 1090              	.LASF20:
 1091 0160 45584343 		.ascii	"EXCCNT\000"
 1091      4E5400
 1092              	.LASF6:
 1093 0167 696E7433 		.ascii	"int32_t\000"
 1093      325F7400 
 1094              	.LASF28:
 1095 016f 43414C49 		.ascii	"CALIB\000"
 1095      4200
 1096              	.LASF40:
 1097 0175 41504232 		.ascii	"APB2ENR\000"
 1097      454E5200 
 1098              	.LASF16:
 1099 017d 434D785F 		.ascii	"CMx_SCS\000"
ARM GAS  /tmp/ccxWPiJ6.s 			page 22


 1099      53435300 
 1100              	.LASF49:
 1101 0185 68616C5F 		.ascii	"hal_lld_init\000"
 1101      6C6C645F 
 1101      696E6974 
 1101      00
 1102              	.LASF27:
 1103 0192 4C4F4144 		.ascii	"LOAD\000"
 1103      00
 1104              	.LASF50:
 1105 0197 73746D33 		.ascii	"stm32_clock_init\000"
 1105      325F636C 
 1105      6F636B5F 
 1105      696E6974 
 1105      00
 1106              	.LASF5:
 1107 01a8 75696E74 		.ascii	"uint16_t\000"
 1107      31365F74 
 1107      00
 1108              	.LASF43:
 1109 01b1 5243435F 		.ascii	"RCC_TypeDef\000"
 1109      54797065 
 1109      44656600 
 1110              	.LASF46:
 1111 01bd 2E2E2F63 		.ascii	"../chibios/os/hal/platforms/STM32F1xx/hal_lld.c\000"
 1111      68696269 
 1111      6F732F6F 
 1111      732F6861 
 1111      6C2F706C 
 1112              	.LASF7:
 1113 01ed 6C6F6E67 		.ascii	"long int\000"
 1113      20696E74 
 1113      00
 1114              	.LASF47:
 1115 01f6 2F686F6D 		.ascii	"/home/z80/projects/dfu.git/firmware-pawn-dev/firmwa"
 1115      652F7A38 
 1115      302F7072 
 1115      6F6A6563 
 1115      74732F64 
 1116 0229 726500   		.ascii	"re\000"
 1117              	.LASF30:
 1118 022c 4B455952 		.ascii	"KEYR\000"
 1118      00
 1119              	.LASF1:
 1120 0231 7369676E 		.ascii	"signed char\000"
 1120      65642063 
 1120      68617200 
 1121              	.LASF8:
 1122 023d 75696E74 		.ascii	"uint32_t\000"
 1122      33325F74 
 1122      00
 1123              		.ident	"GCC: (Sourcery G++ Lite 2011.03-42) 4.5.2"
ARM GAS  /tmp/ccxWPiJ6.s 			page 23


DEFINED SYMBOLS
                            *ABS*:00000000 hal_lld.c
     /tmp/ccxWPiJ6.s:24     .text.hal_lld_init:00000000 $t
     /tmp/ccxWPiJ6.s:29     .text.hal_lld_init:00000000 hal_lld_init
     /tmp/ccxWPiJ6.s:114    .text.hal_lld_init:00000080 $d
     /tmp/ccxWPiJ6.s:125    .text.stm32_clock_init:00000000 $t
     /tmp/ccxWPiJ6.s:130    .text.stm32_clock_init:00000000 stm32_clock_init
     /tmp/ccxWPiJ6.s:210    .text.stm32_clock_init:00000078 $d
                     .debug_frame:00000010 $d

NO UNDEFINED SYMBOLS
