ARM GAS  /tmp/cc0keHeR.s 			page 1


   1              		.syntax unified
   2              		.cpu cortex-m3
   3              		.fpu softvfp
   4              		.eabi_attribute 20, 1
   5              		.eabi_attribute 21, 1
   6              		.eabi_attribute 23, 3
   7              		.eabi_attribute 24, 1
   8              		.eabi_attribute 25, 1
   9              		.eabi_attribute 26, 1
  10              		.eabi_attribute 30, 4
  11              		.eabi_attribute 18, 4
  12              		.thumb
  13              		.file	"main.c"
  14              		.section	.debug_abbrev,"",%progbits
  15              	.Ldebug_abbrev0:
  16              		.section	.debug_info,"",%progbits
  17              	.Ldebug_info0:
  18              		.section	.debug_line,"",%progbits
  19              	.Ldebug_line0:
  20 0000 28010000 		.text
  20      02000401 
  20      00000201 
  20      FB0E0D00 
  20      01010101 
  21              	.Ltext0:
  22              		.cfi_sections	.debug_frame
  23              		.section	.text.main,"ax",%progbits
  24              		.align	1
  25              		.global	main
  26              		.thumb
  27              		.thumb_func
  28              		.type	main, %function
  29              	main:
  30              	.LFB55:
  31              		.file 1 "main.c"
  32              		.loc 1 13 0
  33              		.cfi_startproc
  34              		@ args = 0, pretend = 0, frame = 0
  35              		@ frame_needed = 0, uses_anonymous_args = 0
  36 0000 08B5     		push	{r3, lr}
  37              	.LCFI0:
  38              		.cfi_def_cfa_offset 8
  39              		.loc 1 16 0
  40              		.cfi_offset 14, -4
  41              		.cfi_offset 3, -8
  42 0002 FFF7FEFF 		bl	halInit
  43              		.loc 1 17 0
  44 0006 FFF7FEFF 		bl	chSysInit
  45              		.loc 1 19 0
  46 000a FFF7FEFF 		bl	pawnInit
  47              		.loc 1 20 0
  48 000e FFF7FEFF 		bl	initUsb
  49              		.loc 1 22 0
  50 0012 FFF7FEFF 		bl	pawnRun
  51              	.L2:
  52              		.loc 1 25 0 discriminator 1
  53 0016 FFF7FEFF 		bl	processShell
ARM GAS  /tmp/cc0keHeR.s 			page 2


  54              		.loc 1 26 0 discriminator 1
  55 001a FA20     		movs	r0, #250
  56 001c FFF7FEFF 		bl	chThdSleep
  57 0020 F9E7     		b	.L2
  58              		.cfi_endproc
  59              	.LFE55:
  60              		.size	main, .-main
  61              		.text
  62              	.Letext0:
  63              		.section	.debug_loc,"",%progbits
  64              	.Ldebug_loc0:
  65              	.LLST0:
  66 0000 00000000 		.4byte	.LFB55
  67 0004 02000000 		.4byte	.LCFI0
  68 0008 0200     		.2byte	0x2
  69 000a 7D       		.byte	0x7d
  70 000b 00       		.sleb128 0
  71 000c 02000000 		.4byte	.LCFI0
  72 0010 22000000 		.4byte	.LFE55
  73 0014 0200     		.2byte	0x2
  74 0016 7D       		.byte	0x7d
  75 0017 08       		.sleb128 8
  76 0018 00000000 		.4byte	0x0
  77 001c 00000000 		.4byte	0x0
  78              		.file 2 "/home/z80/programs/code-sourcery/2011.03-42/bin/../lib/gcc/arm-none-eabi/4.5.2/../../../.
  79              		.file 3 "../chibios/os/ports/GCC/ARMCMx/chtypes.h"
  80              		.file 4 "../chibios/os/ports/common/ARMCMx/CMSIS/include/core_cm3.h"
  81              		.section	.debug_info
  82 0000 CE000000 		.4byte	0xce
  83 0004 0200     		.2byte	0x2
  84 0006 00000000 		.4byte	.Ldebug_abbrev0
  85 000a 04       		.byte	0x4
  86 000b 01       		.uleb128 0x1
  87 000c 21000000 		.4byte	.LASF14
  88 0010 01       		.byte	0x1
  89 0011 3A000000 		.4byte	.LASF15
  90 0015 41000000 		.4byte	.LASF16
  91 0019 00000000 		.4byte	0x0
  92 001d 00000000 		.4byte	0x0
  93 0021 00000000 		.4byte	.Ldebug_ranges0+0x0
  94 0025 00000000 		.4byte	.Ldebug_line0
  95 0029 02       		.uleb128 0x2
  96 002a 04       		.byte	0x4
  97 002b 05       		.byte	0x5
  98 002c 696E7400 		.ascii	"int\000"
  99 0030 03       		.uleb128 0x3
 100 0031 04       		.byte	0x4
 101 0032 07       		.byte	0x7
 102 0033 2D000000 		.4byte	.LASF0
 103 0037 03       		.uleb128 0x3
 104 0038 01       		.byte	0x1
 105 0039 06       		.byte	0x6
 106 003a D2000000 		.4byte	.LASF1
 107 003e 03       		.uleb128 0x3
 108 003f 01       		.byte	0x1
 109 0040 08       		.byte	0x8
 110 0041 A0000000 		.4byte	.LASF2
ARM GAS  /tmp/cc0keHeR.s 			page 3


 111 0045 03       		.uleb128 0x3
 112 0046 02       		.byte	0x2
 113 0047 05       		.byte	0x5
 114 0048 E8000000 		.4byte	.LASF3
 115 004c 03       		.uleb128 0x3
 116 004d 02       		.byte	0x2
 117 004e 07       		.byte	0x7
 118 004f 0E000000 		.4byte	.LASF4
 119 0053 04       		.uleb128 0x4
 120 0054 F2000000 		.4byte	.LASF6
 121 0058 02       		.byte	0x2
 122 0059 4F       		.byte	0x4f
 123 005a 5E000000 		.4byte	0x5e
 124 005e 03       		.uleb128 0x3
 125 005f 04       		.byte	0x4
 126 0060 05       		.byte	0x5
 127 0061 BC000000 		.4byte	.LASF5
 128 0065 04       		.uleb128 0x4
 129 0066 B3000000 		.4byte	.LASF7
 130 006a 02       		.byte	0x2
 131 006b 50       		.byte	0x50
 132 006c 70000000 		.4byte	0x70
 133 0070 03       		.uleb128 0x3
 134 0071 04       		.byte	0x4
 135 0072 07       		.byte	0x7
 136 0073 77000000 		.4byte	.LASF8
 137 0077 03       		.uleb128 0x3
 138 0078 08       		.byte	0x8
 139 0079 05       		.byte	0x5
 140 007a 00000000 		.4byte	.LASF9
 141 007e 03       		.uleb128 0x3
 142 007f 08       		.byte	0x8
 143 0080 07       		.byte	0x7
 144 0081 89000000 		.4byte	.LASF10
 145 0085 04       		.uleb128 0x4
 146 0086 DE000000 		.4byte	.LASF11
 147 008a 03       		.byte	0x3
 148 008b 36       		.byte	0x36
 149 008c 65000000 		.4byte	0x65
 150 0090 03       		.uleb128 0x3
 151 0091 01       		.byte	0x1
 152 0092 08       		.byte	0x8
 153 0093 FA000000 		.4byte	.LASF12
 154 0097 05       		.uleb128 0x5
 155 0098 53000000 		.4byte	0x53
 156 009c 06       		.uleb128 0x6
 157 009d 01       		.byte	0x1
 158 009e AE000000 		.4byte	.LASF17
 159 00a2 01       		.byte	0x1
 160 00a3 0C       		.byte	0xc
 161 00a4 01       		.byte	0x1
 162 00a5 29000000 		.4byte	0x29
 163 00a9 00000000 		.4byte	.LFB55
 164 00ad 22000000 		.4byte	.LFE55
 165 00b1 00000000 		.4byte	.LLST0
 166 00b5 07       		.uleb128 0x7
 167 00b6 C5000000 		.4byte	.LASF13
ARM GAS  /tmp/cc0keHeR.s 			page 4


 168 00ba 04       		.byte	0x4
 169 00bb 9404     		.2byte	0x494
 170 00bd 97000000 		.4byte	0x97
 171 00c1 01       		.byte	0x1
 172 00c2 01       		.byte	0x1
 173 00c3 07       		.uleb128 0x7
 174 00c4 C5000000 		.4byte	.LASF13
 175 00c8 04       		.byte	0x4
 176 00c9 9404     		.2byte	0x494
 177 00cb 97000000 		.4byte	0x97
 178 00cf 01       		.byte	0x1
 179 00d0 01       		.byte	0x1
 180 00d1 00       		.byte	0x0
 181              		.section	.debug_abbrev
 182 0000 01       		.uleb128 0x1
 183 0001 11       		.uleb128 0x11
 184 0002 01       		.byte	0x1
 185 0003 25       		.uleb128 0x25
 186 0004 0E       		.uleb128 0xe
 187 0005 13       		.uleb128 0x13
 188 0006 0B       		.uleb128 0xb
 189 0007 03       		.uleb128 0x3
 190 0008 0E       		.uleb128 0xe
 191 0009 1B       		.uleb128 0x1b
 192 000a 0E       		.uleb128 0xe
 193 000b 11       		.uleb128 0x11
 194 000c 01       		.uleb128 0x1
 195 000d 52       		.uleb128 0x52
 196 000e 01       		.uleb128 0x1
 197 000f 55       		.uleb128 0x55
 198 0010 06       		.uleb128 0x6
 199 0011 10       		.uleb128 0x10
 200 0012 06       		.uleb128 0x6
 201 0013 00       		.byte	0x0
 202 0014 00       		.byte	0x0
 203 0015 02       		.uleb128 0x2
 204 0016 24       		.uleb128 0x24
 205 0017 00       		.byte	0x0
 206 0018 0B       		.uleb128 0xb
 207 0019 0B       		.uleb128 0xb
 208 001a 3E       		.uleb128 0x3e
 209 001b 0B       		.uleb128 0xb
 210 001c 03       		.uleb128 0x3
 211 001d 08       		.uleb128 0x8
 212 001e 00       		.byte	0x0
 213 001f 00       		.byte	0x0
 214 0020 03       		.uleb128 0x3
 215 0021 24       		.uleb128 0x24
 216 0022 00       		.byte	0x0
 217 0023 0B       		.uleb128 0xb
 218 0024 0B       		.uleb128 0xb
 219 0025 3E       		.uleb128 0x3e
 220 0026 0B       		.uleb128 0xb
 221 0027 03       		.uleb128 0x3
 222 0028 0E       		.uleb128 0xe
 223 0029 00       		.byte	0x0
 224 002a 00       		.byte	0x0
ARM GAS  /tmp/cc0keHeR.s 			page 5


 225 002b 04       		.uleb128 0x4
 226 002c 16       		.uleb128 0x16
 227 002d 00       		.byte	0x0
 228 002e 03       		.uleb128 0x3
 229 002f 0E       		.uleb128 0xe
 230 0030 3A       		.uleb128 0x3a
 231 0031 0B       		.uleb128 0xb
 232 0032 3B       		.uleb128 0x3b
 233 0033 0B       		.uleb128 0xb
 234 0034 49       		.uleb128 0x49
 235 0035 13       		.uleb128 0x13
 236 0036 00       		.byte	0x0
 237 0037 00       		.byte	0x0
 238 0038 05       		.uleb128 0x5
 239 0039 35       		.uleb128 0x35
 240 003a 00       		.byte	0x0
 241 003b 49       		.uleb128 0x49
 242 003c 13       		.uleb128 0x13
 243 003d 00       		.byte	0x0
 244 003e 00       		.byte	0x0
 245 003f 06       		.uleb128 0x6
 246 0040 2E       		.uleb128 0x2e
 247 0041 00       		.byte	0x0
 248 0042 3F       		.uleb128 0x3f
 249 0043 0C       		.uleb128 0xc
 250 0044 03       		.uleb128 0x3
 251 0045 0E       		.uleb128 0xe
 252 0046 3A       		.uleb128 0x3a
 253 0047 0B       		.uleb128 0xb
 254 0048 3B       		.uleb128 0x3b
 255 0049 0B       		.uleb128 0xb
 256 004a 27       		.uleb128 0x27
 257 004b 0C       		.uleb128 0xc
 258 004c 49       		.uleb128 0x49
 259 004d 13       		.uleb128 0x13
 260 004e 11       		.uleb128 0x11
 261 004f 01       		.uleb128 0x1
 262 0050 12       		.uleb128 0x12
 263 0051 01       		.uleb128 0x1
 264 0052 40       		.uleb128 0x40
 265 0053 06       		.uleb128 0x6
 266 0054 00       		.byte	0x0
 267 0055 00       		.byte	0x0
 268 0056 07       		.uleb128 0x7
 269 0057 34       		.uleb128 0x34
 270 0058 00       		.byte	0x0
 271 0059 03       		.uleb128 0x3
 272 005a 0E       		.uleb128 0xe
 273 005b 3A       		.uleb128 0x3a
 274 005c 0B       		.uleb128 0xb
 275 005d 3B       		.uleb128 0x3b
 276 005e 05       		.uleb128 0x5
 277 005f 49       		.uleb128 0x49
 278 0060 13       		.uleb128 0x13
 279 0061 3F       		.uleb128 0x3f
 280 0062 0C       		.uleb128 0xc
 281 0063 3C       		.uleb128 0x3c
ARM GAS  /tmp/cc0keHeR.s 			page 6


 282 0064 0C       		.uleb128 0xc
 283 0065 00       		.byte	0x0
 284 0066 00       		.byte	0x0
 285 0067 00       		.byte	0x0
 286              		.section	.debug_pubnames,"",%progbits
 287 0000 17000000 		.4byte	0x17
 288 0004 0200     		.2byte	0x2
 289 0006 00000000 		.4byte	.Ldebug_info0
 290 000a D2000000 		.4byte	0xd2
 291 000e 9C000000 		.4byte	0x9c
 292 0012 6D61696E 		.ascii	"main\000"
 292      00
 293 0017 00000000 		.4byte	0x0
 294              		.section	.debug_pubtypes,"",%progbits
 295 0000 35000000 		.4byte	0x35
 296 0004 0200     		.2byte	0x2
 297 0006 00000000 		.4byte	.Ldebug_info0
 298 000a D2000000 		.4byte	0xd2
 299 000e 53000000 		.4byte	0x53
 300 0012 696E7433 		.ascii	"int32_t\000"
 300      325F7400 
 301 001a 65000000 		.4byte	0x65
 302 001e 75696E74 		.ascii	"uint32_t\000"
 302      33325F74 
 302      00
 303 0027 85000000 		.4byte	0x85
 304 002b 73797374 		.ascii	"systime_t\000"
 304      696D655F 
 304      7400
 305 0035 00000000 		.4byte	0x0
 306              		.section	.debug_aranges,"",%progbits
 307 0000 1C000000 		.4byte	0x1c
 308 0004 0200     		.2byte	0x2
 309 0006 00000000 		.4byte	.Ldebug_info0
 310 000a 04       		.byte	0x4
 311 000b 00       		.byte	0x0
 312 000c 0000     		.2byte	0x0
 313 000e 0000     		.2byte	0x0
 314 0010 00000000 		.4byte	.LFB55
 315 0014 22000000 		.4byte	.LFE55-.LFB55
 316 0018 00000000 		.4byte	0x0
 317 001c 00000000 		.4byte	0x0
 318              		.section	.debug_ranges,"",%progbits
 319              	.Ldebug_ranges0:
 320 0000 00000000 		.4byte	.LFB55
 321 0004 22000000 		.4byte	.LFE55
 322 0008 00000000 		.4byte	0x0
 323 000c 00000000 		.4byte	0x0
 324              		.section	.debug_str,"MS",%progbits,1
 325              	.LASF9:
 326 0000 6C6F6E67 		.ascii	"long long int\000"
 326      206C6F6E 
 326      6720696E 
 326      7400
 327              	.LASF4:
 328 000e 73686F72 		.ascii	"short unsigned int\000"
 328      7420756E 
ARM GAS  /tmp/cc0keHeR.s 			page 7


 328      7369676E 
 328      65642069 
 328      6E7400
 329              	.LASF14:
 330 0021 474E5520 		.ascii	"GNU C 4.5.2\000"
 330      4320342E 
 330      352E3200 
 331              	.LASF0:
 332 002d 756E7369 		.ascii	"unsigned int\000"
 332      676E6564 
 332      20696E74 
 332      00
 333              	.LASF15:
 334 003a 6D61696E 		.ascii	"main.c\000"
 334      2E6300
 335              	.LASF16:
 336 0041 2F686F6D 		.ascii	"/home/z80/projects/dfu.git/firmware-pawn-dev/firmwa"
 336      652F7A38 
 336      302F7072 
 336      6F6A6563 
 336      74732F64 
 337 0074 726500   		.ascii	"re\000"
 338              	.LASF8:
 339 0077 6C6F6E67 		.ascii	"long unsigned int\000"
 339      20756E73 
 339      69676E65 
 339      6420696E 
 339      7400
 340              	.LASF10:
 341 0089 6C6F6E67 		.ascii	"long long unsigned int\000"
 341      206C6F6E 
 341      6720756E 
 341      7369676E 
 341      65642069 
 342              	.LASF2:
 343 00a0 756E7369 		.ascii	"unsigned char\000"
 343      676E6564 
 343      20636861 
 343      7200
 344              	.LASF17:
 345 00ae 6D61696E 		.ascii	"main\000"
 345      00
 346              	.LASF7:
 347 00b3 75696E74 		.ascii	"uint32_t\000"
 347      33325F74 
 347      00
 348              	.LASF5:
 349 00bc 6C6F6E67 		.ascii	"long int\000"
 349      20696E74 
 349      00
 350              	.LASF13:
 351 00c5 49544D5F 		.ascii	"ITM_RxBuffer\000"
 351      52784275 
 351      66666572 
 351      00
 352              	.LASF1:
 353 00d2 7369676E 		.ascii	"signed char\000"
ARM GAS  /tmp/cc0keHeR.s 			page 8


 353      65642063 
 353      68617200 
 354              	.LASF11:
 355 00de 73797374 		.ascii	"systime_t\000"
 355      696D655F 
 355      7400
 356              	.LASF3:
 357 00e8 73686F72 		.ascii	"short int\000"
 357      7420696E 
 357      7400
 358              	.LASF6:
 359 00f2 696E7433 		.ascii	"int32_t\000"
 359      325F7400 
 360              	.LASF12:
 361 00fa 63686172 		.ascii	"char\000"
 361      00
 362              		.ident	"GCC: (Sourcery G++ Lite 2011.03-42) 4.5.2"
ARM GAS  /tmp/cc0keHeR.s 			page 9


DEFINED SYMBOLS
                            *ABS*:00000000 main.c
     /tmp/cc0keHeR.s:24     .text.main:00000000 $t
     /tmp/cc0keHeR.s:29     .text.main:00000000 main
                     .debug_frame:00000010 $d

UNDEFINED SYMBOLS
halInit
chSysInit
pawnInit
initUsb
pawnRun
processShell
chThdSleep
