ARM GAS  /tmp/ccIdeFhf.s 			page 1


   1              		.syntax unified
   2              		.cpu cortex-m3
   3              		.fpu softvfp
   4              		.eabi_attribute 20, 1
   5              		.eabi_attribute 21, 1
   6              		.eabi_attribute 23, 3
   7              		.eabi_attribute 24, 1
   8              		.eabi_attribute 25, 1
   9              		.eabi_attribute 26, 1
  10              		.eabi_attribute 30, 4
  11              		.eabi_attribute 18, 4
  12              		.thumb
  13              		.file	"nvic.c"
  14              		.section	.debug_abbrev,"",%progbits
  15              	.Ldebug_abbrev0:
  16              		.section	.debug_info,"",%progbits
  17              	.Ldebug_info0:
  18              		.section	.debug_line,"",%progbits
  19              	.Ldebug_line0:
  20 0000 11010000 		.text
  20      0200C600 
  20      00000201 
  20      FB0E0D00 
  20      01010101 
  21              	.Ltext0:
  22              		.cfi_sections	.debug_frame
  23              		.section	.text.nvicEnableVector,"ax",%progbits
  24              		.align	1
  25              		.global	nvicEnableVector
  26              		.thumb
  27              		.thumb_func
  28              		.type	nvicEnableVector, %function
  29              	nvicEnableVector:
  30              	.LFB0:
  31              		.file 1 "../chibios/os/ports/common/ARMCMx/nvic.c"
  32              		.loc 1 46 0
  33              		.cfi_startproc
  34              		@ args = 0, pretend = 0, frame = 0
  35              		@ frame_needed = 0, uses_anonymous_args = 0
  36              	.LVL0:
  37 0000 70B5     		push	{r4, r5, r6, lr}
  38              	.LCFI0:
  39              		.cfi_def_cfa_offset 16
  40              		.loc 1 47 0
  41 0002 00F00304 		and	r4, r0, #3
  42              		.cfi_offset 14, -4
  43              		.cfi_offset 6, -8
  44              		.cfi_offset 5, -12
  45              		.cfi_offset 4, -16
  46 0006 E400     		lsls	r4, r4, #3
  47              		.loc 1 49 0
  48 0008 FF25     		movs	r5, #255
  49 000a A540     		lsls	r5, r5, r4
  50 000c 11FA04F4 		lsls	r4, r1, r4
  51 0010 0B4B     		ldr	r3, .L2
  52 0012 8208     		lsrs	r2, r0, #2
  53 0014 C032     		adds	r2, r2, #192
ARM GAS  /tmp/ccIdeFhf.s 			page 2


  54 0016 53F82260 		ldr	r6, [r3, r2, lsl #2]
  55              		.loc 1 50 0
  56 001a 0121     		movs	r1, #1
  57              	.LVL1:
  58              		.loc 1 49 0
  59 001c 26EA0505 		bic	r5, r6, r5
  60 0020 2543     		orrs	r5, r5, r4
  61 0022 43F82250 		str	r5, [r3, r2, lsl #2]
  62              		.loc 1 50 0
  63 0026 4209     		lsrs	r2, r0, #5
  64 0028 00F01F00 		and	r0, r0, #31
  65              	.LVL2:
  66 002c 11FA00F0 		lsls	r0, r1, r0
  67 0030 02F16001 		add	r1, r2, #96
  68 0034 43F82100 		str	r0, [r3, r1, lsl #2]
  69              		.loc 1 51 0
  70 0038 43F82200 		str	r0, [r3, r2, lsl #2]
  71              		.loc 1 52 0
  72 003c 70BD     		pop	{r4, r5, r6, pc}
  73              	.L3:
  74 003e 00BF     		.align	2
  75              	.L2:
  76 0040 00E100E0 		.word	-536813312
  77              		.cfi_endproc
  78              	.LFE0:
  79              		.size	nvicEnableVector, .-nvicEnableVector
  80              		.section	.text.nvicDisableVector,"ax",%progbits
  81              		.align	1
  82              		.global	nvicDisableVector
  83              		.thumb
  84              		.thumb_func
  85              		.type	nvicDisableVector, %function
  86              	nvicDisableVector:
  87              	.LFB1:
  88              		.loc 1 60 0
  89              		.cfi_startproc
  90              		@ args = 0, pretend = 0, frame = 0
  91              		@ frame_needed = 0, uses_anonymous_args = 0
  92              	.LVL3:
  93              		.loc 1 63 0
  94 0000 00F01F03 		and	r3, r0, #31
  95 0004 0121     		movs	r1, #1
  96 0006 9940     		lsls	r1, r1, r3
  97 0008 4209     		lsrs	r2, r0, #5
  98 000a 0A4B     		ldr	r3, .L5
  99 000c 2032     		adds	r2, r2, #32
 100              		.loc 1 60 0
 101 000e 10B5     		push	{r4, lr}
 102              	.LCFI1:
 103              		.cfi_def_cfa_offset 8
 104              		.loc 1 63 0
 105 0010 43F82210 		str	r1, [r3, r2, lsl #2]
 106              		.loc 1 64 0
 107 0014 8208     		lsrs	r2, r0, #2
 108              		.loc 1 61 0
 109 0016 00F00300 		and	r0, r0, #3
 110              	.LVL4:
ARM GAS  /tmp/ccIdeFhf.s 			page 3


 111 001a C000     		lsls	r0, r0, #3
 112              	.LVL5:
 113              		.loc 1 64 0
 114 001c FF24     		movs	r4, #255
 115              		.cfi_offset 14, -4
 116              		.cfi_offset 4, -8
 117 001e 14FA00F0 		lsls	r0, r4, r0
 118              	.LVL6:
 119 0022 C032     		adds	r2, r2, #192
 120 0024 53F82210 		ldr	r1, [r3, r2, lsl #2]
 121 0028 21EA0000 		bic	r0, r1, r0
 122 002c 43F82200 		str	r0, [r3, r2, lsl #2]
 123              		.loc 1 65 0
 124 0030 10BD     		pop	{r4, pc}
 125              	.L6:
 126 0032 00BF     		.align	2
 127              	.L5:
 128 0034 00E100E0 		.word	-536813312
 129              		.cfi_endproc
 130              	.LFE1:
 131              		.size	nvicDisableVector, .-nvicDisableVector
 132              		.section	.text.nvicSetSystemHandlerPriority,"ax",%progbits
 133              		.align	1
 134              		.global	nvicSetSystemHandlerPriority
 135              		.thumb
 136              		.thumb_func
 137              		.type	nvicSetSystemHandlerPriority, %function
 138              	nvicSetSystemHandlerPriority:
 139              	.LFB2:
 140              		.loc 1 74 0
 141              		.cfi_startproc
 142              		@ args = 0, pretend = 0, frame = 0
 143              		@ frame_needed = 0, uses_anonymous_args = 0
 144              	.LVL7:
 145              		.loc 1 77 0
 146 0000 8208     		lsrs	r2, r0, #2
 147              		.loc 1 75 0
 148 0002 00F00300 		and	r0, r0, #3
 149              	.LVL8:
 150              		.loc 1 74 0
 151 0006 30B5     		push	{r4, r5, lr}
 152              	.LCFI2:
 153              		.cfi_def_cfa_offset 12
 154              		.loc 1 75 0
 155 0008 C000     		lsls	r0, r0, #3
 156              		.loc 1 78 0
 157 000a FF24     		movs	r4, #255
 158              		.cfi_offset 14, -4
 159              		.cfi_offset 5, -8
 160              		.cfi_offset 4, -12
 161 000c 8440     		lsls	r4, r4, r0
 162 000e 11FA00F0 		lsls	r0, r1, r0
 163              		.loc 1 77 0
 164 0012 054B     		ldr	r3, .L8
 165 0014 0632     		adds	r2, r2, #6
 166 0016 53F82250 		ldr	r5, [r3, r2, lsl #2]
 167 001a 25EA0404 		bic	r4, r5, r4
ARM GAS  /tmp/ccIdeFhf.s 			page 4


 168              		.loc 1 78 0
 169 001e 0443     		orrs	r4, r4, r0
 170              		.loc 1 77 0
 171 0020 43F82240 		str	r4, [r3, r2, lsl #2]
 172              		.loc 1 79 0
 173 0024 30BD     		pop	{r4, r5, pc}
 174              	.L9:
 175 0026 00BF     		.align	2
 176              	.L8:
 177 0028 00ED00E0 		.word	-536810240
 178              		.cfi_endproc
 179              	.LFE2:
 180              		.size	nvicSetSystemHandlerPriority, .-nvicSetSystemHandlerPriority
 181              		.text
 182              	.Letext0:
 183              		.section	.debug_loc,"",%progbits
 184              	.Ldebug_loc0:
 185              	.LLST0:
 186 0000 00000000 		.4byte	.LFB0
 187 0004 02000000 		.4byte	.LCFI0
 188 0008 0200     		.2byte	0x2
 189 000a 7D       		.byte	0x7d
 190 000b 00       		.sleb128 0
 191 000c 02000000 		.4byte	.LCFI0
 192 0010 44000000 		.4byte	.LFE0
 193 0014 0200     		.2byte	0x2
 194 0016 7D       		.byte	0x7d
 195 0017 10       		.sleb128 16
 196 0018 00000000 		.4byte	0x0
 197 001c 00000000 		.4byte	0x0
 198              	.LLST1:
 199 0020 00000000 		.4byte	.LVL0
 200 0024 2C000000 		.4byte	.LVL2
 201 0028 0100     		.2byte	0x1
 202 002a 50       		.byte	0x50
 203 002b 00000000 		.4byte	0x0
 204 002f 00000000 		.4byte	0x0
 205              	.LLST2:
 206 0033 00000000 		.4byte	.LVL0
 207 0037 1C000000 		.4byte	.LVL1
 208 003b 0100     		.2byte	0x1
 209 003d 51       		.byte	0x51
 210 003e 00000000 		.4byte	0x0
 211 0042 00000000 		.4byte	0x0
 212              	.LLST3:
 213 0046 00000000 		.4byte	.LVL0
 214 004a 2C000000 		.4byte	.LVL2
 215 004e 0700     		.2byte	0x7
 216 0050 70       		.byte	0x70
 217 0051 00       		.sleb128 0
 218 0052 33       		.byte	0x33
 219 0053 1A       		.byte	0x1a
 220 0054 33       		.byte	0x33
 221 0055 24       		.byte	0x24
 222 0056 9F       		.byte	0x9f
 223 0057 00000000 		.4byte	0x0
 224 005b 00000000 		.4byte	0x0
ARM GAS  /tmp/ccIdeFhf.s 			page 5


 225              	.LLST4:
 226 005f 00000000 		.4byte	.LFB1
 227 0063 10000000 		.4byte	.LCFI1
 228 0067 0200     		.2byte	0x2
 229 0069 7D       		.byte	0x7d
 230 006a 00       		.sleb128 0
 231 006b 10000000 		.4byte	.LCFI1
 232 006f 38000000 		.4byte	.LFE1
 233 0073 0200     		.2byte	0x2
 234 0075 7D       		.byte	0x7d
 235 0076 08       		.sleb128 8
 236 0077 00000000 		.4byte	0x0
 237 007b 00000000 		.4byte	0x0
 238              	.LLST5:
 239 007f 00000000 		.4byte	.LVL3
 240 0083 1A000000 		.4byte	.LVL4
 241 0087 0100     		.2byte	0x1
 242 0089 50       		.byte	0x50
 243 008a 00000000 		.4byte	0x0
 244 008e 00000000 		.4byte	0x0
 245              	.LLST6:
 246 0092 00000000 		.4byte	.LVL3
 247 0096 1A000000 		.4byte	.LVL4
 248 009a 0700     		.2byte	0x7
 249 009c 70       		.byte	0x70
 250 009d 00       		.sleb128 0
 251 009e 33       		.byte	0x33
 252 009f 1A       		.byte	0x1a
 253 00a0 33       		.byte	0x33
 254 00a1 24       		.byte	0x24
 255 00a2 9F       		.byte	0x9f
 256 00a3 1C000000 		.4byte	.LVL5
 257 00a7 22000000 		.4byte	.LVL6
 258 00ab 0100     		.2byte	0x1
 259 00ad 50       		.byte	0x50
 260 00ae 00000000 		.4byte	0x0
 261 00b2 00000000 		.4byte	0x0
 262              	.LLST7:
 263 00b6 00000000 		.4byte	.LFB2
 264 00ba 08000000 		.4byte	.LCFI2
 265 00be 0200     		.2byte	0x2
 266 00c0 7D       		.byte	0x7d
 267 00c1 00       		.sleb128 0
 268 00c2 08000000 		.4byte	.LCFI2
 269 00c6 2C000000 		.4byte	.LFE2
 270 00ca 0200     		.2byte	0x2
 271 00cc 7D       		.byte	0x7d
 272 00cd 0C       		.sleb128 12
 273 00ce 00000000 		.4byte	0x0
 274 00d2 00000000 		.4byte	0x0
 275              	.LLST8:
 276 00d6 00000000 		.4byte	.LVL7
 277 00da 06000000 		.4byte	.LVL8
 278 00de 0100     		.2byte	0x1
 279 00e0 50       		.byte	0x50
 280 00e1 00000000 		.4byte	0x0
 281 00e5 00000000 		.4byte	0x0
ARM GAS  /tmp/ccIdeFhf.s 			page 6


 282              	.LLST9:
 283 00e9 00000000 		.4byte	.LVL7
 284 00ed 06000000 		.4byte	.LVL8
 285 00f1 0700     		.2byte	0x7
 286 00f3 70       		.byte	0x70
 287 00f4 00       		.sleb128 0
 288 00f5 33       		.byte	0x33
 289 00f6 1A       		.byte	0x1a
 290 00f7 33       		.byte	0x33
 291 00f8 24       		.byte	0x24
 292 00f9 9F       		.byte	0x9f
 293 00fa 00000000 		.4byte	0x0
 294 00fe 00000000 		.4byte	0x0
 295              		.file 2 "../chibios/os/ports/common/ARMCMx/nvic.h"
 296              		.file 3 "/home/z80/programs/code-sourcery/2011.03-42/bin/../lib/gcc/arm-none-eabi/4.5.2/../../../.
 297              		.section	.debug_info
 298 0000 33040000 		.4byte	0x433
 299 0004 0200     		.2byte	0x2
 300 0006 00000000 		.4byte	.Ldebug_abbrev0
 301 000a 04       		.byte	0x4
 302 000b 01       		.uleb128 0x1
 303 000c B9000000 		.4byte	.LASF43
 304 0010 01       		.byte	0x1
 305 0011 3A000000 		.4byte	.LASF44
 306 0015 7F010000 		.4byte	.LASF45
 307 0019 00000000 		.4byte	0x0
 308 001d 00000000 		.4byte	0x0
 309 0021 00000000 		.4byte	.Ldebug_ranges0+0x0
 310 0025 00000000 		.4byte	.Ldebug_line0
 311 0029 02       		.uleb128 0x2
 312 002a 04       		.byte	0x4
 313 002b 05       		.byte	0x5
 314 002c 696E7400 		.ascii	"int\000"
 315 0030 03       		.uleb128 0x3
 316 0031 04       		.byte	0x4
 317 0032 07       		.byte	0x7
 318 0033 F1000000 		.4byte	.LASF0
 319 0037 03       		.uleb128 0x3
 320 0038 01       		.byte	0x1
 321 0039 06       		.byte	0x6
 322 003a B5010000 		.4byte	.LASF1
 323 003e 03       		.uleb128 0x3
 324 003f 01       		.byte	0x1
 325 0040 08       		.byte	0x8
 326 0041 63000000 		.4byte	.LASF2
 327 0045 03       		.uleb128 0x3
 328 0046 02       		.byte	0x2
 329 0047 05       		.byte	0x5
 330 0048 E7000000 		.4byte	.LASF3
 331 004c 03       		.uleb128 0x3
 332 004d 02       		.byte	0x2
 333 004e 07       		.byte	0x7
 334 004f A1000000 		.4byte	.LASF4
 335 0053 03       		.uleb128 0x3
 336 0054 04       		.byte	0x4
 337 0055 05       		.byte	0x5
 338 0056 76010000 		.4byte	.LASF5
ARM GAS  /tmp/ccIdeFhf.s 			page 7


 339 005a 04       		.uleb128 0x4
 340 005b 6D010000 		.4byte	.LASF21
 341 005f 03       		.byte	0x3
 342 0060 50       		.byte	0x50
 343 0061 65000000 		.4byte	0x65
 344 0065 03       		.uleb128 0x3
 345 0066 04       		.byte	0x4
 346 0067 07       		.byte	0x7
 347 0068 CA000000 		.4byte	.LASF6
 348 006c 03       		.uleb128 0x3
 349 006d 08       		.byte	0x8
 350 006e 05       		.byte	0x5
 351 006f 44010000 		.4byte	.LASF7
 352 0073 03       		.uleb128 0x3
 353 0074 08       		.byte	0x8
 354 0075 07       		.byte	0x7
 355 0076 08010000 		.4byte	.LASF8
 356 007a 05       		.uleb128 0x5
 357 007b 65000000 		.4byte	0x65
 358 007f 06       		.uleb128 0x6
 359 0080 040E     		.2byte	0xe04
 360 0082 02       		.byte	0x2
 361 0083 6A       		.byte	0x6a
 362 0084 4A010000 		.4byte	0x14a
 363 0088 07       		.uleb128 0x7
 364 0089 5D010000 		.4byte	.LASF9
 365 008d 02       		.byte	0x2
 366 008e 6B       		.byte	0x6b
 367 008f 5A010000 		.4byte	0x15a
 368 0093 02       		.byte	0x2
 369 0094 23       		.byte	0x23
 370 0095 00       		.uleb128 0x0
 371 0096 07       		.uleb128 0x7
 372 0097 71000000 		.4byte	.LASF10
 373 009b 02       		.byte	0x2
 374 009c 6C       		.byte	0x6c
 375 009d 6F010000 		.4byte	0x16f
 376 00a1 02       		.byte	0x2
 377 00a2 23       		.byte	0x23
 378 00a3 20       		.uleb128 0x20
 379 00a4 07       		.uleb128 0x7
 380 00a5 35000000 		.4byte	.LASF11
 381 00a9 02       		.byte	0x2
 382 00aa 6D       		.byte	0x6d
 383 00ab 74010000 		.4byte	0x174
 384 00af 03       		.byte	0x3
 385 00b0 23       		.byte	0x23
 386 00b1 8001     		.uleb128 0x80
 387 00b3 07       		.uleb128 0x7
 388 00b4 79000000 		.4byte	.LASF12
 389 00b8 02       		.byte	0x2
 390 00b9 6E       		.byte	0x6e
 391 00ba 79010000 		.4byte	0x179
 392 00be 03       		.byte	0x3
 393 00bf 23       		.byte	0x23
 394 00c0 A001     		.uleb128 0xa0
 395 00c2 07       		.uleb128 0x7
ARM GAS  /tmp/ccIdeFhf.s 			page 8


 396 00c3 FE000000 		.4byte	.LASF13
 397 00c7 02       		.byte	0x2
 398 00c8 6F       		.byte	0x6f
 399 00c9 7E010000 		.4byte	0x17e
 400 00cd 03       		.byte	0x3
 401 00ce 23       		.byte	0x23
 402 00cf 8002     		.uleb128 0x100
 403 00d1 07       		.uleb128 0x7
 404 00d2 81000000 		.4byte	.LASF14
 405 00d6 02       		.byte	0x2
 406 00d7 70       		.byte	0x70
 407 00d8 83010000 		.4byte	0x183
 408 00dc 03       		.byte	0x3
 409 00dd 23       		.byte	0x23
 410 00de A002     		.uleb128 0x120
 411 00e0 07       		.uleb128 0x7
 412 00e1 05000000 		.4byte	.LASF15
 413 00e5 02       		.byte	0x2
 414 00e6 71       		.byte	0x71
 415 00e7 88010000 		.4byte	0x188
 416 00eb 03       		.byte	0x3
 417 00ec 23       		.byte	0x23
 418 00ed 8003     		.uleb128 0x180
 419 00ef 07       		.uleb128 0x7
 420 00f0 89000000 		.4byte	.LASF16
 421 00f4 02       		.byte	0x2
 422 00f5 72       		.byte	0x72
 423 00f6 8D010000 		.4byte	0x18d
 424 00fa 03       		.byte	0x3
 425 00fb 23       		.byte	0x23
 426 00fc A003     		.uleb128 0x1a0
 427 00fe 07       		.uleb128 0x7
 428 00ff DE010000 		.4byte	.LASF17
 429 0103 02       		.byte	0x2
 430 0104 73       		.byte	0x73
 431 0105 92010000 		.4byte	0x192
 432 0109 03       		.byte	0x3
 433 010a 23       		.byte	0x23
 434 010b 8004     		.uleb128 0x200
 435 010d 07       		.uleb128 0x7
 436 010e 91000000 		.4byte	.LASF18
 437 0112 02       		.byte	0x2
 438 0113 74       		.byte	0x74
 439 0114 A7010000 		.4byte	0x1a7
 440 0118 03       		.byte	0x3
 441 0119 23       		.byte	0x23
 442 011a A004     		.uleb128 0x220
 443 011c 08       		.uleb128 0x8
 444 011d 49505200 		.ascii	"IPR\000"
 445 0121 02       		.byte	0x2
 446 0122 75       		.byte	0x75
 447 0123 BC010000 		.4byte	0x1bc
 448 0127 03       		.byte	0x3
 449 0128 23       		.byte	0x23
 450 0129 8006     		.uleb128 0x300
 451 012b 07       		.uleb128 0x7
 452 012c 99000000 		.4byte	.LASF19
ARM GAS  /tmp/ccIdeFhf.s 			page 9


 453 0130 02       		.byte	0x2
 454 0131 76       		.byte	0x76
 455 0132 D2010000 		.4byte	0x1d2
 456 0136 03       		.byte	0x3
 457 0137 23       		.byte	0x23
 458 0138 F007     		.uleb128 0x3f0
 459 013a 07       		.uleb128 0x7
 460 013b E2000000 		.4byte	.LASF20
 461 013f 02       		.byte	0x2
 462 0140 77       		.byte	0x77
 463 0141 7A000000 		.4byte	0x7a
 464 0145 03       		.byte	0x3
 465 0146 23       		.byte	0x23
 466 0147 801C     		.uleb128 0xe00
 467 0149 00       		.byte	0x0
 468 014a 09       		.uleb128 0x9
 469 014b 65000000 		.4byte	0x65
 470 014f 5A010000 		.4byte	0x15a
 471 0153 0A       		.uleb128 0xa
 472 0154 30000000 		.4byte	0x30
 473 0158 07       		.byte	0x7
 474 0159 00       		.byte	0x0
 475 015a 05       		.uleb128 0x5
 476 015b 4A010000 		.4byte	0x14a
 477 015f 09       		.uleb128 0x9
 478 0160 65000000 		.4byte	0x65
 479 0164 6F010000 		.4byte	0x16f
 480 0168 0A       		.uleb128 0xa
 481 0169 30000000 		.4byte	0x30
 482 016d 17       		.byte	0x17
 483 016e 00       		.byte	0x0
 484 016f 05       		.uleb128 0x5
 485 0170 5F010000 		.4byte	0x15f
 486 0174 05       		.uleb128 0x5
 487 0175 4A010000 		.4byte	0x14a
 488 0179 05       		.uleb128 0x5
 489 017a 5F010000 		.4byte	0x15f
 490 017e 05       		.uleb128 0x5
 491 017f 4A010000 		.4byte	0x14a
 492 0183 05       		.uleb128 0x5
 493 0184 5F010000 		.4byte	0x15f
 494 0188 05       		.uleb128 0x5
 495 0189 4A010000 		.4byte	0x14a
 496 018d 05       		.uleb128 0x5
 497 018e 5F010000 		.4byte	0x15f
 498 0192 05       		.uleb128 0x5
 499 0193 4A010000 		.4byte	0x14a
 500 0197 09       		.uleb128 0x9
 501 0198 65000000 		.4byte	0x65
 502 019c A7010000 		.4byte	0x1a7
 503 01a0 0A       		.uleb128 0xa
 504 01a1 30000000 		.4byte	0x30
 505 01a5 37       		.byte	0x37
 506 01a6 00       		.byte	0x0
 507 01a7 05       		.uleb128 0x5
 508 01a8 97010000 		.4byte	0x197
 509 01ac 09       		.uleb128 0x9
ARM GAS  /tmp/ccIdeFhf.s 			page 10


 510 01ad 65000000 		.4byte	0x65
 511 01b1 BC010000 		.4byte	0x1bc
 512 01b5 0A       		.uleb128 0xa
 513 01b6 30000000 		.4byte	0x30
 514 01ba 3B       		.byte	0x3b
 515 01bb 00       		.byte	0x0
 516 01bc 05       		.uleb128 0x5
 517 01bd AC010000 		.4byte	0x1ac
 518 01c1 09       		.uleb128 0x9
 519 01c2 65000000 		.4byte	0x65
 520 01c6 D2010000 		.4byte	0x1d2
 521 01ca 0B       		.uleb128 0xb
 522 01cb 30000000 		.4byte	0x30
 523 01cf 8302     		.2byte	0x283
 524 01d1 00       		.byte	0x0
 525 01d2 05       		.uleb128 0x5
 526 01d3 C1010000 		.4byte	0x1c1
 527 01d7 04       		.uleb128 0x4
 528 01d8 27000000 		.4byte	.LASF22
 529 01dc 02       		.byte	0x2
 530 01dd 78       		.byte	0x78
 531 01de 7F000000 		.4byte	0x7f
 532 01e2 0C       		.uleb128 0xc
 533 01e3 8C       		.byte	0x8c
 534 01e4 02       		.byte	0x2
 535 01e5 89       		.byte	0x89
 536 01e6 12030000 		.4byte	0x312
 537 01ea 07       		.uleb128 0x7
 538 01eb 52010000 		.4byte	.LASF23
 539 01ef 02       		.byte	0x2
 540 01f0 8A       		.byte	0x8a
 541 01f1 7A000000 		.4byte	0x7a
 542 01f5 02       		.byte	0x2
 543 01f6 23       		.byte	0x23
 544 01f7 00       		.uleb128 0x0
 545 01f8 07       		.uleb128 0x7
 546 01f9 1F010000 		.4byte	.LASF24
 547 01fd 02       		.byte	0x2
 548 01fe 8B       		.byte	0x8b
 549 01ff 7A000000 		.4byte	0x7a
 550 0203 02       		.byte	0x2
 551 0204 23       		.byte	0x23
 552 0205 04       		.uleb128 0x4
 553 0206 07       		.uleb128 0x7
 554 0207 30000000 		.4byte	.LASF25
 555 020b 02       		.byte	0x2
 556 020c 8C       		.byte	0x8c
 557 020d 7A000000 		.4byte	0x7a
 558 0211 02       		.byte	0x2
 559 0212 23       		.byte	0x23
 560 0213 08       		.uleb128 0x8
 561 0214 07       		.uleb128 0x7
 562 0215 31010000 		.4byte	.LASF26
 563 0219 02       		.byte	0x2
 564 021a 8D       		.byte	0x8d
 565 021b 7A000000 		.4byte	0x7a
 566 021f 02       		.byte	0x2
ARM GAS  /tmp/ccIdeFhf.s 			page 11


 567 0220 23       		.byte	0x23
 568 0221 0C       		.uleb128 0xc
 569 0222 08       		.uleb128 0x8
 570 0223 53435200 		.ascii	"SCR\000"
 571 0227 02       		.byte	0x2
 572 0228 8E       		.byte	0x8e
 573 0229 7A000000 		.4byte	0x7a
 574 022d 02       		.byte	0x2
 575 022e 23       		.byte	0x23
 576 022f 10       		.uleb128 0x10
 577 0230 08       		.uleb128 0x8
 578 0231 43435200 		.ascii	"CCR\000"
 579 0235 02       		.byte	0x2
 580 0236 8F       		.byte	0x8f
 581 0237 7A000000 		.4byte	0x7a
 582 023b 02       		.byte	0x2
 583 023c 23       		.byte	0x23
 584 023d 14       		.uleb128 0x14
 585 023e 07       		.uleb128 0x7
 586 023f 24010000 		.4byte	.LASF27
 587 0243 02       		.byte	0x2
 588 0244 90       		.byte	0x90
 589 0245 22030000 		.4byte	0x322
 590 0249 02       		.byte	0x2
 591 024a 23       		.byte	0x23
 592 024b 18       		.uleb128 0x18
 593 024c 07       		.uleb128 0x7
 594 024d 0F000000 		.4byte	.LASF28
 595 0251 02       		.byte	0x2
 596 0252 91       		.byte	0x91
 597 0253 7A000000 		.4byte	0x7a
 598 0257 02       		.byte	0x2
 599 0258 23       		.byte	0x23
 600 0259 24       		.uleb128 0x24
 601 025a 07       		.uleb128 0x7
 602 025b B4000000 		.4byte	.LASF29
 603 025f 02       		.byte	0x2
 604 0260 92       		.byte	0x92
 605 0261 7A000000 		.4byte	0x7a
 606 0265 02       		.byte	0x2
 607 0266 23       		.byte	0x23
 608 0267 28       		.uleb128 0x28
 609 0268 07       		.uleb128 0x7
 610 0269 C5000000 		.4byte	.LASF30
 611 026d 02       		.byte	0x2
 612 026e 93       		.byte	0x93
 613 026f 7A000000 		.4byte	0x7a
 614 0273 02       		.byte	0x2
 615 0274 23       		.byte	0x23
 616 0275 2C       		.uleb128 0x2c
 617 0276 07       		.uleb128 0x7
 618 0277 03010000 		.4byte	.LASF31
 619 027b 02       		.byte	0x2
 620 027c 94       		.byte	0x94
 621 027d 7A000000 		.4byte	0x7a
 622 0281 02       		.byte	0x2
 623 0282 23       		.byte	0x23
ARM GAS  /tmp/ccIdeFhf.s 			page 12


 624 0283 30       		.uleb128 0x30
 625 0284 07       		.uleb128 0x7
 626 0285 67010000 		.4byte	.LASF32
 627 0289 02       		.byte	0x2
 628 028a 95       		.byte	0x95
 629 028b 7A000000 		.4byte	0x7a
 630 028f 02       		.byte	0x2
 631 0290 23       		.byte	0x23
 632 0291 34       		.uleb128 0x34
 633 0292 07       		.uleb128 0x7
 634 0293 37010000 		.4byte	.LASF33
 635 0297 02       		.byte	0x2
 636 0298 96       		.byte	0x96
 637 0299 7A000000 		.4byte	0x7a
 638 029d 02       		.byte	0x2
 639 029e 23       		.byte	0x23
 640 029f 38       		.uleb128 0x38
 641 02a0 07       		.uleb128 0x7
 642 02a1 62010000 		.4byte	.LASF34
 643 02a5 02       		.byte	0x2
 644 02a6 97       		.byte	0x97
 645 02a7 7A000000 		.4byte	0x7a
 646 02ab 02       		.byte	0x2
 647 02ac 23       		.byte	0x23
 648 02ad 3C       		.uleb128 0x3c
 649 02ae 08       		.uleb128 0x8
 650 02af 50465200 		.ascii	"PFR\000"
 651 02b3 02       		.byte	0x2
 652 02b4 98       		.byte	0x98
 653 02b5 37030000 		.4byte	0x337
 654 02b9 02       		.byte	0x2
 655 02ba 23       		.byte	0x23
 656 02bb 40       		.uleb128 0x40
 657 02bc 08       		.uleb128 0x8
 658 02bd 44465200 		.ascii	"DFR\000"
 659 02c1 02       		.byte	0x2
 660 02c2 99       		.byte	0x99
 661 02c3 7A000000 		.4byte	0x7a
 662 02c7 02       		.byte	0x2
 663 02c8 23       		.byte	0x23
 664 02c9 48       		.uleb128 0x48
 665 02ca 08       		.uleb128 0x8
 666 02cb 41445200 		.ascii	"ADR\000"
 667 02cf 02       		.byte	0x2
 668 02d0 9A       		.byte	0x9a
 669 02d1 7A000000 		.4byte	0x7a
 670 02d5 02       		.byte	0x2
 671 02d6 23       		.byte	0x23
 672 02d7 4C       		.uleb128 0x4c
 673 02d8 07       		.uleb128 0x7
 674 02d9 0A000000 		.4byte	.LASF35
 675 02dd 02       		.byte	0x2
 676 02de 9B       		.byte	0x9b
 677 02df 4C030000 		.4byte	0x34c
 678 02e3 02       		.byte	0x2
 679 02e4 23       		.byte	0x23
 680 02e5 50       		.uleb128 0x50
ARM GAS  /tmp/ccIdeFhf.s 			page 13


 681 02e6 08       		.uleb128 0x8
 682 02e7 53415200 		.ascii	"SAR\000"
 683 02eb 02       		.byte	0x2
 684 02ec 9C       		.byte	0x9c
 685 02ed 61030000 		.4byte	0x361
 686 02f1 02       		.byte	0x2
 687 02f2 23       		.byte	0x23
 688 02f3 60       		.uleb128 0x60
 689 02f4 07       		.uleb128 0x7
 690 02f5 71000000 		.4byte	.LASF10
 691 02f9 02       		.byte	0x2
 692 02fa 9D       		.byte	0x9d
 693 02fb 66030000 		.4byte	0x366
 694 02ff 02       		.byte	0x2
 695 0300 23       		.byte	0x23
 696 0301 74       		.uleb128 0x74
 697 0302 07       		.uleb128 0x7
 698 0303 DC000000 		.4byte	.LASF36
 699 0307 02       		.byte	0x2
 700 0308 9E       		.byte	0x9e
 701 0309 7A000000 		.4byte	0x7a
 702 030d 03       		.byte	0x3
 703 030e 23       		.byte	0x23
 704 030f 8801     		.uleb128 0x88
 705 0311 00       		.byte	0x0
 706 0312 09       		.uleb128 0x9
 707 0313 65000000 		.4byte	0x65
 708 0317 22030000 		.4byte	0x322
 709 031b 0A       		.uleb128 0xa
 710 031c 30000000 		.4byte	0x30
 711 0320 02       		.byte	0x2
 712 0321 00       		.byte	0x0
 713 0322 05       		.uleb128 0x5
 714 0323 12030000 		.4byte	0x312
 715 0327 09       		.uleb128 0x9
 716 0328 65000000 		.4byte	0x65
 717 032c 37030000 		.4byte	0x337
 718 0330 0A       		.uleb128 0xa
 719 0331 30000000 		.4byte	0x30
 720 0335 01       		.byte	0x1
 721 0336 00       		.byte	0x0
 722 0337 05       		.uleb128 0x5
 723 0338 27030000 		.4byte	0x327
 724 033c 09       		.uleb128 0x9
 725 033d 65000000 		.4byte	0x65
 726 0341 4C030000 		.4byte	0x34c
 727 0345 0A       		.uleb128 0xa
 728 0346 30000000 		.4byte	0x30
 729 034a 03       		.byte	0x3
 730 034b 00       		.byte	0x0
 731 034c 05       		.uleb128 0x5
 732 034d 3C030000 		.4byte	0x33c
 733 0351 09       		.uleb128 0x9
 734 0352 65000000 		.4byte	0x65
 735 0356 61030000 		.4byte	0x361
 736 035a 0A       		.uleb128 0xa
 737 035b 30000000 		.4byte	0x30
ARM GAS  /tmp/ccIdeFhf.s 			page 14


 738 035f 04       		.byte	0x4
 739 0360 00       		.byte	0x0
 740 0361 05       		.uleb128 0x5
 741 0362 51030000 		.4byte	0x351
 742 0366 05       		.uleb128 0x5
 743 0367 51030000 		.4byte	0x351
 744 036b 04       		.uleb128 0x4
 745 036c 29010000 		.4byte	.LASF37
 746 0370 02       		.byte	0x2
 747 0371 9F       		.byte	0x9f
 748 0372 E2010000 		.4byte	0x1e2
 749 0376 03       		.uleb128 0x3
 750 0377 01       		.byte	0x1
 751 0378 08       		.byte	0x8
 752 0379 58010000 		.4byte	.LASF38
 753 037d 0D       		.uleb128 0xd
 754 037e 01       		.byte	0x1
 755 037f E3010000 		.4byte	.LASF40
 756 0383 01       		.byte	0x1
 757 0384 2E       		.byte	0x2e
 758 0385 01       		.byte	0x1
 759 0386 00000000 		.4byte	.LFB0
 760 038a 44000000 		.4byte	.LFE0
 761 038e 00000000 		.4byte	.LLST0
 762 0392 C1030000 		.4byte	0x3c1
 763 0396 0E       		.uleb128 0xe
 764 0397 6E00     		.ascii	"n\000"
 765 0399 01       		.byte	0x1
 766 039a 2E       		.byte	0x2e
 767 039b 5A000000 		.4byte	0x5a
 768 039f 20000000 		.4byte	.LLST1
 769 03a3 0F       		.uleb128 0xf
 770 03a4 00000000 		.4byte	.LASF39
 771 03a8 01       		.byte	0x1
 772 03a9 2E       		.byte	0x2e
 773 03aa 5A000000 		.4byte	0x5a
 774 03ae 33000000 		.4byte	.LLST2
 775 03b2 10       		.uleb128 0x10
 776 03b3 736800   		.ascii	"sh\000"
 777 03b6 01       		.byte	0x1
 778 03b7 2F       		.byte	0x2f
 779 03b8 30000000 		.4byte	0x30
 780 03bc 46000000 		.4byte	.LLST3
 781 03c0 00       		.byte	0x0
 782 03c1 0D       		.uleb128 0xd
 783 03c2 01       		.byte	0x1
 784 03c3 15000000 		.4byte	.LASF41
 785 03c7 01       		.byte	0x1
 786 03c8 3C       		.byte	0x3c
 787 03c9 01       		.byte	0x1
 788 03ca 00000000 		.4byte	.LFB1
 789 03ce 38000000 		.4byte	.LFE1
 790 03d2 5F000000 		.4byte	.LLST4
 791 03d6 F6030000 		.4byte	0x3f6
 792 03da 0E       		.uleb128 0xe
 793 03db 6E00     		.ascii	"n\000"
 794 03dd 01       		.byte	0x1
ARM GAS  /tmp/ccIdeFhf.s 			page 15


 795 03de 3C       		.byte	0x3c
 796 03df 5A000000 		.4byte	0x5a
 797 03e3 7F000000 		.4byte	.LLST5
 798 03e7 10       		.uleb128 0x10
 799 03e8 736800   		.ascii	"sh\000"
 800 03eb 01       		.byte	0x1
 801 03ec 3D       		.byte	0x3d
 802 03ed 30000000 		.4byte	0x30
 803 03f1 92000000 		.4byte	.LLST6
 804 03f5 00       		.byte	0x0
 805 03f6 11       		.uleb128 0x11
 806 03f7 01       		.byte	0x1
 807 03f8 C1010000 		.4byte	.LASF46
 808 03fc 01       		.byte	0x1
 809 03fd 4A       		.byte	0x4a
 810 03fe 01       		.byte	0x1
 811 03ff 00000000 		.4byte	.LFB2
 812 0403 2C000000 		.4byte	.LFE2
 813 0407 B6000000 		.4byte	.LLST7
 814 040b 0F       		.uleb128 0xf
 815 040c 3C010000 		.4byte	.LASF42
 816 0410 01       		.byte	0x1
 817 0411 4A       		.byte	0x4a
 818 0412 5A000000 		.4byte	0x5a
 819 0416 D6000000 		.4byte	.LLST8
 820 041a 12       		.uleb128 0x12
 821 041b 00000000 		.4byte	.LASF39
 822 041f 01       		.byte	0x1
 823 0420 4A       		.byte	0x4a
 824 0421 5A000000 		.4byte	0x5a
 825 0425 01       		.byte	0x1
 826 0426 51       		.byte	0x51
 827 0427 10       		.uleb128 0x10
 828 0428 736800   		.ascii	"sh\000"
 829 042b 01       		.byte	0x1
 830 042c 4B       		.byte	0x4b
 831 042d 30000000 		.4byte	0x30
 832 0431 E9000000 		.4byte	.LLST9
 833 0435 00       		.byte	0x0
 834 0436 00       		.byte	0x0
 835              		.section	.debug_abbrev
 836 0000 01       		.uleb128 0x1
 837 0001 11       		.uleb128 0x11
 838 0002 01       		.byte	0x1
 839 0003 25       		.uleb128 0x25
 840 0004 0E       		.uleb128 0xe
 841 0005 13       		.uleb128 0x13
 842 0006 0B       		.uleb128 0xb
 843 0007 03       		.uleb128 0x3
 844 0008 0E       		.uleb128 0xe
 845 0009 1B       		.uleb128 0x1b
 846 000a 0E       		.uleb128 0xe
 847 000b 11       		.uleb128 0x11
 848 000c 01       		.uleb128 0x1
 849 000d 52       		.uleb128 0x52
 850 000e 01       		.uleb128 0x1
 851 000f 55       		.uleb128 0x55
ARM GAS  /tmp/ccIdeFhf.s 			page 16


 852 0010 06       		.uleb128 0x6
 853 0011 10       		.uleb128 0x10
 854 0012 06       		.uleb128 0x6
 855 0013 00       		.byte	0x0
 856 0014 00       		.byte	0x0
 857 0015 02       		.uleb128 0x2
 858 0016 24       		.uleb128 0x24
 859 0017 00       		.byte	0x0
 860 0018 0B       		.uleb128 0xb
 861 0019 0B       		.uleb128 0xb
 862 001a 3E       		.uleb128 0x3e
 863 001b 0B       		.uleb128 0xb
 864 001c 03       		.uleb128 0x3
 865 001d 08       		.uleb128 0x8
 866 001e 00       		.byte	0x0
 867 001f 00       		.byte	0x0
 868 0020 03       		.uleb128 0x3
 869 0021 24       		.uleb128 0x24
 870 0022 00       		.byte	0x0
 871 0023 0B       		.uleb128 0xb
 872 0024 0B       		.uleb128 0xb
 873 0025 3E       		.uleb128 0x3e
 874 0026 0B       		.uleb128 0xb
 875 0027 03       		.uleb128 0x3
 876 0028 0E       		.uleb128 0xe
 877 0029 00       		.byte	0x0
 878 002a 00       		.byte	0x0
 879 002b 04       		.uleb128 0x4
 880 002c 16       		.uleb128 0x16
 881 002d 00       		.byte	0x0
 882 002e 03       		.uleb128 0x3
 883 002f 0E       		.uleb128 0xe
 884 0030 3A       		.uleb128 0x3a
 885 0031 0B       		.uleb128 0xb
 886 0032 3B       		.uleb128 0x3b
 887 0033 0B       		.uleb128 0xb
 888 0034 49       		.uleb128 0x49
 889 0035 13       		.uleb128 0x13
 890 0036 00       		.byte	0x0
 891 0037 00       		.byte	0x0
 892 0038 05       		.uleb128 0x5
 893 0039 35       		.uleb128 0x35
 894 003a 00       		.byte	0x0
 895 003b 49       		.uleb128 0x49
 896 003c 13       		.uleb128 0x13
 897 003d 00       		.byte	0x0
 898 003e 00       		.byte	0x0
 899 003f 06       		.uleb128 0x6
 900 0040 13       		.uleb128 0x13
 901 0041 01       		.byte	0x1
 902 0042 0B       		.uleb128 0xb
 903 0043 05       		.uleb128 0x5
 904 0044 3A       		.uleb128 0x3a
 905 0045 0B       		.uleb128 0xb
 906 0046 3B       		.uleb128 0x3b
 907 0047 0B       		.uleb128 0xb
 908 0048 01       		.uleb128 0x1
ARM GAS  /tmp/ccIdeFhf.s 			page 17


 909 0049 13       		.uleb128 0x13
 910 004a 00       		.byte	0x0
 911 004b 00       		.byte	0x0
 912 004c 07       		.uleb128 0x7
 913 004d 0D       		.uleb128 0xd
 914 004e 00       		.byte	0x0
 915 004f 03       		.uleb128 0x3
 916 0050 0E       		.uleb128 0xe
 917 0051 3A       		.uleb128 0x3a
 918 0052 0B       		.uleb128 0xb
 919 0053 3B       		.uleb128 0x3b
 920 0054 0B       		.uleb128 0xb
 921 0055 49       		.uleb128 0x49
 922 0056 13       		.uleb128 0x13
 923 0057 38       		.uleb128 0x38
 924 0058 0A       		.uleb128 0xa
 925 0059 00       		.byte	0x0
 926 005a 00       		.byte	0x0
 927 005b 08       		.uleb128 0x8
 928 005c 0D       		.uleb128 0xd
 929 005d 00       		.byte	0x0
 930 005e 03       		.uleb128 0x3
 931 005f 08       		.uleb128 0x8
 932 0060 3A       		.uleb128 0x3a
 933 0061 0B       		.uleb128 0xb
 934 0062 3B       		.uleb128 0x3b
 935 0063 0B       		.uleb128 0xb
 936 0064 49       		.uleb128 0x49
 937 0065 13       		.uleb128 0x13
 938 0066 38       		.uleb128 0x38
 939 0067 0A       		.uleb128 0xa
 940 0068 00       		.byte	0x0
 941 0069 00       		.byte	0x0
 942 006a 09       		.uleb128 0x9
 943 006b 01       		.uleb128 0x1
 944 006c 01       		.byte	0x1
 945 006d 49       		.uleb128 0x49
 946 006e 13       		.uleb128 0x13
 947 006f 01       		.uleb128 0x1
 948 0070 13       		.uleb128 0x13
 949 0071 00       		.byte	0x0
 950 0072 00       		.byte	0x0
 951 0073 0A       		.uleb128 0xa
 952 0074 21       		.uleb128 0x21
 953 0075 00       		.byte	0x0
 954 0076 49       		.uleb128 0x49
 955 0077 13       		.uleb128 0x13
 956 0078 2F       		.uleb128 0x2f
 957 0079 0B       		.uleb128 0xb
 958 007a 00       		.byte	0x0
 959 007b 00       		.byte	0x0
 960 007c 0B       		.uleb128 0xb
 961 007d 21       		.uleb128 0x21
 962 007e 00       		.byte	0x0
 963 007f 49       		.uleb128 0x49
 964 0080 13       		.uleb128 0x13
 965 0081 2F       		.uleb128 0x2f
ARM GAS  /tmp/ccIdeFhf.s 			page 18


 966 0082 05       		.uleb128 0x5
 967 0083 00       		.byte	0x0
 968 0084 00       		.byte	0x0
 969 0085 0C       		.uleb128 0xc
 970 0086 13       		.uleb128 0x13
 971 0087 01       		.byte	0x1
 972 0088 0B       		.uleb128 0xb
 973 0089 0B       		.uleb128 0xb
 974 008a 3A       		.uleb128 0x3a
 975 008b 0B       		.uleb128 0xb
 976 008c 3B       		.uleb128 0x3b
 977 008d 0B       		.uleb128 0xb
 978 008e 01       		.uleb128 0x1
 979 008f 13       		.uleb128 0x13
 980 0090 00       		.byte	0x0
 981 0091 00       		.byte	0x0
 982 0092 0D       		.uleb128 0xd
 983 0093 2E       		.uleb128 0x2e
 984 0094 01       		.byte	0x1
 985 0095 3F       		.uleb128 0x3f
 986 0096 0C       		.uleb128 0xc
 987 0097 03       		.uleb128 0x3
 988 0098 0E       		.uleb128 0xe
 989 0099 3A       		.uleb128 0x3a
 990 009a 0B       		.uleb128 0xb
 991 009b 3B       		.uleb128 0x3b
 992 009c 0B       		.uleb128 0xb
 993 009d 27       		.uleb128 0x27
 994 009e 0C       		.uleb128 0xc
 995 009f 11       		.uleb128 0x11
 996 00a0 01       		.uleb128 0x1
 997 00a1 12       		.uleb128 0x12
 998 00a2 01       		.uleb128 0x1
 999 00a3 40       		.uleb128 0x40
 1000 00a4 06       		.uleb128 0x6
 1001 00a5 01       		.uleb128 0x1
 1002 00a6 13       		.uleb128 0x13
 1003 00a7 00       		.byte	0x0
 1004 00a8 00       		.byte	0x0
 1005 00a9 0E       		.uleb128 0xe
 1006 00aa 05       		.uleb128 0x5
 1007 00ab 00       		.byte	0x0
 1008 00ac 03       		.uleb128 0x3
 1009 00ad 08       		.uleb128 0x8
 1010 00ae 3A       		.uleb128 0x3a
 1011 00af 0B       		.uleb128 0xb
 1012 00b0 3B       		.uleb128 0x3b
 1013 00b1 0B       		.uleb128 0xb
 1014 00b2 49       		.uleb128 0x49
 1015 00b3 13       		.uleb128 0x13
 1016 00b4 02       		.uleb128 0x2
 1017 00b5 06       		.uleb128 0x6
 1018 00b6 00       		.byte	0x0
 1019 00b7 00       		.byte	0x0
 1020 00b8 0F       		.uleb128 0xf
 1021 00b9 05       		.uleb128 0x5
 1022 00ba 00       		.byte	0x0
ARM GAS  /tmp/ccIdeFhf.s 			page 19


 1023 00bb 03       		.uleb128 0x3
 1024 00bc 0E       		.uleb128 0xe
 1025 00bd 3A       		.uleb128 0x3a
 1026 00be 0B       		.uleb128 0xb
 1027 00bf 3B       		.uleb128 0x3b
 1028 00c0 0B       		.uleb128 0xb
 1029 00c1 49       		.uleb128 0x49
 1030 00c2 13       		.uleb128 0x13
 1031 00c3 02       		.uleb128 0x2
 1032 00c4 06       		.uleb128 0x6
 1033 00c5 00       		.byte	0x0
 1034 00c6 00       		.byte	0x0
 1035 00c7 10       		.uleb128 0x10
 1036 00c8 34       		.uleb128 0x34
 1037 00c9 00       		.byte	0x0
 1038 00ca 03       		.uleb128 0x3
 1039 00cb 08       		.uleb128 0x8
 1040 00cc 3A       		.uleb128 0x3a
 1041 00cd 0B       		.uleb128 0xb
 1042 00ce 3B       		.uleb128 0x3b
 1043 00cf 0B       		.uleb128 0xb
 1044 00d0 49       		.uleb128 0x49
 1045 00d1 13       		.uleb128 0x13
 1046 00d2 02       		.uleb128 0x2
 1047 00d3 06       		.uleb128 0x6
 1048 00d4 00       		.byte	0x0
 1049 00d5 00       		.byte	0x0
 1050 00d6 11       		.uleb128 0x11
 1051 00d7 2E       		.uleb128 0x2e
 1052 00d8 01       		.byte	0x1
 1053 00d9 3F       		.uleb128 0x3f
 1054 00da 0C       		.uleb128 0xc
 1055 00db 03       		.uleb128 0x3
 1056 00dc 0E       		.uleb128 0xe
 1057 00dd 3A       		.uleb128 0x3a
 1058 00de 0B       		.uleb128 0xb
 1059 00df 3B       		.uleb128 0x3b
 1060 00e0 0B       		.uleb128 0xb
 1061 00e1 27       		.uleb128 0x27
 1062 00e2 0C       		.uleb128 0xc
 1063 00e3 11       		.uleb128 0x11
 1064 00e4 01       		.uleb128 0x1
 1065 00e5 12       		.uleb128 0x12
 1066 00e6 01       		.uleb128 0x1
 1067 00e7 40       		.uleb128 0x40
 1068 00e8 06       		.uleb128 0x6
 1069 00e9 00       		.byte	0x0
 1070 00ea 00       		.byte	0x0
 1071 00eb 12       		.uleb128 0x12
 1072 00ec 05       		.uleb128 0x5
 1073 00ed 00       		.byte	0x0
 1074 00ee 03       		.uleb128 0x3
 1075 00ef 0E       		.uleb128 0xe
 1076 00f0 3A       		.uleb128 0x3a
 1077 00f1 0B       		.uleb128 0xb
 1078 00f2 3B       		.uleb128 0x3b
 1079 00f3 0B       		.uleb128 0xb
ARM GAS  /tmp/ccIdeFhf.s 			page 20


 1080 00f4 49       		.uleb128 0x49
 1081 00f5 13       		.uleb128 0x13
 1082 00f6 02       		.uleb128 0x2
 1083 00f7 0A       		.uleb128 0xa
 1084 00f8 00       		.byte	0x0
 1085 00f9 00       		.byte	0x0
 1086 00fa 00       		.byte	0x0
 1087              		.section	.debug_pubnames,"",%progbits
 1088 0000 5A000000 		.4byte	0x5a
 1089 0004 0200     		.2byte	0x2
 1090 0006 00000000 		.4byte	.Ldebug_info0
 1091 000a 37040000 		.4byte	0x437
 1092 000e 7D030000 		.4byte	0x37d
 1093 0012 6E766963 		.ascii	"nvicEnableVector\000"
 1093      456E6162 
 1093      6C655665 
 1093      63746F72 
 1093      00
 1094 0023 C1030000 		.4byte	0x3c1
 1095 0027 6E766963 		.ascii	"nvicDisableVector\000"
 1095      44697361 
 1095      626C6556 
 1095      6563746F 
 1095      7200
 1096 0039 F6030000 		.4byte	0x3f6
 1097 003d 6E766963 		.ascii	"nvicSetSystemHandlerPriority\000"
 1097      53657453 
 1097      79737465 
 1097      6D48616E 
 1097      646C6572 
 1098 005a 00000000 		.4byte	0x0
 1099              		.section	.debug_pubtypes,"",%progbits
 1100 0000 34000000 		.4byte	0x34
 1101 0004 0200     		.2byte	0x2
 1102 0006 00000000 		.4byte	.Ldebug_info0
 1103 000a 37040000 		.4byte	0x437
 1104 000e 5A000000 		.4byte	0x5a
 1105 0012 75696E74 		.ascii	"uint32_t\000"
 1105      33325F74 
 1105      00
 1106 001b D7010000 		.4byte	0x1d7
 1107 001f 434D785F 		.ascii	"CMx_NVIC\000"
 1107      4E564943 
 1107      00
 1108 0028 6B030000 		.4byte	0x36b
 1109 002c 434D785F 		.ascii	"CMx_SCB\000"
 1109      53434200 
 1110 0034 00000000 		.4byte	0x0
 1111              		.section	.debug_aranges,"",%progbits
 1112 0000 2C000000 		.4byte	0x2c
 1113 0004 0200     		.2byte	0x2
 1114 0006 00000000 		.4byte	.Ldebug_info0
 1115 000a 04       		.byte	0x4
 1116 000b 00       		.byte	0x0
 1117 000c 0000     		.2byte	0x0
 1118 000e 0000     		.2byte	0x0
 1119 0010 00000000 		.4byte	.LFB0
ARM GAS  /tmp/ccIdeFhf.s 			page 21


 1120 0014 44000000 		.4byte	.LFE0-.LFB0
 1121 0018 00000000 		.4byte	.LFB1
 1122 001c 38000000 		.4byte	.LFE1-.LFB1
 1123 0020 00000000 		.4byte	.LFB2
 1124 0024 2C000000 		.4byte	.LFE2-.LFB2
 1125 0028 00000000 		.4byte	0x0
 1126 002c 00000000 		.4byte	0x0
 1127              		.section	.debug_ranges,"",%progbits
 1128              	.Ldebug_ranges0:
 1129 0000 00000000 		.4byte	.LFB0
 1130 0004 44000000 		.4byte	.LFE0
 1131 0008 00000000 		.4byte	.LFB1
 1132 000c 38000000 		.4byte	.LFE1
 1133 0010 00000000 		.4byte	.LFB2
 1134 0014 2C000000 		.4byte	.LFE2
 1135 0018 00000000 		.4byte	0x0
 1136 001c 00000000 		.4byte	0x0
 1137              		.section	.debug_str,"MS",%progbits,1
 1138              	.LASF39:
 1139 0000 7072696F 		.ascii	"prio\000"
 1139      00
 1140              	.LASF15:
 1141 0005 49435052 		.ascii	"ICPR\000"
 1141      00
 1142              	.LASF35:
 1143 000a 4D4D4652 		.ascii	"MMFR\000"
 1143      00
 1144              	.LASF28:
 1145 000f 53484353 		.ascii	"SHCSR\000"
 1145      5200
 1146              	.LASF41:
 1147 0015 6E766963 		.ascii	"nvicDisableVector\000"
 1147      44697361 
 1147      626C6556 
 1147      6563746F 
 1147      7200
 1148              	.LASF22:
 1149 0027 434D785F 		.ascii	"CMx_NVIC\000"
 1149      4E564943 
 1149      00
 1150              	.LASF25:
 1151 0030 56544F52 		.ascii	"VTOR\000"
 1151      00
 1152              	.LASF11:
 1153 0035 49434552 		.ascii	"ICER\000"
 1153      00
 1154              	.LASF44:
 1155 003a 2E2E2F63 		.ascii	"../chibios/os/ports/common/ARMCMx/nvic.c\000"
 1155      68696269 
 1155      6F732F6F 
 1155      732F706F 
 1155      7274732F 
 1156              	.LASF2:
 1157 0063 756E7369 		.ascii	"unsigned char\000"
 1157      676E6564 
 1157      20636861 
 1157      7200
ARM GAS  /tmp/ccIdeFhf.s 			page 22


 1158              	.LASF10:
 1159 0071 756E7573 		.ascii	"unused1\000"
 1159      65643100 
 1160              	.LASF12:
 1161 0079 756E7573 		.ascii	"unused2\000"
 1161      65643200 
 1162              	.LASF14:
 1163 0081 756E7573 		.ascii	"unused3\000"
 1163      65643300 
 1164              	.LASF16:
 1165 0089 756E7573 		.ascii	"unused4\000"
 1165      65643400 
 1166              	.LASF18:
 1167 0091 756E7573 		.ascii	"unused5\000"
 1167      65643500 
 1168              	.LASF19:
 1169 0099 756E7573 		.ascii	"unused6\000"
 1169      65643600 
 1170              	.LASF4:
 1171 00a1 73686F72 		.ascii	"short unsigned int\000"
 1171      7420756E 
 1171      7369676E 
 1171      65642069 
 1171      6E7400
 1172              	.LASF29:
 1173 00b4 43465352 		.ascii	"CFSR\000"
 1173      00
 1174              	.LASF43:
 1175 00b9 474E5520 		.ascii	"GNU C 4.5.2\000"
 1175      4320342E 
 1175      352E3200 
 1176              	.LASF30:
 1177 00c5 48465352 		.ascii	"HFSR\000"
 1177      00
 1178              	.LASF6:
 1179 00ca 6C6F6E67 		.ascii	"long unsigned int\000"
 1179      20756E73 
 1179      69676E65 
 1179      6420696E 
 1179      7400
 1180              	.LASF36:
 1181 00dc 43504143 		.ascii	"CPACR\000"
 1181      5200
 1182              	.LASF20:
 1183 00e2 53544952 		.ascii	"STIR\000"
 1183      00
 1184              	.LASF3:
 1185 00e7 73686F72 		.ascii	"short int\000"
 1185      7420696E 
 1185      7400
 1186              	.LASF0:
 1187 00f1 756E7369 		.ascii	"unsigned int\000"
 1187      676E6564 
 1187      20696E74 
 1187      00
 1188              	.LASF13:
 1189 00fe 49535052 		.ascii	"ISPR\000"
ARM GAS  /tmp/ccIdeFhf.s 			page 23


 1189      00
 1190              	.LASF31:
 1191 0103 44465352 		.ascii	"DFSR\000"
 1191      00
 1192              	.LASF8:
 1193 0108 6C6F6E67 		.ascii	"long long unsigned int\000"
 1193      206C6F6E 
 1193      6720756E 
 1193      7369676E 
 1193      65642069 
 1194              	.LASF24:
 1195 011f 49435352 		.ascii	"ICSR\000"
 1195      00
 1196              	.LASF27:
 1197 0124 53485052 		.ascii	"SHPR\000"
 1197      00
 1198              	.LASF37:
 1199 0129 434D785F 		.ascii	"CMx_SCB\000"
 1199      53434200 
 1200              	.LASF26:
 1201 0131 41495243 		.ascii	"AIRCR\000"
 1201      5200
 1202              	.LASF33:
 1203 0137 42464152 		.ascii	"BFAR\000"
 1203      00
 1204              	.LASF42:
 1205 013c 68616E64 		.ascii	"handler\000"
 1205      6C657200 
 1206              	.LASF7:
 1207 0144 6C6F6E67 		.ascii	"long long int\000"
 1207      206C6F6E 
 1207      6720696E 
 1207      7400
 1208              	.LASF23:
 1209 0152 43505549 		.ascii	"CPUID\000"
 1209      4400
 1210              	.LASF38:
 1211 0158 63686172 		.ascii	"char\000"
 1211      00
 1212              	.LASF9:
 1213 015d 49534552 		.ascii	"ISER\000"
 1213      00
 1214              	.LASF34:
 1215 0162 41465352 		.ascii	"AFSR\000"
 1215      00
 1216              	.LASF32:
 1217 0167 4D4D4641 		.ascii	"MMFAR\000"
 1217      5200
 1218              	.LASF21:
 1219 016d 75696E74 		.ascii	"uint32_t\000"
 1219      33325F74 
 1219      00
 1220              	.LASF5:
 1221 0176 6C6F6E67 		.ascii	"long int\000"
 1221      20696E74 
 1221      00
 1222              	.LASF45:
ARM GAS  /tmp/ccIdeFhf.s 			page 24


 1223 017f 2F686F6D 		.ascii	"/home/z80/projects/dfu.git/firmware-pawn-dev/firmwa"
 1223      652F7A38 
 1223      302F7072 
 1223      6F6A6563 
 1223      74732F64 
 1224 01b2 726500   		.ascii	"re\000"
 1225              	.LASF1:
 1226 01b5 7369676E 		.ascii	"signed char\000"
 1226      65642063 
 1226      68617200 
 1227              	.LASF46:
 1228 01c1 6E766963 		.ascii	"nvicSetSystemHandlerPriority\000"
 1228      53657453 
 1228      79737465 
 1228      6D48616E 
 1228      646C6572 
 1229              	.LASF17:
 1230 01de 49414252 		.ascii	"IABR\000"
 1230      00
 1231              	.LASF40:
 1232 01e3 6E766963 		.ascii	"nvicEnableVector\000"
 1232      456E6162 
 1232      6C655665 
 1232      63746F72 
 1232      00
 1233              		.ident	"GCC: (Sourcery G++ Lite 2011.03-42) 4.5.2"
ARM GAS  /tmp/ccIdeFhf.s 			page 25


DEFINED SYMBOLS
                            *ABS*:00000000 nvic.c
     /tmp/ccIdeFhf.s:24     .text.nvicEnableVector:00000000 $t
     /tmp/ccIdeFhf.s:29     .text.nvicEnableVector:00000000 nvicEnableVector
     /tmp/ccIdeFhf.s:76     .text.nvicEnableVector:00000040 $d
     /tmp/ccIdeFhf.s:81     .text.nvicDisableVector:00000000 $t
     /tmp/ccIdeFhf.s:86     .text.nvicDisableVector:00000000 nvicDisableVector
     /tmp/ccIdeFhf.s:128    .text.nvicDisableVector:00000034 $d
     /tmp/ccIdeFhf.s:133    .text.nvicSetSystemHandlerPriority:00000000 $t
     /tmp/ccIdeFhf.s:138    .text.nvicSetSystemHandlerPriority:00000000 nvicSetSystemHandlerPriority
     /tmp/ccIdeFhf.s:177    .text.nvicSetSystemHandlerPriority:00000028 $d
                     .debug_frame:00000010 $d

NO UNDEFINED SYMBOLS
