ARM GAS  /tmp/cco9tSnP.s 			page 1


   1              		.syntax unified
   2              		.cpu cortex-m3
   3              		.fpu softvfp
   4              		.eabi_attribute 20, 1
   5              		.eabi_attribute 21, 1
   6              		.eabi_attribute 23, 3
   7              		.eabi_attribute 24, 1
   8              		.eabi_attribute 25, 1
   9              		.eabi_attribute 26, 1
  10              		.eabi_attribute 30, 4
  11              		.eabi_attribute 18, 4
  12              		.thumb
  13              		.file	"pal_lld.c"
  14              		.section	.debug_abbrev,"",%progbits
  15              	.Ldebug_abbrev0:
  16              		.section	.debug_info,"",%progbits
  17              	.Ldebug_info0:
  18              		.section	.debug_line,"",%progbits
  19              	.Ldebug_line0:
  20 0000 A0010000 		.text
  20      02004601 
  20      00000201 
  20      FB0E0D00 
  20      01010101 
  21              	.Ltext0:
  22              		.cfi_sections	.debug_frame
  23              		.section	.text._pal_lld_init,"ax",%progbits
  24              		.align	1
  25              		.global	_pal_lld_init
  26              		.thumb
  27              		.thumb_func
  28              		.type	_pal_lld_init, %function
  29              	_pal_lld_init:
  30              	.LFB55:
  31              		.file 1 "../chibios/os/hal/platforms/STM32/GPIOv1/pal_lld.c"
  32              		.loc 1 84 0
  33              		.cfi_startproc
  34              		@ args = 0, pretend = 0, frame = 0
  35              		@ frame_needed = 0, uses_anonymous_args = 0
  36              		@ link register save eliminated.
  37              	.LVL0:
  38              		.loc 1 89 0
  39 0000 144B     		ldr	r3, .L2
  40 0002 9A69     		ldr	r2, [r3, #24]
  41 0004 42F07D02 		orr	r2, r2, #125
  42 0008 9A61     		str	r2, [r3, #24]
  43              		.loc 1 94 0
  44 000a 0268     		ldr	r2, [r0, #0]
  45 000c 124B     		ldr	r3, .L2+4
  46 000e DA60     		str	r2, [r3, #12]
  47              		.loc 1 95 0
  48 0010 8268     		ldr	r2, [r0, #8]
  49 0012 5A60     		str	r2, [r3, #4]
  50              		.loc 1 96 0
  51 0014 4268     		ldr	r2, [r0, #4]
  52 0016 1A60     		str	r2, [r3, #0]
  53              		.loc 1 97 0
ARM GAS  /tmp/cco9tSnP.s 			page 2


  54 0018 C268     		ldr	r2, [r0, #12]
  55 001a 104B     		ldr	r3, .L2+8
  56 001c DA60     		str	r2, [r3, #12]
  57              		.loc 1 98 0
  58 001e 4269     		ldr	r2, [r0, #20]
  59 0020 5A60     		str	r2, [r3, #4]
  60              		.loc 1 99 0
  61 0022 0269     		ldr	r2, [r0, #16]
  62 0024 1A60     		str	r2, [r3, #0]
  63              		.loc 1 100 0
  64 0026 8269     		ldr	r2, [r0, #24]
  65 0028 0D4B     		ldr	r3, .L2+12
  66 002a DA60     		str	r2, [r3, #12]
  67              		.loc 1 101 0
  68 002c 026A     		ldr	r2, [r0, #32]
  69 002e 5A60     		str	r2, [r3, #4]
  70              		.loc 1 102 0
  71 0030 C269     		ldr	r2, [r0, #28]
  72 0032 1A60     		str	r2, [r3, #0]
  73              		.loc 1 103 0
  74 0034 426A     		ldr	r2, [r0, #36]
  75 0036 0B4B     		ldr	r3, .L2+16
  76 0038 DA60     		str	r2, [r3, #12]
  77              		.loc 1 104 0
  78 003a C26A     		ldr	r2, [r0, #44]
  79 003c 5A60     		str	r2, [r3, #4]
  80              		.loc 1 105 0
  81 003e 826A     		ldr	r2, [r0, #40]
  82 0040 1A60     		str	r2, [r3, #0]
  83              		.loc 1 107 0
  84 0042 026B     		ldr	r2, [r0, #48]
  85 0044 084B     		ldr	r3, .L2+20
  86 0046 DA60     		str	r2, [r3, #12]
  87              		.loc 1 108 0
  88 0048 826B     		ldr	r2, [r0, #56]
  89 004a 5A60     		str	r2, [r3, #4]
  90              		.loc 1 109 0
  91 004c 426B     		ldr	r2, [r0, #52]
  92 004e 1A60     		str	r2, [r3, #0]
  93              		.loc 1 121 0
  94 0050 7047     		bx	lr
  95              	.L3:
  96 0052 00BF     		.align	2
  97              	.L2:
  98 0054 00100240 		.word	1073876992
  99 0058 00080140 		.word	1073809408
 100 005c 000C0140 		.word	1073810432
 101 0060 00100140 		.word	1073811456
 102 0064 00140140 		.word	1073812480
 103 0068 00180140 		.word	1073813504
 104              		.cfi_endproc
 105              	.LFE55:
 106              		.size	_pal_lld_init, .-_pal_lld_init
 107              		.section	.text._pal_lld_setgroupmode,"ax",%progbits
 108              		.align	1
 109              		.global	_pal_lld_setgroupmode
 110              		.thumb
ARM GAS  /tmp/cco9tSnP.s 			page 3


 111              		.thumb_func
 112              		.type	_pal_lld_setgroupmode, %function
 113              	_pal_lld_setgroupmode:
 114              	.LFB56:
 115              		.loc 1 140 0
 116              		.cfi_startproc
 117              		@ args = 0, pretend = 0, frame = 0
 118              		@ frame_needed = 0, uses_anonymous_args = 0
 119              	.LVL1:
 120              		.loc 1 164 0
 121 0000 032A     		cmp	r2, #3
 122              		.loc 1 140 0
 123 0002 F0B5     		push	{r4, r5, r6, r7, lr}
 124              	.LCFI0:
 125              		.cfi_def_cfa_offset 20
 126              		.loc 1 164 0
 127 0004 01D1     		bne	.L5
 128              		.cfi_offset 14, -4
 129              		.cfi_offset 7, -8
 130              		.cfi_offset 6, -12
 131              		.cfi_offset 5, -16
 132              		.cfi_offset 4, -20
 133              		.loc 1 165 0
 134 0006 0161     		str	r1, [r0, #16]
 135 0008 02E0     		b	.L6
 136              	.L5:
 137              		.loc 1 166 0
 138 000a 042A     		cmp	r2, #4
 139              		.loc 1 167 0
 140 000c 08BF     		it	eq
 141 000e 4161     		streq	r1, [r0, #20]
 142              	.L6:
 143              		.loc 1 168 0
 144 0010 124B     		ldr	r3, .L13
 145 0012 0826     		movs	r6, #8
 146 0014 9F5C     		ldrb	r7, [r3, r2]	@ zero_extendqisi2
 147              	.LVL2:
 148              		.loc 1 169 0
 149 0016 0023     		movs	r3, #0
 150 0018 1C46     		mov	r4, r3
 151 001a 1A46     		mov	r2, r3
 152              	.LVL3:
 153 001c 1D46     		mov	r5, r3
 154              	.LVL4:
 155              	.L12:
 156              		.loc 1 171 0
 157 001e 1201     		lsls	r2, r2, #4
 158              	.LVL5:
 159              		.loc 1 172 0
 160 0020 2D01     		lsls	r5, r5, #4
 161              	.LVL6:
 162              		.loc 1 173 0
 163 0022 1B01     		lsls	r3, r3, #4
 164              	.LVL7:
 165              		.loc 1 174 0
 166 0024 2401     		lsls	r4, r4, #4
 167              	.LVL8:
ARM GAS  /tmp/cco9tSnP.s 			page 4


 168              		.loc 1 175 0
 169 0026 11F0800F 		tst	r1, #128
 170              		.loc 1 176 0
 171 002a 0CBF     		ite	eq
 172 002c 42F00F02 		orreq	r2, r2, #15
 173              	.LVL9:
 174              		.loc 1 178 0
 175 0030 3B43     		orrne	r3, r3, r7
 176              	.LVL10:
 177              		.loc 1 179 0
 178 0032 11F4004F 		tst	r1, #32768
 179              		.loc 1 180 0
 180 0036 0CBF     		ite	eq
 181 0038 45F00F05 		orreq	r5, r5, #15
 182              	.LVL11:
 183              		.loc 1 182 0
 184 003c 3C43     		orrne	r4, r4, r7
 185              	.LVL12:
 186              		.loc 1 170 0
 187 003e 013E     		subs	r6, r6, #1
 188 0040 01D0     		beq	.L11
 189              		.loc 1 183 0
 190 0042 4900     		lsls	r1, r1, #1
 191              	.LVL13:
 192 0044 EBE7     		b	.L12
 193              	.LVL14:
 194              	.L11:
 195              		.loc 1 185 0
 196 0046 4168     		ldr	r1, [r0, #4]
 197              	.LVL15:
 198 0048 0D40     		ands	r5, r5, r1
 199              	.LVL16:
 200 004a 45EA0404 		orr	r4, r5, r4
 201              	.LVL17:
 202 004e 4460     		str	r4, [r0, #4]
 203              		.loc 1 186 0
 204 0050 0168     		ldr	r1, [r0, #0]
 205 0052 0A40     		ands	r2, r2, r1
 206              	.LVL18:
 207 0054 42EA0303 		orr	r3, r2, r3
 208              	.LVL19:
 209 0058 0360     		str	r3, [r0, #0]
 210              		.loc 1 187 0
 211 005a F0BD     		pop	{r4, r5, r6, r7, pc}
 212              	.L14:
 213              		.align	2
 214              	.L13:
 215 005c 00000000 		.word	.LANCHOR0
 216              		.cfi_endproc
 217              	.LFE56:
 218              		.size	_pal_lld_setgroupmode, .-_pal_lld_setgroupmode
 219              		.section	.rodata.cfgtab.6078,"a",%progbits
 220              		.set	.LANCHOR0,. + 0
 221              		.type	cfgtab.6078, %object
 222              		.size	cfgtab.6078, 18
 223              	cfgtab.6078:
 224 0000 04       		.byte	4
ARM GAS  /tmp/cco9tSnP.s 			page 5


 225 0001 02       		.byte	2
 226 0002 04       		.byte	4
 227 0003 08       		.byte	8
 228 0004 08       		.byte	8
 229 0005 00       		.byte	0
 230 0006 03       		.byte	3
 231 0007 07       		.byte	7
 232 0008 08       		.byte	8
 233 0009 08       		.byte	8
 234 000a 08       		.byte	8
 235 000b 08       		.byte	8
 236 000c 08       		.byte	8
 237 000d 08       		.byte	8
 238 000e 08       		.byte	8
 239 000f 08       		.byte	8
 240 0010 0B       		.byte	11
 241 0011 0F       		.byte	15
 242              		.text
 243              	.Letext0:
 244              		.section	.debug_loc,"",%progbits
 245              	.Ldebug_loc0:
 246              	.LLST0:
 247 0000 00000000 		.4byte	.LFB56
 248 0004 04000000 		.4byte	.LCFI0
 249 0008 0200     		.2byte	0x2
 250 000a 7D       		.byte	0x7d
 251 000b 00       		.sleb128 0
 252 000c 04000000 		.4byte	.LCFI0
 253 0010 60000000 		.4byte	.LFE56
 254 0014 0200     		.2byte	0x2
 255 0016 7D       		.byte	0x7d
 256 0017 14       		.sleb128 20
 257 0018 00000000 		.4byte	0x0
 258 001c 00000000 		.4byte	0x0
 259              	.LLST1:
 260 0020 00000000 		.4byte	.LVL1
 261 0024 1E000000 		.4byte	.LVL4
 262 0028 0100     		.2byte	0x1
 263 002a 51       		.byte	0x51
 264 002b 3E000000 		.4byte	.LVL12
 265 002f 44000000 		.4byte	.LVL13
 266 0033 0500     		.2byte	0x5
 267 0035 71       		.byte	0x71
 268 0036 00       		.sleb128 0
 269 0037 31       		.byte	0x31
 270 0038 24       		.byte	0x24
 271 0039 9F       		.byte	0x9f
 272 003a 44000000 		.4byte	.LVL13
 273 003e 46000000 		.4byte	.LVL14
 274 0042 0100     		.2byte	0x1
 275 0044 51       		.byte	0x51
 276 0045 46000000 		.4byte	.LVL14
 277 0049 48000000 		.4byte	.LVL15
 278 004d 0500     		.2byte	0x5
 279 004f 71       		.byte	0x71
 280 0050 00       		.sleb128 0
 281 0051 31       		.byte	0x31
ARM GAS  /tmp/cco9tSnP.s 			page 6


 282 0052 24       		.byte	0x24
 283 0053 9F       		.byte	0x9f
 284 0054 00000000 		.4byte	0x0
 285 0058 00000000 		.4byte	0x0
 286              	.LLST2:
 287 005c 00000000 		.4byte	.LVL1
 288 0060 1C000000 		.4byte	.LVL3
 289 0064 0100     		.2byte	0x1
 290 0066 52       		.byte	0x52
 291 0067 00000000 		.4byte	0x0
 292 006b 00000000 		.4byte	0x0
 293              	.LLST3:
 294 006f 16000000 		.4byte	.LVL2
 295 0073 1E000000 		.4byte	.LVL4
 296 0077 0200     		.2byte	0x2
 297 0079 30       		.byte	0x30
 298 007a 9F       		.byte	0x9f
 299 007b 22000000 		.4byte	.LVL6
 300 007f 3C000000 		.4byte	.LVL11
 301 0083 0100     		.2byte	0x1
 302 0085 55       		.byte	0x55
 303 0086 3C000000 		.4byte	.LVL11
 304 008a 4A000000 		.4byte	.LVL16
 305 008e 0100     		.2byte	0x1
 306 0090 55       		.byte	0x55
 307 0091 00000000 		.4byte	0x0
 308 0095 00000000 		.4byte	0x0
 309              	.LLST4:
 310 0099 16000000 		.4byte	.LVL2
 311 009d 1E000000 		.4byte	.LVL4
 312 00a1 0200     		.2byte	0x2
 313 00a3 30       		.byte	0x30
 314 00a4 9F       		.byte	0x9f
 315 00a5 20000000 		.4byte	.LVL5
 316 00a9 30000000 		.4byte	.LVL9
 317 00ad 0100     		.2byte	0x1
 318 00af 52       		.byte	0x52
 319 00b0 30000000 		.4byte	.LVL9
 320 00b4 54000000 		.4byte	.LVL18
 321 00b8 0100     		.2byte	0x1
 322 00ba 52       		.byte	0x52
 323 00bb 00000000 		.4byte	0x0
 324 00bf 00000000 		.4byte	0x0
 325              	.LLST5:
 326 00c3 16000000 		.4byte	.LVL2
 327 00c7 1E000000 		.4byte	.LVL4
 328 00cb 0200     		.2byte	0x2
 329 00cd 30       		.byte	0x30
 330 00ce 9F       		.byte	0x9f
 331 00cf 26000000 		.4byte	.LVL8
 332 00d3 3E000000 		.4byte	.LVL12
 333 00d7 0100     		.2byte	0x1
 334 00d9 54       		.byte	0x54
 335 00da 3E000000 		.4byte	.LVL12
 336 00de 4E000000 		.4byte	.LVL17
 337 00e2 0100     		.2byte	0x1
 338 00e4 54       		.byte	0x54
ARM GAS  /tmp/cco9tSnP.s 			page 7


 339 00e5 00000000 		.4byte	0x0
 340 00e9 00000000 		.4byte	0x0
 341              	.LLST6:
 342 00ed 16000000 		.4byte	.LVL2
 343 00f1 1E000000 		.4byte	.LVL4
 344 00f5 0200     		.2byte	0x2
 345 00f7 30       		.byte	0x30
 346 00f8 9F       		.byte	0x9f
 347 00f9 24000000 		.4byte	.LVL7
 348 00fd 32000000 		.4byte	.LVL10
 349 0101 0100     		.2byte	0x1
 350 0103 53       		.byte	0x53
 351 0104 32000000 		.4byte	.LVL10
 352 0108 58000000 		.4byte	.LVL19
 353 010c 0100     		.2byte	0x1
 354 010e 53       		.byte	0x53
 355 010f 00000000 		.4byte	0x0
 356 0113 00000000 		.4byte	0x0
 357              	.LLST7:
 358 0117 16000000 		.4byte	.LVL2
 359 011b 1E000000 		.4byte	.LVL4
 360 011f 0200     		.2byte	0x2
 361 0121 30       		.byte	0x30
 362 0122 9F       		.byte	0x9f
 363 0123 00000000 		.4byte	0x0
 364 0127 00000000 		.4byte	0x0
 365              		.file 2 "/home/z80/programs/code-sourcery/2011.03-42/bin/../lib/gcc/arm-none-eabi/4.5.2/../../../.
 366              		.file 3 "../chibios/os/hal/platforms/STM32F1xx/stm32f10x.h"
 367              		.file 4 "../chibios/os/hal/platforms/STM32/GPIOv1/pal_lld.h"
 368              		.file 5 "../chibios/os/ports/common/ARMCMx/CMSIS/include/core_cm3.h"
 369              		.section	.debug_info
 370 0000 93030000 		.4byte	0x393
 371 0004 0200     		.2byte	0x2
 372 0006 00000000 		.4byte	.Ldebug_abbrev0
 373 000a 04       		.byte	0x4
 374 000b 01       		.uleb128 0x1
 375 000c 1A000000 		.4byte	.LASF42
 376 0010 01       		.byte	0x1
 377 0011 E7000000 		.4byte	.LASF43
 378 0015 AB010000 		.4byte	.LASF44
 379 0019 00000000 		.4byte	0x0
 380 001d 00000000 		.4byte	0x0
 381 0021 00000000 		.4byte	.Ldebug_ranges0+0x0
 382 0025 00000000 		.4byte	.Ldebug_line0
 383 0029 02       		.uleb128 0x2
 384 002a 04       		.byte	0x4
 385 002b 05       		.byte	0x5
 386 002c 696E7400 		.ascii	"int\000"
 387 0030 03       		.uleb128 0x3
 388 0031 04       		.byte	0x4
 389 0032 07       		.byte	0x7
 390 0033 40000000 		.4byte	.LASF0
 391 0037 03       		.uleb128 0x3
 392 0038 01       		.byte	0x1
 393 0039 06       		.byte	0x6
 394 003a E1010000 		.4byte	.LASF1
 395 003e 04       		.uleb128 0x4
ARM GAS  /tmp/cco9tSnP.s 			page 8


 396 003f 45010000 		.4byte	.LASF5
 397 0043 02       		.byte	0x2
 398 0044 2A       		.byte	0x2a
 399 0045 49000000 		.4byte	0x49
 400 0049 03       		.uleb128 0x3
 401 004a 01       		.byte	0x1
 402 004b 08       		.byte	0x8
 403 004c 73000000 		.4byte	.LASF2
 404 0050 03       		.uleb128 0x3
 405 0051 02       		.byte	0x2
 406 0052 05       		.byte	0x5
 407 0053 71010000 		.4byte	.LASF3
 408 0057 03       		.uleb128 0x3
 409 0058 02       		.byte	0x2
 410 0059 07       		.byte	0x7
 411 005a ED010000 		.4byte	.LASF4
 412 005e 04       		.uleb128 0x4
 413 005f 57010000 		.4byte	.LASF6
 414 0063 02       		.byte	0x2
 415 0064 4F       		.byte	0x4f
 416 0065 69000000 		.4byte	0x69
 417 0069 03       		.uleb128 0x3
 418 006a 04       		.byte	0x4
 419 006b 05       		.byte	0x5
 420 006c A2010000 		.4byte	.LASF7
 421 0070 04       		.uleb128 0x4
 422 0071 99010000 		.4byte	.LASF8
 423 0075 02       		.byte	0x2
 424 0076 50       		.byte	0x50
 425 0077 7B000000 		.4byte	0x7b
 426 007b 03       		.uleb128 0x3
 427 007c 04       		.byte	0x4
 428 007d 07       		.byte	0x7
 429 007e A2000000 		.4byte	.LASF9
 430 0082 03       		.uleb128 0x3
 431 0083 08       		.byte	0x8
 432 0084 05       		.byte	0x5
 433 0085 00000000 		.4byte	.LASF10
 434 0089 03       		.uleb128 0x3
 435 008a 08       		.byte	0x8
 436 008b 07       		.byte	0x7
 437 008c 00020000 		.4byte	.LASF11
 438 0090 05       		.uleb128 0x5
 439 0091 70000000 		.4byte	0x70
 440 0095 03       		.uleb128 0x3
 441 0096 01       		.byte	0x1
 442 0097 08       		.byte	0x8
 443 0098 40010000 		.4byte	.LASF12
 444 009c 05       		.uleb128 0x5
 445 009d 5E000000 		.4byte	0x5e
 446 00a1 06       		.uleb128 0x6
 447 00a2 1C       		.byte	0x1c
 448 00a3 03       		.byte	0x3
 449 00a4 F803     		.2byte	0x3f8
 450 00a6 14010000 		.4byte	0x114
 451 00aa 07       		.uleb128 0x7
 452 00ab 43524C00 		.ascii	"CRL\000"
ARM GAS  /tmp/cco9tSnP.s 			page 9


 453 00af 03       		.byte	0x3
 454 00b0 FA03     		.2byte	0x3fa
 455 00b2 90000000 		.4byte	0x90
 456 00b6 02       		.byte	0x2
 457 00b7 23       		.byte	0x23
 458 00b8 00       		.uleb128 0x0
 459 00b9 07       		.uleb128 0x7
 460 00ba 43524800 		.ascii	"CRH\000"
 461 00be 03       		.byte	0x3
 462 00bf FB03     		.2byte	0x3fb
 463 00c1 90000000 		.4byte	0x90
 464 00c5 02       		.byte	0x2
 465 00c6 23       		.byte	0x23
 466 00c7 04       		.uleb128 0x4
 467 00c8 07       		.uleb128 0x7
 468 00c9 49445200 		.ascii	"IDR\000"
 469 00cd 03       		.byte	0x3
 470 00ce FC03     		.2byte	0x3fc
 471 00d0 90000000 		.4byte	0x90
 472 00d4 02       		.byte	0x2
 473 00d5 23       		.byte	0x23
 474 00d6 08       		.uleb128 0x8
 475 00d7 07       		.uleb128 0x7
 476 00d8 4F445200 		.ascii	"ODR\000"
 477 00dc 03       		.byte	0x3
 478 00dd FD03     		.2byte	0x3fd
 479 00df 90000000 		.4byte	0x90
 480 00e3 02       		.byte	0x2
 481 00e4 23       		.byte	0x23
 482 00e5 0C       		.uleb128 0xc
 483 00e6 08       		.uleb128 0x8
 484 00e7 34000000 		.4byte	.LASF13
 485 00eb 03       		.byte	0x3
 486 00ec FE03     		.2byte	0x3fe
 487 00ee 90000000 		.4byte	0x90
 488 00f2 02       		.byte	0x2
 489 00f3 23       		.byte	0x23
 490 00f4 10       		.uleb128 0x10
 491 00f5 07       		.uleb128 0x7
 492 00f6 42525200 		.ascii	"BRR\000"
 493 00fa 03       		.byte	0x3
 494 00fb FF03     		.2byte	0x3ff
 495 00fd 90000000 		.4byte	0x90
 496 0101 02       		.byte	0x2
 497 0102 23       		.byte	0x23
 498 0103 14       		.uleb128 0x14
 499 0104 08       		.uleb128 0x8
 500 0105 17020000 		.4byte	.LASF14
 501 0109 03       		.byte	0x3
 502 010a 0004     		.2byte	0x400
 503 010c 90000000 		.4byte	0x90
 504 0110 02       		.byte	0x2
 505 0111 23       		.byte	0x23
 506 0112 18       		.uleb128 0x18
 507 0113 00       		.byte	0x0
 508 0114 09       		.uleb128 0x9
 509 0115 B4000000 		.4byte	.LASF15
ARM GAS  /tmp/cco9tSnP.s 			page 10


 510 0119 03       		.byte	0x3
 511 011a 0104     		.2byte	0x401
 512 011c A1000000 		.4byte	0xa1
 513 0120 06       		.uleb128 0x6
 514 0121 28       		.byte	0x28
 515 0122 03       		.byte	0x3
 516 0123 4304     		.2byte	0x443
 517 0125 BF010000 		.4byte	0x1bf
 518 0129 07       		.uleb128 0x7
 519 012a 435200   		.ascii	"CR\000"
 520 012d 03       		.byte	0x3
 521 012e 4504     		.2byte	0x445
 522 0130 90000000 		.4byte	0x90
 523 0134 02       		.byte	0x2
 524 0135 23       		.byte	0x23
 525 0136 00       		.uleb128 0x0
 526 0137 08       		.uleb128 0x8
 527 0138 52010000 		.4byte	.LASF16
 528 013c 03       		.byte	0x3
 529 013d 4604     		.2byte	0x446
 530 013f 90000000 		.4byte	0x90
 531 0143 02       		.byte	0x2
 532 0144 23       		.byte	0x23
 533 0145 04       		.uleb128 0x4
 534 0146 07       		.uleb128 0x7
 535 0147 43495200 		.ascii	"CIR\000"
 536 014b 03       		.byte	0x3
 537 014c 4704     		.2byte	0x447
 538 014e 90000000 		.4byte	0x90
 539 0152 02       		.byte	0x2
 540 0153 23       		.byte	0x23
 541 0154 08       		.uleb128 0x8
 542 0155 08       		.uleb128 0x8
 543 0156 1A010000 		.4byte	.LASF17
 544 015a 03       		.byte	0x3
 545 015b 4804     		.2byte	0x448
 546 015d 90000000 		.4byte	0x90
 547 0161 02       		.byte	0x2
 548 0162 23       		.byte	0x23
 549 0163 0C       		.uleb128 0xc
 550 0164 08       		.uleb128 0x8
 551 0165 63000000 		.4byte	.LASF18
 552 0169 03       		.byte	0x3
 553 016a 4904     		.2byte	0x449
 554 016c 90000000 		.4byte	0x90
 555 0170 02       		.byte	0x2
 556 0171 23       		.byte	0x23
 557 0172 10       		.uleb128 0x10
 558 0173 08       		.uleb128 0x8
 559 0174 39000000 		.4byte	.LASF19
 560 0178 03       		.byte	0x3
 561 0179 4A04     		.2byte	0x44a
 562 017b 90000000 		.4byte	0x90
 563 017f 02       		.byte	0x2
 564 0180 23       		.byte	0x23
 565 0181 14       		.uleb128 0x14
 566 0182 08       		.uleb128 0x8
ARM GAS  /tmp/cco9tSnP.s 			page 11


 567 0183 5F010000 		.4byte	.LASF20
 568 0187 03       		.byte	0x3
 569 0188 4B04     		.2byte	0x44b
 570 018a 90000000 		.4byte	0x90
 571 018e 02       		.byte	0x2
 572 018f 23       		.byte	0x23
 573 0190 18       		.uleb128 0x18
 574 0191 08       		.uleb128 0x8
 575 0192 DF000000 		.4byte	.LASF21
 576 0196 03       		.byte	0x3
 577 0197 4C04     		.2byte	0x44c
 578 0199 90000000 		.4byte	0x90
 579 019d 02       		.byte	0x2
 580 019e 23       		.byte	0x23
 581 019f 1C       		.uleb128 0x1c
 582 01a0 08       		.uleb128 0x8
 583 01a1 0E000000 		.4byte	.LASF22
 584 01a5 03       		.byte	0x3
 585 01a6 4D04     		.2byte	0x44d
 586 01a8 90000000 		.4byte	0x90
 587 01ac 02       		.byte	0x2
 588 01ad 23       		.byte	0x23
 589 01ae 20       		.uleb128 0x20
 590 01af 07       		.uleb128 0x7
 591 01b0 43535200 		.ascii	"CSR\000"
 592 01b4 03       		.byte	0x3
 593 01b5 4E04     		.2byte	0x44e
 594 01b7 90000000 		.4byte	0x90
 595 01bb 02       		.byte	0x2
 596 01bc 23       		.byte	0x23
 597 01bd 24       		.uleb128 0x24
 598 01be 00       		.byte	0x0
 599 01bf 09       		.uleb128 0x9
 600 01c0 8D010000 		.4byte	.LASF23
 601 01c4 03       		.byte	0x3
 602 01c5 5904     		.2byte	0x459
 603 01c7 20010000 		.4byte	0x120
 604 01cb 0A       		.uleb128 0xa
 605 01cc 0C       		.byte	0xc
 606 01cd 04       		.byte	0x4
 607 01ce 43       		.byte	0x43
 608 01cf FE010000 		.4byte	0x1fe
 609 01d3 0B       		.uleb128 0xb
 610 01d4 6F647200 		.ascii	"odr\000"
 611 01d8 04       		.byte	0x4
 612 01d9 45       		.byte	0x45
 613 01da 70000000 		.4byte	0x70
 614 01de 02       		.byte	0x2
 615 01df 23       		.byte	0x23
 616 01e0 00       		.uleb128 0x0
 617 01e1 0B       		.uleb128 0xb
 618 01e2 63726C00 		.ascii	"crl\000"
 619 01e6 04       		.byte	0x4
 620 01e7 47       		.byte	0x47
 621 01e8 70000000 		.4byte	0x70
 622 01ec 02       		.byte	0x2
 623 01ed 23       		.byte	0x23
ARM GAS  /tmp/cco9tSnP.s 			page 12


 624 01ee 04       		.uleb128 0x4
 625 01ef 0B       		.uleb128 0xb
 626 01f0 63726800 		.ascii	"crh\000"
 627 01f4 04       		.byte	0x4
 628 01f5 49       		.byte	0x49
 629 01f6 70000000 		.4byte	0x70
 630 01fa 02       		.byte	0x2
 631 01fb 23       		.byte	0x23
 632 01fc 08       		.uleb128 0x8
 633 01fd 00       		.byte	0x0
 634 01fe 04       		.uleb128 0x4
 635 01ff 81000000 		.4byte	.LASF24
 636 0203 04       		.byte	0x4
 637 0204 4A       		.byte	0x4a
 638 0205 CB010000 		.4byte	0x1cb
 639 0209 0A       		.uleb128 0xa
 640 020a 3C       		.byte	0x3c
 641 020b 04       		.byte	0x4
 642 020c 53       		.byte	0x53
 643 020d 58020000 		.4byte	0x258
 644 0211 0C       		.uleb128 0xc
 645 0212 94000000 		.4byte	.LASF25
 646 0216 04       		.byte	0x4
 647 0217 55       		.byte	0x55
 648 0218 FE010000 		.4byte	0x1fe
 649 021c 02       		.byte	0x2
 650 021d 23       		.byte	0x23
 651 021e 00       		.uleb128 0x0
 652 021f 0C       		.uleb128 0xc
 653 0220 39010000 		.4byte	.LASF26
 654 0224 04       		.byte	0x4
 655 0225 57       		.byte	0x57
 656 0226 FE010000 		.4byte	0x1fe
 657 022a 02       		.byte	0x2
 658 022b 23       		.byte	0x23
 659 022c 0C       		.uleb128 0xc
 660 022d 0C       		.uleb128 0xc
 661 022e 7B010000 		.4byte	.LASF27
 662 0232 04       		.byte	0x4
 663 0233 59       		.byte	0x59
 664 0234 FE010000 		.4byte	0x1fe
 665 0238 02       		.byte	0x2
 666 0239 23       		.byte	0x23
 667 023a 18       		.uleb128 0x18
 668 023b 0C       		.uleb128 0xc
 669 023c 13000000 		.4byte	.LASF28
 670 0240 04       		.byte	0x4
 671 0241 5B       		.byte	0x5b
 672 0242 FE010000 		.4byte	0x1fe
 673 0246 02       		.byte	0x2
 674 0247 23       		.byte	0x23
 675 0248 24       		.uleb128 0x24
 676 0249 0C       		.uleb128 0xc
 677 024a 6C000000 		.4byte	.LASF29
 678 024e 04       		.byte	0x4
 679 024f 5E       		.byte	0x5e
 680 0250 FE010000 		.4byte	0x1fe
ARM GAS  /tmp/cco9tSnP.s 			page 13


 681 0254 02       		.byte	0x2
 682 0255 23       		.byte	0x23
 683 0256 30       		.uleb128 0x30
 684 0257 00       		.byte	0x0
 685 0258 04       		.uleb128 0x4
 686 0259 D5000000 		.4byte	.LASF30
 687 025d 04       		.byte	0x4
 688 025e 68       		.byte	0x68
 689 025f 09020000 		.4byte	0x209
 690 0263 04       		.uleb128 0x4
 691 0264 4D000000 		.4byte	.LASF31
 692 0268 04       		.byte	0x4
 693 0269 78       		.byte	0x78
 694 026a 70000000 		.4byte	0x70
 695 026e 04       		.uleb128 0x4
 696 026f 5A000000 		.4byte	.LASF32
 697 0273 04       		.byte	0x4
 698 0274 7D       		.byte	0x7d
 699 0275 70000000 		.4byte	0x70
 700 0279 04       		.uleb128 0x4
 701 027a 82010000 		.4byte	.LASF33
 702 027e 04       		.byte	0x4
 703 027f 85       		.byte	0x85
 704 0280 84020000 		.4byte	0x284
 705 0284 0D       		.uleb128 0xd
 706 0285 04       		.byte	0x4
 707 0286 14010000 		.4byte	0x114
 708 028a 0E       		.uleb128 0xe
 709 028b 01       		.byte	0x1
 710 028c 26000000 		.4byte	.LASF34
 711 0290 01       		.byte	0x1
 712 0291 54       		.byte	0x54
 713 0292 01       		.byte	0x1
 714 0293 00000000 		.4byte	.LFB55
 715 0297 6C000000 		.4byte	.LFE55
 716 029b 02       		.byte	0x2
 717 029c 7D       		.byte	0x7d
 718 029d 00       		.sleb128 0
 719 029e B0020000 		.4byte	0x2b0
 720 02a2 0F       		.uleb128 0xf
 721 02a3 CE000000 		.4byte	.LASF36
 722 02a7 01       		.byte	0x1
 723 02a8 54       		.byte	0x54
 724 02a9 B0020000 		.4byte	0x2b0
 725 02ad 01       		.byte	0x1
 726 02ae 50       		.byte	0x50
 727 02af 00       		.byte	0x0
 728 02b0 0D       		.uleb128 0xd
 729 02b1 04       		.byte	0x4
 730 02b2 B6020000 		.4byte	0x2b6
 731 02b6 10       		.uleb128 0x10
 732 02b7 58020000 		.4byte	0x258
 733 02bb 11       		.uleb128 0x11
 734 02bc 01       		.byte	0x1
 735 02bd 23010000 		.4byte	.LASF35
 736 02c1 01       		.byte	0x1
 737 02c2 8A       		.byte	0x8a
ARM GAS  /tmp/cco9tSnP.s 			page 14


 738 02c3 01       		.byte	0x1
 739 02c4 00000000 		.4byte	.LFB56
 740 02c8 60000000 		.4byte	.LFE56
 741 02cc 00000000 		.4byte	.LLST0
 742 02d0 65030000 		.4byte	0x365
 743 02d4 0F       		.uleb128 0xf
 744 02d5 6C010000 		.4byte	.LASF37
 745 02d9 01       		.byte	0x1
 746 02da 8A       		.byte	0x8a
 747 02db 79020000 		.4byte	0x279
 748 02df 01       		.byte	0x1
 749 02e0 50       		.byte	0x50
 750 02e1 12       		.uleb128 0x12
 751 02e2 67010000 		.4byte	.LASF38
 752 02e6 01       		.byte	0x1
 753 02e7 8B       		.byte	0x8b
 754 02e8 63020000 		.4byte	0x263
 755 02ec 20000000 		.4byte	.LLST1
 756 02f0 12       		.uleb128 0x12
 757 02f1 4D010000 		.4byte	.LASF39
 758 02f5 01       		.byte	0x1
 759 02f6 8C       		.byte	0x8c
 760 02f7 6E020000 		.4byte	0x26e
 761 02fb 5C000000 		.4byte	.LLST2
 762 02ff 13       		.uleb128 0x13
 763 0300 9B000000 		.4byte	.LASF40
 764 0304 01       		.byte	0x1
 765 0305 8D       		.byte	0x8d
 766 0306 75030000 		.4byte	0x375
 767 030a 05       		.byte	0x5
 768 030b 03       		.byte	0x3
 769 030c 00000000 		.4byte	cfgtab.6078
 770 0310 14       		.uleb128 0x14
 771 0311 6D6800   		.ascii	"mh\000"
 772 0314 01       		.byte	0x1
 773 0315 A1       		.byte	0xa1
 774 0316 70000000 		.4byte	0x70
 775 031a 6F000000 		.4byte	.LLST3
 776 031e 14       		.uleb128 0x14
 777 031f 6D6C00   		.ascii	"ml\000"
 778 0322 01       		.byte	0x1
 779 0323 A1       		.byte	0xa1
 780 0324 70000000 		.4byte	0x70
 781 0328 99000000 		.4byte	.LLST4
 782 032c 14       		.uleb128 0x14
 783 032d 63726800 		.ascii	"crh\000"
 784 0331 01       		.byte	0x1
 785 0332 A1       		.byte	0xa1
 786 0333 70000000 		.4byte	0x70
 787 0337 C3000000 		.4byte	.LLST5
 788 033b 14       		.uleb128 0x14
 789 033c 63726C00 		.ascii	"crl\000"
 790 0340 01       		.byte	0x1
 791 0341 A1       		.byte	0xa1
 792 0342 70000000 		.4byte	0x70
 793 0346 ED000000 		.4byte	.LLST6
 794 034a 15       		.uleb128 0x15
ARM GAS  /tmp/cco9tSnP.s 			page 15


 795 034b 63666700 		.ascii	"cfg\000"
 796 034f 01       		.byte	0x1
 797 0350 A1       		.byte	0xa1
 798 0351 70000000 		.4byte	0x70
 799 0355 01       		.byte	0x1
 800 0356 57       		.byte	0x57
 801 0357 14       		.uleb128 0x14
 802 0358 6900     		.ascii	"i\000"
 803 035a 01       		.byte	0x1
 804 035b A2       		.byte	0xa2
 805 035c 30000000 		.4byte	0x30
 806 0360 17010000 		.4byte	.LLST7
 807 0364 00       		.byte	0x0
 808 0365 16       		.uleb128 0x16
 809 0366 3E000000 		.4byte	0x3e
 810 036a 75030000 		.4byte	0x375
 811 036e 17       		.uleb128 0x17
 812 036f 30000000 		.4byte	0x30
 813 0373 11       		.byte	0x11
 814 0374 00       		.byte	0x0
 815 0375 10       		.uleb128 0x10
 816 0376 65030000 		.4byte	0x365
 817 037a 18       		.uleb128 0x18
 818 037b C1000000 		.4byte	.LASF41
 819 037f 05       		.byte	0x5
 820 0380 9404     		.2byte	0x494
 821 0382 9C000000 		.4byte	0x9c
 822 0386 01       		.byte	0x1
 823 0387 01       		.byte	0x1
 824 0388 18       		.uleb128 0x18
 825 0389 C1000000 		.4byte	.LASF41
 826 038d 05       		.byte	0x5
 827 038e 9404     		.2byte	0x494
 828 0390 9C000000 		.4byte	0x9c
 829 0394 01       		.byte	0x1
 830 0395 01       		.byte	0x1
 831 0396 00       		.byte	0x0
 832              		.section	.debug_abbrev
 833 0000 01       		.uleb128 0x1
 834 0001 11       		.uleb128 0x11
 835 0002 01       		.byte	0x1
 836 0003 25       		.uleb128 0x25
 837 0004 0E       		.uleb128 0xe
 838 0005 13       		.uleb128 0x13
 839 0006 0B       		.uleb128 0xb
 840 0007 03       		.uleb128 0x3
 841 0008 0E       		.uleb128 0xe
 842 0009 1B       		.uleb128 0x1b
 843 000a 0E       		.uleb128 0xe
 844 000b 11       		.uleb128 0x11
 845 000c 01       		.uleb128 0x1
 846 000d 52       		.uleb128 0x52
 847 000e 01       		.uleb128 0x1
 848 000f 55       		.uleb128 0x55
 849 0010 06       		.uleb128 0x6
 850 0011 10       		.uleb128 0x10
 851 0012 06       		.uleb128 0x6
ARM GAS  /tmp/cco9tSnP.s 			page 16


 852 0013 00       		.byte	0x0
 853 0014 00       		.byte	0x0
 854 0015 02       		.uleb128 0x2
 855 0016 24       		.uleb128 0x24
 856 0017 00       		.byte	0x0
 857 0018 0B       		.uleb128 0xb
 858 0019 0B       		.uleb128 0xb
 859 001a 3E       		.uleb128 0x3e
 860 001b 0B       		.uleb128 0xb
 861 001c 03       		.uleb128 0x3
 862 001d 08       		.uleb128 0x8
 863 001e 00       		.byte	0x0
 864 001f 00       		.byte	0x0
 865 0020 03       		.uleb128 0x3
 866 0021 24       		.uleb128 0x24
 867 0022 00       		.byte	0x0
 868 0023 0B       		.uleb128 0xb
 869 0024 0B       		.uleb128 0xb
 870 0025 3E       		.uleb128 0x3e
 871 0026 0B       		.uleb128 0xb
 872 0027 03       		.uleb128 0x3
 873 0028 0E       		.uleb128 0xe
 874 0029 00       		.byte	0x0
 875 002a 00       		.byte	0x0
 876 002b 04       		.uleb128 0x4
 877 002c 16       		.uleb128 0x16
 878 002d 00       		.byte	0x0
 879 002e 03       		.uleb128 0x3
 880 002f 0E       		.uleb128 0xe
 881 0030 3A       		.uleb128 0x3a
 882 0031 0B       		.uleb128 0xb
 883 0032 3B       		.uleb128 0x3b
 884 0033 0B       		.uleb128 0xb
 885 0034 49       		.uleb128 0x49
 886 0035 13       		.uleb128 0x13
 887 0036 00       		.byte	0x0
 888 0037 00       		.byte	0x0
 889 0038 05       		.uleb128 0x5
 890 0039 35       		.uleb128 0x35
 891 003a 00       		.byte	0x0
 892 003b 49       		.uleb128 0x49
 893 003c 13       		.uleb128 0x13
 894 003d 00       		.byte	0x0
 895 003e 00       		.byte	0x0
 896 003f 06       		.uleb128 0x6
 897 0040 13       		.uleb128 0x13
 898 0041 01       		.byte	0x1
 899 0042 0B       		.uleb128 0xb
 900 0043 0B       		.uleb128 0xb
 901 0044 3A       		.uleb128 0x3a
 902 0045 0B       		.uleb128 0xb
 903 0046 3B       		.uleb128 0x3b
 904 0047 05       		.uleb128 0x5
 905 0048 01       		.uleb128 0x1
 906 0049 13       		.uleb128 0x13
 907 004a 00       		.byte	0x0
 908 004b 00       		.byte	0x0
ARM GAS  /tmp/cco9tSnP.s 			page 17


 909 004c 07       		.uleb128 0x7
 910 004d 0D       		.uleb128 0xd
 911 004e 00       		.byte	0x0
 912 004f 03       		.uleb128 0x3
 913 0050 08       		.uleb128 0x8
 914 0051 3A       		.uleb128 0x3a
 915 0052 0B       		.uleb128 0xb
 916 0053 3B       		.uleb128 0x3b
 917 0054 05       		.uleb128 0x5
 918 0055 49       		.uleb128 0x49
 919 0056 13       		.uleb128 0x13
 920 0057 38       		.uleb128 0x38
 921 0058 0A       		.uleb128 0xa
 922 0059 00       		.byte	0x0
 923 005a 00       		.byte	0x0
 924 005b 08       		.uleb128 0x8
 925 005c 0D       		.uleb128 0xd
 926 005d 00       		.byte	0x0
 927 005e 03       		.uleb128 0x3
 928 005f 0E       		.uleb128 0xe
 929 0060 3A       		.uleb128 0x3a
 930 0061 0B       		.uleb128 0xb
 931 0062 3B       		.uleb128 0x3b
 932 0063 05       		.uleb128 0x5
 933 0064 49       		.uleb128 0x49
 934 0065 13       		.uleb128 0x13
 935 0066 38       		.uleb128 0x38
 936 0067 0A       		.uleb128 0xa
 937 0068 00       		.byte	0x0
 938 0069 00       		.byte	0x0
 939 006a 09       		.uleb128 0x9
 940 006b 16       		.uleb128 0x16
 941 006c 00       		.byte	0x0
 942 006d 03       		.uleb128 0x3
 943 006e 0E       		.uleb128 0xe
 944 006f 3A       		.uleb128 0x3a
 945 0070 0B       		.uleb128 0xb
 946 0071 3B       		.uleb128 0x3b
 947 0072 05       		.uleb128 0x5
 948 0073 49       		.uleb128 0x49
 949 0074 13       		.uleb128 0x13
 950 0075 00       		.byte	0x0
 951 0076 00       		.byte	0x0
 952 0077 0A       		.uleb128 0xa
 953 0078 13       		.uleb128 0x13
 954 0079 01       		.byte	0x1
 955 007a 0B       		.uleb128 0xb
 956 007b 0B       		.uleb128 0xb
 957 007c 3A       		.uleb128 0x3a
 958 007d 0B       		.uleb128 0xb
 959 007e 3B       		.uleb128 0x3b
 960 007f 0B       		.uleb128 0xb
 961 0080 01       		.uleb128 0x1
 962 0081 13       		.uleb128 0x13
 963 0082 00       		.byte	0x0
 964 0083 00       		.byte	0x0
 965 0084 0B       		.uleb128 0xb
ARM GAS  /tmp/cco9tSnP.s 			page 18


 966 0085 0D       		.uleb128 0xd
 967 0086 00       		.byte	0x0
 968 0087 03       		.uleb128 0x3
 969 0088 08       		.uleb128 0x8
 970 0089 3A       		.uleb128 0x3a
 971 008a 0B       		.uleb128 0xb
 972 008b 3B       		.uleb128 0x3b
 973 008c 0B       		.uleb128 0xb
 974 008d 49       		.uleb128 0x49
 975 008e 13       		.uleb128 0x13
 976 008f 38       		.uleb128 0x38
 977 0090 0A       		.uleb128 0xa
 978 0091 00       		.byte	0x0
 979 0092 00       		.byte	0x0
 980 0093 0C       		.uleb128 0xc
 981 0094 0D       		.uleb128 0xd
 982 0095 00       		.byte	0x0
 983 0096 03       		.uleb128 0x3
 984 0097 0E       		.uleb128 0xe
 985 0098 3A       		.uleb128 0x3a
 986 0099 0B       		.uleb128 0xb
 987 009a 3B       		.uleb128 0x3b
 988 009b 0B       		.uleb128 0xb
 989 009c 49       		.uleb128 0x49
 990 009d 13       		.uleb128 0x13
 991 009e 38       		.uleb128 0x38
 992 009f 0A       		.uleb128 0xa
 993 00a0 00       		.byte	0x0
 994 00a1 00       		.byte	0x0
 995 00a2 0D       		.uleb128 0xd
 996 00a3 0F       		.uleb128 0xf
 997 00a4 00       		.byte	0x0
 998 00a5 0B       		.uleb128 0xb
 999 00a6 0B       		.uleb128 0xb
 1000 00a7 49       		.uleb128 0x49
 1001 00a8 13       		.uleb128 0x13
 1002 00a9 00       		.byte	0x0
 1003 00aa 00       		.byte	0x0
 1004 00ab 0E       		.uleb128 0xe
 1005 00ac 2E       		.uleb128 0x2e
 1006 00ad 01       		.byte	0x1
 1007 00ae 3F       		.uleb128 0x3f
 1008 00af 0C       		.uleb128 0xc
 1009 00b0 03       		.uleb128 0x3
 1010 00b1 0E       		.uleb128 0xe
 1011 00b2 3A       		.uleb128 0x3a
 1012 00b3 0B       		.uleb128 0xb
 1013 00b4 3B       		.uleb128 0x3b
 1014 00b5 0B       		.uleb128 0xb
 1015 00b6 27       		.uleb128 0x27
 1016 00b7 0C       		.uleb128 0xc
 1017 00b8 11       		.uleb128 0x11
 1018 00b9 01       		.uleb128 0x1
 1019 00ba 12       		.uleb128 0x12
 1020 00bb 01       		.uleb128 0x1
 1021 00bc 40       		.uleb128 0x40
 1022 00bd 0A       		.uleb128 0xa
ARM GAS  /tmp/cco9tSnP.s 			page 19


 1023 00be 01       		.uleb128 0x1
 1024 00bf 13       		.uleb128 0x13
 1025 00c0 00       		.byte	0x0
 1026 00c1 00       		.byte	0x0
 1027 00c2 0F       		.uleb128 0xf
 1028 00c3 05       		.uleb128 0x5
 1029 00c4 00       		.byte	0x0
 1030 00c5 03       		.uleb128 0x3
 1031 00c6 0E       		.uleb128 0xe
 1032 00c7 3A       		.uleb128 0x3a
 1033 00c8 0B       		.uleb128 0xb
 1034 00c9 3B       		.uleb128 0x3b
 1035 00ca 0B       		.uleb128 0xb
 1036 00cb 49       		.uleb128 0x49
 1037 00cc 13       		.uleb128 0x13
 1038 00cd 02       		.uleb128 0x2
 1039 00ce 0A       		.uleb128 0xa
 1040 00cf 00       		.byte	0x0
 1041 00d0 00       		.byte	0x0
 1042 00d1 10       		.uleb128 0x10
 1043 00d2 26       		.uleb128 0x26
 1044 00d3 00       		.byte	0x0
 1045 00d4 49       		.uleb128 0x49
 1046 00d5 13       		.uleb128 0x13
 1047 00d6 00       		.byte	0x0
 1048 00d7 00       		.byte	0x0
 1049 00d8 11       		.uleb128 0x11
 1050 00d9 2E       		.uleb128 0x2e
 1051 00da 01       		.byte	0x1
 1052 00db 3F       		.uleb128 0x3f
 1053 00dc 0C       		.uleb128 0xc
 1054 00dd 03       		.uleb128 0x3
 1055 00de 0E       		.uleb128 0xe
 1056 00df 3A       		.uleb128 0x3a
 1057 00e0 0B       		.uleb128 0xb
 1058 00e1 3B       		.uleb128 0x3b
 1059 00e2 0B       		.uleb128 0xb
 1060 00e3 27       		.uleb128 0x27
 1061 00e4 0C       		.uleb128 0xc
 1062 00e5 11       		.uleb128 0x11
 1063 00e6 01       		.uleb128 0x1
 1064 00e7 12       		.uleb128 0x12
 1065 00e8 01       		.uleb128 0x1
 1066 00e9 40       		.uleb128 0x40
 1067 00ea 06       		.uleb128 0x6
 1068 00eb 01       		.uleb128 0x1
 1069 00ec 13       		.uleb128 0x13
 1070 00ed 00       		.byte	0x0
 1071 00ee 00       		.byte	0x0
 1072 00ef 12       		.uleb128 0x12
 1073 00f0 05       		.uleb128 0x5
 1074 00f1 00       		.byte	0x0
 1075 00f2 03       		.uleb128 0x3
 1076 00f3 0E       		.uleb128 0xe
 1077 00f4 3A       		.uleb128 0x3a
 1078 00f5 0B       		.uleb128 0xb
 1079 00f6 3B       		.uleb128 0x3b
ARM GAS  /tmp/cco9tSnP.s 			page 20


 1080 00f7 0B       		.uleb128 0xb
 1081 00f8 49       		.uleb128 0x49
 1082 00f9 13       		.uleb128 0x13
 1083 00fa 02       		.uleb128 0x2
 1084 00fb 06       		.uleb128 0x6
 1085 00fc 00       		.byte	0x0
 1086 00fd 00       		.byte	0x0
 1087 00fe 13       		.uleb128 0x13
 1088 00ff 34       		.uleb128 0x34
 1089 0100 00       		.byte	0x0
 1090 0101 03       		.uleb128 0x3
 1091 0102 0E       		.uleb128 0xe
 1092 0103 3A       		.uleb128 0x3a
 1093 0104 0B       		.uleb128 0xb
 1094 0105 3B       		.uleb128 0x3b
 1095 0106 0B       		.uleb128 0xb
 1096 0107 49       		.uleb128 0x49
 1097 0108 13       		.uleb128 0x13
 1098 0109 02       		.uleb128 0x2
 1099 010a 0A       		.uleb128 0xa
 1100 010b 00       		.byte	0x0
 1101 010c 00       		.byte	0x0
 1102 010d 14       		.uleb128 0x14
 1103 010e 34       		.uleb128 0x34
 1104 010f 00       		.byte	0x0
 1105 0110 03       		.uleb128 0x3
 1106 0111 08       		.uleb128 0x8
 1107 0112 3A       		.uleb128 0x3a
 1108 0113 0B       		.uleb128 0xb
 1109 0114 3B       		.uleb128 0x3b
 1110 0115 0B       		.uleb128 0xb
 1111 0116 49       		.uleb128 0x49
 1112 0117 13       		.uleb128 0x13
 1113 0118 02       		.uleb128 0x2
 1114 0119 06       		.uleb128 0x6
 1115 011a 00       		.byte	0x0
 1116 011b 00       		.byte	0x0
 1117 011c 15       		.uleb128 0x15
 1118 011d 34       		.uleb128 0x34
 1119 011e 00       		.byte	0x0
 1120 011f 03       		.uleb128 0x3
 1121 0120 08       		.uleb128 0x8
 1122 0121 3A       		.uleb128 0x3a
 1123 0122 0B       		.uleb128 0xb
 1124 0123 3B       		.uleb128 0x3b
 1125 0124 0B       		.uleb128 0xb
 1126 0125 49       		.uleb128 0x49
 1127 0126 13       		.uleb128 0x13
 1128 0127 02       		.uleb128 0x2
 1129 0128 0A       		.uleb128 0xa
 1130 0129 00       		.byte	0x0
 1131 012a 00       		.byte	0x0
 1132 012b 16       		.uleb128 0x16
 1133 012c 01       		.uleb128 0x1
 1134 012d 01       		.byte	0x1
 1135 012e 49       		.uleb128 0x49
 1136 012f 13       		.uleb128 0x13
ARM GAS  /tmp/cco9tSnP.s 			page 21


 1137 0130 01       		.uleb128 0x1
 1138 0131 13       		.uleb128 0x13
 1139 0132 00       		.byte	0x0
 1140 0133 00       		.byte	0x0
 1141 0134 17       		.uleb128 0x17
 1142 0135 21       		.uleb128 0x21
 1143 0136 00       		.byte	0x0
 1144 0137 49       		.uleb128 0x49
 1145 0138 13       		.uleb128 0x13
 1146 0139 2F       		.uleb128 0x2f
 1147 013a 0B       		.uleb128 0xb
 1148 013b 00       		.byte	0x0
 1149 013c 00       		.byte	0x0
 1150 013d 18       		.uleb128 0x18
 1151 013e 34       		.uleb128 0x34
 1152 013f 00       		.byte	0x0
 1153 0140 03       		.uleb128 0x3
 1154 0141 0E       		.uleb128 0xe
 1155 0142 3A       		.uleb128 0x3a
 1156 0143 0B       		.uleb128 0xb
 1157 0144 3B       		.uleb128 0x3b
 1158 0145 05       		.uleb128 0x5
 1159 0146 49       		.uleb128 0x49
 1160 0147 13       		.uleb128 0x13
 1161 0148 3F       		.uleb128 0x3f
 1162 0149 0C       		.uleb128 0xc
 1163 014a 3C       		.uleb128 0x3c
 1164 014b 0C       		.uleb128 0xc
 1165 014c 00       		.byte	0x0
 1166 014d 00       		.byte	0x0
 1167 014e 00       		.byte	0x0
 1168              		.section	.debug_pubnames,"",%progbits
 1169 0000 3A000000 		.4byte	0x3a
 1170 0004 0200     		.2byte	0x2
 1171 0006 00000000 		.4byte	.Ldebug_info0
 1172 000a 97030000 		.4byte	0x397
 1173 000e 8A020000 		.4byte	0x28a
 1174 0012 5F70616C 		.ascii	"_pal_lld_init\000"
 1174      5F6C6C64 
 1174      5F696E69 
 1174      7400
 1175 0020 BB020000 		.4byte	0x2bb
 1176 0024 5F70616C 		.ascii	"_pal_lld_setgroupmode\000"
 1176      5F6C6C64 
 1176      5F736574 
 1176      67726F75 
 1176      706D6F64 
 1177 003a 00000000 		.4byte	0x0
 1178              		.section	.debug_pubtypes,"",%progbits
 1179 0000 A6000000 		.4byte	0xa6
 1180 0004 0200     		.2byte	0x2
 1181 0006 00000000 		.4byte	.Ldebug_info0
 1182 000a 97030000 		.4byte	0x397
 1183 000e 3E000000 		.4byte	0x3e
 1184 0012 75696E74 		.ascii	"uint8_t\000"
 1184      385F7400 
 1185 001a 5E000000 		.4byte	0x5e
ARM GAS  /tmp/cco9tSnP.s 			page 22


 1186 001e 696E7433 		.ascii	"int32_t\000"
 1186      325F7400 
 1187 0026 70000000 		.4byte	0x70
 1188 002a 75696E74 		.ascii	"uint32_t\000"
 1188      33325F74 
 1188      00
 1189 0033 14010000 		.4byte	0x114
 1190 0037 4750494F 		.ascii	"GPIO_TypeDef\000"
 1190      5F547970 
 1190      65446566 
 1190      00
 1191 0044 BF010000 		.4byte	0x1bf
 1192 0048 5243435F 		.ascii	"RCC_TypeDef\000"
 1192      54797065 
 1192      44656600 
 1193 0054 FE010000 		.4byte	0x1fe
 1194 0058 73746D33 		.ascii	"stm32_gpio_setup_t\000"
 1194      325F6770 
 1194      696F5F73 
 1194      65747570 
 1194      5F7400
 1195 006b 58020000 		.4byte	0x258
 1196 006f 50414C43 		.ascii	"PALConfig\000"
 1196      6F6E6669 
 1196      6700
 1197 0079 63020000 		.4byte	0x263
 1198 007d 696F706F 		.ascii	"ioportmask_t\000"
 1198      72746D61 
 1198      736B5F74 
 1198      00
 1199 008a 6E020000 		.4byte	0x26e
 1200 008e 696F6D6F 		.ascii	"iomode_t\000"
 1200      64655F74 
 1200      00
 1201 0097 79020000 		.4byte	0x279
 1202 009b 696F706F 		.ascii	"ioportid_t\000"
 1202      72746964 
 1202      5F7400
 1203 00a6 00000000 		.4byte	0x0
 1204              		.section	.debug_aranges,"",%progbits
 1205 0000 24000000 		.4byte	0x24
 1206 0004 0200     		.2byte	0x2
 1207 0006 00000000 		.4byte	.Ldebug_info0
 1208 000a 04       		.byte	0x4
 1209 000b 00       		.byte	0x0
 1210 000c 0000     		.2byte	0x0
 1211 000e 0000     		.2byte	0x0
 1212 0010 00000000 		.4byte	.LFB55
 1213 0014 6C000000 		.4byte	.LFE55-.LFB55
 1214 0018 00000000 		.4byte	.LFB56
 1215 001c 60000000 		.4byte	.LFE56-.LFB56
 1216 0020 00000000 		.4byte	0x0
 1217 0024 00000000 		.4byte	0x0
 1218              		.section	.debug_ranges,"",%progbits
 1219              	.Ldebug_ranges0:
 1220 0000 00000000 		.4byte	.LFB55
 1221 0004 6C000000 		.4byte	.LFE55
ARM GAS  /tmp/cco9tSnP.s 			page 23


 1222 0008 00000000 		.4byte	.LFB56
 1223 000c 60000000 		.4byte	.LFE56
 1224 0010 00000000 		.4byte	0x0
 1225 0014 00000000 		.4byte	0x0
 1226              		.section	.debug_str,"MS",%progbits,1
 1227              	.LASF10:
 1228 0000 6C6F6E67 		.ascii	"long long int\000"
 1228      206C6F6E 
 1228      6720696E 
 1228      7400
 1229              	.LASF22:
 1230 000e 42444352 		.ascii	"BDCR\000"
 1230      00
 1231              	.LASF28:
 1232 0013 50444461 		.ascii	"PDData\000"
 1232      746100
 1233              	.LASF42:
 1234 001a 474E5520 		.ascii	"GNU C 4.5.2\000"
 1234      4320342E 
 1234      352E3200 
 1235              	.LASF34:
 1236 0026 5F70616C 		.ascii	"_pal_lld_init\000"
 1236      5F6C6C64 
 1236      5F696E69 
 1236      7400
 1237              	.LASF13:
 1238 0034 42535252 		.ascii	"BSRR\000"
 1238      00
 1239              	.LASF19:
 1240 0039 41484245 		.ascii	"AHBENR\000"
 1240      4E5200
 1241              	.LASF0:
 1242 0040 756E7369 		.ascii	"unsigned int\000"
 1242      676E6564 
 1242      20696E74 
 1242      00
 1243              	.LASF31:
 1244 004d 696F706F 		.ascii	"ioportmask_t\000"
 1244      72746D61 
 1244      736B5F74 
 1244      00
 1245              	.LASF32:
 1246 005a 696F6D6F 		.ascii	"iomode_t\000"
 1246      64655F74 
 1246      00
 1247              	.LASF18:
 1248 0063 41504231 		.ascii	"APB1RSTR\000"
 1248      52535452 
 1248      00
 1249              	.LASF29:
 1250 006c 50454461 		.ascii	"PEData\000"
 1250      746100
 1251              	.LASF2:
 1252 0073 756E7369 		.ascii	"unsigned char\000"
 1252      676E6564 
 1252      20636861 
 1252      7200
ARM GAS  /tmp/cco9tSnP.s 			page 24


 1253              	.LASF24:
 1254 0081 73746D33 		.ascii	"stm32_gpio_setup_t\000"
 1254      325F6770 
 1254      696F5F73 
 1254      65747570 
 1254      5F7400
 1255              	.LASF25:
 1256 0094 50414461 		.ascii	"PAData\000"
 1256      746100
 1257              	.LASF40:
 1258 009b 63666774 		.ascii	"cfgtab\000"
 1258      616200
 1259              	.LASF9:
 1260 00a2 6C6F6E67 		.ascii	"long unsigned int\000"
 1260      20756E73 
 1260      69676E65 
 1260      6420696E 
 1260      7400
 1261              	.LASF15:
 1262 00b4 4750494F 		.ascii	"GPIO_TypeDef\000"
 1262      5F547970 
 1262      65446566 
 1262      00
 1263              	.LASF41:
 1264 00c1 49544D5F 		.ascii	"ITM_RxBuffer\000"
 1264      52784275 
 1264      66666572 
 1264      00
 1265              	.LASF36:
 1266 00ce 636F6E66 		.ascii	"config\000"
 1266      696700
 1267              	.LASF30:
 1268 00d5 50414C43 		.ascii	"PALConfig\000"
 1268      6F6E6669 
 1268      6700
 1269              	.LASF21:
 1270 00df 41504231 		.ascii	"APB1ENR\000"
 1270      454E5200 
 1271              	.LASF43:
 1272 00e7 2E2E2F63 		.ascii	"../chibios/os/hal/platforms/STM32/GPIOv1/pal_lld.c\000"
 1272      68696269 
 1272      6F732F6F 
 1272      732F6861 
 1272      6C2F706C 
 1273              	.LASF17:
 1274 011a 41504232 		.ascii	"APB2RSTR\000"
 1274      52535452 
 1274      00
 1275              	.LASF35:
 1276 0123 5F70616C 		.ascii	"_pal_lld_setgroupmode\000"
 1276      5F6C6C64 
 1276      5F736574 
 1276      67726F75 
 1276      706D6F64 
 1277              	.LASF26:
 1278 0139 50424461 		.ascii	"PBData\000"
 1278      746100
ARM GAS  /tmp/cco9tSnP.s 			page 25


 1279              	.LASF12:
 1280 0140 63686172 		.ascii	"char\000"
 1280      00
 1281              	.LASF5:
 1282 0145 75696E74 		.ascii	"uint8_t\000"
 1282      385F7400 
 1283              	.LASF39:
 1284 014d 6D6F6465 		.ascii	"mode\000"
 1284      00
 1285              	.LASF16:
 1286 0152 43464752 		.ascii	"CFGR\000"
 1286      00
 1287              	.LASF6:
 1288 0157 696E7433 		.ascii	"int32_t\000"
 1288      325F7400 
 1289              	.LASF20:
 1290 015f 41504232 		.ascii	"APB2ENR\000"
 1290      454E5200 
 1291              	.LASF38:
 1292 0167 6D61736B 		.ascii	"mask\000"
 1292      00
 1293              	.LASF37:
 1294 016c 706F7274 		.ascii	"port\000"
 1294      00
 1295              	.LASF3:
 1296 0171 73686F72 		.ascii	"short int\000"
 1296      7420696E 
 1296      7400
 1297              	.LASF27:
 1298 017b 50434461 		.ascii	"PCData\000"
 1298      746100
 1299              	.LASF33:
 1300 0182 696F706F 		.ascii	"ioportid_t\000"
 1300      72746964 
 1300      5F7400
 1301              	.LASF23:
 1302 018d 5243435F 		.ascii	"RCC_TypeDef\000"
 1302      54797065 
 1302      44656600 
 1303              	.LASF8:
 1304 0199 75696E74 		.ascii	"uint32_t\000"
 1304      33325F74 
 1304      00
 1305              	.LASF7:
 1306 01a2 6C6F6E67 		.ascii	"long int\000"
 1306      20696E74 
 1306      00
 1307              	.LASF44:
 1308 01ab 2F686F6D 		.ascii	"/home/z80/projects/dfu.git/firmware-pawn-dev/firmwa"
 1308      652F7A38 
 1308      302F7072 
 1308      6F6A6563 
 1308      74732F64 
 1309 01de 726500   		.ascii	"re\000"
 1310              	.LASF1:
 1311 01e1 7369676E 		.ascii	"signed char\000"
 1311      65642063 
ARM GAS  /tmp/cco9tSnP.s 			page 26


 1311      68617200 
 1312              	.LASF4:
 1313 01ed 73686F72 		.ascii	"short unsigned int\000"
 1313      7420756E 
 1313      7369676E 
 1313      65642069 
 1313      6E7400
 1314              	.LASF11:
 1315 0200 6C6F6E67 		.ascii	"long long unsigned int\000"
 1315      206C6F6E 
 1315      6720756E 
 1315      7369676E 
 1315      65642069 
 1316              	.LASF14:
 1317 0217 4C434B52 		.ascii	"LCKR\000"
 1317      00
 1318              		.ident	"GCC: (Sourcery G++ Lite 2011.03-42) 4.5.2"
ARM GAS  /tmp/cco9tSnP.s 			page 27


DEFINED SYMBOLS
                            *ABS*:00000000 pal_lld.c
     /tmp/cco9tSnP.s:24     .text._pal_lld_init:00000000 $t
     /tmp/cco9tSnP.s:29     .text._pal_lld_init:00000000 _pal_lld_init
     /tmp/cco9tSnP.s:98     .text._pal_lld_init:00000054 $d
     /tmp/cco9tSnP.s:108    .text._pal_lld_setgroupmode:00000000 $t
     /tmp/cco9tSnP.s:113    .text._pal_lld_setgroupmode:00000000 _pal_lld_setgroupmode
     /tmp/cco9tSnP.s:215    .text._pal_lld_setgroupmode:0000005c $d
     /tmp/cco9tSnP.s:223    .rodata.cfgtab.6078:00000000 cfgtab.6078
                     .debug_frame:00000010 $d

NO UNDEFINED SYMBOLS
