ARM GAS  /tmp/ccVFWtI7.s 			page 1


   1              		.syntax unified
   2              		.cpu cortex-m3
   3              		.fpu softvfp
   4              		.eabi_attribute 20, 1
   5              		.eabi_attribute 21, 1
   6              		.eabi_attribute 23, 3
   7              		.eabi_attribute 24, 1
   8              		.eabi_attribute 25, 1
   9              		.eabi_attribute 26, 1
  10              		.eabi_attribute 30, 4
  11              		.eabi_attribute 18, 4
  12              		.thumb
  13              		.file	"rtc_lld.c"
  14              		.section	.debug_abbrev,"",%progbits
  15              	.Ldebug_abbrev0:
  16              		.section	.debug_info,"",%progbits
  17              	.Ldebug_info0:
  18              		.section	.debug_line,"",%progbits
  19              	.Ldebug_line0:
  20 0000 93020000 		.text
  20      02006801 
  20      00000201 
  20      FB0E0D00 
  20      01010101 
  21              	.Ltext0:
  22              		.cfi_sections	.debug_frame
  23              		.section	.text.Vector4C,"ax",%progbits
  24              		.align	1
  25              		.global	Vector4C
  26              		.thumb
  27              		.thumb_func
  28              		.type	Vector4C, %function
  29              	Vector4C:
  30              	.LFB55:
  31              		.file 1 "../chibios/os/hal/platforms/STM32/RTCv1/rtc_lld.c"
  32              		.loc 1 106 0
  33              		.cfi_startproc
  34              		@ args = 0, pretend = 0, frame = 0
  35              		@ frame_needed = 0, uses_anonymous_args = 0
  36 0000 10B5     		push	{r4, lr}
  37              	.LCFI0:
  38              		.cfi_def_cfa_offset 8
  39              		.loc 1 109 0
  40              		.cfi_offset 14, -4
  41              		.cfi_offset 4, -8
  42 0002 FFF7FEFF 		bl	dbg_check_enter_isr
  43              	.L2:
  44              		.loc 1 113 0 discriminator 1
  45 0006 144B     		ldr	r3, .L6
  46 0008 9A88     		ldrh	r2, [r3, #4]
  47 000a 12F0080F 		tst	r2, #8
  48 000e FAD0     		beq	.L2
  49              		.loc 1 116 0
  50 0010 1988     		ldrh	r1, [r3, #0]
  51 0012 9C88     		ldrh	r4, [r3, #4]
  52              	.LVL0:
  53              		.loc 1 117 0
ARM GAS  /tmp/ccVFWtI7.s 			page 2


  54 0014 9A88     		ldrh	r2, [r3, #4]
  55              		.loc 1 119 0
  56 0016 0C40     		ands	r4, r4, r1
  57              	.LVL1:
  58              		.loc 1 117 0
  59 0018 22F00702 		bic	r2, r2, #7
  60 001c 1204     		lsls	r2, r2, #16
  61 001e 120C     		lsrs	r2, r2, #16
  62              		.loc 1 119 0
  63 0020 14F0010F 		tst	r4, #1
  64              		.loc 1 117 0
  65 0024 9A80     		strh	r2, [r3, #4]	@ movhi
  66              		.loc 1 119 0
  67 0026 03D0     		beq	.L3
  68              		.loc 1 120 0
  69 0028 0C48     		ldr	r0, .L6+4
  70 002a 0021     		movs	r1, #0
  71 002c 0368     		ldr	r3, [r0, #0]
  72 002e 9847     		blx	r3
  73              	.L3:
  74              		.loc 1 122 0
  75 0030 14F0020F 		tst	r4, #2
  76 0034 03D0     		beq	.L4
  77              		.loc 1 123 0
  78 0036 0948     		ldr	r0, .L6+4
  79 0038 0121     		movs	r1, #1
  80 003a 0368     		ldr	r3, [r0, #0]
  81 003c 9847     		blx	r3
  82              	.L4:
  83              		.loc 1 125 0
  84 003e 14F0040F 		tst	r4, #4
  85 0042 03D0     		beq	.L5
  86              		.loc 1 126 0
  87 0044 0548     		ldr	r0, .L6+4
  88 0046 0221     		movs	r1, #2
  89 0048 0368     		ldr	r3, [r0, #0]
  90 004a 9847     		blx	r3
  91              	.L5:
  92              		.loc 1 128 0
  93 004c FFF7FEFF 		bl	dbg_check_leave_isr
  94              		.loc 1 129 0
  95 0050 BDE81040 		pop	{r4, lr}
  96              		.loc 1 128 0
  97 0054 FFF7FEBF 		b	_port_irq_epilogue
  98              	.L7:
  99              		.align	2
 100              	.L6:
 101 0058 00280040 		.word	1073752064
 102 005c 00000000 		.word	.LANCHOR0
 103              		.cfi_endproc
 104              	.LFE55:
 105              		.size	Vector4C, .-Vector4C
 106              		.section	.text.rtc_lld_init,"ax",%progbits
 107              		.align	1
 108              		.global	rtc_lld_init
 109              		.thumb
 110              		.thumb_func
ARM GAS  /tmp/ccVFWtI7.s 			page 3


 111              		.type	rtc_lld_init, %function
 112              	rtc_lld_init:
 113              	.LFB56:
 114              		.loc 1 143 0
 115              		.cfi_startproc
 116              		@ args = 0, pretend = 0, frame = 0
 117              		@ frame_needed = 0, uses_anonymous_args = 0
 118              		@ link register save eliminated.
 119              	.L9:
 120              		.loc 1 146 0 discriminator 1
 121 0000 174B     		ldr	r3, .L13
 122 0002 9A88     		ldrh	r2, [r3, #4]
 123 0004 12F0080F 		tst	r2, #8
 124 0008 FAD0     		beq	.L9
 125              		.loc 1 149 0
 126 000a 1A89     		ldrh	r2, [r3, #8]
 127              		.loc 1 150 0
 128 000c 9B89     		ldrh	r3, [r3, #12]
 129              		.loc 1 149 0
 130 000e 1204     		lsls	r2, r2, #16
 131              		.loc 1 150 0
 132 0010 9BB2     		uxth	r3, r3
 133              		.loc 1 149 0
 134 0012 D218     		adds	r2, r2, r3
 135 0014 4FF22343 		movw	r3, #62499
 136 0018 9A42     		cmp	r2, r3
 137 001a 14D0     		beq	.L12
 138              	.L11:
 139              		.loc 1 151 0 discriminator 1
 140 001c 104B     		ldr	r3, .L13
 141 001e 9A88     		ldrh	r2, [r3, #4]
 142 0020 12F0200F 		tst	r2, #32
 143 0024 FAD0     		beq	.L11
 144              		.loc 1 151 0 is_stmt 0 discriminator 2
 145 0026 9A88     		ldrh	r2, [r3, #4]
 146 0028 92B2     		uxth	r2, r2
 147 002a 42F01002 		orr	r2, r2, #16
 148 002e 9A80     		strh	r2, [r3, #4]	@ movhi
 149              		.loc 1 152 0 is_stmt 1 discriminator 2
 150 0030 0022     		movs	r2, #0
 151 0032 1A81     		strh	r2, [r3, #8]	@ movhi
 152              		.loc 1 153 0 discriminator 2
 153 0034 4FF22342 		movw	r2, 62499	@ movhi
 154 0038 9A81     		strh	r2, [r3, #12]	@ movhi
 155              		.loc 1 154 0 discriminator 2
 156 003a 9A88     		ldrh	r2, [r3, #4]
 157 003c 22F01002 		bic	r2, r2, #16
 158 0040 1204     		lsls	r2, r2, #16
 159 0042 120C     		lsrs	r2, r2, #16
 160 0044 9A80     		strh	r2, [r3, #4]	@ movhi
 161              	.L12:
 162              		.loc 1 158 0 discriminator 1
 163 0046 064A     		ldr	r2, .L13
 164 0048 9388     		ldrh	r3, [r2, #4]
 165 004a 13F0200F 		tst	r3, #32
 166 004e FAD0     		beq	.L12
 167              		.loc 1 159 0
ARM GAS  /tmp/ccVFWtI7.s 			page 4


 168 0050 0023     		movs	r3, #0
 169 0052 1380     		strh	r3, [r2, #0]	@ movhi
 170              		.loc 1 162 0
 171 0054 034A     		ldr	r2, .L13+4
 172              		.loc 1 165 0
 173 0056 0320     		movs	r0, #3
 174 0058 F021     		movs	r1, #240
 175              		.loc 1 162 0
 176 005a 1360     		str	r3, [r2, #0]
 177              		.loc 1 166 0
 178              		.loc 1 165 0
 179 005c FFF7FEBF 		b	nvicEnableVector
 180              	.L14:
 181              		.align	2
 182              	.L13:
 183 0060 00280040 		.word	1073752064
 184 0064 00000000 		.word	.LANCHOR0
 185              		.cfi_endproc
 186              	.LFE56:
 187              		.size	rtc_lld_init, .-rtc_lld_init
 188              		.section	.text.rtc_lld_set_time,"ax",%progbits
 189              		.align	1
 190              		.global	rtc_lld_set_time
 191              		.thumb
 192              		.thumb_func
 193              		.type	rtc_lld_set_time, %function
 194              	rtc_lld_set_time:
 195              	.LFB57:
 196              		.loc 1 178 0
 197              		.cfi_startproc
 198              		@ args = 0, pretend = 0, frame = 0
 199              		@ frame_needed = 0, uses_anonymous_args = 0
 200              		@ link register save eliminated.
 201              	.LVL2:
 202              	.L16:
 203              		.loc 1 182 0 discriminator 1
 204 0000 0A4B     		ldr	r3, .L17
 205 0002 9A88     		ldrh	r2, [r3, #4]
 206 0004 12F0200F 		tst	r2, #32
 207 0008 FAD0     		beq	.L16
 208              		.loc 1 182 0 is_stmt 0 discriminator 2
 209 000a 9A88     		ldrh	r2, [r3, #4]
 210 000c 92B2     		uxth	r2, r2
 211 000e 42F01002 		orr	r2, r2, #16
 212 0012 9A80     		strh	r2, [r3, #4]	@ movhi
 213              		.loc 1 183 0 is_stmt 1 discriminator 2
 214 0014 0A68     		ldr	r2, [r1, #0]
 215 0016 110C     		lsrs	r1, r2, #16
 216              	.LVL3:
 217 0018 1983     		strh	r1, [r3, #24]	@ movhi
 218              		.loc 1 184 0 discriminator 2
 219 001a 9A83     		strh	r2, [r3, #28]	@ movhi
 220              		.loc 1 185 0 discriminator 2
 221 001c 9A88     		ldrh	r2, [r3, #4]
 222 001e 22F01002 		bic	r2, r2, #16
 223 0022 1204     		lsls	r2, r2, #16
 224 0024 120C     		lsrs	r2, r2, #16
ARM GAS  /tmp/ccVFWtI7.s 			page 5


 225 0026 9A80     		strh	r2, [r3, #4]	@ movhi
 226              		.loc 1 186 0 discriminator 2
 227 0028 7047     		bx	lr
 228              	.L18:
 229 002a 00BF     		.align	2
 230              	.L17:
 231 002c 00280040 		.word	1073752064
 232              		.cfi_endproc
 233              	.LFE57:
 234              		.size	rtc_lld_set_time, .-rtc_lld_set_time
 235              		.section	.text.rtc_lld_get_time,"ax",%progbits
 236              		.align	1
 237              		.global	rtc_lld_get_time
 238              		.thumb
 239              		.thumb_func
 240              		.type	rtc_lld_get_time, %function
 241              	rtc_lld_get_time:
 242              	.LFB58:
 243              		.loc 1 196 0
 244              		.cfi_startproc
 245              		@ args = 0, pretend = 0, frame = 0
 246              		@ frame_needed = 0, uses_anonymous_args = 0
 247              	.LVL4:
 248 0000 30B5     		push	{r4, r5, lr}
 249              	.LCFI1:
 250              		.cfi_def_cfa_offset 12
 251              	.L20:
 252              		.loc 1 202 0 discriminator 1
 253 0002 114B     		ldr	r3, .L22
 254 0004 9B88     		ldrh	r3, [r3, #4]
 255 0006 13F0080F 		tst	r3, #8
 256 000a FAD0     		beq	.L20
 257              		.cfi_offset 14, -4
 258              		.cfi_offset 5, -8
 259              		.cfi_offset 4, -12
 260              	.LVL5:
 261              	.L21:
 262              		.loc 1 206 0 discriminator 1
 263 000c 0E4B     		ldr	r3, .L22
 264 000e 1A8B     		ldrh	r2, [r3, #24]
 265 0010 988B     		ldrh	r0, [r3, #28]
 266 0012 1204     		lsls	r2, r2, #16
 267 0014 80B2     		uxth	r0, r0
 268 0016 1218     		adds	r2, r2, r0
 269              		.loc 1 207 0 discriminator 1
 270 0018 188A     		ldrh	r0, [r3, #16]
 271 001a 9C8A     		ldrh	r4, [r3, #20]
 272 001c 0004     		lsls	r0, r0, #16
 273 001e A4B2     		uxth	r4, r4
 274              		.loc 1 208 0 discriminator 1
 275 0020 1D8B     		ldrh	r5, [r3, #24]
 276              		.loc 1 207 0 discriminator 1
 277 0022 0019     		adds	r0, r0, r4
 278              	.LVL6:
 279              		.loc 1 208 0 discriminator 1
 280 0024 9C8B     		ldrh	r4, [r3, #28]
 281 0026 2B04     		lsls	r3, r5, #16
ARM GAS  /tmp/ccVFWtI7.s 			page 6


 282 0028 A4B2     		uxth	r4, r4
 283 002a 1B19     		adds	r3, r3, r4
 284 002c 9A42     		cmp	r2, r3
 285 002e EDD1     		bne	.L21
 286              		.loc 1 208 0 is_stmt 0
 287 0030 0A60     		str	r2, [r1, #0]
 288              		.loc 1 210 0 is_stmt 1
 289 0032 064A     		ldr	r2, .L22+4
 290 0034 064B     		ldr	r3, .L22+8
 291 0036 4243     		muls	r2, r0, r2
 292 0038 D318     		adds	r3, r2, r3
 293 003a 4FF22442 		movw	r2, #62500
 294 003e B3FBF2F3 		udiv	r3, r3, r2
 295 0042 9BB2     		uxth	r3, r3
 296 0044 4B60     		str	r3, [r1, #4]
 297              		.loc 1 212 0
 298 0046 30BD     		pop	{r4, r5, pc}
 299              	.L23:
 300              		.align	2
 301              	.L22:
 302 0048 00280040 		.word	1073752064
 303 004c 18FCFFFF 		.word	-1000
 304 0050 B8A8B903 		.word	62499000
 305              		.cfi_endproc
 306              	.LFE58:
 307              		.size	rtc_lld_get_time, .-rtc_lld_get_time
 308              		.section	.text.rtc_lld_set_alarm,"ax",%progbits
 309              		.align	1
 310              		.global	rtc_lld_set_alarm
 311              		.thumb
 312              		.thumb_func
 313              		.type	rtc_lld_set_alarm, %function
 314              	rtc_lld_set_alarm:
 315              	.LFB59:
 316              		.loc 1 227 0
 317              		.cfi_startproc
 318              		@ args = 0, pretend = 0, frame = 0
 319              		@ frame_needed = 0, uses_anonymous_args = 0
 320              		@ link register save eliminated.
 321              	.LVL7:
 322              	.L25:
 323              		.loc 1 232 0 discriminator 1
 324 0000 0C4B     		ldr	r3, .L29
 325 0002 9988     		ldrh	r1, [r3, #4]
 326 0004 11F0200F 		tst	r1, #32
 327 0008 FAD0     		beq	.L25
 328              		.loc 1 232 0 is_stmt 0 discriminator 2
 329 000a 9988     		ldrh	r1, [r3, #4]
 330 000c 89B2     		uxth	r1, r1
 331 000e 41F01001 		orr	r1, r1, #16
 332 0012 9980     		strh	r1, [r3, #4]	@ movhi
 333              		.loc 1 233 0 is_stmt 1 discriminator 2
 334 0014 1AB1     		cbz	r2, .L26
 335              		.loc 1 234 0
 336 0016 1268     		ldr	r2, [r2, #0]
 337              	.LVL8:
 338 0018 110C     		lsrs	r1, r2, #16
ARM GAS  /tmp/ccVFWtI7.s 			page 7


 339 001a 1984     		strh	r1, [r3, #32]	@ movhi
 340 001c 00E0     		b	.L28
 341              	.LVL9:
 342              	.L26:
 343              		.loc 1 238 0
 344 001e 1A84     		strh	r2, [r3, #32]	@ movhi
 345              	.LVL10:
 346              	.L28:
 347              		.loc 1 239 0
 348 0020 9A84     		strh	r2, [r3, #36]	@ movhi
 349              		.loc 1 241 0
 350 0022 044A     		ldr	r2, .L29
 351 0024 9388     		ldrh	r3, [r2, #4]
 352 0026 23F01003 		bic	r3, r3, #16
 353 002a 1B04     		lsls	r3, r3, #16
 354 002c 1B0C     		lsrs	r3, r3, #16
 355 002e 9380     		strh	r3, [r2, #4]	@ movhi
 356              		.loc 1 242 0
 357 0030 7047     		bx	lr
 358              	.L30:
 359 0032 00BF     		.align	2
 360              	.L29:
 361 0034 00280040 		.word	1073752064
 362              		.cfi_endproc
 363              	.LFE59:
 364              		.size	rtc_lld_set_alarm, .-rtc_lld_set_alarm
 365              		.section	.text.rtc_lld_get_alarm,"ax",%progbits
 366              		.align	1
 367              		.global	rtc_lld_get_alarm
 368              		.thumb
 369              		.thumb_func
 370              		.type	rtc_lld_get_alarm, %function
 371              	rtc_lld_get_alarm:
 372              	.LFB60:
 373              		.loc 1 259 0
 374              		.cfi_startproc
 375              		@ args = 0, pretend = 0, frame = 0
 376              		@ frame_needed = 0, uses_anonymous_args = 0
 377              		@ link register save eliminated.
 378              	.LVL11:
 379              	.L32:
 380              		.loc 1 265 0 discriminator 1
 381 0000 054B     		ldr	r3, .L33
 382 0002 9988     		ldrh	r1, [r3, #4]
 383 0004 11F0080F 		tst	r1, #8
 384 0008 FAD0     		beq	.L32
 385              		.loc 1 267 0
 386 000a 188C     		ldrh	r0, [r3, #32]
 387              	.LVL12:
 388 000c 998C     		ldrh	r1, [r3, #36]
 389 000e 0304     		lsls	r3, r0, #16
 390 0010 89B2     		uxth	r1, r1
 391 0012 5B18     		adds	r3, r3, r1
 392 0014 1360     		str	r3, [r2, #0]
 393              		.loc 1 268 0
 394 0016 7047     		bx	lr
 395              	.L34:
ARM GAS  /tmp/ccVFWtI7.s 			page 8


 396              		.align	2
 397              	.L33:
 398 0018 00280040 		.word	1073752064
 399              		.cfi_endproc
 400              	.LFE60:
 401              		.size	rtc_lld_get_alarm, .-rtc_lld_get_alarm
 402              		.section	.text.rtc_lld_set_callback,"ax",%progbits
 403              		.align	1
 404              		.global	rtc_lld_set_callback
 405              		.thumb
 406              		.thumb_func
 407              		.type	rtc_lld_set_callback, %function
 408              	rtc_lld_set_callback:
 409              	.LFB61:
 410              		.loc 1 280 0
 411              		.cfi_startproc
 412              		@ args = 0, pretend = 0, frame = 0
 413              		@ frame_needed = 0, uses_anonymous_args = 0
 414              		@ link register save eliminated.
 415              	.LVL13:
 416              		.loc 1 282 0
 417 0000 71B1     		cbz	r1, .L36
 418              		.loc 1 285 0
 419 0002 0160     		str	r1, [r0, #0]
 420              	.L37:
 421              		.loc 1 287 0 discriminator 1
 422 0004 0B4A     		ldr	r2, .L39
 423 0006 9388     		ldrh	r3, [r2, #4]
 424 0008 13F0200F 		tst	r3, #32
 425 000c FAD0     		beq	.L37
 426              		.loc 1 288 0
 427 000e 9388     		ldrh	r3, [r2, #4]
 428 0010 23F00703 		bic	r3, r3, #7
 429 0014 1B04     		lsls	r3, r3, #16
 430 0016 1B0C     		lsrs	r3, r3, #16
 431 0018 9380     		strh	r3, [r2, #4]	@ movhi
 432              		.loc 1 289 0
 433 001a 0723     		movs	r3, #7
 434 001c 1380     		strh	r3, [r2, #0]	@ movhi
 435 001e 7047     		bx	lr
 436              	.L36:
 437              		.loc 1 292 0 discriminator 1
 438 0020 044A     		ldr	r2, .L39
 439 0022 9388     		ldrh	r3, [r2, #4]
 440 0024 13F0200F 		tst	r3, #32
 441 0028 FAD0     		beq	.L36
 442              		.loc 1 293 0
 443 002a 0023     		movs	r3, #0
 444 002c 1380     		strh	r3, [r2, #0]	@ movhi
 445              		.loc 1 296 0
 446 002e 0360     		str	r3, [r0, #0]
 447 0030 7047     		bx	lr
 448              	.L40:
 449 0032 00BF     		.align	2
 450              	.L39:
 451 0034 00280040 		.word	1073752064
 452              		.cfi_endproc
ARM GAS  /tmp/ccVFWtI7.s 			page 9


 453              	.LFE61:
 454              		.size	rtc_lld_set_callback, .-rtc_lld_set_callback
 455              		.global	RTCD1
 456              		.section	.bss.RTCD1,"aw",%nobits
 457              		.align	2
 458              		.set	.LANCHOR0,. + 0
 459              		.type	RTCD1, %object
 460              		.size	RTCD1, 4
 461              	RTCD1:
 462 0000 00000000 		.space	4
 463              		.text
 464              	.Letext0:
 465              		.section	.debug_loc,"",%progbits
 466              	.Ldebug_loc0:
 467              	.LLST0:
 468 0000 00000000 		.4byte	.LFB55
 469 0004 02000000 		.4byte	.LCFI0
 470 0008 0200     		.2byte	0x2
 471 000a 7D       		.byte	0x7d
 472 000b 00       		.sleb128 0
 473 000c 02000000 		.4byte	.LCFI0
 474 0010 60000000 		.4byte	.LFE55
 475 0014 0200     		.2byte	0x2
 476 0016 7D       		.byte	0x7d
 477 0017 08       		.sleb128 8
 478 0018 00000000 		.4byte	0x0
 479 001c 00000000 		.4byte	0x0
 480              	.LLST1:
 481 0020 14000000 		.4byte	.LVL0
 482 0024 18000000 		.4byte	.LVL1
 483 0028 0A00     		.2byte	0xa
 484 002a 71       		.byte	0x71
 485 002b 00       		.sleb128 0
 486 002c 0A       		.byte	0xa
 487 002d FFFF     		.2byte	0xffff
 488 002f 1A       		.byte	0x1a
 489 0030 74       		.byte	0x74
 490 0031 00       		.sleb128 0
 491 0032 1A       		.byte	0x1a
 492 0033 9F       		.byte	0x9f
 493 0034 00000000 		.4byte	0x0
 494 0038 00000000 		.4byte	0x0
 495              	.LLST2:
 496 003c 00000000 		.4byte	.LVL2
 497 0040 18000000 		.4byte	.LVL3
 498 0044 0100     		.2byte	0x1
 499 0046 51       		.byte	0x51
 500 0047 00000000 		.4byte	0x0
 501 004b 00000000 		.4byte	0x0
 502              	.LLST3:
 503 004f 00000000 		.4byte	.LFB58
 504 0053 02000000 		.4byte	.LCFI1
 505 0057 0200     		.2byte	0x2
 506 0059 7D       		.byte	0x7d
 507 005a 00       		.sleb128 0
 508 005b 02000000 		.4byte	.LCFI1
 509 005f 54000000 		.4byte	.LFE58
ARM GAS  /tmp/ccVFWtI7.s 			page 10


 510 0063 0200     		.2byte	0x2
 511 0065 7D       		.byte	0x7d
 512 0066 0C       		.sleb128 12
 513 0067 00000000 		.4byte	0x0
 514 006b 00000000 		.4byte	0x0
 515              	.LLST4:
 516 006f 00000000 		.4byte	.LVL4
 517 0073 0C000000 		.4byte	.LVL5
 518 0077 0100     		.2byte	0x1
 519 0079 50       		.byte	0x50
 520 007a 00000000 		.4byte	0x0
 521 007e 00000000 		.4byte	0x0
 522              	.LLST5:
 523 0082 00000000 		.4byte	.LVL7
 524 0086 18000000 		.4byte	.LVL8
 525 008a 0100     		.2byte	0x1
 526 008c 52       		.byte	0x52
 527 008d 1E000000 		.4byte	.LVL9
 528 0091 20000000 		.4byte	.LVL10
 529 0095 0100     		.2byte	0x1
 530 0097 52       		.byte	0x52
 531 0098 00000000 		.4byte	0x0
 532 009c 00000000 		.4byte	0x0
 533              	.LLST6:
 534 00a0 00000000 		.4byte	.LVL11
 535 00a4 0C000000 		.4byte	.LVL12
 536 00a8 0100     		.2byte	0x1
 537 00aa 50       		.byte	0x50
 538 00ab 00000000 		.4byte	0x0
 539 00af 00000000 		.4byte	0x0
 540              		.file 2 "/home/z80/programs/code-sourcery/2011.03-42/bin/../lib/gcc/arm-none-eabi/4.5.2/../../../.
 541              		.file 3 "../chibios/os/hal/platforms/STM32F1xx/stm32f10x.h"
 542              		.file 4 "../chibios/os/hal/include/rtc.h"
 543              		.file 5 "../chibios/os/hal/platforms/STM32/RTCv1/rtc_lld.h"
 544              		.file 6 "../chibios/os/ports/common/ARMCMx/CMSIS/include/core_cm3.h"
 545              		.section	.debug_info
 546 0000 D3050000 		.4byte	0x5d3
 547 0004 0200     		.2byte	0x2
 548 0006 00000000 		.4byte	.Ldebug_abbrev0
 549 000a 04       		.byte	0x4
 550 000b 01       		.uleb128 0x1
 551 000c D7000000 		.4byte	.LASF110
 552 0010 01       		.byte	0x1
 553 0011 78000000 		.4byte	.LASF111
 554 0015 40050000 		.4byte	.LASF112
 555 0019 00000000 		.4byte	0x0
 556 001d 00000000 		.4byte	0x0
 557 0021 00000000 		.4byte	.Ldebug_ranges0+0x0
 558 0025 00000000 		.4byte	.Ldebug_line0
 559 0029 02       		.uleb128 0x2
 560 002a 04       		.byte	0x4
 561 002b 05       		.byte	0x5
 562 002c 696E7400 		.ascii	"int\000"
 563 0030 03       		.uleb128 0x3
 564 0031 04       		.byte	0x4
 565 0032 07       		.byte	0x7
 566 0033 26030000 		.4byte	.LASF0
ARM GAS  /tmp/ccVFWtI7.s 			page 11


 567 0037 03       		.uleb128 0x3
 568 0038 01       		.byte	0x1
 569 0039 06       		.byte	0x6
 570 003a E9020000 		.4byte	.LASF1
 571 003e 04       		.uleb128 0x4
 572 003f 0A010000 		.4byte	.LASF4
 573 0043 02       		.byte	0x2
 574 0044 2A       		.byte	0x2a
 575 0045 49000000 		.4byte	0x49
 576 0049 03       		.uleb128 0x3
 577 004a 01       		.byte	0x1
 578 004b 08       		.byte	0x8
 579 004c 8A020000 		.4byte	.LASF2
 580 0050 03       		.uleb128 0x3
 581 0051 02       		.byte	0x2
 582 0052 05       		.byte	0x5
 583 0053 00010000 		.4byte	.LASF3
 584 0057 04       		.uleb128 0x4
 585 0058 33030000 		.4byte	.LASF5
 586 005c 02       		.byte	0x2
 587 005d 36       		.byte	0x36
 588 005e 62000000 		.4byte	0x62
 589 0062 03       		.uleb128 0x3
 590 0063 02       		.byte	0x2
 591 0064 07       		.byte	0x7
 592 0065 A7030000 		.4byte	.LASF6
 593 0069 04       		.uleb128 0x4
 594 006a BF030000 		.4byte	.LASF7
 595 006e 02       		.byte	0x2
 596 006f 4F       		.byte	0x4f
 597 0070 74000000 		.4byte	0x74
 598 0074 03       		.uleb128 0x3
 599 0075 04       		.byte	0x4
 600 0076 05       		.byte	0x5
 601 0077 E3010000 		.4byte	.LASF8
 602 007b 04       		.uleb128 0x4
 603 007c 12030000 		.4byte	.LASF9
 604 0080 02       		.byte	0x2
 605 0081 50       		.byte	0x50
 606 0082 86000000 		.4byte	0x86
 607 0086 03       		.uleb128 0x3
 608 0087 04       		.byte	0x4
 609 0088 07       		.byte	0x7
 610 0089 4D030000 		.4byte	.LASF10
 611 008d 03       		.uleb128 0x3
 612 008e 08       		.byte	0x8
 613 008f 05       		.byte	0x5
 614 0090 A3010000 		.4byte	.LASF11
 615 0094 03       		.uleb128 0x3
 616 0095 08       		.byte	0x8
 617 0096 07       		.byte	0x7
 618 0097 FB020000 		.4byte	.LASF12
 619 009b 03       		.uleb128 0x3
 620 009c 01       		.byte	0x1
 621 009d 08       		.byte	0x8
 622 009e BA030000 		.4byte	.LASF13
 623 00a2 05       		.uleb128 0x5
ARM GAS  /tmp/ccVFWtI7.s 			page 12


 624 00a3 8D050000 		.4byte	.LASF113
 625 00a7 01       		.byte	0x1
 626 00a8 03       		.byte	0x3
 627 00a9 A9       		.byte	0xa9
 628 00aa E1010000 		.4byte	0x1e1
 629 00ae 06       		.uleb128 0x6
 630 00af C0040000 		.4byte	.LASF14
 631 00b3 72       		.sleb128 -14
 632 00b4 06       		.uleb128 0x6
 633 00b5 B7020000 		.4byte	.LASF15
 634 00b9 74       		.sleb128 -12
 635 00ba 06       		.uleb128 0x6
 636 00bb 6F020000 		.4byte	.LASF16
 637 00bf 75       		.sleb128 -11
 638 00c0 06       		.uleb128 0x6
 639 00c1 5F010000 		.4byte	.LASF17
 640 00c5 76       		.sleb128 -10
 641 00c6 06       		.uleb128 0x6
 642 00c7 6B030000 		.4byte	.LASF18
 643 00cb 7B       		.sleb128 -5
 644 00cc 06       		.uleb128 0x6
 645 00cd BF000000 		.4byte	.LASF19
 646 00d1 7C       		.sleb128 -4
 647 00d2 06       		.uleb128 0x6
 648 00d3 5F030000 		.4byte	.LASF20
 649 00d7 7E       		.sleb128 -2
 650 00d8 06       		.uleb128 0x6
 651 00d9 05000000 		.4byte	.LASF21
 652 00dd 7F       		.sleb128 -1
 653 00de 06       		.uleb128 0x6
 654 00df CE010000 		.4byte	.LASF22
 655 00e3 00       		.sleb128 0
 656 00e4 06       		.uleb128 0x6
 657 00e5 47000000 		.4byte	.LASF23
 658 00e9 01       		.sleb128 1
 659 00ea 06       		.uleb128 0x6
 660 00eb 62000000 		.4byte	.LASF24
 661 00ef 02       		.sleb128 2
 662 00f0 06       		.uleb128 0x6
 663 00f1 A5040000 		.4byte	.LASF25
 664 00f5 03       		.sleb128 3
 665 00f6 06       		.uleb128 0x6
 666 00f7 2F010000 		.4byte	.LASF26
 667 00fb 04       		.sleb128 4
 668 00fc 06       		.uleb128 0x6
 669 00fd 33000000 		.4byte	.LASF27
 670 0101 05       		.sleb128 5
 671 0102 06       		.uleb128 0x6
 672 0103 42030000 		.4byte	.LASF28
 673 0107 06       		.sleb128 6
 674 0108 06       		.uleb128 0x6
 675 0109 3C000000 		.4byte	.LASF29
 676 010d 07       		.sleb128 7
 677 010e 06       		.uleb128 0x6
 678 010f 1B030000 		.4byte	.LASF30
 679 0113 08       		.sleb128 8
 680 0114 06       		.uleb128 0x6
ARM GAS  /tmp/ccVFWtI7.s 			page 13


 681 0115 15050000 		.4byte	.LASF31
 682 0119 09       		.sleb128 9
 683 011a 06       		.uleb128 0x6
 684 011b 57000000 		.4byte	.LASF32
 685 011f 0A       		.sleb128 10
 686 0120 06       		.uleb128 0x6
 687 0121 4C010000 		.4byte	.LASF33
 688 0125 0B       		.sleb128 11
 689 0126 06       		.uleb128 0x6
 690 0127 F2030000 		.4byte	.LASF34
 691 012b 0C       		.sleb128 12
 692 012c 06       		.uleb128 0x6
 693 012d 6F010000 		.4byte	.LASF35
 694 0131 0D       		.sleb128 13
 695 0132 06       		.uleb128 0x6
 696 0133 1C010000 		.4byte	.LASF36
 697 0137 0E       		.sleb128 14
 698 0138 06       		.uleb128 0x6
 699 0139 56040000 		.4byte	.LASF37
 700 013d 0F       		.sleb128 15
 701 013e 06       		.uleb128 0x6
 702 013f ED000000 		.4byte	.LASF38
 703 0143 10       		.sleb128 16
 704 0144 06       		.uleb128 0x6
 705 0145 02050000 		.4byte	.LASF39
 706 0149 11       		.sleb128 17
 707 014a 06       		.uleb128 0x6
 708 014b 0F020000 		.4byte	.LASF40
 709 014f 12       		.sleb128 18
 710 0150 06       		.uleb128 0x6
 711 0151 93030000 		.4byte	.LASF41
 712 0155 13       		.sleb128 19
 713 0156 06       		.uleb128 0x6
 714 0157 AA000000 		.4byte	.LASF42
 715 015b 14       		.sleb128 20
 716 015c 06       		.uleb128 0x6
 717 015d 20040000 		.4byte	.LASF43
 718 0161 15       		.sleb128 21
 719 0162 06       		.uleb128 0x6
 720 0163 1D000000 		.4byte	.LASF44
 721 0167 16       		.sleb128 22
 722 0168 06       		.uleb128 0x6
 723 0169 77030000 		.4byte	.LASF45
 724 016d 17       		.sleb128 23
 725 016e 06       		.uleb128 0x6
 726 016f E4030000 		.4byte	.LASF46
 727 0173 18       		.sleb128 24
 728 0174 06       		.uleb128 0x6
 729 0175 E5040000 		.4byte	.LASF47
 730 0179 19       		.sleb128 25
 731 017a 06       		.uleb128 0x6
 732 017b AE040000 		.4byte	.LASF48
 733 017f 1A       		.sleb128 26
 734 0180 06       		.uleb128 0x6
 735 0181 98020000 		.4byte	.LASF49
 736 0185 1B       		.sleb128 27
 737 0186 06       		.uleb128 0x6
ARM GAS  /tmp/ccVFWtI7.s 			page 14


 738 0187 05040000 		.4byte	.LASF50
 739 018b 1C       		.sleb128 28
 740 018c 06       		.uleb128 0x6
 741 018d 83050000 		.4byte	.LASF51
 742 0191 1D       		.sleb128 29
 743 0192 06       		.uleb128 0x6
 744 0193 47020000 		.4byte	.LASF52
 745 0197 1E       		.sleb128 30
 746 0198 06       		.uleb128 0x6
 747 0199 F9010000 		.4byte	.LASF53
 748 019d 1F       		.sleb128 31
 749 019e 06       		.uleb128 0x6
 750 019f 76050000 		.4byte	.LASF54
 751 01a3 20       		.sleb128 32
 752 01a4 06       		.uleb128 0x6
 753 01a5 7D020000 		.4byte	.LASF55
 754 01a9 21       		.sleb128 33
 755 01aa 06       		.uleb128 0x6
 756 01ab CD020000 		.4byte	.LASF56
 757 01af 22       		.sleb128 34
 758 01b0 06       		.uleb128 0x6
 759 01b1 E3000000 		.4byte	.LASF57
 760 01b5 23       		.sleb128 35
 761 01b6 06       		.uleb128 0x6
 762 01b7 C7030000 		.4byte	.LASF58
 763 01bb 24       		.sleb128 36
 764 01bc 06       		.uleb128 0x6
 765 01bd B1010000 		.4byte	.LASF59
 766 01c1 25       		.sleb128 37
 767 01c2 06       		.uleb128 0x6
 768 01c3 D9040000 		.4byte	.LASF60
 769 01c7 26       		.sleb128 38
 770 01c8 06       		.uleb128 0x6
 771 01c9 97010000 		.4byte	.LASF61
 772 01cd 27       		.sleb128 39
 773 01ce 06       		.uleb128 0x6
 774 01cf 84030000 		.4byte	.LASF62
 775 01d3 28       		.sleb128 40
 776 01d4 06       		.uleb128 0x6
 777 01d5 DA020000 		.4byte	.LASF63
 778 01d9 29       		.sleb128 41
 779 01da 06       		.uleb128 0x6
 780 01db 92050000 		.4byte	.LASF64
 781 01df 2A       		.sleb128 42
 782 01e0 00       		.byte	0x0
 783 01e1 07       		.uleb128 0x7
 784 01e2 57000000 		.4byte	0x57
 785 01e6 07       		.uleb128 0x7
 786 01e7 69000000 		.4byte	0x69
 787 01eb 08       		.uleb128 0x8
 788 01ec 28       		.byte	0x28
 789 01ed 03       		.byte	0x3
 790 01ee 5F04     		.2byte	0x45f
 791 01f0 21030000 		.4byte	0x321
 792 01f4 09       		.uleb128 0x9
 793 01f5 43524800 		.ascii	"CRH\000"
 794 01f9 03       		.byte	0x3
ARM GAS  /tmp/ccVFWtI7.s 			page 15


 795 01fa 6104     		.2byte	0x461
 796 01fc E1010000 		.4byte	0x1e1
 797 0200 02       		.byte	0x2
 798 0201 23       		.byte	0x23
 799 0202 00       		.uleb128 0x0
 800 0203 0A       		.uleb128 0xa
 801 0204 2E040000 		.4byte	.LASF65
 802 0208 03       		.byte	0x3
 803 0209 6204     		.2byte	0x462
 804 020b 57000000 		.4byte	0x57
 805 020f 02       		.byte	0x2
 806 0210 23       		.byte	0x23
 807 0211 02       		.uleb128 0x2
 808 0212 09       		.uleb128 0x9
 809 0213 43524C00 		.ascii	"CRL\000"
 810 0217 03       		.byte	0x3
 811 0218 6304     		.2byte	0x463
 812 021a E1010000 		.4byte	0x1e1
 813 021e 02       		.byte	0x2
 814 021f 23       		.byte	0x23
 815 0220 04       		.uleb128 0x4
 816 0221 0A       		.uleb128 0xa
 817 0222 38040000 		.4byte	.LASF66
 818 0226 03       		.byte	0x3
 819 0227 6404     		.2byte	0x464
 820 0229 57000000 		.4byte	0x57
 821 022d 02       		.byte	0x2
 822 022e 23       		.byte	0x23
 823 022f 06       		.uleb128 0x6
 824 0230 0A       		.uleb128 0xa
 825 0231 A3050000 		.4byte	.LASF67
 826 0235 03       		.byte	0x3
 827 0236 6504     		.2byte	0x465
 828 0238 E1010000 		.4byte	0x1e1
 829 023c 02       		.byte	0x2
 830 023d 23       		.byte	0x23
 831 023e 08       		.uleb128 0x8
 832 023f 0A       		.uleb128 0xa
 833 0240 42040000 		.4byte	.LASF68
 834 0244 03       		.byte	0x3
 835 0245 6604     		.2byte	0x466
 836 0247 57000000 		.4byte	0x57
 837 024b 02       		.byte	0x2
 838 024c 23       		.byte	0x23
 839 024d 0A       		.uleb128 0xa
 840 024e 0A       		.uleb128 0xa
 841 024f 00000000 		.4byte	.LASF69
 842 0253 03       		.byte	0x3
 843 0254 6704     		.2byte	0x467
 844 0256 E1010000 		.4byte	0x1e1
 845 025a 02       		.byte	0x2
 846 025b 23       		.byte	0x23
 847 025c 0C       		.uleb128 0xc
 848 025d 0A       		.uleb128 0xa
 849 025e 4C040000 		.4byte	.LASF70
 850 0262 03       		.byte	0x3
 851 0263 6804     		.2byte	0x468
ARM GAS  /tmp/ccVFWtI7.s 			page 16


 852 0265 57000000 		.4byte	0x57
 853 0269 02       		.byte	0x2
 854 026a 23       		.byte	0x23
 855 026b 0E       		.uleb128 0xe
 856 026c 0A       		.uleb128 0xa
 857 026d 6E000000 		.4byte	.LASF71
 858 0271 03       		.byte	0x3
 859 0272 6904     		.2byte	0x469
 860 0274 E1010000 		.4byte	0x1e1
 861 0278 02       		.byte	0x2
 862 0279 23       		.byte	0x23
 863 027a 10       		.uleb128 0x10
 864 027b 0A       		.uleb128 0xa
 865 027c 12010000 		.4byte	.LASF72
 866 0280 03       		.byte	0x3
 867 0281 6A04     		.2byte	0x46a
 868 0283 57000000 		.4byte	0x57
 869 0287 02       		.byte	0x2
 870 0288 23       		.byte	0x23
 871 0289 12       		.uleb128 0x12
 872 028a 0A       		.uleb128 0xa
 873 028b 73000000 		.4byte	.LASF73
 874 028f 03       		.byte	0x3
 875 0290 6B04     		.2byte	0x46b
 876 0292 E1010000 		.4byte	0x1e1
 877 0296 02       		.byte	0x2
 878 0297 23       		.byte	0x23
 879 0298 14       		.uleb128 0x14
 880 0299 0A       		.uleb128 0xa
 881 029a 69040000 		.4byte	.LASF74
 882 029e 03       		.byte	0x3
 883 029f 6C04     		.2byte	0x46c
 884 02a1 57000000 		.4byte	0x57
 885 02a5 02       		.byte	0x2
 886 02a6 23       		.byte	0x23
 887 02a7 16       		.uleb128 0x16
 888 02a8 0A       		.uleb128 0xa
 889 02a9 1B040000 		.4byte	.LASF75
 890 02ad 03       		.byte	0x3
 891 02ae 6D04     		.2byte	0x46d
 892 02b0 E1010000 		.4byte	0x1e1
 893 02b4 02       		.byte	0x2
 894 02b5 23       		.byte	0x23
 895 02b6 18       		.uleb128 0x18
 896 02b7 0A       		.uleb128 0xa
 897 02b8 73040000 		.4byte	.LASF76
 898 02bc 03       		.byte	0x3
 899 02bd 6E04     		.2byte	0x46e
 900 02bf 57000000 		.4byte	0x57
 901 02c3 02       		.byte	0x2
 902 02c4 23       		.byte	0x23
 903 02c5 1A       		.uleb128 0x1a
 904 02c6 0A       		.uleb128 0xa
 905 02c7 D4040000 		.4byte	.LASF77
 906 02cb 03       		.byte	0x3
 907 02cc 6F04     		.2byte	0x46f
 908 02ce E1010000 		.4byte	0x1e1
ARM GAS  /tmp/ccVFWtI7.s 			page 17


 909 02d2 02       		.byte	0x2
 910 02d3 23       		.byte	0x23
 911 02d4 1C       		.uleb128 0x1c
 912 02d5 0A       		.uleb128 0xa
 913 02d6 7D040000 		.4byte	.LASF78
 914 02da 03       		.byte	0x3
 915 02db 7004     		.2byte	0x470
 916 02dd 57000000 		.4byte	0x57
 917 02e1 02       		.byte	0x2
 918 02e2 23       		.byte	0x23
 919 02e3 1E       		.uleb128 0x1e
 920 02e4 0A       		.uleb128 0xa
 921 02e5 29050000 		.4byte	.LASF79
 922 02e9 03       		.byte	0x3
 923 02ea 7104     		.2byte	0x471
 924 02ec E1010000 		.4byte	0x1e1
 925 02f0 02       		.byte	0x2
 926 02f1 23       		.byte	0x23
 927 02f2 20       		.uleb128 0x20
 928 02f3 0A       		.uleb128 0xa
 929 02f4 87040000 		.4byte	.LASF80
 930 02f8 03       		.byte	0x3
 931 02f9 7204     		.2byte	0x472
 932 02fb 57000000 		.4byte	0x57
 933 02ff 02       		.byte	0x2
 934 0300 23       		.byte	0x23
 935 0301 22       		.uleb128 0x22
 936 0302 0A       		.uleb128 0xa
 937 0303 2E050000 		.4byte	.LASF81
 938 0307 03       		.byte	0x3
 939 0308 7304     		.2byte	0x473
 940 030a E1010000 		.4byte	0x1e1
 941 030e 02       		.byte	0x2
 942 030f 23       		.byte	0x23
 943 0310 24       		.uleb128 0x24
 944 0311 0A       		.uleb128 0xa
 945 0312 91040000 		.4byte	.LASF82
 946 0316 03       		.byte	0x3
 947 0317 7404     		.2byte	0x474
 948 0319 57000000 		.4byte	0x57
 949 031d 02       		.byte	0x2
 950 031e 23       		.byte	0x23
 951 031f 26       		.uleb128 0x26
 952 0320 00       		.byte	0x0
 953 0321 0B       		.uleb128 0xb
 954 0322 0F040000 		.4byte	.LASF83
 955 0326 03       		.byte	0x3
 956 0327 7504     		.2byte	0x475
 957 0329 EB010000 		.4byte	0x1eb
 958 032d 04       		.uleb128 0x4
 959 032e 9B040000 		.4byte	.LASF84
 960 0332 04       		.byte	0x4
 961 0333 40       		.byte	0x40
 962 0334 38030000 		.4byte	0x338
 963 0338 0C       		.uleb128 0xc
 964 0339 9B040000 		.4byte	.LASF84
 965 033d 04       		.byte	0x4
ARM GAS  /tmp/ccVFWtI7.s 			page 18


 966 033e 05       		.byte	0x5
 967 033f 9C       		.byte	0x9c
 968 0340 53030000 		.4byte	0x353
 969 0344 0D       		.uleb128 0xd
 970 0345 A8050000 		.4byte	.LASF85
 971 0349 05       		.byte	0x5
 972 034a A0       		.byte	0xa0
 973 034b DE030000 		.4byte	0x3de
 974 034f 02       		.byte	0x2
 975 0350 23       		.byte	0x23
 976 0351 00       		.uleb128 0x0
 977 0352 00       		.byte	0x0
 978 0353 04       		.uleb128 0x4
 979 0354 2B000000 		.4byte	.LASF86
 980 0358 04       		.byte	0x4
 981 0359 45       		.byte	0x45
 982 035a 5E030000 		.4byte	0x35e
 983 035e 0C       		.uleb128 0xc
 984 035f 2B000000 		.4byte	.LASF86
 985 0363 08       		.byte	0x8
 986 0364 05       		.byte	0x5
 987 0365 84       		.byte	0x84
 988 0366 87030000 		.4byte	0x387
 989 036a 0D       		.uleb128 0xd
 990 036b 50000000 		.4byte	.LASF87
 991 036f 05       		.byte	0x5
 992 0370 88       		.byte	0x88
 993 0371 7B000000 		.4byte	0x7b
 994 0375 02       		.byte	0x2
 995 0376 23       		.byte	0x23
 996 0377 00       		.uleb128 0x0
 997 0378 0D       		.uleb128 0xd
 998 0379 F1010000 		.4byte	.LASF88
 999 037d 05       		.byte	0x5
 1000 037e 8C       		.byte	0x8c
 1001 037f 7B000000 		.4byte	0x7b
 1002 0383 02       		.byte	0x2
 1003 0384 23       		.byte	0x23
 1004 0385 04       		.uleb128 0x4
 1005 0386 00       		.byte	0x0
 1006 0387 04       		.uleb128 0x4
 1007 0388 06020000 		.4byte	.LASF89
 1008 038c 05       		.byte	0x5
 1009 038d 5C       		.byte	0x5c
 1010 038e 92030000 		.4byte	0x392
 1011 0392 0C       		.uleb128 0xc
 1012 0393 06020000 		.4byte	.LASF89
 1013 0397 04       		.byte	0x4
 1014 0398 05       		.byte	0x5
 1015 0399 92       		.byte	0x92
 1016 039a AD030000 		.4byte	0x3ad
 1017 039e 0D       		.uleb128 0xd
 1018 039f 50000000 		.4byte	.LASF87
 1019 03a3 05       		.byte	0x5
 1020 03a4 96       		.byte	0x96
 1021 03a5 7B000000 		.4byte	0x7b
 1022 03a9 02       		.byte	0x2
ARM GAS  /tmp/ccVFWtI7.s 			page 19


 1023 03aa 23       		.byte	0x23
 1024 03ab 00       		.uleb128 0x0
 1025 03ac 00       		.byte	0x0
 1026 03ad 04       		.uleb128 0x4
 1027 03ae D8010000 		.4byte	.LASF90
 1028 03b2 05       		.byte	0x5
 1029 03b3 67       		.byte	0x67
 1030 03b4 7B000000 		.4byte	0x7b
 1031 03b8 0E       		.uleb128 0xe
 1032 03b9 01       		.byte	0x1
 1033 03ba 05       		.byte	0x5
 1034 03bb 6C       		.byte	0x6c
 1035 03bc D3030000 		.4byte	0x3d3
 1036 03c0 06       		.uleb128 0x6
 1037 03c1 36020000 		.4byte	.LASF91
 1038 03c5 00       		.sleb128 0
 1039 03c6 06       		.uleb128 0x6
 1040 03c7 F2040000 		.4byte	.LASF92
 1041 03cb 01       		.sleb128 1
 1042 03cc 06       		.uleb128 0x6
 1043 03cd 1B020000 		.4byte	.LASF93
 1044 03d1 02       		.sleb128 2
 1045 03d2 00       		.byte	0x0
 1046 03d3 04       		.uleb128 0x4
 1047 03d4 12000000 		.4byte	.LASF94
 1048 03d8 05       		.byte	0x5
 1049 03d9 70       		.byte	0x70
 1050 03da B8030000 		.4byte	0x3b8
 1051 03de 04       		.uleb128 0x4
 1052 03df 2E020000 		.4byte	.LASF95
 1053 03e3 05       		.byte	0x5
 1054 03e4 75       		.byte	0x75
 1055 03e5 E9030000 		.4byte	0x3e9
 1056 03e9 0F       		.uleb128 0xf
 1057 03ea 04       		.byte	0x4
 1058 03eb EF030000 		.4byte	0x3ef
 1059 03ef 10       		.uleb128 0x10
 1060 03f0 01       		.byte	0x1
 1061 03f1 00040000 		.4byte	0x400
 1062 03f5 11       		.uleb128 0x11
 1063 03f6 00040000 		.4byte	0x400
 1064 03fa 11       		.uleb128 0x11
 1065 03fb D3030000 		.4byte	0x3d3
 1066 03ff 00       		.byte	0x0
 1067 0400 0F       		.uleb128 0xf
 1068 0401 04       		.byte	0x4
 1069 0402 2D030000 		.4byte	0x32d
 1070 0406 12       		.uleb128 0x12
 1071 0407 01       		.byte	0x1
 1072 0408 DB030000 		.4byte	.LASF96
 1073 040c 01       		.byte	0x1
 1074 040d 6A       		.byte	0x6a
 1075 040e 01       		.byte	0x1
 1076 040f 00000000 		.4byte	.LFB55
 1077 0413 60000000 		.4byte	.LFE55
 1078 0417 00000000 		.4byte	.LLST0
 1079 041b 2F040000 		.4byte	0x42f
ARM GAS  /tmp/ccVFWtI7.s 			page 20


 1080 041f 13       		.uleb128 0x13
 1081 0420 F5020000 		.4byte	.LASF101
 1082 0424 01       		.byte	0x1
 1083 0425 6B       		.byte	0x6b
 1084 0426 57000000 		.4byte	0x57
 1085 042a 20000000 		.4byte	.LLST1
 1086 042e 00       		.byte	0x0
 1087 042f 14       		.uleb128 0x14
 1088 0430 01       		.byte	0x1
 1089 0431 51020000 		.4byte	.LASF114
 1090 0435 01       		.byte	0x1
 1091 0436 8F       		.byte	0x8f
 1092 0437 01       		.byte	0x1
 1093 0438 00000000 		.4byte	.LFB56
 1094 043c 68000000 		.4byte	.LFE56
 1095 0440 02       		.byte	0x2
 1096 0441 7D       		.byte	0x7d
 1097 0442 00       		.sleb128 0
 1098 0443 15       		.uleb128 0x15
 1099 0444 01       		.byte	0x1
 1100 0445 5E020000 		.4byte	.LASF97
 1101 0449 01       		.byte	0x1
 1102 044a B2       		.byte	0xb2
 1103 044b 01       		.byte	0x1
 1104 044c 00000000 		.4byte	.LFB57
 1105 0450 30000000 		.4byte	.LFE57
 1106 0454 02       		.byte	0x2
 1107 0455 7D       		.byte	0x7d
 1108 0456 00       		.sleb128 0
 1109 0457 78040000 		.4byte	0x478
 1110 045b 16       		.uleb128 0x16
 1111 045c EC010000 		.4byte	.LASF98
 1112 0460 01       		.byte	0x1
 1113 0461 B2       		.byte	0xb2
 1114 0462 00040000 		.4byte	0x400
 1115 0466 01       		.byte	0x1
 1116 0467 50       		.byte	0x50
 1117 0468 17       		.uleb128 0x17
 1118 0469 20050000 		.4byte	.LASF99
 1119 046d 01       		.byte	0x1
 1120 046e B2       		.byte	0xb2
 1121 046f 78040000 		.4byte	0x478
 1122 0473 3C000000 		.4byte	.LLST2
 1123 0477 00       		.byte	0x0
 1124 0478 0F       		.uleb128 0xf
 1125 0479 04       		.byte	0x4
 1126 047a 7E040000 		.4byte	0x47e
 1127 047e 18       		.uleb128 0x18
 1128 047f 53030000 		.4byte	0x353
 1129 0483 12       		.uleb128 0x12
 1130 0484 01       		.byte	0x1
 1131 0485 BD010000 		.4byte	.LASF100
 1132 0489 01       		.byte	0x1
 1133 048a C4       		.byte	0xc4
 1134 048b 01       		.byte	0x1
 1135 048c 00000000 		.4byte	.LFB58
 1136 0490 54000000 		.4byte	.LFE58
ARM GAS  /tmp/ccVFWtI7.s 			page 21


 1137 0494 4F000000 		.4byte	.LLST3
 1138 0498 C6040000 		.4byte	0x4c6
 1139 049c 17       		.uleb128 0x17
 1140 049d EC010000 		.4byte	.LASF98
 1141 04a1 01       		.byte	0x1
 1142 04a2 C4       		.byte	0xc4
 1143 04a3 00040000 		.4byte	0x400
 1144 04a7 6F000000 		.4byte	.LLST4
 1145 04ab 16       		.uleb128 0x16
 1146 04ac 20050000 		.4byte	.LASF99
 1147 04b0 01       		.byte	0x1
 1148 04b1 C4       		.byte	0xc4
 1149 04b2 C6040000 		.4byte	0x4c6
 1150 04b6 01       		.byte	0x1
 1151 04b7 51       		.byte	0x51
 1152 04b8 19       		.uleb128 0x19
 1153 04b9 D1030000 		.4byte	.LASF102
 1154 04bd 01       		.byte	0x1
 1155 04be C7       		.byte	0xc7
 1156 04bf 7B000000 		.4byte	0x7b
 1157 04c3 01       		.byte	0x1
 1158 04c4 50       		.byte	0x50
 1159 04c5 00       		.byte	0x0
 1160 04c6 0F       		.uleb128 0xf
 1161 04c7 04       		.byte	0x4
 1162 04c8 53030000 		.4byte	0x353
 1163 04cc 15       		.uleb128 0x15
 1164 04cd 01       		.byte	0x1
 1165 04ce 3A010000 		.4byte	.LASF103
 1166 04d2 01       		.byte	0x1
 1167 04d3 E1       		.byte	0xe1
 1168 04d4 01       		.byte	0x1
 1169 04d5 00000000 		.4byte	.LFB59
 1170 04d9 38000000 		.4byte	.LFE59
 1171 04dd 02       		.byte	0x2
 1172 04de 7D       		.byte	0x7d
 1173 04df 00       		.sleb128 0
 1174 04e0 0E050000 		.4byte	0x50e
 1175 04e4 16       		.uleb128 0x16
 1176 04e5 EC010000 		.4byte	.LASF98
 1177 04e9 01       		.byte	0x1
 1178 04ea E1       		.byte	0xe1
 1179 04eb 00040000 		.4byte	0x400
 1180 04ef 01       		.byte	0x1
 1181 04f0 50       		.byte	0x50
 1182 04f1 16       		.uleb128 0x16
 1183 04f2 3C030000 		.4byte	.LASF104
 1184 04f6 01       		.byte	0x1
 1185 04f7 E2       		.byte	0xe2
 1186 04f8 AD030000 		.4byte	0x3ad
 1187 04fc 01       		.byte	0x1
 1188 04fd 51       		.byte	0x51
 1189 04fe 17       		.uleb128 0x17
 1190 04ff B1050000 		.4byte	.LASF105
 1191 0503 01       		.byte	0x1
 1192 0504 E3       		.byte	0xe3
 1193 0505 0E050000 		.4byte	0x50e
ARM GAS  /tmp/ccVFWtI7.s 			page 22


 1194 0509 82000000 		.4byte	.LLST5
 1195 050d 00       		.byte	0x0
 1196 050e 0F       		.uleb128 0xf
 1197 050f 04       		.byte	0x4
 1198 0510 14050000 		.4byte	0x514
 1199 0514 18       		.uleb128 0x18
 1200 0515 87030000 		.4byte	0x387
 1201 0519 1A       		.uleb128 0x1a
 1202 051a 01       		.byte	0x1
 1203 051b A5020000 		.4byte	.LASF106
 1204 051f 01       		.byte	0x1
 1205 0520 0101     		.2byte	0x101
 1206 0522 01       		.byte	0x1
 1207 0523 00000000 		.4byte	.LFB60
 1208 0527 1C000000 		.4byte	.LFE60
 1209 052b 02       		.byte	0x2
 1210 052c 7D       		.byte	0x7d
 1211 052d 00       		.sleb128 0
 1212 052e 5F050000 		.4byte	0x55f
 1213 0532 1B       		.uleb128 0x1b
 1214 0533 EC010000 		.4byte	.LASF98
 1215 0537 01       		.byte	0x1
 1216 0538 0101     		.2byte	0x101
 1217 053a 00040000 		.4byte	0x400
 1218 053e A0000000 		.4byte	.LLST6
 1219 0542 1C       		.uleb128 0x1c
 1220 0543 3C030000 		.4byte	.LASF104
 1221 0547 01       		.byte	0x1
 1222 0548 0201     		.2byte	0x102
 1223 054a AD030000 		.4byte	0x3ad
 1224 054e 01       		.byte	0x1
 1225 054f 51       		.byte	0x51
 1226 0550 1C       		.uleb128 0x1c
 1227 0551 B1050000 		.4byte	.LASF105
 1228 0555 01       		.byte	0x1
 1229 0556 0301     		.2byte	0x103
 1230 0558 5F050000 		.4byte	0x55f
 1231 055c 01       		.byte	0x1
 1232 055d 52       		.byte	0x52
 1233 055e 00       		.byte	0x0
 1234 055f 0F       		.uleb128 0xf
 1235 0560 04       		.byte	0x4
 1236 0561 87030000 		.4byte	0x387
 1237 0565 1A       		.uleb128 0x1a
 1238 0566 01       		.byte	0x1
 1239 0567 82010000 		.4byte	.LASF107
 1240 056b 01       		.byte	0x1
 1241 056c 1801     		.2byte	0x118
 1242 056e 01       		.byte	0x1
 1243 056f 00000000 		.4byte	.LFB61
 1244 0573 38000000 		.4byte	.LFE61
 1245 0577 02       		.byte	0x2
 1246 0578 7D       		.byte	0x7d
 1247 0579 00       		.sleb128 0
 1248 057a 9B050000 		.4byte	0x59b
 1249 057e 1C       		.uleb128 0x1c
 1250 057f EC010000 		.4byte	.LASF98
ARM GAS  /tmp/ccVFWtI7.s 			page 23


 1251 0583 01       		.byte	0x1
 1252 0584 1801     		.2byte	0x118
 1253 0586 00040000 		.4byte	0x400
 1254 058a 01       		.byte	0x1
 1255 058b 50       		.byte	0x50
 1256 058c 1C       		.uleb128 0x1c
 1257 058d A8050000 		.4byte	.LASF85
 1258 0591 01       		.byte	0x1
 1259 0592 1801     		.2byte	0x118
 1260 0594 DE030000 		.4byte	0x3de
 1261 0598 01       		.byte	0x1
 1262 0599 51       		.byte	0x51
 1263 059a 00       		.byte	0x0
 1264 059b 1D       		.uleb128 0x1d
 1265 059c 33050000 		.4byte	.LASF108
 1266 05a0 06       		.byte	0x6
 1267 05a1 9404     		.2byte	0x494
 1268 05a3 E6010000 		.4byte	0x1e6
 1269 05a7 01       		.byte	0x1
 1270 05a8 01       		.byte	0x1
 1271 05a9 1E       		.uleb128 0x1e
 1272 05aa D1000000 		.4byte	.LASF109
 1273 05ae 05       		.byte	0x5
 1274 05af AC       		.byte	0xac
 1275 05b0 2D030000 		.4byte	0x32d
 1276 05b4 01       		.byte	0x1
 1277 05b5 01       		.byte	0x1
 1278 05b6 1D       		.uleb128 0x1d
 1279 05b7 33050000 		.4byte	.LASF108
 1280 05bb 06       		.byte	0x6
 1281 05bc 9404     		.2byte	0x494
 1282 05be E6010000 		.4byte	0x1e6
 1283 05c2 01       		.byte	0x1
 1284 05c3 01       		.byte	0x1
 1285 05c4 1F       		.uleb128 0x1f
 1286 05c5 D1000000 		.4byte	.LASF109
 1287 05c9 01       		.byte	0x1
 1288 05ca 34       		.byte	0x34
 1289 05cb 2D030000 		.4byte	0x32d
 1290 05cf 01       		.byte	0x1
 1291 05d0 05       		.byte	0x5
 1292 05d1 03       		.byte	0x3
 1293 05d2 00000000 		.4byte	RTCD1
 1294 05d6 00       		.byte	0x0
 1295              		.section	.debug_abbrev
 1296 0000 01       		.uleb128 0x1
 1297 0001 11       		.uleb128 0x11
 1298 0002 01       		.byte	0x1
 1299 0003 25       		.uleb128 0x25
 1300 0004 0E       		.uleb128 0xe
 1301 0005 13       		.uleb128 0x13
 1302 0006 0B       		.uleb128 0xb
 1303 0007 03       		.uleb128 0x3
 1304 0008 0E       		.uleb128 0xe
 1305 0009 1B       		.uleb128 0x1b
 1306 000a 0E       		.uleb128 0xe
 1307 000b 11       		.uleb128 0x11
ARM GAS  /tmp/ccVFWtI7.s 			page 24


 1308 000c 01       		.uleb128 0x1
 1309 000d 52       		.uleb128 0x52
 1310 000e 01       		.uleb128 0x1
 1311 000f 55       		.uleb128 0x55
 1312 0010 06       		.uleb128 0x6
 1313 0011 10       		.uleb128 0x10
 1314 0012 06       		.uleb128 0x6
 1315 0013 00       		.byte	0x0
 1316 0014 00       		.byte	0x0
 1317 0015 02       		.uleb128 0x2
 1318 0016 24       		.uleb128 0x24
 1319 0017 00       		.byte	0x0
 1320 0018 0B       		.uleb128 0xb
 1321 0019 0B       		.uleb128 0xb
 1322 001a 3E       		.uleb128 0x3e
 1323 001b 0B       		.uleb128 0xb
 1324 001c 03       		.uleb128 0x3
 1325 001d 08       		.uleb128 0x8
 1326 001e 00       		.byte	0x0
 1327 001f 00       		.byte	0x0
 1328 0020 03       		.uleb128 0x3
 1329 0021 24       		.uleb128 0x24
 1330 0022 00       		.byte	0x0
 1331 0023 0B       		.uleb128 0xb
 1332 0024 0B       		.uleb128 0xb
 1333 0025 3E       		.uleb128 0x3e
 1334 0026 0B       		.uleb128 0xb
 1335 0027 03       		.uleb128 0x3
 1336 0028 0E       		.uleb128 0xe
 1337 0029 00       		.byte	0x0
 1338 002a 00       		.byte	0x0
 1339 002b 04       		.uleb128 0x4
 1340 002c 16       		.uleb128 0x16
 1341 002d 00       		.byte	0x0
 1342 002e 03       		.uleb128 0x3
 1343 002f 0E       		.uleb128 0xe
 1344 0030 3A       		.uleb128 0x3a
 1345 0031 0B       		.uleb128 0xb
 1346 0032 3B       		.uleb128 0x3b
 1347 0033 0B       		.uleb128 0xb
 1348 0034 49       		.uleb128 0x49
 1349 0035 13       		.uleb128 0x13
 1350 0036 00       		.byte	0x0
 1351 0037 00       		.byte	0x0
 1352 0038 05       		.uleb128 0x5
 1353 0039 04       		.uleb128 0x4
 1354 003a 01       		.byte	0x1
 1355 003b 03       		.uleb128 0x3
 1356 003c 0E       		.uleb128 0xe
 1357 003d 0B       		.uleb128 0xb
 1358 003e 0B       		.uleb128 0xb
 1359 003f 3A       		.uleb128 0x3a
 1360 0040 0B       		.uleb128 0xb
 1361 0041 3B       		.uleb128 0x3b
 1362 0042 0B       		.uleb128 0xb
 1363 0043 01       		.uleb128 0x1
 1364 0044 13       		.uleb128 0x13
ARM GAS  /tmp/ccVFWtI7.s 			page 25


 1365 0045 00       		.byte	0x0
 1366 0046 00       		.byte	0x0
 1367 0047 06       		.uleb128 0x6
 1368 0048 28       		.uleb128 0x28
 1369 0049 00       		.byte	0x0
 1370 004a 03       		.uleb128 0x3
 1371 004b 0E       		.uleb128 0xe
 1372 004c 1C       		.uleb128 0x1c
 1373 004d 0D       		.uleb128 0xd
 1374 004e 00       		.byte	0x0
 1375 004f 00       		.byte	0x0
 1376 0050 07       		.uleb128 0x7
 1377 0051 35       		.uleb128 0x35
 1378 0052 00       		.byte	0x0
 1379 0053 49       		.uleb128 0x49
 1380 0054 13       		.uleb128 0x13
 1381 0055 00       		.byte	0x0
 1382 0056 00       		.byte	0x0
 1383 0057 08       		.uleb128 0x8
 1384 0058 13       		.uleb128 0x13
 1385 0059 01       		.byte	0x1
 1386 005a 0B       		.uleb128 0xb
 1387 005b 0B       		.uleb128 0xb
 1388 005c 3A       		.uleb128 0x3a
 1389 005d 0B       		.uleb128 0xb
 1390 005e 3B       		.uleb128 0x3b
 1391 005f 05       		.uleb128 0x5
 1392 0060 01       		.uleb128 0x1
 1393 0061 13       		.uleb128 0x13
 1394 0062 00       		.byte	0x0
 1395 0063 00       		.byte	0x0
 1396 0064 09       		.uleb128 0x9
 1397 0065 0D       		.uleb128 0xd
 1398 0066 00       		.byte	0x0
 1399 0067 03       		.uleb128 0x3
 1400 0068 08       		.uleb128 0x8
 1401 0069 3A       		.uleb128 0x3a
 1402 006a 0B       		.uleb128 0xb
 1403 006b 3B       		.uleb128 0x3b
 1404 006c 05       		.uleb128 0x5
 1405 006d 49       		.uleb128 0x49
 1406 006e 13       		.uleb128 0x13
 1407 006f 38       		.uleb128 0x38
 1408 0070 0A       		.uleb128 0xa
 1409 0071 00       		.byte	0x0
 1410 0072 00       		.byte	0x0
 1411 0073 0A       		.uleb128 0xa
 1412 0074 0D       		.uleb128 0xd
 1413 0075 00       		.byte	0x0
 1414 0076 03       		.uleb128 0x3
 1415 0077 0E       		.uleb128 0xe
 1416 0078 3A       		.uleb128 0x3a
 1417 0079 0B       		.uleb128 0xb
 1418 007a 3B       		.uleb128 0x3b
 1419 007b 05       		.uleb128 0x5
 1420 007c 49       		.uleb128 0x49
 1421 007d 13       		.uleb128 0x13
ARM GAS  /tmp/ccVFWtI7.s 			page 26


 1422 007e 38       		.uleb128 0x38
 1423 007f 0A       		.uleb128 0xa
 1424 0080 00       		.byte	0x0
 1425 0081 00       		.byte	0x0
 1426 0082 0B       		.uleb128 0xb
 1427 0083 16       		.uleb128 0x16
 1428 0084 00       		.byte	0x0
 1429 0085 03       		.uleb128 0x3
 1430 0086 0E       		.uleb128 0xe
 1431 0087 3A       		.uleb128 0x3a
 1432 0088 0B       		.uleb128 0xb
 1433 0089 3B       		.uleb128 0x3b
 1434 008a 05       		.uleb128 0x5
 1435 008b 49       		.uleb128 0x49
 1436 008c 13       		.uleb128 0x13
 1437 008d 00       		.byte	0x0
 1438 008e 00       		.byte	0x0
 1439 008f 0C       		.uleb128 0xc
 1440 0090 13       		.uleb128 0x13
 1441 0091 01       		.byte	0x1
 1442 0092 03       		.uleb128 0x3
 1443 0093 0E       		.uleb128 0xe
 1444 0094 0B       		.uleb128 0xb
 1445 0095 0B       		.uleb128 0xb
 1446 0096 3A       		.uleb128 0x3a
 1447 0097 0B       		.uleb128 0xb
 1448 0098 3B       		.uleb128 0x3b
 1449 0099 0B       		.uleb128 0xb
 1450 009a 01       		.uleb128 0x1
 1451 009b 13       		.uleb128 0x13
 1452 009c 00       		.byte	0x0
 1453 009d 00       		.byte	0x0
 1454 009e 0D       		.uleb128 0xd
 1455 009f 0D       		.uleb128 0xd
 1456 00a0 00       		.byte	0x0
 1457 00a1 03       		.uleb128 0x3
 1458 00a2 0E       		.uleb128 0xe
 1459 00a3 3A       		.uleb128 0x3a
 1460 00a4 0B       		.uleb128 0xb
 1461 00a5 3B       		.uleb128 0x3b
 1462 00a6 0B       		.uleb128 0xb
 1463 00a7 49       		.uleb128 0x49
 1464 00a8 13       		.uleb128 0x13
 1465 00a9 38       		.uleb128 0x38
 1466 00aa 0A       		.uleb128 0xa
 1467 00ab 00       		.byte	0x0
 1468 00ac 00       		.byte	0x0
 1469 00ad 0E       		.uleb128 0xe
 1470 00ae 04       		.uleb128 0x4
 1471 00af 01       		.byte	0x1
 1472 00b0 0B       		.uleb128 0xb
 1473 00b1 0B       		.uleb128 0xb
 1474 00b2 3A       		.uleb128 0x3a
 1475 00b3 0B       		.uleb128 0xb
 1476 00b4 3B       		.uleb128 0x3b
 1477 00b5 0B       		.uleb128 0xb
 1478 00b6 01       		.uleb128 0x1
ARM GAS  /tmp/ccVFWtI7.s 			page 27


 1479 00b7 13       		.uleb128 0x13
 1480 00b8 00       		.byte	0x0
 1481 00b9 00       		.byte	0x0
 1482 00ba 0F       		.uleb128 0xf
 1483 00bb 0F       		.uleb128 0xf
 1484 00bc 00       		.byte	0x0
 1485 00bd 0B       		.uleb128 0xb
 1486 00be 0B       		.uleb128 0xb
 1487 00bf 49       		.uleb128 0x49
 1488 00c0 13       		.uleb128 0x13
 1489 00c1 00       		.byte	0x0
 1490 00c2 00       		.byte	0x0
 1491 00c3 10       		.uleb128 0x10
 1492 00c4 15       		.uleb128 0x15
 1493 00c5 01       		.byte	0x1
 1494 00c6 27       		.uleb128 0x27
 1495 00c7 0C       		.uleb128 0xc
 1496 00c8 01       		.uleb128 0x1
 1497 00c9 13       		.uleb128 0x13
 1498 00ca 00       		.byte	0x0
 1499 00cb 00       		.byte	0x0
 1500 00cc 11       		.uleb128 0x11
 1501 00cd 05       		.uleb128 0x5
 1502 00ce 00       		.byte	0x0
 1503 00cf 49       		.uleb128 0x49
 1504 00d0 13       		.uleb128 0x13
 1505 00d1 00       		.byte	0x0
 1506 00d2 00       		.byte	0x0
 1507 00d3 12       		.uleb128 0x12
 1508 00d4 2E       		.uleb128 0x2e
 1509 00d5 01       		.byte	0x1
 1510 00d6 3F       		.uleb128 0x3f
 1511 00d7 0C       		.uleb128 0xc
 1512 00d8 03       		.uleb128 0x3
 1513 00d9 0E       		.uleb128 0xe
 1514 00da 3A       		.uleb128 0x3a
 1515 00db 0B       		.uleb128 0xb
 1516 00dc 3B       		.uleb128 0x3b
 1517 00dd 0B       		.uleb128 0xb
 1518 00de 27       		.uleb128 0x27
 1519 00df 0C       		.uleb128 0xc
 1520 00e0 11       		.uleb128 0x11
 1521 00e1 01       		.uleb128 0x1
 1522 00e2 12       		.uleb128 0x12
 1523 00e3 01       		.uleb128 0x1
 1524 00e4 40       		.uleb128 0x40
 1525 00e5 06       		.uleb128 0x6
 1526 00e6 01       		.uleb128 0x1
 1527 00e7 13       		.uleb128 0x13
 1528 00e8 00       		.byte	0x0
 1529 00e9 00       		.byte	0x0
 1530 00ea 13       		.uleb128 0x13
 1531 00eb 34       		.uleb128 0x34
 1532 00ec 00       		.byte	0x0
 1533 00ed 03       		.uleb128 0x3
 1534 00ee 0E       		.uleb128 0xe
 1535 00ef 3A       		.uleb128 0x3a
ARM GAS  /tmp/ccVFWtI7.s 			page 28


 1536 00f0 0B       		.uleb128 0xb
 1537 00f1 3B       		.uleb128 0x3b
 1538 00f2 0B       		.uleb128 0xb
 1539 00f3 49       		.uleb128 0x49
 1540 00f4 13       		.uleb128 0x13
 1541 00f5 02       		.uleb128 0x2
 1542 00f6 06       		.uleb128 0x6
 1543 00f7 00       		.byte	0x0
 1544 00f8 00       		.byte	0x0
 1545 00f9 14       		.uleb128 0x14
 1546 00fa 2E       		.uleb128 0x2e
 1547 00fb 00       		.byte	0x0
 1548 00fc 3F       		.uleb128 0x3f
 1549 00fd 0C       		.uleb128 0xc
 1550 00fe 03       		.uleb128 0x3
 1551 00ff 0E       		.uleb128 0xe
 1552 0100 3A       		.uleb128 0x3a
 1553 0101 0B       		.uleb128 0xb
 1554 0102 3B       		.uleb128 0x3b
 1555 0103 0B       		.uleb128 0xb
 1556 0104 27       		.uleb128 0x27
 1557 0105 0C       		.uleb128 0xc
 1558 0106 11       		.uleb128 0x11
 1559 0107 01       		.uleb128 0x1
 1560 0108 12       		.uleb128 0x12
 1561 0109 01       		.uleb128 0x1
 1562 010a 40       		.uleb128 0x40
 1563 010b 0A       		.uleb128 0xa
 1564 010c 00       		.byte	0x0
 1565 010d 00       		.byte	0x0
 1566 010e 15       		.uleb128 0x15
 1567 010f 2E       		.uleb128 0x2e
 1568 0110 01       		.byte	0x1
 1569 0111 3F       		.uleb128 0x3f
 1570 0112 0C       		.uleb128 0xc
 1571 0113 03       		.uleb128 0x3
 1572 0114 0E       		.uleb128 0xe
 1573 0115 3A       		.uleb128 0x3a
 1574 0116 0B       		.uleb128 0xb
 1575 0117 3B       		.uleb128 0x3b
 1576 0118 0B       		.uleb128 0xb
 1577 0119 27       		.uleb128 0x27
 1578 011a 0C       		.uleb128 0xc
 1579 011b 11       		.uleb128 0x11
 1580 011c 01       		.uleb128 0x1
 1581 011d 12       		.uleb128 0x12
 1582 011e 01       		.uleb128 0x1
 1583 011f 40       		.uleb128 0x40
 1584 0120 0A       		.uleb128 0xa
 1585 0121 01       		.uleb128 0x1
 1586 0122 13       		.uleb128 0x13
 1587 0123 00       		.byte	0x0
 1588 0124 00       		.byte	0x0
 1589 0125 16       		.uleb128 0x16
 1590 0126 05       		.uleb128 0x5
 1591 0127 00       		.byte	0x0
 1592 0128 03       		.uleb128 0x3
ARM GAS  /tmp/ccVFWtI7.s 			page 29


 1593 0129 0E       		.uleb128 0xe
 1594 012a 3A       		.uleb128 0x3a
 1595 012b 0B       		.uleb128 0xb
 1596 012c 3B       		.uleb128 0x3b
 1597 012d 0B       		.uleb128 0xb
 1598 012e 49       		.uleb128 0x49
 1599 012f 13       		.uleb128 0x13
 1600 0130 02       		.uleb128 0x2
 1601 0131 0A       		.uleb128 0xa
 1602 0132 00       		.byte	0x0
 1603 0133 00       		.byte	0x0
 1604 0134 17       		.uleb128 0x17
 1605 0135 05       		.uleb128 0x5
 1606 0136 00       		.byte	0x0
 1607 0137 03       		.uleb128 0x3
 1608 0138 0E       		.uleb128 0xe
 1609 0139 3A       		.uleb128 0x3a
 1610 013a 0B       		.uleb128 0xb
 1611 013b 3B       		.uleb128 0x3b
 1612 013c 0B       		.uleb128 0xb
 1613 013d 49       		.uleb128 0x49
 1614 013e 13       		.uleb128 0x13
 1615 013f 02       		.uleb128 0x2
 1616 0140 06       		.uleb128 0x6
 1617 0141 00       		.byte	0x0
 1618 0142 00       		.byte	0x0
 1619 0143 18       		.uleb128 0x18
 1620 0144 26       		.uleb128 0x26
 1621 0145 00       		.byte	0x0
 1622 0146 49       		.uleb128 0x49
 1623 0147 13       		.uleb128 0x13
 1624 0148 00       		.byte	0x0
 1625 0149 00       		.byte	0x0
 1626 014a 19       		.uleb128 0x19
 1627 014b 34       		.uleb128 0x34
 1628 014c 00       		.byte	0x0
 1629 014d 03       		.uleb128 0x3
 1630 014e 0E       		.uleb128 0xe
 1631 014f 3A       		.uleb128 0x3a
 1632 0150 0B       		.uleb128 0xb
 1633 0151 3B       		.uleb128 0x3b
 1634 0152 0B       		.uleb128 0xb
 1635 0153 49       		.uleb128 0x49
 1636 0154 13       		.uleb128 0x13
 1637 0155 02       		.uleb128 0x2
 1638 0156 0A       		.uleb128 0xa
 1639 0157 00       		.byte	0x0
 1640 0158 00       		.byte	0x0
 1641 0159 1A       		.uleb128 0x1a
 1642 015a 2E       		.uleb128 0x2e
 1643 015b 01       		.byte	0x1
 1644 015c 3F       		.uleb128 0x3f
 1645 015d 0C       		.uleb128 0xc
 1646 015e 03       		.uleb128 0x3
 1647 015f 0E       		.uleb128 0xe
 1648 0160 3A       		.uleb128 0x3a
 1649 0161 0B       		.uleb128 0xb
ARM GAS  /tmp/ccVFWtI7.s 			page 30


 1650 0162 3B       		.uleb128 0x3b
 1651 0163 05       		.uleb128 0x5
 1652 0164 27       		.uleb128 0x27
 1653 0165 0C       		.uleb128 0xc
 1654 0166 11       		.uleb128 0x11
 1655 0167 01       		.uleb128 0x1
 1656 0168 12       		.uleb128 0x12
 1657 0169 01       		.uleb128 0x1
 1658 016a 40       		.uleb128 0x40
 1659 016b 0A       		.uleb128 0xa
 1660 016c 01       		.uleb128 0x1
 1661 016d 13       		.uleb128 0x13
 1662 016e 00       		.byte	0x0
 1663 016f 00       		.byte	0x0
 1664 0170 1B       		.uleb128 0x1b
 1665 0171 05       		.uleb128 0x5
 1666 0172 00       		.byte	0x0
 1667 0173 03       		.uleb128 0x3
 1668 0174 0E       		.uleb128 0xe
 1669 0175 3A       		.uleb128 0x3a
 1670 0176 0B       		.uleb128 0xb
 1671 0177 3B       		.uleb128 0x3b
 1672 0178 05       		.uleb128 0x5
 1673 0179 49       		.uleb128 0x49
 1674 017a 13       		.uleb128 0x13
 1675 017b 02       		.uleb128 0x2
 1676 017c 06       		.uleb128 0x6
 1677 017d 00       		.byte	0x0
 1678 017e 00       		.byte	0x0
 1679 017f 1C       		.uleb128 0x1c
 1680 0180 05       		.uleb128 0x5
 1681 0181 00       		.byte	0x0
 1682 0182 03       		.uleb128 0x3
 1683 0183 0E       		.uleb128 0xe
 1684 0184 3A       		.uleb128 0x3a
 1685 0185 0B       		.uleb128 0xb
 1686 0186 3B       		.uleb128 0x3b
 1687 0187 05       		.uleb128 0x5
 1688 0188 49       		.uleb128 0x49
 1689 0189 13       		.uleb128 0x13
 1690 018a 02       		.uleb128 0x2
 1691 018b 0A       		.uleb128 0xa
 1692 018c 00       		.byte	0x0
 1693 018d 00       		.byte	0x0
 1694 018e 1D       		.uleb128 0x1d
 1695 018f 34       		.uleb128 0x34
 1696 0190 00       		.byte	0x0
 1697 0191 03       		.uleb128 0x3
 1698 0192 0E       		.uleb128 0xe
 1699 0193 3A       		.uleb128 0x3a
 1700 0194 0B       		.uleb128 0xb
 1701 0195 3B       		.uleb128 0x3b
 1702 0196 05       		.uleb128 0x5
 1703 0197 49       		.uleb128 0x49
 1704 0198 13       		.uleb128 0x13
 1705 0199 3F       		.uleb128 0x3f
 1706 019a 0C       		.uleb128 0xc
ARM GAS  /tmp/ccVFWtI7.s 			page 31


 1707 019b 3C       		.uleb128 0x3c
 1708 019c 0C       		.uleb128 0xc
 1709 019d 00       		.byte	0x0
 1710 019e 00       		.byte	0x0
 1711 019f 1E       		.uleb128 0x1e
 1712 01a0 34       		.uleb128 0x34
 1713 01a1 00       		.byte	0x0
 1714 01a2 03       		.uleb128 0x3
 1715 01a3 0E       		.uleb128 0xe
 1716 01a4 3A       		.uleb128 0x3a
 1717 01a5 0B       		.uleb128 0xb
 1718 01a6 3B       		.uleb128 0x3b
 1719 01a7 0B       		.uleb128 0xb
 1720 01a8 49       		.uleb128 0x49
 1721 01a9 13       		.uleb128 0x13
 1722 01aa 3F       		.uleb128 0x3f
 1723 01ab 0C       		.uleb128 0xc
 1724 01ac 3C       		.uleb128 0x3c
 1725 01ad 0C       		.uleb128 0xc
 1726 01ae 00       		.byte	0x0
 1727 01af 00       		.byte	0x0
 1728 01b0 1F       		.uleb128 0x1f
 1729 01b1 34       		.uleb128 0x34
 1730 01b2 00       		.byte	0x0
 1731 01b3 03       		.uleb128 0x3
 1732 01b4 0E       		.uleb128 0xe
 1733 01b5 3A       		.uleb128 0x3a
 1734 01b6 0B       		.uleb128 0xb
 1735 01b7 3B       		.uleb128 0x3b
 1736 01b8 0B       		.uleb128 0xb
 1737 01b9 49       		.uleb128 0x49
 1738 01ba 13       		.uleb128 0x13
 1739 01bb 3F       		.uleb128 0x3f
 1740 01bc 0C       		.uleb128 0xc
 1741 01bd 02       		.uleb128 0x2
 1742 01be 0A       		.uleb128 0xa
 1743 01bf 00       		.byte	0x0
 1744 01c0 00       		.byte	0x0
 1745 01c1 00       		.byte	0x0
 1746              		.section	.debug_pubnames,"",%progbits
 1747 0000 A5000000 		.4byte	0xa5
 1748 0004 0200     		.2byte	0x2
 1749 0006 00000000 		.4byte	.Ldebug_info0
 1750 000a D7050000 		.4byte	0x5d7
 1751 000e 06040000 		.4byte	0x406
 1752 0012 56656374 		.ascii	"Vector4C\000"
 1752      6F723443 
 1752      00
 1753 001b 2F040000 		.4byte	0x42f
 1754 001f 7274635F 		.ascii	"rtc_lld_init\000"
 1754      6C6C645F 
 1754      696E6974 
 1754      00
 1755 002c 43040000 		.4byte	0x443
 1756 0030 7274635F 		.ascii	"rtc_lld_set_time\000"
 1756      6C6C645F 
 1756      7365745F 
ARM GAS  /tmp/ccVFWtI7.s 			page 32


 1756      74696D65 
 1756      00
 1757 0041 83040000 		.4byte	0x483
 1758 0045 7274635F 		.ascii	"rtc_lld_get_time\000"
 1758      6C6C645F 
 1758      6765745F 
 1758      74696D65 
 1758      00
 1759 0056 CC040000 		.4byte	0x4cc
 1760 005a 7274635F 		.ascii	"rtc_lld_set_alarm\000"
 1760      6C6C645F 
 1760      7365745F 
 1760      616C6172 
 1760      6D00
 1761 006c 19050000 		.4byte	0x519
 1762 0070 7274635F 		.ascii	"rtc_lld_get_alarm\000"
 1762      6C6C645F 
 1762      6765745F 
 1762      616C6172 
 1762      6D00
 1763 0082 65050000 		.4byte	0x565
 1764 0086 7274635F 		.ascii	"rtc_lld_set_callback\000"
 1764      6C6C645F 
 1764      7365745F 
 1764      63616C6C 
 1764      6261636B 
 1765 009b C4050000 		.4byte	0x5c4
 1766 009f 52544344 		.ascii	"RTCD1\000"
 1766      3100
 1767 00a5 00000000 		.4byte	0x0
 1768              		.section	.debug_pubtypes,"",%progbits
 1769 0000 D1000000 		.4byte	0xd1
 1770 0004 0200     		.2byte	0x2
 1771 0006 00000000 		.4byte	.Ldebug_info0
 1772 000a D7050000 		.4byte	0x5d7
 1773 000e 3E000000 		.4byte	0x3e
 1774 0012 75696E74 		.ascii	"uint8_t\000"
 1774      385F7400 
 1775 001a 57000000 		.4byte	0x57
 1776 001e 75696E74 		.ascii	"uint16_t\000"
 1776      31365F74 
 1776      00
 1777 0027 69000000 		.4byte	0x69
 1778 002b 696E7433 		.ascii	"int32_t\000"
 1778      325F7400 
 1779 0033 7B000000 		.4byte	0x7b
 1780 0037 75696E74 		.ascii	"uint32_t\000"
 1780      33325F74 
 1780      00
 1781 0040 A2000000 		.4byte	0xa2
 1782 0044 4952516E 		.ascii	"IRQn\000"
 1782      00
 1783 0049 21030000 		.4byte	0x321
 1784 004d 5254435F 		.ascii	"RTC_TypeDef\000"
 1784      54797065 
 1784      44656600 
 1785 0059 2D030000 		.4byte	0x32d
ARM GAS  /tmp/ccVFWtI7.s 			page 33


 1786 005d 52544344 		.ascii	"RTCDriver\000"
 1786      72697665 
 1786      7200
 1787 0067 53030000 		.4byte	0x353
 1788 006b 52544354 		.ascii	"RTCTime\000"
 1788      696D6500 
 1789 0073 87030000 		.4byte	0x387
 1790 0077 52544341 		.ascii	"RTCAlarm\000"
 1790      6C61726D 
 1790      00
 1791 0080 AD030000 		.4byte	0x3ad
 1792 0084 72746361 		.ascii	"rtcalarm_t\000"
 1792      6C61726D 
 1792      5F7400
 1793 008f D3030000 		.4byte	0x3d3
 1794 0093 72746365 		.ascii	"rtcevent_t\000"
 1794      76656E74 
 1794      5F7400
 1795 009e DE030000 		.4byte	0x3de
 1796 00a2 72746363 		.ascii	"rtccb_t\000"
 1796      625F7400 
 1797 00aa 5E030000 		.4byte	0x35e
 1798 00ae 52544354 		.ascii	"RTCTime\000"
 1798      696D6500 
 1799 00b6 92030000 		.4byte	0x392
 1800 00ba 52544341 		.ascii	"RTCAlarm\000"
 1800      6C61726D 
 1800      00
 1801 00c3 38030000 		.4byte	0x338
 1802 00c7 52544344 		.ascii	"RTCDriver\000"
 1802      72697665 
 1802      7200
 1803 00d1 00000000 		.4byte	0x0
 1804              		.section	.debug_aranges,"",%progbits
 1805 0000 4C000000 		.4byte	0x4c
 1806 0004 0200     		.2byte	0x2
 1807 0006 00000000 		.4byte	.Ldebug_info0
 1808 000a 04       		.byte	0x4
 1809 000b 00       		.byte	0x0
 1810 000c 0000     		.2byte	0x0
 1811 000e 0000     		.2byte	0x0
 1812 0010 00000000 		.4byte	.LFB55
 1813 0014 60000000 		.4byte	.LFE55-.LFB55
 1814 0018 00000000 		.4byte	.LFB56
 1815 001c 68000000 		.4byte	.LFE56-.LFB56
 1816 0020 00000000 		.4byte	.LFB57
 1817 0024 30000000 		.4byte	.LFE57-.LFB57
 1818 0028 00000000 		.4byte	.LFB58
 1819 002c 54000000 		.4byte	.LFE58-.LFB58
 1820 0030 00000000 		.4byte	.LFB59
 1821 0034 38000000 		.4byte	.LFE59-.LFB59
 1822 0038 00000000 		.4byte	.LFB60
 1823 003c 1C000000 		.4byte	.LFE60-.LFB60
 1824 0040 00000000 		.4byte	.LFB61
 1825 0044 38000000 		.4byte	.LFE61-.LFB61
 1826 0048 00000000 		.4byte	0x0
 1827 004c 00000000 		.4byte	0x0
ARM GAS  /tmp/ccVFWtI7.s 			page 34


 1828              		.section	.debug_ranges,"",%progbits
 1829              	.Ldebug_ranges0:
 1830 0000 00000000 		.4byte	.LFB55
 1831 0004 60000000 		.4byte	.LFE55
 1832 0008 00000000 		.4byte	.LFB56
 1833 000c 68000000 		.4byte	.LFE56
 1834 0010 00000000 		.4byte	.LFB57
 1835 0014 30000000 		.4byte	.LFE57
 1836 0018 00000000 		.4byte	.LFB58
 1837 001c 54000000 		.4byte	.LFE58
 1838 0020 00000000 		.4byte	.LFB59
 1839 0024 38000000 		.4byte	.LFE59
 1840 0028 00000000 		.4byte	.LFB60
 1841 002c 1C000000 		.4byte	.LFE60
 1842 0030 00000000 		.4byte	.LFB61
 1843 0034 38000000 		.4byte	.LFE61
 1844 0038 00000000 		.4byte	0x0
 1845 003c 00000000 		.4byte	0x0
 1846              		.section	.debug_str,"MS",%progbits,1
 1847              	.LASF69:
 1848 0000 50524C4C 		.ascii	"PRLL\000"
 1848      00
 1849              	.LASF21:
 1850 0005 53797354 		.ascii	"SysTick_IRQn\000"
 1850      69636B5F 
 1850      4952516E 
 1850      00
 1851              	.LASF94:
 1852 0012 72746365 		.ascii	"rtcevent_t\000"
 1852      76656E74 
 1852      5F7400
 1853              	.LASF44:
 1854 001d 43414E31 		.ascii	"CAN1_SCE_IRQn\000"
 1854      5F534345 
 1854      5F495251 
 1854      6E00
 1855              	.LASF86:
 1856 002b 52544354 		.ascii	"RTCTime\000"
 1856      696D6500 
 1857              	.LASF27:
 1858 0033 5243435F 		.ascii	"RCC_IRQn\000"
 1858      4952516E 
 1858      00
 1859              	.LASF29:
 1860 003c 45585449 		.ascii	"EXTI1_IRQn\000"
 1860      315F4952 
 1860      516E00
 1861              	.LASF23:
 1862 0047 5056445F 		.ascii	"PVD_IRQn\000"
 1862      4952516E 
 1862      00
 1863              	.LASF87:
 1864 0050 74765F73 		.ascii	"tv_sec\000"
 1864      656300
 1865              	.LASF32:
 1866 0057 45585449 		.ascii	"EXTI4_IRQn\000"
 1866      345F4952 
ARM GAS  /tmp/ccVFWtI7.s 			page 35


 1866      516E00
 1867              	.LASF24:
 1868 0062 54414D50 		.ascii	"TAMPER_IRQn\000"
 1868      45525F49 
 1868      52516E00 
 1869              	.LASF71:
 1870 006e 44495648 		.ascii	"DIVH\000"
 1870      00
 1871              	.LASF73:
 1872 0073 4449564C 		.ascii	"DIVL\000"
 1872      00
 1873              	.LASF111:
 1874 0078 2E2E2F63 		.ascii	"../chibios/os/hal/platforms/STM32/RTCv1/rtc_lld.c\000"
 1874      68696269 
 1874      6F732F6F 
 1874      732F6861 
 1874      6C2F706C 
 1875              	.LASF42:
 1876 00aa 5553425F 		.ascii	"USB_LP_CAN1_RX0_IRQn\000"
 1876      4C505F43 
 1876      414E315F 
 1876      5258305F 
 1876      4952516E 
 1877              	.LASF19:
 1878 00bf 44656275 		.ascii	"DebugMonitor_IRQn\000"
 1878      674D6F6E 
 1878      69746F72 
 1878      5F495251 
 1878      6E00
 1879              	.LASF109:
 1880 00d1 52544344 		.ascii	"RTCD1\000"
 1880      3100
 1881              	.LASF110:
 1882 00d7 474E5520 		.ascii	"GNU C 4.5.2\000"
 1882      4320342E 
 1882      352E3200 
 1883              	.LASF57:
 1884 00e3 53504931 		.ascii	"SPI1_IRQn\000"
 1884      5F495251 
 1884      6E00
 1885              	.LASF38:
 1886 00ed 444D4131 		.ascii	"DMA1_Channel6_IRQn\000"
 1886      5F436861 
 1886      6E6E656C 
 1886      365F4952 
 1886      516E00
 1887              	.LASF3:
 1888 0100 73686F72 		.ascii	"short int\000"
 1888      7420696E 
 1888      7400
 1889              	.LASF4:
 1890 010a 75696E74 		.ascii	"uint8_t\000"
 1890      385F7400 
 1891              	.LASF72:
 1892 0112 52455345 		.ascii	"RESERVED4\000"
 1892      52564544 
 1892      3400
ARM GAS  /tmp/ccVFWtI7.s 			page 36


 1893              	.LASF36:
 1894 011c 444D4131 		.ascii	"DMA1_Channel4_IRQn\000"
 1894      5F436861 
 1894      6E6E656C 
 1894      345F4952 
 1894      516E00
 1895              	.LASF26:
 1896 012f 464C4153 		.ascii	"FLASH_IRQn\000"
 1896      485F4952 
 1896      516E00
 1897              	.LASF103:
 1898 013a 7274635F 		.ascii	"rtc_lld_set_alarm\000"
 1898      6C6C645F 
 1898      7365745F 
 1898      616C6172 
 1898      6D00
 1899              	.LASF33:
 1900 014c 444D4131 		.ascii	"DMA1_Channel1_IRQn\000"
 1900      5F436861 
 1900      6E6E656C 
 1900      315F4952 
 1900      516E00
 1901              	.LASF17:
 1902 015f 55736167 		.ascii	"UsageFault_IRQn\000"
 1902      65466175 
 1902      6C745F49 
 1902      52516E00 
 1903              	.LASF35:
 1904 016f 444D4131 		.ascii	"DMA1_Channel3_IRQn\000"
 1904      5F436861 
 1904      6E6E656C 
 1904      335F4952 
 1904      516E00
 1905              	.LASF107:
 1906 0182 7274635F 		.ascii	"rtc_lld_set_callback\000"
 1906      6C6C645F 
 1906      7365745F 
 1906      63616C6C 
 1906      6261636B 
 1907              	.LASF61:
 1908 0197 55534152 		.ascii	"USART3_IRQn\000"
 1908      54335F49 
 1908      52516E00 
 1909              	.LASF11:
 1910 01a3 6C6F6E67 		.ascii	"long long int\000"
 1910      206C6F6E 
 1910      6720696E 
 1910      7400
 1911              	.LASF59:
 1912 01b1 55534152 		.ascii	"USART1_IRQn\000"
 1912      54315F49 
 1912      52516E00 
 1913              	.LASF100:
 1914 01bd 7274635F 		.ascii	"rtc_lld_get_time\000"
 1914      6C6C645F 
 1914      6765745F 
 1914      74696D65 
ARM GAS  /tmp/ccVFWtI7.s 			page 37


 1914      00
 1915              	.LASF22:
 1916 01ce 57574447 		.ascii	"WWDG_IRQn\000"
 1916      5F495251 
 1916      6E00
 1917              	.LASF90:
 1918 01d8 72746361 		.ascii	"rtcalarm_t\000"
 1918      6C61726D 
 1918      5F7400
 1919              	.LASF8:
 1920 01e3 6C6F6E67 		.ascii	"long int\000"
 1920      20696E74 
 1920      00
 1921              	.LASF98:
 1922 01ec 72746370 		.ascii	"rtcp\000"
 1922      00
 1923              	.LASF88:
 1924 01f1 74765F6D 		.ascii	"tv_msec\000"
 1924      73656300 
 1925              	.LASF53:
 1926 01f9 49324331 		.ascii	"I2C1_EV_IRQn\000"
 1926      5F45565F 
 1926      4952516E 
 1926      00
 1927              	.LASF89:
 1928 0206 52544341 		.ascii	"RTCAlarm\000"
 1928      6C61726D 
 1928      00
 1929              	.LASF40:
 1930 020f 41444331 		.ascii	"ADC1_2_IRQn\000"
 1930      5F325F49 
 1930      52516E00 
 1931              	.LASF93:
 1932 021b 5254435F 		.ascii	"RTC_EVENT_OVERFLOW\000"
 1932      4556454E 
 1932      545F4F56 
 1932      4552464C 
 1932      4F5700
 1933              	.LASF95:
 1934 022e 72746363 		.ascii	"rtccb_t\000"
 1934      625F7400 
 1935              	.LASF91:
 1936 0236 5254435F 		.ascii	"RTC_EVENT_SECOND\000"
 1936      4556454E 
 1936      545F5345 
 1936      434F4E44 
 1936      00
 1937              	.LASF52:
 1938 0247 54494D34 		.ascii	"TIM4_IRQn\000"
 1938      5F495251 
 1938      6E00
 1939              	.LASF114:
 1940 0251 7274635F 		.ascii	"rtc_lld_init\000"
 1940      6C6C645F 
 1940      696E6974 
 1940      00
 1941              	.LASF97:
ARM GAS  /tmp/ccVFWtI7.s 			page 38


 1942 025e 7274635F 		.ascii	"rtc_lld_set_time\000"
 1942      6C6C645F 
 1942      7365745F 
 1942      74696D65 
 1942      00
 1943              	.LASF16:
 1944 026f 42757346 		.ascii	"BusFault_IRQn\000"
 1944      61756C74 
 1944      5F495251 
 1944      6E00
 1945              	.LASF55:
 1946 027d 49324332 		.ascii	"I2C2_EV_IRQn\000"
 1946      5F45565F 
 1946      4952516E 
 1946      00
 1947              	.LASF2:
 1948 028a 756E7369 		.ascii	"unsigned char\000"
 1948      676E6564 
 1948      20636861 
 1948      7200
 1949              	.LASF49:
 1950 0298 54494D31 		.ascii	"TIM1_CC_IRQn\000"
 1950      5F43435F 
 1950      4952516E 
 1950      00
 1951              	.LASF106:
 1952 02a5 7274635F 		.ascii	"rtc_lld_get_alarm\000"
 1952      6C6C645F 
 1952      6765745F 
 1952      616C6172 
 1952      6D00
 1953              	.LASF15:
 1954 02b7 4D656D6F 		.ascii	"MemoryManagement_IRQn\000"
 1954      72794D61 
 1954      6E616765 
 1954      6D656E74 
 1954      5F495251 
 1955              	.LASF56:
 1956 02cd 49324332 		.ascii	"I2C2_ER_IRQn\000"
 1956      5F45525F 
 1956      4952516E 
 1956      00
 1957              	.LASF63:
 1958 02da 5254435F 		.ascii	"RTC_Alarm_IRQn\000"
 1958      416C6172 
 1958      6D5F4952 
 1958      516E00
 1959              	.LASF1:
 1960 02e9 7369676E 		.ascii	"signed char\000"
 1960      65642063 
 1960      68617200 
 1961              	.LASF101:
 1962 02f5 666C6167 		.ascii	"flags\000"
 1962      7300
 1963              	.LASF12:
 1964 02fb 6C6F6E67 		.ascii	"long long unsigned int\000"
 1964      206C6F6E 
ARM GAS  /tmp/ccVFWtI7.s 			page 39


 1964      6720756E 
 1964      7369676E 
 1964      65642069 
 1965              	.LASF9:
 1966 0312 75696E74 		.ascii	"uint32_t\000"
 1966      33325F74 
 1966      00
 1967              	.LASF30:
 1968 031b 45585449 		.ascii	"EXTI2_IRQn\000"
 1968      325F4952 
 1968      516E00
 1969              	.LASF0:
 1970 0326 756E7369 		.ascii	"unsigned int\000"
 1970      676E6564 
 1970      20696E74 
 1970      00
 1971              	.LASF5:
 1972 0333 75696E74 		.ascii	"uint16_t\000"
 1972      31365F74 
 1972      00
 1973              	.LASF104:
 1974 033c 616C6172 		.ascii	"alarm\000"
 1974      6D00
 1975              	.LASF28:
 1976 0342 45585449 		.ascii	"EXTI0_IRQn\000"
 1976      305F4952 
 1976      516E00
 1977              	.LASF10:
 1978 034d 6C6F6E67 		.ascii	"long unsigned int\000"
 1978      20756E73 
 1978      69676E65 
 1978      6420696E 
 1978      7400
 1979              	.LASF20:
 1980 035f 50656E64 		.ascii	"PendSV_IRQn\000"
 1980      53565F49 
 1980      52516E00 
 1981              	.LASF18:
 1982 036b 53564361 		.ascii	"SVCall_IRQn\000"
 1982      6C6C5F49 
 1982      52516E00 
 1983              	.LASF45:
 1984 0377 45585449 		.ascii	"EXTI9_5_IRQn\000"
 1984      395F355F 
 1984      4952516E 
 1984      00
 1985              	.LASF62:
 1986 0384 45585449 		.ascii	"EXTI15_10_IRQn\000"
 1986      31355F31 
 1986      305F4952 
 1986      516E00
 1987              	.LASF41:
 1988 0393 5553425F 		.ascii	"USB_HP_CAN1_TX_IRQn\000"
 1988      48505F43 
 1988      414E315F 
 1988      54585F49 
 1988      52516E00 
ARM GAS  /tmp/ccVFWtI7.s 			page 40


 1989              	.LASF6:
 1990 03a7 73686F72 		.ascii	"short unsigned int\000"
 1990      7420756E 
 1990      7369676E 
 1990      65642069 
 1990      6E7400
 1991              	.LASF13:
 1992 03ba 63686172 		.ascii	"char\000"
 1992      00
 1993              	.LASF7:
 1994 03bf 696E7433 		.ascii	"int32_t\000"
 1994      325F7400 
 1995              	.LASF58:
 1996 03c7 53504932 		.ascii	"SPI2_IRQn\000"
 1996      5F495251 
 1996      6E00
 1997              	.LASF102:
 1998 03d1 74696D65 		.ascii	"time_frac\000"
 1998      5F667261 
 1998      6300
 1999              	.LASF96:
 2000 03db 56656374 		.ascii	"Vector4C\000"
 2000      6F723443 
 2000      00
 2001              	.LASF46:
 2002 03e4 54494D31 		.ascii	"TIM1_BRK_IRQn\000"
 2002      5F42524B 
 2002      5F495251 
 2002      6E00
 2003              	.LASF34:
 2004 03f2 444D4131 		.ascii	"DMA1_Channel2_IRQn\000"
 2004      5F436861 
 2004      6E6E656C 
 2004      325F4952 
 2004      516E00
 2005              	.LASF50:
 2006 0405 54494D32 		.ascii	"TIM2_IRQn\000"
 2006      5F495251 
 2006      6E00
 2007              	.LASF83:
 2008 040f 5254435F 		.ascii	"RTC_TypeDef\000"
 2008      54797065 
 2008      44656600 
 2009              	.LASF75:
 2010 041b 434E5448 		.ascii	"CNTH\000"
 2010      00
 2011              	.LASF43:
 2012 0420 43414E31 		.ascii	"CAN1_RX1_IRQn\000"
 2012      5F525831 
 2012      5F495251 
 2012      6E00
 2013              	.LASF65:
 2014 042e 52455345 		.ascii	"RESERVED0\000"
 2014      52564544 
 2014      3000
 2015              	.LASF66:
 2016 0438 52455345 		.ascii	"RESERVED1\000"
ARM GAS  /tmp/ccVFWtI7.s 			page 41


 2016      52564544 
 2016      3100
 2017              	.LASF68:
 2018 0442 52455345 		.ascii	"RESERVED2\000"
 2018      52564544 
 2018      3200
 2019              	.LASF70:
 2020 044c 52455345 		.ascii	"RESERVED3\000"
 2020      52564544 
 2020      3300
 2021              	.LASF37:
 2022 0456 444D4131 		.ascii	"DMA1_Channel5_IRQn\000"
 2022      5F436861 
 2022      6E6E656C 
 2022      355F4952 
 2022      516E00
 2023              	.LASF74:
 2024 0469 52455345 		.ascii	"RESERVED5\000"
 2024      52564544 
 2024      3500
 2025              	.LASF76:
 2026 0473 52455345 		.ascii	"RESERVED6\000"
 2026      52564544 
 2026      3600
 2027              	.LASF78:
 2028 047d 52455345 		.ascii	"RESERVED7\000"
 2028      52564544 
 2028      3700
 2029              	.LASF80:
 2030 0487 52455345 		.ascii	"RESERVED8\000"
 2030      52564544 
 2030      3800
 2031              	.LASF82:
 2032 0491 52455345 		.ascii	"RESERVED9\000"
 2032      52564544 
 2032      3900
 2033              	.LASF84:
 2034 049b 52544344 		.ascii	"RTCDriver\000"
 2034      72697665 
 2034      7200
 2035              	.LASF25:
 2036 04a5 5254435F 		.ascii	"RTC_IRQn\000"
 2036      4952516E 
 2036      00
 2037              	.LASF48:
 2038 04ae 54494D31 		.ascii	"TIM1_TRG_COM_IRQn\000"
 2038      5F545247 
 2038      5F434F4D 
 2038      5F495251 
 2038      6E00
 2039              	.LASF14:
 2040 04c0 4E6F6E4D 		.ascii	"NonMaskableInt_IRQn\000"
 2040      61736B61 
 2040      626C6549 
 2040      6E745F49 
 2040      52516E00 
 2041              	.LASF77:
ARM GAS  /tmp/ccVFWtI7.s 			page 42


 2042 04d4 434E544C 		.ascii	"CNTL\000"
 2042      00
 2043              	.LASF60:
 2044 04d9 55534152 		.ascii	"USART2_IRQn\000"
 2044      54325F49 
 2044      52516E00 
 2045              	.LASF47:
 2046 04e5 54494D31 		.ascii	"TIM1_UP_IRQn\000"
 2046      5F55505F 
 2046      4952516E 
 2046      00
 2047              	.LASF92:
 2048 04f2 5254435F 		.ascii	"RTC_EVENT_ALARM\000"
 2048      4556454E 
 2048      545F414C 
 2048      41524D00 
 2049              	.LASF39:
 2050 0502 444D4131 		.ascii	"DMA1_Channel7_IRQn\000"
 2050      5F436861 
 2050      6E6E656C 
 2050      375F4952 
 2050      516E00
 2051              	.LASF31:
 2052 0515 45585449 		.ascii	"EXTI3_IRQn\000"
 2052      335F4952 
 2052      516E00
 2053              	.LASF99:
 2054 0520 74696D65 		.ascii	"timespec\000"
 2054      73706563 
 2054      00
 2055              	.LASF79:
 2056 0529 414C5248 		.ascii	"ALRH\000"
 2056      00
 2057              	.LASF81:
 2058 052e 414C524C 		.ascii	"ALRL\000"
 2058      00
 2059              	.LASF108:
 2060 0533 49544D5F 		.ascii	"ITM_RxBuffer\000"
 2060      52784275 
 2060      66666572 
 2060      00
 2061              	.LASF112:
 2062 0540 2F686F6D 		.ascii	"/home/z80/projects/dfu.git/firmware-pawn-dev/firmwa"
 2062      652F7A38 
 2062      302F7072 
 2062      6F6A6563 
 2062      74732F64 
 2063 0573 726500   		.ascii	"re\000"
 2064              	.LASF54:
 2065 0576 49324331 		.ascii	"I2C1_ER_IRQn\000"
 2065      5F45525F 
 2065      4952516E 
 2065      00
 2066              	.LASF51:
 2067 0583 54494D33 		.ascii	"TIM3_IRQn\000"
 2067      5F495251 
 2067      6E00
ARM GAS  /tmp/ccVFWtI7.s 			page 43


 2068              	.LASF113:
 2069 058d 4952516E 		.ascii	"IRQn\000"
 2069      00
 2070              	.LASF64:
 2071 0592 5553425F 		.ascii	"USB_FS_WKUP_IRQn\000"
 2071      46535F57 
 2071      4B55505F 
 2071      4952516E 
 2071      00
 2072              	.LASF67:
 2073 05a3 50524C48 		.ascii	"PRLH\000"
 2073      00
 2074              	.LASF85:
 2075 05a8 63616C6C 		.ascii	"callback\000"
 2075      6261636B 
 2075      00
 2076              	.LASF105:
 2077 05b1 616C6172 		.ascii	"alarmspec\000"
 2077      6D737065 
 2077      6300
 2078              		.ident	"GCC: (Sourcery G++ Lite 2011.03-42) 4.5.2"
ARM GAS  /tmp/ccVFWtI7.s 			page 44


DEFINED SYMBOLS
                            *ABS*:00000000 rtc_lld.c
     /tmp/ccVFWtI7.s:24     .text.Vector4C:00000000 $t
     /tmp/ccVFWtI7.s:29     .text.Vector4C:00000000 Vector4C
     /tmp/ccVFWtI7.s:101    .text.Vector4C:00000058 $d
     /tmp/ccVFWtI7.s:107    .text.rtc_lld_init:00000000 $t
     /tmp/ccVFWtI7.s:112    .text.rtc_lld_init:00000000 rtc_lld_init
     /tmp/ccVFWtI7.s:183    .text.rtc_lld_init:00000060 $d
     /tmp/ccVFWtI7.s:189    .text.rtc_lld_set_time:00000000 $t
     /tmp/ccVFWtI7.s:194    .text.rtc_lld_set_time:00000000 rtc_lld_set_time
     /tmp/ccVFWtI7.s:231    .text.rtc_lld_set_time:0000002c $d
     /tmp/ccVFWtI7.s:236    .text.rtc_lld_get_time:00000000 $t
     /tmp/ccVFWtI7.s:241    .text.rtc_lld_get_time:00000000 rtc_lld_get_time
     /tmp/ccVFWtI7.s:302    .text.rtc_lld_get_time:00000048 $d
     /tmp/ccVFWtI7.s:309    .text.rtc_lld_set_alarm:00000000 $t
     /tmp/ccVFWtI7.s:314    .text.rtc_lld_set_alarm:00000000 rtc_lld_set_alarm
     /tmp/ccVFWtI7.s:361    .text.rtc_lld_set_alarm:00000034 $d
     /tmp/ccVFWtI7.s:366    .text.rtc_lld_get_alarm:00000000 $t
     /tmp/ccVFWtI7.s:371    .text.rtc_lld_get_alarm:00000000 rtc_lld_get_alarm
     /tmp/ccVFWtI7.s:398    .text.rtc_lld_get_alarm:00000018 $d
     /tmp/ccVFWtI7.s:403    .text.rtc_lld_set_callback:00000000 $t
     /tmp/ccVFWtI7.s:408    .text.rtc_lld_set_callback:00000000 rtc_lld_set_callback
     /tmp/ccVFWtI7.s:451    .text.rtc_lld_set_callback:00000034 $d
     /tmp/ccVFWtI7.s:461    .bss.RTCD1:00000000 RTCD1
     /tmp/ccVFWtI7.s:457    .bss.RTCD1:00000000 $d
                     .debug_frame:00000010 $d

UNDEFINED SYMBOLS
dbg_check_enter_isr
dbg_check_leave_isr
_port_irq_epilogue
nvicEnableVector
